loading weight: /home/nvidia/caffe-build/models/bvlc_reference_caffenet/bvlc_reference_caffenet.caffemodel
loading prototxt: /home/nvidia/caffe-build/models/bvlc_reference_caffenet/deploy.prototxt
=============raw.size: 14112
---------- Prediction for /home/nvidia/caffe-build/examples/images/cat.jpg ----------
*********************
userspace
userspace
GPU freq: 1211250000
userspace
GPU freq: 1211250000
EMC freq: 1866000000
*********************
Latency(us)/Energy(mJ): 8 0 0 0 0 
Latency(us)/Energy(mJ): 4918 21.1479 1.19669 5.19555 7.05171 
Latency(us)/Energy(mJ): 119 0 0 0 0 
Latency(us)/Energy(mJ): 350 2.49137 0.210138 0.588057 0.811397 
Latency(us)/Energy(mJ): 398 1.24606 0.104706 0.293013 0.404298 
Latency(us)/Energy(mJ): 2315 10.7546 1.12718 2.47441 3.42774 
Latency(us)/Energy(mJ): 171 1.68073 0.21165 0.370302 0.517868 
Latency(us)/Energy(mJ): 414 1.38338 0.194352 0.30242 0.422936 
Latency(us)/Energy(mJ): 418 2.50117 0.350095 0.544762 0.761852 
Latency(us)/Energy(mJ): 2438 11.7996 1.69183 2.53716 3.54823 
Latency(us)/Energy(mJ): 97 1.3673 0.205323 0.287668 0.402304 
Latency(us)/Energy(mJ): 1640 8.31615 1.39875 1.72793 2.42164 
Latency(us)/Energy(mJ): 96 0 0 0 0 
Latency(us)/Energy(mJ): 1425 7.15422 1.2788 1.44433 2.03019 
Latency(us)/Energy(mJ): 104 1.47739 0.27399 0.295258 0.418167 
Latency(us)/Energy(mJ): 181 0.920563 0.170723 0.183975 0.25729 
Latency(us)/Energy(mJ): 3262 17.4211 3.24887 3.47831 4.93072 
Latency(us)/Energy(mJ): 109 0 0 0 0 
Latency(us)/Energy(mJ): 14 1.49905 0.293334 0.293334 0.436296 
Latency(us)/Energy(mJ): 4607 26.3583 5.59502 4.74544 7.73519 
Latency(us)/Energy(mJ): 101 1.74006 0.398025 0.293166 0.514687 
Latency(us)/Energy(mJ): 12 0 0 0 0 
Latency(us)/Energy(mJ): 2079 12.5427 2.96746 2.04607 3.72266 
Latency(us)/Energy(mJ): 664 4.66135 1.13182 0.736813 1.38601 
########### _slack -25910
**********24
====> Exec_us: 311472
====> Classify one image (mJ): 0
userspace
userspace
GPU freq: 1211250000
userspace
GPU freq: 1211250000
EMC freq: 1866000000
##############12649 26
Latency(us)/Energy(mJ): 4 113.216 27.1981 18.1208 33.442 
userspace
userspace
GPU freq: 1300500000
userspace
GPU freq: 1300500000
EMC freq: 1866000000
##############12711 1.60771
Latency(us)/Energy(mJ): 1647 59.4927 13.6712 9.5618 17.4673 
userspace
userspace
GPU freq: 1300500000
userspace
GPU freq: 1300500000
EMC freq: 1866000000
##############12720 10.4049
Latency(us)/Energy(mJ): 99 125.717 29.2298 20.4437 36.8945 
userspace
userspace
GPU freq: 1300500000
userspace
GPU freq: 1300500000
EMC freq: 1866000000
##############12720 854
Latency(us)/Energy(mJ): 56 26.5133 5.9218 4.36171 7.81269 
userspace
userspace
GPU freq: 1300500000
userspace
GPU freq: 1300500000
EMC freq: 1866000000
##############12738 5.45449
Latency(us)/Energy(mJ): 121 104.825 23.6698 17.434 30.9127 
userspace
userspace
GPU freq: 0
EMC freq: 1866000000
##############12794 1.78064
Latency(us)/Energy(mJ): 1816 143.036 31.4274 24.1092 42.0469 
userspace
userspace
GPU freq: 0
EMC freq: 1866000000
##############12798 20.7279
Latency(us)/Energy(mJ): 103 162.62 35.4514 27.8821 47.6655 
userspace
userspace
GPU freq: 0
EMC freq: 1866000000
##############12814 6.0047
Latency(us)/Energy(mJ): 57 0 0 0 0 
userspace
userspace
GPU freq: 0
EMC freq: 1866000000
##############12834 4.80341
Latency(us)/Energy(mJ): 134 82.4077 17.4758 14.4037 24.2263 
userspace
userspace
GPU freq: 140250000
userspace
GPU freq: 140250000
EMC freq: 1866000000
##############12880 2.17009
Latency(us)/Energy(mJ): 1547 167.117 34.5921 29.6615 49.0803 
userspace
userspace
GPU freq: 140250000
userspace
GPU freq: 140250000
EMC freq: 1866000000
##############12885 19.2919
Latency(us)/Energy(mJ): 87 47.1362 9.64102 8.44082 13.8463 
userspace
userspace
GPU freq: 140250000
userspace
GPU freq: 140250000
EMC freq: 1866000000
##############12926 2.41561
Latency(us)/Energy(mJ): 1302 100.66 20.4567 18.126 29.4004 
userspace
userspace
GPU freq: 140250000
userspace
GPU freq: 140250000
EMC freq: 1866000000
##############12933 13.0023
Latency(us)/Energy(mJ): 124 129.907 25.7024 24.0193 37.9157 
userspace
userspace
GPU freq: 497250000
userspace
GPU freq: 497250000
EMC freq: 1866000000
##############12969 2.77071
Latency(us)/Energy(mJ): 1095 143.667 28.1081 26.8709 41.8933 
userspace
userspace
GPU freq: 497250000
userspace
GPU freq: 497250000
EMC freq: 1866000000
##############12974 17.1014
Latency(us)/Energy(mJ): 90 50.8801 9.50903 10.1916 14.8113 
userspace
userspace
GPU freq: 497250000
userspace
GPU freq: 497250000
EMC freq: 1866000000
##############12985 8.48574
Latency(us)/Energy(mJ): 105 132.362 25.0039 25.7074 38.4766 
userspace
userspace
GPU freq: 675750000
userspace
GPU freq: 675750000
EMC freq: 1866000000
##############13021 2.71387
Latency(us)/Energy(mJ): 129 80.2074 14.2015 16.3918 23.2778 
userspace
userspace
GPU freq: 675750000
userspace
GPU freq: 675750000
EMC freq: 1866000000
##############13034 7.37843
Latency(us)/Energy(mJ): 91 57.4895 10.4567 11.7488 16.8129 
userspace
userspace
GPU freq: 675750000
userspace
GPU freq: 675750000
EMC freq: 1866000000
##############13035 56.6697
Latency(us)/Energy(mJ): 10 162.774 30.1803 33.3287 47.4169 
userspace
userspace
GPU freq: 675750000
userspace
GPU freq: 675750000
EMC freq: 1866000000
##############13067 3.06623
Latency(us)/Energy(mJ): 155 81.2512 14.636 16.721 23.7539 
userspace
userspace
GPU freq: 675750000
userspace
GPU freq: 675750000
EMC freq: 1866000000
##############13078 8.33939
Latency(us)/Energy(mJ): 94 112.328 20.0498 23.4118 32.8583 
userspace
userspace
GPU freq: 675750000
userspace
GPU freq: 675750000
EMC freq: 1866000000
##############13079 69.8995
Latency(us)/Energy(mJ): 11 119.724 20.1273 25.1591 34.9742 
userspace
userspace
GPU freq: 854250000
userspace
GPU freq: 854250000
EMC freq: 1866000000
##############13107 3.49719
Latency(us)/Energy(mJ): 138 87.5989 14.809 18.5112 25.4519 
userspace
userspace
GPU freq: 854250000
userspace
GPU freq: 854250000
EMC freq: 1866000000
##############13107 125493
Latency(us)/Energy(mJ): 185 48.3368 8.16156 10.202 13.9976 
**********24
====> Exec_us: 400387
====> Classify one image (mJ): 1.84467e+13
userspace
userspace
GPU freq: 854250000
userspace
GPU freq: 854250000
EMC freq: 1866000000
##############13110 26
Latency(us)/Energy(mJ): 3 35.4767 5.79623 7.51006 10.3042 
userspace
userspace
GPU freq: 854250000
userspace
GPU freq: 854250000
EMC freq: 1866000000
##############13172 1.60771
Latency(us)/Energy(mJ): 1650 142.984 22.3675 31.4225 41.4522 
userspace
userspace
GPU freq: 854250000
userspace
GPU freq: 854250000
EMC freq: 1866000000
##############13181 10.4049
Latency(us)/Energy(mJ): 84 48.2052 7.57008 11.0127 13.9866 
userspace
userspace
GPU freq: 854250000
userspace
GPU freq: 854250000
EMC freq: 1866000000
##############13181 854
Latency(us)/Energy(mJ): 77 0 0 0 0 
userspace
userspace
GPU freq: 1032750000
userspace
GPU freq: 1032750000
EMC freq: 1866000000
##############13199 5.45449
Latency(us)/Energy(mJ): 175 144.115 22.7438 33.0869 41.6228 
userspace
userspace
GPU freq: 1032750000
userspace
GPU freq: 1032750000
EMC freq: 1866000000
##############13255 1.78064
Latency(us)/Energy(mJ): 1794 119.075 17.2797 27.6746 34.3925 
userspace
userspace
GPU freq: 1032750000
userspace
GPU freq: 1032750000
EMC freq: 1866000000
##############13259 20.7279
Latency(us)/Energy(mJ): 95 134.561 19.5465 31.3052 38.5373 
userspace
userspace
GPU freq: 1211250000
userspace
GPU freq: 1211250000
EMC freq: 1866000000
##############13275 6.0047
Latency(us)/Energy(mJ): 164 121.38 17.9183 28.6974 34.8377 
userspace
userspace
GPU freq: 1211250000
userspace
GPU freq: 1211250000
EMC freq: 1866000000
##############13295 4.80341
Latency(us)/Energy(mJ): 120 75.6142 10.9889 18.0868 21.8315 
userspace
userspace
GPU freq: 1211250000
userspace
GPU freq: 1211250000
EMC freq: 1866000000
##############13341 2.17009
Latency(us)/Energy(mJ): 1538 125.13 16.9187 30.0942 35.9832 
userspace
userspace
GPU freq: 1211250000
userspace
GPU freq: 1211250000
EMC freq: 1866000000
##############13346 19.2919
Latency(us)/Energy(mJ): 69 0 0 0 0 
userspace
userspace
GPU freq: 1300500000
userspace
GPU freq: 1300500000
EMC freq: 1866000000
##############13387 2.41561
Latency(us)/Energy(mJ): 1315 48.4677 6.55329 11.6567 13.8888 
userspace
userspace
GPU freq: 1300500000
userspace
GPU freq: 1300500000
EMC freq: 1866000000
##############13394 13.0023
Latency(us)/Energy(mJ): 95 100.601 13.6617 24.3007 28.9025 
userspace
userspace
GPU freq: 1300500000
userspace
GPU freq: 1300500000
EMC freq: 1866000000
##############13430 2.77071
Latency(us)/Energy(mJ): 1102 74.6767 10.1731 18.0954 21.2791 
userspace
userspace
GPU freq: 1300500000
userspace
GPU freq: 1300500000
EMC freq: 1866000000
##############13435 17.1014
Latency(us)/Energy(mJ): 92 41.8418 5.70004 10.1389 11.9228 
userspace
userspace
GPU freq: 0
EMC freq: 1866000000
##############13446 8.48574
Latency(us)/Energy(mJ): 166 231.966 30.9571 56.9195 66.2547 
userspace
userspace
GPU freq: 0
EMC freq: 1866000000
##############13482 2.71387
Latency(us)/Energy(mJ): 140 71.7216 8.96154 17.9231 20.6632 
userspace
userspace
GPU freq: 0
EMC freq: 1866000000
##############13495 7.37843
Latency(us)/Energy(mJ): 86 44.1865 5.71468 11.0261 12.8959 
userspace
userspace
GPU freq: 0
EMC freq: 1866000000
##############13496 56.6697
Latency(us)/Energy(mJ): 11 65.6091 9.07458 16.1414 18.9813 
userspace
userspace
GPU freq: 140250000
userspace
GPU freq: 140250000
EMC freq: 1866000000
##############13528 3.06623
Latency(us)/Energy(mJ): 191 231.733 29.2123 57.6026 66.6736 
userspace
userspace
GPU freq: 140250000
userspace
GPU freq: 140250000
EMC freq: 1866000000
##############13539 8.33939
Latency(us)/Energy(mJ): 95 115.723 14.5296 29.0592 33.72 
userspace
userspace
GPU freq: 140250000
userspace
GPU freq: 140250000
EMC freq: 1866000000
##############13540 69.8995
Latency(us)/Energy(mJ): 11 149.562 18.8665 37.7329 43.1983 
userspace
userspace
GPU freq: 140250000
userspace
GPU freq: 140250000
EMC freq: 1866000000
##############13568 3.49719
Latency(us)/Energy(mJ): 131 106.168 12.4316 26.95 30.8535 
userspace
userspace
GPU freq: 140250000
userspace
GPU freq: 140250000
EMC freq: 1866000000
##############13568 125493
Latency(us)/Energy(mJ): 175 13.4455 1.49146 3.41305 3.90741 
**********24
====> Exec_us: 448545
====> Classify one image (mJ): 1.84467e+13
userspace
userspace
GPU freq: 140250000
userspace
GPU freq: 140250000
EMC freq: 1866000000
##############13571 26
Latency(us)/Energy(mJ): 4 82.2723 9.09829 20.8204 23.8362 
userspace
userspace
GPU freq: 497250000
userspace
GPU freq: 497250000
EMC freq: 1866000000
##############13633 1.60771
Latency(us)/Energy(mJ): 1669 99.2083 11.0533 25.2942 28.7395 
userspace
userspace
GPU freq: 497250000
userspace
GPU freq: 497250000
EMC freq: 1866000000
##############13642 10.4049
Latency(us)/Energy(mJ): 97 76.227 8.51143 19.4775 21.9958 
userspace
userspace
GPU freq: 497250000
userspace
GPU freq: 497250000
EMC freq: 1866000000
##############13642 854
Latency(us)/Energy(mJ): 45 0 0 0 0 
userspace
userspace
GPU freq: 497250000
userspace
GPU freq: 497250000
EMC freq: 1866000000
##############13660 5.45449
Latency(us)/Energy(mJ): 57 13.0719 1.46156 3.34461 3.77706 
userspace
userspace
GPU freq: 675750000
userspace
GPU freq: 675750000
EMC freq: 1866000000
##############13716 1.78064
Latency(us)/Energy(mJ): 1941 219.257 24.6542 57.0746 63.2212 
userspace
userspace
GPU freq: 675750000
userspace
GPU freq: 675750000
EMC freq: 1866000000
##############13720 20.7279
Latency(us)/Energy(mJ): 92 127.461 14.4538 33.0759 36.8111 
userspace
userspace
GPU freq: 675750000
userspace
GPU freq: 675750000
EMC freq: 1866000000
##############13736 6.0047
Latency(us)/Energy(mJ): 101 92.2205 10.5502 24.1431 26.6447 
userspace
userspace
GPU freq: 675750000
userspace
GPU freq: 675750000
EMC freq: 1866000000
##############13756 4.80341
Latency(us)/Energy(mJ): 139 129.164 14.1583 34.0718 37.3898 
userspace
userspace
GPU freq: 854250000
userspace
GPU freq: 854250000
EMC freq: 1866000000
##############13802 2.17009
Latency(us)/Energy(mJ): 1774 85.8029 8.50048 22.6803 24.889 
userspace
userspace
GPU freq: 854250000
userspace
GPU freq: 854250000
EMC freq: 1866000000
##############13807 19.2919
Latency(us)/Energy(mJ): 110 190.488 18.9658 50.603 55.3188 
userspace
userspace
GPU freq: 854250000
userspace
GPU freq: 854250000
EMC freq: 1866000000
##############13848 2.41561
Latency(us)/Energy(mJ): 1326 46.1919 4.65374 12.4167 13.4328 
userspace
userspace
GPU freq: 854250000
userspace
GPU freq: 854250000
EMC freq: 1866000000
##############13855 13.0023
Latency(us)/Energy(mJ): 101 101.412 10.1474 27.0746 29.2902 
userspace
userspace
GPU freq: 1032750000
userspace
GPU freq: 1032750000
EMC freq: 1866000000
##############13891 2.77071
Latency(us)/Energy(mJ): 1098 42.6209 4.28047 11.4208 12.3554 
userspace
userspace
GPU freq: 1032750000
userspace
GPU freq: 1032750000
EMC freq: 1866000000
##############13896 17.1014
Latency(us)/Energy(mJ): 86 82.212 8.24904 22.0094 23.8105 
userspace
userspace
GPU freq: 1032750000
userspace
GPU freq: 1032750000
EMC freq: 1866000000
##############13907 8.48574
Latency(us)/Energy(mJ): 103 61.2028 6.16605 16.4518 17.7981 
userspace
userspace
GPU freq: 1032750000
userspace
GPU freq: 1032750000
EMC freq: 1866000000
##############13943 2.71387
Latency(us)/Energy(mJ): 137 97.0935 9.78196 26.0995 27.9292 
userspace
userspace
GPU freq: 1211250000
userspace
GPU freq: 1211250000
EMC freq: 1866000000
##############13956 7.37843
Latency(us)/Energy(mJ): 123 176.083 18.9724 46.1782 50.6829 
userspace
userspace
GPU freq: 1211250000
userspace
GPU freq: 1211250000
EMC freq: 1866000000
##############13957 56.6697
Latency(us)/Energy(mJ): 10 114.41 11.3346 30.2421 33.1871 
userspace
userspace
GPU freq: 1211250000
userspace
GPU freq: 1211250000
EMC freq: 1866000000
##############13989 3.06623
Latency(us)/Energy(mJ): 131 94.2684 9.39999 25.0803 27.3484 
userspace
userspace
GPU freq: 1211250000
userspace
GPU freq: 1211250000
EMC freq: 1866000000
##############14000 8.33939
Latency(us)/Energy(mJ): 94 114.131 11.3071 30.1687 33.1066 
userspace
userspace
GPU freq: 1211250000
userspace
GPU freq: 1211250000
EMC freq: 1866000000
##############14001 69.8995
Latency(us)/Energy(mJ): 11 69.8565 6.95473 18.5561 20.1956 
userspace
userspace
GPU freq: 1300500000
userspace
GPU freq: 1300500000
EMC freq: 1866000000
##############14029 3.49719
Latency(us)/Energy(mJ): 193 157.455 15.7479 42.0172 45.4556 
userspace
userspace
GPU freq: 1300500000
userspace
GPU freq: 1300500000
EMC freq: 1866000000
##############14029 125493
Latency(us)/Energy(mJ): 265 0 0 0 0 
**********24
====> Exec_us: 496590
====> Classify one image (mJ): 1.84467e+13
userspace
userspace
GPU freq: 1300500000
userspace
GPU freq: 1300500000
EMC freq: 1866000000
##############14032 26
Latency(us)/Energy(mJ): 4 91.4744 9.25847 24.7027 26.7242 
userspace
userspace
GPU freq: 1300500000
userspace
GPU freq: 1300500000
EMC freq: 1866000000
##############14094 1.60771
Latency(us)/Energy(mJ): 1701 153.545 13.1839 41.4246 44.6454 
userspace
userspace
GPU freq: 1300500000
userspace
GPU freq: 1300500000
EMC freq: 1866000000
##############14103 10.4049
Latency(us)/Energy(mJ): 96 63.5222 5.38276 17.2192 18.6283 
userspace
userspace
GPU freq: 1300500000
userspace
GPU freq: 1300500000
EMC freq: 1866000000
##############14103 854
Latency(us)/Energy(mJ): 45 13.0777 1.10818 3.54502 3.83512 
userspace
userspace
GPU freq: 1300500000
userspace
GPU freq: 1300500000
EMC freq: 1866000000
##############14111 5.45449
Latency(us)/Energy(mJ): 155 136.84 11.5956 37.0938 39.6838 
userspace
userspace
GPU freq: 1300500000
userspace
GPU freq: 1300500000
EMC freq: 1866000000
##############14111 1.78064
Latency(us)/Energy(mJ): 1615 10.134 0.858736 2.74706 2.92914 
userspace
userspace
GPU freq: 1300500000
userspace
GPU freq: 1300500000
EMC freq: 1866000000
##############14111 20.7279
Latency(us)/Energy(mJ): 51 0 0 0 0 
userspace
userspace
GPU freq: 1300500000
userspace
GPU freq: 1300500000
EMC freq: 1866000000
##############14111 6.0047
Latency(us)/Energy(mJ): 39 0 0 0 0 
userspace
userspace
GPU freq: 1300500000
userspace
GPU freq: 1300500000
EMC freq: 1866000000
##############14111 4.80341
Latency(us)/Energy(mJ): 54 0 0 0 0 
userspace
userspace
GPU freq: 1300500000
userspace
GPU freq: 1300500000
EMC freq: 1866000000
##############14111 2.17009
Latency(us)/Energy(mJ): 1209 10.7877 1.08683 2.89981 3.13711 
userspace
userspace
GPU freq: 1300500000
userspace
GPU freq: 1300500000
EMC freq: 1866000000
##############14111 19.2919
Latency(us)/Energy(mJ): 31 0 0 0 0 
userspace
userspace
GPU freq: 1300500000
userspace
GPU freq: 1300500000
EMC freq: 1866000000
##############14111 2.41561
Latency(us)/Energy(mJ): 985 14.9882 1.51003 4.02893 4.35863 
userspace
userspace
GPU freq: 1300500000
userspace
GPU freq: 1300500000
EMC freq: 1866000000
##############14111 13.0023
Latency(us)/Energy(mJ): 26 0 0 0 0 
userspace
userspace
GPU freq: 1300500000
userspace
GPU freq: 1300500000
EMC freq: 1866000000
##############14111 2.77071
Latency(us)/Energy(mJ): 779 0 0 0 0 
userspace
userspace
GPU freq: 1300500000
userspace
GPU freq: 1300500000
EMC freq: 1866000000
##############14111 17.1014
Latency(us)/Energy(mJ): 25 12.1476 1.2137 3.2383 3.5033 
userspace
userspace
GPU freq: 1300500000
userspace
GPU freq: 1300500000
EMC freq: 1866000000
##############14111 8.48574
Latency(us)/Energy(mJ): 29 0 0 0 0 
userspace
userspace
GPU freq: 1300500000
userspace
GPU freq: 1300500000
EMC freq: 1866000000
##############14111 2.71387
Latency(us)/Energy(mJ): 58 0 0 0 0 
userspace
userspace
GPU freq: 1300500000
userspace
GPU freq: 1300500000
EMC freq: 1866000000
##############14111 7.37843
Latency(us)/Energy(mJ): 28 0 0 0 0 
userspace
userspace
GPU freq: 1300500000
userspace
GPU freq: 1300500000
EMC freq: 1866000000
##############14111 56.6697
Latency(us)/Energy(mJ): 5 12.1063 1.20958 3.2273 3.4914 
userspace
userspace
GPU freq: 1300500000
userspace
GPU freq: 1300500000
EMC freq: 1866000000
##############14111 3.06623
Latency(us)/Energy(mJ): 52 0 0 0 0 
userspace
userspace
GPU freq: 1300500000
userspace
GPU freq: 1300500000
EMC freq: 1866000000
##############14111 8.33939
Latency(us)/Energy(mJ): 26 0 0 0 0 
userspace
userspace
GPU freq: 1300500000
userspace
GPU freq: 1300500000
EMC freq: 1866000000
##############14111 69.8995
Latency(us)/Energy(mJ): 3 0 0 0 0 
userspace
userspace
GPU freq: 1300500000
userspace
GPU freq: 1300500000
EMC freq: 1866000000
##############14111 3.49719
Latency(us)/Energy(mJ): 60 10.7254 1.06256 2.83504 3.11112 
userspace
userspace
GPU freq: 1300500000
userspace
GPU freq: 1300500000
EMC freq: 1866000000
##############14111 125493
Latency(us)/Energy(mJ): 163 0 0 0 0 
**********24
====> Exec_us: 129793
====> Classify one image (mJ): 1.84467e+13
userspace
userspace
GPU freq: 1300500000
userspace
GPU freq: 1300500000
EMC freq: 1866000000
##############14111 26
Latency(us)/Energy(mJ): 3 0 0 0 0 
userspace
userspace
GPU freq: 1300500000
userspace
GPU freq: 1300500000
EMC freq: 1866000000
##############14111 1.60771
Latency(us)/Energy(mJ): 1617 0 0 0 0 
userspace
userspace
GPU freq: 1300500000
userspace
GPU freq: 1300500000
EMC freq: 1866000000
##############14111 10.4049
Latency(us)/Energy(mJ): 34 0 0 0 0 
userspace
userspace
GPU freq: 1300500000
userspace
GPU freq: 1300500000
EMC freq: 1866000000
##############14111 854
Latency(us)/Energy(mJ): 34 17.8718 1.99823 4.57272 5.16396 
userspace
userspace
GPU freq: 1300500000
userspace
GPU freq: 1300500000
EMC freq: 1866000000
##############14111 5.45449
Latency(us)/Energy(mJ): 49 0 0 0 0 
userspace
userspace
GPU freq: 1300500000
userspace
GPU freq: 1300500000
EMC freq: 1866000000
##############14111 1.78064
Latency(us)/Energy(mJ): 1457 12.9143 1.44394 3.30429 3.73152 
userspace
userspace
GPU freq: 1300500000
userspace
GPU freq: 1300500000
EMC freq: 1866000000
##############14111 20.7279
Latency(us)/Energy(mJ): 27 0 0 0 0 
userspace
userspace
GPU freq: 1300500000
userspace
GPU freq: 1300500000
EMC freq: 1866000000
##############14111 6.0047
Latency(us)/Energy(mJ): 31 0 0 0 0 
userspace
userspace
GPU freq: 1300500000
userspace
GPU freq: 1300500000
EMC freq: 1866000000
##############14111 4.80341
Latency(us)/Energy(mJ): 50 0 0 0 0 
userspace
userspace
GPU freq: 1300500000
userspace
GPU freq: 1300500000
EMC freq: 1866000000
##############14111 2.17009
Latency(us)/Energy(mJ): 1193 13.1037 1.66314 3.32628 3.75636 
userspace
userspace
GPU freq: 1300500000
userspace
GPU freq: 1300500000
EMC freq: 1866000000
##############14111 19.2919
Latency(us)/Energy(mJ): 27 0 0 0 0 
userspace
userspace
GPU freq: 1300500000
userspace
GPU freq: 1300500000
EMC freq: 1866000000
##############14111 2.41561
Latency(us)/Energy(mJ): 987 13.9317 1.76823 3.53647 3.99372 
userspace
userspace
GPU freq: 1300500000
userspace
GPU freq: 1300500000
EMC freq: 1866000000
##############14111 13.0023
Latency(us)/Energy(mJ): 25 0 0 0 0 
userspace
userspace
GPU freq: 1300500000
userspace
GPU freq: 1300500000
EMC freq: 1866000000
##############14111 2.77071
Latency(us)/Energy(mJ): 782 0 0 0 0 
userspace
userspace
GPU freq: 1300500000
userspace
GPU freq: 1300500000
EMC freq: 1866000000
##############14111 17.1014
Latency(us)/Energy(mJ): 27 0 0 0 0 
userspace
userspace
GPU freq: 1300500000
userspace
GPU freq: 1300500000
EMC freq: 1866000000
##############14111 8.48574
Latency(us)/Energy(mJ): 32 16.4531 2.0719 4.1438 4.67958 
userspace
userspace
GPU freq: 1300500000
userspace
GPU freq: 1300500000
EMC freq: 1866000000
##############14111 2.71387
Latency(us)/Energy(mJ): 56 0 0 0 0 
userspace
userspace
GPU freq: 1300500000
userspace
GPU freq: 1300500000
EMC freq: 1866000000
##############14111 7.37843
Latency(us)/Energy(mJ): 28 0 0 0 0 
userspace
userspace
GPU freq: 1300500000
userspace
GPU freq: 1300500000
EMC freq: 1866000000
##############14111 56.6697
Latency(us)/Energy(mJ): 5 0 0 0 0 
userspace
userspace
GPU freq: 1300500000
userspace
GPU freq: 1300500000
EMC freq: 1866000000
##############14111 3.06623
Latency(us)/Energy(mJ): 54 0 0 0 0 
userspace
userspace
GPU freq: 1300500000
userspace
GPU freq: 1300500000
EMC freq: 1866000000
##############14111 8.33939
Latency(us)/Energy(mJ): 26 0 0 0 0 
userspace
userspace
GPU freq: 1300500000
userspace
GPU freq: 1300500000
EMC freq: 1866000000
##############14111 69.8995
Latency(us)/Energy(mJ): 2 0 0 0 0 
userspace
userspace
GPU freq: 1300500000
userspace
GPU freq: 1300500000
EMC freq: 1866000000
##############14111 3.49719
Latency(us)/Energy(mJ): 52 19.6457 2.47394 4.94788 5.66455 
userspace
userspace
GPU freq: 1300500000
userspace
GPU freq: 1300500000
EMC freq: 1866000000
##############14111 125493
Latency(us)/Energy(mJ): 153 0 0 0 0 
**********24
====> Exec_us: 27370
====> Classify one image (mJ): 1.84467e+13
userspace
userspace
GPU freq: 1300500000
userspace
GPU freq: 1300500000
EMC freq: 1866000000
##############14111 26
Latency(us)/Energy(mJ): 3 0 0 0 0 
userspace
userspace
GPU freq: 1300500000
userspace
GPU freq: 1300500000
EMC freq: 1866000000
##############14111 1.60771
Latency(us)/Energy(mJ): 1618 0 0 0 0 
userspace
userspace
GPU freq: 1300500000
userspace
GPU freq: 1300500000
EMC freq: 1866000000
##############14111 10.4049
Latency(us)/Energy(mJ): 34 0 0 0 0 
userspace
userspace
GPU freq: 1300500000
userspace
GPU freq: 1300500000
EMC freq: 1866000000
##############14111 854
Latency(us)/Energy(mJ): 35 18.4735 2.53572 4.5104 5.23384 
userspace
userspace
GPU freq: 1300500000
userspace
GPU freq: 1300500000
EMC freq: 1866000000
##############14111 5.45449
Latency(us)/Energy(mJ): 50 0 0 0 0 
userspace
userspace
GPU freq: 1300500000
userspace
GPU freq: 1300500000
EMC freq: 1866000000
##############14111 1.78064
Latency(us)/Energy(mJ): 1446 13.4951 1.83841 3.27007 3.84541 
userspace
userspace
GPU freq: 1300500000
userspace
GPU freq: 1300500000
EMC freq: 1866000000
##############14111 20.7279
Latency(us)/Energy(mJ): 28 0 0 0 0 
userspace
userspace
GPU freq: 1300500000
userspace
GPU freq: 1300500000
EMC freq: 1866000000
##############14111 6.0047
Latency(us)/Energy(mJ): 31 0 0 0 0 
userspace
userspace
GPU freq: 1300500000
userspace
GPU freq: 1300500000
EMC freq: 1866000000
##############14111 4.80341
Latency(us)/Energy(mJ): 46 0 0 0 0 
userspace
userspace
GPU freq: 1300500000
userspace
GPU freq: 1300500000
EMC freq: 1866000000
##############14111 2.17009
Latency(us)/Energy(mJ): 1201 13.5152 2.04484 3.27496 3.85116 
userspace
userspace
GPU freq: 1300500000
userspace
GPU freq: 1300500000
EMC freq: 1866000000
##############14111 19.2919
Latency(us)/Energy(mJ): 26 0 0 0 0 
userspace
userspace
GPU freq: 1300500000
userspace
GPU freq: 1300500000
EMC freq: 1866000000
##############14111 2.41561
Latency(us)/Energy(mJ): 984 13.6262 2.06163 3.30184 3.88277 
userspace
userspace
GPU freq: 1300500000
userspace
GPU freq: 1300500000
EMC freq: 1866000000
##############14111 13.0023
Latency(us)/Energy(mJ): 28 0 0 0 0 
userspace
userspace
GPU freq: 1300500000
userspace
GPU freq: 1300500000
EMC freq: 1866000000
##############14111 2.77071
Latency(us)/Energy(mJ): 785 13.7543 2.06544 3.30795 3.88996 
userspace
userspace
GPU freq: 1300500000
userspace
GPU freq: 1300500000
EMC freq: 1866000000
##############14111 17.1014
Latency(us)/Energy(mJ): 26 0 0 0 0 
userspace
userspace
GPU freq: 1300500000
userspace
GPU freq: 1300500000
EMC freq: 1866000000
##############14111 8.48574
Latency(us)/Energy(mJ): 29 0 0 0 0 
userspace
userspace
GPU freq: 1300500000
userspace
GPU freq: 1300500000
EMC freq: 1866000000
##############14111 2.71387
Latency(us)/Energy(mJ): 58 0 0 0 0 
userspace
userspace
GPU freq: 1300500000
userspace
GPU freq: 1300500000
EMC freq: 1866000000
##############14111 7.37843
Latency(us)/Energy(mJ): 32 0 0 0 0 
userspace
userspace
GPU freq: 1300500000
userspace
GPU freq: 1300500000
EMC freq: 1866000000
##############14111 56.6697
Latency(us)/Energy(mJ): 3 13.7898 2.07078 3.31651 3.90002 
userspace
userspace
GPU freq: 1300500000
userspace
GPU freq: 1300500000
EMC freq: 1866000000
##############14111 3.06623
Latency(us)/Energy(mJ): 56 0 0 0 0 
userspace
userspace
GPU freq: 1300500000
userspace
GPU freq: 1300500000
EMC freq: 1866000000
##############14111 8.33939
Latency(us)/Energy(mJ): 26 0 0 0 0 
userspace
userspace
GPU freq: 1300500000
userspace
GPU freq: 1300500000
EMC freq: 1866000000
##############14111 69.8995
Latency(us)/Energy(mJ): 3 0 0 0 0 
userspace
userspace
GPU freq: 1300500000
userspace
GPU freq: 1300500000
EMC freq: 1866000000
##############14111 3.49719
Latency(us)/Energy(mJ): 53 0 0 0 0 
userspace
userspace
GPU freq: 1300500000
userspace
GPU freq: 1300500000
EMC freq: 1866000000
##############14111 125493
Latency(us)/Energy(mJ): 153 0 0 0 0 
**********24
====> Exec_us: 27120
====> Classify one image (mJ): 1.84467e+13
userspace
userspace
GPU freq: 1300500000
userspace
GPU freq: 1300500000
EMC freq: 1866000000
##############14111 26
Latency(us)/Energy(mJ): 3 0 0 0 0 
userspace
userspace
GPU freq: 1300500000
userspace
GPU freq: 1300500000
EMC freq: 1866000000
##############14111 1.60771
Latency(us)/Energy(mJ): 1635 0 0 0 0 
userspace
userspace
GPU freq: 1300500000
userspace
GPU freq: 1300500000
EMC freq: 1866000000
##############14111 10.4049
Latency(us)/Energy(mJ): 32 0 0 0 0 
userspace
userspace
GPU freq: 1300500000
userspace
GPU freq: 1300500000
EMC freq: 1866000000
##############14111 854
Latency(us)/Energy(mJ): 35 19.2088 3.0828 4.48474 5.41325 
userspace
userspace
GPU freq: 1300500000
userspace
GPU freq: 1300500000
EMC freq: 1866000000
##############14111 5.45449
Latency(us)/Energy(mJ): 48 0 0 0 0 
userspace
userspace
GPU freq: 1300500000
userspace
GPU freq: 1300500000
EMC freq: 1866000000
##############14111 1.78064
Latency(us)/Energy(mJ): 1465 12.7343 2.04372 2.97313 3.58867 
userspace
userspace
GPU freq: 1300500000
userspace
GPU freq: 1300500000
EMC freq: 1866000000
##############14111 20.7279
Latency(us)/Energy(mJ): 26 0 0 0 0 
userspace
userspace
GPU freq: 1300500000
userspace
GPU freq: 1300500000
EMC freq: 1866000000
##############14111 6.0047
Latency(us)/Energy(mJ): 29 0 0 0 0 
userspace
userspace
GPU freq: 1300500000
userspace
GPU freq: 1300500000
EMC freq: 1866000000
##############14111 4.80341
Latency(us)/Energy(mJ): 45 12.5843 2.18649 2.91691 3.52082 
userspace
userspace
GPU freq: 1300500000
userspace
GPU freq: 1300500000
EMC freq: 1866000000
##############14111 2.17009
Latency(us)/Energy(mJ): 1194 0 0 0 0 
userspace
userspace
GPU freq: 1300500000
userspace
GPU freq: 1300500000
EMC freq: 1866000000
##############14111 19.2919
Latency(us)/Energy(mJ): 27 0 0 0 0 
userspace
userspace
GPU freq: 1300500000
userspace
GPU freq: 1300500000
EMC freq: 1866000000
##############14111 2.41561
Latency(us)/Energy(mJ): 983 14.3978 2.5016 3.33728 4.02822 
userspace
userspace
GPU freq: 1300500000
userspace
GPU freq: 1300500000
EMC freq: 1866000000
##############14111 13.0023
Latency(us)/Energy(mJ): 25 0 0 0 0 
userspace
userspace
GPU freq: 1300500000
userspace
GPU freq: 1300500000
EMC freq: 1866000000
##############14111 2.77071
Latency(us)/Energy(mJ): 770 14.4591 2.49427 3.32751 4.01642 
userspace
userspace
GPU freq: 1300500000
userspace
GPU freq: 1300500000
EMC freq: 1866000000
##############14111 17.1014
Latency(us)/Energy(mJ): 25 0 0 0 0 
userspace
userspace
GPU freq: 1300500000
userspace
GPU freq: 1300500000
EMC freq: 1866000000
##############14111 8.48574
Latency(us)/Energy(mJ): 30 0 0 0 0 
userspace
userspace
GPU freq: 1300500000
userspace
GPU freq: 1300500000
EMC freq: 1866000000
##############14111 2.71387
Latency(us)/Energy(mJ): 56 0 0 0 0 
userspace
userspace
GPU freq: 1300500000
userspace
GPU freq: 1300500000
EMC freq: 1866000000
##############14111 7.37843
Latency(us)/Energy(mJ): 26 14.4538 2.49335 3.32628 4.01495 
userspace
userspace
GPU freq: 1300500000
userspace
GPU freq: 1300500000
EMC freq: 1866000000
##############14111 56.6697
Latency(us)/Energy(mJ): 4 0 0 0 0 
userspace
userspace
GPU freq: 1300500000
userspace
GPU freq: 1300500000
EMC freq: 1866000000
##############14111 3.06623
Latency(us)/Energy(mJ): 52 0 0 0 0 
userspace
userspace
GPU freq: 1300500000
userspace
GPU freq: 1300500000
EMC freq: 1866000000
##############14111 8.33939
Latency(us)/Energy(mJ): 32 0 0 0 0 
userspace
userspace
GPU freq: 1300500000
userspace
GPU freq: 1300500000
EMC freq: 1866000000
##############14111 69.8995
Latency(us)/Energy(mJ): 2 0 0 0 0 
userspace
userspace
GPU freq: 1300500000
userspace
GPU freq: 1300500000
EMC freq: 1866000000
##############14111 3.49719
Latency(us)/Energy(mJ): 55 14.4591 2.70122 3.32751 4.07088 
userspace
userspace
GPU freq: 1300500000
userspace
GPU freq: 1300500000
EMC freq: 1866000000
##############14111 125493
Latency(us)/Energy(mJ): 156 0 0 0 0 
**********24
====> Exec_us: 27163
====> Classify one image (mJ): 1.84467e+13
userspace
userspace
GPU freq: 1300500000
userspace
GPU freq: 1300500000
EMC freq: 1866000000
##############14111 26
Latency(us)/Energy(mJ): 4 0 0 0 0 
userspace
userspace
GPU freq: 1300500000
userspace
GPU freq: 1300500000
EMC freq: 1866000000
##############14111 1.60771
Latency(us)/Energy(mJ): 1609 0 0 0 0 
userspace
userspace
GPU freq: 1300500000
userspace
GPU freq: 1300500000
EMC freq: 1866000000
##############14111 10.4049
Latency(us)/Energy(mJ): 34 0 0 0 0 
userspace
userspace
GPU freq: 1300500000
userspace
GPU freq: 1300500000
EMC freq: 1866000000
##############14111 854
Latency(us)/Energy(mJ): 34 19.5951 3.5831 4.13574 5.5372 
userspace
userspace
GPU freq: 1300500000
userspace
GPU freq: 1300500000
EMC freq: 1866000000
##############14111 5.45449
Latency(us)/Energy(mJ): 49 0 0 0 0 
userspace
userspace
GPU freq: 1300500000
userspace
GPU freq: 1300500000
EMC freq: 1866000000
##############14111 1.78064
Latency(us)/Energy(mJ): 1446 0 0 0 0 
userspace
userspace
GPU freq: 1300500000
userspace
GPU freq: 1300500000
EMC freq: 1866000000
##############14111 20.7279
Latency(us)/Energy(mJ): 37 18.4595 3.35197 3.86896 5.18001 
userspace
userspace
GPU freq: 1300500000
userspace
GPU freq: 1300500000
EMC freq: 1866000000
##############14111 6.0047
Latency(us)/Energy(mJ): 42 0 0 0 0 
userspace
userspace
GPU freq: 1300500000
userspace
GPU freq: 1300500000
EMC freq: 1866000000
##############14111 4.80341
Latency(us)/Energy(mJ): 55 0 0 0 0 
userspace
userspace
GPU freq: 1300500000
userspace
GPU freq: 1300500000
EMC freq: 1866000000
##############14111 2.17009
Latency(us)/Energy(mJ): 1217 15.1498 2.73197 3.15333 4.22188 
userspace
userspace
GPU freq: 1300500000
userspace
GPU freq: 1300500000
EMC freq: 1866000000
##############14111 19.2919
Latency(us)/Energy(mJ): 26 0 0 0 0 
userspace
userspace
GPU freq: 1300500000
userspace
GPU freq: 1300500000
EMC freq: 1866000000
##############14111 2.41561
Latency(us)/Energy(mJ): 990 0 0 0 0 
userspace
userspace
GPU freq: 1300500000
userspace
GPU freq: 1300500000
EMC freq: 1866000000
##############14111 13.0023
Latency(us)/Energy(mJ): 29 18.5604 3.34701 3.86323 5.17234 
userspace
userspace
GPU freq: 1300500000
userspace
GPU freq: 1300500000
EMC freq: 1866000000
##############14111 2.77071
Latency(us)/Energy(mJ): 772 0 0 0 0 
userspace
userspace
GPU freq: 1300500000
userspace
GPU freq: 1300500000
EMC freq: 1866000000
##############14111 17.1014
Latency(us)/Energy(mJ): 34 0 0 0 0 
userspace
userspace
GPU freq: 1300500000
userspace
GPU freq: 1300500000
EMC freq: 1866000000
##############14111 8.48574
Latency(us)/Energy(mJ): 40 0 0 0 0 
userspace
userspace
GPU freq: 1300500000
userspace
GPU freq: 1300500000
EMC freq: 1866000000
##############14111 2.71387
Latency(us)/Energy(mJ): 70 18.8914 3.64529 3.90445 5.22753 
userspace
userspace
GPU freq: 1300500000
userspace
GPU freq: 1300500000
EMC freq: 1866000000
##############14111 7.37843
Latency(us)/Energy(mJ): 27 0 0 0 0 
userspace
userspace
GPU freq: 1300500000
userspace
GPU freq: 1300500000
EMC freq: 1866000000
##############14111 56.6697
Latency(us)/Energy(mJ): 4 0 0 0 0 
userspace
userspace
GPU freq: 1300500000
userspace
GPU freq: 1300500000
EMC freq: 1866000000
##############14111 3.06623
Latency(us)/Energy(mJ): 87 11.3681 2.19359 2.34954 3.14572 
userspace
userspace
GPU freq: 1300500000
userspace
GPU freq: 1300500000
EMC freq: 1866000000
##############14111 8.33939
Latency(us)/Energy(mJ): 32 0 0 0 0 
userspace
userspace
GPU freq: 1300500000
userspace
GPU freq: 1300500000
EMC freq: 1866000000
##############14111 69.8995
Latency(us)/Energy(mJ): 5 0 0 0 0 
userspace
userspace
GPU freq: 1300500000
userspace
GPU freq: 1300500000
EMC freq: 1866000000
##############14111 3.49719
Latency(us)/Energy(mJ): 166 0 0 0 0 
userspace
userspace
GPU freq: 1300500000
userspace
GPU freq: 1300500000
EMC freq: 1866000000
##############14111 125493
Latency(us)/Energy(mJ): 265 0 0 0 0 
**********24
====> Exec_us: 29866
====> Classify one image (mJ): 1.84467e+13
userspace
userspace
GPU freq: 1300500000
userspace
GPU freq: 1300500000
EMC freq: 1866000000
##############14111 26
Latency(us)/Energy(mJ): 4 0 0 0 0 
userspace
userspace
GPU freq: 1300500000
userspace
GPU freq: 1300500000
EMC freq: 1866000000
##############14111 1.60771
Latency(us)/Energy(mJ): 1645 0 0 0 0 
userspace
userspace
GPU freq: 1300500000
userspace
GPU freq: 1300500000
EMC freq: 1866000000
##############14111 10.4049
Latency(us)/Energy(mJ): 35 0 0 0 0 
userspace
userspace
GPU freq: 1300500000
userspace
GPU freq: 1300500000
EMC freq: 1866000000
##############14111 854
Latency(us)/Energy(mJ): 42 21.8902 4.43459 4.43459 6.15807 
userspace
userspace
GPU freq: 1300500000
userspace
GPU freq: 1300500000
EMC freq: 1866000000
##############14111 5.45449
Latency(us)/Energy(mJ): 60 0 0 0 0 
userspace
userspace
GPU freq: 1300500000
userspace
GPU freq: 1300500000
EMC freq: 1866000000
##############14111 1.78064
Latency(us)/Energy(mJ): 1469 15.437 3.10638 3.10638 4.26212 
userspace
userspace
GPU freq: 1300500000
userspace
GPU freq: 1300500000
EMC freq: 1866000000
##############14111 20.7279
Latency(us)/Energy(mJ): 27 0 0 0 0 
userspace
userspace
GPU freq: 1300500000
userspace
GPU freq: 1300500000
EMC freq: 1866000000
##############14111 6.0047
Latency(us)/Energy(mJ): 30 0 0 0 0 
userspace
userspace
GPU freq: 1300500000
userspace
GPU freq: 1300500000
EMC freq: 1866000000
##############14111 4.80341
Latency(us)/Energy(mJ): 52 0 0 0 0 
userspace
userspace
GPU freq: 1300500000
userspace
GPU freq: 1300500000
EMC freq: 1866000000
##############14111 2.17009
Latency(us)/Energy(mJ): 1215 15.5859 3.11555 3.11555 4.32639 
userspace
userspace
GPU freq: 1300500000
userspace
GPU freq: 1300500000
EMC freq: 1866000000
##############14111 19.2919
Latency(us)/Energy(mJ): 36 0 0 0 0 
userspace
userspace
GPU freq: 1300500000
userspace
GPU freq: 1300500000
EMC freq: 1866000000
##############14111 2.41561
Latency(us)/Energy(mJ): 987 15.5906 3.1373 3.1373 4.30454 
userspace
userspace
GPU freq: 1300500000
userspace
GPU freq: 1300500000
EMC freq: 1866000000
##############14111 13.0023
Latency(us)/Energy(mJ): 35 0 0 0 0 
userspace
userspace
GPU freq: 1300500000
userspace
GPU freq: 1300500000
EMC freq: 1866000000
##############14111 2.77071
Latency(us)/Energy(mJ): 769 14.6866 3.13064 2.93578 4.02804 
userspace
userspace
GPU freq: 1300500000
userspace
GPU freq: 1300500000
EMC freq: 1866000000
##############14111 17.1014
Latency(us)/Energy(mJ): 25 0 0 0 0 
userspace
userspace
GPU freq: 1300500000
userspace
GPU freq: 1300500000
EMC freq: 1866000000
##############14111 8.48574
Latency(us)/Energy(mJ): 37 0 0 0 0 
userspace
userspace
GPU freq: 1300500000
userspace
GPU freq: 1300500000
EMC freq: 1866000000
##############14111 2.71387
Latency(us)/Energy(mJ): 62 0 0 0 0 
userspace
userspace
GPU freq: 1300500000
userspace
GPU freq: 1300500000
EMC freq: 1866000000
##############14111 7.37843
Latency(us)/Energy(mJ): 28 15.7405 3.35531 3.14646 4.31711 
userspace
userspace
GPU freq: 1300500000
userspace
GPU freq: 1300500000
EMC freq: 1866000000
##############14111 56.6697
Latency(us)/Energy(mJ): 4 0 0 0 0 
userspace
userspace
GPU freq: 1300500000
userspace
GPU freq: 1300500000
EMC freq: 1866000000
##############14111 3.06623
Latency(us)/Energy(mJ): 63 0 0 0 0 
userspace
userspace
GPU freq: 1300500000
userspace
GPU freq: 1300500000
EMC freq: 1866000000
##############14111 8.33939
Latency(us)/Energy(mJ): 26 0 0 0 0 
userspace
userspace
GPU freq: 1300500000
userspace
GPU freq: 1300500000
EMC freq: 1866000000
##############14111 69.8995
Latency(us)/Energy(mJ): 2 0 0 0 0 
userspace
userspace
GPU freq: 1300500000
userspace
GPU freq: 1300500000
EMC freq: 1866000000
##############14111 3.49719
Latency(us)/Energy(mJ): 61 16.7315 3.56654 3.34455 4.64439 
userspace
userspace
GPU freq: 1300500000
userspace
GPU freq: 1300500000
EMC freq: 1866000000
##############14111 125493
Latency(us)/Energy(mJ): 172 0 0 0 0 
**********24
====> Exec_us: 28151
====> Classify one image (mJ): 1.84467e+13
0.3134 - "n02123045 tabby, tabby cat"
0.2380 - "n02123159 tiger cat"
0.1235 - "n02124075 Egyptian cat"
0.1003 - "n02119022 red fox, Vulpes vulpes"
0.0715 - "n02127052 lynx, catamount"
