loading weight: /home/nvidia/caffe-build/models/bvlc_alexnet/bvlc_alexnet.caffemodel
loading prototxt: /home/nvidia/caffe-build/models/bvlc_alexnet/deploy.prototxt
---------- Prediction for /home/nvidia/Downloads/ILSVRC2012_img_train_t3/n02085620/n02085620_1152.JPEG ----------
Latency(us)/Energy(mJ): 0 0 0 0 0 
Latency(us)/Energy(mJ): 234 0.973462 0.0408039 0.141129 0.345142 
Latency(us)/Energy(mJ): 24 0 0 0 0 
Latency(us)/Energy(mJ): 52 0.319556 0.0171017 0.0456295 0.111423 
Latency(us)/Energy(mJ): 48 0.194438 0.0104058 0.0277638 0.0677965 
Latency(us)/Energy(mJ): 1367 6.23723 0.653053 0.801557 2.08717 
Latency(us)/Energy(mJ): 23 0.223585 0.0316707 0.0246174 0.0732068 
Latency(us)/Energy(mJ): 42 0.142241 0.0199917 0.0155394 0.0462108 
Latency(us)/Energy(mJ): 42 0.221231 0.0310936 0.0241688 0.0718729 
Latency(us)/Energy(mJ): 1614 8.40242 1.53034 0.938242 2.59414 
Latency(us)/Energy(mJ): 25 0.155098 0.032747 0.0152724 0.047047 
Latency(us)/Energy(mJ): 1252 7.21422 1.61059 0.693641 2.19471 
Latency(us)/Energy(mJ): 32 0 0 0 0 
Latency(us)/Energy(mJ): 889 5.55302 1.36366 0.474459 1.6929 
Latency(us)/Energy(mJ): 32 0.288322 0.072058 0.0240193 0.0886556 
Latency(us)/Energy(mJ): 37 0.185602 0.0461056 0.0153685 0.0567254 
Latency(us)/Energy(mJ): 693 4.6864 1.19407 0.381094 1.44101 
Latency(us)/Energy(mJ): 28 0.193929 0.0487291 0.0155074 0.0605484 
Latency(us)/Energy(mJ): 0 0 0 0 0 
Latency(us)/Energy(mJ): 5113 39.7214 9.70476 2.71652 13.3742 
Latency(us)/Energy(mJ): 28 0.395358 0.0935978 0.0242408 0.139214 
Latency(us)/Energy(mJ): 0 0 0 0 0 
Latency(us)/Energy(mJ): 2268 20.5567 4.83992 1.2209 7.31463 
Latency(us)/Energy(mJ): 35 0.266914 0.061729 0.015425 0.0963413 
0.5948 - "n02085620 Chihuahua"
0.0656 - "n02110806 basenji"
0.0383 - "n02113023 Pembroke, Pembroke Welsh corgi"
0.0311 - "n02091244 Ibizan hound, Ibizan Podenco"
0.0298 - "n02389026 sorrel"
