loading weight: /home/nvidia/caffe-build/models/bvlc_alexnet/bvlc_alexnet.caffemodel
loading prototxt: /home/nvidia/caffe-build/models/bvlc_alexnet/deploy.prototxt
---------- Prediction for /home/nvidia/Downloads/ILSVRC2012_img_train_t3/n02085620/n02085620_1152.JPEG ----------
Latency(us)/Energy(mJ): 0 0 0 0 0 
Latency(us)/Energy(mJ): 197 0.924628 0.0507603 0.165866 0.306458 
Latency(us)/Energy(mJ): 22 0 0 0 0 
Latency(us)/Energy(mJ): 50 0.349454 0.027752 0.0611856 0.113048 
Latency(us)/Energy(mJ): 42 0.133278 0.0104699 0.0230832 0.042649 
Latency(us)/Energy(mJ): 975 5.23412 0.788629 0.82898 1.57981 
Latency(us)/Energy(mJ): 21 0.156989 0.0315744 0.0231564 0.045402 
Latency(us)/Energy(mJ): 41 0 0 0 0 
Latency(us)/Energy(mJ): 39 0.420885 0.0860156 0.0615155 0.120611 
Latency(us)/Energy(mJ): 1070 6.60204 1.67561 0.889021 1.76363 
Latency(us)/Energy(mJ): 22 0.183112 0.0507642 0.0232739 0.0477683 
Latency(us)/Energy(mJ): 946 6.66108 2.04832 0.79059 1.71759 
Latency(us)/Energy(mJ): 32 0.339633 0.110288 0.0379228 0.0873264 
Latency(us)/Energy(mJ): 657 5.0958 1.74207 0.547587 1.30023 
Latency(us)/Energy(mJ): 28 0.223497 0.0779448 0.0231623 0.0565791 
Latency(us)/Energy(mJ): 37 0.367205 0.127464 0.0378776 0.0925244 
Latency(us)/Energy(mJ): 602 4.81623 1.70815 0.489493 1.227 
Latency(us)/Energy(mJ): 25 0.232297 0.0805667 0.0233132 0.0601468 
Latency(us)/Energy(mJ): 0 0 0 0 0 
Latency(us)/Energy(mJ): 4619 44.6094 15.3305 3.88897 12.5332 
Latency(us)/Energy(mJ): 26 0 0 0 0 
Latency(us)/Energy(mJ): 0 0 0 0 0 
Latency(us)/Energy(mJ): 2024 22.3296 7.46597 1.70087 6.68202 
Latency(us)/Energy(mJ): 34 0.514333 0.16964 0.0380668 0.155769 
0.5948 - "n02085620 Chihuahua"
0.0656 - "n02110806 basenji"
0.0383 - "n02113023 Pembroke, Pembroke Welsh corgi"
0.0311 - "n02091244 Ibizan hound, Ibizan Podenco"
0.0298 - "n02389026 sorrel"
