loading weight: /home/nvidia/caffe-build/models/bvlc_alexnet/bvlc_alexnet.caffemodel
loading prototxt: /home/nvidia/caffe-build/models/bvlc_alexnet/deploy.prototxt
---------- Prediction for /home/nvidia/Downloads/ILSVRC2012_img_train_t3/n02085620/n02085620_1152.JPEG ----------
Latency(us)/Energy(mJ): 0 0 0 0 0 
Latency(us)/Energy(mJ): 675 2.4536 0.144742 0.204124 0.865916 
Latency(us)/Energy(mJ): 88 0.327852 0.032562 0.0260348 0.112846 
Latency(us)/Energy(mJ): 171 0.669468 0.0716946 0.0521428 0.226009 
Latency(us)/Energy(mJ): 164 0.686204 0.0848069 0.0521611 0.229338 
Latency(us)/Energy(mJ): 1203 5.19533 0.843405 0.365646 1.68105 
Latency(us)/Energy(mJ): 86 0.400271 0.0793439 0.0264191 0.124473 
Latency(us)/Energy(mJ): 138 0.581906 0.120521 0.0379969 0.179021 
Latency(us)/Energy(mJ): 151 0.806251 0.171943 0.0519476 0.246364 
Latency(us)/Energy(mJ): 988 4.84462 1.13435 0.298662 1.45852 
Latency(us)/Energy(mJ): 91 0.64596 0.160932 0.0442877 0.195674 
Latency(us)/Energy(mJ): 1289 7.13286 1.91366 0.475311 2.16124 
Latency(us)/Energy(mJ): 92 0.508914 0.143487 0.0325603 0.154401 
Latency(us)/Energy(mJ): 751 4.68605 1.3523 0.282119 1.42417 
Latency(us)/Energy(mJ): 85 0.534281 0.155221 0.0323164 0.161504 
Latency(us)/Energy(mJ): 104 0.530848 0.155224 0.0323088 0.160611 
Latency(us)/Energy(mJ): 1350 8.28147 2.32145 0.519341 2.53197 
Latency(us)/Energy(mJ): 94 0.522902 0.142849 0.0324155 0.165119 
Latency(us)/Energy(mJ): 2 0.282609 0.0767303 0.0174117 0.0891607 
Latency(us)/Energy(mJ): 4764 35.2786 9.19445 1.80032 11.9731 
Latency(us)/Energy(mJ): 93 1.1124 0.278786 0.0497738 0.393294 
Latency(us)/Energy(mJ): 1 0 0 0 0 
Latency(us)/Energy(mJ): 2161 19.1246 4.84548 0.825429 6.85067 
Latency(us)/Energy(mJ): 113 0.782065 0.196647 0.0327889 0.283223 
0.5948 - "n02085620 Chihuahua"
0.0656 - "n02110806 basenji"
0.0383 - "n02113023 Pembroke, Pembroke Welsh corgi"
0.0311 - "n02091244 Ibizan hound, Ibizan Podenco"
0.0298 - "n02389026 sorrel"
