loading weight: /home/nvidia/caffe-build/models/bvlc_alexnet/bvlc_alexnet.caffemodel
loading prototxt: /home/nvidia/caffe-build/models/bvlc_alexnet/deploy.prototxt
---------- Prediction for /home/nvidia/caffe-build/examples/images/cat.jpg ----------
Latency(us)/Energy(mJ): 1 0 0 0 0 
Latency(us)/Energy(mJ): 19681 32.9215 3.65009 5.97854 6.04038 
Latency(us)/Energy(mJ): 112 0.371572 0.0727901 0.0581178 0.0693602 
Latency(us)/Energy(mJ): 2934 5.2527 1.01501 0.810416 0.967184 
Latency(us)/Energy(mJ): 885 2.07735 0.403144 0.321882 0.392448 
Latency(us)/Energy(mJ): 11493 24.8199 5.71974 3.52481 4.79552 
Latency(us)/Energy(mJ): 102 0.203346 0.0590304 0.026169 0.039468 
Latency(us)/Energy(mJ): 1987 4.41702 1.19459 0.573232 0.855065 
Latency(us)/Energy(mJ): 724 1.23421 0.323372 0.161421 0.23287 
Latency(us)/Energy(mJ): 5898 14.996 4.18408 1.91127 2.87132 
Latency(us)/Energy(mJ): 91 0.225762 0.0694094 0.0277093 0.041791 
Latency(us)/Energy(mJ): 4712 12.0074 3.77411 1.44965 2.18636 
Latency(us)/Energy(mJ): 75 0.20241 0.065394 0.0237443 0.035811 
Latency(us)/Energy(mJ): 4771 12.3505 4.01856 1.45912 2.20064 
Latency(us)/Energy(mJ): 74 0.19903 0.064302 0.0233478 0.035213 
Latency(us)/Energy(mJ): 153 0.50453 0.163002 0.0591853 0.089263 
Latency(us)/Energy(mJ): 21007 47.5113 12.5796 6.40715 8.61308 
Latency(us)/Energy(mJ): 70 0 0 0 0 
Latency(us)/Energy(mJ): 5 0 0 0 0 
Latency(us)/Energy(mJ): 33044 88.3628 21.8595 10.1404 21.393 
Latency(us)/Energy(mJ): 107 0.337561 0.0887768 0.035441 0.0890092 
Latency(us)/Energy(mJ): 4 0 0 0 0 
Latency(us)/Energy(mJ): 14564 42.8041 11.0752 4.42137 11.2649 
Latency(us)/Energy(mJ): 673 2.31609 0.59359 0.23697 0.609906 
0.3094 - "n02124075 Egyptian cat"
0.1761 - "n02123159 tiger cat"
0.1221 - "n02123045 tabby, tabby cat"
0.1132 - "n02119022 red fox, Vulpes vulpes"
0.0421 - "n02085620 Chihuahua"
