loading weight: /home/nvidia/caffe-build/models/bvlc_alexnet/bvlc_alexnet.caffemodel
loading prototxt: /home/nvidia/caffe-build/models/bvlc_alexnet/deploy.prototxt
---------- Prediction for /home/nvidia/Downloads/ILSVRC2012_img_train_t3/n02085620/n02085620_1152.JPEG ----------
Latency(us)/Energy(mJ): 0 0 0 0 0 
Latency(us)/Energy(mJ): 279 1.35372 0.0556695 0.391712 0.378533 
Latency(us)/Energy(mJ): 33 0.140717 0.0083875 0.0399025 0.038995 
Latency(us)/Energy(mJ): 63 0.375738 0.0276911 0.105459 0.10306 
Latency(us)/Energy(mJ): 52 0.236591 0.0172288 0.065569 0.064122 
Latency(us)/Energy(mJ): 1029 5.87531 0.776835 1.51421 1.53138 
Latency(us)/Energy(mJ): 21 0 0 0 0 
Latency(us)/Energy(mJ): 58 0.442017 0.0785834 0.106691 0.1114 
Latency(us)/Energy(mJ): 42 0.27444 0.048295 0.065569 0.0684631 
Latency(us)/Energy(mJ): 1079 7.0398 1.58535 1.58375 1.68525 
Latency(us)/Energy(mJ): 31 0.183979 0.0457087 0.039498 0.0438564 
Latency(us)/Energy(mJ): 1034 7.31779 1.98257 1.41273 1.7447 
Latency(us)/Energy(mJ): 45 0.553307 0.160076 0.0994052 0.132999 
Latency(us)/Energy(mJ): 639 4.93351 1.49602 0.857051 1.18583 
Latency(us)/Energy(mJ): 37 0.221623 0.0686092 0.0374282 0.0532233 
Latency(us)/Energy(mJ): 46 0.589213 0.182086 0.0993328 0.1427 
Latency(us)/Energy(mJ): 709 5.73138 1.78411 0.956394 1.39114 
Latency(us)/Energy(mJ): 33 0.225853 0.0686595 0.0374556 0.0558831 
Latency(us)/Energy(mJ): 1 0 0 0 0 
Latency(us)/Energy(mJ): 4603 44.2536 13.4405 6.12203 12.1214 
Latency(us)/Energy(mJ): 33 0 0 0 0 
Latency(us)/Energy(mJ): 1 0 0 0 0 
Latency(us)/Energy(mJ): 2042 22.5873 6.73924 2.68262 6.68564 
Latency(us)/Energy(mJ): 38 0.3054 0.0913607 0.0353003 0.0918518 
0.5948 - "n02085620 Chihuahua"
0.0656 - "n02110806 basenji"
0.0383 - "n02113023 Pembroke, Pembroke Welsh corgi"
0.0311 - "n02091244 Ibizan hound, Ibizan Podenco"
0.0298 - "n02389026 sorrel"
