loading weight: /home/nvidia/caffe-build/models/bvlc_alexnet/bvlc_alexnet.caffemodel
loading prototxt: /home/nvidia/caffe-build/models/bvlc_alexnet/deploy.prototxt
---------- Prediction for /home/nvidia/Downloads/ILSVRC2012_img_train_t3/n02085620/n02085620_1152.JPEG ----------
Latency(us)/Energy(mJ): 0 0 0 0 0 
Latency(us)/Energy(mJ): 491 1.89484 0.0804277 0.224017 0.674986 
Latency(us)/Energy(mJ): 57 0.177941 0.0103554 0.0207108 0.0624036 
Latency(us)/Energy(mJ): 110 0.445644 0.0258587 0.0517174 0.15583 
Latency(us)/Energy(mJ): 105 0.491857 0.0283502 0.0567004 0.170844 
Latency(us)/Energy(mJ): 2348 9.96395 1.05451 1.07607 3.35609 
Latency(us)/Energy(mJ): 56 0.150907 0.0206274 0.0154621 0.049796 
Latency(us)/Energy(mJ): 94 0.351253 0.0480124 0.0359896 0.115906 
Latency(us)/Energy(mJ): 94 0.566205 0.0767416 0.0575248 0.18526 
Latency(us)/Energy(mJ): 2779 12.9815 2.22408 1.2685 4.10306 
Latency(us)/Energy(mJ): 61 0.388498 0.0728037 0.0364018 0.121843 
Latency(us)/Energy(mJ): 2294 11.6757 2.30222 1.03964 3.6835 
Latency(us)/Energy(mJ): 65 0.426277 0.0871362 0.0362553 0.134968 
Latency(us)/Energy(mJ): 1616 8.89042 1.90143 0.738983 2.83089 
Latency(us)/Energy(mJ): 69 0.44383 0.0965811 0.0362278 0.142222 
Latency(us)/Energy(mJ): 76 0.447932 0.0968009 0.0363102 0.142545 
Latency(us)/Energy(mJ): 1168 6.74003 1.45599 0.540376 2.16336 
Latency(us)/Energy(mJ): 60 0.195992 0.0412454 0.0154712 0.0646211 
Latency(us)/Energy(mJ): 1 0 0 0 0 
Latency(us)/Energy(mJ): 7589 51.5853 10.2167 3.48044 18.493 
Latency(us)/Energy(mJ): 60 0.251404 0.0463736 0.0154466 0.0944034 
Latency(us)/Energy(mJ): 0 0 0 0 0 
Latency(us)/Energy(mJ): 3341 25.6376 4.80414 1.52927 9.75133 
Latency(us)/Energy(mJ): 75 0.616294 0.114131 0.0360207 0.236775 
0.5948 - "n02085620 Chihuahua"
0.0656 - "n02110806 basenji"
0.0383 - "n02113023 Pembroke, Pembroke Welsh corgi"
0.0311 - "n02091244 Ibizan hound, Ibizan Podenco"
0.0298 - "n02389026 sorrel"
