loading weight: /home/nvidia/caffe-build/models/bvlc_alexnet/bvlc_alexnet.caffemodel
loading prototxt: /home/nvidia/caffe-build/models/bvlc_alexnet/deploy.prototxt
---------- Prediction for /home/nvidia/Downloads/ILSVRC2012_img_train_t3/n02085620/n02085620_1152.JPEG ----------
Latency(us)/Energy(mJ): 0 0 0 0 0 
Latency(us)/Energy(mJ): 254 1.15368 0.0341878 0.343453 0.327484 
Latency(us)/Energy(mJ): 17 0.232491 0.0068552 0.0688677 0.0656656 
Latency(us)/Energy(mJ): 53 0.142939 0.00630208 0.042023 0.0400691 
Latency(us)/Energy(mJ): 47 0.378643 0.0166941 0.111318 0.106142 
Latency(us)/Energy(mJ): 1717 9.21591 0.711597 2.57819 2.52713 
Latency(us)/Energy(mJ): 19 0.261762 0.0280722 0.0702725 0.0705487 
Latency(us)/Energy(mJ): 39 0.160857 0.0172508 0.0431836 0.0433532 
Latency(us)/Energy(mJ): 39 0.257439 0.0276086 0.069112 0.0702435 
Latency(us)/Energy(mJ): 2100 12.3279 1.68925 3.02636 3.2467 
Latency(us)/Energy(mJ): 22 0.276082 0.0448384 0.06554 0.071868 
Latency(us)/Energy(mJ): 1635 10.5011 1.81208 2.34256 2.78908 
Latency(us)/Energy(mJ): 35 0 0 0 0 
Latency(us)/Energy(mJ): 1122 7.77262 1.4935 1.57208 2.1078 
Latency(us)/Energy(mJ): 30 0.198893 0.0395424 0.0395424 0.054 
Latency(us)/Energy(mJ): 42 0.308698 0.0613731 0.0613731 0.0846618 
Latency(us)/Energy(mJ): 893 6.40781 1.29974 1.24948 1.7635 
Latency(us)/Energy(mJ): 24 0 0 0 0 
Latency(us)/Energy(mJ): 1 0 0 0 0 
Latency(us)/Energy(mJ): 5889 48.2545 9.36952 7.80631 15.0995 
Latency(us)/Energy(mJ): 29 0.245506 0.0461235 0.0356384 0.0816243 
Latency(us)/Energy(mJ): 0 0 0 0 0 
Latency(us)/Energy(mJ): 2590 23.4867 4.41182 3.32698 7.95378 
Latency(us)/Energy(mJ): 32 0.422593 0.0792955 0.0586117 0.145466 
0.5948 - "n02085620 Chihuahua"
0.0656 - "n02110806 basenji"
0.0383 - "n02113023 Pembroke, Pembroke Welsh corgi"
0.0311 - "n02091244 Ibizan hound, Ibizan Podenco"
0.0298 - "n02389026 sorrel"
