loading weight: /home/nvidia/caffe-build/models/bvlc_alexnet/bvlc_alexnet.caffemodel
loading prototxt: /home/nvidia/caffe-build/models/bvlc_alexnet/deploy.prototxt
---------- Prediction for /home/nvidia/Downloads/ILSVRC2012_img_train_t3/n02085620/n02085620_1152.JPEG ----------
Latency(us)/Energy(mJ): 0 0 0 0 0 
Latency(us)/Energy(mJ): 373 1.47459 0.0678056 0.196298 0.51869 
Latency(us)/Energy(mJ): 46 0.13228 0.0097783 0.01712 0.0454611 
Latency(us)/Energy(mJ): 87 0.320309 0.0235887 0.0412996 0.109668 
Latency(us)/Energy(mJ): 84 0.32509 0.0261503 0.0415345 0.110899 
Latency(us)/Energy(mJ): 1245 5.7594 0.756489 0.679643 1.88067 
Latency(us)/Energy(mJ): 43 0.153599 0.0267809 0.0170453 0.0483269 
Latency(us)/Energy(mJ): 75 0.37442 0.0647708 0.0353576 0.116881 
Latency(us)/Energy(mJ): 81 0.374461 0.0645694 0.0376584 0.116517 
Latency(us)/Energy(mJ): 1290 6.68308 1.41689 0.595098 2.0057 
Latency(us)/Energy(mJ): 51 0.420499 0.0971159 0.0355133 0.124839 
Latency(us)/Energy(mJ): 1218 6.92189 1.73171 0.546147 2.07065 
Latency(us)/Energy(mJ): 55 0.473017 0.12361 0.0352939 0.1427 
Latency(us)/Energy(mJ): 784 4.87791 1.29658 0.35051 1.45764 
Latency(us)/Energy(mJ): 53 0.504785 0.135233 0.0352347 0.150422 
Latency(us)/Energy(mJ): 62 0.208441 0.0581208 0.0145143 0.062599 
Latency(us)/Energy(mJ): 840 5.54299 1.50884 0.385516 1.66603 
Latency(us)/Energy(mJ): 51 0.515718 0.136251 0.0354998 0.158138 
Latency(us)/Energy(mJ): 1 0 0 0 0 
Latency(us)/Energy(mJ): 4901 38.0823 9.89363 2.22918 12.6185 
Latency(us)/Energy(mJ): 51 0.675939 0.170789 0.035317 0.235086 
Latency(us)/Energy(mJ): 0 0 0 0 0 
Latency(us)/Energy(mJ): 2177 19.8113 5.00271 0.999267 6.97459 
Latency(us)/Energy(mJ): 63 0.298312 0.0757409 0.0146606 0.106794 
0.5948 - "n02085620 Chihuahua"
0.0656 - "n02110806 basenji"
0.0383 - "n02113023 Pembroke, Pembroke Welsh corgi"
0.0311 - "n02091244 Ibizan hound, Ibizan Podenco"
0.0298 - "n02389026 sorrel"
