loading weight: /home/nvidia/caffe-build/models/bvlc_alexnet/bvlc_alexnet.caffemodel
loading prototxt: /home/nvidia/caffe-build/models/bvlc_alexnet/deploy.prototxt
---------- Prediction for /home/nvidia/caffe-build/examples/images/cat.jpg ----------
Latency(us)/Energy(mJ): 0 0 0 0 0 
Latency(us)/Energy(mJ): 3873 9.85159 0.725506 2.89143 2.15718 
Latency(us)/Energy(mJ): 35 0.316107 0.0345565 0.0865612 0.0694529 
Latency(us)/Energy(mJ): 321 0.733631 0.0801998 0.200894 0.164761 
Latency(us)/Energy(mJ): 124 0.52452 0.05734 0.143632 0.118816 
Latency(us)/Energy(mJ): 4265 12.7501 1.80274 3.24673 2.90452 
Latency(us)/Energy(mJ): 31 0.237107 0.0399165 0.057109 0.054418 
Latency(us)/Energy(mJ): 227 0.596812 0.100472 0.143747 0.136973 
Latency(us)/Energy(mJ): 92 0.35907 0.0604488 0.0864848 0.0824096 
Latency(us)/Energy(mJ): 3124 10.0911 1.86001 2.35564 2.29822 
Latency(us)/Energy(mJ): 28 0.380523 0.077734 0.0864466 0.0845231 
Latency(us)/Energy(mJ): 2538 8.56448 1.8375 1.9244 1.91729 
Latency(us)/Energy(mJ): 30 0 0 0 0 
Latency(us)/Energy(mJ): 1796 6.26454 1.45064 1.37066 1.38286 
Latency(us)/Energy(mJ): 47 0.264755 0.063252 0.0518064 0.0576798 
Latency(us)/Energy(mJ): 55 0 0 0 0 
Latency(us)/Energy(mJ): 2412 8.51265 1.93915 1.71583 1.90917 
Latency(us)/Energy(mJ): 35 0 0 0 0 
Latency(us)/Energy(mJ): 3 0 0 0 0 
Latency(us)/Energy(mJ): 9205 37.8229 8.32144 6.32912 10.5557 
Latency(us)/Energy(mJ): 32 0.514607 0.112294 0.0777684 0.158367 
Latency(us)/Energy(mJ): 1 0 0 0 0 
Latency(us)/Energy(mJ): 3966 18.6763 3.98143 2.71166 5.91611 
Latency(us)/Energy(mJ): 226 1.28652 0.281098 0.180818 0.417962 
0.3094 - "n02124075 Egyptian cat"
0.1761 - "n02123159 tiger cat"
0.1221 - "n02123045 tabby, tabby cat"
0.1132 - "n02119022 red fox, Vulpes vulpes"
0.0421 - "n02085620 Chihuahua"
