loading weight: /home/nvidia/caffe-build/models/bvlc_alexnet/bvlc_alexnet.caffemodel
loading prototxt: /home/nvidia/caffe-build/models/bvlc_alexnet/deploy.prototxt
---------- Prediction for /home/nvidia/Downloads/ILSVRC2012_img_train_t3/n02085620/n02085620_1152.JPEG ----------
Latency(us)/Energy(mJ): 0 0 0 0 0 
Latency(us)/Energy(mJ): 393 1.57607 0.057532 0.202119 0.565858 
Latency(us)/Energy(mJ): 24 0 0 0 0 
Latency(us)/Energy(mJ): 51 0.30722 0.0112146 0.0393985 0.110301 
Latency(us)/Energy(mJ): 46 0.187547 0.00684608 0.0240514 0.0673348 
Latency(us)/Energy(mJ): 6825 29.3639 2.37012 3.6401 9.90546 
Latency(us)/Energy(mJ): 23 0.200592 0.0207291 0.0241688 0.0658986 
Latency(us)/Energy(mJ): 41 0.131276 0.013566 0.0158171 0.0431267 
Latency(us)/Energy(mJ): 43 0.198376 0.0205001 0.0239018 0.0651706 
Latency(us)/Energy(mJ): 8901 39.5588 5.03488 4.83513 12.4982 
Latency(us)/Energy(mJ): 25 0.204303 0.0276905 0.0242009 0.0634027 
Latency(us)/Energy(mJ): 6204 28.827 4.0108 3.31107 9.12692 
Latency(us)/Energy(mJ): 31 0.136632 0.0196619 0.0152831 0.0438745 
Latency(us)/Energy(mJ): 4745 22.9471 3.27154 2.54294 7.39806 
Latency(us)/Energy(mJ): 31 0.141523 0.0200467 0.0155821 0.0457834 
Latency(us)/Energy(mJ): 37 0.217086 0.0307501 0.0239018 0.0702284 
Latency(us)/Energy(mJ): 4408 21.4183 3.01229 2.34143 6.96228 
Latency(us)/Energy(mJ): 26 0.22433 0.031286 0.0243184 0.0749133 
Latency(us)/Energy(mJ): 0 0 0 0 0 
Latency(us)/Energy(mJ): 21559 120.053 14.7998 11.7572 43.598 
Latency(us)/Energy(mJ): 27 0 0 0 0 
Latency(us)/Energy(mJ): 0 0 0 0 0 
Latency(us)/Energy(mJ): 9554 56.3069 6.46479 5.14347 21.1037 
Latency(us)/Energy(mJ): 33 0.170765 0.0176046 0.0154112 0.0640403 
0.5948 - "n02085620 Chihuahua"
0.0656 - "n02110806 basenji"
0.0383 - "n02113023 Pembroke, Pembroke Welsh corgi"
0.0311 - "n02091244 Ibizan hound, Ibizan Podenco"
0.0298 - "n02389026 sorrel"
