loading weight: /home/nvidia/caffe-build/models/bvlc_alexnet/bvlc_alexnet.caffemodel
loading prototxt: /home/nvidia/caffe-build/models/bvlc_alexnet/deploy.prototxt
---------- Prediction for /home/nvidia/caffe-build/examples/images/cat.jpg ----------
Latency(us)/Energy(mJ): 0 0 0 0 0 
Latency(us)/Energy(mJ): 9088 33.5832 1.87155 4.14282 13.0045 
Latency(us)/Energy(mJ): 29 0 0 0 0 
Latency(us)/Energy(mJ): 172 0.718392 0.0579043 0.0869513 0.272814 
Latency(us)/Energy(mJ): 82 0.427214 0.0344345 0.0517082 0.162237 
Latency(us)/Energy(mJ): 12553 49.204 4.80358 5.76102 18.2118 
Latency(us)/Energy(mJ): 29 0 0 0 0 
Latency(us)/Energy(mJ): 141 0.2918 0.0333195 0.0333195 0.104542 
Latency(us)/Energy(mJ): 73 0.464273 0.0530135 0.0530135 0.166333 
Latency(us)/Energy(mJ): 10718 43.1962 5.2528 4.93891 15.3534 
Latency(us)/Energy(mJ): 31 0 0 0 0 
Latency(us)/Energy(mJ): 8112 32.075 4.31112 3.69755 11.2003 
Latency(us)/Energy(mJ): 29 0 0 0 0 
Latency(us)/Energy(mJ): 4949 19.8509 2.6681 2.28837 6.81026 
Latency(us)/Energy(mJ): 30 0.29877 0.0401568 0.0344416 0.102272 
Latency(us)/Energy(mJ): 43 0 0 0 0 
Latency(us)/Energy(mJ): 3865 15.4511 2.0665 1.59298 5.38851 
Latency(us)/Energy(mJ): 29 0.303547 0.0400233 0.0343271 0.109127 
Latency(us)/Energy(mJ): 2 0 0 0 0 
Latency(us)/Energy(mJ): 21752 99.3186 12.5682 9.77129 37.398 
Latency(us)/Energy(mJ): 29 0.363178 0.045323 0.0340294 0.140724 
Latency(us)/Energy(mJ): 0 0 0 0 0 
Latency(us)/Energy(mJ): 9461 47.2946 5.75983 4.3246 18.5856 
Latency(us)/Energy(mJ): 189 0.950789 0.114192 0.0857376 0.376085 
0.3094 - "n02124075 Egyptian cat"
0.1761 - "n02123159 tiger cat"
0.1221 - "n02123045 tabby, tabby cat"
0.1132 - "n02119022 red fox, Vulpes vulpes"
0.0421 - "n02085620 Chihuahua"
