loading weight: /home/nvidia/caffe-build/models/bvlc_alexnet/bvlc_alexnet.caffemodel
loading prototxt: /home/nvidia/caffe-build/models/bvlc_alexnet/deploy.prototxt
---------- Prediction for /home/nvidia/caffe-build/examples/images/cat.jpg ----------
Latency(us)/Energy(mJ): 2 0 0 0 0 
Latency(us)/Energy(mJ): 8280 17.1633 1.93739 4.43673 3.05243 
Latency(us)/Energy(mJ): 66 0.260598 0.0433952 0.060776 0.0478256 
Latency(us)/Energy(mJ): 780 1.80068 0.299851 0.419948 0.330464 
Latency(us)/Energy(mJ): 344 0.894775 0.148999 0.208677 0.166265 
Latency(us)/Energy(mJ): 9732 24.2274 5.26635 5.18559 4.56932 
Latency(us)/Energy(mJ): 52 0.303057 0.077916 0.0605888 0.0563985 
Latency(us)/Energy(mJ): 502 1.27485 0.327763 0.254874 0.237247 
Latency(us)/Energy(mJ): 204 0.527573 0.135639 0.105475 0.0981807 
Latency(us)/Energy(mJ): 5931 16.4829 4.43059 3.21305 3.1028 
Latency(us)/Energy(mJ): 55 0.232886 0.069174 0.0440572 0.042575 
Latency(us)/Energy(mJ): 4011 11.5441 3.51151 2.1541 2.03018 
Latency(us)/Energy(mJ): 48 0 0 0 0 
Latency(us)/Energy(mJ): 4136 12.2148 3.85342 2.24818 2.0927 
Latency(us)/Energy(mJ): 49 0 0 0 0 
Latency(us)/Energy(mJ): 172 0.576933 0.182116 0.106251 0.0989028 
Latency(us)/Energy(mJ): 7742 21.6833 6.38918 4.1588 3.79452 
Latency(us)/Energy(mJ): 56 0.230593 0.0631446 0.0442178 0.0443004 
Latency(us)/Energy(mJ): 4 0 0 0 0 
Latency(us)/Energy(mJ): 32863 100.137 26.1888 16.5702 22.5425 
Latency(us)/Energy(mJ): 76 0.261531 0.0629918 0.0441107 0.0631567 
Latency(us)/Energy(mJ): 3 0 0 0 0 
Latency(us)/Energy(mJ): 14167 45.2104 10.7915 7.2409 11.1795 
Latency(us)/Energy(mJ): 418 1.2588 0.299603 0.2098 0.315681 
0.3094 - "n02124075 Egyptian cat"
0.1761 - "n02123159 tiger cat"
0.1221 - "n02123045 tabby, tabby cat"
0.1132 - "n02119022 red fox, Vulpes vulpes"
0.0421 - "n02085620 Chihuahua"
