loading weight: /home/nvidia/caffe-build/models/bvlc_alexnet/bvlc_alexnet.caffemodel
loading prototxt: /home/nvidia/caffe-build/models/bvlc_alexnet/deploy.prototxt
---------- Prediction for /home/nvidia/Downloads/ILSVRC2012_img_train_t3/n02085620/n02085620_1152.JPEG ----------
Latency(us)/Energy(mJ): 0 0 0 0 0 
Latency(us)/Energy(mJ): 170149 655.755 38.9519 128.402 198.164 
Latency(us)/Energy(mJ): 1102 4.2158 0.250173 0.834639 1.25633 
Latency(us)/Energy(mJ): 166273 627.97 38.0715 114.439 191.189 
Latency(us)/Energy(mJ): 12317 46.475 2.81423 8.44269 14.1326 
Latency(us)/Energy(mJ): 353117 1361.93 80.8431 268.392 410.846 
Latency(us)/Energy(mJ): 687 2.74545 0.16292 0.54354 0.824486 
Latency(us)/Energy(mJ): 647782 2401.63 148.298 445.08 719.891 
Latency(us)/Energy(mJ): 6103 22.7024 1.40251 4.20752 6.8043 
Latency(us)/Energy(mJ): 235004 900.902 53.7982 161.395 270.45 
Latency(us)/Energy(mJ): 238 0.983039 0.0589309 0.176793 0.295941 
Latency(us)/Energy(mJ): 179411 691.176 41.0709 123.213 209.537 
Latency(us)/Energy(mJ): 238 0.868821 0.0520838 0.156251 0.261556 
Latency(us)/Energy(mJ): 119798 462.077 27.4291 84.2194 139.987 
Latency(us)/Energy(mJ): 159 0.701335 0.0416185 0.138849 0.211878 
Latency(us)/Energy(mJ): 1490 5.69004 0.339337 1.04714 1.70553 
Latency(us)/Energy(mJ): 246860 998.854 56.517 187.231 314.442 
Latency(us)/Energy(mJ): 15 0 0 0 0 
Latency(us)/Energy(mJ): 1 0 0 0 0 
Latency(us)/Energy(mJ): 111998 453.561 25.6458 80.4065 141.699 
Latency(us)/Energy(mJ): 15 0 0 0 0 
Latency(us)/Energy(mJ): 2 0.12474 0.0070532 0.0211596 0.038962 
Latency(us)/Energy(mJ): 26921 108.959 6.16091 18.7922 34.033 
Latency(us)/Energy(mJ): 161 0.611874 0.0345973 0.103792 0.191116 
0.5948 - "n02085620 Chihuahua"
0.0656 - "n02110806 basenji"
0.0383 - "n02113023 Pembroke, Pembroke Welsh corgi"
0.0311 - "n02091244 Ibizan hound, Ibizan Podenco"
0.0298 - "n02389026 sorrel"
