loading weight: /home/nvidia/caffe-build/models/bvlc_alexnet/bvlc_alexnet.caffemodel
loading prototxt: /home/nvidia/caffe-build/models/bvlc_alexnet/deploy.prototxt
---------- Prediction for /home/nvidia/caffe-build/examples/images/cat.jpg ----------
Latency(us)/Energy(mJ): 0 0 0 0 0 
Latency(us)/Energy(mJ): 2437 10.3272 0.496053 2.54091 3.34323 
Latency(us)/Energy(mJ): 26 0 0 0 0 
Latency(us)/Energy(mJ): 212 1.39837 0.117558 0.32984 0.445526 
Latency(us)/Energy(mJ): 98 0.377091 0.0316039 0.0886736 0.120775 
Latency(us)/Energy(mJ): 2390 11.1846 1.1736 2.50344 3.51476 
Latency(us)/Energy(mJ): 23 0 0 0 0 
Latency(us)/Energy(mJ): 162 0.978087 0.134308 0.208989 0.299702 
Latency(us)/Energy(mJ): 91 0.56734 0.0779058 0.121225 0.173842 
Latency(us)/Energy(mJ): 1923 10.0259 1.49986 2.08925 3.04065 
Latency(us)/Energy(mJ): 24 0 0 0 0 
Latency(us)/Energy(mJ): 1518 8.32228 1.46778 1.67498 2.4627 
Latency(us)/Energy(mJ): 22 0 0 0 0 
Latency(us)/Energy(mJ): 1084 5.76821 1.11901 1.1339 1.6754 
Latency(us)/Energy(mJ): 25 0 0 0 0 
Latency(us)/Energy(mJ): 36 0.624411 0.121271 0.121271 0.180544 
Latency(us)/Energy(mJ): 1406 7.5292 1.46433 1.42598 2.18701 
Latency(us)/Energy(mJ): 23 0 0 0 0 
Latency(us)/Energy(mJ): 4 0 0 0 0 
Latency(us)/Energy(mJ): 5003 31.682 6.48145 5.03564 9.7847 
Latency(us)/Energy(mJ): 22 0 0 0 0 
Latency(us)/Energy(mJ): 1 0 0 0 0 
Latency(us)/Energy(mJ): 2182 15.1477 3.22914 2.13279 4.90728 
Latency(us)/Energy(mJ): 160 1.42024 0.312871 0.193542 0.465522 
0.3094 - "n02124075 Egyptian cat"
0.1761 - "n02123159 tiger cat"
0.1221 - "n02123045 tabby, tabby cat"
0.1132 - "n02119022 red fox, Vulpes vulpes"
0.0421 - "n02085620 Chihuahua"
