loading weight: /home/nvidia/caffe-build/models/bvlc_alexnet/bvlc_alexnet.caffemodel
loading prototxt: /home/nvidia/caffe-build/models/bvlc_alexnet/deploy.prototxt
---------- Prediction for /home/nvidia/caffe-build/examples/images/cat.jpg ----------
Latency(us)/Energy(mJ): 0 0 0 0 0 
Latency(us)/Energy(mJ): 2898 10.4436 0.569483 1.10062 4.11599 
Latency(us)/Energy(mJ): 34 0 0 0 0 
Latency(us)/Energy(mJ): 212 0.749564 0.0746428 0.0746428 0.288215 
Latency(us)/Energy(mJ): 113 0.732699 0.0722362 0.0722362 0.278923 
Latency(us)/Energy(mJ): 2348 9.33527 1.15522 0.87096 3.45492 
Latency(us)/Energy(mJ): 33 0.490195 0.0780088 0.0433761 0.176003 
Latency(us)/Energy(mJ): 169 0.34018 0.0541356 0.0301016 0.12214 
Latency(us)/Energy(mJ): 87 0.489067 0.0771501 0.0428986 0.174065 
Latency(us)/Energy(mJ): 1830 8.46493 1.4424 0.723799 2.97286 
Latency(us)/Energy(mJ): 33 0 0 0 0 
Latency(us)/Energy(mJ): 1519 7.08359 1.4099 0.579272 2.3999 
Latency(us)/Energy(mJ): 32 0.363411 0.076136 0.0292418 0.121879 
Latency(us)/Energy(mJ): 1086 5.1137 1.11783 0.40687 1.69583 
Latency(us)/Energy(mJ): 32 0 0 0 0 
Latency(us)/Energy(mJ): 48 0.37248 0.0820224 0.0292608 0.121958 
Latency(us)/Energy(mJ): 1335 6.48108 1.42949 0.509797 2.15094 
Latency(us)/Energy(mJ): 34 0 0 0 0 
Latency(us)/Energy(mJ): 0 0 0 0 0 
Latency(us)/Energy(mJ): 5022 28.3339 6.45501 1.93245 9.86551 
Latency(us)/Energy(mJ): 35 0 0 0 0 
Latency(us)/Energy(mJ): 0 0 0 0 0 
Latency(us)/Energy(mJ): 2156 13.9003 3.24262 0.82557 4.96212 
Latency(us)/Energy(mJ): 220 1.26274 0.290055 0.0724662 0.454958 
0.3094 - "n02124075 Egyptian cat"
0.1761 - "n02123159 tiger cat"
0.1221 - "n02123045 tabby, tabby cat"
0.1132 - "n02119022 red fox, Vulpes vulpes"
0.0421 - "n02085620 Chihuahua"
