loading weight: /home/nvidia/caffe-build/models/bvlc_alexnet/bvlc_alexnet.caffemodel
loading prototxt: /home/nvidia/caffe-build/models/bvlc_alexnet/deploy.prototxt
---------- Prediction for /home/nvidia/Downloads/ILSVRC2012_img_train_t3/n02085620/n02085620_1152.JPEG ----------
Latency(us)/Energy(mJ): 0 0 0 0 0 
Latency(us)/Energy(mJ): 1530 5.95923 0.611058 0.584231 1.99119 
Latency(us)/Energy(mJ): 248 1.07666 0.190292 0.095151 0.336027 
Latency(us)/Energy(mJ): 376 1.63589 0.287468 0.143675 0.512394 
Latency(us)/Energy(mJ): 372 1.61009 0.296631 0.140345 0.504284 
Latency(us)/Energy(mJ): 2078 9.79771 2.29371 0.788312 2.86338 
Latency(us)/Energy(mJ): 236 1.27988 0.360006 0.0945947 0.347344 
Latency(us)/Energy(mJ): 326 1.68073 0.476267 0.125143 0.459516 
Latency(us)/Energy(mJ): 376 2.09811 0.597197 0.156919 0.576192 
Latency(us)/Energy(mJ): 1258 6.66764 1.98917 0.473019 1.84604 
Latency(us)/Energy(mJ): 240 1.45325 0.455187 0.0947166 0.398803 
Latency(us)/Energy(mJ): 1856 11.1384 3.53799 0.712302 3.05416 
Latency(us)/Energy(mJ): 235 1.53107 0.492786 0.0946328 0.410848 
Latency(us)/Energy(mJ): 1847 11.0322 3.52119 0.69502 3.02057 
Latency(us)/Energy(mJ): 239 1.49034 0.476552 0.0944575 0.413234 
Latency(us)/Energy(mJ): 279 1.7165 0.550572 0.109941 0.476379 
Latency(us)/Energy(mJ): 2160 12.4838 3.75001 0.83231 3.55446 
Latency(us)/Energy(mJ): 254 1.50702 0.440751 0.0943356 0.451418 
Latency(us)/Energy(mJ): 4 0 0 0 0 
Latency(us)/Energy(mJ): 4455 34.3295 10.314 1.63576 10.9377 
Latency(us)/Energy(mJ): 259 2.21356 0.674075 0.0754285 0.728521 
Latency(us)/Energy(mJ): 3 0 0 0 0 
Latency(us)/Energy(mJ): 1800 17.068 5.19063 0.555894 5.68093 
Latency(us)/Energy(mJ): 293 2.82342 0.860345 0.101545 0.944256 
0.5948 - "n02085620 Chihuahua"
0.0656 - "n02110806 basenji"
0.0383 - "n02113023 Pembroke, Pembroke Welsh corgi"
0.0311 - "n02091244 Ibizan hound, Ibizan Podenco"
0.0298 - "n02389026 sorrel"
