loading weight: /home/nvidia/caffe-build/models/bvlc_alexnet/bvlc_alexnet.caffemodel
loading prototxt: /home/nvidia/caffe-build/models/bvlc_alexnet/deploy.prototxt
---------- Prediction for /home/nvidia/caffe-build/examples/images/cat.jpg ----------
Latency(us)/Energy(mJ): 1 0 0 0 0 
Latency(us)/Energy(mJ): 4189 7.61441 0.77534 0.940961 1.876 
Latency(us)/Energy(mJ): 93 0.211147 0.0312015 0.0234267 0.0528891 
Latency(us)/Energy(mJ): 385 0.930254 0.168252 0.100863 0.236081 
Latency(us)/Energy(mJ): 225 0.469853 0.0831232 0.0498304 0.118619 
Latency(us)/Energy(mJ): 3098 7.30237 1.57256 0.699435 1.836 
Latency(us)/Energy(mJ): 90 0.29315 0.077572 0.0258198 0.0734003 
Latency(us)/Energy(mJ): 352 1.15505 0.301241 0.100268 0.28504 
Latency(us)/Energy(mJ): 202 0.288597 0.0752672 0.0250526 0.0712194 
Latency(us)/Energy(mJ): 2305 6.64088 1.8612 0.55055 1.62399 
Latency(us)/Energy(mJ): 88 0 0 0 0 
Latency(us)/Energy(mJ): 1900 5.79214 1.80886 0.449767 1.36345 
Latency(us)/Energy(mJ): 88 0.335353 0.108932 0.0251213 0.0777773 
Latency(us)/Energy(mJ): 1648 5.05469 1.68072 0.376007 1.16414 
Latency(us)/Energy(mJ): 84 0.320452 0.109305 0.0234153 0.0724952 
Latency(us)/Energy(mJ): 130 0.35806 0.122133 0.0261632 0.0810032 
Latency(us)/Energy(mJ): 2125 6.51855 2.15778 0.478232 1.54042 
Latency(us)/Energy(mJ): 90 0.400608 0.133411 0.0285792 0.100464 
Latency(us)/Energy(mJ): 4 0 0 0 0 
Latency(us)/Energy(mJ): 8733 33.3743 10.3425 2.00109 9.72003 
Latency(us)/Energy(mJ): 90 0.471546 0.14304 0.0252358 0.149872 
Latency(us)/Energy(mJ): 1 0 0 0 0 
Latency(us)/Energy(mJ): 3637 16.6022 4.91916 0.844621 5.41954 
Latency(us)/Energy(mJ): 573 2.50617 0.734128 0.122355 0.836383 
0.3094 - "n02124075 Egyptian cat"
0.1761 - "n02123159 tiger cat"
0.1221 - "n02123045 tabby, tabby cat"
0.1132 - "n02119022 red fox, Vulpes vulpes"
0.0421 - "n02085620 Chihuahua"
