loading weight: /home/nvidia/caffe-build/models/bvlc_alexnet/bvlc_alexnet.caffemodel
loading prototxt: /home/nvidia/caffe-build/models/bvlc_alexnet/deploy.prototxt
---------- Prediction for /home/nvidia/Downloads/ILSVRC2012_img_train_t3/n02085620/n02085620_1152.JPEG ----------
Latency(us)/Energy(mJ): 0 0 0 0 0 
Latency(us)/Energy(mJ): 335 1.52571 0.0452078 0.499666 0.416091 
Latency(us)/Energy(mJ): 25 0.232903 0.0103462 0.0759024 0.0632068 
Latency(us)/Energy(mJ): 78 0.512752 0.0226069 0.16585 0.138109 
Latency(us)/Energy(mJ): 57 0.234249 0.0103279 0.0723404 0.0630949 
Latency(us)/Energy(mJ): 1936 10.4155 0.808662 3.065 2.74785 
Latency(us)/Energy(mJ): 24 0.257098 0.027572 0.0724556 0.067574 
Latency(us)/Energy(mJ): 49 0.155169 0.0166408 0.0437298 0.0407836 
Latency(us)/Energy(mJ): 44 0.41238 0.044225 0.116218 0.108387 
Latency(us)/Energy(mJ): 2458 14.5365 1.98034 3.88309 3.69688 
Latency(us)/Energy(mJ): 30 0.275715 0.0413031 0.0689288 0.0700573 
Latency(us)/Energy(mJ): 1887 11.997 2.01308 2.87449 3.11149 
Latency(us)/Energy(mJ): 37 0.180207 0.0312312 0.0416598 0.0476112 
Latency(us)/Energy(mJ): 1316 8.80439 1.62865 1.99064 2.34321 
Latency(us)/Energy(mJ): 43 0.496556 0.0937008 0.11033 0.132815 
Latency(us)/Energy(mJ): 43 0.312013 0.0585533 0.0689447 0.0829957 
Latency(us)/Energy(mJ): 1074 7.27753 1.41142 1.54489 1.96972 
Latency(us)/Energy(mJ): 27 0.319067 0.0620596 0.0654948 0.0890892 
Latency(us)/Energy(mJ): 1 0 0 0 0 
Latency(us)/Energy(mJ): 6560 52.7662 9.68677 9.48368 16.3566 
Latency(us)/Energy(mJ): 27 0.396359 0.0688848 0.0654496 0.130583 
Latency(us)/Energy(mJ): 0 0 0 0 0 
Latency(us)/Energy(mJ): 2870 25.6877 4.5639 4.13033 8.62603 
Latency(us)/Energy(mJ): 37 0.666537 0.115936 0.104922 0.226003 
0.5948 - "n02085620 Chihuahua"
0.0656 - "n02110806 basenji"
0.0383 - "n02113023 Pembroke, Pembroke Welsh corgi"
0.0311 - "n02091244 Ibizan hound, Ibizan Podenco"
0.0298 - "n02389026 sorrel"
