loading weight: /home/nvidia/caffe-build/models/bvlc_alexnet/bvlc_alexnet.caffemodel
loading prototxt: /home/nvidia/caffe-build/models/bvlc_alexnet/deploy.prototxt
---------- Prediction for /home/nvidia/Downloads/ILSVRC2012_img_train_t3/n02085620/n02085620_1152.JPEG ----------
Latency(us)/Energy(mJ): 0 0 0 0 0 
Latency(us)/Energy(mJ): 370 1.85053 0.0559208 0.561783 0.507702 
Latency(us)/Energy(mJ): 24 0 0 0 0 
Latency(us)/Energy(mJ): 64 0.368396 0.0111082 0.111593 0.10085 
Latency(us)/Energy(mJ): 59 0.36904 0.0110443 0.110952 0.100271 
Latency(us)/Energy(mJ): 4153 21.7016 1.53598 6.24453 5.76708 
Latency(us)/Energy(mJ): 24 0.791866 0.0779747 0.211729 0.209831 
Latency(us)/Energy(mJ): 55 0.244794 0.0241048 0.065453 0.0648662 
Latency(us)/Energy(mJ): 48 0.393168 0.038715 0.105125 0.104183 
Latency(us)/Energy(mJ): 5270 28.9878 3.53334 7.59661 7.46713 
Latency(us)/Energy(mJ): 31 0.253281 0.0344418 0.065453 0.0648662 
Latency(us)/Energy(mJ): 3942 22.835 3.19713 5.55685 6.01207 
Latency(us)/Energy(mJ): 39 0.43007 0.0605926 0.0992303 0.114685 
Latency(us)/Energy(mJ): 2859 17.3239 2.59747 3.93343 4.68728 
Latency(us)/Energy(mJ): 44 0.165771 0.0248331 0.0372904 0.045161 
Latency(us)/Energy(mJ): 46 0.275593 0.0412848 0.0619949 0.0750797 
Latency(us)/Energy(mJ): 2559 15.7687 2.33861 3.5093 4.32922 
Latency(us)/Energy(mJ): 30 0.281981 0.0414678 0.0622244 0.0797632 
Latency(us)/Energy(mJ): 1 0 0 0 0 
Latency(us)/Energy(mJ): 13185 92.3907 12.3084 18.1108 29.3448 
Latency(us)/Energy(mJ): 28 0 0 0 0 
Latency(us)/Energy(mJ): 1 0.334287 0.0413397 0.0620321 0.112363 
Latency(us)/Energy(mJ): 5822 43.7508 5.30544 7.96107 14.8443 
Latency(us)/Energy(mJ): 37 0.20855 0.0250161 0.0375378 0.0711387 
0.5948 - "n02085620 Chihuahua"
0.0656 - "n02110806 basenji"
0.0383 - "n02113023 Pembroke, Pembroke Welsh corgi"
0.0311 - "n02091244 Ibizan hound, Ibizan Podenco"
0.0298 - "n02389026 sorrel"
