loading weight: /home/nvidia/caffe-build/models/bvlc_alexnet/bvlc_alexnet.caffemodel
loading prototxt: /home/nvidia/caffe-build/models/bvlc_alexnet/deploy.prototxt
---------- Prediction for /home/nvidia/Downloads/ILSVRC2012_img_train_t3/n02085620/n02085620_1152.JPEG ----------
Latency(us)/Energy(mJ): 0 0 0 0 0 
Latency(us)/Energy(mJ): 440 1.17163 0.0792766 0.112491 0.423168 
Latency(us)/Energy(mJ): 51 0.313176 0.0322953 0.0288334 0.109899 
Latency(us)/Energy(mJ): 257 1.07954 0.134946 0.096371 0.369299 
Latency(us)/Energy(mJ): 190 0.869118 0.133647 0.074074 0.286619 
Latency(us)/Energy(mJ): 866 4.0418 0.775892 0.323538 1.29749 
Latency(us)/Energy(mJ): 55 0.378995 0.0880727 0.0285598 0.116188 
Latency(us)/Energy(mJ): 184 0.998765 0.245232 0.0736778 0.299739 
Latency(us)/Energy(mJ): 157 0.795642 0.209765 0.0571881 0.234957 
Latency(us)/Energy(mJ): 807 4.52663 1.2992 0.310424 1.29766 
Latency(us)/Energy(mJ): 56 0.171275 0.0518076 0.0112471 0.0491213 
Latency(us)/Energy(mJ): 1100 6.97608 2.24192 0.33952 1.97323 
Latency(us)/Energy(mJ): 65 0.504775 0.171966 0.0229238 0.140925 
Latency(us)/Energy(mJ): 667 4.6643 1.62732 0.204765 1.29466 
Latency(us)/Energy(mJ): 61 0.325987 0.11778 0.0138592 0.0904256 
Latency(us)/Energy(mJ): 61 0.538592 0.193571 0.0227774 0.148613 
Latency(us)/Energy(mJ): 2652 17.9395 6.01256 0.813392 5.06881 
Latency(us)/Energy(mJ): 60 0.196011 0.0618524 0.0091622 0.0580373 
Latency(us)/Energy(mJ): 1 0 0 0 0 
Latency(us)/Energy(mJ): 4689 37.1169 11.6845 1.43646 11.7149 
Latency(us)/Energy(mJ): 66 0.674628 0.212684 0.0226966 0.220532 
Latency(us)/Energy(mJ): 0 0 0 0 0 
Latency(us)/Energy(mJ): 1985 18.7819 5.92767 0.604613 6.22388 
Latency(us)/Energy(mJ): 78 0.73858 0.231048 0.0228365 0.246351 
0.5948 - "n02085620 Chihuahua"
0.0656 - "n02110806 basenji"
0.0383 - "n02113023 Pembroke, Pembroke Welsh corgi"
0.0311 - "n02091244 Ibizan hound, Ibizan Podenco"
0.0298 - "n02389026 sorrel"
