loading weight: /home/nvidia/caffe-build/models/bvlc_alexnet/bvlc_alexnet.caffemodel
loading prototxt: /home/nvidia/caffe-build/models/bvlc_alexnet/deploy.prototxt
---------- Prediction for /home/nvidia/caffe-build/examples/images/cat.jpg ----------
Latency(us)/Energy(mJ): 0 0 0 0 0 
Latency(us)/Energy(mJ): 2248 10.4067 0.466469 3.1642 3.13838 
Latency(us)/Energy(mJ): 21 0 0 0 0 
Latency(us)/Energy(mJ): 183 0.976419 0.0749427 0.285412 0.291772 
Latency(us)/Energy(mJ): 81 0.563166 0.0432244 0.164616 0.169608 
Latency(us)/Energy(mJ): 2417 12.6102 1.2825 3.53079 3.73255 
Latency(us)/Energy(mJ): 19 0 0 0 0 
Latency(us)/Energy(mJ): 143 1.05426 0.134102 0.276819 0.306659 
Latency(us)/Energy(mJ): 68 0 0 0 0 
Latency(us)/Energy(mJ): 1846 10.3275 1.47024 2.57948 2.97749 
Latency(us)/Energy(mJ): 25 0.463749 0.0756247 0.113561 0.131414 
Latency(us)/Energy(mJ): 1491 8.51364 1.44771 2.05667 2.40761 
Latency(us)/Energy(mJ): 19 0 0 0 0 
Latency(us)/Energy(mJ): 1075 6.1916 1.15389 1.46523 1.71396 
Latency(us)/Energy(mJ): 21 0 0 0 0 
Latency(us)/Energy(mJ): 30 0 0 0 0 
Latency(us)/Energy(mJ): 1335 8.10131 1.50738 1.90059 2.24937 
Latency(us)/Energy(mJ): 23 0 0 0 0 
Latency(us)/Energy(mJ): 1 0 0 0 0 
Latency(us)/Energy(mJ): 4990 33.1335 6.5551 6.70763 9.8832 
Latency(us)/Energy(mJ): 19 0 0 0 0 
Latency(us)/Energy(mJ): 0 0 0 0 0 
Latency(us)/Energy(mJ): 2131 15.968 3.30229 2.81193 5.01318 
Latency(us)/Energy(mJ): 151 0.643632 0.135765 0.109901 0.204453 
0.3094 - "n02124075 Egyptian cat"
0.1761 - "n02123159 tiger cat"
0.1221 - "n02123045 tabby, tabby cat"
0.1132 - "n02119022 red fox, Vulpes vulpes"
0.0421 - "n02085620 Chihuahua"
