loading weight: /home/nvidia/caffe-build/models/bvlc_alexnet/bvlc_alexnet.caffemodel
loading prototxt: /home/nvidia/caffe-build/models/bvlc_alexnet/deploy.prototxt
---------- Prediction for /home/nvidia/Downloads/ILSVRC2012_img_train_t3/n02085620/n02085620_1152.JPEG ----------
Latency(us)/Energy(mJ): 0 0 0 0 0 
Latency(us)/Energy(mJ): 282 1.16252 0.0412954 0.165996 0.411324 
Latency(us)/Energy(mJ): 23 0.120272 0.00423472 0.0170225 0.0420965 
Latency(us)/Energy(mJ): 51 0.197978 0.00697072 0.0280205 0.0692945 
Latency(us)/Energy(mJ): 48 0.120272 0.00637994 0.0170225 0.0420965 
Latency(us)/Energy(mJ): 3012 13.7734 1.20282 1.86157 4.68078 
Latency(us)/Energy(mJ): 24 0 0 0 0 
Latency(us)/Energy(mJ): 42 0.135137 0.0152404 0.0174379 0.0448363 
Latency(us)/Energy(mJ): 43 0.350769 0.0395587 0.0452629 0.11638 
Latency(us)/Energy(mJ): 3881 18.9289 2.83059 2.36635 5.95803 
Latency(us)/Energy(mJ): 26 0.225835 0.0378725 0.0275805 0.069967 
Latency(us)/Energy(mJ): 2805 14.6733 2.59833 1.70639 4.55342 
Latency(us)/Energy(mJ): 32 0.24577 0.0449574 0.0276452 0.07718 
Latency(us)/Energy(mJ): 2093 11.4857 2.17547 1.26272 3.59621 
Latency(us)/Energy(mJ): 33 0.254137 0.0480386 0.0274378 0.0800194 
Latency(us)/Energy(mJ): 35 0.158765 0.0300108 0.017141 0.0499899 
Latency(us)/Energy(mJ): 1841 10.4259 2.03824 1.11354 3.2974 
Latency(us)/Energy(mJ): 27 0.264223 0.0486367 0.0277794 0.0845222 
Latency(us)/Energy(mJ): 0 0 0 0 0 
Latency(us)/Energy(mJ): 9558 63.8023 11.2351 5.8231 22.6144 
Latency(us)/Energy(mJ): 24 0.328715 0.0553148 0.0276574 0.122327 
Latency(us)/Energy(mJ): 0 0 0 0 0 
Latency(us)/Energy(mJ): 4218 31.2646 5.14157 2.57078 11.768 
Latency(us)/Energy(mJ): 31 0.342861 0.055388 0.027694 0.130298 
0.5948 - "n02085620 Chihuahua"
0.0656 - "n02110806 basenji"
0.0383 - "n02113023 Pembroke, Pembroke Welsh corgi"
0.0311 - "n02091244 Ibizan hound, Ibizan Podenco"
0.0298 - "n02389026 sorrel"
