loading weight: /home/nvidia/caffe-build/models/bvlc_alexnet/bvlc_alexnet.caffemodel
loading prototxt: /home/nvidia/caffe-build/models/bvlc_alexnet/deploy.prototxt
---------- Prediction for /home/nvidia/Downloads/ILSVRC2012_img_train_t3/n02085620/n02085620_1152.JPEG ----------
Latency(us)/Energy(mJ): 0 0 0 0 0 
Latency(us)/Energy(mJ): 269 1.3412 0.0612689 0.37109 0.391851 
Latency(us)/Energy(mJ): 21 0 0 0 0 
Latency(us)/Energy(mJ): 56 0.371049 0.0255874 0.0943906 0.10588 
Latency(us)/Energy(mJ): 60 0.141434 0.0105308 0.0358767 0.0402438 
Latency(us)/Energy(mJ): 996 5.6876 0.724783 1.33162 1.54893 
Latency(us)/Energy(mJ): 20 0 0 0 0 
Latency(us)/Energy(mJ): 41 0.434781 0.0750414 0.0953036 0.114041 
Latency(us)/Energy(mJ): 39 0 0 0 0 
Latency(us)/Energy(mJ): 1143 7.46207 1.66639 1.52566 1.85937 
Latency(us)/Energy(mJ): 26 0 0 0 0 
Latency(us)/Energy(mJ): 1029 7.31705 1.99586 1.32714 1.79538 
Latency(us)/Energy(mJ): 35 0.553562 0.162066 0.089426 0.136045 
Latency(us)/Energy(mJ): 657 5.15485 1.5673 0.804102 1.26724 
Latency(us)/Energy(mJ): 37 0.364092 0.113779 0.0551928 0.0900276 
Latency(us)/Energy(mJ): 41 0.22657 0.0704703 0.0341844 0.0557598 
Latency(us)/Energy(mJ): 637 5.14679 1.6292 0.769747 1.27501 
Latency(us)/Energy(mJ): 27 0.225417 0.0712525 0.03355 0.0573375 
Latency(us)/Energy(mJ): 1 0 0 0 0 
Latency(us)/Energy(mJ): 4655 44.2891 13.6292 5.58142 12.3497 
Latency(us)/Energy(mJ): 26 0 0 0 0 
Latency(us)/Energy(mJ): 0 0 0 0 0 
Latency(us)/Energy(mJ): 2047 22.205 6.69754 2.34939 6.67834 
Latency(us)/Energy(mJ): 34 0.364926 0.109914 0.0374804 0.111161 
0.5948 - "n02085620 Chihuahua"
0.0656 - "n02110806 basenji"
0.0383 - "n02113023 Pembroke, Pembroke Welsh corgi"
0.0311 - "n02091244 Ibizan hound, Ibizan Podenco"
0.0298 - "n02389026 sorrel"
