loading weight: /home/nvidia/caffe-build/models/bvlc_alexnet/bvlc_alexnet.caffemodel
loading prototxt: /home/nvidia/caffe-build/models/bvlc_alexnet/deploy.prototxt
---------- Prediction for /home/nvidia/caffe-build/examples/images/cat.jpg ----------
Latency(us)/Energy(mJ): 0 0 0 0 0 
Latency(us)/Energy(mJ): 2836 9.55905 0.588543 3.99153 1.81226 
Latency(us)/Energy(mJ): 23 0 0 0 0 
Latency(us)/Energy(mJ): 301 1.37087 0.144988 0.521881 0.265465 
Latency(us)/Energy(mJ): 94 0.274141 0.028841 0.103813 0.0535295 
Latency(us)/Energy(mJ): 3315 12.3956 1.63726 4.46043 2.45505 
Latency(us)/Energy(mJ): 21 0.4779 0.081066 0.16225 0.09499 
Latency(us)/Energy(mJ): 231 0.772942 0.131114 0.262419 0.153634 
Latency(us)/Energy(mJ): 105 0.31185 0.052899 0.105875 0.061985 
Latency(us)/Energy(mJ): 2349 9.92514 1.81481 3.14229 1.96398 
Latency(us)/Energy(mJ): 22 0 0 0 0 
Latency(us)/Energy(mJ): 1673 7.40629 1.6034 2.22877 1.4234 
Latency(us)/Energy(mJ): 21 0 0 0 0 
Latency(us)/Energy(mJ): 1442 6.24007 1.46919 1.82674 1.1864 
Latency(us)/Energy(mJ): 20 0 0 0 0 
Latency(us)/Energy(mJ): 35 0.502875 0.120263 0.146025 0.0948375 
Latency(us)/Energy(mJ): 2178 9.67787 2.32663 2.82503 1.88304 
Latency(us)/Energy(mJ): 21 0 0 0 0 
Latency(us)/Energy(mJ): 4 0 0 0 0 
Latency(us)/Energy(mJ): 8667 43.7764 10.377 10.6357 10.5619 
Latency(us)/Energy(mJ): 23 0.424248 0.100064 0.0942002 0.11233 
Latency(us)/Energy(mJ): 1 0 0 0 0 
Latency(us)/Energy(mJ): 3675 20.4603 4.86666 4.33151 5.61885 
Latency(us)/Energy(mJ): 156 1.10412 0.261282 0.217894 0.309428 
0.3094 - "n02124075 Egyptian cat"
0.1761 - "n02123159 tiger cat"
0.1221 - "n02123045 tabby, tabby cat"
0.1132 - "n02119022 red fox, Vulpes vulpes"
0.0421 - "n02085620 Chihuahua"
