loading weight: /home/nvidia/caffe-build/models/bvlc_alexnet/bvlc_alexnet.caffemodel
loading prototxt: /home/nvidia/caffe-build/models/bvlc_alexnet/deploy.prototxt
---------- Prediction for /home/nvidia/Downloads/ILSVRC2012_img_train_t3/n02085620/n02085620_1152.JPEG ----------
Latency(us)/Energy(mJ): 0 0 0 0 0 
Latency(us)/Energy(mJ): 242 1.24116 0.0416642 0.426896 0.325765 
Latency(us)/Energy(mJ): 21 0 0 0 0 
Latency(us)/Energy(mJ): 53 0.4073 0.022082 0.138139 0.105414 
Latency(us)/Energy(mJ): 45 0.411811 0.0241538 0.138139 0.10679 
Latency(us)/Energy(mJ): 1094 6.58751 0.755355 2.06177 1.64851 
Latency(us)/Energy(mJ): 19 0 0 0 0 
Latency(us)/Energy(mJ): 40 0.28968 0.045031 0.0832006 0.0713862 
Latency(us)/Energy(mJ): 37 0.17469 0.0269948 0.0498764 0.042794 
Latency(us)/Energy(mJ): 1229 8.32185 1.61714 2.25422 1.95688 
Latency(us)/Energy(mJ): 22 0.318784 0.068869 0.0826428 0.0744237 
Latency(us)/Energy(mJ): 1084 8.13259 1.95529 1.95701 1.91341 
Latency(us)/Energy(mJ): 46 0.214025 0.0560599 0.0477517 0.0505574 
Latency(us)/Energy(mJ): 689 5.65597 1.50778 1.22219 1.3416 
Latency(us)/Energy(mJ): 33 0.226225 0.0622249 0.0477167 0.0541678 
Latency(us)/Energy(mJ): 46 0.605041 0.165644 0.127022 0.144195 
Latency(us)/Energy(mJ): 678 5.5043 1.51956 1.14257 1.32199 
Latency(us)/Energy(mJ): 28 0.38395 0.103236 0.0791655 0.0941586 
Latency(us)/Energy(mJ): 1 0 0 0 0 
Latency(us)/Energy(mJ): 4706 45.7707 12.4197 7.88638 12.4876 
Latency(us)/Energy(mJ): 29 0 0 0 0 
Latency(us)/Energy(mJ): 0 0 0 0 0 
Latency(us)/Energy(mJ): 2078 22.9115 6.13444 3.34815 6.78017 
Latency(us)/Energy(mJ): 34 0.507282 0.134035 0.0722108 0.152957 
0.5948 - "n02085620 Chihuahua"
0.0656 - "n02110806 basenji"
0.0383 - "n02113023 Pembroke, Pembroke Welsh corgi"
0.0311 - "n02091244 Ibizan hound, Ibizan Podenco"
0.0298 - "n02389026 sorrel"
