loading weight: /home/nvidia/caffe-build/models/bvlc_alexnet/bvlc_alexnet.caffemodel
loading prototxt: /home/nvidia/caffe-build/models/bvlc_alexnet/deploy.prototxt
---------- Prediction for /home/nvidia/Downloads/ILSVRC2012_img_train_t3/n02085620/n02085620_1152.JPEG ----------
Latency(us)/Energy(mJ): 0 0 0 0 0 
Latency(us)/Energy(mJ): 259 1.07445 0.0343094 0.223914 0.350317 
Latency(us)/Energy(mJ): 18 0.212729 0.00677312 0.0442035 0.0691571 
Latency(us)/Energy(mJ): 42 0.129757 0.00413136 0.0269626 0.0421834 
Latency(us)/Energy(mJ): 38 0.21989 0.00700112 0.0456915 0.0714851 
Latency(us)/Energy(mJ): 4162 20.6139 1.56312 4.15063 6.39562 
Latency(us)/Energy(mJ): 17 0 0 0 0 
Latency(us)/Energy(mJ): 34 0.233131 0.024329 0.0487036 0.0707091 
Latency(us)/Energy(mJ): 33 0.141843 0.0148025 0.0296327 0.0430214 
Latency(us)/Energy(mJ): 5446 28.3831 3.6592 5.56781 8.20049 
Latency(us)/Energy(mJ): 19 0.240134 0.0345181 0.0448781 0.0676338 
Latency(us)/Energy(mJ): 3822 20.8128 3.10009 3.77232 5.98633 
Latency(us)/Energy(mJ): 25 0.253842 0.0379564 0.0448781 0.0735602 
Latency(us)/Energy(mJ): 2897 16.5194 2.63468 2.89054 4.82511 
Latency(us)/Energy(mJ): 24 0.159086 0.025254 0.0294768 0.0470028 
Latency(us)/Energy(mJ): 29 0 0 0 0 
Latency(us)/Energy(mJ): 2675 15.6678 2.46134 2.66618 4.62311 
Latency(us)/Energy(mJ): 20 0.266436 0.0414678 0.0449574 0.0806243 
Latency(us)/Energy(mJ): 0 0 0 0 0 
Latency(us)/Energy(mJ): 13194 87.6835 12.3348 13.1655 29.4369 
Latency(us)/Energy(mJ): 20 0.322032 0.0417423 0.045255 0.113457 
Latency(us)/Energy(mJ): 0 0 0 0 0 
Latency(us)/Energy(mJ): 5833 41.958 5.32858 6.12164 14.9554 
Latency(us)/Energy(mJ): 26 0 0 0 0 
0.5948 - "n02085620 Chihuahua"
0.0656 - "n02110806 basenji"
0.0383 - "n02113023 Pembroke, Pembroke Welsh corgi"
0.0311 - "n02091244 Ibizan hound, Ibizan Podenco"
0.0298 - "n02389026 sorrel"
