loading weight: /home/nvidia/caffe-build/models/bvlc_alexnet/bvlc_alexnet.caffemodel
loading prototxt: /home/nvidia/caffe-build/models/bvlc_alexnet/deploy.prototxt
---------- Prediction for /home/nvidia/Downloads/ILSVRC2012_img_train_t3/n02085620/n02085620_1152.JPEG ----------
Latency(us)/Energy(mJ): 0 0 0 0 0 
Latency(us)/Energy(mJ): 275 1.35614 0.0585732 0.355392 0.396252 
Latency(us)/Energy(mJ): 32 0.143064 0.0086559 0.0368372 0.0413213 
Latency(us)/Energy(mJ): 58 0.229977 0.0172517 0.0587734 0.0659277 
Latency(us)/Energy(mJ): 51 0.379361 0.0281178 0.0957924 0.108316 
Latency(us)/Energy(mJ): 1001 5.4642 0.721928 1.27871 1.48923 
Latency(us)/Energy(mJ): 22 0 0 0 0 
Latency(us)/Energy(mJ): 42 0.435965 0.0752505 0.095563 0.114351 
Latency(us)/Energy(mJ): 42 0.269285 0.048295 0.0586503 0.0701814 
Latency(us)/Energy(mJ): 1111 7.01944 1.57697 1.4329 1.74445 
Latency(us)/Energy(mJ): 28 0.190056 0.0477559 0.0369126 0.046276 
Latency(us)/Energy(mJ): 1019 7.35354 2.0094 1.27296 1.8018 
Latency(us)/Energy(mJ): 40 0.341955 0.100114 0.0552416 0.0840397 
Latency(us)/Energy(mJ): 685 5.1706 1.57029 0.808836 1.2727 
Latency(us)/Energy(mJ): 36 0.229046 0.0715769 0.0347212 0.0566354 
Latency(us)/Energy(mJ): 48 0.595291 0.187316 0.0898164 0.146504 
Latency(us)/Energy(mJ): 667 5.41379 1.72384 0.809055 1.34317 
Latency(us)/Energy(mJ): 30 0.372732 0.117217 0.0551928 0.0943254 
Latency(us)/Energy(mJ): 2 0 0 0 0 
Latency(us)/Energy(mJ): 4643 44.0057 13.5647 5.40797 12.2665 
Latency(us)/Energy(mJ): 26 0.296857 0.0909511 0.0324785 0.088164 
Latency(us)/Energy(mJ): 0 0 0 0 0 
Latency(us)/Energy(mJ): 2056 21.9361 6.63084 2.32249 6.60014 
Latency(us)/Energy(mJ): 34 0.3147 0.0951116 0.0324328 0.0961908 
0.5948 - "n02085620 Chihuahua"
0.0656 - "n02110806 basenji"
0.0383 - "n02113023 Pembroke, Pembroke Welsh corgi"
0.0311 - "n02091244 Ibizan hound, Ibizan Podenco"
0.0298 - "n02389026 sorrel"
