loading weight: /home/nvidia/caffe-build/models/bvlc_alexnet/bvlc_alexnet.caffemodel
loading prototxt: /home/nvidia/caffe-build/models/bvlc_alexnet/deploy.prototxt
---------- Prediction for /home/nvidia/Downloads/ILSVRC2012_img_train_t3/n02085620/n02085620_1152.JPEG ----------
Latency(us)/Energy(mJ): 0 0 0 0 0 
Latency(us)/Energy(mJ): 782 2.59689 0.113805 0.171457 0.961356 
Latency(us)/Energy(mJ): 89 0.444985 0.0289822 0.0289822 0.162503 
Latency(us)/Energy(mJ): 168 0.605531 0.039017 0.039017 0.218768 
Latency(us)/Energy(mJ): 158 0.473929 0.0304249 0.0304249 0.170592 
Latency(us)/Energy(mJ): 4134 15.945 1.70525 0.95433 5.56023 
Latency(us)/Energy(mJ): 90 0.352026 0.0464153 0.0199047 0.11995 
Latency(us)/Energy(mJ): 135 0.534114 0.0704239 0.0302005 0.181994 
Latency(us)/Energy(mJ): 145 0.513054 0.0676471 0.0290097 0.174818 
Latency(us)/Energy(mJ): 4947 20.7973 3.43018 1.13373 6.85421 
Latency(us)/Energy(mJ): 92 0.374704 0.0656485 0.0197032 0.122005 
Latency(us)/Energy(mJ): 4003 18.3972 3.29941 0.925668 6.11065 
Latency(us)/Energy(mJ): 102 0.405857 0.0721876 0.0197032 0.136033 
Latency(us)/Energy(mJ): 2840 13.6538 2.5976 0.650181 4.59806 
Latency(us)/Energy(mJ): 104 0.621754 0.116515 0.0291288 0.209366 
Latency(us)/Energy(mJ): 122 0.423496 0.0793622 0.0198406 0.14266 
Latency(us)/Energy(mJ): 2120 10.6225 1.97502 0.493756 3.62993 
Latency(us)/Energy(mJ): 93 0.43316 0.0793073 0.0198268 0.150736 
Latency(us)/Energy(mJ): 2 0 0 0 0 
Latency(us)/Energy(mJ): 13137 76.0776 12.0089 3.0046 29.0766 
Latency(us)/Energy(mJ): 96 0.793305 0.116663 0.0291975 0.31467 
Latency(us)/Energy(mJ): 1 0 0 0 0 
Latency(us)/Energy(mJ): 5754 36.5409 5.26303 1.31213 14.6698 
Latency(us)/Energy(mJ): 114 0.552286 0.0788364 0.0196445 0.224188 
0.5948 - "n02085620 Chihuahua"
0.0656 - "n02110806 basenji"
0.0383 - "n02113023 Pembroke, Pembroke Welsh corgi"
0.0311 - "n02091244 Ibizan hound, Ibizan Podenco"
0.0298 - "n02389026 sorrel"
