loading weight: /home/nvidia/caffe-build/models/bvlc_alexnet/bvlc_alexnet.caffemodel
loading prototxt: /home/nvidia/caffe-build/models/bvlc_alexnet/deploy.prototxt
---------- Prediction for /home/nvidia/Downloads/ILSVRC2012_img_train_t3/n02085620/n02085620_1152.JPEG ----------
Latency(us)/Energy(mJ): 0 0 0 0 0 
Latency(us)/Energy(mJ): 583 1.74347 0.113328 0.13603 0.629456 
Latency(us)/Energy(mJ): 72 0.312256 0.0346614 0.0230824 0.108752 
Latency(us)/Energy(mJ): 305 1.28967 0.173738 0.0918721 0.435741 
Latency(us)/Energy(mJ): 226 1.01378 0.169114 0.06893 0.333493 
Latency(us)/Energy(mJ): 828 3.96367 0.787486 0.2539 1.2624 
Latency(us)/Energy(mJ): 69 0.382654 0.0924053 0.0230824 0.116017 
Latency(us)/Energy(mJ): 224 1.17881 0.30275 0.0692472 0.348648 
Latency(us)/Energy(mJ): 186 0.80555 0.22143 0.0460489 0.234321 
Latency(us)/Energy(mJ): 714 4.16287 1.20333 0.229732 1.19305 
Latency(us)/Energy(mJ): 73 0.442581 0.134398 0.0233569 0.126791 
Latency(us)/Energy(mJ): 1123 6.8796 2.24039 0.335055 1.94017 
Latency(us)/Energy(mJ): 73 0.508588 0.173659 0.0231495 0.142312 
Latency(us)/Energy(mJ): 664 4.71702 1.65053 0.208285 1.31861 
Latency(us)/Energy(mJ): 63 0.540262 0.192927 0.0230946 0.149829 
Latency(us)/Energy(mJ): 77 0.539819 0.19104 0.0231495 0.149599 
Latency(us)/Energy(mJ): 3041 19.7861 6.51469 0.919392 5.64044 
Latency(us)/Energy(mJ): 72 0.479838 0.144443 0.0230946 0.143414 
Latency(us)/Energy(mJ): 2 0 0 0 0 
Latency(us)/Energy(mJ): 4763 36.9363 11.4164 1.45069 11.7113 
Latency(us)/Energy(mJ): 75 1.0821 0.341381 0.0368144 0.355898 
Latency(us)/Energy(mJ): 1 0 0 0 0 
Latency(us)/Energy(mJ): 1982 18.3812 5.73856 0.596673 6.0994 
Latency(us)/Energy(mJ): 100 1.18909 0.371917 0.0371062 0.398514 
0.5948 - "n02085620 Chihuahua"
0.0656 - "n02110806 basenji"
0.0383 - "n02113023 Pembroke, Pembroke Welsh corgi"
0.0311 - "n02091244 Ibizan hound, Ibizan Podenco"
0.0298 - "n02389026 sorrel"
