loading weight: /home/nvidia/caffe-build/models/bvlc_alexnet/bvlc_alexnet.caffemodel
loading prototxt: /home/nvidia/caffe-build/models/bvlc_alexnet/deploy.prototxt
---------- Prediction for /home/nvidia/Downloads/ILSVRC2012_img_train_t3/n02085620/n02085620_1152.JPEG ----------
Latency(us)/Energy(mJ): 0 0 0 0 0 
Latency(us)/Energy(mJ): 668 2.3951 0.173121 0.151836 0.862667 
Latency(us)/Energy(mJ): 92 0.328478 0.0424673 0.0194925 0.112529 
Latency(us)/Energy(mJ): 165 0.668638 0.100758 0.0388979 0.227036 
Latency(us)/Energy(mJ): 164 0.69363 0.120556 0.0390262 0.229403 
Latency(us)/Energy(mJ): 1037 4.56391 0.974794 0.236026 1.45931 
Latency(us)/Energy(mJ): 88 0.416728 0.106129 0.0199047 0.124904 
Latency(us)/Energy(mJ): 137 0.614568 0.164356 0.0290189 0.183723 
Latency(us)/Energy(mJ): 154 0.841701 0.236388 0.0389117 0.247404 
Latency(us)/Energy(mJ): 737 3.8056 1.10652 0.168984 1.10863 
Latency(us)/Energy(mJ): 93 0.467765 0.144293 0.0196803 0.135868 
Latency(us)/Energy(mJ): 1151 6.8383 2.22514 0.264715 1.97404 
Latency(us)/Energy(mJ): 92 0.541541 0.18203 0.0194302 0.154845 
Latency(us)/Energy(mJ): 704 4.72007 1.63498 0.165838 1.3516 
Latency(us)/Energy(mJ): 90 0.577859 0.199148 0.0198451 0.165615 
Latency(us)/Energy(mJ): 105 0.839612 0.28989 0.0288876 0.23997 
Latency(us)/Energy(mJ): 1296 8.28565 2.77083 0.29469 2.40592 
Latency(us)/Energy(mJ): 96 0.552044 0.181774 0.0194028 0.16603 
Latency(us)/Energy(mJ): 2 0 0 0 0 
Latency(us)/Energy(mJ): 4617 36.4524 11.4352 1.05945 11.7819 
Latency(us)/Energy(mJ): 96 0.765422 0.235264 0.0195624 0.259373 
Latency(us)/Energy(mJ): 1 0 0 0 0 
Latency(us)/Energy(mJ): 1999 18.6981 5.6778 0.459028 6.39012 
Latency(us)/Energy(mJ): 118 1.2149 0.366681 0.0288785 0.419245 
0.5948 - "n02085620 Chihuahua"
0.0656 - "n02110806 basenji"
0.0383 - "n02113023 Pembroke, Pembroke Welsh corgi"
0.0311 - "n02091244 Ibizan hound, Ibizan Podenco"
0.0298 - "n02389026 sorrel"
