loading weight: /home/nvidia/caffe-build/models/bvlc_alexnet/bvlc_alexnet.caffemodel
loading prototxt: /home/nvidia/caffe-build/models/bvlc_alexnet/deploy.prototxt
---------- Prediction for /home/nvidia/Downloads/ILSVRC2012_img_train_t3/n02085620/n02085620_1152.JPEG ----------
Latency(us)/Energy(mJ): 0 0 0 0 0 
Latency(us)/Energy(mJ): 248114 846.379 56.7999 75.6506 285.961 
Latency(us)/Energy(mJ): 1591 5.368 0.361444 0.4814 1.81511 
Latency(us)/Energy(mJ): 244648 822.818 56.0118 74.6008 276.712 
Latency(us)/Energy(mJ): 17610 59.2795 4.03198 5.3701 20.2114 
Latency(us)/Energy(mJ): 510386 1735.56 116.855 155.636 586.824 
Latency(us)/Energy(mJ): 1006 3.37053 0.226948 0.302267 1.1397 
Latency(us)/Energy(mJ): 953316 3161.25 218.253 290.687 1059.09 
Latency(us)/Energy(mJ): 8904 29.6375 2.0412 2.71862 9.90292 
Latency(us)/Energy(mJ): 342126 1162.64 78.329 104.325 393.05 
Latency(us)/Energy(mJ): 350 1.18981 0.0801134 0.106701 0.402316 
Latency(us)/Energy(mJ): 261459 888.97 59.8572 79.7224 300.593 
Latency(us)/Energy(mJ): 350 1.18736 0.0799485 0.106482 0.401488 
Latency(us)/Energy(mJ): 173929 591.476 39.826 53.0433 199.999 
Latency(us)/Energy(mJ): 234 0.796038 0.0535997 0.0713883 0.269169 
Latency(us)/Energy(mJ): 2197 7.39083 0.497764 0.66296 2.49969 
Latency(us)/Energy(mJ): 332728 1195.67 76.1735 101.454 413.395 
Latency(us)/Energy(mJ): 22 0.163482 0.0104195 0.0138775 0.0566475 
Latency(us)/Energy(mJ): 1 0 0 0 0 
Latency(us)/Energy(mJ): 150308 540.238 34.414 45.8352 187.153 
Latency(us)/Energy(mJ): 22 0.122306 0.00779516 0.0103822 0.0423798 
Latency(us)/Energy(mJ): 3 0 0 0 0 
Latency(us)/Energy(mJ): 35729 128.329 8.17903 10.8935 44.4668 
Latency(us)/Energy(mJ): 231 0.853625 0.0544058 0.0724619 0.295787 
0.5948 - "n02085620 Chihuahua"
0.0656 - "n02110806 basenji"
0.0383 - "n02113023 Pembroke, Pembroke Welsh corgi"
0.0311 - "n02091244 Ibizan hound, Ibizan Podenco"
0.0298 - "n02389026 sorrel"
