loading weight: /home/nvidia/caffe-build/models/bvlc_alexnet/bvlc_alexnet.caffemodel
loading prototxt: /home/nvidia/caffe-build/models/bvlc_alexnet/deploy.prototxt
---------- Prediction for /home/nvidia/Downloads/ILSVRC2012_img_train_t3/n02085620/n02085620_1152.JPEG ----------
Latency(us)/Energy(mJ): 0 0 0 0 0 
Latency(us)/Energy(mJ): 220 1.08876 0.0354139 0.374617 0.289602 
Latency(us)/Energy(mJ): 20 0.152619 0.0062288 0.0518976 0.04012 
Latency(us)/Energy(mJ): 48 0.25538 0.013786 0.0862416 0.067574 
Latency(us)/Energy(mJ): 44 0.15368 0.008296 0.0518976 0.040664 
Latency(us)/Energy(mJ): 1157 7.0014 0.683823 2.15824 1.78868 
Latency(us)/Energy(mJ): 17 0.282825 0.0376711 0.0822119 0.0705379 
Latency(us)/Energy(mJ): 39 0.176295 0.023341 0.0509384 0.0442338 
Latency(us)/Energy(mJ): 34 0.287193 0.0380235 0.0829809 0.0720588 
Latency(us)/Energy(mJ): 1326 8.78431 1.52342 2.38078 2.11221 
Latency(us)/Energy(mJ): 19 0.190849 0.03773 0.0482274 0.0452046 
Latency(us)/Energy(mJ): 1115 8.03482 1.74046 1.92407 1.93244 
Latency(us)/Energy(mJ): 36 0.346503 0.0792356 0.0792808 0.0838912 
Latency(us)/Energy(mJ): 746 5.97601 1.44939 1.32833 1.45769 
Latency(us)/Energy(mJ): 35 0.365487 0.0930216 0.0758004 0.089948 
Latency(us)/Energy(mJ): 35 0.228834 0.0582414 0.0474591 0.056317 
Latency(us)/Energy(mJ): 637 5.20628 1.34058 1.06325 1.28756 
Latency(us)/Energy(mJ): 23 0.232376 0.0596666 0.0468889 0.0582966 
Latency(us)/Energy(mJ): 0 0 0 0 0 
Latency(us)/Energy(mJ): 4790 45.2785 11.4184 7.81705 12.627 
Latency(us)/Energy(mJ): 23 0.288246 0.0722849 0.044672 0.086552 
Latency(us)/Energy(mJ): 0 0 0 0 0 
Latency(us)/Energy(mJ): 2083 22.2507 5.56055 3.25483 6.78895 
Latency(us)/Energy(mJ): 31 0.308546 0.0775968 0.0431314 0.0953534 
0.5948 - "n02085620 Chihuahua"
0.0656 - "n02110806 basenji"
0.0383 - "n02113023 Pembroke, Pembroke Welsh corgi"
0.0311 - "n02091244 Ibizan hound, Ibizan Podenco"
0.0298 - "n02389026 sorrel"
