loading weight: /home/nvidia/caffe-build/models/bvlc_alexnet/bvlc_alexnet.caffemodel
loading prototxt: /home/nvidia/caffe-build/models/bvlc_alexnet/deploy.prototxt
---------- Prediction for /home/nvidia/Downloads/ILSVRC2012_img_train_t3/n02085620/n02085620_1152.JPEG ----------
Latency(us)/Energy(mJ): 0 0 0 0 0 
Latency(us)/Energy(mJ): 468 1.73496 0.0756147 0.174582 0.630688 
Latency(us)/Energy(mJ): 56 0.13082 0.0077631 0.0129498 0.046782 
Latency(us)/Energy(mJ): 110 0.483039 0.0285609 0.047643 0.172986 
Latency(us)/Energy(mJ): 107 0.44172 0.0284443 0.0431736 0.158115 
Latency(us)/Energy(mJ): 1948 8.20273 0.909337 0.748724 2.81038 
Latency(us)/Energy(mJ): 58 0.20139 0.0277638 0.0173126 0.067024 
Latency(us)/Energy(mJ): 87 0.500639 0.0690186 0.0430378 0.166616 
Latency(us)/Energy(mJ): 91 0.354829 0.0545341 0.0302438 0.117086 
Latency(us)/Energy(mJ): 2230 10.4367 1.86427 0.851139 3.35148 
Latency(us)/Energy(mJ): 58 0.165019 0.0334899 0.0128626 0.0523955 
Latency(us)/Energy(mJ): 1922 10.1249 2.12458 0.745998 3.2387 
Latency(us)/Energy(mJ): 69 0.246747 0.0555555 0.0173355 0.0792155 
Latency(us)/Energy(mJ): 1321 7.43262 1.6853 0.507987 2.39635 
Latency(us)/Energy(mJ): 68 0.452927 0.102593 0.0301371 0.145307 
Latency(us)/Energy(mJ): 85 0.452927 0.102593 0.0301371 0.14681 
Latency(us)/Energy(mJ): 1040 6.10369 1.40467 0.4021 1.98546 
Latency(us)/Energy(mJ): 62 0.269611 0.0594804 0.0174727 0.0894729 
Latency(us)/Energy(mJ): 1 0 0 0 0 
Latency(us)/Energy(mJ): 6482 44.6763 9.46549 2.46731 16.1249 
Latency(us)/Energy(mJ): 61 0.604489 0.120505 0.0301066 0.228289 
Latency(us)/Energy(mJ): 1 0 0 0 0 
Latency(us)/Energy(mJ): 2854 22.385 4.51925 1.08255 8.57659 
Latency(us)/Energy(mJ): 74 0.640943 0.127504 0.0303428 0.248397 
0.5948 - "n02085620 Chihuahua"
0.0656 - "n02110806 basenji"
0.0383 - "n02113023 Pembroke, Pembroke Welsh corgi"
0.0311 - "n02091244 Ibizan hound, Ibizan Podenco"
0.0298 - "n02389026 sorrel"
