loading weight: /home/nvidia/caffe-build/models/bvlc_alexnet/bvlc_alexnet.caffemodel
loading prototxt: /home/nvidia/caffe-build/models/bvlc_alexnet/deploy.prototxt
---------- Prediction for /home/nvidia/caffe-build/examples/images/cat.jpg ----------
Latency(us)/Energy(mJ): 3 0 0 0 0 
Latency(us)/Energy(mJ): 2849 11.3202 0.567833 2.16296 3.89825 
Latency(us)/Energy(mJ): 31 0 0 0 0 
Latency(us)/Energy(mJ): 223 1.18812 0.0867572 0.21732 0.40335 
Latency(us)/Energy(mJ): 94 0.382382 0.027755 0.069524 0.130767 
Latency(us)/Energy(mJ): 2818 12.4175 1.29443 2.14941 4.13206 
Latency(us)/Energy(mJ): 32 0 0 0 0 
Latency(us)/Energy(mJ): 187 0.858722 0.113493 0.141727 0.277696 
Latency(us)/Energy(mJ): 82 0.449356 0.0593892 0.0741636 0.145314 
Latency(us)/Energy(mJ): 2243 10.623 1.51234 1.71877 3.41051 
Latency(us)/Energy(mJ): 28 0 0 0 0 
Latency(us)/Energy(mJ): 1842 9.13528 1.51015 1.4315 2.87087 
Latency(us)/Energy(mJ): 30 0.443037 0.0748807 0.0680977 0.13682 
Latency(us)/Energy(mJ): 1262 6.09362 1.10098 0.935476 1.87953 
Latency(us)/Energy(mJ): 29 0 0 0 0 
Latency(us)/Energy(mJ): 44 0.44977 0.0823484 0.0685937 0.137817 
Latency(us)/Energy(mJ): 1550 7.49009 1.37148 1.1424 2.32018 
Latency(us)/Energy(mJ): 29 0.503583 0.0908214 0.0756514 0.159631 
Latency(us)/Energy(mJ): 1 0 0 0 0 
Latency(us)/Energy(mJ): 5412 31.1161 5.84328 4.15301 10.2993 
Latency(us)/Energy(mJ): 28 0 0 0 0 
Latency(us)/Energy(mJ): 1 0 0 0 0 
Latency(us)/Energy(mJ): 2409 15.7864 3.0464 1.86344 5.47289 
Latency(us)/Energy(mJ): 200 1.25112 0.243454 0.14333 0.440383 
0.3094 - "n02124075 Egyptian cat"
0.1761 - "n02123159 tiger cat"
0.1221 - "n02123045 tabby, tabby cat"
0.1132 - "n02119022 red fox, Vulpes vulpes"
0.0421 - "n02085620 Chihuahua"
