loading weight: /home/nvidia/caffe-build/models/bvlc_alexnet/bvlc_alexnet.caffemodel
loading prototxt: /home/nvidia/caffe-build/models/bvlc_alexnet/deploy.prototxt
---------- Prediction for /home/nvidia/Downloads/ILSVRC2012_img_train_t3/n02085620/n02085620_1152.JPEG ----------
Latency(us)/Energy(mJ): 0 0 0 0 0 
Latency(us)/Energy(mJ): 210 0.886878 0.0338409 0.152386 0.306171 
Latency(us)/Energy(mJ): 20 0.126143 0.00646238 0.0215319 0.0432613 
Latency(us)/Energy(mJ): 46 0.205384 0.0104332 0.0347623 0.0698435 
Latency(us)/Energy(mJ): 42 0.128478 0.0065265 0.0217455 0.0436905 
Latency(us)/Energy(mJ): 1362 6.65279 0.66353 1.05503 2.17361 
Latency(us)/Energy(mJ): 20 0 0 0 0 
Latency(us)/Energy(mJ): 36 0.23079 0.0312173 0.0346707 0.0730221 
Latency(us)/Energy(mJ): 37 0.141741 0.0190299 0.0211351 0.0445139 
Latency(us)/Energy(mJ): 1632 8.86297 1.55305 1.25613 2.67446 
Latency(us)/Energy(mJ): 22 0.156279 0.031643 0.0211046 0.0460262 
Latency(us)/Energy(mJ): 1243 7.37137 1.59938 0.943709 2.18596 
Latency(us)/Energy(mJ): 29 0 0 0 0 
Latency(us)/Energy(mJ): 888 5.92324 1.41214 0.700678 1.76467 
Latency(us)/Energy(mJ): 29 0.183502 0.0442793 0.0210893 0.0544784 
Latency(us)/Energy(mJ): 33 0.299817 0.0757785 0.0344571 0.0898684 
Latency(us)/Energy(mJ): 719 4.65998 1.15825 0.52415 1.39582 
Latency(us)/Energy(mJ): 25 0.312566 0.0759463 0.0345334 0.095227 
Latency(us)/Energy(mJ): 0 0 0 0 0 
Latency(us)/Energy(mJ): 5036 40.5445 9.71014 3.84611 13.3475 
Latency(us)/Energy(mJ): 24 0 0 0 0 
Latency(us)/Energy(mJ): 0 0 0 0 0 
Latency(us)/Energy(mJ): 2255 20.7431 4.78815 1.71839 7.23542 
Latency(us)/Energy(mJ): 32 0.425295 0.095985 0.03429 0.149805 
0.5948 - "n02085620 Chihuahua"
0.0656 - "n02110806 basenji"
0.0383 - "n02113023 Pembroke, Pembroke Welsh corgi"
0.0311 - "n02091244 Ibizan hound, Ibizan Podenco"
0.0298 - "n02389026 sorrel"
