loading weight: /home/nvidia/caffe-build/models/bvlc_alexnet/bvlc_alexnet.caffemodel
loading prototxt: /home/nvidia/caffe-build/models/bvlc_alexnet/deploy.prototxt
---------- Prediction for /home/nvidia/Downloads/ILSVRC2012_img_train_t3/n02085620/n02085620_1152.JPEG ----------
Latency(us)/Energy(mJ): 0 0 0 0 0 
Latency(us)/Energy(mJ): 264 0.961119 0.044 0.108106 0.345106 
Latency(us)/Energy(mJ): 32 0.189795 0.0104378 0.0208756 0.0672305 
Latency(us)/Energy(mJ): 61 0.316676 0.0230702 0.0346431 0.111569 
Latency(us)/Energy(mJ): 57 0.127573 0.0092598 0.0139049 0.044781 
Latency(us)/Energy(mJ): 1156 5.3675 0.715783 0.536116 1.7809 
Latency(us)/Energy(mJ): 28 0.146738 0.0251868 0.0137492 0.0471614 
Latency(us)/Energy(mJ): 53 0.223443 0.0415498 0.0207749 0.0712606 
Latency(us)/Energy(mJ): 50 0.371963 0.0688466 0.0344233 0.118076 
Latency(us)/Energy(mJ): 1275 6.65709 1.49421 0.581037 2.02205 
Latency(us)/Energy(mJ): 31 0.161502 0.0403387 0.013456 0.0483301 
Latency(us)/Energy(mJ): 1099 6.44321 1.73765 0.498976 1.9143 
Latency(us)/Energy(mJ): 39 0.183794 0.0537582 0.0134175 0.0544922 
Latency(us)/Energy(mJ): 751 4.85332 1.43915 0.341132 1.4343 
Latency(us)/Energy(mJ): 40 0.500745 0.153519 0.0340739 0.146958 
Latency(us)/Energy(mJ): 42 0.306226 0.0933551 0.0207204 0.0902266 
Latency(us)/Energy(mJ): 694 4.62902 1.43366 0.309206 1.37351 
Latency(us)/Energy(mJ): 34 0.204739 0.0629693 0.0134724 0.0620259 
Latency(us)/Energy(mJ): 1 0 0 0 0 
Latency(us)/Energy(mJ): 4788 39.3275 11.4458 2.20186 12.6723 
Latency(us)/Energy(mJ): 34 0.26905 0.0765086 0.0134998 0.0909832 
Latency(us)/Energy(mJ): 0 0 0 0 0 
Latency(us)/Energy(mJ): 2118 19.6979 5.50854 0.953978 6.7471 
Latency(us)/Energy(mJ): 42 0.730405 0.200377 0.0343481 0.253064 
0.5948 - "n02085620 Chihuahua"
0.0656 - "n02110806 basenji"
0.0383 - "n02113023 Pembroke, Pembroke Welsh corgi"
0.0311 - "n02091244 Ibizan hound, Ibizan Podenco"
0.0298 - "n02389026 sorrel"
