loading weight: /home/nvidia/caffe-build/models/bvlc_alexnet/bvlc_alexnet.caffemodel
loading prototxt: /home/nvidia/caffe-build/models/bvlc_alexnet/deploy.prototxt
---------- Prediction for /home/nvidia/Downloads/ILSVRC2012_img_train_t3/n02085620/n02085620_1152.JPEG ----------
Latency(us)/Energy(mJ): 0 0 0 0 0 
Latency(us)/Energy(mJ): 347 1.25123 0.0473723 0.14274 0.453777 
Latency(us)/Energy(mJ): 34 0.18387 0.0069008 0.0207932 0.0661024 
Latency(us)/Energy(mJ): 68 0.308205 0.0115672 0.0348538 0.110802 
Latency(us)/Energy(mJ): 64 0.30537 0.0172666 0.0345332 0.109782 
Latency(us)/Energy(mJ): 3011 12.8295 1.21061 1.37763 4.38321 
Latency(us)/Energy(mJ): 33 0.203851 0.0241582 0.0207199 0.0676338 
Latency(us)/Energy(mJ): 55 0.137433 0.016287 0.013969 0.0455975 
Latency(us)/Energy(mJ): 57 0.33822 0.040082 0.0343775 0.112215 
Latency(us)/Energy(mJ): 3813 17.7802 2.80788 1.74396 5.63743 
Latency(us)/Energy(mJ): 34 0.217887 0.0379899 0.0207382 0.0685539 
Latency(us)/Energy(mJ): 2826 14.1008 2.59835 1.27944 4.44809 
Latency(us)/Energy(mJ): 41 0.392295 0.0743802 0.0343408 0.124992 
Latency(us)/Energy(mJ): 2088 11.2316 2.19663 0.958054 3.58042 
Latency(us)/Energy(mJ): 40 0.246965 0.0483163 0.0207199 0.0787628 
Latency(us)/Energy(mJ): 48 0.163988 0.0320827 0.0137583 0.0522996 
Latency(us)/Energy(mJ): 1771 9.7834 1.96912 0.808846 3.14555 
Latency(us)/Energy(mJ): 35 0.168442 0.0320614 0.0137492 0.0551467 
Latency(us)/Energy(mJ): 0 0 0 0 0 
Latency(us)/Energy(mJ): 9556 62.3345 11.2212 4.38585 22.5971 
Latency(us)/Energy(mJ): 36 0.211205 0.0365024 0.0136734 0.0801557 
Latency(us)/Energy(mJ): 0 0 0 0 0 
Latency(us)/Energy(mJ): 4203 30.4703 5.13696 1.92425 11.7236 
Latency(us)/Energy(mJ): 45 0.220388 0.0365268 0.0136826 0.0859278 
0.5948 - "n02085620 Chihuahua"
0.0656 - "n02110806 basenji"
0.0383 - "n02113023 Pembroke, Pembroke Welsh corgi"
0.0311 - "n02091244 Ibizan hound, Ibizan Podenco"
0.0298 - "n02389026 sorrel"
