loading weight: /home/nvidia/caffe-build/models/bvlc_alexnet/bvlc_alexnet.caffemodel
loading prototxt: /home/nvidia/caffe-build/models/bvlc_alexnet/deploy.prototxt
---------- Prediction for /home/nvidia/caffe-build/examples/images/cat.jpg ----------
Latency(us)/Energy(mJ): 0 0 0 0 0 
Latency(us)/Energy(mJ): 10339 23.7462 2.06134 4.23788 6.34977 
Latency(us)/Energy(mJ): 34 0 0 0 0 
Latency(us)/Energy(mJ): 220 0.6532 0.0827008 0.124187 0.169922 
Latency(us)/Energy(mJ): 101 0.272458 0.0344955 0.0517998 0.0714792 
Latency(us)/Energy(mJ): 12692 32.2826 4.77697 5.76725 8.2501 
Latency(us)/Energy(mJ): 35 0 0 0 0 
Latency(us)/Energy(mJ): 226 0.808151 0.140308 0.140308 0.199434 
Latency(us)/Energy(mJ): 94 0.206292 0.0358156 0.0358156 0.0509082 
Latency(us)/Energy(mJ): 10095 26.6243 4.83986 4.22437 6.39289 
Latency(us)/Energy(mJ): 34 0 0 0 0 
Latency(us)/Energy(mJ): 8188 21.5761 4.37574 3.59709 4.80814 
Latency(us)/Energy(mJ): 33 0.299809 0.0608028 0.0520517 0.0653487 
Latency(us)/Energy(mJ): 5029 12.9351 2.66165 2.24712 2.80035 
Latency(us)/Energy(mJ): 34 0 0 0 0 
Latency(us)/Energy(mJ): 50 0.29692 0.061097 0.0436244 0.063381 
Latency(us)/Energy(mJ): 4138 10.9089 2.22258 1.70423 2.45679 
Latency(us)/Energy(mJ): 35 0 0 0 0 
Latency(us)/Energy(mJ): 0 0 0 0 0 
Latency(us)/Energy(mJ): 21813 70.4955 12.4138 9.68168 21.4146 
Latency(us)/Energy(mJ): 33 0 0 0 0 
Latency(us)/Energy(mJ): 0 0.267972 0.0460694 0.0345332 0.0895752 
Latency(us)/Energy(mJ): 9444 34.6413 5.75904 4.19941 11.834 
Latency(us)/Energy(mJ): 217 0.707803 0.11551 0.0779437 0.246332 
0.3094 - "n02124075 Egyptian cat"
0.1761 - "n02123159 tiger cat"
0.1221 - "n02123045 tabby, tabby cat"
0.1132 - "n02119022 red fox, Vulpes vulpes"
0.0421 - "n02085620 Chihuahua"
