loading weight: /home/nvidia/caffe-build/models/bvlc_alexnet/bvlc_alexnet.caffemodel
loading prototxt: /home/nvidia/caffe-build/models/bvlc_alexnet/deploy.prototxt
---------- Prediction for /home/nvidia/Downloads/ILSVRC2012_img_train_t3/n02085620/n02085620_1152.JPEG ----------
Latency(us)/Energy(mJ): 0 0 0 0 0 
Latency(us)/Energy(mJ): 64366 308.704 14.7308 98.7877 78.8223 
Latency(us)/Energy(mJ): 820 3.9136 0.190212 1.26836 0.986246 
Latency(us)/Energy(mJ): 70834 335.493 16.2158 111.29 82.8016 
Latency(us)/Energy(mJ): 6207 29.3934 1.42156 9.47913 7.25678 
Latency(us)/Energy(mJ): 131075 613.802 30.0121 199.835 153.934 
Latency(us)/Energy(mJ): 526 2.3801 0.116987 0.780083 0.597195 
Latency(us)/Energy(mJ): 321860 1536.41 73.6919 544.093 360.811 
Latency(us)/Energy(mJ): 3139 14.9764 0.718391 5.29593 3.5449 
Latency(us)/Energy(mJ): 82692 382.264 18.923 121.903 94.9515 
Latency(us)/Energy(mJ): 183 1.00555 0.0502334 0.318291 0.252264 
Latency(us)/Energy(mJ): 64072 297.337 14.6607 93.2786 74.7705 
Latency(us)/Energy(mJ): 184 1.01594 0.0499357 0.332978 0.254912 
Latency(us)/Energy(mJ): 44905 209.512 10.2807 66.6711 53.0777 
Latency(us)/Energy(mJ): 123 0.470388 0.0231107 0.146435 0.119893 
Latency(us)/Energy(mJ): 737 3.61964 0.177883 1.17499 0.910844 
Latency(us)/Energy(mJ): 129518 691.527 29.6512 247.33 169.877 
Latency(us)/Energy(mJ): 12 0 0 0 0 
Latency(us)/Energy(mJ): 1 0 0 0 0 
Latency(us)/Energy(mJ): 57584 310.121 13.1881 111.405 76.1337 
Latency(us)/Energy(mJ): 12 0 0 0 0 
Latency(us)/Energy(mJ): 3 0 0 0 0 
Latency(us)/Energy(mJ): 14122 76.0893 3.23574 26.9598 18.6797 
Latency(us)/Energy(mJ): 124 0.544316 0.0231473 0.192861 0.133628 
0.5948 - "n02085620 Chihuahua"
0.0656 - "n02110806 basenji"
0.0383 - "n02113023 Pembroke, Pembroke Welsh corgi"
0.0311 - "n02091244 Ibizan hound, Ibizan Podenco"
0.0298 - "n02389026 sorrel"
