loading weight: /home/nvidia/caffe-build/models/bvlc_alexnet/bvlc_alexnet.caffemodel
loading prototxt: /home/nvidia/caffe-build/models/bvlc_alexnet/deploy.prototxt
---------- Prediction for /home/nvidia/Downloads/ILSVRC2012_img_train_t3/n02085620/n02085620_1152.JPEG ----------
Latency(us)/Energy(mJ): 0 0 0 0 0 
Latency(us)/Energy(mJ): 263 1.20145 0.0357026 0.405532 0.3223 
Latency(us)/Energy(mJ): 21 0.246291 0.0103279 0.0826232 0.0656656 
Latency(us)/Energy(mJ): 61 0.394828 0.0164422 0.131538 0.104541 
Latency(us)/Energy(mJ): 49 0.146933 0.00611888 0.048951 0.0389043 
Latency(us)/Energy(mJ): 1357 7.96893 0.666854 2.49295 2.07173 
Latency(us)/Energy(mJ): 21 0 0 0 0 
Latency(us)/Energy(mJ): 45 0.439153 0.049639 0.127064 0.112303 
Latency(us)/Energy(mJ): 47 0.273955 0.030966 0.0792207 0.0700573 
Latency(us)/Energy(mJ): 1611 10.2891 1.55412 2.84577 2.54979 
Latency(us)/Energy(mJ): 22 0 0 0 0 
Latency(us)/Energy(mJ): 1194 8.99166 1.6937 2.23129 2.2518 
Latency(us)/Energy(mJ): 39 0.325982 0.0654948 0.0758456 0.0830324 
Latency(us)/Energy(mJ): 889 6.42459 1.34939 1.45909 1.64259 
Latency(us)/Energy(mJ): 32 0.206321 0.0437393 0.045843 0.0527822 
Latency(us)/Energy(mJ): 44 0.547218 0.121515 0.121588 0.141369 
Latency(us)/Energy(mJ): 722 5.55963 1.21509 1.21581 1.44487 
Latency(us)/Energy(mJ): 26 0 0 0 0 
Latency(us)/Energy(mJ): 1 0 0 0 0 
Latency(us)/Energy(mJ): 5100 45.1972 9.77139 8.25281 13.333 
Latency(us)/Energy(mJ): 25 0.264718 0.0560327 0.043584 0.0828641 
Latency(us)/Energy(mJ): 0 0 0 0 0 
Latency(us)/Energy(mJ): 2281 22.8607 4.84568 3.51111 7.31335 
Latency(us)/Energy(mJ): 33 0.278502 0.058161 0.0415474 0.0902968 
0.5948 - "n02085620 Chihuahua"
0.0656 - "n02110806 basenji"
0.0383 - "n02113023 Pembroke, Pembroke Welsh corgi"
0.0311 - "n02091244 Ibizan hound, Ibizan Podenco"
0.0298 - "n02389026 sorrel"
