loading weight: /home/nvidia/caffe-build/models/bvlc_alexnet/bvlc_alexnet.caffemodel
loading prototxt: /home/nvidia/caffe-build/models/bvlc_alexnet/deploy.prototxt
---------- Prediction for /home/nvidia/caffe-build/examples/images/cat.jpg ----------
Latency(us)/Energy(mJ): 0 0 0 0 0 
Latency(us)/Energy(mJ): 9199 34.0362 1.88028 4.18919 13.15 
Latency(us)/Energy(mJ): 29 0.282476 0.0227683 0.0341897 0.107272 
Latency(us)/Energy(mJ): 209 0.727518 0.0580568 0.0871803 0.273533 
Latency(us)/Energy(mJ): 85 0.43437 0.0346632 0.0520517 0.163315 
Latency(us)/Energy(mJ): 12514 48.8794 4.76282 5.70872 17.9921 
Latency(us)/Energy(mJ): 30 0 0 0 0 
Latency(us)/Energy(mJ): 141 0.754469 0.0861498 0.0861498 0.2703 
Latency(us)/Energy(mJ): 72 0.454647 0.0519143 0.0519143 0.162884 
Latency(us)/Energy(mJ): 10505 42.0307 5.1701 4.79931 14.9077 
Latency(us)/Energy(mJ): 30 0 0 0 0 
Latency(us)/Energy(mJ): 8109 32.4563 4.35143 3.73213 11.2931 
Latency(us)/Energy(mJ): 29 0 0 0 0 
Latency(us)/Energy(mJ): 4955 19.8247 2.66458 2.28535 6.83954 
Latency(us)/Energy(mJ): 29 0 0 0 0 
Latency(us)/Energy(mJ): 43 0.29718 0.0399432 0.0342584 0.101728 
Latency(us)/Energy(mJ): 3919 15.511 2.07144 1.77663 5.40281 
Latency(us)/Energy(mJ): 30 0.307622 0.0401835 0.0344645 0.108134 
Latency(us)/Energy(mJ): 1 0 0 0 0 
Latency(us)/Energy(mJ): 21766 99.7759 12.6517 9.96837 37.5227 
Latency(us)/Energy(mJ): 30 0 0 0 0 
Latency(us)/Energy(mJ): 0 0 0 0 0 
Latency(us)/Energy(mJ): 9453 47.4818 5.7878 4.3456 18.6788 
Latency(us)/Energy(mJ): 186 0.955106 0.114711 0.0861269 0.379931 
0.3094 - "n02124075 Egyptian cat"
0.1761 - "n02123159 tiger cat"
0.1221 - "n02123045 tabby, tabby cat"
0.1132 - "n02119022 red fox, Vulpes vulpes"
0.0421 - "n02085620 Chihuahua"
