loading weight: /home/nvidia/caffe-build/models/bvlc_alexnet/bvlc_alexnet.caffemodel
loading prototxt: /home/nvidia/caffe-build/models/bvlc_alexnet/deploy.prototxt
---------- Prediction for /home/nvidia/Downloads/ILSVRC2012_img_train_t3/n02085620/n02085620_1152.JPEG ----------
Latency(us)/Energy(mJ): 0 0 0 0 0 
Latency(us)/Energy(mJ): 275 1.48969 0.0408971 0.513366 0.396344 
Latency(us)/Energy(mJ): 19 0.150884 0.00414352 0.0520121 0.0402085 
Latency(us)/Energy(mJ): 56 0.251788 0.0103462 0.0862034 0.0666405 
Latency(us)/Energy(mJ): 47 0.152812 0.00627918 0.0523174 0.0404445 
Latency(us)/Energy(mJ): 2359 13.8019 0.966657 4.47959 3.5694 
Latency(us)/Energy(mJ): 17 0 0 0 0 
Latency(us)/Energy(mJ): 42 0.26726 0.0239659 0.0822202 0.068801 
Latency(us)/Energy(mJ): 35 0.159832 0.0163724 0.0491709 0.0411457 
Latency(us)/Energy(mJ): 3034 18.6714 2.36466 5.43355 4.67014 
Latency(us)/Energy(mJ): 20 0 0 0 0 
Latency(us)/Energy(mJ): 2239 14.569 2.25659 3.85702 3.69783 
Latency(us)/Energy(mJ): 33 0.301445 0.0516402 0.0757901 0.0777311 
Latency(us)/Energy(mJ): 1635 11.0596 1.91202 2.72535 2.88076 
Latency(us)/Energy(mJ): 34 0.313809 0.0554368 0.0762938 0.0825645 
Latency(us)/Energy(mJ): 37 0.190606 0.033672 0.0463404 0.0501492 
Latency(us)/Energy(mJ): 1395 9.96496 1.77687 2.38815 2.64811 
Latency(us)/Energy(mJ): 24 0.191619 0.03294 0.045306 0.052164 
Latency(us)/Energy(mJ): 1 0 0 0 0 
Latency(us)/Energy(mJ): 7624 61.2537 10.3596 12.2518 18.6949 
Latency(us)/Energy(mJ): 23 0 0 0 0 
Latency(us)/Energy(mJ): 0 0 0 0 0 
Latency(us)/Energy(mJ): 3372 30.271 4.93248 5.45115 10.0227 
Latency(us)/Energy(mJ): 33 0 0 0 0 
0.5948 - "n02085620 Chihuahua"
0.0656 - "n02110806 basenji"
0.0383 - "n02113023 Pembroke, Pembroke Welsh corgi"
0.0311 - "n02091244 Ibizan hound, Ibizan Podenco"
0.0298 - "n02389026 sorrel"
