loading weight: /home/nvidia/caffe-build/models/bvlc_alexnet/bvlc_alexnet.caffemodel
loading prototxt: /home/nvidia/caffe-build/models/bvlc_alexnet/deploy.prototxt
---------- Prediction for /home/nvidia/Downloads/ILSVRC2012_img_train_t3/n02085620/n02085620_1152.JPEG ----------
Latency(us)/Energy(mJ): 0 0 0 0 0 
Latency(us)/Energy(mJ): 696 2.32248 0.114063 0.151827 0.851292 
Latency(us)/Energy(mJ): 90 0.455808 0.0290509 0.0290509 0.164534 
Latency(us)/Energy(mJ): 162 0.489101 0.0346012 0.0309654 0.176192 
Latency(us)/Energy(mJ): 153 0.623539 0.0521306 0.0391407 0.222709 
Latency(us)/Energy(mJ): 2348 9.13876 1.11024 0.532246 3.15784 
Latency(us)/Energy(mJ): 89 0.550814 0.0808231 0.0302921 0.18506 
Latency(us)/Energy(mJ): 137 0.532477 0.0870566 0.0290189 0.177281 
Latency(us)/Energy(mJ): 145 0.558964 0.0910962 0.0303654 0.185507 
Latency(us)/Energy(mJ): 2529 11.1768 2.06872 0.580918 3.62348 
Latency(us)/Energy(mJ): 94 0.398364 0.0792706 0.0198177 0.129377 
Latency(us)/Energy(mJ): 2374 11.7741 2.48767 0.55151 3.8557 
Latency(us)/Energy(mJ): 105 0.450547 0.100073 0.0200146 0.147094 
Latency(us)/Energy(mJ): 1574 8.37474 1.8929 0.36356 2.76478 
Latency(us)/Energy(mJ): 103 0.475172 0.107741 0.020207 0.156979 
Latency(us)/Energy(mJ): 118 0.68525 0.154286 0.0289364 0.227195 
Latency(us)/Energy(mJ): 1367 7.45855 1.66686 0.316904 2.49324 
Latency(us)/Energy(mJ): 95 0.465714 0.100719 0.0195291 0.159048 
Latency(us)/Energy(mJ): 2 0 0 0 0 
Latency(us)/Energy(mJ): 7571 49.0844 9.92616 1.73096 18.2385 
Latency(us)/Energy(mJ): 95 0.619834 0.118627 0.0196992 0.241315 
Latency(us)/Energy(mJ): 1 0 0 0 0 
Latency(us)/Energy(mJ): 3303 24.4814 4.60299 0.75504 9.619 
Latency(us)/Energy(mJ): 118 0.971187 0.183047 0.0293208 0.386314 
0.5948 - "n02085620 Chihuahua"
0.0656 - "n02110806 basenji"
0.0383 - "n02113023 Pembroke, Pembroke Welsh corgi"
0.0311 - "n02091244 Ibizan hound, Ibizan Podenco"
0.0298 - "n02389026 sorrel"
