loading weight: /home/nvidia/caffe-build/models/bvlc_alexnet/bvlc_alexnet.caffemodel
loading prototxt: /home/nvidia/caffe-build/models/bvlc_alexnet/deploy.prototxt
---------- Prediction for /home/nvidia/caffe-build/examples/images/cat.jpg ----------
Latency(us)/Energy(mJ): 1 0 0 0 0 
Latency(us)/Energy(mJ): 8193 23.0381 1.91664 10.1196 3.43071 
Latency(us)/Energy(mJ): 41 0 0 0 0 
Latency(us)/Energy(mJ): 636 2.06537 0.263714 0.844298 0.317561 
Latency(us)/Energy(mJ): 232 0.828263 0.104802 0.33553 0.12773 
Latency(us)/Energy(mJ): 9743 30.9655 5.25772 11.2675 4.8965 
Latency(us)/Energy(mJ): 37 0.284287 0.0587385 0.097983 0.0442035 
Latency(us)/Energy(mJ): 522 1.65509 0.341095 0.568989 0.266124 
Latency(us)/Energy(mJ): 153 0.643221 0.1329 0.221694 0.103689 
Latency(us)/Energy(mJ): 5901 19.9867 4.32051 6.60239 3.15715 
Latency(us)/Energy(mJ): 30 0 0 0 0 
Latency(us)/Energy(mJ): 3892 13.5919 3.36794 4.14729 2.00791 
Latency(us)/Energy(mJ): 28 0.398226 0.102638 0.119781 0.0579299 
Latency(us)/Energy(mJ): 3748 13.3815 3.44892 4.025 1.94661 
Latency(us)/Energy(mJ): 28 0 0 0 0 
Latency(us)/Energy(mJ): 47 0 0 0 0 
Latency(us)/Energy(mJ): 7347 25.615 6.21785 8.21015 3.74116 
Latency(us)/Energy(mJ): 37 0.393536 0.0864466 0.120957 0.0627982 
Latency(us)/Energy(mJ): 5 0 0 0 0 
Latency(us)/Energy(mJ): 33162 121.127 27.4951 34.9399 23.0141 
Latency(us)/Energy(mJ): 33 0 0 0 0 
Latency(us)/Energy(mJ): 2 0 0 0 0 
Latency(us)/Energy(mJ): 14190 53.3281 10.8951 14.1607 11.3674 
Latency(us)/Energy(mJ): 231 1.02669 0.209451 0.272231 0.220691 
0.3094 - "n02124075 Egyptian cat"
0.1761 - "n02123159 tiger cat"
0.1221 - "n02123045 tabby, tabby cat"
0.1132 - "n02119022 red fox, Vulpes vulpes"
0.0421 - "n02085620 Chihuahua"
