loading weight: /home/nvidia/caffe-build/models/bvlc_alexnet/bvlc_alexnet.caffemodel
loading prototxt: /home/nvidia/caffe-build/models/bvlc_alexnet/deploy.prototxt
---------- Prediction for /home/nvidia/Downloads/ILSVRC2012_img_train_t3/n02085620/n02085620_1152.JPEG ----------
Latency(us)/Energy(mJ): 0 0 0 0 0 
Latency(us)/Energy(mJ): 214 0.887941 0.0492276 0.137373 0.30498 
Latency(us)/Energy(mJ): 22 0.125322 0.008479 0.0190986 0.0426174 
Latency(us)/Energy(mJ): 51 0.207752 0.0139385 0.0313959 0.0700581 
Latency(us)/Energy(mJ): 45 0.129177 0.0085949 0.0193597 0.0431999 
Latency(us)/Energy(mJ): 1028 5.1363 0.707169 0.706621 1.6181 
Latency(us)/Energy(mJ): 21 0.243725 0.0448979 0.0310936 0.0728686 
Latency(us)/Energy(mJ): 40 0.156725 0.0286688 0.0198543 0.046529 
Latency(us)/Energy(mJ): 40 0.244143 0.0446598 0.0309287 0.0733376 
Latency(us)/Energy(mJ): 1139 6.60311 1.5836 0.775897 1.85123 
Latency(us)/Energy(mJ): 24 0.279269 0.0758236 0.0309798 0.0761398 
Latency(us)/Energy(mJ): 995 6.5131 1.89649 0.674201 1.76595 
Latency(us)/Energy(mJ): 33 0.319315 0.100602 0.0311993 0.0861391 
Latency(us)/Energy(mJ): 681 5.03672 1.62788 0.473079 1.35702 
Latency(us)/Energy(mJ): 30 0 0 0 0 
Latency(us)/Energy(mJ): 37 0.557963 0.18553 0.0505856 0.149545 
Latency(us)/Energy(mJ): 614 4.57712 1.54294 0.40747 1.23384 
Latency(us)/Energy(mJ): 26 0.355139 0.117729 0.0311581 0.0973351 
Latency(us)/Energy(mJ): 0 0 0 0 0 
Latency(us)/Energy(mJ): 4645 41.9512 13.6065 3.17417 12.426 
Latency(us)/Energy(mJ): 26 0.286021 0.0909511 0.0194814 0.0892447 
Latency(us)/Energy(mJ): 0 0 0 0 0 
Latency(us)/Energy(mJ): 2086 21.8064 6.87125 1.43932 6.88353 
Latency(us)/Energy(mJ): 34 0.305474 0.0959154 0.0196184 0.0975478 
0.5948 - "n02085620 Chihuahua"
0.0656 - "n02110806 basenji"
0.0383 - "n02113023 Pembroke, Pembroke Welsh corgi"
0.0311 - "n02091244 Ibizan hound, Ibizan Podenco"
0.0298 - "n02389026 sorrel"
