loading weight: /home/nvidia/caffe-build/models/bvlc_alexnet/bvlc_alexnet.caffemodel
loading prototxt: /home/nvidia/caffe-build/models/bvlc_alexnet/deploy.prototxt
---------- Prediction for /home/nvidia/caffe-build/examples/images/cat.jpg ----------
Latency(us)/Energy(mJ): 0 0 0 0 0 
Latency(us)/Energy(mJ): 4431 9.96332 0.803461 1.66478 2.77815 
Latency(us)/Energy(mJ): 36 0.282545 0.0346785 0.0434334 0.078453 
Latency(us)/Energy(mJ): 267 0.672089 0.0816028 0.102204 0.18461 
Latency(us)/Energy(mJ): 113 0.287748 0.0347853 0.0435671 0.0786945 
Latency(us)/Energy(mJ): 3571 9.74918 1.61753 1.36267 2.65247 
Latency(us)/Energy(mJ): 35 0 0 0 0 
Latency(us)/Energy(mJ): 200 0.566969 0.117709 0.0735923 0.15123 
Latency(us)/Energy(mJ): 90 0.225875 0.0468942 0.0293185 0.0602487 
Latency(us)/Energy(mJ): 2720 8.34538 1.79764 1.04685 2.18872 
Latency(us)/Energy(mJ): 32 0.2327 0.056727 0.0283635 0.0597712 
Latency(us)/Energy(mJ): 1960 6.01056 1.48184 0.716766 1.51046 
Latency(us)/Energy(mJ): 32 0.371595 0.094962 0.0431851 0.0910053 
Latency(us)/Energy(mJ): 1555 5.22459 1.38807 0.6027 1.27722 
Latency(us)/Energy(mJ): 31 0 0 0 0 
Latency(us)/Energy(mJ): 48 0 0 0 0 
Latency(us)/Energy(mJ): 2117 7.32429 1.92808 0.836179 1.8178 
Latency(us)/Energy(mJ): 35 0 0 0 0 
Latency(us)/Energy(mJ): 2 0 0 0 0 
Latency(us)/Energy(mJ): 8887 35.4278 8.87176 3.39854 10.5091 
Latency(us)/Energy(mJ): 36 0 0 0 0 
Latency(us)/Energy(mJ): 0 0 0 0 0 
Latency(us)/Energy(mJ): 3786 17.8827 4.33078 1.47567 5.87318 
Latency(us)/Energy(mJ): 227 0.904912 0.217035 0.0722186 0.304607 
0.3094 - "n02124075 Egyptian cat"
0.1761 - "n02123159 tiger cat"
0.1221 - "n02123045 tabby, tabby cat"
0.1132 - "n02119022 red fox, Vulpes vulpes"
0.0421 - "n02085620 Chihuahua"
