loading weight: /home/nvidia/caffe-build/models/bvlc_alexnet/bvlc_alexnet.caffemodel
loading prototxt: /home/nvidia/caffe-build/models/bvlc_alexnet/deploy.prototxt
---------- Prediction for /home/nvidia/caffe-build/examples/images/cat.jpg ----------
Latency(us)/Energy(mJ): 0 0 0 0 0 
Latency(us)/Energy(mJ): 3375 12.0638 0.649879 1.49965 4.69732 
Latency(us)/Energy(mJ): 34 0.438918 0.0350445 0.0526242 0.167294 
Latency(us)/Energy(mJ): 167 1.32795 0.10521 0.157987 0.508801 
Latency(us)/Energy(mJ): 84 0.297529 0.0235155 0.0353118 0.113722 
Latency(us)/Energy(mJ): 3621 14.7102 1.58695 1.6611 5.50819 
Latency(us)/Energy(mJ): 33 0 0 0 0 
Latency(us)/Energy(mJ): 141 0.812152 0.102261 0.087707 0.297208 
Latency(us)/Energy(mJ): 75 0 0 0 0 
Latency(us)/Energy(mJ): 2955 13.175 1.93565 1.3925 4.7187 
Latency(us)/Energy(mJ): 33 0 0 0 0 
Latency(us)/Energy(mJ): 2402 10.7011 1.81244 1.09643 3.71541 
Latency(us)/Energy(mJ): 32 0.36064 0.0672 0.03664 0.12416 
Latency(us)/Energy(mJ): 1537 6.91381 1.27886 0.697282 2.36284 
Latency(us)/Energy(mJ): 32 0 0 0 0 
Latency(us)/Energy(mJ): 48 0.492092 0.090174 0.0491663 0.166607 
Latency(us)/Energy(mJ): 1464 6.53737 1.19465 0.651368 2.24017 
Latency(us)/Energy(mJ): 34 0 0 0 0 
Latency(us)/Energy(mJ): 1 0 0 0 0 
Latency(us)/Energy(mJ): 6571 35.0809 6.51291 3.05156 12.7043 
Latency(us)/Energy(mJ): 36 0 0 0 0 
Latency(us)/Energy(mJ): 0 0 0 0 0 
Latency(us)/Energy(mJ): 2870 16.9569 3.18431 1.30367 6.39111 
Latency(us)/Energy(mJ): 213 1.16866 0.217532 0.0870887 0.44381 
0.3094 - "n02124075 Egyptian cat"
0.1761 - "n02123159 tiger cat"
0.1221 - "n02123045 tabby, tabby cat"
0.1132 - "n02119022 red fox, Vulpes vulpes"
0.0421 - "n02085620 Chihuahua"
