loading weight: /home/nvidia/caffe-build/models/bvlc_alexnet/bvlc_alexnet.caffemodel
loading prototxt: /home/nvidia/caffe-build/models/bvlc_alexnet/deploy.prototxt
---------- Prediction for /home/nvidia/Downloads/ILSVRC2012_img_train_t3/n02085620/n02085620_1152.JPEG ----------
Latency(us)/Energy(mJ): 0 0 0 0 0 
Latency(us)/Energy(mJ): 385 2.03463 0.05624 0.681765 0.54575 
Latency(us)/Energy(mJ): 18 0 0 0 0 
Latency(us)/Energy(mJ): 49 0.401207 0.0110899 0.133663 0.107616 
Latency(us)/Energy(mJ): 52 0.248885 0.00687952 0.0829163 0.0667585 
Latency(us)/Energy(mJ): 6782 37.4049 2.43543 11.8282 9.7878 
Latency(us)/Energy(mJ): 19 0 0 0 0 
Latency(us)/Energy(mJ): 38 0.409393 0.0336447 0.123339 0.106958 
Latency(us)/Energy(mJ): 37 0.251677 0.0206381 0.0758236 0.065753 
Latency(us)/Energy(mJ): 8937 49.4185 5.10624 14.343 12.4877 
Latency(us)/Energy(mJ): 19 0.250071 0.0275598 0.0689899 0.0632068 
Latency(us)/Energy(mJ): 6222 35.1747 4.07695 9.46028 9.10239 
Latency(us)/Energy(mJ): 34 0.260187 0.030966 0.0689288 0.068342 
Latency(us)/Energy(mJ): 4741 27.503 3.24226 7.21709 7.33736 
Latency(us)/Energy(mJ): 32 0.267122 0.0313776 0.069845 0.0718575 
Latency(us)/Energy(mJ): 37 0.164922 0.0193726 0.0431225 0.044365 
Latency(us)/Energy(mJ): 4400 25.8677 3.0197 6.7217 6.9925 
Latency(us)/Energy(mJ): 22 0.265673 0.0308014 0.0685623 0.0730074 
Latency(us)/Energy(mJ): 0 0 0 0 0 
Latency(us)/Energy(mJ): 21562 140.983 14.772 32.8625 43.4886 
Latency(us)/Energy(mJ): 22 0.30474 0.0309523 0.0688531 0.0975494 
Latency(us)/Energy(mJ): 0 0 0 0 0 
Latency(us)/Energy(mJ): 9558 65.5148 6.56597 14.6059 21.2015 
Latency(us)/Energy(mJ): 29 0 0 0 0 
0.5948 - "n02085620 Chihuahua"
0.0656 - "n02110806 basenji"
0.0383 - "n02113023 Pembroke, Pembroke Welsh corgi"
0.0311 - "n02091244 Ibizan hound, Ibizan Podenco"
0.0298 - "n02389026 sorrel"
