loading weight: /home/nvidia/caffe-build/models/bvlc_alexnet/bvlc_alexnet.caffemodel
loading prototxt: /home/nvidia/caffe-build/models/bvlc_alexnet/deploy.prototxt
---------- Prediction for /home/nvidia/caffe-build/examples/images/cat.jpg ----------
Latency(us)/Energy(mJ): 0 0 0 0 0 
Latency(us)/Energy(mJ): 3018 9.97103 0.600505 4.25115 1.87736 
Latency(us)/Energy(mJ): 24 0.351934 0.0298747 0.142125 0.0675855 
Latency(us)/Energy(mJ): 314 1.17835 0.124819 0.457964 0.225458 
Latency(us)/Energy(mJ): 120 0.362737 0.0381618 0.137362 0.0708291 
Latency(us)/Energy(mJ): 3340 12.5851 1.70028 4.54046 2.46496 
Latency(us)/Energy(mJ): 24 0.39729 0.0680473 0.136194 0.0777542 
Latency(us)/Energy(mJ): 236 1.32869 0.226916 0.454162 0.259286 
Latency(us)/Energy(mJ): 95 0.397891 0.0681504 0.1364 0.077872 
Latency(us)/Energy(mJ): 2348 9.39859 1.75901 3.13892 1.84352 
Latency(us)/Energy(mJ): 22 0.437671 0.086688 0.1419 0.0850368 
Latency(us)/Energy(mJ): 1669 6.98873 1.53754 2.11871 1.34082 
Latency(us)/Energy(mJ): 20 0 0 0 0 
Latency(us)/Energy(mJ): 1443 6.69376 1.59705 1.969 1.26866 
Latency(us)/Energy(mJ): 21 0 0 0 0 
Latency(us)/Energy(mJ): 33 0 0 0 0 
Latency(us)/Energy(mJ): 2229 9.9923 2.41541 2.93283 1.92111 
Latency(us)/Energy(mJ): 22 0 0 0 0 
Latency(us)/Energy(mJ): 4 0 0 0 0 
Latency(us)/Energy(mJ): 8654 43.5462 10.3479 10.9065 10.406 
Latency(us)/Energy(mJ): 21 0.538902 0.127106 0.119658 0.142688 
Latency(us)/Energy(mJ): 1 0 0 0 0 
Latency(us)/Energy(mJ): 3767 21.1118 5.02795 4.55042 5.77785 
Latency(us)/Energy(mJ): 160 1.23931 0.292243 0.25989 0.346094 
0.3094 - "n02124075 Egyptian cat"
0.1761 - "n02123159 tiger cat"
0.1221 - "n02123045 tabby, tabby cat"
0.1132 - "n02119022 red fox, Vulpes vulpes"
0.0421 - "n02085620 Chihuahua"
