loading weight: /home/nvidia/caffe-build/models/bvlc_alexnet/bvlc_alexnet.caffemodel
loading prototxt: /home/nvidia/caffe-build/models/bvlc_alexnet/deploy.prototxt
---------- Prediction for /home/nvidia/Downloads/ILSVRC2012_img_train_t3/n02085620/n02085620_1152.JPEG ----------
Latency(us)/Energy(mJ): 0 0 0 0 0 
Latency(us)/Energy(mJ): 119771 454.033 27.8456 73.1422 142.771 
Latency(us)/Energy(mJ): 738 2.77603 0.169794 0.453032 0.862546 
Latency(us)/Energy(mJ): 113987 419.638 26.0936 69.621 131.07 
Latency(us)/Energy(mJ): 8554 31.855 1.96811 5.11889 9.9952 
Latency(us)/Energy(mJ): 244857 925.119 56.0472 149.526 286.11 
Latency(us)/Energy(mJ): 474 1.95983 0.118668 0.31662 0.605776 
Latency(us)/Energy(mJ): 439853 1595.54 100.696 268.67 489.125 
Latency(us)/Energy(mJ): 4167 15.037 0.948353 2.53032 4.60096 
Latency(us)/Energy(mJ): 161326 603.579 36.934 98.5443 188.183 
Latency(us)/Energy(mJ): 161 0.728282 0.0445405 0.11884 0.227371 
Latency(us)/Energy(mJ): 123591 466.24 28.2902 75.4818 144.416 
Latency(us)/Energy(mJ): 161 0.731514 0.0442932 0.11818 0.226108 
Latency(us)/Energy(mJ): 83196 314.553 19.0462 50.8175 97.5962 
Latency(us)/Energy(mJ): 108 0.388563 0.0235275 0.0627741 0.120103 
Latency(us)/Energy(mJ): 1022 3.90913 0.236868 0.631994 1.20917 
Latency(us)/Energy(mJ): 192777 764.034 44.1296 117.743 250.026 
Latency(us)/Energy(mJ): 10 0.118157 0.00681046 0.0181711 0.0387512 
Latency(us)/Energy(mJ): 0 0 0 0 0 
Latency(us)/Energy(mJ): 87011 345.552 19.9173 53.1418 113.329 
Latency(us)/Energy(mJ): 10 0.119349 0.00687916 0.0183544 0.0391421 
Latency(us)/Energy(mJ): 1 0 0 0 0 
Latency(us)/Energy(mJ): 21236 84.2962 4.85875 12.9637 27.6461 
Latency(us)/Energy(mJ): 112 0.406915 0.0234542 0.0625786 0.133453 
0.5948 - "n02085620 Chihuahua"
0.0656 - "n02110806 basenji"
0.0383 - "n02113023 Pembroke, Pembroke Welsh corgi"
0.0311 - "n02091244 Ibizan hound, Ibizan Podenco"
0.0298 - "n02389026 sorrel"
