loading weight: /home/nvidia/caffe-build/models/bvlc_alexnet/bvlc_alexnet.caffemodel
loading prototxt: /home/nvidia/caffe-build/models/bvlc_alexnet/deploy.prototxt
---------- Prediction for /home/nvidia/Downloads/ILSVRC2012_img_train_t3/n02085620/n02085620_1152.JPEG ----------
Latency(us)/Energy(mJ): 0 0 0 0 0 
Latency(us)/Energy(mJ): 233 0.987768 0.0346438 0.156581 0.344387 
Latency(us)/Energy(mJ): 24 0 0 0 0 
Latency(us)/Energy(mJ): 53 0.322446 0.0168086 0.0504258 0.110907 
Latency(us)/Energy(mJ): 50 0.202957 0.0105798 0.0317394 0.0698082 
Latency(us)/Energy(mJ): 1696 7.95567 0.735442 1.17704 2.64211 
Latency(us)/Energy(mJ): 22 0 0 0 0 
Latency(us)/Energy(mJ): 47 0.221524 0.0276452 0.0311348 0.0719682 
Latency(us)/Energy(mJ): 43 0.139406 0.0173972 0.0195932 0.0452898 
Latency(us)/Energy(mJ): 2077 10.7494 1.71115 1.4388 3.33638 
Latency(us)/Energy(mJ): 24 0.151826 0.0281728 0.0195108 0.0461784 
Latency(us)/Energy(mJ): 1578 8.87311 1.7442 1.08459 2.72601 
Latency(us)/Energy(mJ): 32 0.167316 0.0347497 0.019552 0.0517118 
Latency(us)/Energy(mJ): 1141 7.07499 1.52963 0.802777 2.19724 
Latency(us)/Energy(mJ): 34 0 0 0 0 
Latency(us)/Energy(mJ): 38 0.456695 0.100778 0.0503524 0.143203 
Latency(us)/Energy(mJ): 926 5.85302 1.32554 0.635332 1.84489 
Latency(us)/Energy(mJ): 28 0.182378 0.0409777 0.0194001 0.0578892 
Latency(us)/Energy(mJ): 0 0 0 0 0 
Latency(us)/Energy(mJ): 5899 44.0294 9.34887 4.04769 15.2073 
Latency(us)/Energy(mJ): 28 0.234698 0.047766 0.019551 0.0850725 
Latency(us)/Energy(mJ): 0 0 0 0 0 
Latency(us)/Energy(mJ): 2624 22.1094 4.48397 1.78778 8.10038 
Latency(us)/Energy(mJ): 34 0.247403 0.0498904 0.0195236 0.0914704 
0.5948 - "n02085620 Chihuahua"
0.0656 - "n02110806 basenji"
0.0383 - "n02113023 Pembroke, Pembroke Welsh corgi"
0.0311 - "n02091244 Ibizan hound, Ibizan Podenco"
0.0298 - "n02389026 sorrel"
