loading weight: /home/nvidia/caffe-build/models/bvlc_alexnet/bvlc_alexnet.caffemodel
loading prototxt: /home/nvidia/caffe-build/models/bvlc_alexnet/deploy.prototxt
---------- Prediction for /home/nvidia/Downloads/ILSVRC2012_img_train_t3/n02085620/n02085620_1152.JPEG ----------
Latency(us)/Energy(mJ): 0 0 0 0 0 
Latency(us)/Energy(mJ): 216 0.87763 0.0418897 0.138005 0.304992 
Latency(us)/Energy(mJ): 22 0.126223 0.00652192 0.0195658 0.0435744 
Latency(us)/Energy(mJ): 50 0.2041 0.0139263 0.0313684 0.0699968 
Latency(us)/Energy(mJ): 46 0.128839 0.0087169 0.0196345 0.0438131 
Latency(us)/Energy(mJ): 1098 5.36195 0.714149 0.756126 1.72286 
Latency(us)/Energy(mJ): 22 0.240463 0.0420994 0.0315745 0.0738577 
Latency(us)/Energy(mJ): 40 0.150786 0.0263991 0.0197993 0.0463137 
Latency(us)/Energy(mJ): 41 0.238204 0.0448384 0.0310524 0.0726364 
Latency(us)/Energy(mJ): 1223 6.79125 1.54651 0.826942 1.96223 
Latency(us)/Energy(mJ): 24 0.269285 0.0690057 0.0310661 0.0761053 
Latency(us)/Energy(mJ): 1033 6.54364 1.80097 0.705136 1.83485 
Latency(us)/Energy(mJ): 31 0.188437 0.0553257 0.0191394 0.0523125 
Latency(us)/Energy(mJ): 717 5.13233 1.5499 0.501878 1.42455 
Latency(us)/Energy(mJ): 30 0.3277 0.103372 0.0310072 0.0908068 
Latency(us)/Energy(mJ): 36 0.205667 0.0645391 0.0193589 0.056694 
Latency(us)/Energy(mJ): 625 4.71101 1.484 0.435747 1.30784 
Latency(us)/Energy(mJ): 27 0.213097 0.0670147 0.019455 0.0602366 
Latency(us)/Energy(mJ): 0 0 0 0 0 
Latency(us)/Energy(mJ): 4727 40.9157 12.3623 3.21824 12.5037 
Latency(us)/Energy(mJ): 26 0.439472 0.127983 0.031099 0.141603 
Latency(us)/Energy(mJ): 0 0 0 0 0 
Latency(us)/Energy(mJ): 2110 20.8422 6.11652 1.43001 6.79949 
Latency(us)/Energy(mJ): 34 0.760267 0.219542 0.0506352 0.250367 
0.5948 - "n02085620 Chihuahua"
0.0656 - "n02110806 basenji"
0.0383 - "n02113023 Pembroke, Pembroke Welsh corgi"
0.0311 - "n02091244 Ibizan hound, Ibizan Podenco"
0.0298 - "n02389026 sorrel"
