loading weight: /home/nvidia/caffe-build/models/bvlc_alexnet/bvlc_alexnet.caffemodel
loading prototxt: /home/nvidia/caffe-build/models/bvlc_alexnet/deploy.prototxt
---------- Prediction for /home/nvidia/caffe-build/examples/images/cat.jpg ----------
Latency(us)/Energy(mJ): 0 0 0 0 0 
Latency(us)/Energy(mJ): 4303 15.4783 0.765626 1.60635 6.04698 
Latency(us)/Energy(mJ): 49 0 0 0 0 
Latency(us)/Energy(mJ): 919 3.50535 0.343609 0.343609 1.32676 
Latency(us)/Energy(mJ): 270 0.728715 0.0711666 0.0711666 0.276216 
Latency(us)/Energy(mJ): 2700 11.8196 1.40147 1.10104 4.40627 
Latency(us)/Energy(mJ): 55 0.318595 0.0507006 0.0281916 0.11594 
Latency(us)/Energy(mJ): 569 0.800588 0.127404 0.0708419 0.291342 
Latency(us)/Energy(mJ): 222 2.38946 0.380254 0.211437 0.869548 
Latency(us)/Energy(mJ): 1878 8.22539 1.40729 0.708831 2.93556 
Latency(us)/Energy(mJ): 51 0.52029 0.096138 0.0436055 0.181976 
Latency(us)/Energy(mJ): 1766 7.7501 1.52754 0.642576 2.68161 
Latency(us)/Energy(mJ): 47 0.498352 0.105251 0.0404241 0.168699 
Latency(us)/Energy(mJ): 1310 6.02595 1.29405 0.486251 2.02924 
Latency(us)/Energy(mJ): 40 0.467613 0.104611 0.037319 0.155741 
Latency(us)/Energy(mJ): 71 0.419873 0.0939306 0.0335089 0.13984 
Latency(us)/Energy(mJ): 5780 26.5208 5.47715 2.18182 8.97852 
Latency(us)/Energy(mJ): 30 0.335126 0.0658604 0.0273939 0.115759 
Latency(us)/Energy(mJ): 1 0 0 0 0 
Latency(us)/Energy(mJ): 5154 27.4289 5.67237 1.96127 9.77051 
Latency(us)/Energy(mJ): 41 0.439479 0.0957186 0.0281178 0.158153 
Latency(us)/Energy(mJ): 0 0 0 0 0 
Latency(us)/Energy(mJ): 2146 13.3469 2.91037 0.819588 4.85404 
Latency(us)/Energy(mJ): 276 1.65966 0.373665 0.0981837 0.607739 
0.3094 - "n02124075 Egyptian cat"
0.1761 - "n02123159 tiger cat"
0.1221 - "n02123045 tabby, tabby cat"
0.1132 - "n02119022 red fox, Vulpes vulpes"
0.0421 - "n02085620 Chihuahua"
