loading weight: /home/nvidia/caffe-build/models/bvlc_alexnet/bvlc_alexnet.caffemodel
loading prototxt: /home/nvidia/caffe-build/models/bvlc_alexnet/deploy.prototxt
---------- Prediction for /home/nvidia/caffe-build/examples/images/cat.jpg ----------
Latency(us)/Energy(mJ): 0 0 0 0 0 
Latency(us)/Energy(mJ): 3518 12.4931 0.642705 1.84804 4.48874 
Latency(us)/Energy(mJ): 60 0.297387 0.0237443 0.0415719 0.104397 
Latency(us)/Energy(mJ): 362 1.43537 0.142505 0.199209 0.507348 
Latency(us)/Energy(mJ): 187 0.727765 0.0713385 0.0997245 0.25398 
Latency(us)/Energy(mJ): 2400 9.95822 1.2382 1.29468 3.40602 
Latency(us)/Energy(mJ): 57 0.476437 0.0751578 0.0584196 0.157208 
Latency(us)/Energy(mJ): 303 1.14841 0.181162 0.140816 0.378937 
Latency(us)/Energy(mJ): 178 0.81199 0.128091 0.0995643 0.271471 
Latency(us)/Energy(mJ): 1762 7.99781 1.3799 0.955326 2.6246 
Latency(us)/Energy(mJ): 57 0.339216 0.06216 0.039516 0.10915 
Latency(us)/Energy(mJ): 1677 7.81344 1.55171 0.896319 2.47952 
Latency(us)/Energy(mJ): 61 0 0 0 0 
Latency(us)/Energy(mJ): 1243 6.2673 1.33929 0.698045 1.95426 
Latency(us)/Energy(mJ): 56 0 0 0 0 
Latency(us)/Energy(mJ): 89 0.90598 0.199502 0.0997512 0.279266 
Latency(us)/Energy(mJ): 1927 8.99404 1.91264 0.996044 2.80886 
Latency(us)/Energy(mJ): 55 0.561071 0.121645 0.0608226 0.178937 
Latency(us)/Energy(mJ): 2 0 0 0 0 
Latency(us)/Energy(mJ): 4989 27.6432 6.07795 2.63008 9.16565 
Latency(us)/Energy(mJ): 59 0.69972 0.155355 0.0604221 0.240331 
Latency(us)/Energy(mJ): 5 0 0 0 0 
Latency(us)/Energy(mJ): 2138 13.6839 3.12574 1.13587 4.73086 
Latency(us)/Energy(mJ): 385 2.49169 0.568368 0.199022 0.866339 
0.3094 - "n02124075 Egyptian cat"
0.1761 - "n02123159 tiger cat"
0.1221 - "n02123045 tabby, tabby cat"
0.1132 - "n02119022 red fox, Vulpes vulpes"
0.0421 - "n02085620 Chihuahua"
