loading weight: /home/nvidia/caffe-build/models/bvlc_alexnet/bvlc_alexnet.caffemodel
loading prototxt: /home/nvidia/caffe-build/models/bvlc_alexnet/deploy.prototxt
---------- Prediction for /home/nvidia/caffe-build/examples/images/cat.jpg ----------
Latency(us)/Energy(mJ): 0 0 0 0 0 
Latency(us)/Energy(mJ): 6123 12.4421 1.00299 2.13093 3.40205 
Latency(us)/Energy(mJ): 67 0.285565 0.0355935 0.0445794 0.0759717 
Latency(us)/Energy(mJ): 1212 2.91217 0.362981 0.454618 0.792379 
Latency(us)/Energy(mJ): 419 0.918441 0.119076 0.142257 0.249508 
Latency(us)/Energy(mJ): 4036 10.6612 1.81732 1.55293 2.88693 
Latency(us)/Energy(mJ): 62 0.310514 0.0670878 0.0419436 0.0820206 
Latency(us)/Energy(mJ): 701 1.06092 0.229217 0.143307 0.280237 
Latency(us)/Energy(mJ): 340 1.75279 0.378698 0.236764 0.462991 
Latency(us)/Energy(mJ): 2790 8.26045 1.83185 1.08335 2.17238 
Latency(us)/Energy(mJ): 47 0 0 0 0 
Latency(us)/Energy(mJ): 2235 7.00384 1.78658 0.875181 1.78781 
Latency(us)/Energy(mJ): 51 0 0 0 0 
Latency(us)/Energy(mJ): 1954 6.41076 1.72473 0.778 1.59877 
Latency(us)/Energy(mJ): 33 0 0 0 0 
Latency(us)/Energy(mJ): 96 0.356374 0.102913 0.0429177 0.0881948 
Latency(us)/Energy(mJ): 7477 22.6247 5.72693 2.85923 5.61122 
Latency(us)/Energy(mJ): 49 0 0 0 0 
Latency(us)/Energy(mJ): 2 0 0 0 0 
Latency(us)/Energy(mJ): 9028 32.687 7.73426 3.45678 10.03 
Latency(us)/Energy(mJ): 62 0.468485 0.113683 0.0437772 0.158148 
Latency(us)/Energy(mJ): 3 0 0 0 0 
Latency(us)/Energy(mJ): 3815 16.0997 3.81187 1.43319 5.52248 
Latency(us)/Energy(mJ): 327 1.6732 0.399485 0.142753 0.587083 
0.3094 - "n02124075 Egyptian cat"
0.1761 - "n02123159 tiger cat"
0.1221 - "n02123045 tabby, tabby cat"
0.1132 - "n02119022 red fox, Vulpes vulpes"
0.0421 - "n02085620 Chihuahua"
