loading weight: /home/nvidia/caffe-build/models/bvlc_alexnet/bvlc_alexnet.caffemodel
loading prototxt: /home/nvidia/caffe-build/models/bvlc_alexnet/deploy.prototxt
---------- Prediction for /home/nvidia/Downloads/ILSVRC2012_img_train_t3/n02085620/n02085620_1152.JPEG ----------
Latency(us)/Energy(mJ): 0 0 0 0 0 
Latency(us)/Energy(mJ): 337 1.31211 0.0641852 0.272968 0.40239 
Latency(us)/Energy(mJ): 30 0.335313 0.0224968 0.0675642 0.100314 
Latency(us)/Energy(mJ): 84 0.338305 0.0280264 0.067381 0.100042 
Latency(us)/Energy(mJ): 63 0.343275 0.0337454 0.0674909 0.100775 
Latency(us)/Energy(mJ): 1088 5.40594 0.786776 0.98459 1.53413 
Latency(us)/Energy(mJ): 46 0.151292 0.0280736 0.0259228 0.0416859 
Latency(us)/Energy(mJ): 62 0.396121 0.0751223 0.067381 0.108354 
Latency(us)/Energy(mJ): 63 0.391284 0.0768533 0.0659154 0.105997 
Latency(us)/Energy(mJ): 1081 6.37079 1.49684 1.00903 1.65474 
Latency(us)/Energy(mJ): 36 0.274127 0.0684869 0.0410652 0.0704167 
Latency(us)/Energy(mJ): 1122 7.38321 2.06211 1.03366 1.91362 
Latency(us)/Energy(mJ): 62 0.314609 0.0932727 0.0414495 0.0823101 
Latency(us)/Energy(mJ): 646 4.75423 1.45833 0.606151 1.23759 
Latency(us)/Energy(mJ): 43 0.208905 0.0649051 0.0259677 0.0548302 
Latency(us)/Energy(mJ): 58 0.546046 0.174389 0.067527 0.142582 
Latency(us)/Energy(mJ): 784 5.76235 1.80432 0.713005 1.51292 
Latency(us)/Energy(mJ): 38 0.210644 0.0647678 0.0259128 0.0563568 
Latency(us)/Energy(mJ): 2 0 0 0 0 
Latency(us)/Energy(mJ): 4684 40.9176 12.1742 4.04074 12.0627 
Latency(us)/Energy(mJ): 43 0.438282 0.127047 0.0377938 0.137194 
Latency(us)/Energy(mJ): 1 0.273168 0.078876 0.023464 0.085176 
Latency(us)/Energy(mJ): 2068 20.7262 5.99887 1.72418 6.58161 
Latency(us)/Energy(mJ): 54 0.466083 0.133591 0.0376932 0.149738 
0.5948 - "n02085620 Chihuahua"
0.0656 - "n02110806 basenji"
0.0383 - "n02113023 Pembroke, Pembroke Welsh corgi"
0.0311 - "n02091244 Ibizan hound, Ibizan Podenco"
0.0298 - "n02389026 sorrel"
