loading weight: /home/nvidia/caffe-build/models/bvlc_alexnet/bvlc_alexnet.caffemodel
loading prototxt: /home/nvidia/caffe-build/models/bvlc_alexnet/deploy.prototxt
---------- Prediction for /home/nvidia/Downloads/ILSVRC2012_img_train_t3/n02085620/n02085620_1152.JPEG ----------
Latency(us)/Energy(mJ): 0 0 0 0 0 
Latency(us)/Energy(mJ): 364 0.851894 0.0336448 0.121247 0.300438 
Latency(us)/Energy(mJ): 31 0.118977 0.00631124 0.0168392 0.0417258 
Latency(us)/Energy(mJ): 164 0.62945 0.0330447 0.0881673 0.219832 
Latency(us)/Energy(mJ): 119 0.64572 0.0411225 0.0894137 0.224339 
Latency(us)/Energy(mJ): 1420 6.61527 0.684068 0.864125 2.20277 
Latency(us)/Energy(mJ): 28 0.134616 0.0167994 0.0168269 0.0437335 
Latency(us)/Energy(mJ): 123 0.580094 0.0757126 0.0722935 0.187892 
Latency(us)/Energy(mJ): 94 0.493585 0.0688374 0.0612222 0.159118 
Latency(us)/Energy(mJ): 1684 8.51808 1.45569 1.00976 2.63704 
Latency(us)/Energy(mJ): 36 0.392931 0.072912 0.044835 0.120908 
Latency(us)/Energy(mJ): 1440 8.15507 1.67078 0.878473 2.51252 
Latency(us)/Energy(mJ): 43 0.267685 0.0586763 0.0275964 0.0831059 
Latency(us)/Energy(mJ): 1006 6.16807 1.3966 0.616246 1.91147 
Latency(us)/Energy(mJ): 37 0.186548 0.04321 0.018178 0.0581398 
Latency(us)/Energy(mJ): 52 0.268554 0.062205 0.026169 0.0836979 
Latency(us)/Energy(mJ): 1911 11.9781 2.7217 1.16949 3.7435 
Latency(us)/Energy(mJ): 38 0.240805 0.0534646 0.0237534 0.0774906 
Latency(us)/Energy(mJ): 1 0 0 0 0 
Latency(us)/Energy(mJ): 5485 39.9617 8.56267 3.07995 13.8183 
Latency(us)/Energy(mJ): 34 0.246807 0.0532561 0.0161925 0.0889223 
Latency(us)/Energy(mJ): 0 0 0 0 0 
Latency(us)/Energy(mJ): 2383 19.9343 4.21218 1.26411 7.28533 
Latency(us)/Energy(mJ): 51 0.6332 0.13381 0.0389943 0.235136 
0.5948 - "n02085620 Chihuahua"
0.0656 - "n02110806 basenji"
0.0383 - "n02113023 Pembroke, Pembroke Welsh corgi"
0.0311 - "n02091244 Ibizan hound, Ibizan Podenco"
0.0298 - "n02389026 sorrel"
