loading weight: /home/nvidia/caffe-build/models/bvlc_alexnet/bvlc_alexnet.caffemodel
loading prototxt: /home/nvidia/caffe-build/models/bvlc_alexnet/deploy.prototxt
---------- Prediction for /home/nvidia/Downloads/ILSVRC2012_img_train_t3/n02085620/n02085620_1152.JPEG ----------
Latency(us)/Energy(mJ): 0 0 0 0 0 
Latency(us)/Energy(mJ): 384 0.85735 0.0513739 0.106821 0.29992 
Latency(us)/Energy(mJ): 32 0.121679 0.0085217 0.01492 0.0423012 
Latency(us)/Energy(mJ): 147 0.65878 0.0621705 0.079267 0.224437 
Latency(us)/Energy(mJ): 134 0.669074 0.0747089 0.0781562 0.223069 
Latency(us)/Energy(mJ): 949 4.66954 0.762045 0.504267 1.48206 
Latency(us)/Energy(mJ): 33 0 0 0 0 
Latency(us)/Energy(mJ): 126 0.770602 0.16098 0.077697 0.233819 
Latency(us)/Energy(mJ): 113 0.640617 0.141429 0.0633538 0.190654 
Latency(us)/Energy(mJ): 974 5.54475 1.44085 0.517158 1.58776 
Latency(us)/Energy(mJ): 41 0.272562 0.0763609 0.0242863 0.0774524 
Latency(us)/Energy(mJ): 1047 6.72751 2.03923 0.556866 1.88949 
Latency(us)/Energy(mJ): 49 0.510425 0.164042 0.0396014 0.141868 
Latency(us)/Energy(mJ): 667 4.66407 1.55412 0.348777 1.28968 
Latency(us)/Energy(mJ): 48 0.336398 0.114981 0.0244038 0.0926796 
Latency(us)/Energy(mJ): 54 0.538187 0.1868 0.0389179 0.147801 
Latency(us)/Energy(mJ): 1951 13.794 4.57886 1.02761 3.84524 
Latency(us)/Energy(mJ): 40 0.513729 0.161432 0.0389713 0.148003 
Latency(us)/Energy(mJ): 0 0 0 0 0 
Latency(us)/Energy(mJ): 4659 38.7103 12.1987 2.47153 11.9256 
Latency(us)/Energy(mJ): 40 0.425438 0.134824 0.0207387 0.136322 
Latency(us)/Energy(mJ): 1 0 0 0 0 
Latency(us)/Energy(mJ): 2054 19.9843 6.24413 0.936411 6.4777 
Latency(us)/Energy(mJ): 46 0.759346 0.234837 0.0343755 0.248978 
0.5948 - "n02085620 Chihuahua"
0.0656 - "n02110806 basenji"
0.0383 - "n02113023 Pembroke, Pembroke Welsh corgi"
0.0311 - "n02091244 Ibizan hound, Ibizan Podenco"
0.0298 - "n02389026 sorrel"
