loading weight: /home/nvidia/caffe-build/models/bvlc_alexnet/bvlc_alexnet.caffemodel
loading prototxt: /home/nvidia/caffe-build/models/bvlc_alexnet/deploy.prototxt
---------- Prediction for /home/nvidia/Downloads/ILSVRC2012_img_train_t3/n02085620/n02085620_1152.JPEG ----------
Latency(us)/Energy(mJ): 0 0 0 0 0 
Latency(us)/Energy(mJ): 189 0.717496 0.0352065 0.140826 0.238604 
Latency(us)/Energy(mJ): 19 0.213927 0.0137799 0.0413849 0.0701194 
Latency(us)/Energy(mJ): 46 0.134245 0.0085766 0.0257579 0.0436422 
Latency(us)/Energy(mJ): 41 0.352816 0.0279349 0.0671611 0.113793 
Latency(us)/Energy(mJ): 1031 5.33539 0.740635 0.93454 1.63057 
Latency(us)/Energy(mJ): 19 0 0 0 0 
Latency(us)/Energy(mJ): 36 0.24967 0.0444416 0.0410368 0.073696 
Latency(us)/Energy(mJ): 36 0.153517 0.0292205 0.0250618 0.0450072 
Latency(us)/Energy(mJ): 1158 7.02205 1.65267 1.06321 1.93516 
Latency(us)/Energy(mJ): 21 0.289739 0.075812 0.0413397 0.0778 
Latency(us)/Energy(mJ): 977 6.63031 1.9013 0.88691 1.76532 
Latency(us)/Energy(mJ): 29 0.32799 0.100026 0.0413946 0.0874037 
Latency(us)/Energy(mJ): 688 5.11398 1.6148 0.622218 1.35448 
Latency(us)/Energy(mJ): 29 0 0 0 0 
Latency(us)/Energy(mJ): 33 0.564745 0.182611 0.0664107 0.149091 
Latency(us)/Energy(mJ): 611 4.66759 1.53366 0.537544 1.23194 
Latency(us)/Energy(mJ): 24 0.365862 0.117787 0.0415959 0.0982845 
Latency(us)/Energy(mJ): 0 0 0 0 0 
Latency(us)/Energy(mJ): 4647 43.2122 13.7241 4.24767 12.5021 
Latency(us)/Energy(mJ): 24 0.286388 0.0887125 0.0253544 0.0870481 
Latency(us)/Energy(mJ): 0 0 0 0 0 
Latency(us)/Energy(mJ): 2038 21.6626 6.68552 1.81571 6.69612 
Latency(us)/Energy(mJ): 31 0 0 0 0 
0.5948 - "n02085620 Chihuahua"
0.0656 - "n02110806 basenji"
0.0383 - "n02113023 Pembroke, Pembroke Welsh corgi"
0.0311 - "n02091244 Ibizan hound, Ibizan Podenco"
0.0298 - "n02389026 sorrel"
