loading weight: /home/nvidia/caffe-build/models/bvlc_alexnet/bvlc_alexnet.caffemodel
loading prototxt: /home/nvidia/caffe-build/models/bvlc_alexnet/deploy.prototxt
---------- Prediction for /home/nvidia/Downloads/ILSVRC2012_img_train_t3/n02085620/n02085620_1152.JPEG ----------
Latency(us)/Energy(mJ): 0 0 0 0 0 
Latency(us)/Energy(mJ): 641 2.2469 0.0949818 0.190588 0.826091 
Latency(us)/Energy(mJ): 62 0.29186 0.0122178 0.0245159 0.106262 
Latency(us)/Energy(mJ): 114 0.424101 0.0177536 0.035624 0.155954 
Latency(us)/Energy(mJ): 113 0.295491 0.0123698 0.0248209 0.107584 
Latency(us)/Energy(mJ): 6810 26.0963 2.48251 2.07574 9.10548 
Latency(us)/Energy(mJ): 62 0.327217 0.0373636 0.0248819 0.11258 
Latency(us)/Energy(mJ): 98 0.32449 0.0370522 0.0246745 0.111642 
Latency(us)/Energy(mJ): 104 0.504824 0.0576439 0.0383873 0.173687 
Latency(us)/Energy(mJ): 8621 35.1561 4.93803 2.63127 11.6533 
Latency(us)/Energy(mJ): 65 0.336021 0.0497598 0.0248392 0.112387 
Latency(us)/Energy(mJ): 6299 27.1133 4.05336 1.91876 9.13316 
Latency(us)/Energy(mJ): 71 0.359612 0.0557432 0.0247477 0.122846 
Latency(us)/Energy(mJ): 4717 21.0563 3.22854 1.43334 7.22453 
Latency(us)/Energy(mJ): 72 0.367326 0.0557157 0.0247355 0.125867 
Latency(us)/Energy(mJ): 86 0.370408 0.0559768 0.0248514 0.126457 
Latency(us)/Energy(mJ): 4108 18.6244 2.81203 1.24843 6.45294 
Latency(us)/Energy(mJ): 65 0.371018 0.0554134 0.0246013 0.131395 
Latency(us)/Energy(mJ): 1 0 0 0 0 
Latency(us)/Energy(mJ): 21524 112.818 14.7602 6.56403 43.3209 
Latency(us)/Energy(mJ): 66 0.461564 0.0515572 0.0257786 0.182732 
Latency(us)/Energy(mJ): 1 0 0 0 0 
Latency(us)/Energy(mJ): 9513 52.7664 5.82412 2.90146 20.9357 
Latency(us)/Energy(mJ): 78 0.451859 0.0494588 0.0247294 0.179917 
0.5948 - "n02085620 Chihuahua"
0.0656 - "n02110806 basenji"
0.0383 - "n02113023 Pembroke, Pembroke Welsh corgi"
0.0311 - "n02091244 Ibizan hound, Ibizan Podenco"
0.0298 - "n02389026 sorrel"
