loading weight: /home/nvidia/caffe-build/models/bvlc_alexnet/bvlc_alexnet.caffemodel
loading prototxt: /home/nvidia/caffe-build/models/bvlc_alexnet/deploy.prototxt
---------- Prediction for /home/nvidia/Downloads/ILSVRC2012_img_train_t3/n02085620/n02085620_1152.JPEG ----------
Latency(us)/Energy(mJ): 0 0 0 0 0 
Latency(us)/Energy(mJ): 322 1.20107 0.047196 0.118611 0.446189 
Latency(us)/Energy(mJ): 34 0.176924 0.0103966 0.0173428 0.0652398 
Latency(us)/Energy(mJ): 62 0.121898 0.00716312 0.011949 0.0449494 
Latency(us)/Energy(mJ): 65 0.30024 0.0174727 0.0291466 0.109643 
Latency(us)/Energy(mJ): 2374 9.86343 0.971234 0.900519 3.44919 
Latency(us)/Energy(mJ): 33 0.336034 0.042841 0.0288874 0.114791 
Latency(us)/Energy(mJ): 53 0.201656 0.0278005 0.0173355 0.068887 
Latency(us)/Energy(mJ): 55 0.137392 0.018941 0.011811 0.046934 
Latency(us)/Energy(mJ): 2952 13.7465 2.30106 1.12894 4.4711 
Latency(us)/Energy(mJ): 35 0.220005 0.0418795 0.0174193 0.0709574 
Latency(us)/Energy(mJ): 2232 11.3464 2.24635 0.851665 3.66164 
Latency(us)/Energy(mJ): 41 0.240452 0.0483804 0.0172593 0.0771459 
Latency(us)/Energy(mJ): 1634 8.83681 1.90852 0.619757 2.86894 
Latency(us)/Energy(mJ): 42 0.250514 0.0552625 0.0172441 0.0813775 
Latency(us)/Energy(mJ): 48 0.170146 0.0375335 0.0117119 0.0558546 
Latency(us)/Energy(mJ): 1331 7.56733 1.65483 0.511713 2.48341 
Latency(us)/Energy(mJ): 37 0.177048 0.0377533 0.0117805 0.05915 
Latency(us)/Energy(mJ): 0 0 0 0 0 
Latency(us)/Energy(mJ): 7620 51.2113 10.2786 2.91412 18.6829 
Latency(us)/Energy(mJ): 37 0.227749 0.0424497 0.0117881 0.0870033 
Latency(us)/Energy(mJ): 0 0 0 0 0 
Latency(us)/Energy(mJ): 3357 25.3038 4.79661 1.27364 9.78274 
Latency(us)/Energy(mJ): 45 0.357572 0.0668686 0.0175946 0.139602 
0.5948 - "n02085620 Chihuahua"
0.0656 - "n02110806 basenji"
0.0383 - "n02113023 Pembroke, Pembroke Welsh corgi"
0.0311 - "n02091244 Ibizan hound, Ibizan Podenco"
0.0298 - "n02389026 sorrel"
