loading weight: /home/nvidia/caffe-build/models/bvlc_alexnet/bvlc_alexnet.caffemodel
loading prototxt: /home/nvidia/caffe-build/models/bvlc_alexnet/deploy.prototxt
---------- Prediction for /home/nvidia/Downloads/ILSVRC2012_img_train_t3/n02085620/n02085620_1152.JPEG ----------
Latency(us)/Energy(mJ): 0 0 0 0 0 
Latency(us)/Energy(mJ): 293191 989.418 67.0723 89.3321 334.49 
Latency(us)/Energy(mJ): 1884 6.39582 0.435517 0.580055 2.14906 
Latency(us)/Energy(mJ): 295234 982.15 67.5913 90.0234 333.563 
Latency(us)/Energy(mJ): 20817 69.9809 4.76651 6.3484 23.6777 
Latency(us)/Energy(mJ): 605670 2053.48 138.665 184.685 696.328 
Latency(us)/Energy(mJ): 1190 4.03489 0.272712 0.363218 1.36951 
Latency(us)/Energy(mJ): 1128915 3710.51 258.452 344.227 1254.11 
Latency(us)/Energy(mJ): 10344 33.9662 2.36637 3.15172 11.4805 
Latency(us)/Energy(mJ): 402949 1356.2 92.2476 122.862 462.62 
Latency(us)/Energy(mJ): 412 1.49815 0.102015 0.135871 0.505793 
Latency(us)/Energy(mJ): 308253 1041.23 70.5703 93.9911 354.391 
Latency(us)/Energy(mJ): 412 1.40049 0.0953648 0.127014 0.478906 
Latency(us)/Energy(mJ): 205330 696.895 47.0001 62.5984 236.027 
Latency(us)/Energy(mJ): 272 1.00043 0.0681229 0.0907314 0.342102 
Latency(us)/Energy(mJ): 2558 8.60659 0.586057 0.780556 2.90965 
Latency(us)/Energy(mJ): 399385 1417.48 91.4382 121.785 488.766 
Latency(us)/Energy(mJ): 28 0.109748 0.00707152 0.0094184 0.0378589 
Latency(us)/Energy(mJ): 1 0 0 0 0 
Latency(us)/Energy(mJ): 177661 631.207 40.6714 54.1694 217.743 
Latency(us)/Energy(mJ): 31 0.16192 0.0104332 0.0138958 0.0558566 
Latency(us)/Energy(mJ): 5 0 0 0 0 
Latency(us)/Energy(mJ): 43080 153.113 9.86572 13.1399 52.8182 
Latency(us)/Energy(mJ): 285 0.954675 0.061514 0.0819291 0.329328 
0.5948 - "n02085620 Chihuahua"
0.0656 - "n02110806 basenji"
0.0383 - "n02113023 Pembroke, Pembroke Welsh corgi"
0.0311 - "n02091244 Ibizan hound, Ibizan Podenco"
0.0298 - "n02389026 sorrel"
