loading weight: /home/nvidia/caffe-build/models/bvlc_alexnet/bvlc_alexnet.caffemodel
loading prototxt: /home/nvidia/caffe-build/models/bvlc_alexnet/deploy.prototxt
---------- Prediction for /home/nvidia/caffe-build/examples/images/cat.jpg ----------
Latency(us)/Energy(mJ): 0 0 0 0 0 
Latency(us)/Energy(mJ): 2741 9.89932 0.524899 1.21675 3.86454 
Latency(us)/Energy(mJ): 30 0.42439 0.0328942 0.0493953 0.161236 
Latency(us)/Energy(mJ): 174 0.322473 0.0313049 0.0375331 0.122515 
Latency(us)/Energy(mJ): 84 0.741362 0.0712812 0.0854628 0.280402 
Latency(us)/Energy(mJ): 2352 9.48876 1.14636 1.03531 3.48628 
Latency(us)/Energy(mJ): 30 0.456872 0.071448 0.047632 0.163384 
Latency(us)/Energy(mJ): 152 0.379158 0.0587729 0.0391819 0.134399 
Latency(us)/Energy(mJ): 75 0.469127 0.072719 0.0484793 0.16629 
Latency(us)/Energy(mJ): 1848 8.58813 1.4421 0.860719 2.98451 
Latency(us)/Energy(mJ): 28 0 0 0 0 
Latency(us)/Energy(mJ): 1492 7.17495 1.44657 0.690275 2.39863 
Latency(us)/Energy(mJ): 27 0.360598 0.0794058 0.0340523 0.119704 
Latency(us)/Energy(mJ): 1066 5.12718 1.1266 0.479343 1.68503 
Latency(us)/Energy(mJ): 27 0 0 0 0 
Latency(us)/Energy(mJ): 43 0.383221 0.088394 0.0353576 0.124292 
Latency(us)/Energy(mJ): 1198 5.63008 1.24836 0.520219 1.84757 
Latency(us)/Energy(mJ): 30 0.576186 0.130874 0.0523494 0.192367 
Latency(us)/Energy(mJ): 1 0 0 0 0 
Latency(us)/Energy(mJ): 4994 28.2837 6.4705 2.27383 9.72459 
Latency(us)/Energy(mJ): 30 0 0 0 0 
Latency(us)/Energy(mJ): 0 0 0 0 0 
Latency(us)/Energy(mJ): 2158 14.0749 3.30818 0.993465 4.99978 
Latency(us)/Energy(mJ): 188 1.76146 0.420845 0.120054 0.631951 
0.3094 - "n02124075 Egyptian cat"
0.1761 - "n02123159 tiger cat"
0.1221 - "n02123045 tabby, tabby cat"
0.1132 - "n02119022 red fox, Vulpes vulpes"
0.0421 - "n02085620 Chihuahua"
