loading weight: /home/nvidia/caffe-build/models/bvlc_alexnet/bvlc_alexnet.caffemodel
loading prototxt: /home/nvidia/caffe-build/models/bvlc_alexnet/deploy.prototxt
---------- Prediction for /home/nvidia/caffe-build/examples/images/cat.jpg ----------
Latency(us)/Energy(mJ): 0 0 0 0 0 
Latency(us)/Energy(mJ): 2966 10.8447 0.623301 4.97727 1.94178 
Latency(us)/Energy(mJ): 21 0 0 0 0 
Latency(us)/Energy(mJ): 291 1.0292 0.101879 0.448323 0.18909 
Latency(us)/Energy(mJ): 111 0.435102 0.0430705 0.189533 0.0799398 
Latency(us)/Energy(mJ): 3252 13.3058 1.71384 5.24869 2.5041 
Latency(us)/Energy(mJ): 21 0 0 0 0 
Latency(us)/Energy(mJ): 191 0.799745 0.1284 0.299788 0.150454 
Latency(us)/Energy(mJ): 85 0.510699 0.0819934 0.191437 0.0983444 
Latency(us)/Energy(mJ): 2371 10.2046 1.79679 3.6872 1.94897 
Latency(us)/Energy(mJ): 18 0.510921 0.104699 0.174536 0.0963549 
Latency(us)/Energy(mJ): 1667 7.21046 1.51073 2.42289 1.33759 
Latency(us)/Energy(mJ): 20 0.522861 0.112195 0.172704 0.0953433 
Latency(us)/Energy(mJ): 1410 6.50243 1.48888 2.12688 1.18992 
Latency(us)/Energy(mJ): 18 0 0 0 0 
Latency(us)/Energy(mJ): 30 0 0 0 0 
Latency(us)/Energy(mJ): 2154 10.259 2.3414 3.34535 1.89864 
Latency(us)/Energy(mJ): 22 0.356072 0.0803136 0.11483 0.069184 
Latency(us)/Energy(mJ): 2 0 0 0 0 
Latency(us)/Energy(mJ): 8685 46.0017 10.4664 12.7858 10.5643 
Latency(us)/Energy(mJ): 20 0 0 0 0 
Latency(us)/Energy(mJ): 3 0 0 0 0 
Latency(us)/Energy(mJ): 3712 22.1578 5.08138 5.35093 5.83591 
Latency(us)/Energy(mJ): 176 1.14825 0.259772 0.259961 0.311234 
0.3094 - "n02124075 Egyptian cat"
0.1761 - "n02123159 tiger cat"
0.1221 - "n02123045 tabby, tabby cat"
0.1132 - "n02119022 red fox, Vulpes vulpes"
0.0421 - "n02085620 Chihuahua"
