loading weight: /home/nvidia/caffe-build/models/bvlc_alexnet/bvlc_alexnet.caffemodel
loading prototxt: /home/nvidia/caffe-build/models/bvlc_alexnet/deploy.prototxt
---------- Prediction for /home/nvidia/Downloads/ILSVRC2012_img_train_t3/n02085620/n02085620_1152.JPEG ----------
Latency(us)/Energy(mJ): 0 0 0 0 0 
Latency(us)/Energy(mJ): 323 1.37404 0.0510887 0.342561 0.406885 
Latency(us)/Energy(mJ): 32 0.210307 0.0103371 0.0516853 0.0622932 
Latency(us)/Energy(mJ): 72 0.341824 0.016717 0.083585 0.10074 
Latency(us)/Energy(mJ): 75 0.344503 0.0222589 0.0835621 0.100712 
Latency(us)/Energy(mJ): 1360 6.73327 0.685238 1.53398 1.91298 
Latency(us)/Energy(mJ): 29 0.385573 0.0499037 0.0831728 0.107144 
Latency(us)/Energy(mJ): 68 0.387151 0.0555006 0.0832873 0.107292 
Latency(us)/Energy(mJ): 60 0.241318 0.0344418 0.0516853 0.0665815 
Latency(us)/Energy(mJ): 1518 8.57788 1.49285 1.74096 2.30495 
Latency(us)/Energy(mJ): 35 0.161067 0.0315515 0.0294554 0.0433282 
Latency(us)/Energy(mJ): 1321 8.12563 1.71761 1.39902 2.19903 
Latency(us)/Energy(mJ): 52 0.474759 0.105429 0.0777077 0.129964 
Latency(us)/Energy(mJ): 860 5.68153 1.33773 0.903101 1.56054 
Latency(us)/Energy(mJ): 42 0.189557 0.0463128 0.0294768 0.0522744 
Latency(us)/Energy(mJ): 68 0.502481 0.122091 0.0777077 0.13919 
Latency(us)/Energy(mJ): 814 5.90377 1.42997 0.903101 1.63744 
Latency(us)/Energy(mJ): 36 0.194123 0.046145 0.02937 0.0552475 
Latency(us)/Energy(mJ): 1 0 0 0 0 
Latency(us)/Energy(mJ): 5066 41.6118 9.59708 5.37573 13.0041 
Latency(us)/Energy(mJ): 33 0.251127 0.0566909 0.0272844 0.0833139 
Latency(us)/Energy(mJ): 1 0 0 0 0 
Latency(us)/Energy(mJ): 2278 21.5389 4.84009 2.27726 7.29372 
Latency(us)/Energy(mJ): 46 0.265541 0.0587428 0.0272646 0.0906341 
0.5948 - "n02085620 Chihuahua"
0.0656 - "n02110806 basenji"
0.0383 - "n02113023 Pembroke, Pembroke Welsh corgi"
0.0311 - "n02091244 Ibizan hound, Ibizan Podenco"
0.0298 - "n02389026 sorrel"
