loading weight: /home/nvidia/caffe-build/models/bvlc_alexnet/bvlc_alexnet.caffemodel
loading prototxt: /home/nvidia/caffe-build/models/bvlc_alexnet/deploy.prototxt
---------- Prediction for /home/nvidia/Downloads/ILSVRC2012_img_train_t3/n02085620/n02085620_1152.JPEG ----------
Latency(us)/Energy(mJ): 0 0 0 0 0 
Latency(us)/Energy(mJ): 329 1.46708 0.0456213 0.389582 0.435152 
Latency(us)/Energy(mJ): 22 0.222655 0.0068704 0.0586696 0.0649524 
Latency(us)/Energy(mJ): 57 0.138027 0.00425904 0.03637 0.0402647 
Latency(us)/Energy(mJ): 57 0.360977 0.0167811 0.0951174 0.106696 
Latency(us)/Energy(mJ): 2987 15.5215 1.20125 3.89024 4.41406 
Latency(us)/Energy(mJ): 19 0 0 0 0 
Latency(us)/Energy(mJ): 45 0.240998 0.0240727 0.0550427 0.0682511 
Latency(us)/Energy(mJ): 41 0.147657 0.0147491 0.033724 0.0418167 
Latency(us)/Energy(mJ): 3873 21.2785 2.85339 4.7428 5.82943 
Latency(us)/Energy(mJ): 27 0.253729 0.0379396 0.0552136 0.0684631 
Latency(us)/Energy(mJ): 2836 16.3496 2.63239 3.32456 4.51241 
Latency(us)/Energy(mJ): 35 0.4448 0.0736262 0.0849819 0.125135 
Latency(us)/Energy(mJ): 2085 12.4985 2.16392 2.34359 3.52677 
Latency(us)/Energy(mJ): 37 0.451556 0.0779854 0.0835349 0.128515 
Latency(us)/Energy(mJ): 42 0.279393 0.0482522 0.0516859 0.0795168 
Latency(us)/Energy(mJ): 1807 11.1408 2.00997 2.03639 3.19708 
Latency(us)/Energy(mJ): 33 0.287066 0.0483804 0.0518232 0.0840768 
Latency(us)/Energy(mJ): 1 0 0 0 0 
Latency(us)/Energy(mJ): 9551 68.8011 11.2656 10.9254 22.5681 
Latency(us)/Energy(mJ): 25 0.352152 0.0554856 0.0520291 0.122705 
Latency(us)/Energy(mJ): 0 0 0 0 0 
Latency(us)/Energy(mJ): 4211 33.2589 5.12278 4.49611 11.7263 
Latency(us)/Energy(mJ): 32 0.363609 0.0551196 0.0482071 0.129667 
0.5948 - "n02085620 Chihuahua"
0.0656 - "n02110806 basenji"
0.0383 - "n02113023 Pembroke, Pembroke Welsh corgi"
0.0311 - "n02091244 Ibizan hound, Ibizan Podenco"
0.0298 - "n02389026 sorrel"
