loading weight: /home/nvidia/caffe-build/models/bvlc_alexnet/bvlc_alexnet.caffemodel
loading prototxt: /home/nvidia/caffe-build/models/bvlc_alexnet/deploy.prototxt
---------- Prediction for /home/nvidia/Downloads/ILSVRC2012_img_train_t3/n02085620/n02085620_1152.JPEG ----------
Latency(us)/Energy(mJ): 0 0 0 0 0 
Latency(us)/Energy(mJ): 261 1.24471 0.0341818 0.429071 0.331698 
Latency(us)/Energy(mJ): 22 0.250785 0.010305 0.08586 0.066375 
Latency(us)/Energy(mJ): 59 0.401702 0.0165063 0.137529 0.106318 
Latency(us)/Energy(mJ): 48 0.149468 0.00614178 0.0511726 0.0395595 
Latency(us)/Energy(mJ): 1693 9.98735 0.743054 3.2289 2.60989 
Latency(us)/Energy(mJ): 18 0 0 0 0 
Latency(us)/Energy(mJ): 40 0.164646 0.016653 0.0500136 0.0428883 
Latency(us)/Energy(mJ): 36 0.439881 0.0442128 0.132783 0.113866 
Latency(us)/Energy(mJ): 2103 13.1808 1.7405 3.83843 3.31139 
Latency(us)/Energy(mJ): 21 0 0 0 0 
Latency(us)/Energy(mJ): 1626 11.015 1.82795 2.87229 2.80742 
Latency(us)/Energy(mJ): 31 0.189239 0.033062 0.0475334 0.0487258 
Latency(us)/Energy(mJ): 1131 8.24112 1.5273 2.02664 2.15305 
Latency(us)/Energy(mJ): 32 0 0 0 0 
Latency(us)/Energy(mJ): 43 0.526194 0.0990584 0.126639 0.13949 
Latency(us)/Energy(mJ): 914 6.73085 1.30954 1.53371 1.79707 
Latency(us)/Energy(mJ): 25 0.20245 0.0392118 0.0454402 0.0549182 
Latency(us)/Energy(mJ): 1 0 0 0 0 
Latency(us)/Energy(mJ): 5843 49.6255 9.27075 9.63647 15.0243 
Latency(us)/Energy(mJ): 23 0 0 0 0 
Latency(us)/Energy(mJ): 0 0 0 0 0 
Latency(us)/Energy(mJ): 2618 25.0594 4.56711 4.23101 8.22393 
Latency(us)/Energy(mJ): 31 0.261554 0.047339 0.043232 0.0868423 
0.5948 - "n02085620 Chihuahua"
0.0656 - "n02110806 basenji"
0.0383 - "n02113023 Pembroke, Pembroke Welsh corgi"
0.0311 - "n02091244 Ibizan hound, Ibizan Podenco"
0.0298 - "n02389026 sorrel"
