loading weight: /home/nvidia/caffe-build/models/bvlc_alexnet/bvlc_alexnet.caffemodel
loading prototxt: /home/nvidia/caffe-build/models/bvlc_alexnet/deploy.prototxt
---------- Prediction for /home/nvidia/Downloads/ILSVRC2012_img_train_t3/n02085620/n02085620_1152.JPEG ----------
Latency(us)/Energy(mJ): 0 0 0 0 0 
Latency(us)/Energy(mJ): 387 1.42511 0.0559026 0.140492 0.515133 
Latency(us)/Energy(mJ): 39 0.120573 0.00470288 0.0118191 0.0432851 
Latency(us)/Energy(mJ): 80 0.310727 0.0145589 0.0303384 0.112618 
Latency(us)/Energy(mJ): 77 0.303939 0.017688 0.0295057 0.109526 
Latency(us)/Energy(mJ): 3002 12.6536 1.23347 1.15873 4.30219 
Latency(us)/Energy(mJ): 38 0.138028 0.0167783 0.0120024 0.0457475 
Latency(us)/Energy(mJ): 66 0.342416 0.0412568 0.0295133 0.112491 
Latency(us)/Energy(mJ): 67 0.202897 0.0244465 0.017488 0.0666557 
Latency(us)/Energy(mJ): 3767 17.2604 2.78308 1.43297 5.4877 
Latency(us)/Energy(mJ): 39 0.14849 0.026311 0.0119482 0.0468832 
Latency(us)/Energy(mJ): 2839 14.1437 2.63959 1.08259 4.49459 
Latency(us)/Energy(mJ): 47 0.396523 0.0763046 0.0293065 0.128226 
Latency(us)/Energy(mJ): 2081 10.9828 2.18507 0.78992 3.54086 
Latency(us)/Energy(mJ): 48 0.24254 0.0481027 0.0171602 0.0784146 
Latency(us)/Energy(mJ): 58 0.413245 0.0819583 0.0292379 0.133604 
Latency(us)/Energy(mJ): 1726 9.39783 1.92847 0.654367 3.0648 
Latency(us)/Energy(mJ): 42 0.250071 0.0482522 0.0172136 0.0838541 
Latency(us)/Energy(mJ): 1 0 0 0 0 
Latency(us)/Energy(mJ): 9554 61.5059 11.2427 3.63359 22.4543 
Latency(us)/Energy(mJ): 42 0.318753 0.055388 0.0172974 0.121627 
Latency(us)/Energy(mJ): 0 0.219898 0.0382104 0.0119329 0.0839063 
Latency(us)/Energy(mJ): 4198 30.1249 5.11041 1.68929 11.6701 
Latency(us)/Energy(mJ): 52 0.231407 0.038552 0.0144412 0.090692 
0.5948 - "n02085620 Chihuahua"
0.0656 - "n02110806 basenji"
0.0383 - "n02113023 Pembroke, Pembroke Welsh corgi"
0.0311 - "n02091244 Ibizan hound, Ibizan Podenco"
0.0298 - "n02389026 sorrel"
