loading weight: /home/nvidia/caffe-build/models/bvlc_alexnet/bvlc_alexnet.caffemodel
loading prototxt: /home/nvidia/caffe-build/models/bvlc_alexnet/deploy.prototxt
---------- Prediction for /home/nvidia/Downloads/ILSVRC2012_img_train_t3/n02085620/n02085620_1152.JPEG ----------
Latency(us)/Energy(mJ): 0 0 0 0 0 
Latency(us)/Energy(mJ): 315 1.46808 0.0616992 0.429351 0.402976 
Latency(us)/Energy(mJ): 30 0.228758 0.0171602 0.065353 0.0621552 
Latency(us)/Energy(mJ): 79 0.373416 0.0276758 0.105401 0.100243 
Latency(us)/Energy(mJ): 65 0.379009 0.0311547 0.105355 0.101102 
Latency(us)/Energy(mJ): 1014 5.70536 0.785181 1.47047 1.46214 
Latency(us)/Energy(mJ): 26 0.163489 0.029135 0.039556 0.0407836 
Latency(us)/Energy(mJ): 55 0.272481 0.0482522 0.065511 0.0675441 
Latency(us)/Energy(mJ): 56 0.43848 0.0828485 0.105009 0.108268 
Latency(us)/Energy(mJ): 1063 6.71981 1.5336 1.51084 1.58717 
Latency(us)/Energy(mJ): 34 0.305146 0.075812 0.065511 0.0718362 
Latency(us)/Energy(mJ): 1039 7.54254 2.07281 1.48551 1.77939 
Latency(us)/Energy(mJ): 51 0.550692 0.160555 0.0984441 0.130279 
Latency(us)/Energy(mJ): 658 5.17827 1.5668 0.893638 1.23007 
Latency(us)/Energy(mJ): 44 0.370312 0.11701 0.0619595 0.0881072 
Latency(us)/Energy(mJ): 57 0.595508 0.187692 0.0993877 0.142234 
Latency(us)/Energy(mJ): 773 6.1819 1.92486 1.03092 1.48427 
Latency(us)/Energy(mJ): 36 0.373609 0.113577 0.0619595 0.0915845 
Latency(us)/Energy(mJ): 1 0 0 0 0 
Latency(us)/Energy(mJ): 4645 44.53 13.4387 6.34457 12.1195 
Latency(us)/Energy(mJ): 34 0 0 0 0 
Latency(us)/Energy(mJ): 1 0 0 0 0 
Latency(us)/Energy(mJ): 2045 22.6445 6.69342 2.68246 6.66239 
Latency(us)/Energy(mJ): 45 0.305762 0.0890911 0.0352227 0.0916497 
0.5948 - "n02085620 Chihuahua"
0.0656 - "n02110806 basenji"
0.0383 - "n02113023 Pembroke, Pembroke Welsh corgi"
0.0311 - "n02091244 Ibizan hound, Ibizan Podenco"
0.0298 - "n02389026 sorrel"
