loading weight: /home/nvidia/caffe-build/models/bvlc_alexnet/bvlc_alexnet.caffemodel
loading prototxt: /home/nvidia/caffe-build/models/bvlc_alexnet/deploy.prototxt
---------- Prediction for /home/nvidia/caffe-build/examples/images/cat.jpg ----------
Latency(us)/Energy(mJ): 0 0 0 0 0 
Latency(us)/Energy(mJ): 2966 10.1182 0.628984 4.27791 1.90638 
Latency(us)/Energy(mJ): 26 0 0 0 0 
Latency(us)/Energy(mJ): 328 1.35926 0.143002 0.543182 0.258302 
Latency(us)/Energy(mJ): 124 0.268876 0.0282871 0.107447 0.0525015 
Latency(us)/Energy(mJ): 3291 12.9195 1.78412 4.80059 2.54238 
Latency(us)/Energy(mJ): 21 0 0 0 0 
Latency(us)/Energy(mJ): 215 0.757552 0.128503 0.257194 0.150575 
Latency(us)/Energy(mJ): 80 0.460687 0.0781463 0.156406 0.0915688 
Latency(us)/Energy(mJ): 2370 9.61696 1.78517 3.19007 1.9032 
Latency(us)/Energy(mJ): 19 0 0 0 0 
Latency(us)/Energy(mJ): 1663 7.29224 1.59291 2.31747 1.39799 
Latency(us)/Energy(mJ): 22 0.496409 0.112096 0.155262 0.095259 
Latency(us)/Energy(mJ): 1430 6.15017 1.45052 1.90141 1.16659 
Latency(us)/Energy(mJ): 22 0 0 0 0 
Latency(us)/Energy(mJ): 31 0 0 0 0 
Latency(us)/Energy(mJ): 2196 10.0346 2.40252 3.01691 1.93601 
Latency(us)/Energy(mJ): 21 0 0 0 0 
Latency(us)/Energy(mJ): 5 0 0 0 0 
Latency(us)/Energy(mJ): 8715 44.6332 10.4848 11.4157 10.6464 
Latency(us)/Energy(mJ): 21 0 0 0 0 
Latency(us)/Energy(mJ): 1 0 0 0 0 
Latency(us)/Energy(mJ): 3723 21.2903 5.03165 4.57087 5.80155 
Latency(us)/Energy(mJ): 149 0.662256 0.155698 0.138461 0.184729 
0.3094 - "n02124075 Egyptian cat"
0.1761 - "n02123159 tiger cat"
0.1221 - "n02123045 tabby, tabby cat"
0.1132 - "n02119022 red fox, Vulpes vulpes"
0.0421 - "n02085620 Chihuahua"
