loading weight: /home/nvidia/caffe-build/models/bvlc_alexnet/bvlc_alexnet.caffemodel
loading prototxt: /home/nvidia/caffe-build/models/bvlc_alexnet/deploy.prototxt
---------- Prediction for /home/nvidia/Downloads/ILSVRC2012_img_train_t3/n02085620/n02085620_1152.JPEG ----------
Latency(us)/Energy(mJ): 0 0 0 0 0 
Latency(us)/Energy(mJ): 338 1.44369 0.0482144 0.339087 0.443763 
Latency(us)/Energy(mJ): 22 0.177859 0.0058976 0.0414772 0.0542812 
Latency(us)/Energy(mJ): 61 0.207335 0.00687648 0.0483616 0.0632908 
Latency(us)/Energy(mJ): 55 0.18442 0.00611648 0.0430166 0.0562958 
Latency(us)/Energy(mJ): 2996 14.4574 1.16867 3.10272 4.35399 
Latency(us)/Energy(mJ): 23 0.219632 0.0234426 0.0435488 0.0647525 
Latency(us)/Energy(mJ): 47 0.204923 0.0218726 0.0406323 0.060416 
Latency(us)/Energy(mJ): 42 0.225435 0.024062 0.0446995 0.0664635 
Latency(us)/Energy(mJ): 3865 19.9801 2.8086 3.83898 5.71079 
Latency(us)/Energy(mJ): 24 0 0 0 0 
Latency(us)/Energy(mJ): 2836 15.6681 2.62053 2.62428 4.49237 
Latency(us)/Energy(mJ): 41 0.229454 0.0400173 0.0369514 0.0663593 
Latency(us)/Energy(mJ): 2088 12.272 2.20654 1.93168 3.5864 
Latency(us)/Energy(mJ): 40 0.240822 0.0434676 0.0372812 0.0708587 
Latency(us)/Energy(mJ): 42 0.268277 0.0484231 0.0415314 0.0789369 
Latency(us)/Energy(mJ): 1796 10.7949 1.99251 1.6529 3.20307 
Latency(us)/Energy(mJ): 27 0 0 0 0 
Latency(us)/Energy(mJ): 1 0 0 0 0 
Latency(us)/Energy(mJ): 9557 66.5221 11.211 8.77124 22.4973 
Latency(us)/Energy(mJ): 27 0 0 0 0 
Latency(us)/Energy(mJ): 0 0 0 0 0 
Latency(us)/Energy(mJ): 4209 32.2726 5.13935 3.8511 11.7189 
Latency(us)/Energy(mJ): 34 0.314197 0.0492636 0.0369477 0.115123 
0.5948 - "n02085620 Chihuahua"
0.0656 - "n02110806 basenji"
0.0383 - "n02113023 Pembroke, Pembroke Welsh corgi"
0.0311 - "n02091244 Ibizan hound, Ibizan Podenco"
0.0298 - "n02389026 sorrel"
