loading weight: /home/nvidia/caffe-build/models/bvlc_alexnet/bvlc_alexnet.caffemodel
loading prototxt: /home/nvidia/caffe-build/models/bvlc_alexnet/deploy.prototxt
---------- Prediction for /home/nvidia/Downloads/ILSVRC2012_img_train_t3/n02085620/n02085620_1152.JPEG ----------
Latency(us)/Energy(mJ): 0 0 0 0 0 
Latency(us)/Energy(mJ): 250 1.00215 0.0437617 0.143646 0.347366 
Latency(us)/Energy(mJ): 27 0 0 0 0 
Latency(us)/Energy(mJ): 58 0.322357 0.01915 0.0452262 0.11066 
Latency(us)/Energy(mJ): 54 0.328596 0.022814 0.0457028 0.111737 
Latency(us)/Energy(mJ): 1161 5.53376 0.701323 0.709823 1.77741 
Latency(us)/Energy(mJ): 26 0.149018 0.0246163 0.0179267 0.0460345 
Latency(us)/Energy(mJ): 46 0.231399 0.0382248 0.0278372 0.0714836 
Latency(us)/Energy(mJ): 48 0.151259 0.0248008 0.0180612 0.0463796 
Latency(us)/Energy(mJ): 1297 7.07841 1.52004 0.799416 2.08884 
Latency(us)/Energy(mJ): 28 0.167227 0.0403662 0.017934 0.048363 
Latency(us)/Energy(mJ): 1094 6.59439 1.7138 0.663302 1.90575 
Latency(us)/Energy(mJ): 37 0.187685 0.0513571 0.0178608 0.0543437 
Latency(us)/Energy(mJ): 755 5.26142 1.49792 0.481778 1.51752 
Latency(us)/Energy(mJ): 33 0.201644 0.0582209 0.0179096 0.0578686 
Latency(us)/Energy(mJ): 40 0.312151 0.0930668 0.027572 0.089948 
Latency(us)/Energy(mJ): 678 4.74887 1.40145 0.41247 1.37233 
Latency(us)/Energy(mJ): 31 0.210197 0.0606581 0.0179706 0.0619838 
Latency(us)/Energy(mJ): 0 0 0 0 0 
Latency(us)/Energy(mJ): 4714 39.0766 11.0895 2.85653 12.3828 
Latency(us)/Energy(mJ): 32 0.422175 0.117586 0.0276486 0.14074 
Latency(us)/Energy(mJ): 0 0 0 0 0 
Latency(us)/Energy(mJ): 2121 20.659 5.67977 1.30579 6.95231 
Latency(us)/Energy(mJ): 39 0.307575 0.0850806 0.0189034 0.104512 
0.5948 - "n02085620 Chihuahua"
0.0656 - "n02110806 basenji"
0.0383 - "n02113023 Pembroke, Pembroke Welsh corgi"
0.0311 - "n02091244 Ibizan hound, Ibizan Podenco"
0.0298 - "n02389026 sorrel"
