loading weight: /home/nvidia/caffe-build/models/bvlc_alexnet/bvlc_alexnet.caffemodel
loading prototxt: /home/nvidia/caffe-build/models/bvlc_alexnet/deploy.prototxt
---------- Prediction for /home/nvidia/caffe-build/examples/images/cat.jpg ----------
Latency(us)/Energy(mJ): 0 0 0 0 0 
Latency(us)/Energy(mJ): 4488 10.2124 0.849114 1.7134 2.85929 
Latency(us)/Energy(mJ): 50 0 0 0 0 
Latency(us)/Energy(mJ): 273 0.670453 0.082289 0.103064 0.186162 
Latency(us)/Energy(mJ): 120 0.475132 0.058316 0.0730384 0.133403 
Latency(us)/Energy(mJ): 3588 9.64948 1.64609 1.36286 2.66638 
Latency(us)/Energy(mJ): 38 0 0 0 0 
Latency(us)/Energy(mJ): 198 0.565168 0.11887 0.0743181 0.152722 
Latency(us)/Energy(mJ): 99 0.343516 0.0722508 0.0451715 0.0928262 
Latency(us)/Energy(mJ): 2730 8.10601 1.78422 1.03102 2.16747 
Latency(us)/Energy(mJ): 38 0.352325 0.0869432 0.0434716 0.091609 
Latency(us)/Energy(mJ): 1987 6.18983 1.56196 0.745454 1.58157 
Latency(us)/Energy(mJ): 37 0 0 0 0 
Latency(us)/Energy(mJ): 1581 5.2765 1.41447 0.617369 1.33171 
Latency(us)/Energy(mJ): 32 0.243895 0.0679672 0.0283444 0.0611408 
Latency(us)/Energy(mJ): 55 0 0 0 0 
Latency(us)/Energy(mJ): 2070 6.8967 1.84558 0.79945 1.75093 
Latency(us)/Energy(mJ): 40 0.333441 0.0908214 0.0378753 0.089235 
Latency(us)/Energy(mJ): 1 0 0 0 0 
Latency(us)/Energy(mJ): 8834 34.7455 8.80736 3.37077 10.5379 
Latency(us)/Energy(mJ): 42 0 0 0 0 
Latency(us)/Energy(mJ): 0 0 0 0 0 
Latency(us)/Energy(mJ): 3838 17.4281 4.26834 1.45949 5.86782 
Latency(us)/Energy(mJ): 247 1.37615 0.334512 0.111309 0.473072 
0.3094 - "n02124075 Egyptian cat"
0.1761 - "n02123159 tiger cat"
0.1221 - "n02123045 tabby, tabby cat"
0.1132 - "n02119022 red fox, Vulpes vulpes"
0.0421 - "n02085620 Chihuahua"
