loading weight: /home/nvidia/caffe-build/models/bvlc_alexnet/bvlc_alexnet.caffemodel
loading prototxt: /home/nvidia/caffe-build/models/bvlc_alexnet/deploy.prototxt
---------- Prediction for /home/nvidia/Downloads/ILSVRC2012_img_train_t3/n02085620/n02085620_1152.JPEG ----------
Latency(us)/Energy(mJ): 0 0 0 0 0 
Latency(us)/Energy(mJ): 191 0.714368 0.0405285 0.128268 0.23699 
Latency(us)/Energy(mJ): 21 0.215021 0.0171602 0.0378336 0.0699021 
Latency(us)/Energy(mJ): 45 0.130886 0.0103632 0.022848 0.0422144 
Latency(us)/Energy(mJ): 42 0.356946 0.033608 0.0616392 0.114412 
Latency(us)/Energy(mJ): 941 5.10769 0.856533 0.792775 1.51534 
Latency(us)/Energy(mJ): 19 0 0 0 0 
Latency(us)/Energy(mJ): 38 0.266436 0.05878 0.0380235 0.0746874 
Latency(us)/Energy(mJ): 40 0.164848 0.0361344 0.0233745 0.0459133 
Latency(us)/Energy(mJ): 1018 6.53447 1.81962 0.852407 1.69589 
Latency(us)/Energy(mJ): 24 0.317714 0.0988114 0.0388121 0.0796597 
Latency(us)/Energy(mJ): 912 6.62179 2.22177 0.754541 1.64233 
Latency(us)/Energy(mJ): 33 0.354822 0.127396 0.0378441 0.0872491 
Latency(us)/Energy(mJ): 624 4.98635 1.84132 0.510325 1.21037 
Latency(us)/Energy(mJ): 31 0.387011 0.14571 0.0381458 0.0931794 
Latency(us)/Energy(mJ): 35 0.236866 0.0891799 0.0233467 0.0570294 
Latency(us)/Energy(mJ): 594 5.08538 1.94461 0.49023 1.22939 
Latency(us)/Energy(mJ): 27 0.401071 0.15265 0.0381625 0.0984575 
Latency(us)/Energy(mJ): 0 0 0 0 0 
Latency(us)/Energy(mJ): 4535 45.8206 16.9901 3.79048 12.2314 
Latency(us)/Energy(mJ): 28 0.543629 0.199582 0.0406447 0.153304 
Latency(us)/Energy(mJ): 0 0.310325 0.113929 0.0232016 0.087512 
Latency(us)/Energy(mJ): 1943 22.4583 8.17595 1.62636 6.42416 
Latency(us)/Energy(mJ): 31 0.3306 0.120742 0.0233021 0.095352 
0.5948 - "n02085620 Chihuahua"
0.0656 - "n02110806 basenji"
0.0383 - "n02113023 Pembroke, Pembroke Welsh corgi"
0.0311 - "n02091244 Ibizan hound, Ibizan Podenco"
0.0298 - "n02389026 sorrel"
