loading weight: /home/nvidia/caffe-build/models/bvlc_alexnet/bvlc_alexnet.caffemodel
loading prototxt: /home/nvidia/caffe-build/models/bvlc_alexnet/deploy.prototxt
---------- Prediction for /home/nvidia/Downloads/ILSVRC2012_img_train_t3/n02085620/n02085620_1152.JPEG ----------
Latency(us)/Energy(mJ): 0 0 0 0 0 
Latency(us)/Energy(mJ): 990 3.46073 0.148398 0.297771 1.25357 
Latency(us)/Energy(mJ): 113 0.47945 0.0305578 0.0406992 0.171337 
Latency(us)/Energy(mJ): 210 0.620439 0.0395437 0.0526674 0.221721 
Latency(us)/Energy(mJ): 206 0.776098 0.0490472 0.0653249 0.275007 
Latency(us)/Energy(mJ): 6772 25.9879 2.58723 2.06421 8.87589 
Latency(us)/Energy(mJ): 111 0.530254 0.0605476 0.040321 0.17728 
Latency(us)/Energy(mJ): 178 0.691978 0.0790142 0.0526186 0.231349 
Latency(us)/Energy(mJ): 191 0.857792 0.10459 0.0652273 0.286786 
Latency(us)/Energy(mJ): 8261 33.6641 4.79985 2.51264 10.9714 
Latency(us)/Energy(mJ): 118 0.525663 0.0771326 0.0385032 0.171686 
Latency(us)/Energy(mJ): 6427 27.8499 4.17627 1.96006 9.30242 
Latency(us)/Energy(mJ): 129 0.560293 0.0868505 0.0385581 0.189756 
Latency(us)/Energy(mJ): 4678 21.1117 3.2148 1.42724 7.18035 
Latency(us)/Energy(mJ): 128 0.780003 0.117875 0.0523319 0.266292 
Latency(us)/Energy(mJ): 154 0.60189 0.0909588 0.040382 0.205485 
Latency(us)/Energy(mJ): 3705 16.8927 2.54064 1.12794 5.82917 
Latency(us)/Energy(mJ): 118 0.608296 0.0904092 0.040138 0.214848 
Latency(us)/Energy(mJ): 2 0 0 0 0 
Latency(us)/Energy(mJ): 21470 113.369 14.7155 6.5523 43.27 
Latency(us)/Energy(mJ): 117 0.696833 0.0772992 0.0386496 0.273969 
Latency(us)/Energy(mJ): 1 0 0 0 0 
Latency(us)/Energy(mJ): 9461 52.7368 5.77646 2.88823 20.9167 
Latency(us)/Energy(mJ): 142 0.711475 0.077348 0.038674 0.281369 
0.5948 - "n02085620 Chihuahua"
0.0656 - "n02110806 basenji"
0.0383 - "n02113023 Pembroke, Pembroke Welsh corgi"
0.0311 - "n02091244 Ibizan hound, Ibizan Podenco"
0.0298 - "n02389026 sorrel"
