loading weight: /home/nvidia/caffe-build/models/bvlc_alexnet/bvlc_alexnet.caffemodel
loading prototxt: /home/nvidia/caffe-build/models/bvlc_alexnet/deploy.prototxt
---------- Prediction for /home/nvidia/caffe-build/examples/images/cat.jpg ----------
Latency(us)/Energy(mJ): 1 0 0 0 0 
Latency(us)/Energy(mJ): 12662 22.3932 2.40451 4.83257 4.35824 
Latency(us)/Energy(mJ): 66 0 0 0 0 
Latency(us)/Energy(mJ): 584 1.20053 0.183015 0.229219 0.24122 
Latency(us)/Energy(mJ): 224 0.638393 0.0961055 0.120368 0.12667 
Latency(us)/Energy(mJ): 12103 27.321 5.73444 4.61863 5.68615 
Latency(us)/Energy(mJ): 65 0.208362 0.0520266 0.0325273 0.0440226 
Latency(us)/Energy(mJ): 447 0.988466 0.246813 0.154309 0.208842 
Latency(us)/Energy(mJ): 191 0.488666 0.122017 0.0762854 0.103245 
Latency(us)/Energy(mJ): 5923 14.9453 3.8233 2.26883 3.0727 
Latency(us)/Energy(mJ): 59 0.28327 0.0749576 0.0416189 0.0563272 
Latency(us)/Energy(mJ): 4010 10.4194 2.95316 1.5211 2.05867 
Latency(us)/Energy(mJ): 58 0 0 0 0 
Latency(us)/Energy(mJ): 3875 10.4001 2.99017 1.48462 2.00929 
Latency(us)/Energy(mJ): 54 0.305599 0.095928 0.0436244 0.0590414 
Latency(us)/Energy(mJ): 88 0.232544 0.072996 0.0331958 0.0449273 
Latency(us)/Energy(mJ): 6714 17.2491 4.83365 2.5453 3.41699 
Latency(us)/Energy(mJ): 67 0.30251 0.0800488 0.0444457 0.0645742 
Latency(us)/Energy(mJ): 5 0 0 0 0 
Latency(us)/Energy(mJ): 33031 93.4006 22.7247 12.6175 22.9783 
Latency(us)/Energy(mJ): 64 0.254275 0.0594432 0.0330048 0.067824 
Latency(us)/Energy(mJ): 2 0 0 0 0 
Latency(us)/Energy(mJ): 14303 42.3491 9.83045 5.45819 11.395 
Latency(us)/Energy(mJ): 403 1.43908 0.332132 0.184411 0.388614 
0.3094 - "n02124075 Egyptian cat"
0.1761 - "n02123159 tiger cat"
0.1221 - "n02123045 tabby, tabby cat"
0.1132 - "n02119022 red fox, Vulpes vulpes"
0.0421 - "n02085620 Chihuahua"
