loading weight: /home/nvidia/caffe-build/models/bvlc_alexnet/bvlc_alexnet.caffemodel
loading prototxt: /home/nvidia/caffe-build/models/bvlc_alexnet/deploy.prototxt
---------- Prediction for /home/nvidia/caffe-build/examples/images/cat.jpg ----------
Latency(us)/Energy(mJ): 1 0 0 0 0 
Latency(us)/Energy(mJ): 3320 8.66893 0.661254 2.51956 1.89842 
Latency(us)/Energy(mJ): 32 0 0 0 0 
Latency(us)/Energy(mJ): 302 0.78044 0.084973 0.21285 0.176075 
Latency(us)/Energy(mJ): 111 0.554854 0.059841 0.149897 0.127726 
Latency(us)/Energy(mJ): 3583 10.6779 1.611 2.70177 2.47053 
Latency(us)/Energy(mJ): 44 0.361125 0.0687375 0.08595 0.0840375 
Latency(us)/Energy(mJ): 211 0.629802 0.119878 0.149897 0.146561 
Latency(us)/Energy(mJ): 105 0.264504 0.0503464 0.0629536 0.0615528 
Latency(us)/Energy(mJ): 2753 9.19675 1.82455 2.06183 2.12012 
Latency(us)/Energy(mJ): 37 0 0 0 0 
Latency(us)/Energy(mJ): 1989 6.82963 1.56308 1.36079 1.51912 
Latency(us)/Energy(mJ): 29 0.395726 0.094542 0.0773218 0.0883517 
Latency(us)/Energy(mJ): 1587 5.62236 1.38125 1.08594 1.22418 
Latency(us)/Energy(mJ): 30 0 0 0 0 
Latency(us)/Energy(mJ): 48 0.296782 0.0756616 0.0567462 0.064841 
Latency(us)/Energy(mJ): 2278 8.22215 1.99916 1.57852 1.83112 
Latency(us)/Energy(mJ): 31 0 0 0 0 
Latency(us)/Energy(mJ): 3 0 0 0 0 
Latency(us)/Energy(mJ): 8864 37.0548 8.75847 6.05264 10.1644 
Latency(us)/Energy(mJ): 31 0.529495 0.121492 0.0780775 0.158996 
Latency(us)/Energy(mJ): 1 0 0 0 0 
Latency(us)/Energy(mJ): 3803 18.5952 4.28721 2.63561 5.71166 
Latency(us)/Energy(mJ): 247 0.985091 0.22545 0.13527 0.310521 
0.3094 - "n02124075 Egyptian cat"
0.1761 - "n02123159 tiger cat"
0.1221 - "n02123045 tabby, tabby cat"
0.1132 - "n02119022 red fox, Vulpes vulpes"
0.0421 - "n02085620 Chihuahua"
