loading weight: /home/nvidia/caffe-build/models/bvlc_alexnet/bvlc_alexnet.caffemodel
loading prototxt: /home/nvidia/caffe-build/models/bvlc_alexnet/deploy.prototxt
---------- Prediction for /home/nvidia/caffe-build/examples/images/cat.jpg ----------
Latency(us)/Energy(mJ): 7 0 0 0 0 
Latency(us)/Energy(mJ): 8975 18.6802 2.03098 5.35687 3.31155 
Latency(us)/Energy(mJ): 57 0.260598 0.0433952 0.060776 0.0478256 
Latency(us)/Energy(mJ): 852 1.99255 0.327603 0.458816 0.36105 
Latency(us)/Energy(mJ): 338 0.898636 0.147204 0.206162 0.167445 
Latency(us)/Energy(mJ): 9814 24.8011 5.31614 5.24479 4.64348 
Latency(us)/Energy(mJ): 55 0.21815 0.0552808 0.0429872 0.0400143 
Latency(us)/Energy(mJ): 625 1.57986 0.400347 0.311316 0.289786 
Latency(us)/Energy(mJ): 263 0.833369 0.211182 0.164218 0.154991 
Latency(us)/Energy(mJ): 5717 15.805 4.19348 3.04993 2.94731 
Latency(us)/Energy(mJ): 63 0.325291 0.09534 0.0607225 0.0586795 
Latency(us)/Energy(mJ): 4017 11.4919 3.42652 2.11587 2.04468 
Latency(us)/Energy(mJ): 52 0.337896 0.103942 0.0606422 0.0586019 
Latency(us)/Energy(mJ): 3887 11.5084 3.55374 2.07334 1.93363 
Latency(us)/Energy(mJ): 53 0.239821 0.0737726 0.0430408 0.0400641 
Latency(us)/Energy(mJ): 87 0.337598 0.10385 0.0605888 0.0563985 
Latency(us)/Energy(mJ): 7787 22.1341 6.39593 4.14823 3.81845 
Latency(us)/Energy(mJ): 55 0.286335 0.077355 0.0541688 0.05427 
Latency(us)/Energy(mJ): 12 0 0 0 0 
Latency(us)/Energy(mJ): 32904 101.605 25.9884 17.63 22.6826 
Latency(us)/Energy(mJ): 57 0 0 0 0 
Latency(us)/Energy(mJ): 3 0 0 0 0 
Latency(us)/Energy(mJ): 14168 45.836 10.8491 7.59719 11.2808 
Latency(us)/Energy(mJ): 375 1.2559 0.295324 0.206804 0.311173 
0.3094 - "n02124075 Egyptian cat"
0.1761 - "n02123159 tiger cat"
0.1221 - "n02123045 tabby, tabby cat"
0.1132 - "n02119022 red fox, Vulpes vulpes"
0.0421 - "n02085620 Chihuahua"
