loading weight: /home/nvidia/caffe-build/models/bvlc_alexnet/bvlc_alexnet.caffemodel
loading prototxt: /home/nvidia/caffe-build/models/bvlc_alexnet/deploy.prototxt
---------- Prediction for /home/nvidia/caffe-build/examples/images/cat.jpg ----------
Latency(us)/Energy(mJ): 1 0 0 0 0 
Latency(us)/Energy(mJ): 13318 23.588 2.70183 5.08549 4.57388 
Latency(us)/Energy(mJ): 65 0.171805 0.0323936 0.0323936 0.0324784 
Latency(us)/Energy(mJ): 741 1.47868 0.275078 0.275078 0.28948 
Latency(us)/Energy(mJ): 245 0.58566 0.108393 0.108393 0.114068 
Latency(us)/Energy(mJ): 9806 22.3768 5.2639 3.71145 4.4278 
Latency(us)/Energy(mJ): 64 0.285225 0.0777784 0.0431851 0.0541509 
Latency(us)/Energy(mJ): 421 1.02308 0.278984 0.154901 0.198058 
Latency(us)/Energy(mJ): 206 0.723975 0.197422 0.109615 0.142901 
Latency(us)/Energy(mJ): 5863 14.9939 4.26765 2.21182 2.88347 
Latency(us)/Energy(mJ): 64 0.304261 0.095508 0.0434334 0.0566226 
Latency(us)/Energy(mJ): 3938 10.7607 3.43561 1.50558 1.96277 
Latency(us)/Energy(mJ): 65 0 0 0 0 
Latency(us)/Energy(mJ): 3780 10.8605 3.56612 1.48556 1.93667 
Latency(us)/Energy(mJ): 52 0 0 0 0 
Latency(us)/Energy(mJ): 81 0.324616 0.106693 0.0444457 0.0579423 
Latency(us)/Energy(mJ): 6714 18.1784 5.73689 2.54544 3.35126 
Latency(us)/Energy(mJ): 65 0.249237 0.077112 0.0350676 0.0492048 
Latency(us)/Energy(mJ): 5 0 0 0 0 
Latency(us)/Energy(mJ): 33069 98.2203 27.7067 12.6539 22.9513 
Latency(us)/Energy(mJ): 63 0.280021 0.0699824 0.0349912 0.071906 
Latency(us)/Energy(mJ): 2 0 0 0 0 
Latency(us)/Energy(mJ): 14227 44.0481 10.8465 5.41281 11.2723 
Latency(us)/Energy(mJ): 412 1.25877 0.306861 0.15343 0.323328 
0.3094 - "n02124075 Egyptian cat"
0.1761 - "n02123159 tiger cat"
0.1221 - "n02123045 tabby, tabby cat"
0.1132 - "n02119022 red fox, Vulpes vulpes"
0.0421 - "n02085620 Chihuahua"
