loading weight: /home/nvidia/caffe-build/models/bvlc_alexnet/bvlc_alexnet.caffemodel
loading prototxt: /home/nvidia/caffe-build/models/bvlc_alexnet/deploy.prototxt
---------- Prediction for /home/nvidia/Downloads/ILSVRC2012_img_train_t3/n02085620/n02085620_1152.JPEG ----------
Latency(us)/Energy(mJ): 0 0 0 0 0 
Latency(us)/Energy(mJ): 298 1.14724 0.0417757 0.146765 0.410886 
Latency(us)/Energy(mJ): 24 0.120681 0.00436544 0.0153365 0.0429364 
Latency(us)/Energy(mJ): 57 0.311032 0.011251 0.0395267 0.11066 
Latency(us)/Energy(mJ): 52 0.192881 0.0104149 0.0242863 0.0679926 
Latency(us)/Energy(mJ): 3013 13.4173 1.1939 1.60651 4.54586 
Latency(us)/Energy(mJ): 24 0.133527 0.0153044 0.0153044 0.044423 
Latency(us)/Energy(mJ): 46 0.211146 0.0242009 0.0242009 0.070246 
Latency(us)/Energy(mJ): 45 0.133527 0.0153044 0.0153044 0.044423 
Latency(us)/Energy(mJ): 3863 18.757 2.85071 2.07581 5.98197 
Latency(us)/Energy(mJ): 27 0 0 0 0 
Latency(us)/Energy(mJ): 2810 14.7355 2.63585 1.51729 4.62057 
Latency(us)/Energy(mJ): 33 0.15595 0.0287283 0.0154646 0.0493189 
Latency(us)/Energy(mJ): 2092 11.5683 2.20728 1.12491 3.66375 
Latency(us)/Energy(mJ): 34 0.160502 0.0307584 0.0153792 0.0512352 
Latency(us)/Energy(mJ): 40 0.252011 0.048295 0.0241475 0.0804464 
Latency(us)/Energy(mJ): 1820 10.1718 2.00691 0.959822 3.2476 
Latency(us)/Energy(mJ): 30 0.259731 0.0484445 0.0242222 0.0841882 
Latency(us)/Energy(mJ): 0 0 0 0 0 
Latency(us)/Energy(mJ): 9560 63.2962 11.2189 5.10739 22.6526 
Latency(us)/Energy(mJ): 28 0.207042 0.0352092 0.0154112 0.0773159 
Latency(us)/Energy(mJ): 0 0 0 0 0 
Latency(us)/Energy(mJ): 4211 30.7612 5.11492 2.23883 11.6882 
Latency(us)/Energy(mJ): 38 0.340906 0.055632 0.0243504 0.130872 
0.5948 - "n02085620 Chihuahua"
0.0656 - "n02110806 basenji"
0.0383 - "n02113023 Pembroke, Pembroke Welsh corgi"
0.0311 - "n02091244 Ibizan hound, Ibizan Podenco"
0.0298 - "n02389026 sorrel"
