loading weight: /home/nvidia/caffe-build/models/bvlc_alexnet/bvlc_alexnet.caffemodel
loading prototxt: /home/nvidia/caffe-build/models/bvlc_alexnet/deploy.prototxt
---------- Prediction for /home/nvidia/Downloads/ILSVRC2012_img_train_t3/n02085620/n02085620_1152.JPEG ----------
Latency(us)/Energy(mJ): 0 0 0 0 0 
Latency(us)/Energy(mJ): 441 1.58744 0.0871309 0.157621 0.569416 
Latency(us)/Energy(mJ): 55 0.31777 0.0268575 0.0304301 0.110571 
Latency(us)/Energy(mJ): 104 0.32076 0.0301752 0.0302544 0.110801 
Latency(us)/Energy(mJ): 106 0.512673 0.0571034 0.0476278 0.174427 
Latency(us)/Energy(mJ): 1142 5.0832 0.805361 0.433077 1.65202 
Latency(us)/Energy(mJ): 56 0.378708 0.0784275 0.0301219 0.118195 
Latency(us)/Energy(mJ): 89 0.383447 0.0787846 0.030259 0.118733 
Latency(us)/Energy(mJ): 96 0.379831 0.0799146 0.0297409 0.1167 
Latency(us)/Energy(mJ): 1074 5.61211 1.37101 0.416395 1.66875 
Latency(us)/Energy(mJ): 63 0.430905 0.114927 0.0301981 0.126698 
Latency(us)/Energy(mJ): 1154 6.65987 1.89571 0.434111 1.95236 
Latency(us)/Energy(mJ): 69 0.492285 0.148383 0.0301447 0.143761 
Latency(us)/Energy(mJ): 707 4.55029 1.40487 0.269192 1.32894 
Latency(us)/Energy(mJ): 61 0.22161 0.0712997 0.0127178 0.0644902 
Latency(us)/Energy(mJ): 68 0.526045 0.168829 0.0301142 0.154207 
Latency(us)/Energy(mJ): 912 6.19856 1.92019 0.358361 1.82362 
Latency(us)/Energy(mJ): 64 0.302207 0.0902662 0.0173431 0.0914497 
Latency(us)/Energy(mJ): 1 0 0 0 0 
Latency(us)/Energy(mJ): 4711 37.1441 10.8417 1.79109 12.1188 
Latency(us)/Energy(mJ): 61 0.707078 0.19926 0.0301981 0.241109 
Latency(us)/Energy(mJ): 0 0 0 0 0 
Latency(us)/Energy(mJ): 2097 19.4169 5.47239 0.800809 6.71271 
Latency(us)/Energy(mJ): 80 0.751122 0.210667 0.0301066 0.263058 
0.5948 - "n02085620 Chihuahua"
0.0656 - "n02110806 basenji"
0.0383 - "n02113023 Pembroke, Pembroke Welsh corgi"
0.0311 - "n02091244 Ibizan hound, Ibizan Podenco"
0.0298 - "n02389026 sorrel"
