loading weight: /home/nvidia/caffe-build/models/bvlc_alexnet/bvlc_alexnet.caffemodel
loading prototxt: /home/nvidia/caffe-build/models/bvlc_alexnet/deploy.prototxt
---------- Prediction for /home/nvidia/Downloads/ILSVRC2012_img_train_t3/n02085620/n02085620_1152.JPEG ----------
Latency(us)/Energy(mJ): 0 0 0 0 0 
Latency(us)/Energy(mJ): 271 0.9562 0.0381315 0.108006 0.344776 
Latency(us)/Energy(mJ): 30 0.188293 0.0105477 0.0210955 0.0679385 
Latency(us)/Energy(mJ): 61 0.30813 0.0171017 0.0342034 0.110153 
Latency(us)/Energy(mJ): 60 0.126752 0.00697076 0.0139415 0.044899 
Latency(us)/Energy(mJ): 1363 6.21332 0.686491 0.648676 2.10876 
Latency(us)/Energy(mJ): 29 0.141955 0.0205963 0.0160093 0.046469 
Latency(us)/Energy(mJ): 51 0.21639 0.0313959 0.0244038 0.070835 
Latency(us)/Energy(mJ): 52 0.144557 0.0208024 0.0161695 0.046934 
Latency(us)/Energy(mJ): 1571 7.92403 1.49557 0.738887 2.48118 
Latency(us)/Energy(mJ): 31 0.241471 0.0524639 0.0209856 0.0745033 
Latency(us)/Energy(mJ): 1272 7.16159 1.64965 0.584161 2.20754 
Latency(us)/Energy(mJ): 38 0.177037 0.043384 0.0137034 0.054963 
Latency(us)/Energy(mJ): 884 5.5223 1.39741 0.412359 1.70438 
Latency(us)/Energy(mJ): 40 0.285345 0.0760587 0.0207021 0.0883803 
Latency(us)/Energy(mJ): 42 0.189476 0.0502021 0.0136643 0.0583349 
Latency(us)/Energy(mJ): 703 4.39089 1.14424 0.31161 1.35905 
Latency(us)/Energy(mJ): 34 0.489994 0.125279 0.0341196 0.154248 
Latency(us)/Energy(mJ): 0 0 0 0 0 
Latency(us)/Energy(mJ): 5152 39.5696 9.84462 2.36301 13.4289 
Latency(us)/Energy(mJ): 34 0.258198 0.0619458 0.0160433 0.0915642 
Latency(us)/Energy(mJ): 0 0 0 0 0 
Latency(us)/Energy(mJ): 2259 19.948 4.75701 1.05372 7.14645 
Latency(us)/Energy(mJ): 41 0.413868 0.0969235 0.0242195 0.150406 
0.5948 - "n02085620 Chihuahua"
0.0656 - "n02110806 basenji"
0.0383 - "n02113023 Pembroke, Pembroke Welsh corgi"
0.0311 - "n02091244 Ibizan hound, Ibizan Podenco"
0.0298 - "n02389026 sorrel"
