loading weight: /home/nvidia/caffe-build/models/bvlc_alexnet/bvlc_alexnet.caffemodel
loading prototxt: /home/nvidia/caffe-build/models/bvlc_alexnet/deploy.prototxt
---------- Prediction for /home/nvidia/Downloads/ILSVRC2012_img_train_t3/n02085620/n02085620_1152.JPEG ----------
Latency(us)/Energy(mJ): 0 0 0 0 0 
Latency(us)/Energy(mJ): 237 1.1977 0.0371544 0.369016 0.335507 
Latency(us)/Energy(mJ): 23 0 0 0 0 
Latency(us)/Energy(mJ): 56 0.386154 0.0168544 0.118026 0.10856 
Latency(us)/Energy(mJ): 44 0.243896 0.0105981 0.0741868 0.068263 
Latency(us)/Energy(mJ): 1363 7.61324 0.66026 2.10911 2.06667 
Latency(us)/Energy(mJ): 18 0 0 0 0 
Latency(us)/Energy(mJ): 38 0.263411 0.0311444 0.0693258 0.0704608 
Latency(us)/Energy(mJ): 37 0.170762 0.0200586 0.0446495 0.0453805 
Latency(us)/Energy(mJ): 1628 9.94219 1.52263 2.46333 2.56397 
Latency(us)/Energy(mJ): 21 0.292516 0.052807 0.066932 0.0741791 
Latency(us)/Energy(mJ): 1309 8.59334 1.66578 1.87363 2.22763 
Latency(us)/Energy(mJ): 33 0.314192 0.0655528 0.065598 0.0831059 
Latency(us)/Energy(mJ): 858 6.01177 1.30483 1.22368 1.5936 
Latency(us)/Energy(mJ): 35 0.331021 0.0727174 0.0658136 0.0877514 
Latency(us)/Energy(mJ): 37 0.210391 0.0462369 0.0418471 0.0563449 
Latency(us)/Energy(mJ): 669 4.95112 1.11866 0.924952 1.32787 
Latency(us)/Energy(mJ): 24 0.341955 0.0759346 0.0621694 0.0935485 
Latency(us)/Energy(mJ): 0 0 0 0 0 
Latency(us)/Energy(mJ): 5125 44.097 9.77432 6.91994 13.3518 
Latency(us)/Energy(mJ): 24 0.275969 0.0600644 0.037814 0.0888264 
Latency(us)/Energy(mJ): 0 0 0 0 0 
Latency(us)/Energy(mJ): 2262 22.0819 4.79374 2.93817 7.20806 
Latency(us)/Energy(mJ): 31 0.287967 0.0614869 0.0373478 0.0954604 
0.5948 - "n02085620 Chihuahua"
0.0656 - "n02110806 basenji"
0.0383 - "n02113023 Pembroke, Pembroke Welsh corgi"
0.0311 - "n02091244 Ibizan hound, Ibizan Podenco"
0.0298 - "n02389026 sorrel"
