loading weight: /home/nvidia/caffe-build/models/bvlc_alexnet/bvlc_alexnet.caffemodel
loading prototxt: /home/nvidia/caffe-build/models/bvlc_alexnet/deploy.prototxt
---------- Prediction for /home/nvidia/caffe-build/examples/images/cat.jpg ----------
Latency(us)/Energy(mJ): 7 0 0 0 0 
Latency(us)/Energy(mJ): 4912 15.9664 0.856654 1.85522 5.9911 
Latency(us)/Energy(mJ): 50 0.368125 0.0319335 0.0399954 0.134435 
Latency(us)/Energy(mJ): 258 0.95034 0.0958636 0.102147 0.344826 
Latency(us)/Energy(mJ): 144 0.393074 0.0417908 0.0417908 0.142548 
Latency(us)/Energy(mJ): 2342 9.15598 1.1981 0.913324 3.23101 
Latency(us)/Energy(mJ): 49 0 0 0 0 
Latency(us)/Energy(mJ): 208 1.05872 0.17838 0.0991863 0.36325 
Latency(us)/Energy(mJ): 119 0.467667 0.0785928 0.0437008 0.160046 
Latency(us)/Energy(mJ): 1833 7.75655 1.38049 0.700569 2.61527 
Latency(us)/Energy(mJ): 47 0.320093 0.06174 0.028077 0.10562 
Latency(us)/Energy(mJ): 1530 6.60366 1.35435 0.567523 2.15401 
Latency(us)/Energy(mJ): 35 0 0 0 0 
Latency(us)/Energy(mJ): 1474 6.86511 1.55166 0.568681 2.19095 
Latency(us)/Energy(mJ): 179 0.864039 0.199796 0.0712089 0.275678 
Latency(us)/Energy(mJ): 249 1.27133 0.293975 0.104775 0.402044 
Latency(us)/Energy(mJ): 2195 10.2042 2.27016 0.849821 3.27426 
Latency(us)/Energy(mJ): 51 0.430676 0.0916608 0.0352044 0.141649 
Latency(us)/Energy(mJ): 0 0 0 0 0 
Latency(us)/Energy(mJ): 4874 25.9879 5.92556 1.84743 8.84372 
Latency(us)/Energy(mJ): 33 0 0 0 0 
Latency(us)/Energy(mJ): 0 0 0 0 0 
Latency(us)/Energy(mJ): 2248 13.4281 3.13865 0.827113 4.75388 
Latency(us)/Energy(mJ): 967 7.27077 1.7185 0.429063 2.61418 
0.3094 - "n02124075 Egyptian cat"
0.1761 - "n02123159 tiger cat"
0.1221 - "n02123045 tabby, tabby cat"
0.1132 - "n02119022 red fox, Vulpes vulpes"
0.0421 - "n02085620 Chihuahua"
