loading weight: /home/nvidia/caffe-build/models/bvlc_alexnet/bvlc_alexnet.caffemodel
loading prototxt: /home/nvidia/caffe-build/models/bvlc_alexnet/deploy.prototxt
---------- Prediction for /home/nvidia/Downloads/ILSVRC2012_img_train_t3/n02085620/n02085620_1152.JPEG ----------
Latency(us)/Energy(mJ): 0 0 0 0 0 
Latency(us)/Energy(mJ): 302 1.49036 0.0631715 0.447839 0.406601 
Latency(us)/Energy(mJ): 29 0 0 0 0 
Latency(us)/Energy(mJ): 69 0.374256 0.023948 0.10973 0.101897 
Latency(us)/Energy(mJ): 59 0.379018 0.0274015 0.109822 0.101983 
Latency(us)/Energy(mJ): 1031 5.99084 0.772796 1.62259 1.54918 
Latency(us)/Energy(mJ): 24 0 0 0 0 
Latency(us)/Energy(mJ): 48 0.435212 0.072039 0.110891 0.108567 
Latency(us)/Energy(mJ): 49 0.165973 0.0293914 0.042023 0.0411424 
Latency(us)/Energy(mJ): 1184 7.70594 1.6233 1.84134 1.84954 
Latency(us)/Energy(mJ): 36 0.696413 0.165839 0.157972 0.166064 
Latency(us)/Energy(mJ): 1025 7.27157 1.86845 1.49169 1.74675 
Latency(us)/Energy(mJ): 44 0.314686 0.086189 0.0606841 0.076096 
Latency(us)/Energy(mJ): 691 5.30183 1.49723 0.989679 1.28544 
Latency(us)/Energy(mJ): 44 0.580575 0.166146 0.105241 0.141799 
Latency(us)/Energy(mJ): 52 0.33705 0.0989206 0.0606422 0.0817079 
Latency(us)/Energy(mJ): 708 5.85823 1.68965 1.04928 1.43918 
Latency(us)/Energy(mJ): 32 0.254165 0.071186 0.0450907 0.0637436 
Latency(us)/Energy(mJ): 1 0 0 0 0 
Latency(us)/Energy(mJ): 4673 43.5785 12.2443 6.58491 12.1147 
Latency(us)/Energy(mJ): 35 0.752903 0.210278 0.0996169 0.222412 
Latency(us)/Energy(mJ): 1 0 0 0 0 
Latency(us)/Energy(mJ): 2077 22.1125 6.07554 2.83448 6.66557 
Latency(us)/Energy(mJ): 39 0.386038 0.104474 0.048224 0.11785 
0.5948 - "n02085620 Chihuahua"
0.0656 - "n02110806 basenji"
0.0383 - "n02113023 Pembroke, Pembroke Welsh corgi"
0.0311 - "n02091244 Ibizan hound, Ibizan Podenco"
0.0298 - "n02389026 sorrel"
