loading weight: /home/nvidia/caffe-build/models/bvlc_alexnet/bvlc_alexnet.caffemodel
loading prototxt: /home/nvidia/caffe-build/models/bvlc_alexnet/deploy.prototxt
---------- Prediction for /home/nvidia/caffe-build/examples/images/cat.jpg ----------
Latency(us)/Energy(mJ): 0 0 0 0 0 
Latency(us)/Energy(mJ): 2789 10.3421 0.577527 1.27015 4.03157 
Latency(us)/Energy(mJ): 30 0 0 0 0 
Latency(us)/Energy(mJ): 193 0.738206 0.0716632 0.0859208 0.280462 
Latency(us)/Energy(mJ): 87 0.298273 0.0289556 0.0347164 0.113321 
Latency(us)/Energy(mJ): 2390 10.2338 1.26973 1.11889 3.76788 
Latency(us)/Energy(mJ): 30 0 0 0 0 
Latency(us)/Energy(mJ): 150 0.841117 0.13108 0.0873864 0.299747 
Latency(us)/Energy(mJ): 79 0 0 0 0 
Latency(us)/Energy(mJ): 1888 8.53095 1.44671 0.861154 2.99863 
Latency(us)/Energy(mJ): 28 0.526693 0.09492 0.051754 0.18193 
Latency(us)/Energy(mJ): 1504 7.10373 1.42421 0.686382 2.41283 
Latency(us)/Energy(mJ): 27 0 0 0 0 
Latency(us)/Energy(mJ): 1061 4.94569 1.08466 0.465145 1.63512 
Latency(us)/Energy(mJ): 28 0.558116 0.129728 0.0518914 0.182413 
Latency(us)/Energy(mJ): 42 0 0 0 0 
Latency(us)/Energy(mJ): 1296 6.50554 1.42556 0.604972 2.1546 
Latency(us)/Energy(mJ): 31 0.377977 0.0806874 0.0346019 0.127377 
Latency(us)/Energy(mJ): 0 0 0 0 0 
Latency(us)/Energy(mJ): 4999 28.3793 6.48093 2.29062 9.8466 
Latency(us)/Energy(mJ): 30 0 0 0 0 
Latency(us)/Energy(mJ): 0 0 0 0 0 
Latency(us)/Energy(mJ): 2181 13.8702 3.21418 0.978262 4.93554 
Latency(us)/Energy(mJ): 195 1.26865 0.302618 0.0863273 0.455438 
0.3094 - "n02124075 Egyptian cat"
0.1761 - "n02123159 tiger cat"
0.1221 - "n02123045 tabby, tabby cat"
0.1132 - "n02119022 red fox, Vulpes vulpes"
0.0421 - "n02085620 Chihuahua"
