loading weight: /home/nvidia/caffe-build/models/bvlc_alexnet/bvlc_alexnet.caffemodel
loading prototxt: /home/nvidia/caffe-build/models/bvlc_alexnet/deploy.prototxt
---------- Prediction for /home/nvidia/caffe-build/examples/images/cat.jpg ----------
Latency(us)/Energy(mJ): 1 0 0 0 0 
Latency(us)/Energy(mJ): 7964 17.0116 1.85257 4.83185 3.08515 
Latency(us)/Energy(mJ): 44 0.188892 0.030942 0.049491 0.03564 
Latency(us)/Energy(mJ): 675 1.63203 0.264248 0.422659 0.30437 
Latency(us)/Energy(mJ): 298 0.919086 0.14814 0.236946 0.172882 
Latency(us)/Energy(mJ): 9741 24.7202 5.24098 5.88288 4.70572 
Latency(us)/Energy(mJ): 44 0.523758 0.130892 0.101784 0.0983592 
Latency(us)/Energy(mJ): 559 1.3732 0.343174 0.266858 0.25788 
Latency(us)/Energy(mJ): 200 0.755561 0.188822 0.146831 0.141891 
Latency(us)/Energy(mJ): 5712 16.0273 4.24495 3.05873 2.95582 
Latency(us)/Energy(mJ): 67 0.238791 0.069048 0.043977 0.0424974 
Latency(us)/Energy(mJ): 3864 11.387 3.39956 2.07537 2.00555 
Latency(us)/Energy(mJ): 41 0 0 0 0 
Latency(us)/Energy(mJ): 3768 11.374 3.47396 2.02679 1.9586 
Latency(us)/Energy(mJ): 40 0.253445 0.0833624 0.0449133 0.0434022 
Latency(us)/Energy(mJ): 63 0 0 0 0 
Latency(us)/Energy(mJ): 7227 21.1244 6.30978 3.90751 3.72335 
Latency(us)/Energy(mJ): 44 0.230512 0.066654 0.0424523 0.0440393 
Latency(us)/Energy(mJ): 8 0 0 0 0 
Latency(us)/Energy(mJ): 32747 101.828 27.3706 17.503 22.6317 
Latency(us)/Energy(mJ): 56 0.319716 0.0760944 0.053286 0.0762936 
Latency(us)/Energy(mJ): 2 0 0 0 0 
Latency(us)/Energy(mJ): 14082 45.8606 11.1415 7.52948 11.1466 
Latency(us)/Energy(mJ): 314 0.90261 0.209794 0.146911 0.221053 
0.3094 - "n02124075 Egyptian cat"
0.1761 - "n02123159 tiger cat"
0.1221 - "n02123045 tabby, tabby cat"
0.1132 - "n02119022 red fox, Vulpes vulpes"
0.0421 - "n02085620 Chihuahua"
