loading weight: /home/nvidia/caffe-build/models/bvlc_alexnet/bvlc_alexnet.caffemodel
loading prototxt: /home/nvidia/caffe-build/models/bvlc_alexnet/deploy.prototxt
---------- Prediction for /home/nvidia/Downloads/ILSVRC2012_img_train_t3/n02085620/n02085620_1152.JPEG ----------
Latency(us)/Energy(mJ): 0 0 0 0 0 
Latency(us)/Energy(mJ): 297 1.50317 0.0508577 0.460595 0.412129 
Latency(us)/Energy(mJ): 25 0 0 0 0 
Latency(us)/Energy(mJ): 63 0.370982 0.0166025 0.110708 0.101427 
Latency(us)/Energy(mJ): 61 0.373258 0.0166575 0.111074 0.101763 
Latency(us)/Energy(mJ): 1491 8.0902 0.688279 2.28528 2.16002 
Latency(us)/Energy(mJ): 25 0.154358 0.0166652 0.0417176 0.0408434 
Latency(us)/Energy(mJ): 52 0.254702 0.0274988 0.0688372 0.0673946 
Latency(us)/Energy(mJ): 47 0.155169 0.0187141 0.0416566 0.0407836 
Latency(us)/Energy(mJ): 1789 10.7221 1.57376 2.76587 2.74756 
Latency(us)/Energy(mJ): 27 0 0 0 0 
Latency(us)/Energy(mJ): 1432 9.33749 1.69496 2.13986 2.43014 
Latency(us)/Energy(mJ): 41 0.303429 0.0585533 0.065511 0.0803752 
Latency(us)/Energy(mJ): 993 7.01704 1.41044 1.47041 1.87059 
Latency(us)/Energy(mJ): 45 0.192711 0.0395577 0.0395577 0.0517062 
Latency(us)/Energy(mJ): 44 0.320784 0.0654948 0.0654948 0.0864676 
Latency(us)/Energy(mJ): 786 5.73021 1.21356 1.15506 1.55394 
Latency(us)/Energy(mJ): 30 0.198962 0.0416325 0.0395577 0.0548457 
Latency(us)/Energy(mJ): 2 0 0 0 0 
Latency(us)/Energy(mJ): 5423 45.2746 9.18149 7.74023 13.9216 
Latency(us)/Energy(mJ): 31 0.414382 0.0824794 0.0619046 0.13554 
Latency(us)/Energy(mJ): 0 0 0 0 0 
Latency(us)/Energy(mJ): 2404 22.7818 4.49428 3.3068 7.56373 
Latency(us)/Energy(mJ): 38 0.437342 0.0860227 0.0619418 0.146971 
0.5948 - "n02085620 Chihuahua"
0.0656 - "n02110806 basenji"
0.0383 - "n02113023 Pembroke, Pembroke Welsh corgi"
0.0311 - "n02091244 Ibizan hound, Ibizan Podenco"
0.0298 - "n02389026 sorrel"
