loading weight: /home/nvidia/caffe-build/models/bvlc_alexnet/bvlc_alexnet.caffemodel
loading prototxt: /home/nvidia/caffe-build/models/bvlc_alexnet/deploy.prototxt
---------- Prediction for /home/nvidia/caffe-build/examples/images/cat.jpg ----------
Latency(us)/Energy(mJ): 0 0 0 0 0 
Latency(us)/Energy(mJ): 3416 12.2312 0.644546 1.81101 4.43234 
Latency(us)/Energy(mJ): 59 0 0 0 0 
Latency(us)/Energy(mJ): 378 1.8764 0.17854 0.261687 0.668731 
Latency(us)/Energy(mJ): 175 0.728063 0.0716441 0.100152 0.258819 
Latency(us)/Energy(mJ): 2421 9.45259 1.18041 1.23797 3.30276 
Latency(us)/Energy(mJ): 54 0.491871 0.0789707 0.0613833 0.167367 
Latency(us)/Energy(mJ): 310 1.13041 0.179891 0.139828 0.382664 
Latency(us)/Energy(mJ): 154 0.819798 0.130461 0.101407 0.280103 
Latency(us)/Energy(mJ): 1822 8.33746 1.43666 1.00104 2.78903 
Latency(us)/Energy(mJ): 72 0.504606 0.09324 0.059274 0.165945 
Latency(us)/Energy(mJ): 1698 7.80195 1.54078 0.901632 2.54559 
Latency(us)/Energy(mJ): 59 0.351574 0.073656 0.0396495 0.112415 
Latency(us)/Energy(mJ): 1252 5.87112 1.24987 0.660424 1.87244 
Latency(us)/Energy(mJ): 62 0.356569 0.0791388 0.0395694 0.112187 
Latency(us)/Energy(mJ): 84 0 0 0 0 
Latency(us)/Energy(mJ): 1912 9.51589 2.04188 1.06365 3.04644 
Latency(us)/Energy(mJ): 58 0.359268 0.078498 0.039249 0.118335 
Latency(us)/Energy(mJ): 4 0 0 0 0 
Latency(us)/Energy(mJ): 4991 27.6762 6.13508 2.65884 9.3945 
Latency(us)/Energy(mJ): 55 0.455111 0.101671 0.0395427 0.158689 
Latency(us)/Energy(mJ): 5 0 0 0 0 
Latency(us)/Energy(mJ): 2144 13.8998 3.17995 1.16097 4.88452 
Latency(us)/Energy(mJ): 383 2.48892 0.571341 0.200063 0.883703 
0.3094 - "n02124075 Egyptian cat"
0.1761 - "n02123159 tiger cat"
0.1221 - "n02123045 tabby, tabby cat"
0.1132 - "n02119022 red fox, Vulpes vulpes"
0.0421 - "n02085620 Chihuahua"
