loading weight: /home/nvidia/caffe-build/models/bvlc_alexnet/bvlc_alexnet.caffemodel
loading prototxt: /home/nvidia/caffe-build/models/bvlc_alexnet/deploy.prototxt
---------- Prediction for /home/nvidia/Downloads/ILSVRC2012_img_train_t3/n02085620/n02085620_1152.JPEG ----------
Latency(us)/Energy(mJ): 0 0 0 0 0 
Latency(us)/Energy(mJ): 343 1.57179 0.0492602 0.420656 0.47186 
Latency(us)/Energy(mJ): 23 0.22019 0.0069008 0.0589292 0.0661024 
Latency(us)/Energy(mJ): 51 0.16296 0.0051072 0.0436128 0.0489216 
Latency(us)/Energy(mJ): 47 0.216504 0.00678528 0.0579427 0.0649958 
Latency(us)/Energy(mJ): 4164 21.0447 1.57584 5.26609 6.06405 
Latency(us)/Energy(mJ): 19 0 0 0 0 
Latency(us)/Energy(mJ): 44 0.23508 0.0241688 0.0553077 0.0667585 
Latency(us)/Energy(mJ): 37 0.17109 0.01759 0.0402527 0.0485865 
Latency(us)/Energy(mJ): 5415 28.4549 3.63258 6.32121 7.86261 
Latency(us)/Energy(mJ): 31 0.243136 0.0347012 0.0520746 0.0661279 
Latency(us)/Energy(mJ): 3870 21.3119 3.14137 4.42027 5.96136 
Latency(us)/Energy(mJ): 36 0.256397 0.0380738 0.0519601 0.0729257 
Latency(us)/Energy(mJ): 2893 16.6195 2.62558 3.12701 4.7556 
Latency(us)/Energy(mJ): 41 0.189725 0.0299205 0.0349236 0.0550341 
Latency(us)/Energy(mJ): 42 0.454181 0.0716262 0.083603 0.131745 
Latency(us)/Energy(mJ): 2594 15.1252 2.3653 2.7538 4.3934 
Latency(us)/Energy(mJ): 30 0.268395 0.0415044 0.0484445 0.0798336 
Latency(us)/Energy(mJ): 0 0 0 0 0 
Latency(us)/Energy(mJ): 13185 88.288 12.2792 14.0893 29.3597 
Latency(us)/Energy(mJ): 32 0 0 0 0 
Latency(us)/Energy(mJ): 0 0.57656 0.0743346 0.0867643 0.202044 
Latency(us)/Energy(mJ): 5769 41.7067 5.27322 6.15497 14.7569 
Latency(us)/Energy(mJ): 35 0.24293 0.0303414 0.0354149 0.0862823 
0.5948 - "n02085620 Chihuahua"
0.0656 - "n02110806 basenji"
0.0383 - "n02113023 Pembroke, Pembroke Welsh corgi"
0.0311 - "n02091244 Ibizan hound, Ibizan Podenco"
0.0298 - "n02389026 sorrel"
