loading weight: /home/nvidia/caffe-build/models/bvlc_alexnet/bvlc_alexnet.caffemodel
loading prototxt: /home/nvidia/caffe-build/models/bvlc_alexnet/deploy.prototxt
---------- Prediction for /home/nvidia/Downloads/ILSVRC2012_img_train_t3/n02085620/n02085620_1152.JPEG ----------
Latency(us)/Energy(mJ): 0 0 0 0 0 
Latency(us)/Energy(mJ): 228 1.26421 0.0515574 0.430178 0.333877 
Latency(us)/Energy(mJ): 19 0 0 0 0 
Latency(us)/Energy(mJ): 55 0.418479 0.0222345 0.139093 0.108985 
Latency(us)/Energy(mJ): 48 0.263063 0.0172745 0.0865087 0.0677833 
Latency(us)/Energy(mJ): 1016 6.2965 0.700325 1.9208 1.5645 
Latency(us)/Energy(mJ): 17 0.180728 0.0276093 0.0510117 0.0437123 
Latency(us)/Energy(mJ): 40 0 0 0 0 
Latency(us)/Energy(mJ): 35 0.479992 0.0727394 0.134395 0.116559 
Latency(us)/Energy(mJ): 1146 7.92612 1.57238 2.08646 1.83127 
Latency(us)/Energy(mJ): 22 0.201405 0.0444758 0.0508374 0.0462259 
Latency(us)/Energy(mJ): 1002 7.654 1.89433 1.78 1.7594 
Latency(us)/Energy(mJ): 33 0.227147 0.0596666 0.0490139 0.052425 
Latency(us)/Energy(mJ): 692 5.88805 1.63481 1.23225 1.36751 
Latency(us)/Energy(mJ): 34 0.240559 0.0680969 0.0489438 0.0560913 
Latency(us)/Energy(mJ): 41 0.391379 0.113728 0.0792707 0.090847 
Latency(us)/Energy(mJ): 661 6.00912 1.74626 1.20315 1.41189 
Latency(us)/Energy(mJ): 23 0 0 0 0 
Latency(us)/Energy(mJ): 1 0 0 0 0 
Latency(us)/Energy(mJ): 4630 46.5554 13.3907 7.64305 12.3991 
Latency(us)/Energy(mJ): 24 0.306199 0.0871383 0.0446441 0.0870825 
Latency(us)/Energy(mJ): 0 0 0 0 0 
Latency(us)/Energy(mJ): 2065 23.0962 6.61969 3.26747 6.68359 
Latency(us)/Energy(mJ): 34 0.522541 0.151129 0.0721337 0.153747 
0.5948 - "n02085620 Chihuahua"
0.0656 - "n02110806 basenji"
0.0383 - "n02113023 Pembroke, Pembroke Welsh corgi"
0.0311 - "n02091244 Ibizan hound, Ibizan Podenco"
0.0298 - "n02389026 sorrel"
