loading weight: /home/nvidia/caffe-build/models/bvlc_alexnet/bvlc_alexnet.caffemodel
loading prototxt: /home/nvidia/caffe-build/models/bvlc_alexnet/deploy.prototxt
---------- Prediction for /home/nvidia/Downloads/ILSVRC2012_img_train_t3/n02085620/n02085620_1152.JPEG ----------
Latency(us)/Energy(mJ): 0 0 0 0 0 
Latency(us)/Energy(mJ): 252 0.97243 0.0433109 0.124198 0.342997 
Latency(us)/Energy(mJ): 26 0.192726 0.0137372 0.0240514 0.0663439 
Latency(us)/Energy(mJ): 59 0.125204 0.0089243 0.0156248 0.0431 
Latency(us)/Energy(mJ): 55 0.320753 0.0283083 0.0396762 0.110856 
Latency(us)/Energy(mJ): 1089 5.11173 0.643312 0.577553 1.65343 
Latency(us)/Energy(mJ): 26 0.146174 0.0241464 0.0153685 0.0451558 
Latency(us)/Energy(mJ): 47 0.233335 0.0382584 0.0243504 0.0715464 
Latency(us)/Energy(mJ): 47 0.147574 0.0241968 0.0154006 0.04525 
Latency(us)/Energy(mJ): 1193 6.76133 1.48346 0.656254 1.97016 
Latency(us)/Energy(mJ): 29 0.167098 0.04176 0.0153792 0.0479232 
Latency(us)/Energy(mJ): 1043 6.46016 1.74623 0.553096 1.83622 
Latency(us)/Energy(mJ): 37 0.300478 0.0868066 0.0243077 0.08535 
Latency(us)/Energy(mJ): 713 4.77164 1.43537 0.37128 1.34856 
Latency(us)/Energy(mJ): 35 0.320075 0.0997612 0.0240834 0.089749 
Latency(us)/Energy(mJ): 41 0.20411 0.0636171 0.0153578 0.0577788 
Latency(us)/Energy(mJ): 691 5.16647 1.62321 0.38244 1.46311 
Latency(us)/Energy(mJ): 32 0.211702 0.0664602 0.015518 0.0611422 
Latency(us)/Energy(mJ): 0 0 0 0 0 
Latency(us)/Energy(mJ): 4683 39.8064 12.0662 2.48681 12.3618 
Latency(us)/Energy(mJ): 32 0.430666 0.127419 0.0240916 0.14012 
Latency(us)/Energy(mJ): 0 0 0 0 0 
Latency(us)/Energy(mJ): 2084 20.563 6.08527 1.11268 6.78037 
Latency(us)/Energy(mJ): 40 0.302774 0.0887436 0.015926 0.101204 
0.5948 - "n02085620 Chihuahua"
0.0656 - "n02110806 basenji"
0.0383 - "n02113023 Pembroke, Pembroke Welsh corgi"
0.0311 - "n02091244 Ibizan hound, Ibizan Podenco"
0.0298 - "n02389026 sorrel"
