loading weight: /home/nvidia/caffe-build/models/bvlc_alexnet/bvlc_alexnet.caffemodel
loading prototxt: /home/nvidia/caffe-build/models/bvlc_alexnet/deploy.prototxt
---------- Prediction for /home/nvidia/caffe-build/examples/images/cat.jpg ----------
Latency(us)/Energy(mJ): 0 0 0 0 0 
Latency(us)/Energy(mJ): 3126 11.2974 0.582475 1.39053 4.41193 
Latency(us)/Energy(mJ): 31 0.439971 0.0344345 0.0517082 0.168786 
Latency(us)/Energy(mJ): 186 0.745922 0.0580415 0.0871574 0.284498 
Latency(us)/Energy(mJ): 83 0.299453 0.0232105 0.0348538 0.113769 
Latency(us)/Energy(mJ): 2822 11.6213 1.26597 1.28982 4.33776 
Latency(us)/Energy(mJ): 31 0 0 0 0 
Latency(us)/Energy(mJ): 142 0.803825 0.113768 0.0852796 0.292295 
Latency(us)/Energy(mJ): 74 0 0 0 0 
Latency(us)/Energy(mJ): 2215 9.98435 1.5011 1.03535 3.58283 
Latency(us)/Energy(mJ): 29 0 0 0 0 
Latency(us)/Energy(mJ): 1816 8.60225 1.51187 0.860559 2.98377 
Latency(us)/Energy(mJ): 29 0 0 0 0 
Latency(us)/Energy(mJ): 1230 5.81107 1.11229 0.567645 1.97384 
Latency(us)/Energy(mJ): 29 0.353704 0.0684252 0.0342126 0.120043 
Latency(us)/Energy(mJ): 43 0 0 0 0 
Latency(us)/Energy(mJ): 1389 6.80269 1.31455 0.657276 2.31321 
Latency(us)/Energy(mJ): 30 0 0 0 0 
Latency(us)/Energy(mJ): 0 0 0 0 0 
Latency(us)/Energy(mJ): 5452 29.6385 5.87672 2.49427 10.6096 
Latency(us)/Energy(mJ): 30 0.450074 0.0916971 0.0343958 0.163793 
Latency(us)/Energy(mJ): 0 0 0 0 0 
Latency(us)/Energy(mJ): 2388 14.664 2.96986 1.08345 5.4179 
Latency(us)/Energy(mJ): 192 1.20853 0.24442 0.0861217 0.449261 
0.3094 - "n02124075 Egyptian cat"
0.1761 - "n02123159 tiger cat"
0.1221 - "n02123045 tabby, tabby cat"
0.1132 - "n02119022 red fox, Vulpes vulpes"
0.0421 - "n02085620 Chihuahua"
