loading weight: /home/nvidia/caffe-build/models/bvlc_alexnet/bvlc_alexnet.caffemodel
loading prototxt: /home/nvidia/caffe-build/models/bvlc_alexnet/deploy.prototxt
---------- Prediction for /home/nvidia/caffe-build/examples/images/cat.jpg ----------
Latency(us)/Energy(mJ): 0 0 0 0 0 
Latency(us)/Energy(mJ): 2317 10.9073 0.480201 3.32431 3.27922 
Latency(us)/Energy(mJ): 20 0 0 0 0 
Latency(us)/Energy(mJ): 220 1.0494 0.0808292 0.30783 0.312921 
Latency(us)/Energy(mJ): 100 0.486472 0.037338 0.142198 0.14455 
Latency(us)/Energy(mJ): 2394 12.7267 1.23112 3.50637 3.74206 
Latency(us)/Energy(mJ): 19 0 0 0 0 
Latency(us)/Energy(mJ): 148 0.534461 0.0681848 0.13637 0.153838 
Latency(us)/Energy(mJ): 91 0.627441 0.0794859 0.158972 0.181533 
Latency(us)/Energy(mJ): 1815 9.9604 1.36871 2.48055 2.85066 
Latency(us)/Energy(mJ): 20 0 0 0 0 
Latency(us)/Energy(mJ): 1516 9.16004 1.48808 2.20877 2.55279 
Latency(us)/Energy(mJ): 20 0 0 0 0 
Latency(us)/Energy(mJ): 1067 6.19414 1.11348 1.46304 1.7052 
Latency(us)/Energy(mJ): 20 0 0 0 0 
Latency(us)/Energy(mJ): 29 0 0 0 0 
Latency(us)/Energy(mJ): 1319 8.07921 1.47154 1.89317 2.23009 
Latency(us)/Energy(mJ): 20 0 0 0 0 
Latency(us)/Energy(mJ): 1 0 0 0 0 
Latency(us)/Energy(mJ): 4979 32.9811 6.43497 6.60724 9.80802 
Latency(us)/Energy(mJ): 19 0 0 0 0 
Latency(us)/Energy(mJ): 0 0 0 0 0 
Latency(us)/Energy(mJ): 2180 16.4586 3.36323 2.89948 5.1645 
Latency(us)/Energy(mJ): 139 0.871332 0.183795 0.148781 0.276783 
0.3094 - "n02124075 Egyptian cat"
0.1761 - "n02123159 tiger cat"
0.1221 - "n02123045 tabby, tabby cat"
0.1132 - "n02119022 red fox, Vulpes vulpes"
0.0421 - "n02085620 Chihuahua"
