loading weight: /home/nvidia/caffe-build/models/bvlc_alexnet/bvlc_alexnet.caffemodel
loading prototxt: /home/nvidia/caffe-build/models/bvlc_alexnet/deploy.prototxt
---------- Prediction for /home/nvidia/Downloads/ILSVRC2012_img_train_t3/n02085620/n02085620_1152.JPEG ----------
Latency(us)/Energy(mJ): 0 0 0 0 0 
Latency(us)/Energy(mJ): 333 1.2361 0.0541484 0.145534 0.444546 
Latency(us)/Energy(mJ): 39 0.17799 0.0102592 0.0205184 0.0626752 
Latency(us)/Energy(mJ): 76 0.303299 0.0174819 0.0349637 0.10825 
Latency(us)/Energy(mJ): 75 0.310532 0.0211644 0.0354584 0.109782 
Latency(us)/Energy(mJ): 1501 6.43876 0.709537 0.686359 2.18245 
Latency(us)/Energy(mJ): 38 0.205934 0.0311211 0.0207474 0.0677235 
Latency(us)/Energy(mJ): 64 0.146317 0.0221214 0.0147476 0.048139 
Latency(us)/Energy(mJ): 68 0.357016 0.0535173 0.0356782 0.116461 
Latency(us)/Energy(mJ): 1703 8.40685 1.54151 0.796947 2.64912 
Latency(us)/Energy(mJ): 40 0.156535 0.0329158 0.0141156 0.0490038 
Latency(us)/Energy(mJ): 1429 7.73102 1.70427 0.552469 2.42591 
Latency(us)/Energy(mJ): 49 0.18122 0.0413224 0.0121387 0.0566789 
Latency(us)/Energy(mJ): 990 5.87959 1.40954 0.382189 1.8548 
Latency(us)/Energy(mJ): 47 0.275255 0.066178 0.0173888 0.0873093 
Latency(us)/Energy(mJ): 58 0.194198 0.04669 0.0122682 0.0615986 
Latency(us)/Energy(mJ): 780 5.02617 1.24918 0.311887 1.59816 
Latency(us)/Energy(mJ): 43 0.19786 0.0485268 0.0121158 0.0644904 
Latency(us)/Energy(mJ): 1 0 0 0 0 
Latency(us)/Energy(mJ): 5395 39.5 9.13047 2.22206 13.9024 
Latency(us)/Energy(mJ): 43 0.373493 0.083695 0.0174346 0.137463 
Latency(us)/Energy(mJ): 0 0 0 0 0 
Latency(us)/Energy(mJ): 2406 20.4105 4.48585 1.10177 7.62713 
Latency(us)/Energy(mJ): 53 0.393283 0.0865632 0.0207661 0.14868 
0.5948 - "n02085620 Chihuahua"
0.0656 - "n02110806 basenji"
0.0383 - "n02113023 Pembroke, Pembroke Welsh corgi"
0.0311 - "n02091244 Ibizan hound, Ibizan Podenco"
0.0298 - "n02389026 sorrel"
