loading weight: /home/nvidia/caffe-build/models/bvlc_alexnet/bvlc_alexnet.caffemodel
loading prototxt: /home/nvidia/caffe-build/models/bvlc_alexnet/deploy.prototxt
---------- Prediction for /home/nvidia/caffe-build/examples/images/cat.jpg ----------
Latency(us)/Energy(mJ): 0 0 0 0 0 
Latency(us)/Energy(mJ): 3105 7.98448 0.610997 2.31523 1.74564 
Latency(us)/Energy(mJ): 36 0.32013 0.034526 0.0864848 0.0715424 
Latency(us)/Energy(mJ): 302 0.752163 0.100638 0.201276 0.1665 
Latency(us)/Energy(mJ): 170 0.546813 0.0724845 0.144969 0.123527 
Latency(us)/Energy(mJ): 3213 9.92712 1.62996 2.44453 2.22982 
Latency(us)/Energy(mJ): 33 0.369574 0.07636 0.0849186 0.0830291 
Latency(us)/Energy(mJ): 258 0.861341 0.177967 0.197914 0.19351 
Latency(us)/Energy(mJ): 115 0.398347 0.0813751 0.0904958 0.0884822 
Latency(us)/Energy(mJ): 2347 8.09363 1.78174 1.78279 1.78246 
Latency(us)/Energy(mJ): 27 0 0 0 0 
Latency(us)/Energy(mJ): 1709 6.20048 1.56986 1.29689 1.32539 
Latency(us)/Energy(mJ): 31 0.41989 0.111365 0.0856826 0.0880377 
Latency(us)/Energy(mJ): 1469 5.25185 1.46058 1.0644 1.10869 
Latency(us)/Energy(mJ): 31 0.432997 0.121171 0.0865994 0.0912468 
Latency(us)/Energy(mJ): 59 0.286882 0.0802819 0.0573764 0.0604555 
Latency(us)/Energy(mJ): 2260 8.55303 2.41386 1.72515 1.83756 
Latency(us)/Energy(mJ): 33 0 0 0 0 
Latency(us)/Energy(mJ): 2 0 0 0 0 
Latency(us)/Energy(mJ): 8662 38.4025 10.3115 5.99356 10.1405 
Latency(us)/Energy(mJ): 32 0.553929 0.145848 0.0772532 0.159454 
Latency(us)/Energy(mJ): 1 0 0 0 0 
Latency(us)/Energy(mJ): 3694 18.6634 4.91467 2.51555 5.54142 
Latency(us)/Energy(mJ): 211 0.974687 0.254121 0.127061 0.297215 
0.3094 - "n02124075 Egyptian cat"
0.1761 - "n02123159 tiger cat"
0.1221 - "n02123045 tabby, tabby cat"
0.1132 - "n02119022 red fox, Vulpes vulpes"
0.0421 - "n02085620 Chihuahua"
