loading weight: /home/nvidia/caffe-build/models/bvlc_alexnet/bvlc_alexnet.caffemodel
loading prototxt: /home/nvidia/caffe-build/models/bvlc_alexnet/deploy.prototxt
---------- Prediction for /home/nvidia/Downloads/ILSVRC2012_img_train_t3/n02085620/n02085620_1152.JPEG ----------
Latency(us)/Energy(mJ): 0 0 0 0 0 
Latency(us)/Energy(mJ): 646 2.26246 0.095377 0.191381 0.838053 
Latency(us)/Energy(mJ): 63 0.294256 0.0123181 0.0247172 0.108675 
Latency(us)/Energy(mJ): 120 0.423447 0.0177262 0.0355691 0.156387 
Latency(us)/Energy(mJ): 113 0.298535 0.0124397 0.0249612 0.109747 
Latency(us)/Energy(mJ): 6786 26.2287 2.47223 2.07493 9.13728 
Latency(us)/Energy(mJ): 61 0.325782 0.0368415 0.0245342 0.111007 
Latency(us)/Energy(mJ): 97 0.33129 0.0374644 0.024949 0.112884 
Latency(us)/Energy(mJ): 104 0.519129 0.0587064 0.0390949 0.176888 
Latency(us)/Energy(mJ): 8625 35.3118 4.9492 2.62726 11.6683 
Latency(us)/Energy(mJ): 68 0.335868 0.0492833 0.0246013 0.111311 
Latency(us)/Energy(mJ): 6286 27.119 4.07784 1.91129 9.08925 
Latency(us)/Energy(mJ): 73 0.357219 0.0553722 0.024583 0.122028 
Latency(us)/Energy(mJ): 4719 21.2179 3.243 1.43976 7.24807 
Latency(us)/Energy(mJ): 70 0.367317 0.0555096 0.024644 0.125402 
Latency(us)/Energy(mJ): 86 0.373045 0.0563752 0.0250283 0.127357 
Latency(us)/Energy(mJ): 4114 18.7887 2.83221 1.25739 6.50027 
Latency(us)/Energy(mJ): 65 0.209237 0.0310936 0.0138043 0.0735928 
Latency(us)/Energy(mJ): 1 0 0 0 0 
Latency(us)/Energy(mJ): 21519 113.09 14.7604 6.56287 43.3406 
Latency(us)/Energy(mJ): 67 0.447729 0.0496662 0.0248331 0.17603 
Latency(us)/Energy(mJ): 1 0 0 0 0 
Latency(us)/Energy(mJ): 9511 52.7783 6.06519 2.90029 20.9892 
Latency(us)/Energy(mJ): 78 0.451636 0.0494344 0.0247172 0.181368 
0.5948 - "n02085620 Chihuahua"
0.0656 - "n02110806 basenji"
0.0383 - "n02113023 Pembroke, Pembroke Welsh corgi"
0.0311 - "n02091244 Ibizan hound, Ibizan Podenco"
0.0298 - "n02389026 sorrel"
