loading weight: /home/nvidia/caffe-build/models/bvlc_alexnet/bvlc_alexnet.caffemodel
loading prototxt: /home/nvidia/caffe-build/models/bvlc_alexnet/deploy.prototxt
---------- Prediction for /home/nvidia/caffe-build/examples/images/cat.jpg ----------
Latency(us)/Energy(mJ): 0 0 0 0 0 
Latency(us)/Energy(mJ): 8185 15.9902 1.38609 2.46361 4.12061 
Latency(us)/Energy(mJ): 117 0.442402 0.0762281 0.0608628 0.112433 
Latency(us)/Energy(mJ): 1635 3.0438 0.515394 0.411506 0.760228 
Latency(us)/Energy(mJ): 447 1.00607 0.173352 0.138409 0.251859 
Latency(us)/Energy(mJ): 4058 10.5485 2.03134 1.32097 2.66489 
Latency(us)/Energy(mJ): 101 0.322678 0.0817688 0.0362492 0.0796295 
Latency(us)/Energy(mJ): 1210 3.08821 0.715765 0.349926 0.768691 
Latency(us)/Energy(mJ): 418 0.750385 0.170561 0.0851408 0.187031 
Latency(us)/Energy(mJ): 2660 7.7873 2.00458 0.854595 1.90583 
Latency(us)/Energy(mJ): 102 0.562408 0.162624 0.059048 0.133584 
Latency(us)/Energy(mJ): 2347 6.62358 1.94068 0.591277 1.55902 
Latency(us)/Energy(mJ): 53 0.635703 0.190482 0.0476205 0.147437 
Latency(us)/Energy(mJ): 2064 6.17091 1.93221 0.464469 1.42789 
Latency(us)/Energy(mJ): 99 0.599231 0.192195 0.0443229 0.137227 
Latency(us)/Energy(mJ): 139 0.338702 0.108634 0.0250526 0.0775646 
Latency(us)/Energy(mJ): 11329 31.8963 9.05171 2.58984 7.42125 
Latency(us)/Energy(mJ): 87 0.245101 0.0604408 0.0201177 0.0622857 
Latency(us)/Energy(mJ): 4 0 0 0 0 
Latency(us)/Energy(mJ): 8825 31.0878 8.06748 2.04026 9.31193 
Latency(us)/Energy(mJ): 100 0.373208 0.0985083 0.0211023 0.121822 
Latency(us)/Energy(mJ): 1 0 0 0 0 
Latency(us)/Energy(mJ): 3654 15.6587 4.11242 0.837453 5.20768 
Latency(us)/Energy(mJ): 622 2.6692 0.725562 0.135969 0.904295 
0.3094 - "n02124075 Egyptian cat"
0.1761 - "n02123159 tiger cat"
0.1221 - "n02123045 tabby, tabby cat"
0.1132 - "n02119022 red fox, Vulpes vulpes"
0.0421 - "n02085620 Chihuahua"
