loading weight: /home/nvidia/caffe-build/models/bvlc_alexnet/bvlc_alexnet.caffemodel
loading prototxt: /home/nvidia/caffe-build/models/bvlc_alexnet/deploy.prototxt
---------- Prediction for /home/nvidia/caffe-build/examples/images/cat.jpg ----------
Latency(us)/Energy(mJ): 0 0 0 0 0 
Latency(us)/Energy(mJ): 2443 10.3849 0.491469 2.54663 3.35491 
Latency(us)/Energy(mJ): 26 0.335722 0.0281369 0.0789457 0.106122 
Latency(us)/Energy(mJ): 205 0.859958 0.0714756 0.200544 0.269581 
Latency(us)/Energy(mJ): 97 0.51845 0.0430911 0.120904 0.164674 
Latency(us)/Energy(mJ): 2416 11.6802 1.24262 2.60216 3.64765 
Latency(us)/Energy(mJ): 25 0 0 0 0 
Latency(us)/Energy(mJ): 151 0.941117 0.128641 0.20017 0.287054 
Latency(us)/Energy(mJ): 72 0.372782 0.0508036 0.0790525 0.113365 
Latency(us)/Energy(mJ): 1895 9.63002 1.45367 2.00101 2.91362 
Latency(us)/Energy(mJ): 23 0 0 0 0 
Latency(us)/Energy(mJ): 1509 7.98995 1.4212 1.60104 2.35454 
Latency(us)/Energy(mJ): 25 0 0 0 0 
Latency(us)/Energy(mJ): 1085 6.1221 1.19952 1.19952 1.76751 
Latency(us)/Energy(mJ): 24 0 0 0 0 
Latency(us)/Energy(mJ): 37 0.619462 0.12031 0.12031 0.178888 
Latency(us)/Energy(mJ): 1388 7.62633 1.48627 1.48057 2.21157 
Latency(us)/Energy(mJ): 25 0 0 0 0 
Latency(us)/Energy(mJ): 2 0 0 0 0 
Latency(us)/Energy(mJ): 5047 31.5053 6.48808 5.25501 9.74721 
Latency(us)/Energy(mJ): 22 0 0 0 0 
Latency(us)/Energy(mJ): 1 0 0 0 0 
Latency(us)/Energy(mJ): 2157 15.2988 3.26989 2.15768 4.95819 
Latency(us)/Energy(mJ): 159 1.36082 0.300695 0.186011 0.447486 
0.3094 - "n02124075 Egyptian cat"
0.1761 - "n02123159 tiger cat"
0.1221 - "n02123045 tabby, tabby cat"
0.1132 - "n02119022 red fox, Vulpes vulpes"
0.0421 - "n02085620 Chihuahua"
