loading weight: /home/nvidia/caffe-build/models/bvlc_alexnet/bvlc_alexnet.caffemodel
loading prototxt: /home/nvidia/caffe-build/models/bvlc_alexnet/deploy.prototxt
---------- Prediction for /home/nvidia/Downloads/ILSVRC2012_img_train_t3/n02085620/n02085620_1152.JPEG ----------
Latency(us)/Energy(mJ): 0 0 0 0 0 
Latency(us)/Energy(mJ): 233 1.18985 0.0574957 0.363493 0.330578 
Latency(us)/Energy(mJ): 18 0 0 0 0 
Latency(us)/Energy(mJ): 56 0.391775 0.0278435 0.117147 0.107793 
Latency(us)/Energy(mJ): 47 0.245228 0.0207108 0.0724877 0.0666995 
Latency(us)/Energy(mJ): 978 5.75078 0.77245 1.56062 1.48749 
Latency(us)/Energy(mJ): 17 0 0 0 0 
Latency(us)/Energy(mJ): 41 0.463858 0.0842442 0.112375 0.115688 
Latency(us)/Energy(mJ): 42 0.282757 0.0544364 0.0680901 0.070098 
Latency(us)/Energy(mJ): 1045 6.93133 1.61519 1.56046 1.63265 
Latency(us)/Energy(mJ): 21 0.198432 0.0511668 0.042639 0.0460781 
Latency(us)/Energy(mJ): 981 7.54747 2.15017 1.51521 1.75347 
Latency(us)/Energy(mJ): 35 0.224378 0.0679993 0.042517 0.0517453 
Latency(us)/Energy(mJ): 642 5.47936 1.7326 0.959404 1.26921 
Latency(us)/Energy(mJ): 35 0 0 0 0 
Latency(us)/Energy(mJ): 40 0.629532 0.205691 0.105617 0.146536 
Latency(us)/Energy(mJ): 642 5.49322 1.81267 0.91085 1.28159 
Latency(us)/Energy(mJ): 24 0.24642 0.0810021 0.040515 0.0588699 
Latency(us)/Energy(mJ): 1 0 0 0 0 
Latency(us)/Energy(mJ): 4563 46.0916 14.9309 6.39293 12.1309 
Latency(us)/Energy(mJ): 26 0.309825 0.100041 0.0383052 0.0872072 
Latency(us)/Energy(mJ): 0 0 0 0 0 
Latency(us)/Energy(mJ): 2022 23.0496 7.37095 2.74382 6.58098 
Latency(us)/Energy(mJ): 33 0.327915 0.104235 0.0361802 0.0952318 
0.5948 - "n02085620 Chihuahua"
0.0656 - "n02110806 basenji"
0.0383 - "n02113023 Pembroke, Pembroke Welsh corgi"
0.0311 - "n02091244 Ibizan hound, Ibizan Podenco"
0.0298 - "n02389026 sorrel"
