loading weight: /home/nvidia/caffe-build/models/bvlc_alexnet/bvlc_alexnet.caffemodel
loading prototxt: /home/nvidia/caffe-build/models/bvlc_alexnet/deploy.prototxt
---------- Prediction for /home/nvidia/Downloads/ILSVRC2012_img_train_t3/n02085620/n02085620_1152.JPEG ----------
Latency(us)/Energy(mJ): 0 0 0 0 0 
Latency(us)/Energy(mJ): 267 0.642733 0.025573 0.0822894 0.233307 
Latency(us)/Energy(mJ): 36 0.192541 0.0103966 0.0242436 0.0687356 
Latency(us)/Energy(mJ): 76 0.310865 0.0167857 0.0391422 0.110976 
Latency(us)/Energy(mJ): 69 0.312251 0.0167674 0.0390995 0.110855 
Latency(us)/Energy(mJ): 1556 7.02253 0.718604 0.825511 2.3883 
Latency(us)/Energy(mJ): 38 0.216071 0.0276086 0.0241688 0.0719634 
Latency(us)/Energy(mJ): 126 0.480721 0.0687824 0.0534641 0.159191 
Latency(us)/Energy(mJ): 108 0.709767 0.100934 0.0784553 0.233603 
Latency(us)/Energy(mJ): 1666 8.41232 1.48864 0.887113 2.65456 
Latency(us)/Energy(mJ): 38 0.237677 0.0447392 0.0240834 0.0741895 
Latency(us)/Energy(mJ): 1455 8.07903 1.69317 0.77305 2.52781 
Latency(us)/Energy(mJ): 42 0.162819 0.0361604 0.0148879 0.0512156 
Latency(us)/Energy(mJ): 1014 6.11647 1.40522 0.541946 1.92339 
Latency(us)/Energy(mJ): 49 0.451185 0.105792 0.0389606 0.142345 
Latency(us)/Energy(mJ): 52 0.280877 0.065859 0.0242543 0.0886144 
Latency(us)/Energy(mJ): 2021 12.2157 2.81047 1.06458 3.88964 
Latency(us)/Energy(mJ): 41 0.444858 0.0950701 0.0391422 0.144474 
Latency(us)/Energy(mJ): 0 0 0 0 0 
Latency(us)/Energy(mJ): 5493 39.2918 8.45259 2.74945 13.768 
Latency(us)/Energy(mJ): 41 0.299894 0.0627869 0.0171101 0.109587 
Latency(us)/Energy(mJ): 0 0 0 0 0 
Latency(us)/Energy(mJ): 2402 20.0955 4.28171 1.10409 7.43166 
Latency(us)/Energy(mJ): 52 0.316528 0.0674901 0.0168633 0.118597 
0.5948 - "n02085620 Chihuahua"
0.0656 - "n02110806 basenji"
0.0383 - "n02113023 Pembroke, Pembroke Welsh corgi"
0.0311 - "n02091244 Ibizan hound, Ibizan Podenco"
0.0298 - "n02389026 sorrel"
