loading weight: /home/nvidia/caffe-build/models/bvlc_alexnet/bvlc_alexnet.caffemodel
loading prototxt: /home/nvidia/caffe-build/models/bvlc_alexnet/deploy.prototxt
---------- Prediction for /home/nvidia/caffe-build/examples/images/cat.jpg ----------
Latency(us)/Energy(mJ): 0 0 0 0 0 
Latency(us)/Energy(mJ): 4256 9.66309 0.795195 1.59926 2.64934 
Latency(us)/Energy(mJ): 36 0.28737 0.0435098 0.0435098 0.078591 
Latency(us)/Energy(mJ): 263 0.676334 0.101306 0.101306 0.182988 
Latency(us)/Energy(mJ): 115 0.296551 0.0442165 0.0442165 0.0820667 
Latency(us)/Energy(mJ): 3271 8.95643 1.67125 1.2275 2.40668 
Latency(us)/Energy(mJ): 35 0.229897 0.0523912 0.0290893 0.0597777 
Latency(us)/Energy(mJ): 201 0.584026 0.133094 0.0738979 0.151858 
Latency(us)/Energy(mJ): 96 0.339788 0.0774344 0.0429941 0.0883517 
Latency(us)/Energy(mJ): 2347 7.31542 1.79 0.890862 1.88301 
Latency(us)/Energy(mJ): 32 0 0 0 0 
Latency(us)/Energy(mJ): 1682 5.65151 1.57946 0.647853 1.39598 
Latency(us)/Energy(mJ): 31 0 0 0 0 
Latency(us)/Energy(mJ): 1449 5.22033 1.58944 0.576209 1.24292 
Latency(us)/Energy(mJ): 31 0 0 0 0 
Latency(us)/Energy(mJ): 48 0.400648 0.121813 0.0435289 0.0938948 
Latency(us)/Energy(mJ): 2134 7.27607 2.22924 0.796604 1.76206 
Latency(us)/Energy(mJ): 35 0.269038 0.0809233 0.0289174 0.06813 
Latency(us)/Energy(mJ): 1 0 0 0 0 
Latency(us)/Energy(mJ): 8707 36.0735 10.3738 3.31227 10.42 
Latency(us)/Energy(mJ): 36 0 0 0 0 
Latency(us)/Energy(mJ): 0 0 0 0 0 
Latency(us)/Energy(mJ): 3742 18.0172 5.03622 1.42814 5.76994 
Latency(us)/Energy(mJ): 230 1.51046 0.416047 0.115367 0.492353 
0.3094 - "n02124075 Egyptian cat"
0.1761 - "n02123159 tiger cat"
0.1221 - "n02123045 tabby, tabby cat"
0.1132 - "n02119022 red fox, Vulpes vulpes"
0.0421 - "n02085620 Chihuahua"
