loading weight: /home/nvidia/caffe-build/models/bvlc_alexnet/bvlc_alexnet.caffemodel
loading prototxt: /home/nvidia/caffe-build/models/bvlc_alexnet/deploy.prototxt
---------- Prediction for /home/nvidia/Downloads/ILSVRC2012_img_train_t3/n02085620/n02085620_1152.JPEG ----------
Latency(us)/Energy(mJ): 0 0 0 0 0 
Latency(us)/Energy(mJ): 581 2.07545 0.0994289 0.209359 0.730043 
Latency(us)/Energy(mJ): 78 0.319866 0.0187963 0.0313546 0.110069 
Latency(us)/Energy(mJ): 131 0.64381 0.0498736 0.0624646 0.222387 
Latency(us)/Energy(mJ): 136 0.471313 0.0360754 0.045183 0.160861 
Latency(us)/Energy(mJ): 1668 7.13304 0.864178 0.638571 2.34184 
Latency(us)/Energy(mJ): 76 0.370377 0.0564439 0.031303 0.118064 
Latency(us)/Energy(mJ): 113 0.538974 0.0814507 0.0451714 0.170371 
Latency(us)/Energy(mJ): 125 0.587018 0.0979997 0.0489356 0.184568 
Latency(us)/Energy(mJ): 1708 8.12342 1.51021 0.648279 2.50367 
Latency(us)/Energy(mJ): 78 0.40841 0.0812646 0.0312115 0.12644 
Latency(us)/Energy(mJ): 1699 9.0606 1.96347 0.648912 2.8209 
Latency(us)/Energy(mJ): 85 0.462683 0.106951 0.0314173 0.14513 
Latency(us)/Energy(mJ): 1088 6.3164 1.47519 0.417881 1.98333 
Latency(us)/Energy(mJ): 81 0.486141 0.115596 0.031303 0.151616 
Latency(us)/Energy(mJ): 99 0.489382 0.119161 0.0313106 0.152526 
Latency(us)/Energy(mJ): 1117 6.69718 1.58761 0.433563 2.12595 
Latency(us)/Energy(mJ): 82 0.533303 0.122636 0.0340309 0.173267 
Latency(us)/Energy(mJ): 2 0 0 0 0 
Latency(us)/Energy(mJ): 5758 40.796 8.86424 2.20355 14.4574 
Latency(us)/Energy(mJ): 79 0.643285 0.136642 0.0310439 0.238492 
Latency(us)/Energy(mJ): 1 0 0 0 0 
Latency(us)/Energy(mJ): 2550 20.5925 4.26259 0.963092 7.74573 
Latency(us)/Energy(mJ): 101 1.08658 0.227084 0.0493547 0.411419 
0.5948 - "n02085620 Chihuahua"
0.0656 - "n02110806 basenji"
0.0383 - "n02113023 Pembroke, Pembroke Welsh corgi"
0.0311 - "n02091244 Ibizan hound, Ibizan Podenco"
0.0298 - "n02389026 sorrel"
