loading weight: /home/nvidia/caffe-build/models/bvlc_alexnet/bvlc_alexnet.caffemodel
loading prototxt: /home/nvidia/caffe-build/models/bvlc_alexnet/deploy.prototxt
---------- Prediction for /home/nvidia/caffe-build/examples/images/cat.jpg ----------
Latency(us)/Energy(mJ): 0 0 0 0 0 
Latency(us)/Energy(mJ): 3751 13.3177 0.699797 1.97529 4.79645 
Latency(us)/Energy(mJ): 71 0.276377 0.0276377 0.0386349 0.0970213 
Latency(us)/Energy(mJ): 389 1.44002 0.142983 0.199876 0.501936 
Latency(us)/Energy(mJ): 204 1.16277 0.114676 0.160307 0.410535 
Latency(us)/Energy(mJ): 2420 9.51079 1.1633 1.23706 3.24225 
Latency(us)/Energy(mJ): 59 0.487821 0.077631 0.060342 0.162381 
Latency(us)/Energy(mJ): 320 1.62246 0.255942 0.198942 0.535354 
Latency(us)/Energy(mJ): 163 0.815201 0.127919 0.0994308 0.267569 
Latency(us)/Energy(mJ): 1892 8.3526 1.41607 0.994628 2.71056 
Latency(us)/Energy(mJ): 63 0.335549 0.061488 0.0390888 0.106579 
Latency(us)/Energy(mJ): 1755 8.33269 1.59688 0.955673 2.61989 
Latency(us)/Energy(mJ): 88 0.348741 0.0724656 0.0390087 0.107749 
Latency(us)/Energy(mJ): 1384 6.24141 1.32269 0.696576 1.92406 
Latency(us)/Energy(mJ): 74 0.900223 0.199369 0.099591 0.275088 
Latency(us)/Energy(mJ): 106 0.547565 0.12069 0.0602886 0.166527 
Latency(us)/Energy(mJ): 2060 9.84766 2.07608 1.09441 3.0513 
Latency(us)/Energy(mJ): 62 0.361076 0.0727136 0.0391422 0.115154 
Latency(us)/Energy(mJ): 7 0 0 0 0 
Latency(us)/Energy(mJ): 4909 27.8026 6.07407 2.64685 9.16328 
Latency(us)/Energy(mJ): 76 0.45545 0.100504 0.0390888 0.154013 
Latency(us)/Energy(mJ): 5 0 0 0 0 
Latency(us)/Energy(mJ): 2106 13.2157 2.99091 1.09443 4.51423 
Latency(us)/Energy(mJ): 422 3.75027 0.852551 0.298533 1.29559 
0.3094 - "n02124075 Egyptian cat"
0.1761 - "n02123159 tiger cat"
0.1221 - "n02123045 tabby, tabby cat"
0.1132 - "n02119022 red fox, Vulpes vulpes"
0.0421 - "n02085620 Chihuahua"
