loading weight: /home/nvidia/caffe-build/models/bvlc_alexnet/bvlc_alexnet.caffemodel
loading prototxt: /home/nvidia/caffe-build/models/bvlc_alexnet/deploy.prototxt
---------- Prediction for /home/nvidia/Downloads/ILSVRC2012_img_train_t3/n02085620/n02085620_1152.JPEG ----------
Latency(us)/Energy(mJ): 0 0 0 0 0 
Latency(us)/Energy(mJ): 392 1.73782 0.0616236 0.478417 0.501818 
Latency(us)/Energy(mJ): 34 0.215689 0.0103462 0.0586436 0.0623484 
Latency(us)/Energy(mJ): 86 0.482066 0.0229412 0.130034 0.138248 
Latency(us)/Energy(mJ): 66 0.352207 0.0221491 0.0942608 0.100216 
Latency(us)/Energy(mJ): 1469 7.43606 0.697401 1.79301 2.07273 
Latency(us)/Energy(mJ): 25 0 0 0 0 
Latency(us)/Energy(mJ): 52 0.387906 0.0498487 0.0885958 0.107026 
Latency(us)/Energy(mJ): 66 0.391597 0.0499586 0.0887911 0.107262 
Latency(us)/Energy(mJ): 1718 9.65806 1.5162 2.09612 2.56472 
Latency(us)/Energy(mJ): 31 0.160366 0.0272403 0.0335287 0.042563 
Latency(us)/Energy(mJ): 1471 9.24851 1.77346 1.82962 2.48585 
Latency(us)/Energy(mJ): 49 0.17709 0.0355882 0.0335287 0.0483296 
Latency(us)/Energy(mJ): 992 6.76013 1.4319 1.2421 1.85357 
Latency(us)/Energy(mJ): 46 0.306998 0.0654948 0.0551892 0.08475 
Latency(us)/Energy(mJ): 49 0.187688 0.0398185 0.0335531 0.0520471 
Latency(us)/Energy(mJ): 800 5.51512 1.21881 0.945756 1.53555 
Latency(us)/Energy(mJ): 33 0.316609 0.0691435 0.051869 0.0902266 
Latency(us)/Energy(mJ): 2 0.192797 0.0418765 0.0314142 0.0546454 
Latency(us)/Energy(mJ): 5361 43.2398 9.04043 6.11724 13.5935 
Latency(us)/Energy(mJ): 35 0.244971 0.0502243 0.0313868 0.0819681 
Latency(us)/Energy(mJ): 1 0 0 0 0 
Latency(us)/Energy(mJ): 2392 22.0514 4.45789 2.74105 7.49767 
Latency(us)/Energy(mJ): 42 0.426032 0.086175 0.0517322 0.147231 
0.5948 - "n02085620 Chihuahua"
0.0656 - "n02110806 basenji"
0.0383 - "n02113023 Pembroke, Pembroke Welsh corgi"
0.0311 - "n02091244 Ibizan hound, Ibizan Podenco"
0.0298 - "n02389026 sorrel"
