loading weight: /home/nvidia/caffe-build/models/bvlc_alexnet/bvlc_alexnet.caffemodel
loading prototxt: /home/nvidia/caffe-build/models/bvlc_alexnet/deploy.prototxt
---------- Prediction for /home/nvidia/caffe-build/examples/images/cat.jpg ----------
Latency(us)/Energy(mJ): 0 0 0 0 0 
Latency(us)/Energy(mJ): 2963 11.0347 0.605083 1.35401 4.29099 
Latency(us)/Energy(mJ): 30 0 0 0 0 
Latency(us)/Energy(mJ): 199 0.753976 0.0726563 0.087249 0.284797 
Latency(us)/Energy(mJ): 90 0.301352 0.0288988 0.0347393 0.113396 
Latency(us)/Energy(mJ): 2396 10.2607 1.24759 1.11908 3.77714 
Latency(us)/Energy(mJ): 30 0 0 0 0 
Latency(us)/Energy(mJ): 155 0.823909 0.127713 0.0851422 0.295581 
Latency(us)/Energy(mJ): 81 0.510921 0.0785241 0.0523494 0.181737 
Latency(us)/Energy(mJ): 1818 8.05676 1.34746 0.808439 2.83289 
Latency(us)/Energy(mJ): 28 0 0 0 0 
Latency(us)/Energy(mJ): 1500 7.13743 1.41201 0.687641 2.41725 
Latency(us)/Energy(mJ): 29 0.557022 0.113931 0.0526013 0.187091 
Latency(us)/Energy(mJ): 1069 4.97172 1.06533 0.465442 1.64963 
Latency(us)/Energy(mJ): 28 0 0 0 0 
Latency(us)/Energy(mJ): 44 0.561925 0.120898 0.0518456 0.184063 
Latency(us)/Energy(mJ): 1395 6.88171 1.48836 0.638269 2.27815 
Latency(us)/Energy(mJ): 32 0 0 0 0 
Latency(us)/Energy(mJ): 1 0 0 0 0 
Latency(us)/Energy(mJ): 5068 28.8485 6.51779 2.32554 9.97566 
Latency(us)/Energy(mJ): 30 0 0 0 0 
Latency(us)/Energy(mJ): 0 0 0 0 0 
Latency(us)/Energy(mJ): 2189 14.5325 3.37766 1.0246 5.18438 
Latency(us)/Energy(mJ): 196 1.2522 0.298693 0.0852076 0.449531 
0.3094 - "n02124075 Egyptian cat"
0.1761 - "n02123159 tiger cat"
0.1221 - "n02123045 tabby, tabby cat"
0.1132 - "n02119022 red fox, Vulpes vulpes"
0.0421 - "n02085620 Chihuahua"
