loading weight: /home/nvidia/caffe-build/models/bvlc_alexnet/bvlc_alexnet.caffemodel
loading prototxt: /home/nvidia/caffe-build/models/bvlc_alexnet/deploy.prototxt
---------- Prediction for /home/nvidia/Downloads/ILSVRC2012_img_train_t3/n02085620/n02085620_1152.JPEG ----------
Latency(us)/Energy(mJ): 0 0 0 0 0 
Latency(us)/Energy(mJ): 251 1.14161 0.0388396 0.302304 0.339102 
Latency(us)/Energy(mJ): 21 0.191412 0.00883024 0.0500509 0.0561434 
Latency(us)/Energy(mJ): 54 0.227536 0.0104149 0.059033 0.0662189 
Latency(us)/Energy(mJ): 54 0.206424 0.00944854 0.0535555 0.0600746 
Latency(us)/Energy(mJ): 1242 6.60887 0.656753 1.61218 1.86532 
Latency(us)/Energy(mJ): 19 0.25631 0.0348538 0.059247 0.0708954 
Latency(us)/Energy(mJ): 47 0.225562 0.0306726 0.0521394 0.0623904 
Latency(us)/Energy(mJ): 38 0.249914 0.033984 0.0577684 0.0691261 
Latency(us)/Energy(mJ): 1466 8.66686 1.51402 1.78708 2.30525 
Latency(us)/Energy(mJ): 32 0.26282 0.0518925 0.0518925 0.0692325 
Latency(us)/Energy(mJ): 1173 7.5704 1.63523 1.41912 2.0147 
Latency(us)/Energy(mJ): 38 0.290275 0.068085 0.0518925 0.0780725 
Latency(us)/Energy(mJ): 802 5.42496 1.30011 0.916862 1.46636 
Latency(us)/Energy(mJ): 37 0.3293 0.0800876 0.052235 0.0899959 
Latency(us)/Energy(mJ): 38 0.288336 0.0731634 0.0457371 0.0788006 
Latency(us)/Energy(mJ): 691 5.02509 1.2674 0.784189 1.37951 
Latency(us)/Energy(mJ): 26 0.339173 0.083448 0.0521664 0.0942096 
Latency(us)/Energy(mJ): 0 0 0 0 0 
Latency(us)/Energy(mJ): 4941 42.2309 10.3403 5.52925 12.9295 
Latency(us)/Energy(mJ): 26 0.37993 0.091857 0.0428934 0.123052 
Latency(us)/Energy(mJ): 0 0 0 0 0 
Latency(us)/Energy(mJ): 2189 21.3539 5.10249 2.34173 7.04423 
Latency(us)/Energy(mJ): 34 0.457313 0.108088 0.0488228 0.153338 
0.5948 - "n02085620 Chihuahua"
0.0656 - "n02110806 basenji"
0.0383 - "n02113023 Pembroke, Pembroke Welsh corgi"
0.0311 - "n02091244 Ibizan hound, Ibizan Podenco"
0.0298 - "n02389026 sorrel"
