loading weight: /home/nvidia/caffe-build/models/bvlc_alexnet/bvlc_alexnet.caffemodel
loading prototxt: /home/nvidia/caffe-build/models/bvlc_alexnet/deploy.prototxt
---------- Prediction for /home/nvidia/Downloads/ILSVRC2012_img_train_t3/n02085620/n02085620_1152.JPEG ----------
Latency(us)/Energy(mJ): 0 0 0 0 0 
Latency(us)/Energy(mJ): 276 1.40514 0.04104 0.437012 0.39312 
Latency(us)/Energy(mJ): 25 0.144089 0.00630666 0.0441742 0.0400982 
Latency(us)/Energy(mJ): 59 0.236591 0.0103554 0.0725329 0.0658403 
Latency(us)/Energy(mJ): 56 0.383234 0.0166529 0.116598 0.106739 
Latency(us)/Energy(mJ): 1958 10.8022 0.829221 3.14839 2.93691 
Latency(us)/Energy(mJ): 21 0.158152 0.0168482 0.0442749 0.0423415 
Latency(us)/Energy(mJ): 43 0.258014 0.0274866 0.0722312 0.069077 
Latency(us)/Energy(mJ): 43 0.15735 0.0167628 0.0440504 0.0421268 
Latency(us)/Energy(mJ): 2480 14.6473 1.97579 3.8175 3.80504 
Latency(us)/Energy(mJ): 22 0.275715 0.0413031 0.0689288 0.0716823 
Latency(us)/Energy(mJ): 1869 11.7273 1.96 2.79223 3.09133 
Latency(us)/Energy(mJ): 37 0.478308 0.0828942 0.105067 0.12753 
Latency(us)/Energy(mJ): 1335 8.80428 1.62818 1.89332 2.37411 
Latency(us)/Energy(mJ): 34 0.308511 0.0582163 0.065134 0.0833715 
Latency(us)/Energy(mJ): 41 0.187496 0.0353808 0.039585 0.0511875 
Latency(us)/Energy(mJ): 1093 7.89649 1.53773 1.64118 2.1658 
Latency(us)/Energy(mJ): 25 0.193464 0.037428 0.0394997 0.0537295 
Latency(us)/Energy(mJ): 1 0 0 0 0 
Latency(us)/Energy(mJ): 6519 52.5029 9.70974 9.17673 16.4073 
Latency(us)/Energy(mJ): 26 0 0 0 0 
Latency(us)/Energy(mJ): 0 0 0 0 0 
Latency(us)/Energy(mJ): 2895 26.0319 4.63683 3.97608 8.79686 
Latency(us)/Energy(mJ): 31 0.413033 0.072256 0.0619595 0.141712 
0.5948 - "n02085620 Chihuahua"
0.0656 - "n02110806 basenji"
0.0383 - "n02113023 Pembroke, Pembroke Welsh corgi"
0.0311 - "n02091244 Ibizan hound, Ibizan Podenco"
0.0298 - "n02389026 sorrel"
