loading weight: /home/nvidia/caffe-build/models/bvlc_alexnet/bvlc_alexnet.caffemodel
loading prototxt: /home/nvidia/caffe-build/models/bvlc_alexnet/deploy.prototxt
---------- Prediction for /home/nvidia/Downloads/ILSVRC2012_img_train_t3/n02085620/n02085620_1152.JPEG ----------
Latency(us)/Energy(mJ): 0 0 0 0 0 
Latency(us)/Energy(mJ): 228 1.13818 0.0319018 0.3845 0.309153 
Latency(us)/Energy(mJ): 21 0.174315 0.00485184 0.0584774 0.0470182 
Latency(us)/Energy(mJ): 50 0.247711 0.0103874 0.0830995 0.0668153 
Latency(us)/Energy(mJ): 44 0.175844 0.0073738 0.0589904 0.0474306 
Latency(us)/Energy(mJ): 1698 9.61817 0.708703 2.99345 2.56025 
Latency(us)/Energy(mJ): 16 0.264908 0.0274866 0.0791254 0.069843 
Latency(us)/Energy(mJ): 37 0.187658 0.0194712 0.0560515 0.049476 
Latency(us)/Energy(mJ): 33 0.268158 0.0276452 0.0795819 0.070246 
Latency(us)/Energy(mJ): 2109 12.7188 1.70146 3.52197 3.26758 
Latency(us)/Energy(mJ): 20 0.202324 0.031863 0.0539295 0.0510066 
Latency(us)/Energy(mJ): 1612 10.6601 1.80031 2.64238 2.76212 
Latency(us)/Energy(mJ): 33 0.309399 0.055266 0.0725706 0.0814494 
Latency(us)/Energy(mJ): 1117 7.75967 1.4542 1.77854 2.05787 
Latency(us)/Energy(mJ): 32 0.323216 0.0621969 0.0725706 0.0866589 
Latency(us)/Energy(mJ): 36 0.227036 0.0436889 0.0509756 0.0608717 
Latency(us)/Energy(mJ): 919 6.70726 1.32513 1.46744 1.81703 
Latency(us)/Energy(mJ): 26 0 0 0 0 
Latency(us)/Energy(mJ): 0 0 0 0 0 
Latency(us)/Energy(mJ): 5897 49.1244 9.30875 8.89845 15.106 
Latency(us)/Energy(mJ): 22 0.279175 0.0515873 0.0445694 0.0912935 
Latency(us)/Energy(mJ): 0 0 0 0 0 
Latency(us)/Energy(mJ): 2599 24.1069 4.43159 3.7498 8.03113 
Latency(us)/Energy(mJ): 32 0.303372 0.0557837 0.0461043 0.102334 
0.5948 - "n02085620 Chihuahua"
0.0656 - "n02110806 basenji"
0.0383 - "n02113023 Pembroke, Pembroke Welsh corgi"
0.0311 - "n02091244 Ibizan hound, Ibizan Podenco"
0.0298 - "n02389026 sorrel"
