loading weight: /home/nvidia/caffe-build/models/bvlc_alexnet/bvlc_alexnet.caffemodel
loading prototxt: /home/nvidia/caffe-build/models/bvlc_alexnet/deploy.prototxt
---------- Prediction for /home/nvidia/Downloads/ILSVRC2012_img_train_t3/n02085620/n02085620_1152.JPEG ----------
Latency(us)/Energy(mJ): 0 0 0 0 0 
Latency(us)/Energy(mJ): 289 1.14811 0.0709187 0.130219 0.41002 
Latency(us)/Energy(mJ): 34 0.129001 0.0118034 0.0141888 0.0451069 
Latency(us)/Energy(mJ): 70 0.324593 0.0317057 0.0352477 0.112054 
Latency(us)/Energy(mJ): 65 0.195721 0.0209489 0.0209489 0.0665974 
Latency(us)/Energy(mJ): 982 4.67821 0.819522 0.452284 1.49185 
Latency(us)/Energy(mJ): 33 0.160836 0.035724 0.0142896 0.0484224 
Latency(us)/Energy(mJ): 59 0.397581 0.0931867 0.0349546 0.118449 
Latency(us)/Energy(mJ): 58 0.240101 0.0590913 0.0208665 0.0707091 
Latency(us)/Energy(mJ): 983 5.62679 1.61149 0.453301 1.57138 
Latency(us)/Energy(mJ): 36 0.188047 0.0594914 0.0142493 0.0513846 
Latency(us)/Energy(mJ): 979 6.45126 2.16916 0.451443 1.73782 
Latency(us)/Energy(mJ): 45 0.318753 0.114272 0.0207478 0.085125 
Latency(us)/Energy(mJ): 637 4.65532 1.69264 0.291886 1.23496 
Latency(us)/Energy(mJ): 40 0.344434 0.128017 0.0207387 0.0903062 
Latency(us)/Energy(mJ): 48 0.23362 0.0868304 0.0140665 0.061837 
Latency(us)/Energy(mJ): 735 5.81235 2.16634 0.347722 1.53959 
Latency(us)/Energy(mJ): 39 0 0 0 0 
Latency(us)/Energy(mJ): 1 0.353505 0.129427 0.0209672 0.0956598 
Latency(us)/Energy(mJ): 4580 41.4 14.734 2.09241 12.0815 
Latency(us)/Energy(mJ): 38 0 0 0 0 
Latency(us)/Energy(mJ): 0 0 0 0 0 
Latency(us)/Energy(mJ): 2021 21.4754 7.40963 0.936678 6.65704 
Latency(us)/Energy(mJ): 48 0.484929 0.167775 0.0205109 0.152347 
0.5948 - "n02085620 Chihuahua"
0.0656 - "n02110806 basenji"
0.0383 - "n02113023 Pembroke, Pembroke Welsh corgi"
0.0311 - "n02091244 Ibizan hound, Ibizan Podenco"
0.0298 - "n02389026 sorrel"
