loading weight: /home/nvidia/caffe-build/models/bvlc_alexnet/bvlc_alexnet.caffemodel
loading prototxt: /home/nvidia/caffe-build/models/bvlc_alexnet/deploy.prototxt
---------- Prediction for /home/nvidia/caffe-build/examples/images/cat.jpg ----------
Latency(us)/Energy(mJ): 1 0 0 0 0 
Latency(us)/Energy(mJ): 12201 21.8755 2.53572 4.65454 4.20984 
Latency(us)/Energy(mJ): 69 0 0 0 0 
Latency(us)/Energy(mJ): 557 1.2771 0.236362 0.236362 0.248738 
Latency(us)/Energy(mJ): 240 0.429433 0.0780044 0.0780044 0.0820884 
Latency(us)/Energy(mJ): 9746 22.7019 5.32369 3.75105 4.4945 
Latency(us)/Energy(mJ): 73 0 0 0 0 
Latency(us)/Energy(mJ): 418 1.30288 0.355283 0.197265 0.255036 
Latency(us)/Energy(mJ): 192 0.508258 0.138598 0.0769539 0.100322 
Latency(us)/Energy(mJ): 5809 14.9956 4.2775 2.20607 2.87597 
Latency(us)/Energy(mJ): 56 0 0 0 0 
Latency(us)/Energy(mJ): 3877 10.7951 3.4315 1.50269 1.95901 
Latency(us)/Energy(mJ): 57 0.324058 0.10651 0.0443693 0.0578427 
Latency(us)/Energy(mJ): 3766 10.5025 3.42738 1.42776 1.86132 
Latency(us)/Energy(mJ): 56 0.245895 0.0797332 0.0332149 0.0433011 
Latency(us)/Energy(mJ): 86 0 0 0 0 
Latency(us)/Energy(mJ): 6448 17.9274 5.6623 2.50025 3.31677 
Latency(us)/Energy(mJ): 70 0 0 0 0 
Latency(us)/Energy(mJ): 3 0.304344 0.092862 0.0422301 0.0613552 
Latency(us)/Energy(mJ): 32811 97.7142 27.4338 12.5202 22.6251 
Latency(us)/Energy(mJ): 69 0.272912 0.0673466 0.0336733 0.0675229 
Latency(us)/Energy(mJ): 2 0 0 0 0 
Latency(us)/Energy(mJ): 14208 44.3559 11.1183 5.43053 11.2805 
Latency(us)/Energy(mJ): 429 1.25736 0.306517 0.153258 0.322966 
0.3094 - "n02124075 Egyptian cat"
0.1761 - "n02123159 tiger cat"
0.1221 - "n02123045 tabby, tabby cat"
0.1132 - "n02119022 red fox, Vulpes vulpes"
0.0421 - "n02085620 Chihuahua"
