loading weight: /home/nvidia/caffe-build/models/bvlc_alexnet/bvlc_alexnet.caffemodel
loading prototxt: /home/nvidia/caffe-build/models/bvlc_alexnet/deploy.prototxt
---------- Prediction for /home/nvidia/Downloads/ILSVRC2012_img_train_t3/n02085620/n02085620_1152.JPEG ----------
Latency(us)/Energy(mJ): 0 0 0 0 0 
Latency(us)/Energy(mJ): 268 0.922836 0.035264 0.106256 0.337792 
Latency(us)/Energy(mJ): 29 0.182019 0.010392 0.020784 0.0660733 
Latency(us)/Energy(mJ): 58 0.303102 0.0171384 0.0342767 0.108967 
Latency(us)/Energy(mJ): 58 0.118503 0.00670054 0.0134011 0.0426026 
Latency(us)/Energy(mJ): 1524 6.72762 0.699331 0.70903 2.32867 
Latency(us)/Energy(mJ): 29 0.142234 0.0188066 0.0140972 0.0477706 
Latency(us)/Energy(mJ): 53 0.207113 0.027385 0.0205276 0.0695606 
Latency(us)/Energy(mJ): 48 0.140663 0.0209123 0.0139415 0.0472429 
Latency(us)/Energy(mJ): 1772 8.78624 1.56354 0.825472 2.81562 
Latency(us)/Energy(mJ): 31 0.227911 0.0441837 0.0203993 0.0715758 
Latency(us)/Energy(mJ): 1414 7.50567 1.62911 0.581286 2.37005 
Latency(us)/Energy(mJ): 38 0.254936 0.0581315 0.0170764 0.0805864 
Latency(us)/Energy(mJ): 999 5.91889 1.40136 0.383393 1.87888 
Latency(us)/Energy(mJ): 37 0.273566 0.065772 0.0172822 0.0876355 
Latency(us)/Energy(mJ): 45 0.181949 0.043471 0.0114224 0.0579214 
Latency(us)/Energy(mJ): 756 4.66494 1.1503 0.301795 1.498 
Latency(us)/Energy(mJ): 34 0.282201 0.0687921 0.0171755 0.0922788 
Latency(us)/Energy(mJ): 0 0 0 0 0 
Latency(us)/Energy(mJ): 5462 40.002 9.25889 2.14133 14.06 
Latency(us)/Energy(mJ): 34 0.616331 0.138163 0.0287807 0.226922 
Latency(us)/Energy(mJ): 0 0 0 0 0 
Latency(us)/Energy(mJ): 2407 20.3172 4.46756 0.940291 7.57146 
Latency(us)/Energy(mJ): 42 0.393283 0.0865632 0.0173126 0.14868 
0.5948 - "n02085620 Chihuahua"
0.0656 - "n02110806 basenji"
0.0383 - "n02113023 Pembroke, Pembroke Welsh corgi"
0.0311 - "n02091244 Ibizan hound, Ibizan Podenco"
0.0298 - "n02389026 sorrel"
