loading weight: /home/nvidia/caffe-build/models/bvlc_alexnet/bvlc_alexnet.caffemodel
loading prototxt: /home/nvidia/caffe-build/models/bvlc_alexnet/deploy.prototxt
---------- Prediction for /home/nvidia/caffe-build/examples/images/cat.jpg ----------
Latency(us)/Energy(mJ): 0 0 0 0 0 
Latency(us)/Energy(mJ): 3255 8.4145 0.650208 2.44637 1.83113 
Latency(us)/Energy(mJ): 51 0.32013 0.0432424 0.0864848 0.0715424 
Latency(us)/Energy(mJ): 330 0.745502 0.0997402 0.19948 0.165015 
Latency(us)/Energy(mJ): 124 0.536515 0.0715104 0.143021 0.11831 
Latency(us)/Energy(mJ): 3263 10.2518 1.69311 2.51841 2.2933 
Latency(us)/Energy(mJ): 33 0 0 0 0 
Latency(us)/Energy(mJ): 229 0.872305 0.17965 0.199786 0.195341 
Latency(us)/Energy(mJ): 168 0.630058 0.128709 0.143135 0.13995 
Latency(us)/Energy(mJ): 2361 8.16303 1.79754 1.804 1.80516 
Latency(us)/Energy(mJ): 31 0 0 0 0 
Latency(us)/Energy(mJ): 1823 6.39035 1.60688 1.34464 1.3638 
Latency(us)/Energy(mJ): 30 0.417296 0.111812 0.0860264 0.088391 
Latency(us)/Energy(mJ): 1542 5.90768 1.60954 1.20116 1.23418 
Latency(us)/Energy(mJ): 30 0 0 0 0 
Latency(us)/Energy(mJ): 53 0 0 0 0 
Latency(us)/Energy(mJ): 2388 9.1879 2.48197 1.7727 1.95177 
Latency(us)/Energy(mJ): 32 0 0 0 0 
Latency(us)/Energy(mJ): 3 0 0 0 0 
Latency(us)/Energy(mJ): 8676 38.7053 10.2199 5.99377 10.1944 
Latency(us)/Energy(mJ): 30 0.361712 0.095978 0.050838 0.104932 
Latency(us)/Energy(mJ): 1 0 0 0 0 
Latency(us)/Energy(mJ): 3736 19.0618 4.98581 2.57216 5.68888 
Latency(us)/Energy(mJ): 208 0.987598 0.257488 0.128744 0.301152 
0.3094 - "n02124075 Egyptian cat"
0.1761 - "n02123159 tiger cat"
0.1221 - "n02123045 tabby, tabby cat"
0.1132 - "n02119022 red fox, Vulpes vulpes"
0.0421 - "n02085620 Chihuahua"
