loading weight: /home/nvidia/caffe-build/models/bvlc_alexnet/bvlc_alexnet.caffemodel
loading prototxt: /home/nvidia/caffe-build/models/bvlc_alexnet/deploy.prototxt
---------- Prediction for /home/nvidia/Downloads/ILSVRC2012_img_train_t3/n02085620/n02085620_1152.JPEG ----------
Latency(us)/Energy(mJ): 0 0 0 0 0 
Latency(us)/Energy(mJ): 317 1.24713 0.067035 0.142768 0.447942 
Latency(us)/Energy(mJ): 39 0.184369 0.0137555 0.0206558 0.0648087 
Latency(us)/Energy(mJ): 77 0.318896 0.0292837 0.0352019 0.110448 
Latency(us)/Energy(mJ): 76 0.319853 0.0291084 0.0349912 0.110649 
Latency(us)/Energy(mJ): 1078 4.87726 0.629001 0.485352 1.59173 
Latency(us)/Energy(mJ): 38 0.163937 0.0279219 0.0152422 0.0516506 
Latency(us)/Energy(mJ): 66 0.379645 0.0639486 0.0349088 0.118293 
Latency(us)/Energy(mJ): 67 0.403078 0.0732434 0.0366217 0.124098 
Latency(us)/Energy(mJ): 1100 5.93191 1.32878 0.505229 1.73331 
Latency(us)/Energy(mJ): 42 0.177124 0.045153 0.0142621 0.0506336 
Latency(us)/Energy(mJ): 1063 6.47341 1.769 0.484451 1.84669 
Latency(us)/Energy(mJ): 50 0.495378 0.144779 0.0346954 0.140908 
Latency(us)/Energy(mJ): 698 4.61193 1.4015 0.31172 1.30621 
Latency(us)/Energy(mJ): 47 0.31647 0.100248 0.0207112 0.0893257 
Latency(us)/Energy(mJ): 58 0.534533 0.168776 0.0348691 0.151253 
Latency(us)/Energy(mJ): 736 5.03591 1.59516 0.327139 1.43413 
Latency(us)/Energy(mJ): 45 0.320359 0.0998497 0.020629 0.0932592 
Latency(us)/Energy(mJ): 1 0 0 0 0 
Latency(us)/Energy(mJ): 4591 38.5456 11.6777 2.10196 12.0864 
Latency(us)/Energy(mJ): 42 0.28875 0.0868252 0.0140756 0.09548 
Latency(us)/Energy(mJ): 0 0 0 0 0 
Latency(us)/Energy(mJ): 2073 20.2524 6.01534 0.95099 6.73699 
Latency(us)/Energy(mJ): 53 0.763448 0.226314 0.0348234 0.256565 
0.5948 - "n02085620 Chihuahua"
0.0656 - "n02110806 basenji"
0.0383 - "n02113023 Pembroke, Pembroke Welsh corgi"
0.0311 - "n02091244 Ibizan hound, Ibizan Podenco"
0.0298 - "n02389026 sorrel"
