loading weight: /home/nvidia/caffe-build/models/bvlc_alexnet/bvlc_alexnet.caffemodel
loading prototxt: /home/nvidia/caffe-build/models/bvlc_alexnet/deploy.prototxt
---------- Prediction for /home/nvidia/Downloads/ILSVRC2012_img_train_t3/n02085620/n02085620_1152.JPEG ----------
Latency(us)/Energy(mJ): 0 0 0 0 0 
Latency(us)/Energy(mJ): 292 1.31038 0.0412498 0.372876 0.379661 
Latency(us)/Energy(mJ): 24 0.135024 0.00423168 0.0382522 0.0389482 
Latency(us)/Energy(mJ): 64 0.356335 0.0166941 0.100165 0.101987 
Latency(us)/Energy(mJ): 59 0.357588 0.0167033 0.10022 0.102043 
Latency(us)/Energy(mJ): 1966 10.0007 0.827653 2.5313 2.81242 
Latency(us)/Energy(mJ): 21 0.149703 0.016958 0.0360566 0.041561 
Latency(us)/Energy(mJ): 51 0.392674 0.0444812 0.0945772 0.109015 
Latency(us)/Energy(mJ): 45 0.245337 0.0275964 0.0586763 0.0676338 
Latency(us)/Energy(mJ): 2448 13.6679 1.96968 3.13564 3.67524 
Latency(us)/Energy(mJ): 24 0.26225 0.041358 0.0551892 0.0701504 
Latency(us)/Energy(mJ): 1887 11.2553 1.98116 2.2611 3.05681 
Latency(us)/Energy(mJ): 44 0.462474 0.0834891 0.0891086 0.127058 
Latency(us)/Energy(mJ): 1329 8.50208 1.64661 1.60327 2.36235 
Latency(us)/Energy(mJ): 35 0.298233 0.0585533 0.0551648 0.0838541 
Latency(us)/Energy(mJ): 49 0.183112 0.035951 0.0338705 0.0514854 
Latency(us)/Energy(mJ): 1071 7.33524 1.48193 1.33594 2.07337 
Latency(us)/Energy(mJ): 27 0.308033 0.0619223 0.0550671 0.0888921 
Latency(us)/Energy(mJ): 1 0 0 0 0 
Latency(us)/Energy(mJ): 6517 50.6716 9.64856 7.59597 16.2437 
Latency(us)/Energy(mJ): 27 0.38395 0.072256 0.0516179 0.130467 
Latency(us)/Energy(mJ): 0 0 0 0 0 
Latency(us)/Energy(mJ): 2888 25.0075 4.58086 3.27245 8.6487 
Latency(us)/Energy(mJ): 34 1.29961 0.233088 0.166512 0.457144 
0.5948 - "n02085620 Chihuahua"
0.0656 - "n02110806 basenji"
0.0383 - "n02113023 Pembroke, Pembroke Welsh corgi"
0.0311 - "n02091244 Ibizan hound, Ibizan Podenco"
0.0298 - "n02389026 sorrel"
