loading weight: /home/nvidia/caffe-build/models/bvlc_alexnet/bvlc_alexnet.caffemodel
loading prototxt: /home/nvidia/caffe-build/models/bvlc_alexnet/deploy.prototxt
---------- Prediction for /home/nvidia/caffe-build/examples/images/cat.jpg ----------
Latency(us)/Energy(mJ): 1 0 0 0 0 
Latency(us)/Energy(mJ): 10093 22.5379 1.99497 5.34703 4.92635 
Latency(us)/Energy(mJ): 60 0.268521 0.0345565 0.0606155 0.0585761 
Latency(us)/Energy(mJ): 387 1.07565 0.137479 0.241151 0.238041 
Latency(us)/Energy(mJ): 185 0.450483 0.057035 0.100045 0.100232 
Latency(us)/Energy(mJ): 12497 31.9061 4.72668 6.68517 7.20066 
Latency(us)/Energy(mJ): 54 0.19297 0.0335027 0.0391352 0.0434511 
Latency(us)/Energy(mJ): 303 0.794733 0.13724 0.160313 0.177992 
Latency(us)/Energy(mJ): 153 0.498137 0.0852567 0.0995903 0.110573 
Latency(us)/Energy(mJ): 10429 27.8992 4.95445 5.57775 6.11644 
Latency(us)/Energy(mJ): 59 0 0 0 0 
Latency(us)/Energy(mJ): 8272 22.2034 4.43903 4.43903 4.56368 
Latency(us)/Energy(mJ): 61 0.297962 0.0604282 0.0604282 0.0605412 
Latency(us)/Energy(mJ): 5134 13.6247 2.76317 2.76317 2.76833 
Latency(us)/Energy(mJ): 57 0 0 0 0 
Latency(us)/Energy(mJ): 86 0.305217 0.0618995 0.0618995 0.0620152 
Latency(us)/Energy(mJ): 4781 12.6893 2.53208 2.56126 2.68867 
Latency(us)/Energy(mJ): 59 0.311664 0.0605888 0.0605888 0.071574 
Latency(us)/Energy(mJ): 4 0 0 0 0 
Latency(us)/Energy(mJ): 21794 71.3296 12.2203 11.6379 21.0085 
Latency(us)/Energy(mJ): 59 0.345467 0.0587476 0.0513441 0.114226 
Latency(us)/Energy(mJ): 2 0 0 0 0 
Latency(us)/Energy(mJ): 9414 35.2335 5.76204 5.03589 11.7434 
Latency(us)/Energy(mJ): 389 1.44014 0.230347 0.201318 0.491231 
0.3094 - "n02124075 Egyptian cat"
0.1761 - "n02123159 tiger cat"
0.1221 - "n02123045 tabby, tabby cat"
0.1132 - "n02119022 red fox, Vulpes vulpes"
0.0421 - "n02085620 Chihuahua"
