loading weight: /home/nvidia/caffe-build/models/bvlc_alexnet/bvlc_alexnet.caffemodel
loading prototxt: /home/nvidia/caffe-build/models/bvlc_alexnet/deploy.prototxt
---------- Prediction for /home/nvidia/caffe-build/examples/images/cat.jpg ----------
Latency(us)/Energy(mJ): 0 0 0 0 0 
Latency(us)/Energy(mJ): 2490 11.8945 0.52405 3.67466 3.52828 
Latency(us)/Energy(mJ): 21 0 0 0 0 
Latency(us)/Energy(mJ): 190 0.943403 0.071628 0.272788 0.2773 
Latency(us)/Energy(mJ): 82 0.572658 0.0432816 0.164834 0.16756 
Latency(us)/Energy(mJ): 2442 12.7825 1.23327 3.53671 3.71169 
Latency(us)/Energy(mJ): 22 0 0 0 0 
Latency(us)/Energy(mJ): 149 1.02667 0.129156 0.2726 0.291776 
Latency(us)/Energy(mJ): 63 0.411486 0.0517655 0.109258 0.116943 
Latency(us)/Energy(mJ): 1830 10.0658 1.37468 2.61239 2.83396 
Latency(us)/Energy(mJ): 20 0 0 0 0 
Latency(us)/Energy(mJ): 1486 8.66675 1.41272 2.17877 2.38913 
Latency(us)/Energy(mJ): 21 0.439161 0.0741024 0.108315 0.118773 
Latency(us)/Energy(mJ): 1066 6.20487 1.11407 1.46686 1.67344 
Latency(us)/Energy(mJ): 20 0 0 0 0 
Latency(us)/Energy(mJ): 29 0.444243 0.0853424 0.1025 0.120106 
Latency(us)/Energy(mJ): 1385 7.81251 1.41281 1.80654 2.11398 
Latency(us)/Energy(mJ): 19 0 0 0 0 
Latency(us)/Energy(mJ): 1 0 0 0 0 
Latency(us)/Energy(mJ): 5033 33.6631 6.5048 6.95787 9.8515 
Latency(us)/Energy(mJ): 20 0 0 0 0 
Latency(us)/Energy(mJ): 1 0 0 0 0 
Latency(us)/Energy(mJ): 2165 16.7206 3.37064 3.09371 5.17384 
Latency(us)/Energy(mJ): 136 0.863108 0.181153 0.155355 0.270655 
0.3094 - "n02124075 Egyptian cat"
0.1761 - "n02123159 tiger cat"
0.1221 - "n02123045 tabby, tabby cat"
0.1132 - "n02119022 red fox, Vulpes vulpes"
0.0421 - "n02085620 Chihuahua"
