loading weight: /home/nvidia/caffe-build/models/bvlc_alexnet/bvlc_alexnet.caffemodel
loading prototxt: /home/nvidia/caffe-build/models/bvlc_alexnet/deploy.prototxt
---------- Prediction for /home/nvidia/Downloads/ILSVRC2012_img_train_t3/n02085620/n02085620_1152.JPEG ----------
Latency(us)/Energy(mJ): 0 0 0 0 0 
Latency(us)/Energy(mJ): 587 2.14101 0.108404 0.179547 0.786725 
Latency(us)/Energy(mJ): 78 0.308056 0.0250954 0.0250954 0.111901 
Latency(us)/Energy(mJ): 140 0.480332 0.0385947 0.0385947 0.172094 
Latency(us)/Energy(mJ): 140 0.455099 0.0423847 0.0360815 0.160888 
Latency(us)/Energy(mJ): 1466 6.03612 0.798557 0.446727 2.08143 
Latency(us)/Energy(mJ): 76 0.35772 0.0591738 0.0250527 0.119596 
Latency(us)/Energy(mJ): 124 0.724239 0.125544 0.0501847 0.23957 
Latency(us)/Energy(mJ): 123 0.566899 0.100804 0.0388936 0.187223 
Latency(us)/Energy(mJ): 1438 6.56258 1.34151 0.430148 2.10621 
Latency(us)/Energy(mJ): 81 0.401305 0.0876828 0.0250405 0.128979 
Latency(us)/Energy(mJ): 1513 8.03547 1.86751 0.469432 2.59284 
Latency(us)/Energy(mJ): 89 0.45236 0.112641 0.0250222 0.147508 
Latency(us)/Energy(mJ): 936 5.35241 1.34507 0.28684 1.73702 
Latency(us)/Energy(mJ): 81 0.479374 0.124796 0.0249429 0.154891 
Latency(us)/Energy(mJ): 93 0.480549 0.124735 0.0249307 0.156369 
Latency(us)/Energy(mJ): 1155 6.76732 1.67871 0.357832 2.21417 
Latency(us)/Energy(mJ): 84 0.477946 0.112366 0.0249612 0.160393 
Latency(us)/Energy(mJ): 2 0 0 0 0 
Latency(us)/Energy(mJ): 5321 37.1752 8.58998 1.62037 13.3951 
Latency(us)/Energy(mJ): 82 0.645811 0.143395 0.024949 0.242619 
Latency(us)/Energy(mJ): 1 0 0 0 0 
Latency(us)/Energy(mJ): 2358 19.4604 4.30916 0.726272 7.40233 
Latency(us)/Energy(mJ): 101 0.994437 0.215859 0.0359961 0.381559 
0.5948 - "n02085620 Chihuahua"
0.0656 - "n02110806 basenji"
0.0383 - "n02113023 Pembroke, Pembroke Welsh corgi"
0.0311 - "n02091244 Ibizan hound, Ibizan Podenco"
0.0298 - "n02389026 sorrel"
