loading weight: /home/nvidia/caffe-build/models/bvlc_alexnet/bvlc_alexnet.caffemodel
loading prototxt: /home/nvidia/caffe-build/models/bvlc_alexnet/deploy.prototxt
---------- Prediction for /home/nvidia/caffe-build/examples/images/cat.jpg ----------
Latency(us)/Energy(mJ): 1 0 0 0 0 
Latency(us)/Energy(mJ): 2323 11.7253 0.475327 4.12061 3.28817 
Latency(us)/Energy(mJ): 18 0 0 0 0 
Latency(us)/Energy(mJ): 178 0.999435 0.0712279 0.328284 0.277239 
Latency(us)/Energy(mJ): 82 0.605969 0.0431863 0.199043 0.169458 
Latency(us)/Energy(mJ): 2431 13.5683 1.26198 4.28262 3.7395 
Latency(us)/Energy(mJ): 20 0 0 0 0 
Latency(us)/Energy(mJ): 128 1.08161 0.128728 0.329513 0.294798 
Latency(us)/Energy(mJ): 68 0.432012 0.0514157 0.131612 0.117746 
Latency(us)/Energy(mJ): 1803 10.5597 1.3708 3.12762 2.85446 
Latency(us)/Energy(mJ): 18 0 0 0 0 
Latency(us)/Energy(mJ): 1490 9.08182 1.40341 2.52186 2.41071 
Latency(us)/Energy(mJ): 16 0 0 0 0 
Latency(us)/Energy(mJ): 1063 6.22262 1.05918 1.69646 1.62674 
Latency(us)/Energy(mJ): 16 0.70713 0.121378 0.190818 0.182977 
Latency(us)/Energy(mJ): 27 0 0 0 0 
Latency(us)/Energy(mJ): 1376 8.61506 1.48367 2.33247 2.25916 
Latency(us)/Energy(mJ): 19 0 0 0 0 
Latency(us)/Energy(mJ): 1 0 0 0 0 
Latency(us)/Energy(mJ): 5050 34.9678 6.44572 8.27754 9.87553 
Latency(us)/Energy(mJ): 19 0 0 0 0 
Latency(us)/Energy(mJ): 0 0 0 0 0 
Latency(us)/Energy(mJ): 2177 17.2425 3.34899 3.5876 5.16631 
Latency(us)/Energy(mJ): 127 0.898412 0.181313 0.181426 0.273046 
0.3094 - "n02124075 Egyptian cat"
0.1761 - "n02123159 tiger cat"
0.1221 - "n02123045 tabby, tabby cat"
0.1132 - "n02119022 red fox, Vulpes vulpes"
0.0421 - "n02085620 Chihuahua"
