loading weight: /home/nvidia/caffe-build/models/bvlc_alexnet/bvlc_alexnet.caffemodel
loading prototxt: /home/nvidia/caffe-build/models/bvlc_alexnet/deploy.prototxt
---------- Prediction for /home/nvidia/caffe-build/examples/images/cat.jpg ----------
Latency(us)/Energy(mJ): 1 0 0 0 0 
Latency(us)/Energy(mJ): 19613 32.0163 3.42671 5.89356 5.88178 
Latency(us)/Energy(mJ): 114 0.227719 0.0363255 0.0363255 0.0433524 
Latency(us)/Energy(mJ): 3207 6.15373 0.984586 0.984586 1.17505 
Latency(us)/Energy(mJ): 1167 2.28738 0.371566 0.362554 0.445925 
Latency(us)/Energy(mJ): 10925 22.5852 4.74412 3.33031 4.54461 
Latency(us)/Energy(mJ): 150 0.231804 0.0549713 0.0313387 0.047265 
Latency(us)/Energy(mJ): 2270 5.10641 1.22189 0.696589 1.02463 
Latency(us)/Energy(mJ): 876 2.19017 0.528527 0.30131 0.442695 
Latency(us)/Energy(mJ): 6017 13.7068 3.40265 1.83753 2.77136 
Latency(us)/Energy(mJ): 94 0.196355 0.0506213 0.0252693 0.038111 
Latency(us)/Energy(mJ): 5082 11.9329 3.2657 1.53923 2.27338 
Latency(us)/Energy(mJ): 78 0.182424 0.0512904 0.0227378 0.034293 
Latency(us)/Energy(mJ): 4964 11.9173 3.40484 1.50941 2.18375 
Latency(us)/Energy(mJ): 89 0.461444 0.131786 0.0584228 0.084282 
Latency(us)/Energy(mJ): 134 0.255113 0.0728592 0.0322995 0.046596 
Latency(us)/Energy(mJ): 20979 44.919 10.4714 6.38582 8.42915 
Latency(us)/Energy(mJ): 108 0.406825 0.0738979 0.0590022 0.085118 
Latency(us)/Energy(mJ): 6 0 0 0 0 
Latency(us)/Energy(mJ): 33089 83.4228 17.9564 10.0915 21.1332 
Latency(us)/Energy(mJ): 70 0 0 0 0 
Latency(us)/Energy(mJ): 2 0 0 0 0 
Latency(us)/Energy(mJ): 14136 40.1695 8.73125 4.35848 11.0601 
Latency(us)/Energy(mJ): 678 2.20854 0.470837 0.235033 0.604921 
0.3094 - "n02124075 Egyptian cat"
0.1761 - "n02123159 tiger cat"
0.1221 - "n02123045 tabby, tabby cat"
0.1132 - "n02119022 red fox, Vulpes vulpes"
0.0421 - "n02085620 Chihuahua"
