loading weight: /home/nvidia/caffe-build/models/bvlc_alexnet/bvlc_alexnet.caffemodel
loading prototxt: /home/nvidia/caffe-build/models/bvlc_alexnet/deploy.prototxt
---------- Prediction for /home/nvidia/Downloads/ILSVRC2012_img_train_t3/n02085620/n02085620_1152.JPEG ----------
Latency(us)/Energy(mJ): 0 0 0 0 0 
Latency(us)/Energy(mJ): 261 1.0097 0.0346286 0.173981 0.349248 
Latency(us)/Energy(mJ): 20 0.201036 0.00689472 0.0346097 0.0695369 
Latency(us)/Energy(mJ): 45 0.124177 0.00422256 0.0211961 0.0425867 
Latency(us)/Energy(mJ): 41 0.201686 0.00685824 0.0344266 0.069169 
Latency(us)/Energy(mJ): 3019 14.0912 1.18268 2.2993 4.67546 
Latency(us)/Energy(mJ): 20 0.221329 0.0241795 0.0345486 0.0719046 
Latency(us)/Energy(mJ): 35 0.136473 0.0149093 0.021303 0.044337 
Latency(us)/Energy(mJ): 35 0.221622 0.0242116 0.0345944 0.0719999 
Latency(us)/Energy(mJ): 3909 19.6401 2.86077 2.97291 6.0898 
Latency(us)/Energy(mJ): 21 0 0 0 0 
Latency(us)/Energy(mJ): 2797 15.2154 2.64451 2.15389 4.64295 
Latency(us)/Energy(mJ): 28 0.156155 0.0277958 0.0213793 0.0477181 
Latency(us)/Energy(mJ): 2095 11.9018 2.20791 1.59572 3.6655 
Latency(us)/Energy(mJ): 27 0.159086 0.0294768 0.0210588 0.0491004 
Latency(us)/Energy(mJ): 32 0.262482 0.0483163 0.0345181 0.080482 
Latency(us)/Energy(mJ): 1867 10.8851 2.11995 1.41767 3.38007 
Latency(us)/Energy(mJ): 24 0.270476 0.0519605 0.0346555 0.0851625 
Latency(us)/Energy(mJ): 0 0 0 0 0 
Latency(us)/Energy(mJ): 9565 64.9856 11.2664 7.26302 22.6431 
Latency(us)/Energy(mJ): 23 0.334042 0.0553636 0.0345796 0.122435 
Latency(us)/Energy(mJ): 0 0 0 0 0 
Latency(us)/Energy(mJ): 4215 31.6466 5.11351 3.19385 11.7322 
Latency(us)/Energy(mJ): 29 0.564984 0.089914 0.0561594 0.211519 
0.5948 - "n02085620 Chihuahua"
0.0656 - "n02110806 basenji"
0.0383 - "n02113023 Pembroke, Pembroke Welsh corgi"
0.0311 - "n02091244 Ibizan hound, Ibizan Podenco"
0.0298 - "n02389026 sorrel"
