loading weight: /home/nvidia/caffe-build/models/bvlc_alexnet/bvlc_alexnet.caffemodel
loading prototxt: /home/nvidia/caffe-build/models/bvlc_alexnet/deploy.prototxt
---------- Prediction for /home/nvidia/Downloads/ILSVRC2012_img_train_t3/n02085620/n02085620_1152.JPEG ----------
Latency(us)/Energy(mJ): 0 0 0 0 0 
Latency(us)/Energy(mJ): 224 1.03919 0.0343642 0.207089 0.350424 
Latency(us)/Energy(mJ): 19 0 0 0 0 
Latency(us)/Energy(mJ): 45 0.211733 0.0104882 0.0419528 0.07099 
Latency(us)/Energy(mJ): 39 0.127687 0.00632498 0.0252999 0.042811 
Latency(us)/Energy(mJ): 2373 11.6669 0.975507 2.19902 3.74624 
Latency(us)/Energy(mJ): 18 0 0 0 0 
Latency(us)/Energy(mJ): 36 0.231196 0.0277672 0.0416963 0.0722858 
Latency(us)/Energy(mJ): 35 0.14079 0.0169092 0.0253915 0.0440194 
Latency(us)/Energy(mJ): 3048 16.1589 2.37941 2.80052 4.84008 
Latency(us)/Energy(mJ): 20 0 0 0 0 
Latency(us)/Energy(mJ): 2162 12.6934 2.24659 2.042 3.75749 
Latency(us)/Energy(mJ): 25 0 0 0 0 
Latency(us)/Energy(mJ): 1638 9.83497 1.90976 1.49297 2.94892 
Latency(us)/Energy(mJ): 26 0.265261 0.0526984 0.0394914 0.080105 
Latency(us)/Energy(mJ): 30 0.183028 0.0363614 0.0272487 0.0552717 
Latency(us)/Energy(mJ): 1444 9.0729 1.80168 1.33111 2.7521 
Latency(us)/Energy(mJ): 22 0 0 0 0 
Latency(us)/Energy(mJ): 0 0 0 0 0 
Latency(us)/Energy(mJ): 7633 55.8789 10.3438 7.01435 18.9502 
Latency(us)/Energy(mJ): 22 0 0 0 0 
Latency(us)/Energy(mJ): 0 0 0 0 0 
Latency(us)/Energy(mJ): 3379 27.4662 4.87561 3.08445 9.96776 
Latency(us)/Energy(mJ): 28 0.376322 0.0655654 0.0414312 0.137742 
0.5948 - "n02085620 Chihuahua"
0.0656 - "n02110806 basenji"
0.0383 - "n02113023 Pembroke, Pembroke Welsh corgi"
0.0311 - "n02091244 Ibizan hound, Ibizan Podenco"
0.0298 - "n02389026 sorrel"
