loading weight: /home/nvidia/caffe-build/models/bvlc_alexnet/bvlc_alexnet.caffemodel
loading prototxt: /home/nvidia/caffe-build/models/bvlc_alexnet/deploy.prototxt
---------- Prediction for /home/nvidia/Downloads/ILSVRC2012_img_train_t3/n02085620/n02085620_1152.JPEG ----------
Latency(us)/Energy(mJ): 0 0 0 0 0 
Latency(us)/Energy(mJ): 298 1.56497 0.0438642 0.528679 0.425656 
Latency(us)/Energy(mJ): 16 0 0 0 0 
Latency(us)/Energy(mJ): 46 0.418764 0.0117374 0.141467 0.1139 
Latency(us)/Energy(mJ): 43 0.172777 0.00484272 0.0583675 0.0469935 
Latency(us)/Energy(mJ): 4157 23.114 1.54382 7.17701 6.11636 
Latency(us)/Energy(mJ): 16 0 0 0 0 
Latency(us)/Energy(mJ): 39 0.257894 0.0242116 0.0761259 0.0677833 
Latency(us)/Energy(mJ): 35 0.18122 0.0170132 0.0534929 0.0476307 
Latency(us)/Energy(mJ): 5430 31.2136 3.63832 8.71246 7.98493 
Latency(us)/Energy(mJ): 20 0.182183 0.0239582 0.0479478 0.0462522 
Latency(us)/Energy(mJ): 3875 22.954 3.13125 5.88032 5.96775 
Latency(us)/Energy(mJ): 31 0.274683 0.0379731 0.069112 0.0727328 
Latency(us)/Energy(mJ): 2881 17.7524 2.62466 4.32754 4.75075 
Latency(us)/Energy(mJ): 30 0.27999 0.041175 0.06525 0.075735 
Latency(us)/Energy(mJ): 38 0.191389 0.0281454 0.044602 0.0517691 
Latency(us)/Energy(mJ): 2613 16.4305 2.39875 3.80129 4.46785 
Latency(us)/Energy(mJ): 22 0 0 0 0 
Latency(us)/Energy(mJ): 1 0 0 0 0 
Latency(us)/Energy(mJ): 13194 93.4059 12.2915 19.1337 29.378 
Latency(us)/Energy(mJ): 21 0.238634 0.0292068 0.0462521 0.079385 
Latency(us)/Energy(mJ): 0 0 0 0 0 
Latency(us)/Energy(mJ): 5829 44.2696 5.33244 8.44448 14.9011 
Latency(us)/Energy(mJ): 28 0.349876 0.0417606 0.0661324 0.118755 
0.5948 - "n02085620 Chihuahua"
0.0656 - "n02110806 basenji"
0.0383 - "n02113023 Pembroke, Pembroke Welsh corgi"
0.0311 - "n02091244 Ibizan hound, Ibizan Podenco"
0.0298 - "n02389026 sorrel"
