loading weight: /home/nvidia/caffe-build/models/bvlc_alexnet/bvlc_alexnet.caffemodel
loading prototxt: /home/nvidia/caffe-build/models/bvlc_alexnet/deploy.prototxt
---------- Prediction for /home/nvidia/Downloads/ILSVRC2012_img_train_t3/n02085620/n02085620_1152.JPEG ----------
Latency(us)/Energy(mJ): 0 0 0 0 0 
Latency(us)/Energy(mJ): 390 1.56833 0.0572493 0.201126 0.563077 
Latency(us)/Energy(mJ): 24 0 0 0 0 
Latency(us)/Energy(mJ): 49 0.310884 0.0113483 0.0398684 0.111617 
Latency(us)/Energy(mJ): 44 0.18788 0.00685824 0.0240941 0.066552 
Latency(us)/Energy(mJ): 6823 29.3473 2.39631 3.64577 9.8728 
Latency(us)/Energy(mJ): 24 0 0 0 0 
Latency(us)/Energy(mJ): 41 0.336655 0.0347897 0.0405626 0.110598 
Latency(us)/Energy(mJ): 42 0.199795 0.0206466 0.0240727 0.0656365 
Latency(us)/Energy(mJ): 8897 39.5154 5.03806 4.73552 12.4425 
Latency(us)/Energy(mJ): 25 0.128468 0.0175601 0.0153472 0.0402073 
Latency(us)/Energy(mJ): 6206 28.8148 4.02187 3.31665 9.13824 
Latency(us)/Energy(mJ): 31 0.213454 0.03097 0.0240727 0.0691076 
Latency(us)/Energy(mJ): 4745 22.7348 3.24838 2.52494 7.34207 
Latency(us)/Energy(mJ): 32 0.142008 0.0201154 0.0156355 0.0459989 
Latency(us)/Energy(mJ): 37 0.217474 0.0308051 0.0239446 0.0704436 
Latency(us)/Energy(mJ): 4407 21.3562 3.01809 2.34594 6.98274 
Latency(us)/Energy(mJ): 26 0.222795 0.0313135 0.0243397 0.0749791 
Latency(us)/Energy(mJ): 0 0 0 0 0 
Latency(us)/Energy(mJ): 21558 119.397 14.7664 11.4982 43.5035 
Latency(us)/Energy(mJ): 30 0.275404 0.0291458 0.0255145 0.1033 
Latency(us)/Energy(mJ): 0 0 0 0 0 
Latency(us)/Energy(mJ): 9550 55.9772 6.4701 5.10735 21.1794 
Latency(us)/Energy(mJ): 33 0 0 0 0 
0.5948 - "n02085620 Chihuahua"
0.0656 - "n02110806 basenji"
0.0383 - "n02113023 Pembroke, Pembroke Welsh corgi"
0.0311 - "n02091244 Ibizan hound, Ibizan Podenco"
0.0298 - "n02389026 sorrel"
