loading weight: /home/nvidia/caffe-build/models/bvlc_alexnet/bvlc_alexnet.caffemodel
loading prototxt: /home/nvidia/caffe-build/models/bvlc_alexnet/deploy.prototxt
---------- Prediction for /home/nvidia/Downloads/ILSVRC2012_img_train_t3/n02085620/n02085620_1152.JPEG ----------
Latency(us)/Energy(mJ): 0 0 0 0 0 
Latency(us)/Energy(mJ): 329 1.4648 0.045907 0.392022 0.434003 
Latency(us)/Energy(mJ): 28 0.217086 0.00680352 0.0580985 0.0643201 
Latency(us)/Energy(mJ): 50 0.139112 0.00432592 0.0369411 0.040897 
Latency(us)/Energy(mJ): 54 0.367578 0.0172208 0.0976096 0.108062 
Latency(us)/Energy(mJ): 2995 15.1034 1.16126 3.73749 4.3611 
Latency(us)/Energy(mJ): 19 0.238942 0.0242116 0.0553601 0.0686448 
Latency(us)/Energy(mJ): 42 0.153779 0.0155821 0.0356288 0.0441785 
Latency(us)/Energy(mJ): 41 0.238309 0.0241475 0.0552136 0.0684631 
Latency(us)/Energy(mJ): 3878 21.0982 2.84732 4.66199 5.82709 
Latency(us)/Energy(mJ): 22 0 0 0 0 
Latency(us)/Energy(mJ): 2826 16.256 2.6299 3.23302 4.51424 
Latency(us)/Energy(mJ): 40 0.442635 0.074023 0.0854399 0.124168 
Latency(us)/Energy(mJ): 2077 12.5893 2.19575 2.38395 3.57306 
Latency(us)/Energy(mJ): 37 0.278168 0.0483377 0.0517774 0.0796576 
Latency(us)/Energy(mJ): 43 0.17934 0.0311642 0.0333819 0.0513568 
Latency(us)/Energy(mJ): 1818 11.3368 2.06821 2.0919 3.27205 
Latency(us)/Energy(mJ): 25 0.182667 0.0333819 0.0333819 0.0541581 
Latency(us)/Energy(mJ): 1 0 0 0 0 
Latency(us)/Energy(mJ): 9570 68.41 11.2979 10.2283 22.5989 
Latency(us)/Energy(mJ): 25 0.224832 0.0355996 0.0311642 0.0781732 
Latency(us)/Energy(mJ): 0 0 0 0 0 
Latency(us)/Energy(mJ): 4209 33.1326 5.13576 4.49399 11.7243 
Latency(us)/Energy(mJ): 33 0.233892 0.035624 0.0311564 0.083804 
0.5948 - "n02085620 Chihuahua"
0.0656 - "n02110806 basenji"
0.0383 - "n02113023 Pembroke, Pembroke Welsh corgi"
0.0311 - "n02091244 Ibizan hound, Ibizan Podenco"
0.0298 - "n02389026 sorrel"
