loading weight: /home/nvidia/caffe-build/models/bvlc_alexnet/bvlc_alexnet.caffemodel
loading prototxt: /home/nvidia/caffe-build/models/bvlc_alexnet/deploy.prototxt
---------- Prediction for /home/nvidia/caffe-build/examples/images/cat.jpg ----------
Latency(us)/Energy(mJ): 0 0 0 0 0 
Latency(us)/Energy(mJ): 3332 13.267 0.664553 2.52999 4.55012 
Latency(us)/Energy(mJ): 33 0 0 0 0 
Latency(us)/Energy(mJ): 217 1.09055 0.0798795 0.200092 0.369962 
Latency(us)/Energy(mJ): 92 0.475246 0.0344955 0.0864084 0.160376 
Latency(us)/Energy(mJ): 3687 15.888 1.58018 2.77654 5.30697 
Latency(us)/Energy(mJ): 28 0 0 0 0 
Latency(us)/Energy(mJ): 169 0.851693 0.100045 0.142948 0.280088 
Latency(us)/Energy(mJ): 86 0.516426 0.0606624 0.0866768 0.169832 
Latency(us)/Energy(mJ): 3069 14.2985 1.9644 2.34645 4.61901 
Latency(us)/Energy(mJ): 29 0 0 0 0 
Latency(us)/Energy(mJ): 2418 11.6525 1.84234 1.86473 3.68731 
Latency(us)/Energy(mJ): 30 0 0 0 0 
Latency(us)/Energy(mJ): 1575 7.81635 1.35167 1.22923 2.43913 
Latency(us)/Energy(mJ): 32 0.358046 0.0614568 0.0558898 0.1109 
Latency(us)/Energy(mJ): 44 0 0 0 0 
Latency(us)/Energy(mJ): 1710 8.23367 1.41548 1.28726 2.58066 
Latency(us)/Energy(mJ): 30 0.561428 0.0948909 0.0862953 0.179829 
Latency(us)/Energy(mJ): 1 0 0 0 0 
Latency(us)/Energy(mJ): 6581 36.4757 6.46547 5.00402 12.2801 
Latency(us)/Energy(mJ): 31 0.447892 0.0788184 0.0563094 0.156751 
Latency(us)/Energy(mJ): 1 0 0 0 0 
Latency(us)/Energy(mJ): 2876 17.5722 3.17048 2.12865 6.22932 
Latency(us)/Energy(mJ): 197 1.2115 0.214843 0.128831 0.434757 
0.3094 - "n02124075 Egyptian cat"
0.1761 - "n02123159 tiger cat"
0.1221 - "n02123045 tabby, tabby cat"
0.1132 - "n02119022 red fox, Vulpes vulpes"
0.0421 - "n02085620 Chihuahua"
