loading weight: /home/nvidia/caffe-build/models/bvlc_alexnet/bvlc_alexnet.caffemodel
loading prototxt: /home/nvidia/caffe-build/models/bvlc_alexnet/deploy.prototxt
---------- Prediction for /home/nvidia/caffe-build/examples/images/cat.jpg ----------
Latency(us)/Energy(mJ): 7 0 0 0 0 
Latency(us)/Energy(mJ): 9101 24.0743 1.87475 6.95064 5.2594 
Latency(us)/Energy(mJ): 35 0 0 0 0 
Latency(us)/Energy(mJ): 277 0.739181 0.0818925 0.205134 0.159489 
Latency(us)/Energy(mJ): 110 0.525548 0.0582245 0.145848 0.114869 
Latency(us)/Energy(mJ): 12553 35.7705 4.73322 9.3676 7.8783 
Latency(us)/Energy(mJ): 35 0.22823 0.0355179 0.0533544 0.0490116 
Latency(us)/Energy(mJ): 196 0.56226 0.0875009 0.131442 0.120744 
Latency(us)/Energy(mJ): 111 0.333442 0.0518914 0.0779504 0.0716056 
Latency(us)/Energy(mJ): 10230 29.817 4.85973 7.00501 6.2777 
Latency(us)/Energy(mJ): 32 0.328846 0.060562 0.0778816 0.0672408 
Latency(us)/Energy(mJ): 8163 23.7517 4.37424 5.62519 4.69094 
Latency(us)/Energy(mJ): 32 0 0 0 0 
Latency(us)/Energy(mJ): 5009 14.4366 2.69351 3.4638 2.7942 
Latency(us)/Energy(mJ): 33 0 0 0 0 
Latency(us)/Energy(mJ): 46 0 0 0 0 
Latency(us)/Energy(mJ): 4297 12.6588 2.34678 3.01791 2.5472 
Latency(us)/Energy(mJ): 30 0 0 0 0 
Latency(us)/Energy(mJ): 1 0 0 0 0 
Latency(us)/Energy(mJ): 21813 76.1243 12.3347 14.9889 21.2172 
Latency(us)/Energy(mJ): 32 0.298342 0.0477191 0.0536547 0.0927828 
Latency(us)/Energy(mJ): 1 0 0 0 0 
Latency(us)/Energy(mJ): 9439 37.0318 5.75446 6.47023 11.8947 
Latency(us)/Energy(mJ): 201 0.760486 0.115846 0.130255 0.250651 
0.3094 - "n02124075 Egyptian cat"
0.1761 - "n02123159 tiger cat"
0.1221 - "n02123045 tabby, tabby cat"
0.1132 - "n02119022 red fox, Vulpes vulpes"
0.0421 - "n02085620 Chihuahua"
