loading weight: /home/nvidia/caffe-build/models/bvlc_alexnet/bvlc_alexnet.caffemodel
loading prototxt: /home/nvidia/caffe-build/models/bvlc_alexnet/deploy.prototxt
---------- Prediction for /home/nvidia/caffe-build/examples/images/cat.jpg ----------
Latency(us)/Energy(mJ): 1 0 0 0 0 
Latency(us)/Energy(mJ): 8860 16.7929 1.83708 4.07073 3.08132 
Latency(us)/Energy(mJ): 99 0.217649 0.0321622 0.0482961 0.0423909 
Latency(us)/Energy(mJ): 775 1.61742 0.234575 0.352248 0.309178 
Latency(us)/Energy(mJ): 317 0.719016 0.104279 0.15659 0.141953 
Latency(us)/Energy(mJ): 9762 22.4916 4.51609 4.5042 4.49111 
Latency(us)/Energy(mJ): 102 0.276511 0.069043 0.051754 0.054127 
Latency(us)/Energy(mJ): 543 1.32432 0.330673 0.24787 0.267519 
Latency(us)/Energy(mJ): 232 0.530143 0.132373 0.0992257 0.107892 
Latency(us)/Energy(mJ): 5865 14.753 3.74721 2.70199 2.93798 
Latency(us)/Energy(mJ): 95 0.29399 0.078948 0.0525555 0.0571455 
Latency(us)/Energy(mJ): 4107 10.5381 2.95933 1.8483 2.00973 
Latency(us)/Energy(mJ): 73 0.31055 0.0886622 0.0531509 0.0577929 
Latency(us)/Energy(mJ): 4017 10.7326 3.08427 1.79135 1.99603 
Latency(us)/Energy(mJ): 99 0.311085 0.088815 0.0444075 0.0556837 
Latency(us)/Energy(mJ): 140 0.277234 0.0791504 0.0395752 0.0496244 
Latency(us)/Energy(mJ): 7342 19.1842 5.26878 3.20813 3.60968 
Latency(us)/Energy(mJ): 79 0 0 0 0 
Latency(us)/Energy(mJ): 41 0.29588 0.0782944 0.0434716 0.0609968 
Latency(us)/Energy(mJ): 32890 92.6736 22.5763 12.5772 22.4475 
Latency(us)/Energy(mJ): 67 0.299941 0.0630857 0.0394415 0.0790895 
Latency(us)/Energy(mJ): 3 0 0 0 0 
Latency(us)/Energy(mJ): 14229 41.9179 9.48287 5.4189 11.1858 
Latency(us)/Energy(mJ): 570 1.9454 0.398739 0.249293 0.525343 
0.3094 - "n02124075 Egyptian cat"
0.1761 - "n02123159 tiger cat"
0.1221 - "n02123045 tabby, tabby cat"
0.1132 - "n02119022 red fox, Vulpes vulpes"
0.0421 - "n02085620 Chihuahua"
