loading weight: /home/nvidia/caffe-build/models/bvlc_alexnet/bvlc_alexnet.caffemodel
loading prototxt: /home/nvidia/caffe-build/models/bvlc_alexnet/deploy.prototxt
---------- Prediction for /home/nvidia/Downloads/ILSVRC2012_img_train_t3/n02085620/n02085620_1152.JPEG ----------
Latency(us)/Energy(mJ): 0 0 0 0 0 
Latency(us)/Energy(mJ): 82776 389.593 18.942 126.308 98.2764 
Latency(us)/Energy(mJ): 1086 5.58154 0.27486 1.8328 1.4031 
Latency(us)/Energy(mJ): 96730 450.636 22.1435 147.656 111.254 
Latency(us)/Energy(mJ): 8039 37.6305 1.84242 12.2855 9.25232 
Latency(us)/Energy(mJ): 170928 791.447 39.1369 251.214 198.443 
Latency(us)/Energy(mJ): 695 3.2201 0.159508 1.01961 0.801021 
Latency(us)/Energy(mJ): 431690 2042.76 98.8297 723.761 480.212 
Latency(us)/Energy(mJ): 4223 19.9694 0.971615 6.99278 4.71382 
Latency(us)/Energy(mJ): 108357 494.659 24.8053 158.312 124.257 
Latency(us)/Energy(mJ): 245 1.11177 0.0560042 0.354857 0.281244 
Latency(us)/Energy(mJ): 82828 379.759 18.963 120.154 95.2823 
Latency(us)/Energy(mJ): 243 1.2033 0.0601125 0.380887 0.301875 
Latency(us)/Energy(mJ): 58058 268.221 13.2896 84.2059 67.7144 
Latency(us)/Energy(mJ): 162 0.798485 0.0395529 0.250617 0.20191 
Latency(us)/Energy(mJ): 1014 4.688 0.23222 1.4714 1.17114 
Latency(us)/Energy(mJ): 158815 848.297 36.3531 299.938 208.381 
Latency(us)/Energy(mJ): 17 0.243187 0.0103416 0.0861653 0.0597015 
Latency(us)/Energy(mJ): 1 0 0 0 0 
Latency(us)/Energy(mJ): 71863 384.167 16.4523 137.079 94.8852 
Latency(us)/Energy(mJ): 16 0 0 0 0 
Latency(us)/Energy(mJ): 8 0 0 0 0 
Latency(us)/Energy(mJ): 17630 94.3233 4.04041 33.6642 23.1547 
Latency(us)/Energy(mJ): 169 0.916732 0.0392689 0.327184 0.223953 
0.5948 - "n02085620 Chihuahua"
0.0656 - "n02110806 basenji"
0.0383 - "n02113023 Pembroke, Pembroke Welsh corgi"
0.0311 - "n02091244 Ibizan hound, Ibizan Podenco"
0.0298 - "n02389026 sorrel"
