loading weight: /home/nvidia/caffe-build/models/bvlc_alexnet/bvlc_alexnet.caffemodel
loading prototxt: /home/nvidia/caffe-build/models/bvlc_alexnet/deploy.prototxt
---------- Prediction for /home/nvidia/caffe-build/examples/images/cat.jpg ----------
Latency(us)/Energy(mJ): 1 0 0 0 0 
Latency(us)/Energy(mJ): 15923 27.9666 2.90539 6.04847 5.55636 
Latency(us)/Energy(mJ): 65 0.222202 0.0347548 0.0435289 0.0436428 
Latency(us)/Energy(mJ): 528 0.952477 0.148977 0.186588 0.190869 
Latency(us)/Energy(mJ): 241 0.616883 0.0964867 0.120846 0.127173 
Latency(us)/Energy(mJ): 15535 32.7706 5.7328 5.9448 6.77921 
Latency(us)/Energy(mJ): 63 0.198422 0.040991 0.034189 0.03938 
Latency(us)/Energy(mJ): 429 0.879706 0.181734 0.151578 0.174592 
Latency(us)/Energy(mJ): 180 0.441072 0.0911191 0.0759989 0.091517 
Latency(us)/Energy(mJ): 11495 25.4456 5.252 4.38049 5.05556 
Latency(us)/Energy(mJ): 61 0.251431 0.0510441 0.0425739 0.0469205 
Latency(us)/Energy(mJ): 8638 19.2788 4.46016 3.29649 3.52087 
Latency(us)/Energy(mJ): 58 0 0 0 0 
Latency(us)/Energy(mJ): 6136 13.8092 3.3284 2.37654 2.43669 
Latency(us)/Energy(mJ): 58 0 0 0 0 
Latency(us)/Energy(mJ): 84 0.262271 0.0632905 0.0451906 0.0453089 
Latency(us)/Energy(mJ): 6938 15.4346 3.29297 2.65612 2.87835 
Latency(us)/Energy(mJ): 67 0 0 0 0 
Latency(us)/Energy(mJ): 5 0.262663 0.052441 0.043739 0.0548455 
Latency(us)/Energy(mJ): 35969 90.9678 16.4343 13.7072 22.4964 
Latency(us)/Energy(mJ): 62 0.251143 0.0429833 0.0358507 0.0665396 
Latency(us)/Energy(mJ): 2 0 0 0 0 
Latency(us)/Energy(mJ): 15658 42.1872 7.18998 5.99688 11.4214 
Latency(us)/Energy(mJ): 395 1.08247 0.182605 0.152303 0.297829 
0.3094 - "n02124075 Egyptian cat"
0.1761 - "n02123159 tiger cat"
0.1221 - "n02123045 tabby, tabby cat"
0.1132 - "n02119022 red fox, Vulpes vulpes"
0.0421 - "n02085620 Chihuahua"
