loading weight: /home/nvidia/caffe-build/models/bvlc_alexnet/bvlc_alexnet.caffemodel
loading prototxt: /home/nvidia/caffe-build/models/bvlc_alexnet/deploy.prototxt
---------- Prediction for /home/nvidia/caffe-build/examples/images/cat.jpg ----------
Latency(us)/Energy(mJ): 1 0 0 0 0 
Latency(us)/Energy(mJ): 6580 21.6009 1.19191 2.51148 8.12398 
Latency(us)/Energy(mJ): 138 0.648821 0.0568978 0.0712621 0.241066 
Latency(us)/Energy(mJ): 678 2.3386 0.204457 0.256074 0.869909 
Latency(us)/Energy(mJ): 341 1.32961 0.122803 0.143231 0.494205 
Latency(us)/Energy(mJ): 3721 13.6018 1.63277 1.39054 4.91802 
Latency(us)/Energy(mJ): 106 0.729943 0.099057 0.070861 0.25599 
Latency(us)/Energy(mJ): 699 2.65711 0.360584 0.257945 0.933987 
Latency(us)/Energy(mJ): 372 1.48706 0.20025 0.14325 0.524625 
Latency(us)/Energy(mJ): 3002 12.4003 1.92232 1.17541 4.30472 
Latency(us)/Energy(mJ): 119 0.46317 0.0778371 0.0432806 0.158507 
Latency(us)/Energy(mJ): 2936 11.9559 2.06922 1.10295 4.06787 
Latency(us)/Energy(mJ): 113 0.788926 0.143253 0.0717205 0.26623 
Latency(us)/Energy(mJ): 2006 8.4075 1.54131 0.759913 2.81943 
Latency(us)/Energy(mJ): 136 0.802099 0.157458 0.0716059 0.265804 
Latency(us)/Energy(mJ): 176 0.801671 0.157374 0.0715677 0.265662 
Latency(us)/Energy(mJ): 3113 13.1322 2.37346 1.18542 4.41721 
Latency(us)/Energy(mJ): 109 0.486305 0.0844641 0.0422874 0.1676 
Latency(us)/Energy(mJ): 19 0.321128 0.0557753 0.0279242 0.110673 
Latency(us)/Energy(mJ): 6456 31.873 5.81117 2.42857 11.4991 
Latency(us)/Energy(mJ): 106 1.03736 0.185851 0.0713804 0.383505 
Latency(us)/Energy(mJ): 10 0 0 0 0 
Latency(us)/Energy(mJ): 2794 16.149 3.01744 1.07141 6.0568 
Latency(us)/Energy(mJ): 874 5.58352 1.07261 0.357226 2.11483 
0.3094 - "n02124075 Egyptian cat"
0.1761 - "n02123159 tiger cat"
0.1221 - "n02123045 tabby, tabby cat"
0.1132 - "n02119022 red fox, Vulpes vulpes"
0.0421 - "n02085620 Chihuahua"
