loading weight: /home/nvidia/caffe-build/models/bvlc_alexnet/bvlc_alexnet.caffemodel
loading prototxt: /home/nvidia/caffe-build/models/bvlc_alexnet/deploy.prototxt
---------- Prediction for /home/nvidia/caffe-build/examples/images/cat.jpg ----------
Latency(us)/Energy(mJ): 1 0 0 0 0 
Latency(us)/Energy(mJ): 6414 21.2089 1.16163 2.43783 7.91909 
Latency(us)/Energy(mJ): 127 0.667086 0.0572485 0.0717014 0.246 
Latency(us)/Energy(mJ): 686 2.40283 0.205829 0.257793 0.892152 
Latency(us)/Energy(mJ): 332 1.35702 0.12332 0.143517 0.502404 
Latency(us)/Energy(mJ): 3668 13.723 1.65298 1.38586 4.96639 
Latency(us)/Energy(mJ): 113 0.743746 0.0999648 0.0715104 0.261893 
Latency(us)/Energy(mJ): 573 2.22234 0.299654 0.214359 0.785049 
Latency(us)/Energy(mJ): 275 1.1923 0.168931 0.114638 0.425542 
Latency(us)/Energy(mJ): 2995 12.1393 1.92085 1.14228 4.24017 
Latency(us)/Energy(mJ): 113 0.30647 0.0505632 0.0281152 0.104365 
Latency(us)/Energy(mJ): 2851 12.2271 2.15497 1.11447 4.14264 
Latency(us)/Energy(mJ): 112 0.311926 0.0561187 0.0280961 0.104294 
Latency(us)/Energy(mJ): 1975 8.7978 1.65593 0.785793 2.94177 
Latency(us)/Energy(mJ): 112 0.488037 0.094962 0.0431851 0.162453 
Latency(us)/Energy(mJ): 176 0.806416 0.156912 0.0713576 0.268432 
Latency(us)/Energy(mJ): 3348 14.3382 2.62498 1.28539 4.82432 
Latency(us)/Energy(mJ): 104 0.323984 0.0562712 0.0281725 0.111658 
Latency(us)/Energy(mJ): 13 0 0 0 0 
Latency(us)/Energy(mJ): 6552 32.8037 5.97763 2.4941 11.8375 
Latency(us)/Energy(mJ): 38 1.04164 0.191742 0.0714756 0.388992 
Latency(us)/Energy(mJ): 0 0 0 0 0 
Latency(us)/Energy(mJ): 2653 15.0567 2.80646 1.0966 5.67002 
Latency(us)/Energy(mJ): 214 1.13085 0.217246 0.0869742 0.428794 
0.3094 - "n02124075 Egyptian cat"
0.1761 - "n02123159 tiger cat"
0.1221 - "n02123045 tabby, tabby cat"
0.1132 - "n02119022 red fox, Vulpes vulpes"
0.0421 - "n02085620 Chihuahua"
