loading weight: /home/nvidia/caffe-build/models/bvlc_alexnet/bvlc_alexnet.caffemodel
loading prototxt: /home/nvidia/caffe-build/models/bvlc_alexnet/deploy.prototxt
---------- Prediction for /home/nvidia/caffe-build/examples/images/cat.jpg ----------
Latency(us)/Energy(mJ): 1 0 0 0 0 
Latency(us)/Energy(mJ): 5870 18.8318 1.04604 1.76818 7.38864 
Latency(us)/Energy(mJ): 115 0.398927 0.0349835 0.0349835 0.151633 
Latency(us)/Energy(mJ): 504 1.90334 0.166911 0.166911 0.725409 
Latency(us)/Energy(mJ): 259 0.761917 0.0660935 0.0660935 0.290595 
Latency(us)/Energy(mJ): 3659 13.6893 1.62016 1.12925 5.1181 
Latency(us)/Energy(mJ): 109 0.397091 0.0549486 0.0313845 0.145912 
Latency(us)/Energy(mJ): 419 1.66902 0.230955 0.131913 0.613285 
Latency(us)/Energy(mJ): 241 0.868689 0.119616 0.06832 0.317632 
Latency(us)/Energy(mJ): 2834 11.6017 1.80037 0.89063 4.19618 
Latency(us)/Energy(mJ): 107 0.414112 0.0702457 0.0311862 0.146933 
Latency(us)/Energy(mJ): 2789 11.5368 2.04072 0.858621 4.05759 
Latency(us)/Energy(mJ): 114 0.491352 0.090034 0.03599 0.171808 
Latency(us)/Energy(mJ): 1915 7.84075 1.48955 0.57221 2.72773 
Latency(us)/Energy(mJ): 115 0.486171 0.097188 0.0352885 0.168459 
Latency(us)/Energy(mJ): 165 0.936626 0.187236 0.0679845 0.324542 
Latency(us)/Energy(mJ): 2507 10.3688 1.92867 0.754387 3.61029 
Latency(us)/Energy(mJ): 116 0.494944 0.0874779 0.0349682 0.175415 
Latency(us)/Energy(mJ): 4 0 0 0 0 
Latency(us)/Energy(mJ): 6518 32.5225 6.21037 2.00957 12.0632 
Latency(us)/Energy(mJ): 112 0.623373 0.121912 0.0348157 0.238003 
Latency(us)/Energy(mJ): 1 0 0 0 0 
Latency(us)/Energy(mJ): 2800 15.8791 3.05762 0.854198 6.10916 
Latency(us)/Energy(mJ): 718 3.82165 0.741255 0.197625 1.48355 
0.3094 - "n02124075 Egyptian cat"
0.1761 - "n02123159 tiger cat"
0.1221 - "n02123045 tabby, tabby cat"
0.1132 - "n02119022 red fox, Vulpes vulpes"
0.0421 - "n02085620 Chihuahua"
