loading weight: /home/nvidia/caffe-build/models/bvlc_alexnet/bvlc_alexnet.caffemodel
loading prototxt: /home/nvidia/caffe-build/models/bvlc_alexnet/deploy.prototxt
---------- Prediction for /home/nvidia/Downloads/ILSVRC2012_img_train_t3/n02085620/n02085620_1152.JPEG ----------
Latency(us)/Energy(mJ): 0 0 0 0 0 
Latency(us)/Energy(mJ): 274 1.27427 0.0746255 0.290362 0.382244 
Latency(us)/Energy(mJ): 28 0.134351 0.0106375 0.0298465 0.0395906 
Latency(us)/Energy(mJ): 65 0.360524 0.0336813 0.0786143 0.10428 
Latency(us)/Energy(mJ): 58 0.23324 0.0248951 0.0498368 0.0669929 
Latency(us)/Energy(mJ): 918 5.00188 0.834799 0.977781 1.35335 
Latency(us)/Energy(mJ): 21 0 0 0 0 
Latency(us)/Energy(mJ): 46 0.429924 0.0940066 0.0774086 0.111112 
Latency(us)/Energy(mJ): 54 0.271723 0.0622518 0.0484231 0.0695062 
Latency(us)/Energy(mJ): 970 6.42752 1.78249 1.05623 1.54112 
Latency(us)/Energy(mJ): 33 0 0 0 0 
Latency(us)/Energy(mJ): 990 7.70511 2.57658 1.10424 1.79523 
Latency(us)/Energy(mJ): 37 0 0 0 0 
Latency(us)/Energy(mJ): 582 4.91095 1.79202 0.626028 1.13073 
Latency(us)/Energy(mJ): 44 0.635863 0.236874 0.073334 0.145854 
Latency(us)/Energy(mJ): 48 0.390477 0.148514 0.0448668 0.0901868 
Latency(us)/Energy(mJ): 656 5.75771 2.15763 0.658113 1.33161 
Latency(us)/Energy(mJ): 29 0.251278 0.0921248 0.0284922 0.0594595 
Latency(us)/Energy(mJ): 0 0 0 0 0 
Latency(us)/Energy(mJ): 4509 45.4443 16.5473 4.46456 11.835 
Latency(us)/Energy(mJ): 35 0 0 0 0 
Latency(us)/Energy(mJ): 0 0.506014 0.182337 0.044748 0.14012 
Latency(us)/Energy(mJ): 1987 22.5028 8.06371 1.85045 6.33713 
Latency(us)/Energy(mJ): 40 0.877032 0.315314 0.067562 0.250638 
0.5948 - "n02085620 Chihuahua"
0.0656 - "n02110806 basenji"
0.0383 - "n02113023 Pembroke, Pembroke Welsh corgi"
0.0311 - "n02091244 Ibizan hound, Ibizan Podenco"
0.0298 - "n02389026 sorrel"
