loading weight: /home/nvidia/caffe-build/models/bvlc_alexnet/bvlc_alexnet.caffemodel
loading prototxt: /home/nvidia/caffe-build/models/bvlc_alexnet/deploy.prototxt
---------- Prediction for /home/nvidia/Downloads/ILSVRC2012_img_train_t3/n02085620/n02085620_1152.JPEG ----------
Latency(us)/Energy(mJ): 0 0 0 0 0 
Latency(us)/Energy(mJ): 292 1.1652 0.0703358 0.129193 0.410708 
Latency(us)/Energy(mJ): 33 0.127654 0.0091805 0.0137858 0.0443975 
Latency(us)/Energy(mJ): 69 0.326209 0.0286893 0.0344874 0.111067 
Latency(us)/Energy(mJ): 66 0.33299 0.0348996 0.0348996 0.112395 
Latency(us)/Energy(mJ): 984 4.71996 0.81281 0.445616 1.47985 
Latency(us)/Energy(mJ): 35 0.238415 0.0517998 0.0207199 0.071072 
Latency(us)/Energy(mJ): 56 0.159028 0.0365812 0.0137217 0.0470672 
Latency(us)/Energy(mJ): 57 0.404051 0.0945647 0.0346156 0.118736 
Latency(us)/Energy(mJ): 986 5.61343 1.5682 0.445185 1.55223 
Latency(us)/Energy(mJ): 37 0.278537 0.0864706 0.0207112 0.0755484 
Latency(us)/Energy(mJ): 976 6.44144 2.1243 0.444624 1.72438 
Latency(us)/Energy(mJ): 41 0.212617 0.0735229 0.0137648 0.056475 
Latency(us)/Energy(mJ): 650 4.98275 1.78738 0.308594 1.31984 
Latency(us)/Energy(mJ): 43 0.347576 0.127904 0.0207204 0.0919495 
Latency(us)/Energy(mJ): 49 0.231304 0.0846864 0.0137191 0.0608806 
Latency(us)/Energy(mJ): 731 5.82817 2.14851 0.343774 1.53701 
Latency(us)/Energy(mJ): 40 0.355921 0.128412 0.0208026 0.0957741 
Latency(us)/Energy(mJ): 1 0 0 0 0 
Latency(us)/Energy(mJ): 4571 41.7706 14.7961 2.09354 12.1552 
Latency(us)/Energy(mJ): 38 0 0 0 0 
Latency(us)/Energy(mJ): 0 0 0 0 0 
Latency(us)/Energy(mJ): 2015 21.5999 7.45577 0.93735 6.70069 
Latency(us)/Energy(mJ): 48 0.322623 0.111229 0.0135979 0.101567 
0.5948 - "n02085620 Chihuahua"
0.0656 - "n02110806 basenji"
0.0383 - "n02113023 Pembroke, Pembroke Welsh corgi"
0.0311 - "n02091244 Ibizan hound, Ibizan Podenco"
0.0298 - "n02389026 sorrel"
