loading weight: /home/nvidia/caffe-build/models/bvlc_alexnet/bvlc_alexnet.caffemodel
loading prototxt: /home/nvidia/caffe-build/models/bvlc_alexnet/deploy.prototxt
---------- Prediction for /home/nvidia/Downloads/ILSVRC2012_img_train_t3/n02085620/n02085620_1152.JPEG ----------
Latency(us)/Energy(mJ): 0 0 0 0 0 
Latency(us)/Energy(mJ): 260 1.1506 0.0339264 0.358013 0.324001 
Latency(us)/Energy(mJ): 21 0.234457 0.0103371 0.0724046 0.0657238 
Latency(us)/Energy(mJ): 68 0.374799 0.0165246 0.115745 0.105065 
Latency(us)/Energy(mJ): 48 0.142415 0.00623338 0.0436609 0.0396323 
Latency(us)/Energy(mJ): 1508 8.38354 0.689928 2.38083 2.28414 
Latency(us)/Energy(mJ): 19 0 0 0 0 
Latency(us)/Energy(mJ): 46 0.417883 0.0445178 0.11144 0.113265 
Latency(us)/Energy(mJ): 42 0.25893 0.0275842 0.0690509 0.0701814 
Latency(us)/Energy(mJ): 1825 10.8599 1.57524 2.76464 2.83655 
Latency(us)/Energy(mJ): 23 0.171297 0.0274784 0.040165 0.044597 
Latency(us)/Energy(mJ): 1449 9.44704 1.71235 2.11326 2.48973 
Latency(us)/Energy(mJ): 46 0.30447 0.0584237 0.065366 0.0810538 
Latency(us)/Energy(mJ): 991 6.76418 1.36056 1.41299 1.81183 
Latency(us)/Energy(mJ): 44 0.318655 0.0650601 0.0650601 0.0858937 
Latency(us)/Energy(mJ): 44 0.513267 0.104444 0.104444 0.137889 
Latency(us)/Energy(mJ): 730 5.26538 1.10885 1.05554 1.43385 
Latency(us)/Energy(mJ): 27 0.202701 0.042212 0.0401083 0.056135 
Latency(us)/Energy(mJ): 1 0 0 0 0 
Latency(us)/Energy(mJ): 5416 45.0571 9.14773 7.40799 13.8839 
Latency(us)/Energy(mJ): 25 0.413831 0.0823697 0.0618223 0.13536 
Latency(us)/Energy(mJ): 0 0 0 0 0 
Latency(us)/Energy(mJ): 2429 22.9033 4.52916 3.19065 7.64231 
Latency(us)/Energy(mJ): 36 0.434854 0.0858704 0.0584045 0.147567 
0.5948 - "n02085620 Chihuahua"
0.0656 - "n02110806 basenji"
0.0383 - "n02113023 Pembroke, Pembroke Welsh corgi"
0.0311 - "n02091244 Ibizan hound, Ibizan Podenco"
0.0298 - "n02389026 sorrel"
