loading weight: /home/nvidia/caffe-build/models/bvlc_alexnet/bvlc_alexnet.caffemodel
loading prototxt: /home/nvidia/caffe-build/models/bvlc_alexnet/deploy.prototxt
---------- Prediction for /home/nvidia/Downloads/ILSVRC2012_img_train_t3/n02085620/n02085620_1152.JPEG ----------
Latency(us)/Energy(mJ): 0 0 0 0 0 
Latency(us)/Energy(mJ): 506 2.35982 0.0739571 0.705999 0.661722 
Latency(us)/Energy(mJ): 28 0.132696 0.00415872 0.0396994 0.0372096 
Latency(us)/Energy(mJ): 77 0.350752 0.0109926 0.104936 0.0983552 
Latency(us)/Energy(mJ): 70 0.354438 0.0111082 0.106039 0.0993888 
Latency(us)/Energy(mJ): 6821 34.1487 2.43179 9.38771 9.29486 
Latency(us)/Energy(mJ): 25 0.231084 0.0206833 0.0586177 0.0631788 
Latency(us)/Energy(mJ): 63 0.371904 0.0332874 0.0943386 0.101679 
Latency(us)/Energy(mJ): 56 0.140615 0.0125858 0.035669 0.0384445 
Latency(us)/Energy(mJ): 8820 45.7704 5.05637 11.4867 12.0792 
Latency(us)/Energy(mJ): 32 0 0 0 0 
Latency(us)/Energy(mJ): 6256 33.7754 4.08464 8.15195 9.15758 
Latency(us)/Energy(mJ): 45 0.150893 0.0188513 0.0355897 0.0414618 
Latency(us)/Energy(mJ): 4716 26.1219 3.23714 6.11548 7.25642 
Latency(us)/Energy(mJ): 48 0.406718 0.0501373 0.0946551 0.113641 
Latency(us)/Energy(mJ): 57 0.251008 0.0309425 0.0584169 0.0706678 
Latency(us)/Energy(mJ): 4293 24.12 2.95136 5.58006 6.79086 
Latency(us)/Energy(mJ): 32 0.255267 0.0309935 0.0585985 0.0734627 
Latency(us)/Energy(mJ): 1 0 0 0 0 
Latency(us)/Energy(mJ): 21547 135.745 14.7818 27.9475 43.4988 
Latency(us)/Energy(mJ): 32 0 0 0 0 
Latency(us)/Energy(mJ): 1 0 0 0 0 
Latency(us)/Energy(mJ): 9546 63.3615 6.5586 12.4211 21.1449 
Latency(us)/Energy(mJ): 42 0.29995 0.0275598 0.0585985 0.100254 
0.5948 - "n02085620 Chihuahua"
0.0656 - "n02110806 basenji"
0.0383 - "n02113023 Pembroke, Pembroke Welsh corgi"
0.0311 - "n02091244 Ibizan hound, Ibizan Podenco"
0.0298 - "n02389026 sorrel"
