loading weight: /home/nvidia/caffe-build/models/bvlc_alexnet/bvlc_alexnet.caffemodel
loading prototxt: /home/nvidia/caffe-build/models/bvlc_alexnet/deploy.prototxt
---------- Prediction for /home/nvidia/Downloads/ILSVRC2012_img_train_t3/n02085620/n02085620_1152.JPEG ----------
Latency(us)/Energy(mJ): 0 0 0 0 0 
Latency(us)/Energy(mJ): 774 2.81501 0.139771 0.283184 0.99411 
Latency(us)/Energy(mJ): 128 0.62126 0.0451347 0.0608984 0.213782 
Latency(us)/Energy(mJ): 231 0.934432 0.0721935 0.0904194 0.317415 
Latency(us)/Energy(mJ): 236 0.951317 0.0849069 0.0910535 0.321132 
Latency(us)/Energy(mJ): 2346 9.99539 1.25394 0.898145 3.29644 
Latency(us)/Energy(mJ): 126 0.555858 0.0856964 0.0475259 0.179251 
Latency(us)/Energy(mJ): 182 0.708942 0.108958 0.0604266 0.227908 
Latency(us)/Energy(mJ): 200 0.86451 0.146542 0.0731749 0.27599 
Latency(us)/Energy(mJ): 2267 10.7476 1.99671 0.878571 3.35873 
Latency(us)/Energy(mJ): 136 0.546401 0.103197 0.0429235 0.172708 
Latency(us)/Energy(mJ): 2463 12.6946 2.63063 0.942746 4.0333 
Latency(us)/Energy(mJ): 148 1.51203 0.321882 0.107107 0.484932 
Latency(us)/Energy(mJ): 1409 7.65449 1.69384 0.531457 2.45847 
Latency(us)/Energy(mJ): 130 0.631532 0.138364 0.0431749 0.203749 
Latency(us)/Energy(mJ): 153 0.890306 0.194774 0.0607771 0.286817 
Latency(us)/Energy(mJ): 1505 8.33299 1.78891 0.581482 2.71568 
Latency(us)/Energy(mJ): 138 0.885406 0.182376 0.060739 0.296743 
Latency(us)/Energy(mJ): 2 0 0 0 0 
Latency(us)/Energy(mJ): 7539 49.7627 9.69705 2.87561 18.1931 
Latency(us)/Energy(mJ): 139 0.823398 0.155009 0.0430454 0.315553 
Latency(us)/Energy(mJ): 2 0 0 0 0 
Latency(us)/Energy(mJ): 3269 24.5151 4.4809 1.24433 9.50353 
Latency(us)/Energy(mJ): 163 1.5565 0.278571 0.0773582 0.609932 
0.5948 - "n02085620 Chihuahua"
0.0656 - "n02110806 basenji"
0.0383 - "n02113023 Pembroke, Pembroke Welsh corgi"
0.0311 - "n02091244 Ibizan hound, Ibizan Podenco"
0.0298 - "n02389026 sorrel"
