loading weight: /home/nvidia/caffe-build/models/bvlc_alexnet/bvlc_alexnet.caffemodel
loading prototxt: /home/nvidia/caffe-build/models/bvlc_alexnet/deploy.prototxt
---------- Prediction for /home/nvidia/Downloads/ILSVRC2012_img_train_t3/n02085620/n02085620_1152.JPEG ----------
Latency(us)/Energy(mJ): 0 0 0 0 0 
Latency(us)/Energy(mJ): 660 2.51064 0.136719 0.250523 0.897841 
Latency(us)/Energy(mJ): 85 0.314462 0.0298704 0.0299488 0.108793 
Latency(us)/Energy(mJ): 398 1.58687 0.191527 0.145977 0.538105 
Latency(us)/Energy(mJ): 296 1.34151 0.199866 0.117516 0.444463 
Latency(us)/Energy(mJ): 1009 4.59843 0.802504 0.381541 1.47864 
Latency(us)/Energy(mJ): 86 0.601812 0.131492 0.0469087 0.184064 
Latency(us)/Energy(mJ): 290 1.30322 0.295316 0.0994258 0.390135 
Latency(us)/Energy(mJ): 251 1.43167 0.3517 0.106063 0.418547 
Latency(us)/Energy(mJ): 709 3.65596 0.917575 0.231143 1.07281 
Latency(us)/Energy(mJ): 87 0.597985 0.157702 0.0331718 0.175703 
Latency(us)/Energy(mJ): 1253 7.25192 2.04116 0.3744 2.12362 
Latency(us)/Energy(mJ): 93 0.773628 0.228926 0.0375455 0.227006 
Latency(us)/Energy(mJ): 793 5.16697 1.56336 0.245275 1.50198 
Latency(us)/Energy(mJ): 82 0.50942 0.15392 0.0236741 0.148487 
Latency(us)/Energy(mJ): 103 0.503755 0.152572 0.0234667 0.145724 
Latency(us)/Energy(mJ): 3874 23.0946 6.31978 1.18282 6.90769 
Latency(us)/Energy(mJ): 101 0.708371 0.17864 0.037576 0.222978 
Latency(us)/Energy(mJ): 2 0 0 0 0 
Latency(us)/Energy(mJ): 4808 34.3322 8.86559 1.46363 11.6081 
Latency(us)/Energy(mJ): 98 1.01769 0.271079 0.0374113 0.357551 
Latency(us)/Energy(mJ): 1 0 0 0 0 
Latency(us)/Energy(mJ): 2063 18.0152 4.7743 0.631552 6.3787 
Latency(us)/Energy(mJ): 114 0.703362 0.18378 0.0236634 0.250778 
0.5948 - "n02085620 Chihuahua"
0.0656 - "n02110806 basenji"
0.0383 - "n02113023 Pembroke, Pembroke Welsh corgi"
0.0311 - "n02091244 Ibizan hound, Ibizan Podenco"
0.0298 - "n02389026 sorrel"
