loading weight: /home/nvidia/caffe-build/models/bvlc_alexnet/bvlc_alexnet.caffemodel
loading prototxt: /home/nvidia/caffe-build/models/bvlc_alexnet/deploy.prototxt
---------- Prediction for /home/nvidia/Downloads/ILSVRC2012_img_train_t3/n02085620/n02085620_1152.JPEG ----------
Latency(us)/Energy(mJ): 0 0 0 0 0 
Latency(us)/Energy(mJ): 1601 6.02137 0.438538 0.608175 2.0765 
Latency(us)/Energy(mJ): 257 1.01914 0.133126 0.0952326 0.334311 
Latency(us)/Energy(mJ): 425 1.84985 0.237563 0.172274 0.613333 
Latency(us)/Energy(mJ): 402 1.70391 0.219303 0.15688 0.560939 
Latency(us)/Energy(mJ): 2166 9.43137 1.49893 0.826051 2.99818 
Latency(us)/Energy(mJ): 239 1.15202 0.228359 0.0949833 0.353507 
Latency(us)/Energy(mJ): 357 1.71498 0.34176 0.142151 0.529056 
Latency(us)/Energy(mJ): 392 1.67756 0.335219 0.139431 0.518931 
Latency(us)/Energy(mJ): 1256 6.10909 1.24045 0.490438 1.91507 
Latency(us)/Energy(mJ): 233 1.2696 0.278618 0.0948461 0.400001 
Latency(us)/Energy(mJ): 1850 9.60755 2.17874 0.694418 3.04534 
Latency(us)/Energy(mJ): 237 1.34431 0.304493 0.0950138 0.428506 
Latency(us)/Energy(mJ): 1834 9.98422 2.27399 0.709574 3.18084 
Latency(us)/Energy(mJ): 245 1.33407 0.303956 0.0948461 0.427764 
Latency(us)/Energy(mJ): 271 1.31946 0.300735 0.094709 0.422246 
Latency(us)/Energy(mJ): 2335 11.9884 2.49201 0.893521 3.89149 
Latency(us)/Energy(mJ): 255 1.3342 0.264074 0.0942061 0.450785 
Latency(us)/Energy(mJ): 4 0 0 0 0 
Latency(us)/Energy(mJ): 5127 34.6055 7.13179 1.72691 12.5597 
Latency(us)/Energy(mJ): 252 1.91182 0.398297 0.0758779 0.719431 
Latency(us)/Energy(mJ): 6 0 0 0 0 
Latency(us)/Energy(mJ): 2212 17.8532 3.68687 0.680168 6.78243 
Latency(us)/Energy(mJ): 277 2.36103 0.479235 0.0872117 0.902891 
0.5948 - "n02085620 Chihuahua"
0.0656 - "n02110806 basenji"
0.0383 - "n02113023 Pembroke, Pembroke Welsh corgi"
0.0311 - "n02091244 Ibizan hound, Ibizan Podenco"
0.0298 - "n02389026 sorrel"
