loading weight: /home/nvidia/caffe-build/models/bvlc_alexnet/bvlc_alexnet.caffemodel
loading prototxt: /home/nvidia/caffe-build/models/bvlc_alexnet/deploy.prototxt
---------- Prediction for /home/nvidia/Downloads/ILSVRC2012_img_train_t3/n02085620/n02085620_1152.JPEG ----------
Latency(us)/Energy(mJ): 0 0 0 0 0 
Latency(us)/Energy(mJ): 192 0 0 0 0 
Latency(us)/Energy(mJ): 26 0 0 0 0 
Latency(us)/Energy(mJ): 48 0.813146 0.0402307 0.147571 0.272655 
Latency(us)/Energy(mJ): 54 0.211985 0.0138775 0.03822 0.070616 
Latency(us)/Energy(mJ): 1305 6.57026 0.711614 1.10429 2.09026 
Latency(us)/Energy(mJ): 27 0 0 0 0 
Latency(us)/Energy(mJ): 104 0.763164 0.112005 0.1209 0.234307 
Latency(us)/Energy(mJ): 82 0.389189 0.0610792 0.0610792 0.119756 
Latency(us)/Energy(mJ): 1377 7.62949 1.46512 1.14018 2.24511 
Latency(us)/Energy(mJ): 31 0.264552 0.0553113 0.0380067 0.0771459 
Latency(us)/Energy(mJ): 1193 7.26389 1.65706 0.983409 2.12161 
Latency(us)/Energy(mJ): 37 0.474607 0.116273 0.0608946 0.137467 
Latency(us)/Energy(mJ): 819 5.31217 1.36899 0.651338 1.55433 
Latency(us)/Energy(mJ): 37 0.499523 0.132089 0.0550733 0.146891 
Latency(us)/Energy(mJ): 40 0.31447 0.0828624 0.0345486 0.0926882 
Latency(us)/Energy(mJ): 1688 11.6256 3.03075 1.2841 3.43628 
Latency(us)/Energy(mJ): 29 0 0 0 0 
Latency(us)/Energy(mJ): 1 0 0 0 0 
Latency(us)/Energy(mJ): 4948 39.6819 9.81739 3.79375 12.8985 
Latency(us)/Energy(mJ): 28 0.240374 0.0598026 0.0206197 0.0818024 
Latency(us)/Energy(mJ): 0 0 0 0 0 
Latency(us)/Energy(mJ): 2164 19.7298 4.81445 1.63262 6.78761 
Latency(us)/Energy(mJ): 41 0.691352 0.1658 0.0552907 0.240174 
0.5948 - "n02085620 Chihuahua"
0.0656 - "n02110806 basenji"
0.0383 - "n02113023 Pembroke, Pembroke Welsh corgi"
0.0311 - "n02091244 Ibizan hound, Ibizan Podenco"
0.0298 - "n02389026 sorrel"
