loading weight: /home/nvidia/caffe-build/models/bvlc_alexnet/bvlc_alexnet.caffemodel
loading prototxt: /home/nvidia/caffe-build/models/bvlc_alexnet/deploy.prototxt
---------- Prediction for /home/nvidia/Downloads/ILSVRC2012_img_train_t3/n02085620/n02085620_1152.JPEG ----------
Latency(us)/Energy(mJ): 0 0 0 0 0 
Latency(us)/Energy(mJ): 220 0.88457 0.0302784 0.152042 0.305374 
Latency(us)/Energy(mJ): 21 0.126233 0.00646696 0.0215471 0.0438285 
Latency(us)/Energy(mJ): 45 0.203474 0.0104241 0.0347318 0.070647 
Latency(us)/Energy(mJ): 42 0.127486 0.00647612 0.0215776 0.0438906 
Latency(us)/Energy(mJ): 1522 7.32511 0.670554 1.17226 2.4165 
Latency(us)/Energy(mJ): 20 0 0 0 0 
Latency(us)/Energy(mJ): 36 0.371925 0.0450058 0.0562941 0.118786 
Latency(us)/Energy(mJ): 38 0 0 0 0 
Latency(us)/Energy(mJ): 1854 9.89223 1.59793 1.42914 3.02729 
Latency(us)/Energy(mJ): 22 0.154576 0.027895 0.0214556 0.0462574 
Latency(us)/Energy(mJ): 1384 8.07883 1.61545 1.0608 2.44113 
Latency(us)/Energy(mJ): 28 0 0 0 0 
Latency(us)/Energy(mJ): 1011 6.41169 1.41032 0.781297 1.94328 
Latency(us)/Energy(mJ): 28 0.291237 0.0654368 0.0344571 0.0881072 
Latency(us)/Energy(mJ): 32 0.18083 0.04063 0.0213945 0.054706 
Latency(us)/Energy(mJ): 826 5.30183 1.22035 0.616306 1.61383 
Latency(us)/Energy(mJ): 25 0.303849 0.0693875 0.0347165 0.094003 
Latency(us)/Energy(mJ): 0 0 0 0 0 
Latency(us)/Energy(mJ): 5473 42.3203 9.2905 4.16697 14.2472 
Latency(us)/Energy(mJ): 24 0.237412 0.0508462 0.0211836 0.0840394 
Latency(us)/Energy(mJ): 0 0 0 0 0 
Latency(us)/Energy(mJ): 2406 21.2898 4.4928 1.83874 7.63454 
Latency(us)/Energy(mJ): 31 0.404813 0.0852992 0.0341376 0.147437 
0.5948 - "n02085620 Chihuahua"
0.0656 - "n02110806 basenji"
0.0383 - "n02113023 Pembroke, Pembroke Welsh corgi"
0.0311 - "n02091244 Ibizan hound, Ibizan Podenco"
0.0298 - "n02389026 sorrel"
