loading weight: /home/nvidia/caffe-build/models/bvlc_alexnet/bvlc_alexnet.caffemodel
loading prototxt: /home/nvidia/caffe-build/models/bvlc_alexnet/deploy.prototxt
---------- Prediction for /home/nvidia/Downloads/ILSVRC2012_img_train_t3/n02085620/n02085620_1152.JPEG ----------
Latency(us)/Energy(mJ): 0 0 0 0 0 
Latency(us)/Energy(mJ): 434 1.4362 0.0510173 0.205076 0.506768 
Latency(us)/Energy(mJ): 35 0.193325 0.00686736 0.027605 0.0675441 
Latency(us)/Energy(mJ): 71 0.31348 0.0111355 0.0447619 0.109524 
Latency(us)/Energy(mJ): 61 0.311511 0.0110656 0.0444808 0.108836 
Latency(us)/Energy(mJ): 6798 29.5947 2.42496 4.13597 9.88106 
Latency(us)/Energy(mJ): 33 0.203027 0.0208024 0.0277516 0.0660407 
Latency(us)/Energy(mJ): 55 0.327472 0.0335531 0.0447619 0.10652 
Latency(us)/Energy(mJ): 56 0.126769 0.0129889 0.017328 0.0412354 
Latency(us)/Energy(mJ): 8852 39.646 5.07668 5.08674 12.4504 
Latency(us)/Energy(mJ): 27 0.12406 0.0168147 0.0146957 0.0384179 
Latency(us)/Energy(mJ): 6229 28.9984 4.07272 3.33193 9.16891 
Latency(us)/Energy(mJ): 40 0.213549 0.0309837 0.0240834 0.0691383 
Latency(us)/Energy(mJ): 4737 22.7692 3.25241 2.52807 7.34264 
Latency(us)/Energy(mJ): 38 0.132987 0.0188375 0.0146423 0.043022 
Latency(us)/Energy(mJ): 53 0.219414 0.0310799 0.0241582 0.0709816 
Latency(us)/Energy(mJ): 4346 21.0779 2.97651 2.31362 6.88287 
Latency(us)/Energy(mJ): 36 0.359499 0.0501373 0.0389713 0.120052 
Latency(us)/Energy(mJ): 0 0 0 0 0 
Latency(us)/Energy(mJ): 21550 119.459 14.7458 11.4838 43.4806 
Latency(us)/Energy(mJ): 36 0.85653 0.090646 0.0793524 0.321273 
Latency(us)/Energy(mJ): 0 0 0 0 0 
Latency(us)/Energy(mJ): 9437 55.4687 6.44788 5.05321 20.9861 
Latency(us)/Energy(mJ): 47 0.270407 0.027877 0.0244038 0.102277 
0.5948 - "n02085620 Chihuahua"
0.0656 - "n02110806 basenji"
0.0383 - "n02113023 Pembroke, Pembroke Welsh corgi"
0.0311 - "n02091244 Ibizan hound, Ibizan Podenco"
0.0298 - "n02389026 sorrel"
