loading weight: /home/nvidia/caffe-build/models/bvlc_alexnet/bvlc_alexnet.caffemodel
loading prototxt: /home/nvidia/caffe-build/models/bvlc_alexnet/deploy.prototxt
---------- Prediction for /home/nvidia/Downloads/ILSVRC2012_img_train_t3/n02085620/n02085620_1152.JPEG ----------
Latency(us)/Energy(mJ): 0 0 0 0 0 
Latency(us)/Energy(mJ): 57978 295.285 13.5363 103.763 71.7017 
Latency(us)/Energy(mJ): 763 3.88761 0.179344 1.37523 0.930394 
Latency(us)/Energy(mJ): 65748 326.984 15.055 117.49 76.9488 
Latency(us)/Energy(mJ): 5758 28.6424 1.31944 10.4667 6.7355 
Latency(us)/Energy(mJ): 121003 596.603 27.6975 210.028 143.494 
Latency(us)/Energy(mJ): 489 2.52765 0.117843 0.903638 0.60433 
Latency(us)/Energy(mJ): 299580 1517.62 68.5818 592.898 337.895 
Latency(us)/Energy(mJ): 2887 14.5974 0.659172 5.71378 3.25268 
Latency(us)/Energy(mJ): 76818 373.923 17.5924 131.281 89.5203 
Latency(us)/Energy(mJ): 170 0.719352 0.0339653 0.249178 0.173386 
Latency(us)/Energy(mJ): 59188 288.055 13.5496 99.4034 69.4351 
Latency(us)/Energy(mJ): 172 0.933625 0.0440825 0.3234 0.225033 
Latency(us)/Energy(mJ): 41666 203.459 9.53617 69.9597 49.414 
Latency(us)/Energy(mJ): 117 0.724499 0.0339424 0.24901 0.176085 
Latency(us)/Energy(mJ): 680 3.24974 0.152248 1.12817 0.78983 
Latency(us)/Energy(mJ): 117334 672.585 26.755 267.82 154.752 
Latency(us)/Energy(mJ): 12 0.260302 0.0102965 0.103416 0.0597015 
Latency(us)/Energy(mJ): 1 0 0 0 0 
Latency(us)/Energy(mJ): 53929 309.368 12.2929 123.493 71.2775 
Latency(us)/Energy(mJ): 11 0 0 0 0 
Latency(us)/Energy(mJ): 4 0 0 0 0 
Latency(us)/Energy(mJ): 13351 76.4001 3.04213 30.5547 17.639 
Latency(us)/Energy(mJ): 115 0.621042 0.0247289 0.248373 0.143384 
0.5948 - "n02085620 Chihuahua"
0.0656 - "n02110806 basenji"
0.0383 - "n02113023 Pembroke, Pembroke Welsh corgi"
0.0311 - "n02091244 Ibizan hound, Ibizan Podenco"
0.0298 - "n02389026 sorrel"
