loading weight: /home/nvidia/caffe-build/models/bvlc_alexnet/bvlc_alexnet.caffemodel
loading prototxt: /home/nvidia/caffe-build/models/bvlc_alexnet/deploy.prototxt
---------- Prediction for /home/nvidia/Downloads/ILSVRC2012_img_train_t3/n02085620/n02085620_1152.JPEG ----------
Latency(us)/Energy(mJ): 0 0 0 0 0 
Latency(us)/Energy(mJ): 241 0.99685 0.0403242 0.156815 0.344901 
Latency(us)/Energy(mJ): 25 0 0 0 0 
Latency(us)/Energy(mJ): 54 0.323891 0.0167353 0.050206 0.110956 
Latency(us)/Energy(mJ): 52 0.326936 0.0167491 0.0502472 0.111904 
Latency(us)/Energy(mJ): 1360 6.28013 0.646729 0.907101 2.05788 
Latency(us)/Energy(mJ): 24 0.225835 0.0310112 0.0310112 0.07254 
Latency(us)/Energy(mJ): 42 0.14387 0.019607 0.019607 0.0458638 
Latency(us)/Energy(mJ): 44 0.37374 0.0509342 0.0509342 0.119143 
Latency(us)/Energy(mJ): 1607 8.58489 1.5279 1.10784 2.6012 
Latency(us)/Energy(mJ): 24 0 0 0 0 
Latency(us)/Energy(mJ): 1260 7.3337 1.59625 0.856051 2.1787 
Latency(us)/Energy(mJ): 33 0.454153 0.106488 0.0503798 0.135448 
Latency(us)/Energy(mJ): 889 5.62975 1.35329 0.603941 1.68144 
Latency(us)/Energy(mJ): 31 0.298354 0.0728269 0.0311856 0.0896017 
Latency(us)/Energy(mJ): 38 0.18652 0.0455288 0.0194961 0.0560158 
Latency(us)/Energy(mJ): 691 4.45277 1.11446 0.455614 1.33809 
Latency(us)/Energy(mJ): 29 0.310219 0.0762148 0.0311581 0.0947007 
Latency(us)/Energy(mJ): 0 0 0 0 0 
Latency(us)/Energy(mJ): 5151 40.8369 9.8304 3.53611 13.5319 
Latency(us)/Energy(mJ): 29 0.395833 0.0928981 0.030966 0.138174 
Latency(us)/Energy(mJ): 0 0 0 0 0 
Latency(us)/Energy(mJ): 2270 20.606 4.78237 1.5576 7.27498 
Latency(us)/Energy(mJ): 35 0.265393 0.0608758 0.0195784 0.0950097 
0.5948 - "n02085620 Chihuahua"
0.0656 - "n02110806 basenji"
0.0383 - "n02113023 Pembroke, Pembroke Welsh corgi"
0.0311 - "n02091244 Ibizan hound, Ibizan Podenco"
0.0298 - "n02389026 sorrel"
