loading weight: /home/nvidia/caffe-build/models/bvlc_alexnet/bvlc_alexnet.caffemodel
loading prototxt: /home/nvidia/caffe-build/models/bvlc_alexnet/deploy.prototxt
---------- Prediction for /home/nvidia/caffe-build/examples/images/cat.jpg ----------
Latency(us)/Energy(mJ): 1 0 0 0 0 
Latency(us)/Energy(mJ): 12993 21.476 2.64062 3.9747 4.08031 
Latency(us)/Energy(mJ): 85 0.200569 0.0400718 0.0319945 0.0381836 
Latency(us)/Energy(mJ): 616 1.19787 0.23621 0.188597 0.236828 
Latency(us)/Energy(mJ): 274 0.40092 0.0785392 0.062708 0.0787448 
Latency(us)/Energy(mJ): 9724 21.2284 5.23042 2.96433 4.27118 
Latency(us)/Energy(mJ): 81 0.273542 0.0781224 0.0346328 0.0543904 
Latency(us)/Energy(mJ): 600 1.49298 0.426388 0.189024 0.29686 
Latency(us)/Energy(mJ): 242 0.506251 0.144583 0.0640957 0.100662 
Latency(us)/Energy(mJ): 5703 14.2128 4.22574 1.75489 2.83838 
Latency(us)/Energy(mJ): 71 0.297448 0.097524 0.0354105 0.0578178 
Latency(us)/Energy(mJ): 3949 10.2432 3.41762 1.19357 1.94885 
Latency(us)/Energy(mJ): 68 0.309881 0.106189 0.035319 0.0576684 
Latency(us)/Energy(mJ): 3846 10.2947 3.52238 1.17157 1.91292 
Latency(us)/Energy(mJ): 70 0.249644 0.0843182 0.0280448 0.0440441 
Latency(us)/Energy(mJ): 105 0.304894 0.102979 0.0342515 0.0537917 
Latency(us)/Energy(mJ): 6836 17.8572 5.87643 2.08461 3.3816 
Latency(us)/Energy(mJ): 82 0 0 0 0 
Latency(us)/Energy(mJ): 2 0 0 0 0 
Latency(us)/Energy(mJ): 32958 94.3182 27.5879 10.0593 22.6536 
Latency(us)/Energy(mJ): 80 0.275892 0.0707082 0.0282278 0.0726518 
Latency(us)/Energy(mJ): 2 0 0 0 0 
Latency(us)/Energy(mJ): 14194 42.5887 10.9144 4.32662 11.2841 
Latency(us)/Energy(mJ): 509 1.59116 0.402666 0.16075 0.424275 
0.3094 - "n02124075 Egyptian cat"
0.1761 - "n02123159 tiger cat"
0.1221 - "n02123045 tabby, tabby cat"
0.1132 - "n02119022 red fox, Vulpes vulpes"
0.0421 - "n02085620 Chihuahua"
