loading weight: /home/nvidia/caffe-build/models/bvlc_alexnet/bvlc_alexnet.caffemodel
loading prototxt: /home/nvidia/caffe-build/models/bvlc_alexnet/deploy.prototxt
---------- Prediction for /home/nvidia/caffe-build/examples/images/cat.jpg ----------
Latency(us)/Energy(mJ): 0 0 0 0 0 
Latency(us)/Energy(mJ): 8660 41.3069 1.84536 12.8744 12.215 
Latency(us)/Energy(mJ): 22 0.357532 0.0226615 0.107809 0.105357 
Latency(us)/Energy(mJ): 163 0.533891 0.0338398 0.160988 0.157327 
Latency(us)/Energy(mJ): 69 0.35017 0.022021 0.104762 0.10238 
Latency(us)/Energy(mJ): 12574 61.7239 4.83473 17.5765 18.0549 
Latency(us)/Energy(mJ): 19 0 0 0 0 
Latency(us)/Energy(mJ): 160 0.928764 0.0856918 0.257075 0.268863 
Latency(us)/Energy(mJ): 61 0.564407 0.0520746 0.156224 0.163387 
Latency(us)/Energy(mJ): 10070 49.5918 4.97241 13.3343 14.2763 
Latency(us)/Energy(mJ): 19 0 0 0 0 
Latency(us)/Energy(mJ): 8108 40.0661 4.35197 10.5784 11.3234 
Latency(us)/Energy(mJ): 20 0.359757 0.0393024 0.0955328 0.101568 
Latency(us)/Energy(mJ): 4948 23.7046 2.58966 6.29472 6.69238 
Latency(us)/Energy(mJ): 21 0.553566 0.0604755 0.146999 0.156285 
Latency(us)/Energy(mJ): 28 0 0 0 0 
Latency(us)/Energy(mJ): 3929 19.1767 2.08727 5.07356 5.46593 
Latency(us)/Energy(mJ): 20 0.362372 0.038982 0.094754 0.106288 
Latency(us)/Energy(mJ): 1 0 0 0 0 
Latency(us)/Energy(mJ): 21766 119.382 12.7534 28.2561 37.6415 
Latency(us)/Energy(mJ): 20 0 0 0 0 
Latency(us)/Energy(mJ): 0 0 0 0 0 
Latency(us)/Energy(mJ): 9470 55.8416 5.78634 12.2496 18.6961 
Latency(us)/Energy(mJ): 128 0.674106 0.069052 0.14682 0.22957 
0.3094 - "n02124075 Egyptian cat"
0.1761 - "n02123159 tiger cat"
0.1221 - "n02123045 tabby, tabby cat"
0.1132 - "n02119022 red fox, Vulpes vulpes"
0.0421 - "n02085620 Chihuahua"
