loading weight: /home/nvidia/caffe-build/models/bvlc_alexnet/bvlc_alexnet.caffemodel
loading prototxt: /home/nvidia/caffe-build/models/bvlc_alexnet/deploy.prototxt
---------- Prediction for /home/nvidia/caffe-build/examples/images/cat.jpg ----------
Latency(us)/Energy(mJ): 17 0 0 0 0 
Latency(us)/Energy(mJ): 8020 22.4405 1.88543 9.63974 3.33884 
Latency(us)/Energy(mJ): 37 0 0 0 0 
Latency(us)/Energy(mJ): 681 2.23752 0.288849 0.866548 0.347829 
Latency(us)/Energy(mJ): 280 0.989096 0.126748 0.380243 0.152628 
Latency(us)/Energy(mJ): 9841 30.7107 5.27265 10.9504 4.91461 
Latency(us)/Energy(mJ): 33 0.342998 0.0716885 0.111654 0.0539489 
Latency(us)/Energy(mJ): 548 1.79602 0.375377 0.584648 0.290734 
Latency(us)/Energy(mJ): 154 0.34382 0.0718602 0.111922 0.0560656 
Latency(us)/Energy(mJ): 5843 19.5803 4.31595 6.27988 3.14581 
Latency(us)/Energy(mJ): 48 0.394176 0.097356 0.124013 0.0621224 
Latency(us)/Energy(mJ): 3943 13.4983 3.40171 4.18318 2.09691 
Latency(us)/Energy(mJ): 39 0.360566 0.0939358 0.109626 0.0549668 
Latency(us)/Energy(mJ): 3770 12.9565 3.38943 3.77377 1.91303 
Latency(us)/Energy(mJ): 30 0.402758 0.104928 0.113748 0.0592223 
Latency(us)/Energy(mJ): 59 0 0 0 0 
Latency(us)/Energy(mJ): 7403 25.1896 6.17943 7.86808 3.78202 
Latency(us)/Energy(mJ): 39 0.349283 0.0784628 0.109889 0.0569985 
Latency(us)/Energy(mJ): 3 0 0 0 0 
Latency(us)/Energy(mJ): 33001 118.452 26.8269 33.2737 22.9436 
Latency(us)/Energy(mJ): 33 0.37699 0.078501 0.102031 0.0806588 
Latency(us)/Energy(mJ): 2 0 0 0 0 
Latency(us)/Energy(mJ): 14346 52.9296 10.9674 14.2547 11.4036 
Latency(us)/Energy(mJ): 273 1.22757 0.252999 0.328832 0.266576 
0.3094 - "n02124075 Egyptian cat"
0.1761 - "n02123159 tiger cat"
0.1221 - "n02123045 tabby, tabby cat"
0.1132 - "n02119022 red fox, Vulpes vulpes"
0.0421 - "n02085620 Chihuahua"
