loading weight: /home/nvidia/caffe-build/models/bvlc_alexnet/bvlc_alexnet.caffemodel
loading prototxt: /home/nvidia/caffe-build/models/bvlc_alexnet/deploy.prototxt
---------- Prediction for /home/nvidia/caffe-build/examples/images/cat.jpg ----------
Latency(us)/Energy(mJ): 2 0 0 0 0 
Latency(us)/Energy(mJ): 2896 10.7806 0.607694 5.00234 1.92983 
Latency(us)/Energy(mJ): 23 0 0 0 0 
Latency(us)/Energy(mJ): 266 1.19515 0.115024 0.507494 0.219783 
Latency(us)/Energy(mJ): 93 0.30016 0.0287845 0.127 0.0550004 
Latency(us)/Energy(mJ): 3296 13.8161 1.69802 5.5573 2.57332 
Latency(us)/Energy(mJ): 22 0.331672 0.0518685 0.12684 0.062212 
Latency(us)/Energy(mJ): 197 0.831595 0.130049 0.318024 0.155983 
Latency(us)/Energy(mJ): 77 0.497727 0.0778371 0.181733 0.0933592 
Latency(us)/Energy(mJ): 2365 10.4978 1.80018 3.75272 1.95794 
Latency(us)/Energy(mJ): 18 0 0 0 0 
Latency(us)/Energy(mJ): 1669 7.9027 1.6129 2.72391 1.44234 
Latency(us)/Energy(mJ): 21 0 0 0 0 
Latency(us)/Energy(mJ): 1442 6.82808 1.50806 2.29909 1.23555 
Latency(us)/Energy(mJ): 19 0.363065 0.0805806 0.121022 0.0650379 
Latency(us)/Energy(mJ): 29 0 0 0 0 
Latency(us)/Energy(mJ): 2152 10.4191 2.33505 3.42546 1.92147 
Latency(us)/Energy(mJ): 23 0 0 0 0 
Latency(us)/Energy(mJ): 2 0 0 0 0 
Latency(us)/Energy(mJ): 8665 46.3311 10.4443 12.9769 10.6656 
Latency(us)/Energy(mJ): 20 0 0 0 0 
Latency(us)/Energy(mJ): 1 0 0 0 0 
Latency(us)/Energy(mJ): 3760 22.3441 5.08182 5.4636 5.89111 
Latency(us)/Energy(mJ): 138 1.14522 0.259085 0.273615 0.310412 
0.3094 - "n02124075 Egyptian cat"
0.1761 - "n02123159 tiger cat"
0.1221 - "n02123045 tabby, tabby cat"
0.1132 - "n02119022 red fox, Vulpes vulpes"
0.0421 - "n02085620 Chihuahua"
