loading weight: /home/nvidia/caffe-build/models/bvlc_alexnet/bvlc_alexnet.caffemodel
loading prototxt: /home/nvidia/caffe-build/models/bvlc_alexnet/deploy.prototxt
---------- Prediction for /home/nvidia/Downloads/ILSVRC2012_img_train_t3/n02085620/n02085620_1152.JPEG ----------
Latency(us)/Energy(mJ): 0 0 0 0 0 
Latency(us)/Energy(mJ): 598 2.19195 0.108751 0.18031 0.790891 
Latency(us)/Energy(mJ): 78 0.312552 0.0214849 0.0249551 0.109721 
Latency(us)/Energy(mJ): 148 0.489938 0.0388631 0.0388631 0.171756 
Latency(us)/Energy(mJ): 138 0.637032 0.0534094 0.0499651 0.222795 
Latency(us)/Energy(mJ): 1668 6.92068 0.868799 0.505721 2.3203 
Latency(us)/Energy(mJ): 76 0.358036 0.0557707 0.0247599 0.116656 
Latency(us)/Energy(mJ): 128 0.563839 0.0909098 0.0388021 0.182815 
Latency(us)/Energy(mJ): 128 0.527549 0.0900493 0.0359961 0.169595 
Latency(us)/Energy(mJ): 1694 7.95457 1.5191 0.519183 2.50377 
Latency(us)/Energy(mJ): 80 0.403455 0.0816019 0.0250893 0.126789 
Latency(us)/Energy(mJ): 1707 8.91018 1.97331 0.519976 2.82722 
Latency(us)/Energy(mJ): 95 0.698746 0.16446 0.038674 0.223168 
Latency(us)/Energy(mJ): 1076 5.98454 1.42209 0.32194 1.90916 
Latency(us)/Energy(mJ): 84 0.477245 0.118494 0.0249246 0.15098 
Latency(us)/Energy(mJ): 99 0.693939 0.171941 0.0361669 0.221644 
Latency(us)/Energy(mJ): 1216 7.0455 1.65634 0.37199 2.27079 
Latency(us)/Energy(mJ): 83 0.478184 0.105887 0.0249002 0.157728 
Latency(us)/Energy(mJ): 1 0 0 0 0 
Latency(us)/Energy(mJ): 5734 39.8912 8.66425 1.74592 14.2919 
Latency(us)/Energy(mJ): 82 0.639751 0.137212 0.0249551 0.239487 
Latency(us)/Energy(mJ): 1 0 0 0 0 
Latency(us)/Energy(mJ): 2514 20.5324 4.26132 0.775206 7.80273 
Latency(us)/Energy(mJ): 100 0.67851 0.136829 0.0249002 0.26084 
0.5948 - "n02085620 Chihuahua"
0.0656 - "n02110806 basenji"
0.0383 - "n02113023 Pembroke, Pembroke Welsh corgi"
0.0311 - "n02091244 Ibizan hound, Ibizan Podenco"
0.0298 - "n02389026 sorrel"
