loading weight: /home/nvidia/caffe-build/models/bvlc_alexnet/bvlc_alexnet.caffemodel
loading prototxt: /home/nvidia/caffe-build/models/bvlc_alexnet/deploy.prototxt
---------- Prediction for /home/nvidia/caffe-build/examples/images/cat.jpg ----------
Latency(us)/Energy(mJ): 3 0 0 0 0 
Latency(us)/Energy(mJ): 8916 17.2155 1.9778 4.0495 3.0349 
Latency(us)/Energy(mJ): 83 0.420329 0.0736878 0.0883482 0.0775458 
Latency(us)/Energy(mJ): 840 1.70574 0.297731 0.356965 0.313319 
Latency(us)/Energy(mJ): 327 0.870948 0.150069 0.179925 0.163217 
Latency(us)/Energy(mJ): 9749 23.5916 5.28103 4.48098 4.46769 
Latency(us)/Energy(mJ): 82 0.29874 0.0790512 0.0526242 0.0550371 
Latency(us)/Energy(mJ): 679 1.74304 0.461235 0.307043 0.328574 
Latency(us)/Energy(mJ): 306 0.80639 0.213383 0.142049 0.154455 
Latency(us)/Energy(mJ): 5722 15.333 4.2348 2.63668 2.86696 
Latency(us)/Energy(mJ): 76 0.297599 0.090804 0.0495098 0.0538338 
Latency(us)/Energy(mJ): 4117 11.4645 3.56036 1.88398 2.04852 
Latency(us)/Energy(mJ): 68 0.231896 0.075194 0.037556 0.040836 
Latency(us)/Energy(mJ): 3935 11.1057 3.59143 1.79376 1.95042 
Latency(us)/Energy(mJ): 72 0.325291 0.104079 0.051983 0.056523 
Latency(us)/Energy(mJ): 110 0.235299 0.0752857 0.0376018 0.0393259 
Latency(us)/Energy(mJ): 7543 20.6416 6.24225 3.45586 3.64938 
Latency(us)/Energy(mJ): 70 0.226021 0.0627244 0.0376018 0.0440056 
Latency(us)/Energy(mJ): 4 0 0 0 0 
Latency(us)/Energy(mJ): 32842 98.2014 26.7339 15.0547 22.3585 
Latency(us)/Energy(mJ): 75 0.334678 0.0825884 0.0495098 0.0828046 
Latency(us)/Energy(mJ): 7 0 0 0 0 
Latency(us)/Energy(mJ): 14118 44.3571 11.1482 6.45072 11.1192 
Latency(us)/Energy(mJ): 526 1.86989 0.450378 0.269991 0.474548 
0.3094 - "n02124075 Egyptian cat"
0.1761 - "n02123159 tiger cat"
0.1221 - "n02123045 tabby, tabby cat"
0.1132 - "n02119022 red fox, Vulpes vulpes"
0.0421 - "n02085620 Chihuahua"
