loading weight: /home/nvidia/caffe-build/models/bvlc_alexnet/bvlc_alexnet.caffemodel
loading prototxt: /home/nvidia/caffe-build/models/bvlc_alexnet/deploy.prototxt
---------- Prediction for /home/nvidia/caffe-build/examples/images/cat.jpg ----------
Latency(us)/Energy(mJ): 0 0 0 0 0 
Latency(us)/Energy(mJ): 4710 10.1043 0.886364 1.7831 2.51282 
Latency(us)/Energy(mJ): 62 0.274626 0.043548 0.043548 0.067716 
Latency(us)/Energy(mJ): 326 0.661663 0.10377 0.10377 0.164989 
Latency(us)/Energy(mJ): 181 0.475207 0.0741844 0.0741844 0.119045 
Latency(us)/Energy(mJ): 3245 8.79013 1.6768 1.2479 2.18184 
Latency(us)/Energy(mJ): 63 0 0 0 0 
Latency(us)/Energy(mJ): 279 1.14012 0.266531 0.147987 0.278342 
Latency(us)/Energy(mJ): 146 0.338151 0.0790512 0.0438918 0.0836472 
Latency(us)/Energy(mJ): 2386 7.29659 1.8024 1.02844 1.76781 
Latency(us)/Energy(mJ): 58 0 0 0 0 
Latency(us)/Energy(mJ): 1835 6.25438 1.77042 0.881971 1.45312 
Latency(us)/Energy(mJ): 54 0 0 0 0 
Latency(us)/Energy(mJ): 1608 5.60778 1.70862 0.75712 1.26627 
Latency(us)/Energy(mJ): 55 0.27262 0.0847182 0.0362965 0.0607055 
Latency(us)/Energy(mJ): 82 0 0 0 0 
Latency(us)/Energy(mJ): 2330 8.28618 2.47582 1.10822 1.90623 
Latency(us)/Energy(mJ): 62 0.279874 0.0790428 0.0364568 0.0686152 
Latency(us)/Energy(mJ): 2 0 0 0 0 
Latency(us)/Energy(mJ): 8633 35.7144 10.2064 3.95691 10.0359 
Latency(us)/Energy(mJ): 71 0 0 0 0 
Latency(us)/Energy(mJ): 1 0 0 0 0 
Latency(us)/Energy(mJ): 3673 17.5671 4.85405 1.66971 5.50867 
Latency(us)/Energy(mJ): 394 2.49625 0.685557 0.228519 0.801813 
0.3094 - "n02124075 Egyptian cat"
0.1761 - "n02123159 tiger cat"
0.1221 - "n02123045 tabby, tabby cat"
0.1132 - "n02119022 red fox, Vulpes vulpes"
0.0421 - "n02085620 Chihuahua"
