loading weight: /home/nvidia/caffe-build/models/bvlc_alexnet/bvlc_alexnet.caffemodel
loading prototxt: /home/nvidia/caffe-build/models/bvlc_alexnet/deploy.prototxt
---------- Prediction for /home/nvidia/caffe-build/examples/images/cat.jpg ----------
Latency(us)/Energy(mJ): 2 0 0 0 0 
Latency(us)/Energy(mJ): 4029 9.22387 0.776143 1.83969 2.48147 
Latency(us)/Energy(mJ): 39 0 0 0 0 
Latency(us)/Energy(mJ): 241 0.500689 0.0758079 0.0908901 0.132962 
Latency(us)/Energy(mJ): 115 0.494722 0.0737642 0.0884398 0.133239 
Latency(us)/Energy(mJ): 3244 9.01125 1.64778 1.47574 2.36866 
Latency(us)/Energy(mJ): 38 0 0 0 0 
Latency(us)/Energy(mJ): 199 0.587497 0.133885 0.0891268 0.152761 
Latency(us)/Energy(mJ): 100 0.580983 0.130754 0.0870429 0.149189 
Latency(us)/Energy(mJ): 2356 7.18367 1.73107 1.04305 1.81206 
Latency(us)/Energy(mJ): 35 0.378005 0.0966 0.05267 0.092575 
Latency(us)/Energy(mJ): 1685 5.36606 1.47035 0.730762 1.30388 
Latency(us)/Energy(mJ): 35 0.393188 0.112259 0.0517769 0.0931532 
Latency(us)/Energy(mJ): 1458 4.92727 1.46769 0.643719 1.16535 
Latency(us)/Energy(mJ): 35 0.401957 0.120904 0.0517998 0.0953433 
Latency(us)/Energy(mJ): 57 0 0 0 0 
Latency(us)/Energy(mJ): 1978 7.06444 2.12827 0.911832 1.70116 
Latency(us)/Energy(mJ): 39 0 0 0 0 
Latency(us)/Energy(mJ): 2 0.41466 0.12208 0.0523036 0.105064 
Latency(us)/Energy(mJ): 8693 36.3349 10.4154 3.95332 10.4263 
Latency(us)/Energy(mJ): 39 0 0 0 0 
Latency(us)/Energy(mJ): 0 0 0 0 0 
Latency(us)/Energy(mJ): 3739 18.4574 5.12727 1.738 5.84194 
Latency(us)/Energy(mJ): 247 1.50877 0.411238 0.137079 0.486662 
0.3094 - "n02124075 Egyptian cat"
0.1761 - "n02123159 tiger cat"
0.1221 - "n02123045 tabby, tabby cat"
0.1132 - "n02119022 red fox, Vulpes vulpes"
0.0421 - "n02085620 Chihuahua"
