loading weight: /home/nvidia/caffe-build/models/bvlc_alexnet/bvlc_alexnet.caffemodel
loading prototxt: /home/nvidia/caffe-build/models/bvlc_alexnet/deploy.prototxt
---------- Prediction for /home/nvidia/Downloads/ILSVRC2012_img_train_t3/n02085620/n02085620_1152.JPEG ----------
Latency(us)/Energy(mJ): 0 0 0 0 0 
Latency(us)/Energy(mJ): 341 1.3506 0.045831 0.322325 0.416098 
Latency(us)/Energy(mJ): 23 0.203852 0.00687344 0.0483402 0.0624036 
Latency(us)/Energy(mJ): 71 0.332788 0.0111629 0.0785074 0.101347 
Latency(us)/Energy(mJ): 61 0.334131 0.0146616 0.0785715 0.10143 
Latency(us)/Energy(mJ): 3009 14.2753 1.17015 2.96314 4.23704 
Latency(us)/Energy(mJ): 24 0.225735 0.0240941 0.044759 0.066552 
Latency(us)/Energy(mJ): 53 0.367821 0.0392597 0.0729318 0.108442 
Latency(us)/Energy(mJ): 45 0.143886 0.0153578 0.0285299 0.042421 
Latency(us)/Energy(mJ): 3833 19.7587 2.79633 3.77216 5.64217 
Latency(us)/Energy(mJ): 27 0.240028 0.0379396 0.0414215 0.0676039 
Latency(us)/Energy(mJ): 2867 15.8823 2.66956 2.62965 4.55877 
Latency(us)/Energy(mJ): 43 0.16468 0.0285299 0.0263442 0.0479429 
Latency(us)/Energy(mJ): 2069 12.009 2.16556 1.88614 3.52054 
Latency(us)/Energy(mJ): 39 0.434426 0.0784126 0.0672527 0.128044 
Latency(us)/Energy(mJ): 48 0.267567 0.048295 0.0414215 0.0788637 
Latency(us)/Energy(mJ): 1754 10.5982 1.98406 1.62004 3.15006 
Latency(us)/Energy(mJ): 33 0.172602 0.0303739 0.026051 0.0522443 
Latency(us)/Energy(mJ): 2 0 0 0 0 
Latency(us)/Energy(mJ): 9548 66.1194 11.1959 8.70839 22.3926 
Latency(us)/Energy(mJ): 29 0.340084 0.0552172 0.0414129 0.121252 
Latency(us)/Energy(mJ): 1 0 0 0 0 
Latency(us)/Energy(mJ): 4209 32.4648 5.15989 3.86992 11.7609 
Latency(us)/Energy(mJ): 37 0.353262 0.0551196 0.0413397 0.128808 
0.5948 - "n02085620 Chihuahua"
0.0656 - "n02110806 basenji"
0.0383 - "n02113023 Pembroke, Pembroke Welsh corgi"
0.0311 - "n02091244 Ibizan hound, Ibizan Podenco"
0.0298 - "n02389026 sorrel"
