loading weight: /home/nvidia/caffe-build/models/bvlc_alexnet/bvlc_alexnet.caffemodel
loading prototxt: /home/nvidia/caffe-build/models/bvlc_alexnet/deploy.prototxt
---------- Prediction for /home/nvidia/Downloads/ILSVRC2012_img_train_t3/n02085620/n02085620_1152.JPEG ----------
Latency(us)/Energy(mJ): 0 0 0 0 0 
Latency(us)/Energy(mJ): 232 0.996091 0.0529494 0.141275 0.347073 
Latency(us)/Energy(mJ): 24 0 0 0 0 
Latency(us)/Energy(mJ): 56 0.329653 0.0228079 0.0456906 0.113217 
Latency(us)/Energy(mJ): 50 0.20258 0.0172669 0.0276905 0.0686145 
Latency(us)/Energy(mJ): 1031 5.05772 0.728075 0.632621 1.61098 
Latency(us)/Energy(mJ): 24 0.151728 0.028768 0.01769 0.04611 
Latency(us)/Energy(mJ): 45 0.240523 0.0452749 0.0278404 0.0725676 
Latency(us)/Energy(mJ): 44 0.153673 0.0311429 0.0177876 0.0469476 
Latency(us)/Energy(mJ): 1125 6.32403 1.54387 0.676832 1.80294 
Latency(us)/Energy(mJ): 26 0.273687 0.076193 0.0276818 0.0756485 
Latency(us)/Energy(mJ): 995 6.4388 1.90311 0.604754 1.77015 
Latency(us)/Energy(mJ): 34 0.313809 0.0970598 0.0277184 0.0852 
Latency(us)/Energy(mJ): 685 4.99405 1.62348 0.424231 1.35659 
Latency(us)/Energy(mJ): 33 0 0 0 0 
Latency(us)/Energy(mJ): 38 0.540148 0.182712 0.0442982 0.146426 
Latency(us)/Energy(mJ): 665 4.87961 1.64523 0.393389 1.32405 
Latency(us)/Energy(mJ): 28 0.220602 0.0749606 0.0176412 0.0608477 
Latency(us)/Energy(mJ): 0 0 0 0 0 
Latency(us)/Energy(mJ): 4625 41.2346 13.4112 2.82178 12.3251 
Latency(us)/Energy(mJ): 30 0.291919 0.0942131 0.0179411 0.0918857 
Latency(us)/Energy(mJ): 0 0.728319 0.234158 0.044591 0.228373 
Latency(us)/Energy(mJ): 1989 20.4976 6.48504 1.21471 6.50879 
Latency(us)/Energy(mJ): 37 0.481421 0.152246 0.0276851 0.153973 
0.5948 - "n02085620 Chihuahua"
0.0656 - "n02110806 basenji"
0.0383 - "n02113023 Pembroke, Pembroke Welsh corgi"
0.0311 - "n02091244 Ibizan hound, Ibizan Podenco"
0.0298 - "n02389026 sorrel"
