loading weight: /home/nvidia/caffe-build/models/bvlc_alexnet/bvlc_alexnet.caffemodel
loading prototxt: /home/nvidia/caffe-build/models/bvlc_alexnet/deploy.prototxt
---------- Prediction for /home/nvidia/Downloads/ILSVRC2012_img_train_t3/n02085620/n02085620_1152.JPEG ----------
Latency(us)/Energy(mJ): 0 0 0 0 0 
Latency(us)/Energy(mJ): 467 2.02571 0.0705949 0.425427 0.640927 
Latency(us)/Energy(mJ): 24 0 0 0 0 
Latency(us)/Energy(mJ): 60 0.357502 0.0123698 0.0745441 0.112304 
Latency(us)/Energy(mJ): 59 0.156039 0.00539904 0.0325363 0.0490176 
Latency(us)/Energy(mJ): 6820 30.8108 2.4062 5.96045 9.37803 
Latency(us)/Energy(mJ): 24 0.207512 0.0203993 0.0374136 0.0623115 
Latency(us)/Energy(mJ): 53 0.165115 0.0162315 0.0297696 0.0495806 
Latency(us)/Energy(mJ): 46 0.379336 0.0372904 0.0683928 0.113907 
Latency(us)/Energy(mJ): 8892 41.5897 5.05026 7.33278 12.1867 
Latency(us)/Energy(mJ): 27 0.167025 0.0217272 0.0271323 0.0490728 
Latency(us)/Energy(mJ): 6253 30.3732 4.03818 4.76205 9.10582 
Latency(us)/Energy(mJ): 45 0.223082 0.0308738 0.0342892 0.0680392 
Latency(us)/Energy(mJ): 4727 23.866 3.25654 3.6168 7.31433 
Latency(us)/Energy(mJ): 45 0.22632 0.0306127 0.0339993 0.0691571 
Latency(us)/Energy(mJ): 48 0.180203 0.0243748 0.0270712 0.0557391 
Latency(us)/Energy(mJ): 4326 22.118 2.98441 3.31456 6.85805 
Latency(us)/Energy(mJ): 30 0.179709 0.0241274 0.0267966 0.0571051 
Latency(us)/Energy(mJ): 1 0 0 0 0 
Latency(us)/Energy(mJ): 21550 124.376 14.768 16.4274 43.3822 
Latency(us)/Energy(mJ): 29 0.236963 0.0241194 0.030169 0.0854855 
Latency(us)/Energy(mJ): 1 0.485553 0.0494222 0.0618183 0.175165 
Latency(us)/Energy(mJ): 9466 57.8016 6.35165 7.23602 20.8982 
Latency(us)/Energy(mJ): 36 0.271928 0.0271572 0.0339688 0.0987899 
0.5948 - "n02085620 Chihuahua"
0.0656 - "n02110806 basenji"
0.0383 - "n02113023 Pembroke, Pembroke Welsh corgi"
0.0311 - "n02091244 Ibizan hound, Ibizan Podenco"
0.0298 - "n02389026 sorrel"
