loading weight: /home/nvidia/caffe-build/models/bvlc_alexnet/bvlc_alexnet.caffemodel
loading prototxt: /home/nvidia/caffe-build/models/bvlc_alexnet/deploy.prototxt
---------- Prediction for /home/nvidia/Downloads/ILSVRC2012_img_train_t3/n02085620/n02085620_1152.JPEG ----------
Latency(us)/Energy(mJ): 0 0 0 0 0 
Latency(us)/Energy(mJ): 354 1.19944 0.0480898 0.0964959 0.443206 
Latency(us)/Energy(mJ): 39 0.298877 0.017917 0.0238632 0.110944 
Latency(us)/Energy(mJ): 74 0.30077 0.0178483 0.0237717 0.110519 
Latency(us)/Energy(mJ): 72 0.180138 0.0106897 0.0142374 0.0661922 
Latency(us)/Energy(mJ): 2362 9.66789 0.982422 0.715957 3.386 
Latency(us)/Energy(mJ): 39 0.339516 0.0476336 0.0237778 0.116316 
Latency(us)/Energy(mJ): 62 0.20076 0.0279227 0.0139385 0.0673161 
Latency(us)/Energy(mJ): 65 0.339667 0.0472425 0.0235826 0.114954 
Latency(us)/Energy(mJ): 2910 13.2305 2.2784 0.880706 4.31424 
Latency(us)/Energy(mJ): 40 0.368935 0.0707885 0.0235704 0.118238 
Latency(us)/Energy(mJ): 2251 11.2587 2.26437 0.682797 3.62972 
Latency(us)/Energy(mJ): 47 0.239047 0.0484445 0.0138348 0.0772481 
Latency(us)/Energy(mJ): 1628 8.73081 1.89313 0.494008 2.8407 
Latency(us)/Energy(mJ): 49 0.424808 0.0943589 0.0235704 0.138949 
Latency(us)/Energy(mJ): 55 0.176345 0.0389011 0.0097173 0.0572843 
Latency(us)/Energy(mJ): 1290 7.1993 1.58747 0.392145 2.36358 
Latency(us)/Energy(mJ): 42 0.181902 0.0390476 0.0097539 0.0611777 
Latency(us)/Energy(mJ): 0 0 0 0 0 
Latency(us)/Energy(mJ): 7613 50.912 10.273 2.32889 18.6288 
Latency(us)/Energy(mJ): 43 0.333197 0.062426 0.0138775 0.127946 
Latency(us)/Energy(mJ): 0 0 0 0 0 
Latency(us)/Energy(mJ): 3348 25.2523 4.8227 1.0213 9.83314 
Latency(us)/Energy(mJ): 51 0.350732 0.065913 0.0138836 0.137607 
0.5948 - "n02085620 Chihuahua"
0.0656 - "n02110806 basenji"
0.0383 - "n02113023 Pembroke, Pembroke Welsh corgi"
0.0311 - "n02091244 Ibizan hound, Ibizan Podenco"
0.0298 - "n02389026 sorrel"
