loading weight: /home/nvidia/caffe-build/models/bvlc_alexnet/bvlc_alexnet.caffemodel
loading prototxt: /home/nvidia/caffe-build/models/bvlc_alexnet/deploy.prototxt
---------- Prediction for /home/nvidia/Downloads/ILSVRC2012_img_train_t3/n02085620/n02085620_1152.JPEG ----------
Latency(us)/Energy(mJ): 0 0 0 0 0 
Latency(us)/Energy(mJ): 501 1.89646 0.0745286 0.224567 0.671612 
Latency(us)/Energy(mJ): 58 0.177236 0.0104149 0.0208298 0.0627624 
Latency(us)/Energy(mJ): 110 0.440003 0.0257808 0.0515616 0.15536 
Latency(us)/Energy(mJ): 110 0.491403 0.0285975 0.057195 0.174707 
Latency(us)/Energy(mJ): 2987 12.4572 1.25116 1.36407 4.31979 
Latency(us)/Energy(mJ): 55 0.347926 0.045784 0.0362736 0.118404 
Latency(us)/Energy(mJ): 93 0.347926 0.0483912 0.0362736 0.118404 
Latency(us)/Energy(mJ): 97 0.500373 0.0689819 0.0517082 0.168786 
Latency(us)/Energy(mJ): 3629 16.5271 2.7032 1.64876 5.32182 
Latency(us)/Energy(mJ): 57 0.375851 0.0663649 0.0362278 0.119757 
Latency(us)/Energy(mJ): 2886 14.4814 2.71508 1.32781 4.63508 
Latency(us)/Energy(mJ): 67 0.233003 0.0445011 0.0205459 0.074647 
Latency(us)/Energy(mJ): 2072 11.014 2.19277 0.949058 3.56003 
Latency(us)/Energy(mJ): 67 0.428525 0.0843934 0.0361912 0.139075 
Latency(us)/Energy(mJ): 79 0.430695 0.0848206 0.0363744 0.139779 
Latency(us)/Energy(mJ): 1584 8.59901 1.76278 0.718611 2.81059 
Latency(us)/Energy(mJ): 60 0.441716 0.0846497 0.0363011 0.147107 
Latency(us)/Energy(mJ): 1 0 0 0 0 
Latency(us)/Energy(mJ): 9525 61.4865 11.177 4.3535 22.5024 
Latency(us)/Energy(mJ): 61 0.550306 0.0956236 0.0358197 0.210612 
Latency(us)/Energy(mJ): 0 0 0 0 0 
Latency(us)/Energy(mJ): 4182 30.0374 5.08994 1.90664 11.6262 
Latency(us)/Energy(mJ): 78 0.577931 0.0962824 0.0360664 0.225865 
0.5948 - "n02085620 Chihuahua"
0.0656 - "n02110806 basenji"
0.0383 - "n02113023 Pembroke, Pembroke Welsh corgi"
0.0311 - "n02091244 Ibizan hound, Ibizan Podenco"
0.0298 - "n02389026 sorrel"
