loading weight: /home/nvidia/caffe-build/models/bvlc_alexnet/bvlc_alexnet.caffemodel
loading prototxt: /home/nvidia/caffe-build/models/bvlc_alexnet/deploy.prototxt
---------- Prediction for /home/nvidia/Downloads/ILSVRC2012_img_train_t3/n02085620/n02085620_1152.JPEG ----------
Latency(us)/Energy(mJ): 0 0 0 0 0 
Latency(us)/Energy(mJ): 309 1.20285 0.0472659 0.118787 0.441508 
Latency(us)/Energy(mJ): 35 0 0 0 0 
Latency(us)/Energy(mJ): 71 0.297407 0.0173078 0.0288716 0.108608 
Latency(us)/Energy(mJ): 64 0.305199 0.0176925 0.0295133 0.111023 
Latency(us)/Energy(mJ): 1700 7.28707 0.7438 0.654987 2.55113 
Latency(us)/Energy(mJ): 34 0.139387 0.0188921 0.0117805 0.0474004 
Latency(us)/Energy(mJ): 56 0.205835 0.0278983 0.0173965 0.0699968 
Latency(us)/Energy(mJ): 58 0.344321 0.0466682 0.0291008 0.117091 
Latency(us)/Energy(mJ): 2017 9.52508 1.65936 0.763204 3.08926 
Latency(us)/Energy(mJ): 35 0.22477 0.0449178 0.0172517 0.0719952 
Latency(us)/Energy(mJ): 1602 8.3816 1.76331 0.605775 2.69862 
Latency(us)/Energy(mJ): 42 0.168485 0.0371672 0.0115976 0.0542441 
Latency(us)/Energy(mJ): 1139 6.48025 1.48103 0.433342 2.09372 
Latency(us)/Energy(mJ): 44 0.444658 0.10454 0.0290093 0.142762 
Latency(us)/Energy(mJ): 50 0.266554 0.0622518 0.0172745 0.0850125 
Latency(us)/Energy(mJ): 854 5.02258 1.18852 0.320101 1.62901 
Latency(us)/Energy(mJ): 37 0.188989 0.045153 0.0118643 0.0625603 
Latency(us)/Energy(mJ): 1 0 0 0 0 
Latency(us)/Energy(mJ): 5759 41.1805 9.10709 2.19944 14.7654 
Latency(us)/Energy(mJ): 37 0.360158 0.0761358 0.0172974 0.135519 
Latency(us)/Energy(mJ): 0 0 0 0 0 
Latency(us)/Energy(mJ): 2558 20.7909 4.36907 0.967229 7.90195 
Latency(us)/Energy(mJ): 47 0.640843 0.133929 0.0291084 0.247001 
0.5948 - "n02085620 Chihuahua"
0.0656 - "n02110806 basenji"
0.0383 - "n02113023 Pembroke, Pembroke Welsh corgi"
0.0311 - "n02091244 Ibizan hound, Ibizan Podenco"
0.0298 - "n02389026 sorrel"
