loading weight: /home/nvidia/caffe-build/models/bvlc_alexnet/bvlc_alexnet.caffemodel
loading prototxt: /home/nvidia/caffe-build/models/bvlc_alexnet/deploy.prototxt
---------- Prediction for /home/nvidia/caffe-build/examples/images/cat.jpg ----------
Latency(us)/Energy(mJ): 0 0 0 0 0 
Latency(us)/Energy(mJ): 2476 10.6686 0.502598 2.62268 3.43753 
Latency(us)/Energy(mJ): 25 0 0 0 0 
Latency(us)/Energy(mJ): 206 0.856596 0.0715518 0.200758 0.269869 
Latency(us)/Energy(mJ): 103 0.861334 0.0715899 0.200865 0.273582 
Latency(us)/Energy(mJ): 2399 11.3195 1.2206 2.51942 3.52104 
Latency(us)/Energy(mJ): 22 0.365969 0.050254 0.0781973 0.112139 
Latency(us)/Energy(mJ): 164 0.571901 0.0779401 0.121278 0.173919 
Latency(us)/Energy(mJ): 73 0.368749 0.050254 0.0781973 0.112139 
Latency(us)/Energy(mJ): 1878 9.57999 1.42159 1.99176 2.89306 
Latency(us)/Energy(mJ): 35 0.596564 0.0949748 0.121011 0.177837 
Latency(us)/Energy(mJ): 1515 7.96534 1.41033 1.59206 2.34095 
Latency(us)/Energy(mJ): 22 0 0 0 0 
Latency(us)/Energy(mJ): 1087 6.11322 1.16555 1.19386 1.76183 
Latency(us)/Energy(mJ): 25 0 0 0 0 
Latency(us)/Energy(mJ): 33 0.404755 0.0780708 0.0725152 0.116229 
Latency(us)/Energy(mJ): 1418 7.79707 1.51293 1.47604 2.26071 
Latency(us)/Energy(mJ): 23 0 0 0 0 
Latency(us)/Energy(mJ): 2 0 0 0 0 
Latency(us)/Energy(mJ): 5041 31.3927 6.37965 4.99055 9.6892 
Latency(us)/Energy(mJ): 26 0.498193 0.106284 0.0727632 0.159976 
Latency(us)/Energy(mJ): 1 0 0 0 0 
Latency(us)/Energy(mJ): 2165 15.2086 3.22701 2.14445 4.9375 
Latency(us)/Energy(mJ): 159 1.35068 0.284108 0.184623 0.444166 
0.3094 - "n02124075 Egyptian cat"
0.1761 - "n02123159 tiger cat"
0.1221 - "n02123045 tabby, tabby cat"
0.1132 - "n02119022 red fox, Vulpes vulpes"
0.0421 - "n02085620 Chihuahua"
