loading weight: /home/nvidia/caffe-build/models/bvlc_alexnet/bvlc_alexnet.caffemodel
loading prototxt: /home/nvidia/caffe-build/models/bvlc_alexnet/deploy.prototxt
---------- Prediction for /home/nvidia/Downloads/ILSVRC2012_img_train_t3/n02085620/n02085620_1152.JPEG ----------
Latency(us)/Energy(mJ): 0 0 0 0 0 
Latency(us)/Energy(mJ): 288 1.22531 0.0509829 0.27286 0.379583 
Latency(us)/Energy(mJ): 26 0.130652 0.00658146 0.0285101 0.0402073 
Latency(us)/Energy(mJ): 66 0.336951 0.0191028 0.073289 0.103358 
Latency(us)/Energy(mJ): 57 0.207152 0.013786 0.0448384 0.0632348 
Latency(us)/Energy(mJ): 1239 6.00773 0.671102 1.14054 1.76367 
Latency(us)/Energy(mJ): 23 0.235288 0.0345639 0.0414948 0.0677235 
Latency(us)/Energy(mJ): 48 0.154135 0.022478 0.0269854 0.0440427 
Latency(us)/Energy(mJ): 45 0.390935 0.0592488 0.0684435 0.111706 
Latency(us)/Energy(mJ): 1404 7.69636 1.46564 1.27357 2.11241 
Latency(us)/Energy(mJ): 27 0.169692 0.0359462 0.026967 0.0462502 
Latency(us)/Energy(mJ): 1206 7.36199 1.698 1.09466 2.02243 
Latency(us)/Energy(mJ): 45 0.485568 0.119637 0.0683322 0.134275 
Latency(us)/Energy(mJ): 792 5.31242 1.3727 0.724973 1.47261 
Latency(us)/Energy(mJ): 39 0.201919 0.053802 0.026901 0.0562422 
Latency(us)/Energy(mJ): 47 0.516293 0.136811 0.0684054 0.144436 
Latency(us)/Energy(mJ): 726 5.0252 1.34257 0.656897 1.40713 
Latency(us)/Energy(mJ): 32 0.208794 0.0538386 0.0269193 0.0596638 
Latency(us)/Energy(mJ): 1 0 0 0 0 
Latency(us)/Energy(mJ): 4923 40.5809 10.3612 4.18109 12.7446 
Latency(us)/Energy(mJ): 32 0 0 0 0 
Latency(us)/Energy(mJ): 0 0 0 0 0 
Latency(us)/Energy(mJ): 2181 20.8782 5.14691 1.85424 7.03746 
Latency(us)/Energy(mJ): 37 0.286098 0.0695078 0.0246707 0.0974464 
0.5948 - "n02085620 Chihuahua"
0.0656 - "n02110806 basenji"
0.0383 - "n02113023 Pembroke, Pembroke Welsh corgi"
0.0311 - "n02091244 Ibizan hound, Ibizan Podenco"
0.0298 - "n02389026 sorrel"
