loading weight: /home/nvidia/caffe-build/models/bvlc_alexnet/bvlc_alexnet.caffemodel
loading prototxt: /home/nvidia/caffe-build/models/bvlc_alexnet/deploy.prototxt
---------- Prediction for /home/nvidia/caffe-build/examples/images/cat.jpg ----------
Latency(us)/Energy(mJ): 0 0 0 0 0 
Latency(us)/Energy(mJ): 3318 8.50907 0.638233 2.48514 1.86574 
Latency(us)/Energy(mJ): 49 0.313875 0.0343125 0.08595 0.0689625 
Latency(us)/Energy(mJ): 289 0.755523 0.081801 0.204905 0.169502 
Latency(us)/Energy(mJ): 122 0.320837 0.0346023 0.0866758 0.0717004 
Latency(us)/Energy(mJ): 3593 10.9794 1.61842 2.76797 2.49189 
Latency(us)/Energy(mJ): 30 0 0 0 0 
Latency(us)/Energy(mJ): 221 0.868199 0.16384 0.204867 0.195213 
Latency(us)/Energy(mJ): 105 0.367624 0.0691346 0.0864466 0.0823732 
Latency(us)/Energy(mJ): 2680 8.86349 1.7469 2.03583 2.0123 
Latency(us)/Energy(mJ): 38 0.263067 0.0590954 0.0590954 0.0592501 
Latency(us)/Energy(mJ): 2012 6.99077 1.59921 1.42485 1.54548 
Latency(us)/Energy(mJ): 35 0 0 0 0 
Latency(us)/Energy(mJ): 1590 5.70117 1.39677 1.10198 1.2432 
Latency(us)/Energy(mJ): 28 0 0 0 0 
Latency(us)/Energy(mJ): 55 0.407985 0.104012 0.0780088 0.0891368 
Latency(us)/Energy(mJ): 2368 8.41302 2.04019 1.62135 1.86734 
Latency(us)/Energy(mJ): 34 0 0 0 0 
Latency(us)/Energy(mJ): 1 0 0 0 0 
Latency(us)/Energy(mJ): 8843 37.1459 8.72425 6.08971 10.2357 
Latency(us)/Energy(mJ): 31 0.360607 0.0827406 0.0531738 0.109753 
Latency(us)/Energy(mJ): 3 0 0 0 0 
Latency(us)/Energy(mJ): 3809 18.4205 4.22664 2.61963 5.74725 
Latency(us)/Energy(mJ): 211 0.954823 0.218523 0.131114 0.30307 
0.3094 - "n02124075 Egyptian cat"
0.1761 - "n02123159 tiger cat"
0.1221 - "n02123045 tabby, tabby cat"
0.1132 - "n02119022 red fox, Vulpes vulpes"
0.0421 - "n02085620 Chihuahua"
