loading weight: /home/nvidia/caffe-build/models/bvlc_alexnet/bvlc_alexnet.caffemodel
loading prototxt: /home/nvidia/caffe-build/models/bvlc_alexnet/deploy.prototxt
---------- Prediction for /home/nvidia/Downloads/ILSVRC2012_img_train_t3/n02085620/n02085620_1152.JPEG ----------
Latency(us)/Energy(mJ): 0 0 0 0 0 
Latency(us)/Energy(mJ): 245 1.27292 0.0376352 0.378085 0.364101 
Latency(us)/Energy(mJ): 20 0 0 0 0 
Latency(us)/Energy(mJ): 51 0.237366 0.0104653 0.0697839 0.0674075 
Latency(us)/Energy(mJ): 46 0.168597 0.00743334 0.0495664 0.0478785 
Latency(us)/Energy(mJ): 1696 9.45232 0.735418 2.65842 2.59925 
Latency(us)/Energy(mJ): 20 0 0 0 0 
Latency(us)/Energy(mJ): 40 0.258318 0.0278892 0.0698144 0.0700888 
Latency(us)/Energy(mJ): 35 0.190179 0.0205326 0.0513988 0.0516008 
Latency(us)/Energy(mJ): 2106 12.3172 1.70789 3.04952 3.26375 
Latency(us)/Energy(mJ): 21 0.203365 0.0334502 0.048894 0.0535474 
Latency(us)/Energy(mJ): 1597 9.99615 1.74278 2.21987 2.67562 
Latency(us)/Energy(mJ): 33 0.297304 0.055266 0.0621969 0.0805887 
Latency(us)/Energy(mJ): 1153 7.66881 1.47912 1.56302 2.09405 
Latency(us)/Energy(mJ): 31 0.313671 0.0623617 0.0623617 0.0860255 
Latency(us)/Energy(mJ): 38 0.232042 0.0461328 0.0461328 0.0636384 
Latency(us)/Energy(mJ): 912 6.41602 1.30254 1.25706 1.78501 
Latency(us)/Energy(mJ): 23 0.238743 0.0487444 0.0461877 0.0675828 
Latency(us)/Energy(mJ): 0 0 0 0 0 
Latency(us)/Energy(mJ): 5876 47.8116 9.26955 7.6966 15.0855 
Latency(us)/Energy(mJ): 24 0 0 0 0 
Latency(us)/Energy(mJ): 0 0.298646 0.0563471 0.0435379 0.100356 
Latency(us)/Energy(mJ): 2622 23.7874 4.45818 3.30568 8.10581 
Latency(us)/Energy(mJ): 30 0.422547 0.0796109 0.0553914 0.146044 
0.5948 - "n02085620 Chihuahua"
0.0656 - "n02110806 basenji"
0.0383 - "n02113023 Pembroke, Pembroke Welsh corgi"
0.0311 - "n02091244 Ibizan hound, Ibizan Podenco"
0.0298 - "n02389026 sorrel"
