loading weight: /home/nvidia/caffe-build/models/bvlc_alexnet/bvlc_alexnet.caffemodel
loading prototxt: /home/nvidia/caffe-build/models/bvlc_alexnet/deploy.prototxt
---------- Prediction for /home/nvidia/Downloads/ILSVRC2012_img_train_t3/n02085620/n02085620_1152.JPEG ----------
Latency(us)/Energy(mJ): 0 0 0 0 0 
Latency(us)/Energy(mJ): 256 0.957804 0.0584544 0.105697 0.341876 
Latency(us)/Energy(mJ): 31 0.194095 0.0138348 0.0207749 0.0678132 
Latency(us)/Energy(mJ): 62 0.322089 0.0283693 0.0341027 0.111318 
Latency(us)/Energy(mJ): 58 0.130648 0.0136209 0.0136209 0.0444613 
Latency(us)/Energy(mJ): 974 4.65817 0.776349 0.442016 1.48859 
Latency(us)/Energy(mJ): 29 0.238626 0.0518456 0.0207382 0.0719952 
Latency(us)/Energy(mJ): 48 0.395927 0.0891086 0.0342584 0.118932 
Latency(us)/Energy(mJ): 50 0.159418 0.0364102 0.0136576 0.0474138 
Latency(us)/Energy(mJ): 1016 6.01628 1.67525 0.47556 1.68114 
Latency(us)/Energy(mJ): 31 0 0 0 0 
Latency(us)/Energy(mJ): 974 6.71355 2.21083 0.461789 1.81007 
Latency(us)/Energy(mJ): 39 0.202974 0.0719862 0.0130702 0.0541684 
Latency(us)/Energy(mJ): 648 4.71784 1.70276 0.291575 1.25027 
Latency(us)/Energy(mJ): 37 0.223847 0.0823732 0.0133444 0.0586628 
Latency(us)/Energy(mJ): 47 0.573788 0.212946 0.0341379 0.151492 
Latency(us)/Energy(mJ): 657 4.9867 1.84384 0.292983 1.31994 
Latency(us)/Energy(mJ): 35 0.233353 0.0860409 0.0135729 0.0630828 
Latency(us)/Energy(mJ): 0 0 0 0 0 
Latency(us)/Energy(mJ): 4582 42.0067 14.9454 2.09876 12.2234 
Latency(us)/Energy(mJ): 36 0.463187 0.159527 0.0208118 0.142039 
Latency(us)/Energy(mJ): 0 0 0 0 0 
Latency(us)/Energy(mJ): 2049 21.3347 7.36965 0.92549 6.61021 
Latency(us)/Energy(mJ): 45 0.806665 0.278109 0.0339994 0.252535 
0.5948 - "n02085620 Chihuahua"
0.0656 - "n02110806 basenji"
0.0383 - "n02113023 Pembroke, Pembroke Welsh corgi"
0.0311 - "n02091244 Ibizan hound, Ibizan Podenco"
0.0298 - "n02389026 sorrel"
