loading weight: /home/nvidia/caffe-build/models/bvlc_alexnet/bvlc_alexnet.caffemodel
loading prototxt: /home/nvidia/caffe-build/models/bvlc_alexnet/deploy.prototxt
---------- Prediction for /home/nvidia/caffe-build/examples/images/cat.jpg ----------
Latency(us)/Energy(mJ): 0 0 0 0 0 
Latency(us)/Energy(mJ): 8645 43.8591 1.81591 15.2956 12.3742 
Latency(us)/Energy(mJ): 21 0 0 0 0 
Latency(us)/Energy(mJ): 174 0.954321 0.0568825 0.327494 0.268 
Latency(us)/Energy(mJ): 78 0.577709 0.0344345 0.189672 0.162237 
Latency(us)/Energy(mJ): 12613 65.095 4.80711 20.7522 18.1779 
Latency(us)/Energy(mJ): 17 0 0 0 0 
Latency(us)/Energy(mJ): 174 0.976814 0.0855086 0.299467 0.268288 
Latency(us)/Energy(mJ): 66 0.593309 0.0519372 0.181894 0.162956 
Latency(us)/Energy(mJ): 10481 54.4651 5.12707 16.7099 14.9153 
Latency(us)/Energy(mJ): 21 0.379666 0.0393291 0.112464 0.103036 
Latency(us)/Energy(mJ): 8106 41.4284 4.29152 12.2718 11.165 
Latency(us)/Energy(mJ): 19 0 0 0 0 
Latency(us)/Energy(mJ): 4946 25.8134 2.6931 7.70104 6.935 
Latency(us)/Energy(mJ): 18 0 0 0 0 
Latency(us)/Energy(mJ): 28 0 0 0 0 
Latency(us)/Energy(mJ): 3986 20.6868 2.14946 6.14648 5.60538 
Latency(us)/Energy(mJ): 18 0 0 0 0 
Latency(us)/Energy(mJ): 2 0 0 0 0 
Latency(us)/Energy(mJ): 21786 124.385 12.692 33.259 37.5879 
Latency(us)/Energy(mJ): 20 0.440263 0.04453 0.111471 0.139649 
Latency(us)/Energy(mJ): 0 0 0 0 0 
Latency(us)/Energy(mJ): 9463 57.71 5.74702 14.3864 18.5621 
Latency(us)/Energy(mJ): 132 0.452669 0.044652 0.111776 0.14845 
0.3094 - "n02124075 Egyptian cat"
0.1761 - "n02123159 tiger cat"
0.1221 - "n02123045 tabby, tabby cat"
0.1132 - "n02119022 red fox, Vulpes vulpes"
0.0421 - "n02085620 Chihuahua"
