loading weight: /home/nvidia/caffe-build/models/bvlc_alexnet/bvlc_alexnet.caffemodel
loading prototxt: /home/nvidia/caffe-build/models/bvlc_alexnet/deploy.prototxt
---------- Prediction for /home/nvidia/Downloads/ILSVRC2012_img_train_t3/n02085620/n02085620_1152.JPEG ----------
Latency(us)/Energy(mJ): 0 0 0 0 0 
Latency(us)/Energy(mJ): 328 1.29086 0.0501858 0.192331 0.452339 
Latency(us)/Energy(mJ): 39 0.188962 0.010392 0.0277272 0.0652111 
Latency(us)/Energy(mJ): 67 0.316775 0.0173261 0.0462283 0.108723 
Latency(us)/Energy(mJ): 71 0.317335 0.0172941 0.0461427 0.108522 
Latency(us)/Energy(mJ): 1829 8.16911 0.838644 1.11103 2.65898 
Latency(us)/Energy(mJ): 60 0.350958 0.0452132 0.0452873 0.110809 
Latency(us)/Energy(mJ): 83 0.355854 0.051209 0.0455439 0.111997 
Latency(us)/Energy(mJ): 82 0.357191 0.0514013 0.045715 0.113277 
Latency(us)/Energy(mJ): 1882 9.39976 1.60746 1.08903 2.86678 
Latency(us)/Energy(mJ): 53 0.153742 0.0293632 0.0158064 0.0464424 
Latency(us)/Energy(mJ): 1649 9.16777 1.87477 0.889986 2.79342 
Latency(us)/Energy(mJ): 65 0.433107 0.0917459 0.0401248 0.133674 
Latency(us)/Energy(mJ): 1111 6.58756 1.4836 0.593039 2.03596 
Latency(us)/Energy(mJ): 63 0.454325 0.102783 0.0399752 0.140363 
Latency(us)/Energy(mJ): 72 0.456023 0.102508 0.0398684 0.139987 
Latency(us)/Energy(mJ): 876 5.46739 1.25313 0.474096 1.70856 
Latency(us)/Energy(mJ): 56 0.185546 0.0406957 0.0158278 0.0589836 
Latency(us)/Energy(mJ): 2 0 0 0 0 
Latency(us)/Energy(mJ): 5818 42.5083 9.14284 3.1175 14.8104 
Latency(us)/Energy(mJ): 56 0.238704 0.0497398 0.0158088 0.0873784 
Latency(us)/Energy(mJ): 0 0 0 0 0 
Latency(us)/Energy(mJ): 2577 21.7187 4.45315 1.39336 8.06119 
Latency(us)/Energy(mJ): 71 0.639475 0.131265 0.039911 0.239242 
0.5948 - "n02085620 Chihuahua"
0.0656 - "n02110806 basenji"
0.0383 - "n02113023 Pembroke, Pembroke Welsh corgi"
0.0311 - "n02091244 Ibizan hound, Ibizan Podenco"
0.0298 - "n02389026 sorrel"
