loading weight: /home/nvidia/caffe-build/models/bvlc_alexnet/bvlc_alexnet.caffemodel
loading prototxt: /home/nvidia/caffe-build/models/bvlc_alexnet/deploy.prototxt
---------- Prediction for /home/nvidia/caffe-build/examples/images/cat.jpg ----------
Latency(us)/Energy(mJ): 1 0 0 0 0 
Latency(us)/Energy(mJ): 4109 14.6941 0.786744 2.19346 5.36573 
Latency(us)/Energy(mJ): 81 0.27919 0.0227378 0.0398097 0.0999715 
Latency(us)/Energy(mJ): 338 1.42732 0.115443 0.202119 0.51476 
Latency(us)/Energy(mJ): 187 0.713853 0.0575688 0.100792 0.2567 
Latency(us)/Energy(mJ): 3583 14.3731 1.57912 1.92587 5.07433 
Latency(us)/Energy(mJ): 59 0 0 0 0 
Latency(us)/Energy(mJ): 266 1.2442 0.159559 0.159559 0.429376 
Latency(us)/Energy(mJ): 147 0.791576 0.101513 0.101513 0.276786 
Latency(us)/Energy(mJ): 3006 12.9278 1.94377 1.62323 4.42588 
Latency(us)/Energy(mJ): 58 0 0 0 0 
Latency(us)/Energy(mJ): 2556 11.1699 1.88595 1.3598 3.70763 
Latency(us)/Energy(mJ): 74 0.495276 0.09387 0.0596745 0.162708 
Latency(us)/Energy(mJ): 1706 7.56706 1.42926 0.908601 2.48319 
Latency(us)/Energy(mJ): 74 0.33972 0.06384 0.040584 0.1121 
Latency(us)/Energy(mJ): 82 0.506898 0.095256 0.0605556 0.167265 
Latency(us)/Energy(mJ): 2275 10.1442 1.91146 1.21514 3.35417 
Latency(us)/Energy(mJ): 70 0.347087 0.064134 0.0407709 0.117045 
Latency(us)/Energy(mJ): 4 0 0 0 0 
Latency(us)/Energy(mJ): 6512 33.9979 6.3088 3.40473 12.0489 
Latency(us)/Energy(mJ): 54 0 0 0 0 
Latency(us)/Energy(mJ): 2 0 0 0 0 
Latency(us)/Energy(mJ): 2840 17.2628 3.23073 1.34244 6.39308 
Latency(us)/Energy(mJ): 426 2.32469 0.433519 0.173559 0.871514 
0.3094 - "n02124075 Egyptian cat"
0.1761 - "n02123159 tiger cat"
0.1221 - "n02123045 tabby, tabby cat"
0.1132 - "n02119022 red fox, Vulpes vulpes"
0.0421 - "n02085620 Chihuahua"
