loading weight: /home/nvidia/caffe-build/models/bvlc_alexnet/bvlc_alexnet.caffemodel
loading prototxt: /home/nvidia/caffe-build/models/bvlc_alexnet/deploy.prototxt
---------- Prediction for /home/nvidia/caffe-build/examples/images/cat.jpg ----------
Latency(us)/Energy(mJ): 0 0 0 0 0 
Latency(us)/Energy(mJ): 4200 14.7471 0.776001 2.19712 5.36482 
Latency(us)/Energy(mJ): 59 0.395786 0.0319182 0.0558831 0.140336 
Latency(us)/Energy(mJ): 391 1.48387 0.119667 0.209515 0.533596 
Latency(us)/Energy(mJ): 176 0.749453 0.0601155 0.105251 0.268056 
Latency(us)/Energy(mJ): 3657 14.5006 1.5762 1.93484 5.08958 
Latency(us)/Energy(mJ): 60 0.440968 0.0565506 0.0565506 0.152178 
Latency(us)/Energy(mJ): 283 1.20744 0.153445 0.153445 0.412922 
Latency(us)/Energy(mJ): 146 0.824643 0.104798 0.104798 0.282011 
Latency(us)/Energy(mJ): 3067 13.0894 1.95938 1.62747 4.43546 
Latency(us)/Energy(mJ): 56 0.412283 0.064475 0.0501159 0.136646 
Latency(us)/Energy(mJ): 2543 11.3051 1.89254 1.36133 3.71178 
Latency(us)/Energy(mJ): 57 0 0 0 0 
Latency(us)/Energy(mJ): 1677 7.96173 1.43488 0.940961 2.59707 
Latency(us)/Energy(mJ): 60 0 0 0 0 
Latency(us)/Energy(mJ): 90 0.500742 0.092526 0.0588201 0.162471 
Latency(us)/Energy(mJ): 2204 10.126 1.80126 1.19293 3.31384 
Latency(us)/Energy(mJ): 60 0 0 0 0 
Latency(us)/Energy(mJ): 8 0 0 0 0 
Latency(us)/Energy(mJ): 6576 34.8554 6.2862 3.55353 12.223 
Latency(us)/Energy(mJ): 54 0 0 0 0 
Latency(us)/Energy(mJ): 2 0 0 0 0 
Latency(us)/Energy(mJ): 2870 17.4974 3.20868 1.56716 6.41674 
Latency(us)/Energy(mJ): 383 2.41364 0.447304 0.208794 0.895584 
0.3094 - "n02124075 Egyptian cat"
0.1761 - "n02123159 tiger cat"
0.1221 - "n02123045 tabby, tabby cat"
0.1132 - "n02119022 red fox, Vulpes vulpes"
0.0421 - "n02085620 Chihuahua"
