loading weight: /home/nvidia/caffe-build/models/bvlc_alexnet/bvlc_alexnet.caffemodel
loading prototxt: /home/nvidia/caffe-build/models/bvlc_alexnet/deploy.prototxt
---------- Prediction for /home/nvidia/Downloads/ILSVRC2012_img_train_t3/n02085620/n02085620_1152.JPEG ----------
Latency(us)/Energy(mJ): 0 0 0 0 0 
Latency(us)/Energy(mJ): 366 1.38178 0.0667379 0.110306 0.510318 
Latency(us)/Energy(mJ): 45 0.121119 0.00711732 0.0094794 0.0440714 
Latency(us)/Energy(mJ): 88 0.298588 0.0197097 0.0231434 0.107598 
Latency(us)/Energy(mJ): 83 0.311165 0.0238876 0.0238876 0.111058 
Latency(us)/Energy(mJ): 1342 5.91542 0.732164 0.421724 2.03443 
Latency(us)/Energy(mJ): 45 0.205843 0.0345486 0.0138104 0.0685539 
Latency(us)/Energy(mJ): 73 0.354068 0.0589341 0.0235582 0.116941 
Latency(us)/Energy(mJ): 76 0.355439 0.0588883 0.0235399 0.116851 
Latency(us)/Energy(mJ): 1451 6.85094 1.39704 0.430154 2.16916 
Latency(us)/Energy(mJ): 47 0.392702 0.0882566 0.0235094 0.122557 
Latency(us)/Energy(mJ): 1306 7.12129 1.72229 0.39797 2.22815 
Latency(us)/Energy(mJ): 59 0.446074 0.111911 0.0235399 0.13877 
Latency(us)/Energy(mJ): 862 5.041 1.32382 0.257749 1.5793 
Latency(us)/Energy(mJ): 53 0.277553 0.0758236 0.0137738 0.0872491 
Latency(us)/Energy(mJ): 66 0.476063 0.129585 0.0235399 0.149112 
Latency(us)/Energy(mJ): 810 4.97629 1.33701 0.244592 1.56428 
Latency(us)/Energy(mJ): 51 0.488047 0.130089 0.0236314 0.155657 
Latency(us)/Energy(mJ): 1 0 0 0 0 
Latency(us)/Energy(mJ): 5133 38.0964 9.59596 1.56234 13.1585 
Latency(us)/Energy(mJ): 51 0.380644 0.0942564 0.013969 0.138453 
Latency(us)/Energy(mJ): 0 0 0 0 0 
Latency(us)/Energy(mJ): 2245 19.3759 4.70541 0.685756 7.10523 
Latency(us)/Energy(mJ): 63 0.682453 0.164361 0.0234141 0.253473 
0.5948 - "n02085620 Chihuahua"
0.0656 - "n02110806 basenji"
0.0383 - "n02113023 Pembroke, Pembroke Welsh corgi"
0.0311 - "n02091244 Ibizan hound, Ibizan Podenco"
0.0298 - "n02389026 sorrel"
