loading weight: /home/nvidia/caffe-build/models/bvlc_alexnet/bvlc_alexnet.caffemodel
loading prototxt: /home/nvidia/caffe-build/models/bvlc_alexnet/deploy.prototxt
---------- Prediction for /home/nvidia/Downloads/ILSVRC2012_img_train_t3/n02085620/n02085620_1152.JPEG ----------
Latency(us)/Energy(mJ): 0 0 0 0 0 
Latency(us)/Energy(mJ): 244 0.572965 0.0390949 0.078318 0.194065 
Latency(us)/Energy(mJ): 27 0.124981 0.0085278 0.0170836 0.0428627 
Latency(us)/Energy(mJ): 72 0.324706 0.0273558 0.0438698 0.110069 
Latency(us)/Energy(mJ): 63 0.341696 0.0340294 0.0453973 0.113902 
Latency(us)/Energy(mJ): 1004 5.11503 0.829937 0.615975 1.58956 
Latency(us)/Energy(mJ): 26 0 0 0 0 
Latency(us)/Energy(mJ): 56 0.400159 0.085188 0.0442738 0.116854 
Latency(us)/Energy(mJ): 64 0.408724 0.0916625 0.0447374 0.118077 
Latency(us)/Energy(mJ): 1050 6.33177 1.72317 0.643184 1.73616 
Latency(us)/Energy(mJ): 34 0.173978 0.052699 0.0168482 0.0470369 
Latency(us)/Energy(mJ): 1010 6.90868 2.22067 0.617637 1.8338 
Latency(us)/Energy(mJ): 42 0.328715 0.114075 0.0276574 0.0867354 
Latency(us)/Energy(mJ): 671 4.90551 1.72897 0.397086 1.28303 
Latency(us)/Energy(mJ): 41 0.213822 0.0775211 0.0167628 0.0557294 
Latency(us)/Energy(mJ): 45 0.568598 0.205143 0.0443592 0.147997 
Latency(us)/Energy(mJ): 1865 14.1349 4.96275 1.13171 3.72801 
Latency(us)/Energy(mJ): 32 0.204545 0.06919 0.016775 0.05577 
Latency(us)/Energy(mJ): 1 0 0 0 0 
Latency(us)/Energy(mJ): 4725 41.8174 14.0107 2.89399 12.2638 
Latency(us)/Energy(mJ): 37 0.452986 0.152605 0.0277339 0.138533 
Latency(us)/Energy(mJ): 0 0 0 0 0 
Latency(us)/Energy(mJ): 1978 20.3781 6.79672 1.14015 6.29693 
Latency(us)/Energy(mJ): 53 0.488531 0.1633 0.0243261 0.152803 
0.5948 - "n02085620 Chihuahua"
0.0656 - "n02110806 basenji"
0.0383 - "n02113023 Pembroke, Pembroke Welsh corgi"
0.0311 - "n02091244 Ibizan hound, Ibizan Podenco"
0.0298 - "n02389026 sorrel"
