loading weight: /home/nvidia/caffe-build/models/bvlc_alexnet/bvlc_alexnet.caffemodel
loading prototxt: /home/nvidia/caffe-build/models/bvlc_alexnet/deploy.prototxt
---------- Prediction for /home/nvidia/caffe-build/examples/images/cat.jpg ----------
Latency(us)/Energy(mJ): 0 0 0 0 0 
Latency(us)/Energy(mJ): 3162 10.4092 0.61149 4.41534 1.99616 
Latency(us)/Energy(mJ): 25 0 0 0 0 
Latency(us)/Energy(mJ): 244 1.1346 0.098088 0.4422 0.221904 
Latency(us)/Energy(mJ): 91 0.404978 0.0347548 0.156681 0.0807906 
Latency(us)/Energy(mJ): 3612 13.3699 1.60219 4.93047 2.68723 
Latency(us)/Energy(mJ): 21 0 0 0 0 
Latency(us)/Energy(mJ): 179 0.85734 0.13442 0.3025 0.1727 
Latency(us)/Energy(mJ): 87 0.402354 0.0624748 0.140594 0.0802662 
Latency(us)/Energy(mJ): 2768 10.8931 1.7787 3.61032 2.19113 
Latency(us)/Energy(mJ): 19 0.427605 0.0798098 0.135875 0.084203 
Latency(us)/Energy(mJ): 1938 7.65399 1.47183 2.40562 1.52597 
Latency(us)/Energy(mJ): 22 0.424822 0.084924 0.131329 0.0833064 
Latency(us)/Energy(mJ): 1531 6.51207 1.36211 2.0039 1.27114 
Latency(us)/Energy(mJ): 21 0 0 0 0 
Latency(us)/Energy(mJ): 32 0 0 0 0 
Latency(us)/Energy(mJ): 2182 9.16281 1.90006 2.81188 1.81865 
Latency(us)/Energy(mJ): 24 0.487389 0.094836 0.146657 0.10161 
Latency(us)/Energy(mJ): 1 0 0 0 0 
Latency(us)/Energy(mJ): 8846 42.4229 8.74333 10.9218 10.5406 
Latency(us)/Energy(mJ): 23 0 0 0 0 
Latency(us)/Energy(mJ): 1 0 0 0 0 
Latency(us)/Energy(mJ): 3823 21.1593 4.36366 4.73879 5.99182 
Latency(us)/Energy(mJ): 149 0.591352 0.122286 0.122286 0.173657 
0.3094 - "n02124075 Egyptian cat"
0.1761 - "n02123159 tiger cat"
0.1221 - "n02123045 tabby, tabby cat"
0.1132 - "n02119022 red fox, Vulpes vulpes"
0.0421 - "n02085620 Chihuahua"
