loading weight: /home/nvidia/caffe-build/models/bvlc_alexnet/bvlc_alexnet.caffemodel
loading prototxt: /home/nvidia/caffe-build/models/bvlc_alexnet/deploy.prototxt
---------- Prediction for /home/nvidia/Downloads/ILSVRC2012_img_train_t3/n02085620/n02085620_1152.JPEG ----------
Latency(us)/Energy(mJ): 0 0 0 0 0 
Latency(us)/Energy(mJ): 366 0.8634 0.0298741 0.146668 0.301296 
Latency(us)/Energy(mJ): 25 0.120105 0.00415568 0.0187826 0.0419122 
Latency(us)/Energy(mJ): 160 0.636349 0.0240051 0.0990791 0.221089 
Latency(us)/Energy(mJ): 117 0.647958 0.0334798 0.100439 0.224125 
Latency(us)/Energy(mJ): 4070 18.5498 1.56784 2.78324 6.13682 
Latency(us)/Energy(mJ): 21 0.12936 0.0145889 0.0187688 0.0418816 
Latency(us)/Energy(mJ): 88 0.353799 0.0399005 0.0513326 0.114546 
Latency(us)/Energy(mJ): 99 0.559582 0.0631081 0.0811897 0.18117 
Latency(us)/Energy(mJ): 5324 25.5976 3.57749 3.65539 7.95304 
Latency(us)/Energy(mJ): 32 0.220938 0.0344876 0.0310524 0.067574 
Latency(us)/Energy(mJ): 3868 19.597 3.13267 2.65579 6.06582 
Latency(us)/Energy(mJ): 38 0.235184 0.0379899 0.0311074 0.0736253 
Latency(us)/Energy(mJ): 2907 15.2452 2.59454 1.97636 4.76952 
Latency(us)/Energy(mJ): 40 0.386623 0.0662451 0.0496838 0.121715 
Latency(us)/Energy(mJ): 43 0.222831 0.0379041 0.0284281 0.0696425 
Latency(us)/Energy(mJ): 2576 13.8623 2.33206 1.58653 4.41686 
Latency(us)/Energy(mJ): 34 0.250534 0.041733 0.0277916 0.0819169 
Latency(us)/Energy(mJ): 0 0 0 0 0 
Latency(us)/Energy(mJ): 13186 82.8098 12.147 8.04719 29.6338 
Latency(us)/Energy(mJ): 34 0.302781 0.0414861 0.0276574 0.112761 
Latency(us)/Energy(mJ): 0 0 0 0 0 
Latency(us)/Energy(mJ): 5822 39.5498 5.32563 3.55042 14.9253 
Latency(us)/Energy(mJ): 31 0.510979 0.068076 0.045384 0.194105 
0.5948 - "n02085620 Chihuahua"
0.0656 - "n02110806 basenji"
0.0383 - "n02113023 Pembroke, Pembroke Welsh corgi"
0.0311 - "n02091244 Ibizan hound, Ibizan Podenco"
0.0298 - "n02389026 sorrel"
