loading weight: /home/nvidia/caffe-build/models/bvlc_alexnet/bvlc_alexnet.caffemodel
loading prototxt: /home/nvidia/caffe-build/models/bvlc_alexnet/deploy.prototxt
---------- Prediction for /home/nvidia/Downloads/ILSVRC2012_img_train_t3/n02085620/n02085620_1152.JPEG ----------
Latency(us)/Energy(mJ): 0 0 0 0 0 
Latency(us)/Energy(mJ): 69480 315.707 15.9043 90.8954 83.9859 
Latency(us)/Energy(mJ): 890 3.92602 0.201616 1.14279 1.02921 
Latency(us)/Energy(mJ): 76422 342.535 17.5014 101.26 89.3414 
Latency(us)/Energy(mJ): 6393 28.2628 1.46062 8.08147 7.45619 
Latency(us)/Energy(mJ): 141171 625.195 32.321 174.841 164.992 
Latency(us)/Energy(mJ): 572 2.59627 0.134148 0.758277 0.6848 
Latency(us)/Energy(mJ): 349335 1573.45 79.9669 505.257 390.782 
Latency(us)/Energy(mJ): 3659 16.3641 0.841053 5.11997 4.1493 
Latency(us)/Energy(mJ): 89611 390.859 20.5213 110.463 102.944 
Latency(us)/Energy(mJ): 199 0.762909 0.0401162 0.21407 0.201457 
Latency(us)/Energy(mJ): 69404 304.761 15.8983 84.837 81.0345 
Latency(us)/Energy(mJ): 199 0.764909 0.0398735 0.212775 0.203546 
Latency(us)/Energy(mJ): 48509 215.06 11.111 60.0268 57.355 
Latency(us)/Energy(mJ): 135 0.647692 0.0334661 0.178583 0.170838 
Latency(us)/Energy(mJ): 873 3.69597 0.191412 1.02142 0.97712 
Latency(us)/Energy(mJ): 138530 698.011 31.719 220.394 181.832 
Latency(us)/Energy(mJ): 13 0.143634 0.00647612 0.0453611 0.0373862 
Latency(us)/Energy(mJ): 2 0 0 0 0 
Latency(us)/Energy(mJ): 61735 312.011 14.135 99.0068 81.6004 
Latency(us)/Energy(mJ): 14 0 0 0 0 
Latency(us)/Energy(mJ): 4 0.142459 0.00647154 0.045329 0.0373597 
Latency(us)/Energy(mJ): 15114 76.1597 3.45975 24.2333 19.9729 
Latency(us)/Energy(mJ): 136 0.741128 0.0336676 0.23582 0.19436 
0.5948 - "n02085620 Chihuahua"
0.0656 - "n02110806 basenji"
0.0383 - "n02113023 Pembroke, Pembroke Welsh corgi"
0.0311 - "n02091244 Ibizan hound, Ibizan Podenco"
0.0298 - "n02389026 sorrel"
