loading weight: /home/nvidia/caffe-build/models/bvlc_alexnet/bvlc_alexnet.caffemodel
loading prototxt: /home/nvidia/caffe-build/models/bvlc_alexnet/deploy.prototxt
---------- Prediction for /home/nvidia/Downloads/ILSVRC2012_img_train_t3/n02085620/n02085620_1152.JPEG ----------
Latency(us)/Energy(mJ): 0 0 0 0 0 
Latency(us)/Energy(mJ): 672 2.51083 0.161307 0.255451 0.863549 
Latency(us)/Energy(mJ): 90 0.34136 0.0393514 0.0328214 0.113586 
Latency(us)/Energy(mJ): 168 0.691954 0.0845337 0.0651157 0.225348 
Latency(us)/Energy(mJ): 162 0.710846 0.100835 0.0650622 0.228399 
Latency(us)/Energy(mJ): 1114 5.00712 0.908293 0.422519 1.55415 
Latency(us)/Energy(mJ): 87 0.413531 0.0914422 0.0326212 0.123036 
Latency(us)/Energy(mJ): 141 0.639249 0.149743 0.0498272 0.187931 
Latency(us)/Energy(mJ): 149 0.849015 0.205754 0.0651434 0.245698 
Latency(us)/Energy(mJ): 845 4.42439 1.14201 0.325725 1.26959 
Latency(us)/Energy(mJ): 93 0.46334 0.126937 0.032446 0.133786 
Latency(us)/Energy(mJ): 1213 7.03345 2.03372 0.455524 2.02255 
Latency(us)/Energy(mJ): 92 0.785706 0.238422 0.0476174 0.227089 
Latency(us)/Energy(mJ): 698 4.4046 1.36819 0.260452 1.27035 
Latency(us)/Energy(mJ): 87 0.563065 0.175633 0.0324993 0.161558 
Latency(us)/Energy(mJ): 104 0.864646 0.270717 0.0500939 0.248146 
Latency(us)/Energy(mJ): 1319 8.19126 2.45862 0.489341 2.38048 
Latency(us)/Energy(mJ): 95 0.807372 0.238299 0.0476098 0.242175 
Latency(us)/Energy(mJ): 2 0 0 0 0 
Latency(us)/Energy(mJ): 4726 36.7804 10.4422 1.8042 11.983 
Latency(us)/Energy(mJ): 95 0.750533 0.207852 0.0324688 0.255249 
Latency(us)/Energy(mJ): 1 0 0 0 0 
Latency(us)/Energy(mJ): 2049 18.7271 5.1879 0.7798 6.45193 
Latency(us)/Energy(mJ): 113 1.18062 0.323543 0.0475945 0.411112 
0.5948 - "n02085620 Chihuahua"
0.0656 - "n02110806 basenji"
0.0383 - "n02113023 Pembroke, Pembroke Welsh corgi"
0.0311 - "n02091244 Ibizan hound, Ibizan Podenco"
0.0298 - "n02389026 sorrel"
