loading weight: /home/nvidia/caffe-build/models/bvlc_alexnet/bvlc_alexnet.caffemodel
loading prototxt: /home/nvidia/caffe-build/models/bvlc_alexnet/deploy.prototxt
---------- Prediction for /home/nvidia/Downloads/ILSVRC2012_img_train_t3/n02085620/n02085620_1152.JPEG ----------
Latency(us)/Energy(mJ): 0 0 0 0 0 
Latency(us)/Energy(mJ): 221 0.876916 0.0300747 0.150967 0.303319 
Latency(us)/Energy(mJ): 21 0.12373 0.00420736 0.0211198 0.0424334 
Latency(us)/Energy(mJ): 44 0.202491 0.0103737 0.0345639 0.0694449 
Latency(us)/Energy(mJ): 41 0.124981 0.00640284 0.0213335 0.0427788 
Latency(us)/Energy(mJ): 1707 8.18414 0.725566 1.31666 2.66898 
Latency(us)/Energy(mJ): 20 0.138183 0.0168482 0.0210741 0.0438606 
Latency(us)/Energy(mJ): 36 0 0 0 0 
Latency(us)/Energy(mJ): 38 0.36692 0.0447374 0.0559584 0.116464 
Latency(us)/Energy(mJ): 2119 11.0915 1.73617 1.61407 3.36539 
Latency(us)/Energy(mJ): 21 0 0 0 0 
Latency(us)/Energy(mJ): 1569 9.05205 1.74474 1.20516 2.70619 
Latency(us)/Energy(mJ): 28 0.165287 0.0336752 0.0210435 0.0495888 
Latency(us)/Energy(mJ): 1151 7.16242 1.52019 0.887796 2.1612 
Latency(us)/Energy(mJ): 27 0 0 0 0 
Latency(us)/Energy(mJ): 33 0.45974 0.0999819 0.0555617 0.140688 
Latency(us)/Energy(mJ): 962 6.09713 1.3596 0.724774 1.87679 
Latency(us)/Energy(mJ): 24 0 0 0 0 
Latency(us)/Energy(mJ): 0 0.295843 0.0656977 0.0345944 0.092811 
Latency(us)/Energy(mJ): 5878 44.3506 9.31967 4.47191 15.0871 
Latency(us)/Energy(mJ): 24 0 0 0 0 
Latency(us)/Energy(mJ): 0 0 0 0 0 
Latency(us)/Energy(mJ): 2599 22.5611 4.53348 2.00237 8.16889 
Latency(us)/Energy(mJ): 30 0 0 0 0 
0.5948 - "n02085620 Chihuahua"
0.0656 - "n02110806 basenji"
0.0383 - "n02113023 Pembroke, Pembroke Welsh corgi"
0.0311 - "n02091244 Ibizan hound, Ibizan Podenco"
0.0298 - "n02389026 sorrel"
