loading weight: /home/nvidia/caffe-build/models/bvlc_alexnet/bvlc_alexnet.caffemodel
loading prototxt: /home/nvidia/caffe-build/models/bvlc_alexnet/deploy.prototxt
---------- Prediction for /home/nvidia/Downloads/ILSVRC2012_img_train_t3/n02085620/n02085620_1152.JPEG ----------
Latency(us)/Energy(mJ): 0 0 0 0 0 
Latency(us)/Energy(mJ): 349 1.00775 0.0347715 0.174745 0.350689 
Latency(us)/Energy(mJ): 31 0.32244 0.0166071 0.0553328 0.111173 
Latency(us)/Energy(mJ): 148 0.646948 0.0330905 0.104809 0.222518 
Latency(us)/Energy(mJ): 109 0.330346 0.0167811 0.0503434 0.113584 
Latency(us)/Energy(mJ): 1610 7.83461 0.752597 1.13432 2.58116 
Latency(us)/Energy(mJ): 26 0 0 0 0 
Latency(us)/Energy(mJ): 116 0.716573 0.088267 0.0994089 0.229784 
Latency(us)/Energy(mJ): 86 0.360287 0.0442738 0.0498625 0.115257 
Latency(us)/Energy(mJ): 1993 10.4212 1.68152 1.37863 3.19954 
Latency(us)/Energy(mJ): 27 0 0 0 0 
Latency(us)/Energy(mJ): 1616 9.18978 1.80509 1.11503 2.81055 
Latency(us)/Energy(mJ): 36 0.160706 0.0331624 0.0186589 0.0493497 
Latency(us)/Energy(mJ): 1169 7.0747 1.52646 0.800845 2.18348 
Latency(us)/Energy(mJ): 38 0.452339 0.0998171 0.0498722 0.139075 
Latency(us)/Energy(mJ): 44 0.282451 0.0619498 0.0309523 0.0871718 
Latency(us)/Energy(mJ): 1836 11.4232 2.49906 1.25781 3.57347 
Latency(us)/Energy(mJ): 35 0.282603 0.0589097 0.0311581 0.0903858 
Latency(us)/Energy(mJ): 1 0 0 0 0 
Latency(us)/Energy(mJ): 5902 42.6355 8.70945 4.04627 14.7927 
Latency(us)/Energy(mJ): 32 0 0 0 0 
Latency(us)/Energy(mJ): 0 0 0 0 0 
Latency(us)/Energy(mJ): 2627 21.7457 4.33985 1.60459 7.97965 
Latency(us)/Energy(mJ): 44 0.622006 0.122616 0.0446276 0.230966 
0.5948 - "n02085620 Chihuahua"
0.0656 - "n02110806 basenji"
0.0383 - "n02113023 Pembroke, Pembroke Welsh corgi"
0.0311 - "n02091244 Ibizan hound, Ibizan Podenco"
0.0298 - "n02389026 sorrel"
