loading weight: /home/nvidia/caffe-build/models/bvlc_alexnet/bvlc_alexnet.caffemodel
loading prototxt: /home/nvidia/caffe-build/models/bvlc_alexnet/deploy.prototxt
---------- Prediction for /home/nvidia/Downloads/ILSVRC2012_img_train_t3/n02085620/n02085620_1152.JPEG ----------
Latency(us)/Energy(mJ): 0 0 0 0 0 
Latency(us)/Energy(mJ): 372 1.78328 0.0565683 0.483064 0.520652 
Latency(us)/Energy(mJ): 25 0 0 0 0 
Latency(us)/Energy(mJ): 70 0.350025 0.0110565 0.0944165 0.101763 
Latency(us)/Energy(mJ): 57 0.348581 0.0110109 0.0940271 0.101344 
Latency(us)/Energy(mJ): 4151 20.8317 1.57898 5.22745 5.88414 
Latency(us)/Energy(mJ): 21 0 0 0 0 
Latency(us)/Energy(mJ): 48 0.37937 0.0390034 0.0892549 0.106346 
Latency(us)/Energy(mJ): 40 0 0 0 0 
Latency(us)/Energy(mJ): 5387 28.5691 3.63435 6.4324 7.77284 
Latency(us)/Energy(mJ): 24 0.241532 0.0344723 0.0517311 0.0657821 
Latency(us)/Energy(mJ): 3904 21.6524 3.17343 4.46747 6.00938 
Latency(us)/Energy(mJ): 42 0.257098 0.0379228 0.051754 0.072772 
Latency(us)/Energy(mJ): 2888 16.6496 2.62244 3.29822 4.73927 
Latency(us)/Energy(mJ): 41 0.264786 0.0414861 0.0519143 0.0754458 
Latency(us)/Energy(mJ): 50 0.163987 0.0256932 0.0321516 0.0467251 
Latency(us)/Energy(mJ): 2556 15.0719 2.36049 2.92996 4.3498 
Latency(us)/Energy(mJ): 27 0.713647 0.109654 0.137217 0.210918 
Latency(us)/Energy(mJ): 1 0 0 0 0 
Latency(us)/Energy(mJ): 13121 88.3009 12.3319 14.4335 29.2223 
Latency(us)/Energy(mJ): 29 0.32136 0.0412116 0.0481027 0.112014 
Latency(us)/Energy(mJ): 0 0 0 0 0 
Latency(us)/Energy(mJ): 5817 42.1805 5.31178 6.19997 14.8489 
Latency(us)/Energy(mJ): 34 0.332717 0.041358 0.0482736 0.11761 
0.5948 - "n02085620 Chihuahua"
0.0656 - "n02110806 basenji"
0.0383 - "n02113023 Pembroke, Pembroke Welsh corgi"
0.0311 - "n02091244 Ibizan hound, Ibizan Podenco"
0.0298 - "n02389026 sorrel"
