loading weight: /home/nvidia/caffe-build/models/bvlc_alexnet/bvlc_alexnet.caffemodel
loading prototxt: /home/nvidia/caffe-build/models/bvlc_alexnet/deploy.prototxt
---------- Prediction for /home/nvidia/Downloads/ILSVRC2012_img_train_t3/n02085620/n02085620_1152.JPEG ----------
Latency(us)/Energy(mJ): 0 0 0 0 0 
Latency(us)/Energy(mJ): 289 1.34942 0.0518303 0.394748 0.374848 
Latency(us)/Energy(mJ): 22 0.137954 0.00617384 0.039119 0.037717 
Latency(us)/Energy(mJ): 62 0.372521 0.0165017 0.104559 0.100812 
Latency(us)/Energy(mJ): 56 0.234457 0.0137677 0.0654981 0.0631509 
Latency(us)/Energy(mJ): 1072 6.09269 0.657181 1.58082 1.59399 
Latency(us)/Energy(mJ): 21 0.162836 0.0230893 0.039904 0.0416653 
Latency(us)/Energy(mJ): 45 0.269285 0.0413763 0.065569 0.0684631 
Latency(us)/Energy(mJ): 42 0.164001 0.0251991 0.039933 0.0416956 
Latency(us)/Energy(mJ): 1187 7.36035 1.43259 1.68626 1.79798 
Latency(us)/Energy(mJ): 36 0.48147 0.105458 0.105531 0.117176 
Latency(us)/Energy(mJ): 1051 7.51001 1.82379 1.53128 1.83103 
Latency(us)/Energy(mJ): 37 0.20559 0.052415 0.0377575 0.0499675 
Latency(us)/Energy(mJ): 705 5.38811 1.45613 0.960048 1.32126 
Latency(us)/Energy(mJ): 41 0.217999 0.0607583 0.0377026 0.0536135 
Latency(us)/Energy(mJ): 42 0.577484 0.160651 0.0996895 0.14176 
Latency(us)/Energy(mJ): 707 5.6283 1.58626 0.959494 1.38979 
Latency(us)/Energy(mJ): 29 0.223248 0.0628193 0.0377026 0.0562516 
Latency(us)/Energy(mJ): 1 0 0 0 0 
Latency(us)/Energy(mJ): 4733 44.0102 12.1661 6.36211 12.2932 
Latency(us)/Energy(mJ): 29 0.465705 0.127554 0.0586376 0.138602 
Latency(us)/Energy(mJ): 0 0 0 0 0 
Latency(us)/Energy(mJ): 2077 21.8651 5.97969 2.66879 6.61675 
Latency(us)/Energy(mJ): 36 0.791267 0.215655 0.094022 0.243266 
0.5948 - "n02085620 Chihuahua"
0.0656 - "n02110806 basenji"
0.0383 - "n02113023 Pembroke, Pembroke Welsh corgi"
0.0311 - "n02091244 Ibizan hound, Ibizan Podenco"
0.0298 - "n02389026 sorrel"
