loading weight: /home/nvidia/caffe-build/models/bvlc_alexnet/bvlc_alexnet.caffemodel
loading prototxt: /home/nvidia/caffe-build/models/bvlc_alexnet/deploy.prototxt
---------- Prediction for /home/nvidia/Downloads/ILSVRC2012_img_train_t3/n02085620/n02085620_1152.JPEG ----------
Latency(us)/Energy(mJ): 0 0 0 0 0 
Latency(us)/Energy(mJ): 250 1.23293 0.0395271 0.426171 0.325212 
Latency(us)/Energy(mJ): 21 0.25268 0.0103829 0.0865087 0.066015 
Latency(us)/Energy(mJ): 55 0.152731 0.00623338 0.0519358 0.0401495 
Latency(us)/Energy(mJ): 45 0.408085 0.0221247 0.138406 0.106996 
Latency(us)/Energy(mJ): 1236 7.30745 0.657982 2.29473 1.86144 
Latency(us)/Energy(mJ): 20 0 0 0 0 
Latency(us)/Energy(mJ): 39 0.449006 0.0552717 0.132638 0.112946 
Latency(us)/Energy(mJ): 36 0 0 0 0 
Latency(us)/Energy(mJ): 1473 9.7211 1.54404 2.7279 2.36945 
Latency(us)/Energy(mJ): 22 0.184249 0.0332816 0.0478764 0.0444391 
Latency(us)/Energy(mJ): 1179 8.17876 1.64293 2.03345 2.01146 
Latency(us)/Energy(mJ): 36 0.532539 0.116201 0.127305 0.132423 
Latency(us)/Energy(mJ): 806 6.01765 1.34691 1.39714 1.50533 
Latency(us)/Energy(mJ): 35 0.349829 0.0792005 0.0792005 0.0881462 
Latency(us)/Energy(mJ): 37 0.210919 0.0477517 0.0477517 0.0531452 
Latency(us)/Energy(mJ): 677 5.13041 1.19342 1.10466 1.29731 
Latency(us)/Energy(mJ): 25 0.360016 0.0826428 0.0757333 0.0924425 
Latency(us)/Energy(mJ): 1 0 0 0 0 
Latency(us)/Energy(mJ): 4927 44.9841 10.3457 8.12239 12.9161 
Latency(us)/Energy(mJ): 25 0 0 0 0 
Latency(us)/Energy(mJ): 0 0 0 0 0 
Latency(us)/Energy(mJ): 2169 22.2923 5.04999 3.47532 6.97491 
Latency(us)/Energy(mJ): 34 0.476317 0.10653 0.0721789 0.151129 
0.5948 - "n02085620 Chihuahua"
0.0656 - "n02110806 basenji"
0.0383 - "n02113023 Pembroke, Pembroke Welsh corgi"
0.0311 - "n02091244 Ibizan hound, Ibizan Podenco"
0.0298 - "n02389026 sorrel"
