loading weight: /home/nvidia/caffe-build/models/bvlc_alexnet/bvlc_alexnet.caffemodel
loading prototxt: /home/nvidia/caffe-build/models/bvlc_alexnet/deploy.prototxt
---------- Prediction for /home/nvidia/caffe-build/examples/images/cat.jpg ----------
Latency(us)/Energy(mJ): 2 0 0 0 0 
Latency(us)/Energy(mJ): 29325 41.1326 5.10639 6.67688 6.43709 
Latency(us)/Energy(mJ): 341 0.553693 0.122087 0.0731884 0.0977976 
Latency(us)/Energy(mJ): 6025 9.91133 2.1297 1.31869 1.71586 
Latency(us)/Energy(mJ): 1853 3.60585 0.754607 0.478221 0.642903 
Latency(us)/Energy(mJ): 12897 24.3522 5.82487 2.98906 4.43288 
Latency(us)/Energy(mJ): 362 0.922271 0.267954 0.100428 0.176297 
Latency(us)/Energy(mJ): 3704 7.03438 1.96735 0.779699 1.3162 
Latency(us)/Energy(mJ): 1602 3.79723 1.00168 0.428757 0.717091 
Latency(us)/Energy(mJ): 7205 15.0753 4.26807 1.67471 2.80094 
Latency(us)/Energy(mJ): 311 0.721191 0.229104 0.076257 0.127539 
Latency(us)/Energy(mJ): 6405 13.6263 4.28792 1.45499 2.40123 
Latency(us)/Energy(mJ): 327 0.952492 0.323936 0.097096 0.162392 
Latency(us)/Energy(mJ): 6351 13.6847 4.44064 1.43479 2.29244 
Latency(us)/Energy(mJ): 318 0.938345 0.323363 0.0969243 0.154063 
Latency(us)/Energy(mJ): 468 0.92671 0.299359 0.0969701 0.154136 
Latency(us)/Energy(mJ): 39088 68.8453 16.3049 8.96491 11.3006 
Latency(us)/Energy(mJ): 330 0.760768 0.139281 0.0990425 0.15317 
Latency(us)/Energy(mJ): 7 0 0 0 0 
Latency(us)/Energy(mJ): 32833 77.4299 18.9212 7.5149 19.47 
Latency(us)/Energy(mJ): 360 1.16179 0.298695 0.0994204 0.316061 
Latency(us)/Energy(mJ): 2 0 0 0 0 
Latency(us)/Energy(mJ): 14401 39.8045 10.5065 3.30485 10.8719 
Latency(us)/Energy(mJ): 2226 6.31847 1.71247 0.513292 1.72714 
0.3094 - "n02124075 Egyptian cat"
0.1761 - "n02123159 tiger cat"
0.1221 - "n02123045 tabby, tabby cat"
0.1132 - "n02119022 red fox, Vulpes vulpes"
0.0421 - "n02085620 Chihuahua"
