loading weight: /home/nvidia/caffe-build/models/bvlc_alexnet/bvlc_alexnet.caffemodel
loading prototxt: /home/nvidia/caffe-build/models/bvlc_alexnet/deploy.prototxt
---------- Prediction for /home/nvidia/Downloads/ILSVRC2012_img_train_t3/n02085620/n02085620_1152.JPEG ----------
Latency(us)/Energy(mJ): 0 0 0 0 0 
Latency(us)/Energy(mJ): 352 1.85499 0.0519931 0.626654 0.498039 
Latency(us)/Energy(mJ): 21 0.148048 0.0041496 0.0500136 0.0397488 
Latency(us)/Energy(mJ): 62 0.24512 0.0068704 0.0828064 0.0658112 
Latency(us)/Energy(mJ): 49 0.393059 0.011017 0.132783 0.105531 
Latency(us)/Energy(mJ): 4141 23.0097 1.55829 7.26664 5.98383 
Latency(us)/Energy(mJ): 20 0.156091 0.0145568 0.0457695 0.0402085 
Latency(us)/Energy(mJ): 42 0.258586 0.0241154 0.0758236 0.066611 
Latency(us)/Energy(mJ): 39 0.155862 0.0145355 0.0457024 0.0401495 
Latency(us)/Energy(mJ): 5410 31.431 3.6723 8.98193 7.91699 
Latency(us)/Energy(mJ): 26 0 0 0 0 
Latency(us)/Energy(mJ): 3903 23.5592 3.19991 6.27093 6.06289 
Latency(us)/Energy(mJ): 34 0.280259 0.0414678 0.0726026 0.0729652 
Latency(us)/Energy(mJ): 2872 17.8354 2.61015 4.4818 4.70997 
Latency(us)/Energy(mJ): 36 0.284589 0.0413397 0.0689447 0.0760379 
Latency(us)/Energy(mJ): 40 0.171711 0.0249429 0.0415988 0.0458786 
Latency(us)/Energy(mJ): 2568 16.4068 2.41336 3.93763 4.39934 
Latency(us)/Energy(mJ): 24 0.174818 0.0249429 0.0415988 0.0479776 
Latency(us)/Energy(mJ): 1 0 0 0 0 
Latency(us)/Energy(mJ): 13192 94.8776 12.5616 20.1515 29.437 
Latency(us)/Energy(mJ): 26 0.2066 0.0249063 0.0415105 0.0676961 
Latency(us)/Energy(mJ): 0 0 0 0 0 
Latency(us)/Energy(mJ): 5826 44.7351 5.30339 8.83899 14.8674 
Latency(us)/Energy(mJ): 33 0.354191 0.0416508 0.069418 0.119308 
0.5948 - "n02085620 Chihuahua"
0.0656 - "n02110806 basenji"
0.0383 - "n02113023 Pembroke, Pembroke Welsh corgi"
0.0311 - "n02091244 Ibizan hound, Ibizan Podenco"
0.0298 - "n02389026 sorrel"
