loading weight: /home/nvidia/caffe-build/models/bvlc_alexnet/bvlc_alexnet.caffemodel
loading prototxt: /home/nvidia/caffe-build/models/bvlc_alexnet/deploy.prototxt
---------- Prediction for /home/nvidia/Downloads/ILSVRC2012_img_train_t3/n02085620/n02085620_1152.JPEG ----------
Latency(us)/Energy(mJ): 0 0 0 0 0 
Latency(us)/Energy(mJ): 667 2.42901 0.21809 0.152519 0.864208 
Latency(us)/Energy(mJ): 87 0.339836 0.0519961 0.0194879 0.112502 
Latency(us)/Energy(mJ): 170 0.707844 0.124932 0.0394521 0.230271 
Latency(us)/Energy(mJ): 167 0.732217 0.143993 0.0392552 0.233306 
Latency(us)/Energy(mJ): 924 4.20754 1.02715 0.206118 1.27392 
Latency(us)/Energy(mJ): 85 0.44095 0.131139 0.0196665 0.12341 
Latency(us)/Energy(mJ): 142 0.904574 0.282797 0.0394567 0.250869 
Latency(us)/Energy(mJ): 150 0.710529 0.228732 0.0302921 0.19345 
Latency(us)/Energy(mJ): 583 3.35183 1.10638 0.138298 0.912602 
Latency(us)/Energy(mJ): 90 0.501084 0.17307 0.0195795 0.13518 
Latency(us)/Energy(mJ): 1059 6.90284 2.53439 0.245497 1.84504 
Latency(us)/Energy(mJ): 85 0.595742 0.229727 0.0196171 0.158055 
Latency(us)/Energy(mJ): 689 4.89414 1.90017 0.158364 1.28904 
Latency(us)/Energy(mJ): 85 0.613453 0.239954 0.0193937 0.161104 
Latency(us)/Energy(mJ): 104 0.611697 0.239898 0.0193891 0.15945 
Latency(us)/Energy(mJ): 1280 8.92718 3.38714 0.29324 2.37707 
Latency(us)/Energy(mJ): 94 0.605386 0.224243 0.0197174 0.167079 
Latency(us)/Energy(mJ): 2 0 0 0 0 
Latency(us)/Energy(mJ): 4471 37.7978 13.5529 1.01899 11.2718 
Latency(us)/Energy(mJ): 92 1.22182 0.424189 0.0288557 0.380952 
Latency(us)/Energy(mJ): 1 0 0 0 0 
Latency(us)/Energy(mJ): 1977 19.8452 6.92335 0.450847 6.26615 
Latency(us)/Energy(mJ): 111 0.885329 0.30579 0.0194803 0.282806 
0.5948 - "n02085620 Chihuahua"
0.0656 - "n02110806 basenji"
0.0383 - "n02113023 Pembroke, Pembroke Welsh corgi"
0.0311 - "n02091244 Ibizan hound, Ibizan Podenco"
0.0298 - "n02389026 sorrel"
