loading weight: /home/nvidia/caffe-build/models/bvlc_alexnet/bvlc_alexnet.caffemodel
loading prototxt: /home/nvidia/caffe-build/models/bvlc_alexnet/deploy.prototxt
---------- Prediction for /home/nvidia/Downloads/ILSVRC2012_img_train_t3/n02085620/n02085620_1152.JPEG ----------
Latency(us)/Energy(mJ): 0 0 0 0 0 
Latency(us)/Energy(mJ): 234 0.980342 0.0406924 0.140836 0.34514 
Latency(us)/Energy(mJ): 24 0 0 0 0 
Latency(us)/Energy(mJ): 54 0.321185 0.0170376 0.0454584 0.112642 
Latency(us)/Energy(mJ): 49 0.197891 0.0138592 0.0277638 0.0687962 
Latency(us)/Energy(mJ): 1249 5.87211 0.667727 0.767294 1.94356 
Latency(us)/Energy(mJ): 23 0.14197 0.0218218 0.0174746 0.0454168 
Latency(us)/Energy(mJ): 42 0.22616 0.0347623 0.0278372 0.0723493 
Latency(us)/Energy(mJ): 43 0.143986 0.0219591 0.0175846 0.0462495 
Latency(us)/Energy(mJ): 1458 7.81013 1.52725 0.900132 2.38173 
Latency(us)/Energy(mJ): 25 0 0 0 0 
Latency(us)/Energy(mJ): 1166 7.00293 1.65421 0.720276 2.09113 
Latency(us)/Energy(mJ): 32 0.285206 0.0729871 0.0277916 0.085425 
Latency(us)/Energy(mJ): 814 5.25841 1.38846 0.494832 1.57379 
Latency(us)/Energy(mJ): 32 0.19059 0.0522282 0.0174094 0.0573369 
Latency(us)/Energy(mJ): 40 0.30238 0.0828624 0.0276208 0.0909675 
Latency(us)/Energy(mJ): 649 4.25564 1.17766 0.381165 1.28465 
Latency(us)/Energy(mJ): 29 0.314053 0.0862345 0.0275842 0.0960473 
Latency(us)/Energy(mJ): 0 0 0 0 0 
Latency(us)/Energy(mJ): 4867 39.2664 10.2402 2.96833 12.9502 
Latency(us)/Energy(mJ): 28 0.256973 0.0655338 0.0174661 0.088908 
Latency(us)/Energy(mJ): 0 0 0 0 0 
Latency(us)/Energy(mJ): 2215 20.4676 5.16733 1.34734 7.15945 
Latency(us)/Energy(mJ): 36 0.43099 0.107237 0.0276608 0.152066 
0.5948 - "n02085620 Chihuahua"
0.0656 - "n02110806 basenji"
0.0383 - "n02113023 Pembroke, Pembroke Welsh corgi"
0.0311 - "n02091244 Ibizan hound, Ibizan Podenco"
0.0298 - "n02389026 sorrel"
