loading weight: /home/nvidia/caffe-build/models/bvlc_alexnet/bvlc_alexnet.caffemodel
loading prototxt: /home/nvidia/caffe-build/models/bvlc_alexnet/deploy.prototxt
---------- Prediction for /home/nvidia/Downloads/ILSVRC2012_img_train_t3/n02085620/n02085620_1152.JPEG ----------
Latency(us)/Energy(mJ): 0 0 0 0 0 
Latency(us)/Energy(mJ): 657 2.15448 0.115482 0.170983 0.78861 
Latency(us)/Energy(mJ): 64 0.124742 0.0118491 0.0094855 0.0440998 
Latency(us)/Energy(mJ): 301 1.42724 0.154647 0.10528 0.493751 
Latency(us)/Energy(mJ): 219 0.772177 0.107543 0.0548329 0.261192 
Latency(us)/Energy(mJ): 963 4.49508 0.757256 0.299608 1.48109 
Latency(us)/Energy(mJ): 62 0.362344 0.0746976 0.0229665 0.115435 
Latency(us)/Energy(mJ): 218 1.11085 0.235929 0.0689849 0.350177 
Latency(us)/Energy(mJ): 182 0.751868 0.171819 0.0457683 0.232893 
Latency(us)/Energy(mJ): 918 4.95628 1.22808 0.288707 1.50415 
Latency(us)/Energy(mJ): 70 0.415526 0.109881 0.0231129 0.125504 
Latency(us)/Energy(mJ): 1219 7.2402 2.03592 0.375333 2.17695 
Latency(us)/Energy(mJ): 75 0.476511 0.139376 0.0232166 0.142725 
Latency(us)/Energy(mJ): 730 4.68901 1.42278 0.221796 1.40227 
Latency(us)/Energy(mJ): 64 0.504605 0.155949 0.0231007 0.150723 
Latency(us)/Energy(mJ): 77 0.508011 0.157184 0.0232837 0.150466 
Latency(us)/Energy(mJ): 3041 18.6331 5.31119 0.920716 5.65626 
Latency(us)/Energy(mJ): 71 0.455758 0.122297 0.0232837 0.144588 
Latency(us)/Energy(mJ): 2 0 0 0 0 
Latency(us)/Energy(mJ): 4823 35.2734 9.47207 1.47408 11.8651 
Latency(us)/Energy(mJ): 73 0.638159 0.173919 0.0232044 0.222686 
Latency(us)/Energy(mJ): 0 0 0 0 0 
Latency(us)/Energy(mJ): 2068 18.2652 4.93722 0.634044 6.44124 
Latency(us)/Energy(mJ): 91 0.693059 0.185434 0.0231222 0.247423 
0.5948 - "n02085620 Chihuahua"
0.0656 - "n02110806 basenji"
0.0383 - "n02113023 Pembroke, Pembroke Welsh corgi"
0.0311 - "n02091244 Ibizan hound, Ibizan Podenco"
0.0298 - "n02389026 sorrel"
