loading weight: /home/nvidia/caffe-build/models/bvlc_alexnet/bvlc_alexnet.caffemodel
loading prototxt: /home/nvidia/caffe-build/models/bvlc_alexnet/deploy.prototxt
---------- Prediction for /home/nvidia/caffe-build/examples/images/cat.jpg ----------
Latency(us)/Energy(mJ): 0 0 0 0 0 
Latency(us)/Energy(mJ): 3458 8.31582 0.677358 2.08699 1.84427 
Latency(us)/Energy(mJ): 42 0.275407 0.0398808 0.0637884 0.0620136 
Latency(us)/Energy(mJ): 369 0.880939 0.125754 0.201141 0.199685 
Latency(us)/Energy(mJ): 176 0.579946 0.08213 0.131365 0.131795 
Latency(us)/Energy(mJ): 3208 9.13092 1.59009 1.91216 2.08735 
Latency(us)/Energy(mJ): 54 0.358686 0.0786272 0.069929 0.081145 
Latency(us)/Energy(mJ): 284 1.00636 0.219634 0.195337 0.228599 
Latency(us)/Energy(mJ): 121 0.368111 0.0797264 0.0709065 0.0844844 
Latency(us)/Energy(mJ): 2347 7.76204 1.81879 1.4543 1.76159 
Latency(us)/Energy(mJ): 48 0 0 0 0 
Latency(us)/Energy(mJ): 1791 6.31031 1.713 1.12024 1.36959 
Latency(us)/Energy(mJ): 43 0 0 0 0 
Latency(us)/Energy(mJ): 1531 5.43487 1.60171 0.930003 1.13701 
Latency(us)/Energy(mJ): 38 0.409032 0.120423 0.0688291 0.0841495 
Latency(us)/Energy(mJ): 61 0 0 0 0 
Latency(us)/Energy(mJ): 2399 8.54648 2.52667 1.45348 1.82096 
Latency(us)/Energy(mJ): 40 0.373117 0.108771 0.0621692 0.083842 
Latency(us)/Energy(mJ): 2 0 0 0 0 
Latency(us)/Energy(mJ): 8710 36.8938 10.3359 4.95312 9.87539 
Latency(us)/Energy(mJ): 61 0.469475 0.128697 0.0529461 0.138711 
Latency(us)/Energy(mJ): 1 0 0 0 0 
Latency(us)/Energy(mJ): 3642 17.8497 4.85919 1.93941 5.42652 
Latency(us)/Energy(mJ): 325 1.66567 0.449435 0.174671 0.519435 
0.3094 - "n02124075 Egyptian cat"
0.1761 - "n02123159 tiger cat"
0.1221 - "n02123045 tabby, tabby cat"
0.1132 - "n02119022 red fox, Vulpes vulpes"
0.0421 - "n02085620 Chihuahua"
