loading weight: /home/nvidia/caffe-build/models/bvlc_alexnet/bvlc_alexnet.caffemodel
loading prototxt: /home/nvidia/caffe-build/models/bvlc_alexnet/deploy.prototxt
---------- Prediction for /home/nvidia/Downloads/ILSVRC2012_img_train_t3/n02085620/n02085620_1152.JPEG ----------
Latency(us)/Energy(mJ): 0 0 0 0 0 
Latency(us)/Energy(mJ): 268 0.959951 0.0409374 0.123877 0.342113 
Latency(us)/Energy(mJ): 31 0.18993 0.0103508 0.0241368 0.06667 
Latency(us)/Energy(mJ): 63 0.315851 0.0206115 0.0399112 0.111598 
Latency(us)/Energy(mJ): 58 0.315969 0.0226005 0.0395694 0.110644 
Latency(us)/Energy(mJ): 1250 5.57821 0.66991 0.649985 1.86235 
Latency(us)/Energy(mJ): 29 0.219899 0.0345944 0.0242116 0.0711385 
Latency(us)/Energy(mJ): 50 0.144098 0.0224932 0.0157423 0.0462541 
Latency(us)/Energy(mJ): 53 0.369044 0.0576065 0.040317 0.118459 
Latency(us)/Energy(mJ): 1409 7.32116 1.47089 0.752534 2.24698 
Latency(us)/Energy(mJ): 33 0.247383 0.0553113 0.0241902 0.0745185 
Latency(us)/Energy(mJ): 1183 6.90641 1.68847 0.634691 2.08559 
Latency(us)/Energy(mJ): 38 0.179209 0.0470027 0.0156676 0.0538976 
Latency(us)/Energy(mJ): 806 5.19171 1.39437 0.436812 1.56687 
Latency(us)/Energy(mJ): 36 0 0 0 0 
Latency(us)/Energy(mJ): 47 0.488667 0.136738 0.0399005 0.147273 
Latency(us)/Energy(mJ): 681 4.47493 1.23636 0.359104 1.35035 
Latency(us)/Energy(mJ): 35 0.307307 0.083265 0.024297 0.094003 
Latency(us)/Energy(mJ): 1 0 0 0 0 
Latency(us)/Energy(mJ): 4933 38.89 10.2831 2.62424 12.8911 
Latency(us)/Energy(mJ): 35 0.401071 0.104104 0.0242728 0.139398 
Latency(us)/Energy(mJ): 0 0 0 0 0 
Latency(us)/Energy(mJ): 2175 19.8638 5.05584 1.16092 6.98711 
Latency(us)/Energy(mJ): 45 0.42975 0.108228 0.0244327 0.152601 
0.5948 - "n02085620 Chihuahua"
0.0656 - "n02110806 basenji"
0.0383 - "n02113023 Pembroke, Pembroke Welsh corgi"
0.0311 - "n02091244 Ibizan hound, Ibizan Podenco"
0.0298 - "n02389026 sorrel"
