loading weight: /home/nvidia/caffe-build/models/bvlc_alexnet/bvlc_alexnet.caffemodel
loading prototxt: /home/nvidia/caffe-build/models/bvlc_alexnet/deploy.prototxt
---------- Prediction for /home/nvidia/caffe-build/examples/images/cat.jpg ----------
Latency(us)/Energy(mJ): 0 0 0 0 0 
Latency(us)/Energy(mJ): 4183 9.28958 0.804689 1.59525 2.54212 
Latency(us)/Energy(mJ): 42 0 0 0 0 
Latency(us)/Energy(mJ): 325 0.955543 0.148025 0.148025 0.258111 
Latency(us)/Energy(mJ): 125 0.200167 0.0307701 0.0307701 0.0539685 
Latency(us)/Energy(mJ): 3291 8.76966 1.6457 1.23445 2.34882 
Latency(us)/Energy(mJ): 40 0.333883 0.0780536 0.0433379 0.0869027 
Latency(us)/Energy(mJ): 230 0.799676 0.185932 0.103235 0.207011 
Latency(us)/Energy(mJ): 109 0.340877 0.0786728 0.0436817 0.0897648 
Latency(us)/Energy(mJ): 2355 7.26012 1.80885 0.90024 1.86513 
Latency(us)/Energy(mJ): 35 0 0 0 0 
Latency(us)/Energy(mJ): 1693 5.57291 1.58686 0.653277 1.37667 
Latency(us)/Energy(mJ): 36 0 0 0 0 
Latency(us)/Energy(mJ): 1467 5.1519 1.58846 0.581079 1.22453 
Latency(us)/Energy(mJ): 36 0 0 0 0 
Latency(us)/Energy(mJ): 54 0 0 0 0 
Latency(us)/Energy(mJ): 2103 7.57376 2.36848 0.846359 1.82561 
Latency(us)/Energy(mJ): 42 0 0 0 0 
Latency(us)/Energy(mJ): 1 0 0 0 0 
Latency(us)/Energy(mJ): 8685 35.2897 10.2731 3.29762 10.2093 
Latency(us)/Energy(mJ): 40 0.52441 0.148491 0.0435864 0.164393 
Latency(us)/Energy(mJ): 0 0 0 0 0 
Latency(us)/Energy(mJ): 3741 17.5262 4.93198 1.40364 5.62396 
Latency(us)/Energy(mJ): 251 1.50588 0.420032 0.116472 0.493422 
0.3094 - "n02124075 Egyptian cat"
0.1761 - "n02123159 tiger cat"
0.1221 - "n02123045 tabby, tabby cat"
0.1132 - "n02119022 red fox, Vulpes vulpes"
0.0421 - "n02085620 Chihuahua"
