loading weight: /home/nvidia/caffe-build/models/bvlc_alexnet/bvlc_alexnet.caffemodel
loading prototxt: /home/nvidia/caffe-build/models/bvlc_alexnet/deploy.prototxt
---------- Prediction for /home/nvidia/caffe-build/examples/images/cat.jpg ----------
Latency(us)/Energy(mJ): 3 0 0 0 0 
Latency(us)/Energy(mJ): 11193 26.3951 2.2484 9.42315 4.5528 
Latency(us)/Energy(mJ): 35 0 0 0 0 
Latency(us)/Energy(mJ): 565 1.42587 0.177723 0.490051 0.254854 
Latency(us)/Energy(mJ): 228 0.684121 0.0839665 0.231527 0.121132 
Latency(us)/Energy(mJ): 15746 40.246 5.77808 12.2211 7.21896 
Latency(us)/Energy(mJ): 33 0 0 0 0 
Latency(us)/Energy(mJ): 419 1.31623 0.229801 0.383337 0.230805 
Latency(us)/Energy(mJ): 169 0.512168 0.0889207 0.148331 0.089309 
Latency(us)/Energy(mJ): 11622 30.4014 5.3294 8.89009 5.25421 
Latency(us)/Energy(mJ): 41 0 0 0 0 
Latency(us)/Energy(mJ): 8635 22.4094 4.38086 6.58492 3.55697 
Latency(us)/Energy(mJ): 35 0.29445 0.0605888 0.086523 0.0455265 
Latency(us)/Energy(mJ): 6129 15.8558 3.26264 4.65918 2.44941 
Latency(us)/Energy(mJ): 35 0 0 0 0 
Latency(us)/Energy(mJ): 58 0.30017 0.0617657 0.0882038 0.0442174 
Latency(us)/Energy(mJ): 7255 18.7184 3.41591 5.51325 2.96837 
Latency(us)/Energy(mJ): 38 0.215129 0.0373499 0.0623042 0.037513 
Latency(us)/Energy(mJ): 6 0 0 0 0 
Latency(us)/Energy(mJ): 36140 103.669 16.5685 26.1422 22.4126 
Latency(us)/Energy(mJ): 37 0 0 0 0 
Latency(us)/Energy(mJ): 2 0 0 0 0 
Latency(us)/Energy(mJ): 15505 46.7026 7.12579 10.7042 11.296 
Latency(us)/Energy(mJ): 241 0.584629 0.0886917 0.133231 0.144657 
0.3094 - "n02124075 Egyptian cat"
0.1761 - "n02123159 tiger cat"
0.1221 - "n02123045 tabby, tabby cat"
0.1132 - "n02119022 red fox, Vulpes vulpes"
0.0421 - "n02085620 Chihuahua"
