loading weight: /home/nvidia/caffe-build/models/bvlc_alexnet/bvlc_alexnet.caffemodel
loading prototxt: /home/nvidia/caffe-build/models/bvlc_alexnet/deploy.prototxt
---------- Prediction for /home/nvidia/caffe-build/examples/images/cat.jpg ----------
Latency(us)/Energy(mJ): 0 0 0 0 0 
Latency(us)/Energy(mJ): 2476 10.6939 0.515248 2.63407 3.45213 
Latency(us)/Energy(mJ): 25 0 0 0 0 
Latency(us)/Energy(mJ): 215 0.848986 0.0715137 0.200651 0.271142 
Latency(us)/Energy(mJ): 89 0.515971 0.0432435 0.121331 0.165256 
Latency(us)/Energy(mJ): 2437 11.631 1.22253 2.60788 3.65486 
Latency(us)/Energy(mJ): 32 0.372723 0.0511815 0.0796405 0.114209 
Latency(us)/Energy(mJ): 204 0.941565 0.129293 0.201186 0.288511 
Latency(us)/Energy(mJ): 78 0.569592 0.078215 0.121706 0.174532 
Latency(us)/Energy(mJ): 1821 9.0145 1.35859 1.88379 2.74416 
Latency(us)/Energy(mJ): 23 0 0 0 0 
Latency(us)/Energy(mJ): 1519 8.54598 1.53337 1.72232 2.53222 
Latency(us)/Energy(mJ): 25 0 0 0 0 
Latency(us)/Energy(mJ): 1118 6.09388 1.18028 1.13454 1.78528 
Latency(us)/Energy(mJ): 24 0 0 0 0 
Latency(us)/Energy(mJ): 33 0.40995 0.0796194 0.0739536 0.118535 
Latency(us)/Energy(mJ): 1416 7.83528 1.52505 1.41653 2.28686 
Latency(us)/Energy(mJ): 22 0 0 0 0 
Latency(us)/Energy(mJ): 3 0 0 0 0 
Latency(us)/Energy(mJ): 4984 30.8043 6.32632 4.90956 9.54809 
Latency(us)/Energy(mJ): 24 0.77293 0.164896 0.11289 0.248198 
Latency(us)/Energy(mJ): 1 0 0 0 0 
Latency(us)/Energy(mJ): 2154 15.0007 3.19216 2.11282 4.8704 
Latency(us)/Energy(mJ): 173 1.35575 0.299574 0.185317 0.447304 
0.3094 - "n02124075 Egyptian cat"
0.1761 - "n02123159 tiger cat"
0.1221 - "n02123045 tabby, tabby cat"
0.1132 - "n02119022 red fox, Vulpes vulpes"
0.0421 - "n02085620 Chihuahua"
