loading weight: /home/nvidia/caffe-build/models/bvlc_alexnet/bvlc_alexnet.caffemodel
loading prototxt: /home/nvidia/caffe-build/models/bvlc_alexnet/deploy.prototxt
---------- Prediction for /home/nvidia/Downloads/ILSVRC2012_img_train_t3/n02085620/n02085620_1152.JPEG ----------
Latency(us)/Energy(mJ): 0 0 0 0 0 
Latency(us)/Energy(mJ): 570 2.04071 0.155046 0.166542 0.72737 
Latency(us)/Energy(mJ): 76 0.325755 0.0407897 0.0248758 0.110922 
Latency(us)/Energy(mJ): 143 0.674527 0.10324 0.0498126 0.222115 
Latency(us)/Energy(mJ): 138 0.506641 0.090391 0.036112 0.163392 
Latency(us)/Energy(mJ): 947 4.41462 0.980997 0.287853 1.35857 
Latency(us)/Energy(mJ): 74 0.421846 0.116286 0.0250405 0.121097 
Latency(us)/Energy(mJ): 118 0.614196 0.177303 0.0359656 0.173932 
Latency(us)/Energy(mJ): 130 0.874316 0.265005 0.049898 0.242961 
Latency(us)/Energy(mJ): 665 3.6477 1.17551 0.198976 0.997589 
Latency(us)/Energy(mJ): 81 0.484596 0.162609 0.0249978 0.131956 
Latency(us)/Energy(mJ): 1041 6.82289 2.4695 0.310192 1.83064 
Latency(us)/Energy(mJ): 82 0.568507 0.218032 0.0249063 0.150698 
Latency(us)/Energy(mJ): 600 4.11355 1.58236 0.143238 1.08076 
Latency(us)/Energy(mJ): 77 0.599135 0.2357 0.0248148 0.156499 
Latency(us)/Energy(mJ): 91 0.604373 0.238307 0.0222742 0.157363 
Latency(us)/Energy(mJ): 1091 7.86781 3.00326 0.27564 2.08489 
Latency(us)/Energy(mJ): 86 0.85 0.31445 0.0296595 0.232263 
Latency(us)/Energy(mJ): 1 0 0 0 0 
Latency(us)/Energy(mJ): 4538 38.8884 14.0041 1.26988 11.5587 
Latency(us)/Energy(mJ): 84 0.868789 0.306374 0.0271776 0.270947 
Latency(us)/Energy(mJ): 1 0.447605 0.157231 0.0139475 0.139567 
Latency(us)/Energy(mJ): 1959 19.7498 6.92682 0.510665 6.24497 
Latency(us)/Energy(mJ): 102 1.2324 0.432021 0.0269496 0.395048 
0.5948 - "n02085620 Chihuahua"
0.0656 - "n02110806 basenji"
0.0383 - "n02113023 Pembroke, Pembroke Welsh corgi"
0.0311 - "n02091244 Ibizan hound, Ibizan Podenco"
0.0298 - "n02389026 sorrel"
