loading weight: /home/nvidia/caffe-build/models/bvlc_alexnet/bvlc_alexnet.caffemodel
loading prototxt: /home/nvidia/caffe-build/models/bvlc_alexnet/deploy.prototxt
---------- Prediction for /home/nvidia/Downloads/ILSVRC2012_img_train_t3/n02085620/n02085620_1152.JPEG ----------
Latency(us)/Energy(mJ): 0 0 0 0 0 
Latency(us)/Energy(mJ): 744 3.01299 0.178439 0.503722 0.950305 
Latency(us)/Energy(mJ): 76 0.317567 0.0333974 0.050096 0.0964002 
Latency(us)/Energy(mJ): 138 0.645102 0.0723946 0.100275 0.193486 
Latency(us)/Energy(mJ): 169 0.865911 0.111144 0.131286 0.256265 
Latency(us)/Energy(mJ): 1077 5.09143 0.845725 0.719825 1.47362 
Latency(us)/Energy(mJ): 78 0.609707 0.125383 0.0806538 0.167319 
Latency(us)/Energy(mJ): 122 0.521968 0.111549 0.0681779 0.142608 
Latency(us)/Energy(mJ): 136 0.783366 0.173927 0.10103 0.211325 
Latency(us)/Energy(mJ): 875 4.83704 1.15359 0.600081 1.28824 
Latency(us)/Energy(mJ): 89 0.682858 0.173636 0.0806538 0.183056 
Latency(us)/Energy(mJ): 1220 7.46643 2.04357 0.818275 2.01237 
Latency(us)/Energy(mJ): 79 0.487303 0.139974 0.0503524 0.132501 
Latency(us)/Energy(mJ): 697 4.92204 1.45618 0.49805 1.34383 
Latency(us)/Energy(mJ): 76 0.508972 0.151748 0.0505582 0.139588 
Latency(us)/Energy(mJ): 90 0.813241 0.243291 0.0810578 0.22155 
Latency(us)/Energy(mJ): 1166 7.8265 2.26275 0.799725 2.16533 
Latency(us)/Energy(mJ): 91 0.68659 0.191997 0.0690665 0.195899 
Latency(us)/Energy(mJ): 4 0 0 0 0 
Latency(us)/Energy(mJ): 4748 38.3793 10.5656 3.24869 11.9862 
Latency(us)/Energy(mJ): 97 1.07584 0.287977 0.0810303 0.354832 
Latency(us)/Energy(mJ): 2 0 0 0 0 
Latency(us)/Energy(mJ): 2039 19.2962 5.19648 1.39813 6.43978 
Latency(us)/Energy(mJ): 109 0.982429 0.260712 0.0689795 0.331404 
0.5948 - "n02085620 Chihuahua"
0.0656 - "n02110806 basenji"
0.0383 - "n02113023 Pembroke, Pembroke Welsh corgi"
0.0311 - "n02091244 Ibizan hound, Ibizan Podenco"
0.0298 - "n02389026 sorrel"
