loading weight: /home/nvidia/caffe-build/models/bvlc_alexnet/bvlc_alexnet.caffemodel
loading prototxt: /home/nvidia/caffe-build/models/bvlc_alexnet/deploy.prototxt
---------- Prediction for /home/nvidia/Downloads/ILSVRC2012_img_train_t3/n02085620/n02085620_1152.JPEG ----------
Latency(us)/Energy(mJ): 0 0 0 0 0 
Latency(us)/Energy(mJ): 239 0.973069 0.0344675 0.13855 0.343315 
Latency(us)/Energy(mJ): 22 0 0 0 0 
Latency(us)/Energy(mJ): 45 0.317731 0.0133478 0.0449696 0.11143 
Latency(us)/Energy(mJ): 44 0.196759 0.0103462 0.027605 0.0684025 
Latency(us)/Energy(mJ): 1981 9.11623 0.822852 1.212 3.06533 
Latency(us)/Energy(mJ): 22 0.136853 0.0173484 0.0173768 0.0451627 
Latency(us)/Energy(mJ): 39 0 0 0 0 
Latency(us)/Energy(mJ): 40 0.358124 0.0450424 0.0451162 0.117258 
Latency(us)/Energy(mJ): 2481 12.4871 1.97652 1.509 3.91878 
Latency(us)/Energy(mJ): 23 0.164703 0.0288357 0.0192343 0.0505884 
Latency(us)/Energy(mJ): 1777 10.141 1.95411 1.12149 3.13681 
Latency(us)/Energy(mJ): 29 0 0 0 0 
Latency(us)/Energy(mJ): 1352 8.06072 1.69636 0.832357 2.50831 
Latency(us)/Energy(mJ): 29 0.19456 0.0418412 0.0196786 0.0611004 
Latency(us)/Energy(mJ): 36 0.251378 0.0537217 0.0252662 0.0784495 
Latency(us)/Energy(mJ): 1141 7.00404 1.53237 0.693375 2.19446 
Latency(us)/Energy(mJ): 26 0.276692 0.0606866 0.026962 0.0887978 
Latency(us)/Energy(mJ): 0 0 0 0 0 
Latency(us)/Energy(mJ): 6475 46.945 9.59967 3.94353 16.3697 
Latency(us)/Energy(mJ): 25 0.226564 0.0455004 0.0173362 0.0831853 
Latency(us)/Energy(mJ): 0 0 0 0 0 
Latency(us)/Energy(mJ): 2876 23.5659 4.58799 1.74872 8.73991 
Latency(us)/Energy(mJ): 31 0.381192 0.072384 0.0275964 0.142823 
0.5948 - "n02085620 Chihuahua"
0.0656 - "n02110806 basenji"
0.0383 - "n02113023 Pembroke, Pembroke Welsh corgi"
0.0311 - "n02091244 Ibizan hound, Ibizan Podenco"
0.0298 - "n02389026 sorrel"
