loading weight: /home/nvidia/caffe-build/models/bvlc_alexnet/bvlc_alexnet.caffemodel
loading prototxt: /home/nvidia/caffe-build/models/bvlc_alexnet/deploy.prototxt
---------- Prediction for /home/nvidia/Downloads/ILSVRC2012_img_train_t3/n02085620/n02085620_1152.JPEG ----------
Latency(us)/Energy(mJ): 0 0 0 0 0 
Latency(us)/Energy(mJ): 311 1.57929 0.0468282 0.470438 0.448564 
Latency(us)/Energy(mJ): 19 0 0 0 0 
Latency(us)/Energy(mJ): 58 0.385388 0.0113635 0.114159 0.108851 
Latency(us)/Energy(mJ): 49 0.234862 0.0104332 0.0695701 0.0663354 
Latency(us)/Energy(mJ): 3004 16.1061 1.20144 4.50755 4.43152 
Latency(us)/Energy(mJ): 16 0 0 0 0 
Latency(us)/Energy(mJ): 42 0.249014 0.0241902 0.065685 0.0677235 
Latency(us)/Energy(mJ): 36 0.162271 0.0157637 0.042804 0.0441324 
Latency(us)/Energy(mJ): 3883 21.93 2.85178 5.47751 5.8048 
Latency(us)/Energy(mJ): 23 0.261916 0.0381242 0.0624346 0.0687962 
Latency(us)/Energy(mJ): 2839 16.6881 2.60833 3.81862 4.47873 
Latency(us)/Energy(mJ): 34 0.459721 0.0742016 0.0970156 0.124467 
Latency(us)/Energy(mJ): 2087 13.0849 2.20634 2.71392 3.59596 
Latency(us)/Energy(mJ): 31 0 0 0 0 
Latency(us)/Energy(mJ): 37 0.286686 0.0483163 0.0586763 0.0796224 
Latency(us)/Energy(mJ): 1836 11.6646 2.04091 2.36539 3.26589 
Latency(us)/Energy(mJ): 25 0.293342 0.048295 0.0586503 0.0839283 
Latency(us)/Energy(mJ): 1 0 0 0 0 
Latency(us)/Energy(mJ): 9561 70.3105 11.2522 12.3152 22.6216 
Latency(us)/Energy(mJ): 22 0.233692 0.036112 0.036112 0.0798608 
Latency(us)/Energy(mJ): 1 0 0 0 0 
Latency(us)/Energy(mJ): 4218 33.7533 5.10523 5.10687 11.6885 
Latency(us)/Energy(mJ): 32 0.615 0.091425 0.0915 0.21525 
0.5948 - "n02085620 Chihuahua"
0.0656 - "n02110806 basenji"
0.0383 - "n02113023 Pembroke, Pembroke Welsh corgi"
0.0311 - "n02091244 Ibizan hound, Ibizan Podenco"
0.0298 - "n02389026 sorrel"
