loading weight: /home/nvidia/caffe-build/models/bvlc_alexnet/bvlc_alexnet.caffemodel
loading prototxt: /home/nvidia/caffe-build/models/bvlc_alexnet/deploy.prototxt
---------- Prediction for /home/nvidia/Downloads/ILSVRC2012_img_train_t3/n02085620/n02085620_1152.JPEG ----------
Latency(us)/Energy(mJ): 0 0 0 0 0 
Latency(us)/Energy(mJ): 356 1.55477 0.0537958 0.324191 0.48841 
Latency(us)/Energy(mJ): 29 0.131719 0.00451744 0.0272235 0.0410136 
Latency(us)/Energy(mJ): 62 0.200238 0.00686736 0.0413849 0.0623484 
Latency(us)/Energy(mJ): 65 0.336832 0.0151002 0.069616 0.10488 
Latency(us)/Energy(mJ): 2985 13.936 1.17945 2.73613 4.24478 
Latency(us)/Energy(mJ): 25 0 0 0 0 
Latency(us)/Energy(mJ): 51 0.370999 0.0405306 0.0695244 0.111952 
Latency(us)/Energy(mJ): 46 0.221524 0.0242009 0.0415131 0.066847 
Latency(us)/Energy(mJ): 3844 19.3148 2.78788 3.39367 5.60452 
Latency(us)/Energy(mJ): 31 0.233626 0.0377382 0.0377832 0.0672451 
Latency(us)/Energy(mJ): 2884 15.6395 2.67358 2.42027 4.58196 
Latency(us)/Energy(mJ): 45 0.425763 0.075273 0.0636633 0.126492 
Latency(us)/Energy(mJ): 2054 11.7365 2.1494 1.71748 3.50014 
Latency(us)/Energy(mJ): 42 0.177541 0.0326808 0.0256734 0.0532746 
Latency(us)/Energy(mJ): 44 0.264552 0.0483804 0.0380067 0.0788673 
Latency(us)/Energy(mJ): 1757 10.4627 1.97888 1.48933 3.16298 
Latency(us)/Energy(mJ): 30 0 0 0 0 
Latency(us)/Energy(mJ): 1 0 0 0 0 
Latency(us)/Energy(mJ): 9562 65.4458 11.2228 8.0217 22.4872 
Latency(us)/Energy(mJ): 30 0.561732 0.0926224 0.0636969 0.20339 
Latency(us)/Energy(mJ): 0 0 0 0 0 
Latency(us)/Energy(mJ): 4202 31.6332 5.09374 3.50299 11.628 
Latency(us)/Energy(mJ): 38 0.348574 0.0551928 0.0379564 0.128979 
0.5948 - "n02085620 Chihuahua"
0.0656 - "n02110806 basenji"
0.0383 - "n02113023 Pembroke, Pembroke Welsh corgi"
0.0311 - "n02091244 Ibizan hound, Ibizan Podenco"
0.0298 - "n02389026 sorrel"
