loading weight: /home/nvidia/caffe-build/models/bvlc_alexnet/bvlc_alexnet.caffemodel
loading prototxt: /home/nvidia/caffe-build/models/bvlc_alexnet/deploy.prototxt
---------- Prediction for /home/nvidia/caffe-build/examples/images/cat.jpg ----------
Latency(us)/Energy(mJ): 0 0 0 0 0 
Latency(us)/Energy(mJ): 3181 8.37179 0.63975 2.40316 1.80732 
Latency(us)/Energy(mJ): 32 0.21495 0.02865 0.0573 0.0474 
Latency(us)/Energy(mJ): 309 0.899808 0.118955 0.23791 0.196805 
Latency(us)/Energy(mJ): 125 0.21773 0.0286309 0.0572618 0.0473684 
Latency(us)/Energy(mJ): 3251 10.3501 1.69717 2.5251 2.30141 
Latency(us)/Energy(mJ): 32 0 0 0 0 
Latency(us)/Energy(mJ): 237 0.88077 0.179925 0.200092 0.195639 
Latency(us)/Energy(mJ): 104 0.381532 0.0779401 0.0866758 0.0847472 
Latency(us)/Energy(mJ): 2369 8.05736 1.78834 1.77477 1.77801 
Latency(us)/Energy(mJ): 27 0.407087 0.095172 0.0865612 0.0889405 
Latency(us)/Energy(mJ): 1717 6.14793 1.57995 1.28887 1.32429 
Latency(us)/Energy(mJ): 30 0.279115 0.0740282 0.0569562 0.0585217 
Latency(us)/Energy(mJ): 1464 5.37664 1.4867 1.08901 1.11894 
Latency(us)/Energy(mJ): 31 0.283444 0.0793198 0.0566888 0.059731 
Latency(us)/Energy(mJ): 47 0 0 0 0 
Latency(us)/Energy(mJ): 2355 8.93656 2.52551 1.80495 1.90693 
Latency(us)/Energy(mJ): 31 0.286531 0.0793732 0.056727 0.0654142 
Latency(us)/Energy(mJ): 2 0 0 0 0 
Latency(us)/Energy(mJ): 8715 38.5929 10.3825 6.21677 10.1775 
Latency(us)/Energy(mJ): 32 0 0 0 0 
Latency(us)/Energy(mJ): 1 0 0 0 0 
Latency(us)/Energy(mJ): 3712 19.0814 5.03344 2.5744 5.70247 
Latency(us)/Energy(mJ): 211 0.989969 0.258106 0.129053 0.302214 
0.3094 - "n02124075 Egyptian cat"
0.1761 - "n02123159 tiger cat"
0.1221 - "n02123045 tabby, tabby cat"
0.1132 - "n02119022 red fox, Vulpes vulpes"
0.0421 - "n02085620 Chihuahua"
