loading weight: /home/nvidia/caffe-build/models/bvlc_alexnet/bvlc_alexnet.caffemodel
loading prototxt: /home/nvidia/caffe-build/models/bvlc_alexnet/deploy.prototxt
---------- Prediction for /home/nvidia/Downloads/ILSVRC2012_img_train_t3/n02085620/n02085620_1152.JPEG ----------
Latency(us)/Energy(mJ): 0 0 0 0 0 
Latency(us)/Energy(mJ): 291 1.12399 0.058206 0.108549 0.408338 
Latency(us)/Energy(mJ): 33 0.122068 0.0091073 0.0114065 0.0429088 
Latency(us)/Energy(mJ): 71 0.322818 0.0298094 0.0298877 0.112431 
Latency(us)/Energy(mJ): 67 0.320056 0.0315624 0.0292536 0.110045 
Latency(us)/Energy(mJ): 1029 4.53579 0.743256 0.376641 1.47774 
Latency(us)/Energy(mJ): 33 0.375676 0.0808262 0.0288341 0.116017 
Latency(us)/Energy(mJ): 59 0.227436 0.0485513 0.0173203 0.0696902 
Latency(us)/Energy(mJ): 59 0.383326 0.0866765 0.0288417 0.116909 
Latency(us)/Energy(mJ): 1051 5.50213 1.48663 0.385511 1.58869 
Latency(us)/Energy(mJ): 37 0.434958 0.127201 0.0288646 0.123764 
Latency(us)/Energy(mJ): 1017 6.11846 1.92877 0.373974 1.72033 
Latency(us)/Energy(mJ): 43 0.501643 0.167139 0.0287884 0.140239 
Latency(us)/Energy(mJ): 669 4.51633 1.55305 0.248412 1.25487 
Latency(us)/Energy(mJ): 43 0.213194 0.0751781 0.0113843 0.0588935 
Latency(us)/Energy(mJ): 50 0.55457 0.194084 0.0293903 0.153509 
Latency(us)/Energy(mJ): 732 5.31198 1.87117 0.279288 1.47671 
Latency(us)/Energy(mJ): 38 0.223205 0.0766877 0.0116129 0.0635508 
Latency(us)/Energy(mJ): 1 0 0 0 0 
Latency(us)/Energy(mJ): 4648 39.7276 13.3139 1.76416 12.1751 
Latency(us)/Energy(mJ): 38 0.725294 0.235849 0.0286976 0.232602 
Latency(us)/Energy(mJ): 0 0 0 0 0 
Latency(us)/Energy(mJ): 2040 20.3898 6.61289 0.777533 6.63152 
Latency(us)/Energy(mJ): 47 0.468585 0.149163 0.0173128 0.153401 
0.5948 - "n02085620 Chihuahua"
0.0656 - "n02110806 basenji"
0.0383 - "n02113023 Pembroke, Pembroke Welsh corgi"
0.0311 - "n02091244 Ibizan hound, Ibizan Podenco"
0.0298 - "n02389026 sorrel"
