loading weight: /home/nvidia/caffe-build/models/bvlc_alexnet/bvlc_alexnet.caffemodel
loading prototxt: /home/nvidia/caffe-build/models/bvlc_alexnet/deploy.prototxt
---------- Prediction for /home/nvidia/Downloads/ILSVRC2012_img_train_t3/n02085620/n02085620_1152.JPEG ----------
Latency(us)/Energy(mJ): 0 0 0 0 0 
Latency(us)/Energy(mJ): 368 1.54482 0.0529811 0.266153 0.52772 
Latency(us)/Energy(mJ): 22 0.126223 0.00432896 0.0217302 0.0431187 
Latency(us)/Energy(mJ): 49 0.199174 0.00683088 0.0342892 0.0680392 
Latency(us)/Energy(mJ): 45 0.123121 0.00422256 0.0211961 0.0420589 
Latency(us)/Energy(mJ): 6807 31.1181 2.39846 5.20168 9.96701 
Latency(us)/Energy(mJ): 21 0.21268 0.0207382 0.0345486 0.0659277 
Latency(us)/Energy(mJ): 40 0.133583 0.0130255 0.0216997 0.0414086 
Latency(us)/Energy(mJ): 39 0.212398 0.0207108 0.0345029 0.0658403 
Latency(us)/Energy(mJ): 8900 41.9933 5.07987 6.78646 12.4893 
Latency(us)/Energy(mJ): 23 0 0 0 0 
Latency(us)/Energy(mJ): 6199 30.5005 4.05429 4.75264 9.16799 
Latency(us)/Energy(mJ): 30 0 0 0 0 
Latency(us)/Energy(mJ): 4752 24.0996 3.27207 3.63405 7.39149 
Latency(us)/Energy(mJ): 30 0.229876 0.0310936 0.0345334 0.0711035 
Latency(us)/Energy(mJ): 33 0.142923 0.0193322 0.0214708 0.0441517 
Latency(us)/Energy(mJ): 4424 22.5372 3.02505 3.3597 6.99405 
Latency(us)/Energy(mJ): 24 0.233315 0.0310936 0.0345334 0.0744527 
Latency(us)/Energy(mJ): 0 0 0 0 0 
Latency(us)/Energy(mJ): 21566 125.12 14.8012 16.4569 43.6272 
Latency(us)/Energy(mJ): 24 0 0 0 0 
Latency(us)/Energy(mJ): 0 0.273325 0.0310895 0.0345792 0.0979818 
Latency(us)/Energy(mJ): 9556 58.2641 6.52578 7.28068 21.0508 
Latency(us)/Energy(mJ): 31 0.175161 0.017385 0.0217455 0.063783 
0.5948 - "n02085620 Chihuahua"
0.0656 - "n02110806 basenji"
0.0383 - "n02113023 Pembroke, Pembroke Welsh corgi"
0.0311 - "n02091244 Ibizan hound, Ibizan Podenco"
0.0298 - "n02389026 sorrel"
