loading weight: /home/nvidia/caffe-build/models/bvlc_alexnet/bvlc_alexnet.caffemodel
loading prototxt: /home/nvidia/caffe-build/models/bvlc_alexnet/deploy.prototxt
---------- Prediction for /home/nvidia/caffe-build/examples/images/cat.jpg ----------
Latency(us)/Energy(mJ): 1 0 0 0 0 
Latency(us)/Energy(mJ): 12082 20.8126 2.49057 3.67407 4.16891 
Latency(us)/Energy(mJ): 69 0.166793 0.0320498 0.0255895 0.0337278 
Latency(us)/Energy(mJ): 504 1.05053 0.201027 0.160506 0.211552 
Latency(us)/Energy(mJ): 234 0.594732 0.112136 0.0895328 0.118007 
Latency(us)/Energy(mJ): 9818 21.898 5.28589 2.97593 4.47147 
Latency(us)/Energy(mJ): 68 0.20616 0.057964 0.0256962 0.0419565 
Latency(us)/Energy(mJ): 396 1.0171 0.285967 0.126773 0.206994 
Latency(us)/Energy(mJ): 187 0.487075 0.136946 0.0607103 0.0991269 
Latency(us)/Energy(mJ): 5887 14.9588 4.38892 1.80665 2.9521 
Latency(us)/Energy(mJ): 58 0 0 0 0 
Latency(us)/Energy(mJ): 3873 10.4933 3.44533 1.20143 1.96167 
Latency(us)/Energy(mJ): 57 0 0 0 0 
Latency(us)/Energy(mJ): 3774 10.533 3.52467 1.17233 1.91416 
Latency(us)/Energy(mJ): 57 0 0 0 0 
Latency(us)/Energy(mJ): 88 0.25658 0.0854644 0.028426 0.0464136 
Latency(us)/Energy(mJ): 6287 17.0015 5.49768 1.93437 3.2453 
Latency(us)/Energy(mJ): 71 0 0 0 0 
Latency(us)/Energy(mJ): 4 0 0 0 0 
Latency(us)/Energy(mJ): 32839 96.123 27.5614 10.8817 22.836 
Latency(us)/Energy(mJ): 68 0.26854 0.0679578 0.0339789 0.0681357 
Latency(us)/Energy(mJ): 2 0 0 0 0 
Latency(us)/Energy(mJ): 14284 43.6248 10.9189 5.24617 11.3484 
Latency(us)/Energy(mJ): 437 1.23809 0.30942 0.15471 0.326025 
0.3094 - "n02124075 Egyptian cat"
0.1761 - "n02123159 tiger cat"
0.1221 - "n02123045 tabby, tabby cat"
0.1132 - "n02119022 red fox, Vulpes vulpes"
0.0421 - "n02085620 Chihuahua"
