loading weight: /home/nvidia/caffe-build/models/bvlc_alexnet/bvlc_alexnet.caffemodel
loading prototxt: /home/nvidia/caffe-build/models/bvlc_alexnet/deploy.prototxt
---------- Prediction for /home/nvidia/Downloads/ILSVRC2012_img_train_t3/n02085620/n02085620_1152.JPEG ----------
Latency(us)/Energy(mJ): 0 0 0 0 0 
Latency(us)/Energy(mJ): 327 1.20394 0.0562694 0.0963861 0.446443 
Latency(us)/Energy(mJ): 39 0.176534 0.0103737 0.0138165 0.0642354 
Latency(us)/Energy(mJ): 82 0.304239 0.0212831 0.0236741 0.110065 
Latency(us)/Energy(mJ): 75 0.306211 0.0236009 0.0236009 0.110585 
Latency(us)/Energy(mJ): 1243 5.30256 0.695082 0.376846 1.82474 
Latency(us)/Energy(mJ): 38 0.146289 0.024355 0.0097356 0.0483269 
Latency(us)/Energy(mJ): 63 0.356767 0.0591935 0.0236619 0.11893 
Latency(us)/Energy(mJ): 67 0.359809 0.065184 0.023668 0.118961 
Latency(us)/Energy(mJ): 1339 6.44578 1.38399 0.399593 2.02875 
Latency(us)/Energy(mJ): 41 0.402847 0.0947008 0.0236558 0.125476 
Latency(us)/Energy(mJ): 1195 6.44961 1.64161 0.352531 2.00753 
Latency(us)/Energy(mJ): 50 0.45753 0.123546 0.0235216 0.141669 
Latency(us)/Energy(mJ): 794 4.72748 1.28598 0.234893 1.45961 
Latency(us)/Energy(mJ): 50 0.48909 0.135451 0.0235399 0.150578 
Latency(us)/Energy(mJ): 57 0.289935 0.0798174 0.0138714 0.0896411 
Latency(us)/Energy(mJ): 741 4.69425 1.31619 0.223278 1.45403 
Latency(us)/Energy(mJ): 45 0.49628 0.13625 0.0232776 0.156227 
Latency(us)/Energy(mJ): 0 0 0 0 0 
Latency(us)/Energy(mJ): 4919 37.5777 10.0271 1.49548 12.7427 
Latency(us)/Energy(mJ): 44 0.277069 0.071383 0.0098515 0.0982566 
Latency(us)/Energy(mJ): 0 0 0 0 0 
Latency(us)/Energy(mJ): 2198 19.8978 5.12214 0.681032 7.12521 
Latency(us)/Energy(mJ): 54 0.404985 0.104545 0.0134611 0.146567 
0.5948 - "n02085620 Chihuahua"
0.0656 - "n02110806 basenji"
0.0383 - "n02113023 Pembroke, Pembroke Welsh corgi"
0.0311 - "n02091244 Ibizan hound, Ibizan Podenco"
0.0298 - "n02389026 sorrel"
