loading weight: /home/nvidia/caffe-build/models/bvlc_alexnet/bvlc_alexnet.caffemodel
loading prototxt: /home/nvidia/caffe-build/models/bvlc_alexnet/deploy.prototxt
---------- Prediction for /home/nvidia/Downloads/ILSVRC2012_img_train_t3/n02085620/n02085620_1152.JPEG ----------
Latency(us)/Energy(mJ): 0 0 0 0 0 
Latency(us)/Energy(mJ): 236 0.992941 0.040209 0.156196 0.344223 
Latency(us)/Energy(mJ): 27 0 0 0 0 
Latency(us)/Energy(mJ): 51 0.323803 0.0168223 0.050467 0.111218 
Latency(us)/Energy(mJ): 51 0.201567 0.0104149 0.0312448 0.0688567 
Latency(us)/Energy(mJ): 1507 7.03115 0.667232 1.02628 2.31385 
Latency(us)/Energy(mJ): 24 0.225068 0.0276574 0.0311486 0.0719999 
Latency(us)/Energy(mJ): 42 0.142268 0.0174826 0.0196894 0.0455121 
Latency(us)/Energy(mJ): 45 0.370022 0.0473086 0.0508105 0.117448 
Latency(us)/Energy(mJ): 1812 9.43632 1.5601 1.23896 2.87818 
Latency(us)/Energy(mJ): 25 0.156294 0.028391 0.0196619 0.0470799 
Latency(us)/Energy(mJ): 1399 8.01305 1.62705 0.957967 2.42885 
Latency(us)/Energy(mJ): 35 0.272842 0.0586763 0.0310799 0.0831059 
Latency(us)/Energy(mJ): 992 6.09749 1.36385 0.674206 1.86375 
Latency(us)/Energy(mJ): 34 0.287895 0.065482 0.0309798 0.0881072 
Latency(us)/Energy(mJ): 37 0.18156 0.041296 0.0195373 0.0555645 
Latency(us)/Energy(mJ): 788 5.08685 1.18764 0.536768 1.56282 
Latency(us)/Energy(mJ): 27 0.188657 0.0435845 0.0196059 0.0590463 
Latency(us)/Energy(mJ): 0 0 0 0 0 
Latency(us)/Energy(mJ): 5433 41.5993 9.23302 3.71571 14.0952 
Latency(us)/Energy(mJ): 29 0.389052 0.083695 0.0313914 0.138332 
Latency(us)/Energy(mJ): 0 0 0 0 0 
Latency(us)/Energy(mJ): 2389 20.8143 4.44314 1.62684 7.4949 
Latency(us)/Energy(mJ): 38 0.667481 0.14101 0.0508052 0.242324 
0.5948 - "n02085620 Chihuahua"
0.0656 - "n02110806 basenji"
0.0383 - "n02113023 Pembroke, Pembroke Welsh corgi"
0.0311 - "n02091244 Ibizan hound, Ibizan Podenco"
0.0298 - "n02389026 sorrel"
