loading weight: /home/nvidia/caffe-build/models/bvlc_alexnet/bvlc_alexnet.caffemodel
loading prototxt: /home/nvidia/caffe-build/models/bvlc_alexnet/deploy.prototxt
---------- Prediction for /home/nvidia/caffe-build/examples/images/cat.jpg ----------
Latency(us)/Energy(mJ): 1 0 0 0 0 
Latency(us)/Energy(mJ): 8510 23.2979 1.71306 10.2633 3.49441 
Latency(us)/Energy(mJ): 50 0.322855 0.0343582 0.129097 0.049566 
Latency(us)/Energy(mJ): 858 2.49338 0.262102 0.984815 0.393744 
Latency(us)/Energy(mJ): 228 0.561246 0.058926 0.221407 0.088872 
Latency(us)/Energy(mJ): 10214 31.0061 4.29256 11.6724 5.09524 
Latency(us)/Energy(mJ): 34 0 0 0 0 
Latency(us)/Energy(mJ): 458 1.5728 0.267988 0.536979 0.259456 
Latency(us)/Energy(mJ): 138 0.606116 0.103276 0.206938 0.0999878 
Latency(us)/Energy(mJ): 6395 20.2333 3.61554 6.83869 3.35798 
Latency(us)/Energy(mJ): 75 0.262899 0.0500409 0.087633 0.0423423 
Latency(us)/Energy(mJ): 4324 13.7775 2.80407 4.55001 2.19846 
Latency(us)/Energy(mJ): 32 0.372417 0.0778371 0.121231 0.0585761 
Latency(us)/Energy(mJ): 4172 13.6192 2.84648 4.43338 2.09645 
Latency(us)/Energy(mJ): 32 0.376197 0.0786272 0.122462 0.0569961 
Latency(us)/Energy(mJ): 55 0 0 0 0 
Latency(us)/Energy(mJ): 7521 24.2946 4.78573 8.13915 3.7568 
Latency(us)/Energy(mJ): 62 0.271887 0.0517517 0.090629 0.0453992 
Latency(us)/Energy(mJ): 3 0 0 0 0 
Latency(us)/Energy(mJ): 33524 114.042 20.4593 34.7931 22.8402 
Latency(us)/Energy(mJ): 32 0.391797 0.0688291 0.111861 0.0862899 
Latency(us)/Energy(mJ): 2 0 0 0 0 
Latency(us)/Energy(mJ): 14570 50.8103 8.86026 14.3997 11.3187 
Latency(us)/Energy(mJ): 226 1.46547 0.254665 0.413882 0.335524 
0.3094 - "n02124075 Egyptian cat"
0.1761 - "n02123159 tiger cat"
0.1221 - "n02123045 tabby, tabby cat"
0.1132 - "n02119022 red fox, Vulpes vulpes"
0.0421 - "n02085620 Chihuahua"
