loading weight: /home/nvidia/caffe-build/models/bvlc_alexnet/bvlc_alexnet.caffemodel
loading prototxt: /home/nvidia/caffe-build/models/bvlc_alexnet/deploy.prototxt
---------- Prediction for /home/nvidia/Downloads/ILSVRC2012_img_train_t3/n02085620/n02085620_1152.JPEG ----------
Latency(us)/Energy(mJ): 0 0 0 0 0 
Latency(us)/Energy(mJ): 278 1.40379 0.0412558 0.435358 0.399355 
Latency(us)/Energy(mJ): 19 0.144809 0.00423776 0.0447195 0.041123 
Latency(us)/Energy(mJ): 55 0.237951 0.0104149 0.0729499 0.067083 
Latency(us)/Energy(mJ): 48 0.150263 0.00657688 0.0460669 0.042362 
Latency(us)/Energy(mJ): 1959 10.7209 0.816889 3.01466 2.95832 
Latency(us)/Energy(mJ): 16 0.162155 0.017507 0.0438249 0.0445424 
Latency(us)/Energy(mJ): 37 0.258008 0.0276696 0.0692647 0.0703987 
Latency(us)/Energy(mJ): 40 0.163359 0.0175192 0.0438554 0.0445734 
Latency(us)/Energy(mJ): 2494 14.74 2.00386 3.67838 3.90371 
Latency(us)/Energy(mJ): 23 0 0 0 0 
Latency(us)/Energy(mJ): 1865 11.8922 2.01415 2.69009 3.16891 
Latency(us)/Energy(mJ): 32 0.187268 0.0328328 0.0394051 0.050512 
Latency(us)/Energy(mJ): 1349 8.85788 1.6626 1.82455 2.41535 
Latency(us)/Energy(mJ): 33 0.307406 0.058657 0.062142 0.0840026 
Latency(us)/Energy(mJ): 41 0.190176 0.036288 0.038444 0.0525 
Latency(us)/Energy(mJ): 1112 7.62635 1.49968 1.52021 2.11586 
Latency(us)/Energy(mJ): 33 0.520234 0.102288 0.102288 0.147385 
Latency(us)/Energy(mJ): 1 0 0 0 0 
Latency(us)/Energy(mJ): 6564 52.02 9.69971 8.5633 16.4264 
Latency(us)/Energy(mJ): 23 0.248658 0.0439826 0.0374026 0.0839249 
Latency(us)/Energy(mJ): 0 0 0 0 0 
Latency(us)/Energy(mJ): 2884 25.5422 4.60774 3.7302 8.72269 
Latency(us)/Energy(mJ): 31 0.405971 0.071584 0.0579383 0.140394 
0.5948 - "n02085620 Chihuahua"
0.0656 - "n02110806 basenji"
0.0383 - "n02113023 Pembroke, Pembroke Welsh corgi"
0.0311 - "n02091244 Ibizan hound, Ibizan Podenco"
0.0298 - "n02389026 sorrel"
