loading weight: /home/nvidia/caffe-build/models/bvlc_alexnet/bvlc_alexnet.caffemodel
loading prototxt: /home/nvidia/caffe-build/models/bvlc_alexnet/deploy.prototxt
---------- Prediction for /home/nvidia/Downloads/ILSVRC2012_img_train_t3/n02085620/n02085620_1152.JPEG ----------
Latency(us)/Energy(mJ): 0 0 0 0 0 
Latency(us)/Energy(mJ): 381 1.44567 0.0712743 0.140507 0.516915 
Latency(us)/Energy(mJ): 46 0.132111 0.0099491 0.0124608 0.0462552 
Latency(us)/Energy(mJ): 97 0.500082 0.0407838 0.0467262 0.17345 
Latency(us)/Energy(mJ): 91 0.323156 0.0296799 0.0297578 0.111332 
Latency(us)/Energy(mJ): 1140 5.20468 0.756797 0.44011 1.70539 
Latency(us)/Energy(mJ): 45 0.15562 0.0296234 0.0123215 0.0489628 
Latency(us)/Energy(mJ): 76 0.370959 0.0703854 0.029276 0.116336 
Latency(us)/Energy(mJ): 80 0.380873 0.0772966 0.0296875 0.117971 
Latency(us)/Energy(mJ): 1156 5.92163 1.39392 0.438493 1.77874 
Latency(us)/Energy(mJ): 48 0.419725 0.106403 0.0295046 0.124678 
Latency(us)/Energy(mJ): 1137 6.54717 1.81563 0.427154 1.93425 
Latency(us)/Energy(mJ): 56 0.480712 0.141463 0.0294361 0.141286 
Latency(us)/Energy(mJ): 728 4.67174 1.40838 0.275966 1.37051 
Latency(us)/Energy(mJ): 55 0.300879 0.0933139 0.0172669 0.0884193 
Latency(us)/Energy(mJ): 63 0.515809 0.159037 0.0294284 0.150695 
Latency(us)/Energy(mJ): 907 5.84836 1.78594 0.335219 1.72179 
Latency(us)/Energy(mJ): 52 0.521162 0.153881 0.0295656 0.156504 
Latency(us)/Energy(mJ): 0 0 0 0 0 
Latency(us)/Energy(mJ): 4785 38.2309 11.0119 1.82447 12.4131 
Latency(us)/Energy(mJ): 50 0.287576 0.0803474 0.0121768 0.0978296 
Latency(us)/Energy(mJ): 0 0 0 0 0 
Latency(us)/Energy(mJ): 2104 19.6477 5.47474 0.804504 6.77695 
Latency(us)/Energy(mJ): 63 0.741939 0.206775 0.0295504 0.259671 
0.5948 - "n02085620 Chihuahua"
0.0656 - "n02110806 basenji"
0.0383 - "n02113023 Pembroke, Pembroke Welsh corgi"
0.0311 - "n02091244 Ibizan hound, Ibizan Podenco"
0.0298 - "n02389026 sorrel"
