loading weight: /home/nvidia/caffe-build/models/bvlc_alexnet/bvlc_alexnet.caffemodel
loading prototxt: /home/nvidia/caffe-build/models/bvlc_alexnet/deploy.prototxt
---------- Prediction for /home/nvidia/Downloads/ILSVRC2012_img_train_t3/n02085620/n02085620_1152.JPEG ----------
Latency(us)/Energy(mJ): 0 0 0 0 0 
Latency(us)/Energy(mJ): 436 1.53118 0.0794859 0.124672 0.564089 
Latency(us)/Energy(mJ): 58 0.306405 0.024217 0.024217 0.111081 
Latency(us)/Energy(mJ): 105 0.30743 0.0239608 0.0239608 0.109905 
Latency(us)/Energy(mJ): 102 0.491965 0.0473431 0.0378993 0.17384 
Latency(us)/Energy(mJ): 1229 5.19947 0.75447 0.368769 1.75909 
Latency(us)/Energy(mJ): 55 0.362044 0.0663432 0.0240889 0.118075 
Latency(us)/Energy(mJ): 87 0.36395 0.0661584 0.0240218 0.117746 
Latency(us)/Energy(mJ): 96 0.582151 0.114115 0.0379969 0.187113 
Latency(us)/Energy(mJ): 1214 5.94384 1.33387 0.367751 1.84982 
Latency(us)/Energy(mJ): 63 0.238924 0.059662 0.01403 0.07406 
Latency(us)/Energy(mJ): 1229 6.98385 1.82794 0.382293 2.15407 
Latency(us)/Energy(mJ): 64 0.199048 0.0538913 0.0102602 0.0611239 
Latency(us)/Energy(mJ): 773 4.77169 1.37324 0.238608 1.4718 
Latency(us)/Energy(mJ): 61 0.493957 0.1441 0.0240035 0.153544 
Latency(us)/Energy(mJ): 71 0.497371 0.146766 0.0240218 0.153661 
Latency(us)/Energy(mJ): 907 5.67559 1.64102 0.276708 1.7678 
Latency(us)/Energy(mJ): 61 0.211529 0.0585819 0.0101809 0.0670604 
Latency(us)/Energy(mJ): 1 0 0 0 0 
Latency(us)/Energy(mJ): 4802 36.4095 9.88768 1.47109 12.4337 
Latency(us)/Energy(mJ): 61 0.673123 0.176717 0.0240401 0.238273 
Latency(us)/Energy(mJ): 0 0 0 0 0 
Latency(us)/Energy(mJ): 2160 19.0024 4.96528 0.653515 6.81983 
Latency(us)/Energy(mJ): 75 0.717479 0.185905 0.023937 0.260629 
0.5948 - "n02085620 Chihuahua"
0.0656 - "n02110806 basenji"
0.0383 - "n02113023 Pembroke, Pembroke Welsh corgi"
0.0311 - "n02091244 Ibizan hound, Ibizan Podenco"
0.0298 - "n02389026 sorrel"
