loading weight: /home/nvidia/caffe-build/models/bvlc_alexnet/bvlc_alexnet.caffemodel
loading prototxt: /home/nvidia/caffe-build/models/bvlc_alexnet/deploy.prototxt
---------- Prediction for /home/nvidia/caffe-build/examples/images/cat.jpg ----------
Latency(us)/Energy(mJ): 0 0 0 0 0 
Latency(us)/Energy(mJ): 3535 13.3102 0.693817 2.26898 4.73754 
Latency(us)/Energy(mJ): 41 0.29718 0.022814 0.0457028 0.103224 
Latency(us)/Energy(mJ): 286 1.1766 0.0903258 0.180948 0.414314 
Latency(us)/Energy(mJ): 121 0.293605 0.022326 0.0447252 0.102407 
Latency(us)/Energy(mJ): 3636 15.4003 1.59767 2.24787 5.32807 
Latency(us)/Energy(mJ): 38 0 0 0 0 
Latency(us)/Energy(mJ): 202 1.15037 0.140709 0.160998 0.388663 
Latency(us)/Energy(mJ): 106 0.496409 0.060342 0.069043 0.166675 
Latency(us)/Energy(mJ): 2975 12.8981 1.81292 1.76463 4.31771 
Latency(us)/Energy(mJ): 48 0.513925 0.0776653 0.0690735 0.16901 
Latency(us)/Energy(mJ): 2475 11.5363 1.85778 1.53337 3.75185 
Latency(us)/Energy(mJ): 39 0 0 0 0 
Latency(us)/Energy(mJ): 1598 7.57312 1.32798 0.986948 2.41487 
Latency(us)/Energy(mJ): 50 0.352521 0.062538 0.045489 0.111303 
Latency(us)/Energy(mJ): 55 0 0 0 0 
Latency(us)/Energy(mJ): 1867 8.83153 1.57265 1.14391 2.83569 
Latency(us)/Energy(mJ): 38 0.5452 0.095172 0.0692263 0.177994 
Latency(us)/Energy(mJ): 2 0 0 0 0 
Latency(us)/Energy(mJ): 6581 35.6691 6.35222 4.02394 12.2788 
Latency(us)/Energy(mJ): 42 0 0 0 0 
Latency(us)/Energy(mJ): 1 0 0 0 0 
Latency(us)/Energy(mJ): 2814 17.1542 3.12352 1.71413 6.2065 
Latency(us)/Energy(mJ): 277 1.64876 0.299442 0.159668 0.604542 
0.3094 - "n02124075 Egyptian cat"
0.1761 - "n02123159 tiger cat"
0.1221 - "n02123045 tabby, tabby cat"
0.1132 - "n02119022 red fox, Vulpes vulpes"
0.0421 - "n02085620 Chihuahua"
