loading weight: /home/nvidia/caffe-build/models/bvlc_alexnet/bvlc_alexnet.caffemodel
loading prototxt: /home/nvidia/caffe-build/models/bvlc_alexnet/deploy.prototxt
---------- Prediction for /home/nvidia/Downloads/ILSVRC2012_img_train_t3/n02085620/n02085620_1152.JPEG ----------
Latency(us)/Energy(mJ): 0 0 0 0 0 
Latency(us)/Energy(mJ): 184399 673.373 42.2132 98.436 214.416 
Latency(us)/Energy(mJ): 1190 4.22692 0.266583 0.62164 1.33874 
Latency(us)/Energy(mJ): 181190 648.32 41.4819 88.4718 208.315 
Latency(us)/Energy(mJ): 13210 47.5984 3.03369 6.08464 15.2347 
Latency(us)/Energy(mJ): 366173 1337.08 83.828 195.371 423.981 
Latency(us)/Energy(mJ): 686 2.50541 0.156375 0.364647 0.785289 
Latency(us)/Energy(mJ): 649570 2285.59 148.711 346.776 721.88 
Latency(us)/Energy(mJ): 6177 22.0269 1.42004 3.31136 6.952 
Latency(us)/Energy(mJ): 234504 853.175 53.6812 125.178 269.55 
Latency(us)/Energy(mJ): 238 0.991917 0.0625582 0.145878 0.314157 
Latency(us)/Energy(mJ): 178905 652.669 40.9533 95.4981 207.05 
Latency(us)/Energy(mJ): 238 0.82765 0.0521983 0.12172 0.262131 
Latency(us)/Energy(mJ): 119553 438.481 27.3752 63.8357 139.687 
Latency(us)/Energy(mJ): 159 0.557394 0.0347897 0.0811253 0.177594 
Latency(us)/Energy(mJ): 1492 5.52667 0.347466 0.810249 1.75214 
Latency(us)/Energy(mJ): 251650 969.317 57.6112 134.342 317.805 
Latency(us)/Energy(mJ): 15 0 0 0 0 
Latency(us)/Energy(mJ): 1 0 0 0 0 
Latency(us)/Energy(mJ): 113594 438.223 26.0049 60.6403 143.652 
Latency(us)/Energy(mJ): 15 0.175662 0.0104241 0.0243077 0.0575828 
Latency(us)/Energy(mJ): 2 0 0 0 0 
Latency(us)/Energy(mJ): 27167 104.846 6.22177 14.5084 34.3692 
Latency(us)/Energy(mJ): 159 0.586491 0.0348034 0.0811573 0.192255 
0.5948 - "n02085620 Chihuahua"
0.0656 - "n02110806 basenji"
0.0383 - "n02113023 Pembroke, Pembroke Welsh corgi"
0.0311 - "n02091244 Ibizan hound, Ibizan Podenco"
0.0298 - "n02389026 sorrel"
