loading weight: /home/nvidia/caffe-build/models/bvlc_alexnet/bvlc_alexnet.caffemodel
loading prototxt: /home/nvidia/caffe-build/models/bvlc_alexnet/deploy.prototxt
---------- Prediction for /home/nvidia/Downloads/ILSVRC2012_img_train_t3/n02085620/n02085620_1152.JPEG ----------
Latency(us)/Energy(mJ): 0 0 0 0 0 
Latency(us)/Energy(mJ): 277 1.25699 0.0374923 0.37665 0.359137 
Latency(us)/Energy(mJ): 23 0.230572 0.00684912 0.0688066 0.0656074 
Latency(us)/Energy(mJ): 49 0.168759 0.00501296 0.0503605 0.0480189 
Latency(us)/Energy(mJ): 42 0.232209 0.010392 0.0692953 0.0660733 
Latency(us)/Energy(mJ): 2378 12.743 0.96118 3.51534 3.54719 
Latency(us)/Energy(mJ): 18 0 0 0 0 
Latency(us)/Energy(mJ): 36 0.433501 0.0418229 0.113564 0.120065 
Latency(us)/Energy(mJ): 38 0 0 0 0 
Latency(us)/Energy(mJ): 3034 17.4521 2.36239 4.27578 4.66777 
Latency(us)/Energy(mJ): 21 0 0 0 0 
Latency(us)/Energy(mJ): 2248 13.8586 2.28198 3.08573 3.75023 
Latency(us)/Energy(mJ): 33 0.285471 0.0484018 0.05878 0.078041 
Latency(us)/Energy(mJ): 1633 10.2679 1.87445 2.07502 2.8428 
Latency(us)/Energy(mJ): 32 0.296104 0.0553636 0.0588579 0.0824555 
Latency(us)/Energy(mJ): 40 0.214672 0.040138 0.0426713 0.0597793 
Latency(us)/Energy(mJ): 1385 9.33865 1.73122 1.83147 2.63846 
Latency(us)/Energy(mJ): 26 0 0 0 0 
Latency(us)/Energy(mJ): 1 0 0 0 0 
Latency(us)/Energy(mJ): 7620 58.4095 10.2625 9.56024 18.7946 
Latency(us)/Energy(mJ): 27 0.272016 0.0451114 0.0401136 0.0931162 
Latency(us)/Energy(mJ): 0 0 0 0 0 
Latency(us)/Energy(mJ): 3369 28.5438 4.83369 4.10271 9.91441 
Latency(us)/Energy(mJ): 35 0.393456 0.0658261 0.0554612 0.138289 
0.5948 - "n02085620 Chihuahua"
0.0656 - "n02110806 basenji"
0.0383 - "n02113023 Pembroke, Pembroke Welsh corgi"
0.0311 - "n02091244 Ibizan hound, Ibizan Podenco"
0.0298 - "n02389026 sorrel"
