loading weight: /home/nvidia/caffe-build/models/bvlc_alexnet/bvlc_alexnet.caffemodel
loading prototxt: /home/nvidia/caffe-build/models/bvlc_alexnet/deploy.prototxt
---------- Prediction for /home/nvidia/caffe-build/examples/images/cat.jpg ----------
Latency(us)/Energy(mJ): 2 0 0 0 0 
Latency(us)/Energy(mJ): 12625 21.5292 2.60585 4.83054 3.34141 
Latency(us)/Energy(mJ): 212 0.385473 0.0740698 0.0740698 0.0652815 
Latency(us)/Energy(mJ): 876 1.80821 0.345977 0.345977 0.312466 
Latency(us)/Energy(mJ): 281 0.583691 0.110054 0.110054 0.0993945 
Latency(us)/Energy(mJ): 9849 22.3213 5.32068 3.78661 4.05563 
Latency(us)/Energy(mJ): 160 0.474351 0.133369 0.0740507 0.08691 
Latency(us)/Energy(mJ): 608 1.47297 0.414142 0.229945 0.276897 
Latency(us)/Energy(mJ): 228 0.494049 0.138907 0.0771258 0.092874 
Latency(us)/Energy(mJ): 5911 15.0665 4.35562 2.2661 2.78616 
Latency(us)/Energy(mJ): 153 0.511376 0.162834 0.0740507 0.0907072 
Latency(us)/Energy(mJ): 3995 10.6782 3.43499 1.51843 1.88166 
Latency(us)/Energy(mJ): 120 0.534163 0.17799 0.0741462 0.0929739 
Latency(us)/Energy(mJ): 4315 11.6653 3.92054 1.6332 1.96895 
Latency(us)/Energy(mJ): 124 0.532787 0.177531 0.0739552 0.089056 
Latency(us)/Energy(mJ): 248 0.52766 0.178219 0.0742417 0.089401 
Latency(us)/Energy(mJ): 8663 22.5441 6.9556 3.31438 3.90958 
Latency(us)/Energy(mJ): 133 0.508842 0.148292 0.0741462 0.0966618 
Latency(us)/Energy(mJ): 15 0 0 0 0 
Latency(us)/Energy(mJ): 32760 95.3592 25.062 12.531 22.0051 
Latency(us)/Energy(mJ): 161 0.585082 0.148063 0.0740316 0.148451 
Latency(us)/Energy(mJ): 13 0 0 0 0 
Latency(us)/Energy(mJ): 14096 43.2812 10.7382 5.36911 11.0159 
Latency(us)/Energy(mJ): 1060 3.60111 0.888647 0.444323 0.936336 
0.3094 - "n02124075 Egyptian cat"
0.1761 - "n02123159 tiger cat"
0.1221 - "n02123045 tabby, tabby cat"
0.1132 - "n02119022 red fox, Vulpes vulpes"
0.0421 - "n02085620 Chihuahua"
