loading weight: /home/nvidia/caffe-build/models/bvlc_alexnet/bvlc_alexnet.caffemodel
loading prototxt: /home/nvidia/caffe-build/models/bvlc_alexnet/deploy.prototxt
---------- Prediction for /home/nvidia/Downloads/ILSVRC2012_img_train_t3/n02085620/n02085620_1152.JPEG ----------
Latency(us)/Energy(mJ): 0 0 0 0 0 
Latency(us)/Energy(mJ): 295 1.17724 0.0431558 0.173475 0.418782 
Latency(us)/Energy(mJ): 28 0.128581 0.0046512 0.0186966 0.045135 
Latency(us)/Energy(mJ): 53 0.192115 0.0104699 0.0279349 0.067437 
Latency(us)/Energy(mJ): 49 0.130934 0.00713564 0.0190388 0.045961 
Latency(us)/Energy(mJ): 2387 10.8155 0.989017 1.48189 3.62524 
Latency(us)/Energy(mJ): 27 0 0 0 0 
Latency(us)/Energy(mJ): 46 0.355939 0.0463016 0.0463016 0.116171 
Latency(us)/Energy(mJ): 46 0.213056 0.027715 0.027715 0.0695369 
Latency(us)/Energy(mJ): 3032 14.85 2.37546 1.84005 4.64955 
Latency(us)/Energy(mJ): 39 0.228555 0.04122 0.02403 0.070695 
Latency(us)/Energy(mJ): 2257 11.9707 2.27946 1.2023 3.72481 
Latency(us)/Energy(mJ): 44 0.156973 0.0324722 0.0151442 0.0488359 
Latency(us)/Energy(mJ): 1630 9.29392 1.93814 0.878313 2.92073 
Latency(us)/Energy(mJ): 45 0.163698 0.0346764 0.0151656 0.0516028 
Latency(us)/Energy(mJ): 56 0.422962 0.089597 0.0391849 0.133331 
Latency(us)/Energy(mJ): 1286 7.48737 1.59889 0.683926 2.38149 
Latency(us)/Energy(mJ): 38 0.169241 0.0347008 0.0151763 0.0543675 
Latency(us)/Energy(mJ): 1 0 0 0 0 
Latency(us)/Energy(mJ): 7617 52.4177 10.2823 4.06182 18.5687 
Latency(us)/Energy(mJ): 40 0.555525 0.100924 0.039281 0.206851 
Latency(us)/Energy(mJ): 0 0 0 0 0 
Latency(us)/Energy(mJ): 3357 25.8298 4.80846 1.77937 9.77416 
Latency(us)/Energy(mJ): 50 0.582809 0.106891 0.0394199 0.223158 
0.5948 - "n02085620 Chihuahua"
0.0656 - "n02110806 basenji"
0.0383 - "n02113023 Pembroke, Pembroke Welsh corgi"
0.0311 - "n02091244 Ibizan hound, Ibizan Podenco"
0.0298 - "n02389026 sorrel"
