loading weight: /home/nvidia/caffe-build/models/bvlc_alexnet/bvlc_alexnet.caffemodel
loading prototxt: /home/nvidia/caffe-build/models/bvlc_alexnet/deploy.prototxt
---------- Prediction for /home/nvidia/Downloads/ILSVRC2012_img_train_t3/n02085620/n02085620_1152.JPEG ----------
Latency(us)/Energy(mJ): 0 0 0 0 0 
Latency(us)/Energy(mJ): 248 1.34384 0.0374042 0.450819 0.364496 
Latency(us)/Energy(mJ): 18 0 0 0 0 
Latency(us)/Energy(mJ): 50 0.248803 0.00692512 0.0834659 0.0681122 
Latency(us)/Energy(mJ): 50 0.425293 0.0177109 0.141687 0.115623 
Latency(us)/Energy(mJ): 1981 11.2216 0.809361 3.4991 2.98045 
Latency(us)/Energy(mJ): 16 0.198456 0.0204594 0.0588962 0.0526243 
Latency(us)/Energy(mJ): 42 0.270407 0.027877 0.0802492 0.0717033 
Latency(us)/Energy(mJ): 37 0.198101 0.0204228 0.0587909 0.0525301 
Latency(us)/Energy(mJ): 2485 15.2247 1.98806 4.23676 3.91426 
Latency(us)/Energy(mJ): 19 0 0 0 0 
Latency(us)/Energy(mJ): 1884 12.2793 1.99951 3.0744 3.19033 
Latency(us)/Energy(mJ): 30 0.223374 0.0380494 0.0532825 0.0591695 
Latency(us)/Energy(mJ): 1342 9.16426 1.66032 2.13787 2.44015 
Latency(us)/Energy(mJ): 29 0.314654 0.0583978 0.0721861 0.0844875 
Latency(us)/Energy(mJ): 37 0.233093 0.0432605 0.0534748 0.0625875 
Latency(us)/Energy(mJ): 1104 7.78283 1.48492 1.75775 2.10696 
Latency(us)/Energy(mJ): 23 0.325126 0.062179 0.0726026 0.0901868 
Latency(us)/Energy(mJ): 0 0 0 0 0 
Latency(us)/Energy(mJ): 6550 53.3538 9.69607 9.90057 16.527 
Latency(us)/Energy(mJ): 22 0 0 0 0 
Latency(us)/Energy(mJ): 0 0 0 0 0 
Latency(us)/Energy(mJ): 2906 26.227 4.64128 4.20036 8.79274 
Latency(us)/Energy(mJ): 29 0.417986 0.072512 0.0656234 0.142214 
0.5948 - "n02085620 Chihuahua"
0.0656 - "n02110806 basenji"
0.0383 - "n02113023 Pembroke, Pembroke Welsh corgi"
0.0311 - "n02091244 Ibizan hound, Ibizan Podenco"
0.0298 - "n02389026 sorrel"
