loading weight: /home/nvidia/caffe-build/models/bvlc_alexnet/bvlc_alexnet.caffemodel
loading prototxt: /home/nvidia/caffe-build/models/bvlc_alexnet/deploy.prototxt
---------- Prediction for /home/nvidia/Downloads/ILSVRC2012_img_train_t3/n02085620/n02085620_1152.JPEG ----------
Latency(us)/Energy(mJ): 0 0 0 0 0 
Latency(us)/Energy(mJ): 242 0.965323 0.0425113 0.121816 0.340513 
Latency(us)/Energy(mJ): 30 0.195042 0.0137799 0.0241261 0.068267 
Latency(us)/Energy(mJ): 58 0.123595 0.0086559 0.0151549 0.0428822 
Latency(us)/Energy(mJ): 53 0.324994 0.0281864 0.0395053 0.111784 
Latency(us)/Energy(mJ): 1083 5.15046 0.757198 0.575321 1.67187 
Latency(us)/Energy(mJ): 25 0.147779 0.028649 0.0154219 0.0464102 
Latency(us)/Energy(mJ): 47 0.234346 0.0450963 0.0242756 0.0730542 
Latency(us)/Energy(mJ): 46 0.150423 0.0289466 0.0155821 0.0468923 
Latency(us)/Energy(mJ): 1199 6.76404 1.6192 0.653424 1.97934 
Latency(us)/Energy(mJ): 28 0.169126 0.044193 0.0154646 0.0481894 
Latency(us)/Energy(mJ): 1038 6.45729 1.85428 0.550928 1.83796 
Latency(us)/Energy(mJ): 39 0.300216 0.0896713 0.0241475 0.0847875 
Latency(us)/Energy(mJ): 703 4.77914 1.49706 0.370062 1.34853 
Latency(us)/Energy(mJ): 38 0.321218 0.103006 0.0240407 0.0895898 
Latency(us)/Energy(mJ): 42 0.205345 0.0658486 0.0153685 0.057819 
Latency(us)/Energy(mJ): 623 4.64239 1.50419 0.341205 1.3068 
Latency(us)/Energy(mJ): 30 0.212733 0.0682907 0.0154326 0.0608056 
Latency(us)/Energy(mJ): 0 0 0 0 0 
Latency(us)/Energy(mJ): 4689 40.4399 12.4633 2.51085 12.4854 
Latency(us)/Energy(mJ): 33 0 0 0 0 
Latency(us)/Energy(mJ): 0 0 0 0 0 
Latency(us)/Energy(mJ): 2061 20.3772 6.06146 1.0981 6.68999 
Latency(us)/Energy(mJ): 41 0.753875 0.220136 0.039506 0.251044 
0.5948 - "n02085620 Chihuahua"
0.0656 - "n02110806 basenji"
0.0383 - "n02113023 Pembroke, Pembroke Welsh corgi"
0.0311 - "n02091244 Ibizan hound, Ibizan Podenco"
0.0298 - "n02389026 sorrel"
