loading weight: /home/nvidia/caffe-build/models/bvlc_alexnet/bvlc_alexnet.caffemodel
loading prototxt: /home/nvidia/caffe-build/models/bvlc_alexnet/deploy.prototxt
---------- Prediction for /home/nvidia/caffe-build/examples/images/cat.jpg ----------
Latency(us)/Energy(mJ): 0 0 0 0 0 
Latency(us)/Energy(mJ): 2392 10.3153 0.490946 2.54235 3.32765 
Latency(us)/Energy(mJ): 25 0 0 0 0 
Latency(us)/Energy(mJ): 207 0.851693 0.0713804 0.200277 0.269222 
Latency(us)/Energy(mJ): 102 0.337086 0.0282512 0.0792663 0.106554 
Latency(us)/Energy(mJ): 2362 11.6744 1.23097 2.61306 3.63831 
Latency(us)/Energy(mJ): 35 0 0 0 0 
Latency(us)/Energy(mJ): 151 0.939563 0.129019 0.200758 0.285858 
Latency(us)/Energy(mJ): 74 0.537072 0.0737495 0.114757 0.164568 
Latency(us)/Energy(mJ): 1813 9.06668 1.36309 1.88951 2.73614 
Latency(us)/Energy(mJ): 23 0 0 0 0 
Latency(us)/Energy(mJ): 1504 7.9936 1.4237 1.51141 2.35063 
Latency(us)/Energy(mJ): 23 0.555858 0.10168 0.10168 0.161027 
Latency(us)/Energy(mJ): 1076 5.59259 1.09374 1.01591 1.60886 
Latency(us)/Energy(mJ): 34 0.556774 0.115931 0.10044 0.160988 
Latency(us)/Energy(mJ): 33 0 0 0 0 
Latency(us)/Energy(mJ): 1381 7.6809 1.51134 1.38429 2.2215 
Latency(us)/Energy(mJ): 23 0 0 0 0 
Latency(us)/Energy(mJ): 2 0 0 0 0 
Latency(us)/Energy(mJ): 5013 31.5826 6.57263 5.02264 9.76299 
Latency(us)/Energy(mJ): 26 0 0 0 0 
Latency(us)/Energy(mJ): 1 0 0 0 0 
Latency(us)/Energy(mJ): 2141 15.1955 3.29094 2.14479 4.93248 
Latency(us)/Energy(mJ): 168 1.34343 0.296851 0.183632 0.44152 
0.3094 - "n02124075 Egyptian cat"
0.1761 - "n02123159 tiger cat"
0.1221 - "n02123045 tabby, tabby cat"
0.1132 - "n02119022 red fox, Vulpes vulpes"
0.0421 - "n02085620 Chihuahua"
