loading weight: /home/nvidia/caffe-build/models/bvlc_alexnet/bvlc_alexnet.caffemodel
loading prototxt: /home/nvidia/caffe-build/models/bvlc_alexnet/deploy.prototxt
---------- Prediction for /home/nvidia/caffe-build/examples/images/cat.jpg ----------
Latency(us)/Energy(mJ): 4 0 0 0 0 
Latency(us)/Energy(mJ): 3631 12.8823 0.671261 1.90561 4.65268 
Latency(us)/Energy(mJ): 62 0.436453 0.0432042 0.0603954 0.153816 
Latency(us)/Energy(mJ): 354 1.43921 0.142467 0.199155 0.507212 
Latency(us)/Energy(mJ): 182 0.730895 0.0712239 0.0995643 0.257301 
Latency(us)/Energy(mJ): 2412 9.97652 1.22112 1.29447 3.43319 
Latency(us)/Energy(mJ): 55 0.319026 0.0507693 0.0394626 0.107598 
Latency(us)/Energy(mJ): 294 1.30149 0.20531 0.159586 0.435126 
Latency(us)/Energy(mJ): 160 0.319004 0.0503228 0.0391155 0.106652 
Latency(us)/Energy(mJ): 1801 8.31989 1.40933 0.995857 2.76338 
Latency(us)/Energy(mJ): 55 0 0 0 0 
Latency(us)/Energy(mJ): 1689 8.30534 1.63463 0.95618 2.68049 
Latency(us)/Energy(mJ): 52 0.346365 0.0725648 0.0390621 0.110749 
Latency(us)/Energy(mJ): 1232 5.88286 1.26407 0.657594 1.86442 
Latency(us)/Energy(mJ): 56 0.355505 0.0782844 0.0391422 0.110976 
Latency(us)/Energy(mJ): 85 0 0 0 0 
Latency(us)/Energy(mJ): 2007 9.84523 2.10455 1.09478 3.11457 
Latency(us)/Energy(mJ): 59 0.558116 0.121004 0.0605022 0.180147 
Latency(us)/Energy(mJ): 4 0 0 0 0 
Latency(us)/Energy(mJ): 4945 27.546 6.0723 2.62752 9.24328 
Latency(us)/Energy(mJ): 55 0 0 0 0 
Latency(us)/Energy(mJ): 2 0.69972 0.155355 0.0604221 0.240331 
Latency(us)/Energy(mJ): 2126 13.6872 3.12161 1.1343 4.74635 
Latency(us)/Energy(mJ): 382 2.48328 0.567453 0.198701 0.872023 
0.3094 - "n02124075 Egyptian cat"
0.1761 - "n02123159 tiger cat"
0.1221 - "n02123045 tabby, tabby cat"
0.1132 - "n02119022 red fox, Vulpes vulpes"
0.0421 - "n02085620 Chihuahua"
