loading weight: /home/nvidia/caffe-build/models/bvlc_alexnet/bvlc_alexnet.caffemodel
loading prototxt: /home/nvidia/caffe-build/models/bvlc_alexnet/deploy.prototxt
---------- Prediction for /home/nvidia/caffe-build/examples/images/cat.jpg ----------
Latency(us)/Energy(mJ): 1 0 0 0 0 
Latency(us)/Energy(mJ): 12936 21.3507 2.63494 3.94652 4.07677 
Latency(us)/Energy(mJ): 83 0.205731 0.0411032 0.032818 0.0412108 
Latency(us)/Energy(mJ): 619 1.20647 0.237891 0.189939 0.238513 
Latency(us)/Energy(mJ): 267 0.39585 0.077546 0.061915 0.0794951 
Latency(us)/Energy(mJ): 9764 21.6035 5.35177 3.01427 4.37703 
Latency(us)/Energy(mJ): 80 0 0 0 0 
Latency(us)/Energy(mJ): 499 1.28026 0.365638 0.162092 0.254565 
Latency(us)/Energy(mJ): 262 0.728723 0.20812 0.0922625 0.144897 
Latency(us)/Energy(mJ): 5722 13.9703 4.18376 1.72262 2.80875 
Latency(us)/Energy(mJ): 84 0.523929 0.17178 0.0623725 0.101841 
Latency(us)/Energy(mJ): 4020 10.2967 3.42895 1.20254 1.96349 
Latency(us)/Energy(mJ): 78 0.234418 0.0803292 0.026718 0.0436248 
Latency(us)/Energy(mJ): 3921 10.5556 3.61715 1.20309 1.94526 
Latency(us)/Energy(mJ): 76 0.237094 0.0812462 0.027023 0.0424394 
Latency(us)/Energy(mJ): 126 0.308275 0.105638 0.035136 0.0551808 
Latency(us)/Energy(mJ): 7004 18.0674 5.86063 2.13136 3.42898 
Latency(us)/Energy(mJ): 98 0.29497 0.0866758 0.0346023 0.0608092 
Latency(us)/Energy(mJ): 2 0.24362 0.0715868 0.0285785 0.0502232 
Latency(us)/Energy(mJ): 32902 93.4109 27.1985 10.0294 22.6065 
Latency(us)/Energy(mJ): 156 0.339475 0.0881274 0.0351817 0.0883581 
Latency(us)/Energy(mJ): 8 0.275023 0.0713958 0.0285022 0.0715827 
Latency(us)/Energy(mJ): 14135 42.1029 10.7389 4.28714 11.1446 
Latency(us)/Energy(mJ): 608 1.86544 0.472076 0.18846 0.49741 
0.3094 - "n02124075 Egyptian cat"
0.1761 - "n02123159 tiger cat"
0.1221 - "n02123045 tabby, tabby cat"
0.1132 - "n02119022 red fox, Vulpes vulpes"
0.0421 - "n02085620 Chihuahua"
