loading weight: /home/nvidia/caffe-build/models/bvlc_alexnet/bvlc_alexnet.caffemodel
loading prototxt: /home/nvidia/caffe-build/models/bvlc_alexnet/deploy.prototxt
---------- Prediction for /home/nvidia/caffe-build/examples/images/cat.jpg ----------
Latency(us)/Energy(mJ): 0 0 0 0 0 
Latency(us)/Energy(mJ): 2998 11.0106 0.597516 5.01097 2.01979 
Latency(us)/Energy(mJ): 20 0 0 0 0 
Latency(us)/Energy(mJ): 279 0.84422 0.067405 0.354484 0.160888 
Latency(us)/Energy(mJ): 91 0.758843 0.0605882 0.318635 0.144617 
Latency(us)/Energy(mJ): 3623 14.2892 1.59486 5.73213 2.76179 
Latency(us)/Energy(mJ): 26 0 0 0 0 
Latency(us)/Energy(mJ): 177 0.848207 0.124461 0.326735 0.163978 
Latency(us)/Energy(mJ): 79 0.473863 0.0695318 0.173886 0.0937712 
Latency(us)/Energy(mJ): 2699 11.3261 1.75138 4.07716 2.19868 
Latency(us)/Energy(mJ): 33 0 0 0 0 
Latency(us)/Energy(mJ): 1954 8.7657 1.58937 3.05697 1.66462 
Latency(us)/Energy(mJ): 19 0 0 0 0 
Latency(us)/Energy(mJ): 1538 7.10034 1.39024 2.4306 1.34185 
Latency(us)/Energy(mJ): 19 0 0 0 0 
Latency(us)/Energy(mJ): 32 0 0 0 0 
Latency(us)/Energy(mJ): 2138 9.80161 1.91877 3.21409 1.87746 
Latency(us)/Energy(mJ): 20 0 0 0 0 
Latency(us)/Energy(mJ): 4 0 0 0 0 
Latency(us)/Energy(mJ): 8834 44.5921 8.82425 12.5668 10.6628 
Latency(us)/Energy(mJ): 21 0 0 0 0 
Latency(us)/Energy(mJ): 1 0 0 0 0 
Latency(us)/Energy(mJ): 3808 21.1226 4.20488 5.17545 5.80536 
Latency(us)/Energy(mJ): 146 1.14415 0.227084 0.272739 0.322761 
0.3094 - "n02124075 Egyptian cat"
0.1761 - "n02123159 tiger cat"
0.1221 - "n02123045 tabby, tabby cat"
0.1132 - "n02119022 red fox, Vulpes vulpes"
0.0421 - "n02085620 Chihuahua"
