loading weight: /home/nvidia/caffe-build/models/bvlc_alexnet/bvlc_alexnet.caffemodel
loading prototxt: /home/nvidia/caffe-build/models/bvlc_alexnet/deploy.prototxt
---------- Prediction for /home/nvidia/caffe-build/examples/images/cat.jpg ----------
Latency(us)/Energy(mJ): 0 0 0 0 0 
Latency(us)/Energy(mJ): 3264 13.8024 0.657327 3.4146 4.47106 
Latency(us)/Energy(mJ): 35 0.503099 0.0343278 0.120316 0.161734 
Latency(us)/Energy(mJ): 193 0.837273 0.0568368 0.199208 0.267785 
Latency(us)/Energy(mJ): 79 0.331789 0.022448 0.0786784 0.105763 
Latency(us)/Energy(mJ): 3647 17.1314 1.60083 3.90548 5.4282 
Latency(us)/Energy(mJ): 23 0 0 0 0 
Latency(us)/Energy(mJ): 150 0.90404 0.0995376 0.199262 0.28221 
Latency(us)/Energy(mJ): 64 0.354293 0.0390087 0.0780905 0.111986 
Latency(us)/Energy(mJ): 2900 14.3849 1.84587 3.02849 4.45835 
Latency(us)/Energy(mJ): 22 0 0 0 0 
Latency(us)/Energy(mJ): 2397 12.2831 1.81434 2.40292 3.71339 
Latency(us)/Energy(mJ): 24 0 0 0 0 
Latency(us)/Energy(mJ): 1527 8.05301 1.31224 1.55154 2.41185 
Latency(us)/Energy(mJ): 22 0 0 0 0 
Latency(us)/Energy(mJ): 33 0 0 0 0 
Latency(us)/Energy(mJ): 1671 8.69704 1.40704 1.66363 2.61008 
Latency(us)/Energy(mJ): 23 0 0 0 0 
Latency(us)/Energy(mJ): 3 0 0 0 0 
Latency(us)/Energy(mJ): 6625 39.2135 6.54361 6.6525 12.6637 
Latency(us)/Energy(mJ): 25 0 0 0 0 
Latency(us)/Energy(mJ): 1 0 0 0 0 
Latency(us)/Energy(mJ): 2859 19.0169 3.2562 2.88493 6.4871 
Latency(us)/Energy(mJ): 153 0.489932 0.0834548 0.0723664 0.168879 
0.3094 - "n02124075 Egyptian cat"
0.1761 - "n02123159 tiger cat"
0.1221 - "n02123045 tabby, tabby cat"
0.1132 - "n02119022 red fox, Vulpes vulpes"
0.0421 - "n02085620 Chihuahua"
