loading weight: /home/nvidia/caffe-build/models/bvlc_alexnet/bvlc_alexnet.caffemodel
loading prototxt: /home/nvidia/caffe-build/models/bvlc_alexnet/deploy.prototxt
---------- Prediction for /home/nvidia/caffe-build/examples/images/cat.jpg ----------
Latency(us)/Energy(mJ): 2 0 0 0 0 
Latency(us)/Energy(mJ): 20904 31.2922 3.98253 4.76443 4.99429 
Latency(us)/Energy(mJ): 389 0.963421 0.20565 0.123282 0.164735 
Latency(us)/Energy(mJ): 1524 2.77661 0.586656 0.351687 0.485056 
Latency(us)/Energy(mJ): 2083 3.50372 0.758727 0.429398 0.644989 
Latency(us)/Energy(mJ): 11981 24.8281 6.52721 2.78395 4.56418 
Latency(us)/Energy(mJ): 279 0.704549 0.214862 0.0715167 0.131478 
Latency(us)/Energy(mJ): 1360 3.25608 0.99299 0.330516 0.607629 
Latency(us)/Energy(mJ): 742 1.71404 0.521504 0.173582 0.331346 
Latency(us)/Energy(mJ): 5601 13.0099 4.03245 1.27656 2.45278 
Latency(us)/Energy(mJ): 336 1.01586 0.323401 0.0969357 0.180268 
Latency(us)/Energy(mJ): 4918 11.6428 3.87123 1.10554 2.03246 
Latency(us)/Energy(mJ): 333 1.07579 0.365148 0.0995463 0.183009 
Latency(us)/Energy(mJ): 7067 16.9029 5.67217 1.6093 2.82304 
Latency(us)/Energy(mJ): 321 0.763851 0.246237 0.0738067 0.123441 
Latency(us)/Energy(mJ): 484 1.27957 0.419207 0.125652 0.210152 
Latency(us)/Energy(mJ): 7914 18.0594 5.63374 1.82582 3.18067 
Latency(us)/Energy(mJ): 372 0.797078 0.235158 0.0782722 0.157228 
Latency(us)/Energy(mJ): 6 0.225738 0.0665984 0.0221672 0.044528 
Latency(us)/Energy(mJ): 32473 86.4854 24.1667 7.41753 20.8719 
Latency(us)/Energy(mJ): 354 1.19723 0.323439 0.0969472 0.316242 
Latency(us)/Energy(mJ): 2 0 0 0 0 
Latency(us)/Energy(mJ): 13969 40.5282 10.7438 3.22031 10.7927 
Latency(us)/Energy(mJ): 2240 6.63127 1.7407 0.521754 1.78854 
0.3094 - "n02124075 Egyptian cat"
0.1761 - "n02123159 tiger cat"
0.1221 - "n02123045 tabby, tabby cat"
0.1132 - "n02119022 red fox, Vulpes vulpes"
0.0421 - "n02085620 Chihuahua"
