loading weight: /home/nvidia/caffe-build/models/bvlc_alexnet/bvlc_alexnet.caffemodel
loading prototxt: /home/nvidia/caffe-build/models/bvlc_alexnet/deploy.prototxt
---------- Prediction for /home/nvidia/Downloads/ILSVRC2012_img_train_t3/n02085620/n02085620_1152.JPEG ----------
Latency(us)/Energy(mJ): 0 0 0 0 0 
Latency(us)/Energy(mJ): 117935 456.079 27.5016 80.6611 140.796 
Latency(us)/Energy(mJ): 766 3.00176 0.179948 0.539845 0.9186 
Latency(us)/Energy(mJ): 113873 426.904 26.0731 70.453 131.041 
Latency(us)/Energy(mJ): 8535 31.936 1.95315 5.21124 9.91793 
Latency(us)/Energy(mJ): 244868 936.576 56.0592 167.837 286.171 
Latency(us)/Energy(mJ): 476 1.86477 0.111789 0.335366 0.570659 
Latency(us)/Energy(mJ): 442494 1624.22 101.301 288.812 492.04 
Latency(us)/Energy(mJ): 4163 15.2691 0.953158 2.54314 4.62427 
Latency(us)/Energy(mJ): 162105 617.891 37.1129 111.297 189.104 
Latency(us)/Energy(mJ): 164 0.564443 0.033837 0.101511 0.172731 
Latency(us)/Energy(mJ): 123714 472.523 28.3266 84.9798 144.602 
Latency(us)/Energy(mJ): 166 0.671403 0.040249 0.120747 0.205463 
Latency(us)/Energy(mJ): 83090 318.392 19.0222 57.0667 97.926 
Latency(us)/Energy(mJ): 107 0.45374 0.0272006 0.0816019 0.138854 
Latency(us)/Energy(mJ): 1020 3.92879 0.235522 0.706566 1.20229 
Latency(us)/Energy(mJ): 195816 786.799 44.8295 134.489 253.939 
Latency(us)/Energy(mJ): 10 0 0 0 0 
Latency(us)/Energy(mJ): 0 0 0 0 0 
Latency(us)/Energy(mJ): 88300 354.132 20.2184 60.6553 115.042 
Latency(us)/Energy(mJ): 10 0 0 0 0 
Latency(us)/Energy(mJ): 1 0 0 0 0 
Latency(us)/Energy(mJ): 21282 85.3365 4.86789 14.6037 27.6981 
Latency(us)/Energy(mJ): 113 0.591302 0.0337592 0.101278 0.192088 
0.5948 - "n02085620 Chihuahua"
0.0656 - "n02110806 basenji"
0.0383 - "n02113023 Pembroke, Pembroke Welsh corgi"
0.0311 - "n02091244 Ibizan hound, Ibizan Podenco"
0.0298 - "n02389026 sorrel"
