loading weight: /home/nvidia/caffe-build/models/bvlc_alexnet/bvlc_alexnet.caffemodel
loading prototxt: /home/nvidia/caffe-build/models/bvlc_alexnet/deploy.prototxt
---------- Prediction for /home/nvidia/caffe-build/examples/images/cat.jpg ----------
Latency(us)/Energy(mJ): 7 0 0 0 0 
Latency(us)/Energy(mJ): 14434 24.3491 2.69922 5.52897 3.98864 
Latency(us)/Energy(mJ): 254 0.511704 0.083326 0.104362 0.08879 
Latency(us)/Energy(mJ): 1291 2.38817 0.38889 0.487069 0.439892 
Latency(us)/Energy(mJ): 517 1.10284 0.177129 0.221847 0.200359 
Latency(us)/Energy(mJ): 15466 31.5442 5.60136 5.90746 6.02789 
Latency(us)/Energy(mJ): 134 0.413962 0.0885543 0.0738597 0.0798832 
Latency(us)/Energy(mJ): 846 1.83302 0.392117 0.327049 0.360439 
Latency(us)/Energy(mJ): 433 1.07029 0.228954 0.190962 0.210458 
Latency(us)/Energy(mJ): 11635 25.1102 5.31273 4.43114 4.76598 
Latency(us)/Energy(mJ): 121 0.423707 0.0890581 0.0742799 0.0744743 
Latency(us)/Energy(mJ): 9127 19.7821 4.33995 3.48269 3.42177 
Latency(us)/Energy(mJ): 121 0.422835 0.103817 0.0741271 0.0706342 
Latency(us)/Energy(mJ): 6576 14.1451 3.52215 2.52114 2.40235 
Latency(us)/Energy(mJ): 117 0.415782 0.103897 0.0741844 0.0706888 
Latency(us)/Energy(mJ): 227 0.41621 0.104004 0.0742608 0.0707616 
Latency(us)/Energy(mJ): 8820 18.6928 4.06447 3.38272 3.26573 
Latency(us)/Energy(mJ): 121 0.175845 0.0369606 0.0308274 0.035508 
Latency(us)/Energy(mJ): 14 0.246772 0.0518685 0.0432615 0.04983 
Latency(us)/Energy(mJ): 35739 87.8942 16.3259 13.6168 21.5403 
Latency(us)/Energy(mJ): 113 0.50245 0.0885085 0.0738215 0.133343 
Latency(us)/Energy(mJ): 13 0 0 0 0 
Latency(us)/Energy(mJ): 15401 40.903 7.07722 5.90284 11.0989 
Latency(us)/Energy(mJ): 898 2.32585 0.398071 0.332015 0.632741 
0.3094 - "n02124075 Egyptian cat"
0.1761 - "n02123159 tiger cat"
0.1221 - "n02123045 tabby, tabby cat"
0.1132 - "n02119022 red fox, Vulpes vulpes"
0.0421 - "n02085620 Chihuahua"
