loading weight: /home/nvidia/caffe-build/models/bvlc_alexnet/bvlc_alexnet.caffemodel
loading prototxt: /home/nvidia/caffe-build/models/bvlc_alexnet/deploy.prototxt
---------- Prediction for /home/nvidia/Downloads/ILSVRC2012_img_train_t3/n02085620/n02085620_1152.JPEG ----------
Latency(us)/Energy(mJ): 0 0 0 0 0 
Latency(us)/Energy(mJ): 82211 355.096 18.8166 94.1468 97.8014 
Latency(us)/Energy(mJ): 1083 4.68705 0.250837 1.25528 1.28048 
Latency(us)/Energy(mJ): 93617 400.541 21.4329 107.786 107.769 
Latency(us)/Energy(mJ): 7696 32.6768 1.7618 8.45343 8.9538 
Latency(us)/Energy(mJ): 170324 722.51 38.9969 183.083 198.984 
Latency(us)/Energy(mJ): 695 2.94962 0.15927 0.74349 0.799825 
Latency(us)/Energy(mJ): 426675 1827.6 97.6842 522.356 474.412 
Latency(us)/Energy(mJ): 4407 18.7764 1.01378 5.27397 4.95096 
Latency(us)/Energy(mJ): 107362 450.958 24.5814 115.925 123.27 
Latency(us)/Energy(mJ): 243 1.10277 0.0600988 0.280548 0.301806 
Latency(us)/Energy(mJ): 82919 348.787 18.9765 89.1431 95.7081 
Latency(us)/Energy(mJ): 242 1.11387 0.0607033 0.283371 0.304842 
Latency(us)/Energy(mJ): 58202 246.905 13.328 63.0948 68.0209 
Latency(us)/Energy(mJ): 162 0.619186 0.033434 0.156074 0.170674 
Latency(us)/Energy(mJ): 1053 4.53058 0.244636 1.14199 1.24882 
Latency(us)/Energy(mJ): 158672 764.169 36.3285 224.294 208.312 
Latency(us)/Energy(mJ): 16 0 0 0 0 
Latency(us)/Energy(mJ): 2 0 0 0 0 
Latency(us)/Energy(mJ): 71970 346.926 16.4819 99.2274 94.4709 
Latency(us)/Energy(mJ): 15 0 0 0 0 
Latency(us)/Energy(mJ): 6 0 0 0 0 
Latency(us)/Energy(mJ): 17587 84.7089 4.03124 24.1875 23.0181 
Latency(us)/Energy(mJ): 165 0.702937 0.0334523 0.200714 0.190342 
0.5948 - "n02085620 Chihuahua"
0.0656 - "n02110806 basenji"
0.0383 - "n02113023 Pembroke, Pembroke Welsh corgi"
0.0311 - "n02091244 Ibizan hound, Ibizan Podenco"
0.0298 - "n02389026 sorrel"
