loading weight: /home/nvidia/caffe-build/models/bvlc_alexnet/bvlc_alexnet.caffemodel
loading prototxt: /home/nvidia/caffe-build/models/bvlc_alexnet/deploy.prototxt
---------- Prediction for /home/nvidia/caffe-build/examples/images/cat.jpg ----------
Latency(us)/Energy(mJ): 1 0 0 0 0 
Latency(us)/Energy(mJ): 3827 9.36598 0.733588 2.60288 2.02073 
Latency(us)/Energy(mJ): 40 0 0 0 0 
Latency(us)/Energy(mJ): 378 1.01749 0.114802 0.258963 0.223582 
Latency(us)/Energy(mJ): 184 0.818844 0.091988 0.207501 0.181307 
Latency(us)/Energy(mJ): 3586 10.4496 1.62587 2.45812 2.3461 
Latency(us)/Energy(mJ): 39 0 0 0 0 
Latency(us)/Energy(mJ): 290 0.821245 0.160662 0.18091 0.185011 
Latency(us)/Energy(mJ): 130 0.589035 0.114837 0.12931 0.133257 
Latency(us)/Energy(mJ): 2711 8.85066 1.82379 1.88901 1.99026 
Latency(us)/Energy(mJ): 43 0 0 0 0 
Latency(us)/Energy(mJ): 2024 6.99016 1.65948 1.29786 1.52147 
Latency(us)/Energy(mJ): 39 0 0 0 0 
Latency(us)/Energy(mJ): 1655 5.88333 1.49306 1.03406 1.26422 
Latency(us)/Energy(mJ): 39 0.263173 0.0685626 0.0457333 0.0559129 
Latency(us)/Energy(mJ): 58 0 0 0 0 
Latency(us)/Energy(mJ): 2586 9.17225 2.29117 1.60834 2.00177 
Latency(us)/Energy(mJ): 61 0 0 0 0 
Latency(us)/Energy(mJ): 7 0 0 0 0 
Latency(us)/Energy(mJ): 8867 36.9825 8.84949 5.47007 10.2179 
Latency(us)/Energy(mJ): 40 0 0 0 0 
Latency(us)/Energy(mJ): 1 0 0 0 0 
Latency(us)/Energy(mJ): 3810 18.3289 4.27669 2.34312 5.71638 
Latency(us)/Energy(mJ): 267 1.49099 0.345561 0.1844 0.477105 
0.3094 - "n02124075 Egyptian cat"
0.1761 - "n02123159 tiger cat"
0.1221 - "n02123045 tabby, tabby cat"
0.1132 - "n02119022 red fox, Vulpes vulpes"
0.0421 - "n02085620 Chihuahua"
