loading weight: /home/nvidia/caffe-build/models/bvlc_alexnet/bvlc_alexnet.caffemodel
loading prototxt: /home/nvidia/caffe-build/models/bvlc_alexnet/deploy.prototxt
---------- Prediction for /home/nvidia/caffe-build/examples/images/cat.jpg ----------
Latency(us)/Energy(mJ): 1 0 0 0 0 
Latency(us)/Energy(mJ): 3505 8.48978 0.717317 2.13881 1.87507 
Latency(us)/Energy(mJ): 64 0.223307 0.0323363 0.0517212 0.0502821 
Latency(us)/Energy(mJ): 356 0.839461 0.119833 0.191671 0.186338 
Latency(us)/Energy(mJ): 187 0.530918 0.0757888 0.121222 0.121619 
Latency(us)/Energy(mJ): 3246 9.47114 1.67207 1.99476 2.16264 
Latency(us)/Energy(mJ): 43 0 0 0 0 
Latency(us)/Energy(mJ): 274 0.968563 0.212317 0.18883 0.219116 
Latency(us)/Energy(mJ): 146 0.631006 0.137366 0.122169 0.143946 
Latency(us)/Energy(mJ): 2336 7.38313 1.73083 1.38508 1.67285 
Latency(us)/Energy(mJ): 47 0.387754 0.096852 0.0704483 0.0861291 
Latency(us)/Energy(mJ): 1763 5.77917 1.50295 1.02254 1.26147 
Latency(us)/Energy(mJ): 50 0.401424 0.112159 0.0690125 0.0865197 
Latency(us)/Energy(mJ): 1509 5.28821 1.46594 0.898048 1.12587 
Latency(us)/Energy(mJ): 48 0.4123 0.121385 0.069379 0.0869793 
Latency(us)/Energy(mJ): 60 0.314066 0.0915064 0.0523016 0.0655696 
Latency(us)/Energy(mJ): 2398 8.58317 2.3719 1.45018 1.86138 
Latency(us)/Energy(mJ): 42 0 0 0 0 
Latency(us)/Energy(mJ): 4 0 0 0 0 
Latency(us)/Energy(mJ): 8672 37.4746 10.1144 5.35062 10.1011 
Latency(us)/Energy(mJ): 39 0 0 0 0 
Latency(us)/Energy(mJ): 1 0 0 0 0 
Latency(us)/Energy(mJ): 3721 18.3913 4.90953 2.27138 5.6154 
Latency(us)/Energy(mJ): 276 1.43302 0.384789 0.164735 0.445279 
0.3094 - "n02124075 Egyptian cat"
0.1761 - "n02123159 tiger cat"
0.1221 - "n02123045 tabby, tabby cat"
0.1132 - "n02119022 red fox, Vulpes vulpes"
0.0421 - "n02085620 Chihuahua"
