loading weight: /home/nvidia/caffe-build/models/bvlc_alexnet/bvlc_alexnet.caffemodel
loading prototxt: /home/nvidia/caffe-build/models/bvlc_alexnet/deploy.prototxt
---------- Prediction for /home/nvidia/Downloads/ILSVRC2012_img_train_t3/n02085620/n02085620_1152.JPEG ----------
Latency(us)/Energy(mJ): 0 0 0 0 0 
Latency(us)/Energy(mJ): 248341 866.429 56.8489 94.8308 287.114 
Latency(us)/Energy(mJ): 1588 5.67736 0.369771 0.616823 1.85693 
Latency(us)/Energy(mJ): 244530 841.588 55.9839 93.388 277.292 
Latency(us)/Energy(mJ): 17655 61.0815 4.03601 6.73256 20.2634 
Latency(us)/Energy(mJ): 511389 1778.41 117.083 195.309 587.973 
Latency(us)/Energy(mJ): 1009 3.41644 0.224947 0.375239 1.12965 
Latency(us)/Energy(mJ): 953582 3238.13 218.322 364.189 1059.47 
Latency(us)/Energy(mJ): 8946 30.4378 2.04947 3.41877 9.94307 
Latency(us)/Energy(mJ): 342393 1189.89 78.3883 130.761 393.36 
Latency(us)/Energy(mJ): 350 1.21445 0.0799622 0.133387 0.401557 
Latency(us)/Energy(mJ): 261236 908.324 59.8063 99.7642 300.337 
Latency(us)/Energy(mJ): 350 1.2502 0.0823163 0.137314 0.413379 
Latency(us)/Energy(mJ): 174111 605.45 39.8643 66.4985 200.192 
Latency(us)/Energy(mJ): 233 0.824216 0.0542684 0.0905264 0.272527 
Latency(us)/Energy(mJ): 2202 7.51137 0.494567 0.824998 2.48363 
Latency(us)/Energy(mJ): 323683 1190.41 74.1096 123.624 402.245 
Latency(us)/Energy(mJ): 23 0.128079 0.00791424 0.0132019 0.0430272 
Latency(us)/Energy(mJ): 1 0 0 0 0 
Latency(us)/Energy(mJ): 146222 536.663 33.4796 55.848 182.018 
Latency(us)/Energy(mJ): 23 0 0 0 0 
Latency(us)/Energy(mJ): 3 0 0 0 0 
Latency(us)/Energy(mJ): 35718 131.561 8.18519 13.6539 44.62 
Latency(us)/Energy(mJ): 234 0.861995 0.0538013 0.0897471 0.2934 
0.5948 - "n02085620 Chihuahua"
0.0656 - "n02110806 basenji"
0.0383 - "n02113023 Pembroke, Pembroke Welsh corgi"
0.0311 - "n02091244 Ibizan hound, Ibizan Podenco"
0.0298 - "n02389026 sorrel"
