loading weight: /home/nvidia/caffe-build/models/bvlc_alexnet/bvlc_alexnet.caffemodel
loading prototxt: /home/nvidia/caffe-build/models/bvlc_alexnet/deploy.prototxt
---------- Prediction for /home/nvidia/Downloads/ILSVRC2012_img_train_t3/n02085620/n02085620_1152.JPEG ----------
Latency(us)/Energy(mJ): 0 0 0 0 0 
Latency(us)/Energy(mJ): 806 2.90895 0.17315 0.236735 1.03675 
Latency(us)/Energy(mJ): 128 0.620061 0.0603275 0.0482937 0.215342 
Latency(us)/Energy(mJ): 225 0.944922 0.099102 0.0723399 0.323237 
Latency(us)/Energy(mJ): 230 0.833519 0.0974196 0.0625433 0.282983 
Latency(us)/Energy(mJ): 1435 6.32877 0.943693 0.445123 2.09763 
Latency(us)/Energy(mJ): 133 0.575067 0.105958 0.0384727 0.18366 
Latency(us)/Energy(mJ): 199 0.884071 0.167398 0.0585478 0.279494 
Latency(us)/Energy(mJ): 212 1.11062 0.21777 0.0725107 0.346785 
Latency(us)/Energy(mJ): 1093 5.30477 1.1161 0.335732 1.67097 
Latency(us)/Energy(mJ): 133 0.630021 0.139206 0.0380152 0.19976 
Latency(us)/Energy(mJ): 1603 8.65838 2.02053 0.49033 2.75783 
Latency(us)/Energy(mJ): 142 0.718053 0.173328 0.0385032 0.229378 
Latency(us)/Energy(mJ): 1033 5.95565 1.4577 0.316194 1.89965 
Latency(us)/Energy(mJ): 125 0.662373 0.164459 0.0345931 0.210508 
Latency(us)/Energy(mJ): 149 0.921358 0.23026 0.048434 0.293216 
Latency(us)/Energy(mJ): 1413 8.19654 1.93313 0.442567 2.63911 
Latency(us)/Energy(mJ): 134 0.65168 0.146353 0.0344162 0.216498 
Latency(us)/Energy(mJ): 2 0 0 0 0 
Latency(us)/Energy(mJ): 5301 37.1855 8.24123 1.62822 13.2986 
Latency(us)/Energy(mJ): 140 0.988882 0.211067 0.0383873 0.370784 
Latency(us)/Energy(mJ): 1 0 0 0 0 
Latency(us)/Energy(mJ): 2302 18.9725 4.12624 0.709503 7.16958 
Latency(us)/Energy(mJ): 167 1.33939 0.291396 0.0485926 0.509027 
0.5948 - "n02085620 Chihuahua"
0.0656 - "n02110806 basenji"
0.0383 - "n02113023 Pembroke, Pembroke Welsh corgi"
0.0311 - "n02091244 Ibizan hound, Ibizan Podenco"
0.0298 - "n02389026 sorrel"
