loading weight: /home/nvidia/caffe-build/models/bvlc_alexnet/bvlc_alexnet.caffemodel
loading prototxt: /home/nvidia/caffe-build/models/bvlc_alexnet/deploy.prototxt
---------- Prediction for /home/nvidia/caffe-build/examples/images/cat.jpg ----------
Latency(us)/Energy(mJ): 0 0 0 0 0 
Latency(us)/Energy(mJ): 2922 11.3074 0.579065 2.0261 3.97241 
Latency(us)/Energy(mJ): 38 0 0 0 0 
Latency(us)/Energy(mJ): 271 1.54948 0.145085 0.26161 0.532739 
Latency(us)/Energy(mJ): 135 0.467054 0.0435293 0.0784897 0.162006 
Latency(us)/Energy(mJ): 2401 10.1425 1.2173 1.61802 3.41984 
Latency(us)/Energy(mJ): 38 0.509629 0.0776653 0.0776653 0.16901 
Latency(us)/Energy(mJ): 222 0.86624 0.130908 0.130908 0.284872 
Latency(us)/Energy(mJ): 111 0.367544 0.0555439 0.0555439 0.120871 
Latency(us)/Energy(mJ): 1829 8.82789 1.47247 1.3018 2.86527 
Latency(us)/Energy(mJ): 44 0 0 0 0 
Latency(us)/Energy(mJ): 1574 7.93744 1.55464 1.12273 2.48867 
Latency(us)/Energy(mJ): 39 0 0 0 0 
Latency(us)/Energy(mJ): 1153 6.05998 1.27663 0.83419 1.86145 
Latency(us)/Energy(mJ): 39 0 0 0 0 
Latency(us)/Energy(mJ): 58 0.573666 0.121538 0.0781806 0.174455 
Latency(us)/Energy(mJ): 1652 8.00566 1.70383 1.09601 2.46354 
Latency(us)/Energy(mJ): 40 0.58078 0.121218 0.0779745 0.182735 
Latency(us)/Energy(mJ): 5 0 0 0 0 
Latency(us)/Energy(mJ): 4906 27.8555 6.12997 3.13657 9.12275 
Latency(us)/Energy(mJ): 40 0.720375 0.16385 0.06893 0.242159 
Latency(us)/Energy(mJ): 1 0 0 0 0 
Latency(us)/Energy(mJ): 2158 14.2896 3.22779 1.31958 4.87735 
Latency(us)/Energy(mJ): 256 1.30782 0.291351 0.116541 0.449541 
0.3094 - "n02124075 Egyptian cat"
0.1761 - "n02123159 tiger cat"
0.1221 - "n02123045 tabby, tabby cat"
0.1132 - "n02119022 red fox, Vulpes vulpes"
0.0421 - "n02085620 Chihuahua"
