loading weight: /home/nvidia/caffe-build/models/bvlc_alexnet/bvlc_alexnet.caffemodel
loading prototxt: /home/nvidia/caffe-build/models/bvlc_alexnet/deploy.prototxt
---------- Prediction for /home/nvidia/caffe-build/examples/images/cat.jpg ----------
Latency(us)/Energy(mJ): 0 0 0 0 0 
Latency(us)/Energy(mJ): 9168 33.9536 1.89707 4.19043 13.1589 
Latency(us)/Energy(mJ): 30 0 0 0 0 
Latency(us)/Energy(mJ): 177 0.715365 0.0576907 0.0866307 0.271809 
Latency(us)/Energy(mJ): 82 0.28157 0.0227073 0.0340981 0.106985 
Latency(us)/Energy(mJ): 12595 49.4058 4.83833 5.78644 18.2783 
Latency(us)/Energy(mJ): 29 0 0 0 0 
Latency(us)/Energy(mJ): 148 0.743944 0.0857605 0.0857605 0.269078 
Latency(us)/Energy(mJ): 75 0.298017 0.0340294 0.0340294 0.106621 
Latency(us)/Energy(mJ): 10182 40.4744 4.99179 4.62161 14.3856 
Latency(us)/Energy(mJ): 29 0.454246 0.0604755 0.0518685 0.158437 
Latency(us)/Energy(mJ): 8112 32.1834 4.31245 3.69869 11.2052 
Latency(us)/Energy(mJ): 28 0.296783 0.0398898 0.0342126 0.103086 
Latency(us)/Energy(mJ): 4952 19.4157 2.6096 2.2382 6.67327 
Latency(us)/Energy(mJ): 29 0.441798 0.0593808 0.0509296 0.151232 
Latency(us)/Energy(mJ): 43 0 0 0 0 
Latency(us)/Energy(mJ): 3892 15.313 2.04493 1.75389 5.33239 
Latency(us)/Energy(mJ): 29 0.464192 0.0606357 0.0520059 0.163171 
Latency(us)/Energy(mJ): 0 0 0 0 0 
Latency(us)/Energy(mJ): 21759 99.4636 12.6166 9.93702 37.3687 
Latency(us)/Energy(mJ): 28 0.555032 0.0692655 0.0520059 0.215064 
Latency(us)/Energy(mJ): 0 0 0 0 0 
Latency(us)/Energy(mJ): 9460 46.9968 5.72924 4.30163 18.4459 
Latency(us)/Energy(mJ): 188 0.950027 0.114101 0.0856689 0.375783 
0.3094 - "n02124075 Egyptian cat"
0.1761 - "n02123159 tiger cat"
0.1221 - "n02123045 tabby, tabby cat"
0.1132 - "n02119022 red fox, Vulpes vulpes"
0.0421 - "n02085620 Chihuahua"
