loading weight: /home/nvidia/caffe-build/models/bvlc_alexnet/bvlc_alexnet.caffemodel
loading prototxt: /home/nvidia/caffe-build/models/bvlc_alexnet/deploy.prototxt
---------- Prediction for /home/nvidia/caffe-build/examples/images/cat.jpg ----------
Latency(us)/Energy(mJ): 6 0 0 0 0 
Latency(us)/Energy(mJ): 8158 19.7022 1.9143 6.87573 3.31987 
Latency(us)/Energy(mJ): 48 0 0 0 0 
Latency(us)/Energy(mJ): 631 1.80767 0.264955 0.582624 0.312892 
Latency(us)/Energy(mJ): 224 0.512563 0.0742226 0.163212 0.089378 
Latency(us)/Energy(mJ): 9802 27.4047 5.24315 7.85591 4.84275 
Latency(us)/Energy(mJ): 38 0.337896 0.0779848 0.0865994 0.0586019 
Latency(us)/Energy(mJ): 496 1.40092 0.323326 0.359042 0.242964 
Latency(us)/Energy(mJ): 180 0.575333 0.132784 0.147452 0.099781 
Latency(us)/Energy(mJ): 5847 17.639 4.28766 4.4495 3.11949 
Latency(us)/Energy(mJ): 35 0.356336 0.095508 0.0868668 0.0609432 
Latency(us)/Energy(mJ): 3860 12.2568 3.3762 2.96356 2.00544 
Latency(us)/Energy(mJ): 31 0 0 0 0 
Latency(us)/Energy(mJ): 3767 12.0964 3.45181 2.87902 1.94824 
Latency(us)/Energy(mJ): 31 0.361767 0.103233 0.0861028 0.0582659 
Latency(us)/Energy(mJ): 57 0 0 0 0 
Latency(us)/Energy(mJ): 7195 22.7069 6.08215 5.53755 3.69747 
Latency(us)/Energy(mJ): 40 0 0 0 0 
Latency(us)/Energy(mJ): 3 0 0 0 0 
Latency(us)/Energy(mJ): 33030 110.294 27.2502 25.155 23.0133 
Latency(us)/Energy(mJ): 38 0 0 0 0 
Latency(us)/Energy(mJ): 2 0.325306 0.0730766 0.0658072 0.0750853 
Latency(us)/Energy(mJ): 14263 48.9882 10.8968 10.1532 11.3477 
Latency(us)/Energy(mJ): 254 0.667532 0.148254 0.133506 0.15621 
0.3094 - "n02124075 Egyptian cat"
0.1761 - "n02123159 tiger cat"
0.1221 - "n02123045 tabby, tabby cat"
0.1132 - "n02119022 red fox, Vulpes vulpes"
0.0421 - "n02085620 Chihuahua"
