loading weight: /home/nvidia/caffe-build/models/bvlc_alexnet/bvlc_alexnet.caffemodel
loading prototxt: /home/nvidia/caffe-build/models/bvlc_alexnet/deploy.prototxt
---------- Prediction for /home/nvidia/Downloads/ILSVRC2012_img_train_t3/n02085620/n02085620_1152.JPEG ----------
Latency(us)/Energy(mJ): 0 0 0 0 0 
Latency(us)/Energy(mJ): 373 1.51171 0.0527622 0.238471 0.52554 
Latency(us)/Energy(mJ): 22 0.122027 0.00425904 0.0192497 0.0424223 
Latency(us)/Energy(mJ): 51 0.32166 0.0112267 0.0507418 0.111824 
Latency(us)/Energy(mJ): 46 0.197804 0.00690384 0.0312035 0.0687659 
Latency(us)/Energy(mJ): 6802 30.4976 2.39096 4.66988 9.96363 
Latency(us)/Energy(mJ): 22 0.128874 0.012879 0.0193184 0.041477 
Latency(us)/Energy(mJ): 41 0 0 0 0 
Latency(us)/Energy(mJ): 42 0.338804 0.0338554 0.050783 0.109032 
Latency(us)/Energy(mJ): 8899 41.1368 5.0712 6.10604 12.5588 
Latency(us)/Energy(mJ): 24 0.131104 0.0171935 0.0193322 0.0392834 
Latency(us)/Energy(mJ): 6200 29.8939 4.05938 4.26094 9.12968 
Latency(us)/Energy(mJ): 29 0.139898 0.0195108 0.0195108 0.043452 
Latency(us)/Energy(mJ): 4751 23.7529 3.27369 3.27369 7.39372 
Latency(us)/Energy(mJ): 29 0 0 0 0 
Latency(us)/Energy(mJ): 33 0.226436 0.0310936 0.0310936 0.0710129 
Latency(us)/Energy(mJ): 4424 22.3775 3.04465 3.04465 7.03676 
Latency(us)/Energy(mJ): 24 0 0 0 0 
Latency(us)/Energy(mJ): 0 0 0 0 0 
Latency(us)/Energy(mJ): 21562 123.864 14.8226 14.8384 43.6818 
Latency(us)/Energy(mJ): 25 0 0 0 0 
Latency(us)/Energy(mJ): 0 0.604433 0.069629 0.0697305 0.219443 
Latency(us)/Energy(mJ): 9474 57.2994 6.48307 6.49814 20.9323 
Latency(us)/Energy(mJ): 32 0.276692 0.0310758 0.0311211 0.100521 
0.5948 - "n02085620 Chihuahua"
0.0656 - "n02110806 basenji"
0.0383 - "n02113023 Pembroke, Pembroke Welsh corgi"
0.0311 - "n02091244 Ibizan hound, Ibizan Podenco"
0.0298 - "n02389026 sorrel"
