loading weight: /home/nvidia/caffe-build/models/bvlc_alexnet/bvlc_alexnet.caffemodel
loading prototxt: /home/nvidia/caffe-build/models/bvlc_alexnet/deploy.prototxt
---------- Prediction for /home/nvidia/caffe-build/examples/images/cat.jpg ----------
Latency(us)/Energy(mJ): 0 0 0 0 0 
Latency(us)/Energy(mJ): 10194 23.3009 2.03983 3.88129 6.25059 
Latency(us)/Energy(mJ): 35 0.183807 0.0232715 0.0291466 0.0467719 
Latency(us)/Energy(mJ): 271 0.466985 0.0591243 0.0740507 0.122513 
Latency(us)/Energy(mJ): 99 0.274265 0.0347242 0.0434907 0.0719532 
Latency(us)/Energy(mJ): 12641 32.2076 4.79287 4.85449 8.25508 
Latency(us)/Energy(mJ): 34 0 0 0 0 
Latency(us)/Energy(mJ): 202 0.510585 0.0886459 0.0739361 0.126001 
Latency(us)/Energy(mJ): 88 0.297434 0.0516395 0.0430705 0.0734003 
Latency(us)/Energy(mJ): 10140 26.5768 4.83796 3.8485 6.39225 
Latency(us)/Energy(mJ): 34 0.299677 0.060776 0.0433952 0.0696368 
Latency(us)/Energy(mJ): 8165 21.4911 4.37282 3.67942 4.81391 
Latency(us)/Energy(mJ): 34 0 0 0 0 
Latency(us)/Energy(mJ): 5002 12.9889 2.67273 2.28805 2.81782 
Latency(us)/Energy(mJ): 35 0.23088 0.047508 0.0406704 0.049284 
Latency(us)/Energy(mJ): 52 0 0 0 0 
Latency(us)/Energy(mJ): 4140 10.8889 2.21784 1.83368 2.44934 
Latency(us)/Energy(mJ): 34 0 0 0 0 
Latency(us)/Energy(mJ): 0 0 0 0 0 
Latency(us)/Energy(mJ): 21824 70.5352 12.4631 9.21661 21.4224 
Latency(us)/Energy(mJ): 35 0 0 0 0 
Latency(us)/Energy(mJ): 0 0 0 0 0 
Latency(us)/Energy(mJ): 9437 35.0219 5.82344 4.27593 11.912 
Latency(us)/Energy(mJ): 221 0.710412 0.115235 0.0863788 0.245746 
0.3094 - "n02124075 Egyptian cat"
0.1761 - "n02123159 tiger cat"
0.1221 - "n02123045 tabby, tabby cat"
0.1132 - "n02119022 red fox, Vulpes vulpes"
0.0421 - "n02085620 Chihuahua"
