loading weight: /home/nvidia/caffe-build/models/bvlc_alexnet/bvlc_alexnet.caffemodel
loading prototxt: /home/nvidia/caffe-build/models/bvlc_alexnet/deploy.prototxt
---------- Prediction for /home/nvidia/Downloads/ILSVRC2012_img_train_t3/n02085620/n02085620_1152.JPEG ----------
Latency(us)/Energy(mJ): 0 0 0 0 0 
Latency(us)/Energy(mJ): 219 0.886382 0.0394003 0.151822 0.305036 
Latency(us)/Energy(mJ): 21 0.126855 0.00644406 0.0214708 0.0431386 
Latency(us)/Energy(mJ): 52 0.206297 0.0138409 0.0346249 0.0695675 
Latency(us)/Energy(mJ): 45 0.128106 0.0085949 0.0215013 0.0437354 
Latency(us)/Energy(mJ): 1153 5.75729 0.687354 0.891291 1.85105 
Latency(us)/Energy(mJ): 23 0.238626 0.0379899 0.0345486 0.0737611 
Latency(us)/Energy(mJ): 39 0.147138 0.0234249 0.021303 0.0454817 
Latency(us)/Energy(mJ): 43 0.238966 0.0412383 0.0343503 0.0733376 
Latency(us)/Energy(mJ): 1322 7.41307 1.53042 1.00209 2.14955 
Latency(us)/Energy(mJ): 24 0.167096 0.0387735 0.0215471 0.0476126 
Latency(us)/Energy(mJ): 999 6.92188 1.73376 0.835912 1.95857 
Latency(us)/Energy(mJ): 33 0 0 0 0 
Latency(us)/Energy(mJ): 755 5.34024 1.47261 0.591112 1.50253 
Latency(us)/Energy(mJ): 29 0.199993 0.0580226 0.0214732 0.0560782 
Latency(us)/Energy(mJ): 38 0.321788 0.0928609 0.0343662 0.0906059 
Latency(us)/Energy(mJ): 624 4.46959 1.29749 0.469194 1.26536 
Latency(us)/Energy(mJ): 28 0.338164 0.0980819 0.0350063 0.0975766 
Latency(us)/Energy(mJ): 0 0 0 0 0 
Latency(us)/Energy(mJ): 4764 40.7121 11.3444 3.4687 12.6929 
Latency(us)/Energy(mJ): 26 0 0 0 0 
Latency(us)/Energy(mJ): 0 0 0 0 0 
Latency(us)/Energy(mJ): 2121 21.12 5.72275 1.47911 7.02178 
Latency(us)/Energy(mJ): 35 0.285619 0.0778444 0.019454 0.0961908 
0.5948 - "n02085620 Chihuahua"
0.0656 - "n02110806 basenji"
0.0383 - "n02113023 Pembroke, Pembroke Welsh corgi"
0.0311 - "n02091244 Ibizan hound, Ibizan Podenco"
0.0298 - "n02389026 sorrel"
