loading weight: /home/nvidia/caffe-build/models/bvlc_alexnet/bvlc_alexnet.caffemodel
loading prototxt: /home/nvidia/caffe-build/models/bvlc_alexnet/deploy.prototxt
---------- Prediction for /home/nvidia/Downloads/ILSVRC2012_img_train_t3/n02085620/n02085620_1152.JPEG ----------
Latency(us)/Energy(mJ): 0 0 0 0 0 
Latency(us)/Energy(mJ): 314 1.38091 0.0621044 0.34121 0.405838 
Latency(us)/Energy(mJ): 31 0.214022 0.013786 0.051754 0.062376 
Latency(us)/Energy(mJ): 77 0.352222 0.0278359 0.0836537 0.100823 
Latency(us)/Energy(mJ): 67 0.356156 0.0313254 0.0836766 0.10171 
Latency(us)/Energy(mJ): 1027 5.41579 0.789351 1.17024 1.4723 
Latency(us)/Energy(mJ): 30 0.157183 0.0297118 0.0318539 0.0415909 
Latency(us)/Energy(mJ): 56 0.41628 0.0800753 0.083585 0.109135 
Latency(us)/Energy(mJ): 59 0.260533 0.0517088 0.051754 0.067574 
Latency(us)/Energy(mJ): 1038 6.43415 1.54575 1.20158 1.59676 
Latency(us)/Energy(mJ): 38 0.290979 0.0757114 0.0516173 0.0717408 
Latency(us)/Energy(mJ): 1053 7.30629 2.09101 1.15128 1.79509 
Latency(us)/Energy(mJ): 50 0.334435 0.103372 0.0482736 0.0821284 
Latency(us)/Energy(mJ): 646 5.02595 1.58124 0.701784 1.23633 
Latency(us)/Energy(mJ): 43 0.218739 0.0700454 0.0297053 0.0543158 
Latency(us)/Energy(mJ): 49 0.577235 0.189164 0.0778697 0.142384 
Latency(us)/Energy(mJ): 747 5.78612 1.85933 0.779102 1.43556 
Latency(us)/Energy(mJ): 33 0.360653 0.113824 0.0482711 0.0917467 
Latency(us)/Energy(mJ): 1 0 0 0 0 
Latency(us)/Energy(mJ): 4659 43.2671 13.4184 4.98393 12.1137 
Latency(us)/Energy(mJ): 35 0.285923 0.0867916 0.0296348 0.0850958 
Latency(us)/Energy(mJ): 1 0 0 0 0 
Latency(us)/Energy(mJ): 2028 21.4457 6.50781 2.04538 6.47713 
Latency(us)/Energy(mJ): 44 0.303798 0.0931022 0.027522 0.0930744 
0.5948 - "n02085620 Chihuahua"
0.0656 - "n02110806 basenji"
0.0383 - "n02113023 Pembroke, Pembroke Welsh corgi"
0.0311 - "n02091244 Ibizan hound, Ibizan Podenco"
0.0298 - "n02389026 sorrel"
