loading weight: /home/nvidia/caffe-build/models/bvlc_alexnet/bvlc_alexnet.caffemodel
loading prototxt: /home/nvidia/caffe-build/models/bvlc_alexnet/deploy.prototxt
---------- Prediction for /home/nvidia/Downloads/ILSVRC2012_img_train_t3/n02085620/n02085620_1152.JPEG ----------
Latency(us)/Energy(mJ): 0 0 0 0 0 
Latency(us)/Energy(mJ): 667 2.45438 0.218484 0.202422 0.857158 
Latency(us)/Energy(mJ): 89 0.35154 0.0530348 0.026474 0.11475 
Latency(us)/Energy(mJ): 168 0.734069 0.127185 0.0535275 0.232855 
Latency(us)/Energy(mJ): 163 0.557931 0.108562 0.0394182 0.174099 
Latency(us)/Energy(mJ): 929 4.52314 1.06861 0.291153 1.3411 
Latency(us)/Energy(mJ): 87 0.460708 0.134987 0.026962 0.127031 
Latency(us)/Energy(mJ): 141 0.704766 0.216294 0.0404979 0.190805 
Latency(us)/Energy(mJ): 144 0.943727 0.298375 0.0529907 0.252175 
Latency(us)/Energy(mJ): 587 3.15597 1.02357 0.17155 0.84546 
Latency(us)/Energy(mJ): 93 0.515498 0.172806 0.0265655 0.137693 
Latency(us)/Energy(mJ): 1061 6.97578 2.51858 0.330016 1.84637 
Latency(us)/Energy(mJ): 88 0.597158 0.225527 0.0261568 0.155826 
Latency(us)/Energy(mJ): 694 4.91981 1.90207 0.212792 1.29305 
Latency(us)/Energy(mJ): 87 0.609584 0.238487 0.0257847 0.160119 
Latency(us)/Energy(mJ): 104 0.946962 0.371695 0.0401868 0.24705 
Latency(us)/Energy(mJ): 1289 8.77786 3.30549 0.385605 2.33555 
Latency(us)/Energy(mJ): 95 0.895386 0.331282 0.0389668 0.248451 
Latency(us)/Energy(mJ): 2 0 0 0 0 
Latency(us)/Energy(mJ): 4561 38.483 13.7553 1.38665 11.5281 
Latency(us)/Energy(mJ): 96 0.833695 0.291514 0.0264419 0.26211 
Latency(us)/Energy(mJ): 1 0 0 0 0 
Latency(us)/Energy(mJ): 1955 19.4437 6.76384 0.591852 6.17735 
Latency(us)/Energy(mJ): 115 1.38638 0.481232 0.0408758 0.445964 
0.5948 - "n02085620 Chihuahua"
0.0656 - "n02110806 basenji"
0.0383 - "n02113023 Pembroke, Pembroke Welsh corgi"
0.0311 - "n02091244 Ibizan hound, Ibizan Podenco"
0.0298 - "n02389026 sorrel"
