loading weight: /home/nvidia/caffe-build/models/bvlc_alexnet/bvlc_alexnet.caffemodel
loading prototxt: /home/nvidia/caffe-build/models/bvlc_alexnet/deploy.prototxt
---------- Prediction for /home/nvidia/Downloads/ILSVRC2012_img_train_t3/n02085620/n02085620_1152.JPEG ----------
Latency(us)/Energy(mJ): 0 0 0 0 0 
Latency(us)/Energy(mJ): 330 1.38826 0.0448035 0.382598 0.400874 
Latency(us)/Energy(mJ): 29 0.215594 0.0103416 0.0586177 0.0614176 
Latency(us)/Energy(mJ): 73 0.347834 0.0166849 0.0945723 0.0999908 
Latency(us)/Energy(mJ): 64 0.34955 0.0166849 0.0945723 0.100547 
Latency(us)/Energy(mJ): 1959 9.92462 0.848539 2.45742 2.76931 
Latency(us)/Energy(mJ): 25 0.146819 0.0168726 0.0337729 0.040273 
Latency(us)/Energy(mJ): 48 0.239815 0.0275598 0.0551648 0.0657821 
Latency(us)/Energy(mJ): 53 0.386953 0.044469 0.0890109 0.106142 
Latency(us)/Energy(mJ): 2422 13.2831 1.94075 2.93067 3.54586 
Latency(us)/Energy(mJ): 28 0.154602 0.024705 0.032967 0.041391 
Latency(us)/Energy(mJ): 1895 11.3692 2.02443 2.30984 3.08137 
Latency(us)/Energy(mJ): 46 0.455978 0.0889376 0.0889376 0.12543 
Latency(us)/Energy(mJ): 1335 8.38761 1.64696 1.59809 2.33138 
Latency(us)/Energy(mJ): 45 0.476064 0.0945562 0.0869543 0.134028 
Latency(us)/Energy(mJ): 54 0.296385 0.0585274 0.0551404 0.0829589 
Latency(us)/Energy(mJ): 1030 6.94406 1.42283 1.23053 1.96388 
Latency(us)/Energy(mJ): 32 0 0 0 0 
Latency(us)/Energy(mJ): 1 0 0 0 0 
Latency(us)/Energy(mJ): 6518 50.8018 9.74468 7.49486 16.3198 
Latency(us)/Energy(mJ): 32 0 0 0 0 
Latency(us)/Energy(mJ): 1 0.382573 0.07232 0.0516636 0.130583 
Latency(us)/Energy(mJ): 2911 24.9582 4.58714 3.27694 8.66099 
Latency(us)/Energy(mJ): 42 0.650946 0.117248 0.083759 0.22856 
0.5948 - "n02085620 Chihuahua"
0.0656 - "n02110806 basenji"
0.0383 - "n02113023 Pembroke, Pembroke Welsh corgi"
0.0311 - "n02091244 Ibizan hound, Ibizan Podenco"
0.0298 - "n02389026 sorrel"
