loading weight: /home/nvidia/caffe-build/models/bvlc_alexnet/bvlc_alexnet.caffemodel
loading prototxt: /home/nvidia/caffe-build/models/bvlc_alexnet/deploy.prototxt
---------- Prediction for /home/nvidia/Downloads/ILSVRC2012_img_train_t3/n02085620/n02085620_1152.JPEG ----------
Latency(us)/Energy(mJ): 1 0 0 0 0 
Latency(us)/Energy(mJ): 383 1.57647 0.0679382 0.284896 0.501444 
Latency(us)/Energy(mJ): 38 0.195042 0.0103462 0.0345175 0.0614448 
Latency(us)/Energy(mJ): 91 0.321907 0.0204984 0.0565841 0.100858 
Latency(us)/Energy(mJ): 81 0.449718 0.0312991 0.0782991 0.139563 
Latency(us)/Energy(mJ): 1326 6.24008 0.702484 1.01545 1.88538 
Latency(us)/Energy(mJ): 34 0 0 0 0 
Latency(us)/Energy(mJ): 68 0.36684 0.0529505 0.0563857 0.108144 
Latency(us)/Energy(mJ): 72 0.368457 0.056462 0.056462 0.10915 
Latency(us)/Energy(mJ): 1476 7.75729 1.42501 1.12733 2.20707 
Latency(us)/Energy(mJ): 42 0.40776 0.0846331 0.0564467 0.114817 
Latency(us)/Energy(mJ): 1363 7.82999 1.7432 1.01548 2.2243 
Latency(us)/Energy(mJ): 55 0.460055 0.107213 0.0564162 0.131539 
Latency(us)/Energy(mJ): 830 5.50297 1.34141 0.65499 1.57838 
Latency(us)/Energy(mJ): 48 0.188227 0.048125 0.0218828 0.0543199 
Latency(us)/Energy(mJ): 63 0.488342 0.124138 0.0564467 0.140118 
Latency(us)/Energy(mJ): 861 5.66058 1.40827 0.653128 1.6418 
Latency(us)/Energy(mJ): 49 0.494439 0.118612 0.0564925 0.146794 
Latency(us)/Energy(mJ): 3 0 0 0 0 
Latency(us)/Energy(mJ): 5120 40.1113 9.52773 3.88373 13.069 
Latency(us)/Energy(mJ): 44 0.394641 0.0930216 0.0344424 0.135781 
Latency(us)/Energy(mJ): 1 0 0 0 0 
Latency(us)/Energy(mJ): 2269 20.2625 4.68068 1.55359 7.05892 
Latency(us)/Energy(mJ): 57 0.695379 0.159506 0.0512991 0.24468 
0.5948 - "n02085620 Chihuahua"
0.0656 - "n02110806 basenji"
0.0383 - "n02113023 Pembroke, Pembroke Welsh corgi"
0.0311 - "n02091244 Ibizan hound, Ibizan Podenco"
0.0298 - "n02389026 sorrel"
