loading weight: /home/nvidia/caffe-build/models/bvlc_alexnet/bvlc_alexnet.caffemodel
loading prototxt: /home/nvidia/caffe-build/models/bvlc_alexnet/deploy.prototxt
---------- Prediction for /home/nvidia/Downloads/ILSVRC2012_img_train_t3/n02085620/n02085620_1152.JPEG ----------
Latency(us)/Energy(mJ): 0 0 0 0 0 
Latency(us)/Energy(mJ): 328 1.29087 0.0916814 0.148099 0.455927 
Latency(us)/Energy(mJ): 39 0.191107 0.0208298 0.0208298 0.0644906 
Latency(us)/Energy(mJ): 84 0.325116 0.0383212 0.0349271 0.108985 
Latency(us)/Energy(mJ): 75 0.335766 0.0447982 0.03544 0.111195 
Latency(us)/Energy(mJ): 927 4.47529 0.914446 0.423073 1.3746 
Latency(us)/Energy(mJ): 39 0.167202 0.043281 0.014427 0.0482895 
Latency(us)/Energy(mJ): 64 0.413836 0.108445 0.0353484 0.118317 
Latency(us)/Energy(mJ): 69 0.418658 0.117548 0.0352568 0.11801 
Latency(us)/Energy(mJ): 879 4.98593 1.59291 0.387355 1.32411 
Latency(us)/Energy(mJ): 42 0.481942 0.163618 0.0350062 0.124552 
Latency(us)/Energy(mJ): 956 6.28502 2.2739 0.420934 1.60637 
Latency(us)/Energy(mJ): 50 0.551176 0.212985 0.0345035 0.140128 
Latency(us)/Energy(mJ): 613 4.71596 1.86058 0.281667 1.18529 
Latency(us)/Energy(mJ): 46 0.36 0.145261 0.0207387 0.0903062 
Latency(us)/Energy(mJ): 56 0.251118 0.103225 0.0143955 0.062685 
Latency(us)/Energy(mJ): 777 6.5015 2.60394 0.373058 1.62913 
Latency(us)/Energy(mJ): 45 0.253436 0.10128 0.0144595 0.0653682 
Latency(us)/Energy(mJ): 1 0 0 0 0 
Latency(us)/Energy(mJ): 4560 42.9661 16.5335 2.08747 11.9757 
Latency(us)/Energy(mJ): 44 0.328878 0.123806 0.0142637 0.0963424 
Latency(us)/Energy(mJ): 0 0 0 0 0 
Latency(us)/Energy(mJ): 2005 22.1581 8.3074 0.927203 6.59706 
Latency(us)/Energy(mJ): 55 0.353538 0.132162 0.0144005 0.106961 
0.5948 - "n02085620 Chihuahua"
0.0656 - "n02110806 basenji"
0.0383 - "n02113023 Pembroke, Pembroke Welsh corgi"
0.0311 - "n02091244 Ibizan hound, Ibizan Podenco"
0.0298 - "n02389026 sorrel"
