loading weight: /home/nvidia/caffe-build/models/bvlc_alexnet/bvlc_alexnet.caffemodel
loading prototxt: /home/nvidia/caffe-build/models/bvlc_alexnet/deploy.prototxt
---------- Prediction for /home/nvidia/caffe-build/examples/images/cat.jpg ----------
Latency(us)/Energy(mJ): 0 0 0 0 0 
Latency(us)/Energy(mJ): 2426 10.5647 0.511419 2.61258 3.42275 
Latency(us)/Energy(mJ): 26 0 0 0 0 
Latency(us)/Energy(mJ): 212 0.843529 0.0710565 0.199369 0.268 
Latency(us)/Energy(mJ): 91 0.513925 0.0430721 0.12085 0.164601 
Latency(us)/Energy(mJ): 2426 11.5585 1.23916 2.59468 3.61059 
Latency(us)/Energy(mJ): 25 0.368721 0.0506319 0.0787853 0.111582 
Latency(us)/Energy(mJ): 166 0.569592 0.078215 0.121706 0.172369 
Latency(us)/Energy(mJ): 75 0.374475 0.051422 0.0800146 0.114745 
Latency(us)/Energy(mJ): 1865 9.5893 1.4451 1.98993 2.89933 
Latency(us)/Energy(mJ): 21 0 0 0 0 
Latency(us)/Energy(mJ): 1516 8.56704 1.5411 1.59811 2.51306 
Latency(us)/Energy(mJ): 21 0 0 0 0 
Latency(us)/Energy(mJ): 1080 5.47197 1.07291 0.996563 1.57823 
Latency(us)/Energy(mJ): 27 0.621662 0.129442 0.112146 0.177602 
Latency(us)/Energy(mJ): 33 0 0 0 0 
Latency(us)/Energy(mJ): 1428 8.19159 1.62126 1.47922 2.37202 
Latency(us)/Energy(mJ): 25 0 0 0 0 
Latency(us)/Energy(mJ): 2 0 0 0 0 
Latency(us)/Energy(mJ): 4992 30.7263 6.40814 4.90187 9.48476 
Latency(us)/Energy(mJ): 24 0.768175 0.163882 0.112195 0.246671 
Latency(us)/Energy(mJ): 1 0 0 0 0 
Latency(us)/Energy(mJ): 2155 14.9951 3.2512 2.11766 4.86369 
Latency(us)/Energy(mJ): 156 0.821787 0.181587 0.11233 0.268866 
0.3094 - "n02124075 Egyptian cat"
0.1761 - "n02123159 tiger cat"
0.1221 - "n02123045 tabby, tabby cat"
0.1132 - "n02119022 red fox, Vulpes vulpes"
0.0421 - "n02085620 Chihuahua"
