loading weight: /home/nvidia/caffe-build/models/bvlc_alexnet/bvlc_alexnet.caffemodel
loading prototxt: /home/nvidia/caffe-build/models/bvlc_alexnet/deploy.prototxt
---------- Prediction for /home/nvidia/Downloads/ILSVRC2012_img_train_t3/n02085620/n02085620_1152.JPEG ----------
Latency(us)/Energy(mJ): 0 0 0 0 0 
Latency(us)/Energy(mJ): 233 1.01144 0.0522807 0.156842 0.34618 
Latency(us)/Energy(mJ): 26 0 0 0 0 
Latency(us)/Energy(mJ): 52 0.336768 0.0225944 0.050893 0.113565 
Latency(us)/Energy(mJ): 48 0.20431 0.016985 0.0306265 0.0683411 
Latency(us)/Energy(mJ): 1029 5.13916 0.713216 0.704986 1.61413 
Latency(us)/Energy(mJ): 23 0.153003 0.028391 0.0196619 0.0459923 
Latency(us)/Energy(mJ): 42 0.245233 0.0451757 0.031286 0.0731828 
Latency(us)/Energy(mJ): 43 0.155749 0.030673 0.0197306 0.046153 
Latency(us)/Energy(mJ): 1122 6.68487 1.61859 0.786427 1.87259 
Latency(us)/Energy(mJ): 26 0.176491 0.0479187 0.0195784 0.0480328 
Latency(us)/Energy(mJ): 997 6.63274 1.92608 0.684985 1.79929 
Latency(us)/Energy(mJ): 34 0.201746 0.0610469 0.0196059 0.0546735 
Latency(us)/Energy(mJ): 673 4.83078 1.5397 0.453323 1.30055 
Latency(us)/Energy(mJ): 36 0.341501 0.110337 0.0310209 0.0917062 
Latency(us)/Energy(mJ): 37 0.214779 0.071555 0.0195098 0.0576763 
Latency(us)/Energy(mJ): 636 5.11529 1.69085 0.456423 1.37791 
Latency(us)/Energy(mJ): 29 0 0 0 0 
Latency(us)/Energy(mJ): 0 0 0 0 0 
Latency(us)/Energy(mJ): 4650 42.048 13.4905 3.19333 12.4156 
Latency(us)/Energy(mJ): 28 0.285942 0.0912709 0.0195499 0.0890163 
Latency(us)/Energy(mJ): 0 0 0 0 0 
Latency(us)/Energy(mJ): 2050 21.254 6.66647 1.40303 6.6884 
Latency(us)/Energy(mJ): 38 0.484023 0.151978 0.0310853 0.154564 
0.5948 - "n02085620 Chihuahua"
0.0656 - "n02110806 basenji"
0.0383 - "n02113023 Pembroke, Pembroke Welsh corgi"
0.0311 - "n02091244 Ibizan hound, Ibizan Podenco"
0.0298 - "n02389026 sorrel"
