loading weight: /home/nvidia/caffe-build/models/bvlc_alexnet/bvlc_alexnet.caffemodel
loading prototxt: /home/nvidia/caffe-build/models/bvlc_alexnet/deploy.prototxt
---------- Prediction for /home/nvidia/Downloads/ILSVRC2012_img_train_t3/n02085620/n02085620_1152.JPEG ----------
Latency(us)/Energy(mJ): 0 0 0 0 0 
Latency(us)/Energy(mJ): 500 1.49543 0.0762528 0.171274 0.544486 
Latency(us)/Energy(mJ): 46 0.306916 0.0282397 0.0283138 0.107919 
Latency(us)/Energy(mJ): 221 0.941622 0.0978792 0.0844602 0.327626 
Latency(us)/Energy(mJ): 162 0.648949 0.0789572 0.0563347 0.221051 
Latency(us)/Energy(mJ): 937 4.48891 0.703662 0.36448 1.46863 
Latency(us)/Energy(mJ): 47 0.22477 0.0449178 0.0172517 0.0702746 
Latency(us)/Energy(mJ): 162 0.745338 0.15041 0.0564109 0.232059 
Latency(us)/Energy(mJ): 130 0.761881 0.164645 0.0566776 0.233702 
Latency(us)/Energy(mJ): 981 5.33226 1.32727 0.374706 1.56937 
Latency(us)/Energy(mJ): 53 0.255606 0.0690362 0.0172364 0.0745555 
Latency(us)/Energy(mJ): 1115 6.90172 2.00242 0.430896 2.00847 
Latency(us)/Energy(mJ): 58 0.29451 0.0900282 0.0172974 0.0859876 
Latency(us)/Energy(mJ): 703 4.63173 1.47362 0.26385 1.34636 
Latency(us)/Energy(mJ): 52 0.509595 0.165953 0.0282092 0.148746 
Latency(us)/Energy(mJ): 66 0.515736 0.169907 0.0282931 0.149736 
Latency(us)/Energy(mJ): 2349 15.5433 4.80844 0.895426 4.58574 
Latency(us)/Energy(mJ): 53 0.295751 0.087455 0.0174727 0.0903901 
Latency(us)/Energy(mJ): 0 0 0 0 0 
Latency(us)/Energy(mJ): 4801 37.0326 10.8511 1.81953 12.0242 
Latency(us)/Energy(mJ): 49 0.654712 0.192615 0.0283235 0.220492 
Latency(us)/Energy(mJ): 0 0 0 0 0 
Latency(us)/Energy(mJ): 2049 18.8685 5.53921 0.781004 6.41727 
Latency(us)/Energy(mJ): 66 0.710945 0.209508 0.0283159 0.243175 
0.5948 - "n02085620 Chihuahua"
0.0656 - "n02110806 basenji"
0.0383 - "n02113023 Pembroke, Pembroke Welsh corgi"
0.0311 - "n02091244 Ibizan hound, Ibizan Podenco"
0.0298 - "n02389026 sorrel"
