loading weight: /home/nvidia/caffe-build/models/bvlc_alexnet/bvlc_alexnet.caffemodel
loading prototxt: /home/nvidia/caffe-build/models/bvlc_alexnet/deploy.prototxt
---------- Prediction for /home/nvidia/Downloads/ILSVRC2012_img_train_t3/n02085620/n02085620_1152.JPEG ----------
Latency(us)/Energy(mJ): 0 0 0 0 0 
Latency(us)/Energy(mJ): 865 3.08946 0.175962 0.254199 1.11095 
Latency(us)/Energy(mJ): 130 0.614324 0.0510534 0.0484523 0.21605 
Latency(us)/Energy(mJ): 211 0.808192 0.0786992 0.0628727 0.28035 
Latency(us)/Energy(mJ): 214 0.770253 0.0861159 0.0591334 0.263677 
Latency(us)/Energy(mJ): 1660 7.04038 0.999673 0.506501 2.35027 
Latency(us)/Energy(mJ): 134 0.722978 0.123408 0.0493307 0.23242 
Latency(us)/Energy(mJ): 171 0.707395 0.131813 0.0478606 0.225494 
Latency(us)/Energy(mJ): 209 1.08706 0.200306 0.0727303 0.342667 
Latency(us)/Energy(mJ): 1321 6.30752 1.27171 0.407596 1.98614 
Latency(us)/Energy(mJ): 139 0.619756 0.133714 0.038186 0.196439 
Latency(us)/Energy(mJ): 1805 9.56428 2.16907 0.553197 3.05087 
Latency(us)/Energy(mJ): 132 0.63225 0.147443 0.0346724 0.202237 
Latency(us)/Energy(mJ): 1083 6.30252 1.5168 0.340953 2.01819 
Latency(us)/Energy(mJ): 132 0.718327 0.172971 0.0384239 0.228906 
Latency(us)/Energy(mJ): 153 0.906699 0.219598 0.0487817 0.289738 
Latency(us)/Energy(mJ): 1358 7.54694 1.74238 0.415624 2.43987 
Latency(us)/Energy(mJ): 151 1.37785 0.312914 0.0735843 0.458891 
Latency(us)/Energy(mJ): 8 0 0 0 0 
Latency(us)/Energy(mJ): 5625 38.5407 8.33337 1.7237 13.9001 
Latency(us)/Energy(mJ): 147 0.94694 0.198748 0.0378627 0.357791 
Latency(us)/Energy(mJ): 2 0.256606 0.0538576 0.0102602 0.097186 
Latency(us)/Energy(mJ): 2470 19.3586 4.04531 0.746408 7.42042 
Latency(us)/Energy(mJ): 170 1.58204 0.325942 0.0592798 0.612954 
0.5948 - "n02085620 Chihuahua"
0.0656 - "n02110806 basenji"
0.0383 - "n02113023 Pembroke, Pembroke Welsh corgi"
0.0311 - "n02091244 Ibizan hound, Ibizan Podenco"
0.0298 - "n02389026 sorrel"
