loading weight: /home/nvidia/caffe-build/models/bvlc_alexnet/bvlc_alexnet.caffemodel
loading prototxt: /home/nvidia/caffe-build/models/bvlc_alexnet/deploy.prototxt
---------- Prediction for /home/nvidia/caffe-build/examples/images/cat.jpg ----------
Latency(us)/Energy(mJ): 0 0 0 0 0 
Latency(us)/Energy(mJ): 2942 11.6365 0.578734 2.24318 4.03064 
Latency(us)/Energy(mJ): 30 0 0 0 0 
Latency(us)/Energy(mJ): 215 1.09104 0.0801235 0.200703 0.372509 
Latency(us)/Energy(mJ): 97 0 0 0 0 
Latency(us)/Energy(mJ): 2819 12.7482 1.3249 2.23471 4.2934 
Latency(us)/Energy(mJ): 36 0 0 0 0 
Latency(us)/Energy(mJ): 162 0.853511 0.114715 0.143253 0.284253 
Latency(us)/Energy(mJ): 88 0.340041 0.0457028 0.0570724 0.113247 
Latency(us)/Energy(mJ): 2195 10.154 1.45891 1.66155 3.32762 
Latency(us)/Energy(mJ): 29 0.355902 0.0568816 0.0568816 0.114285 
Latency(us)/Energy(mJ): 1855 9.03823 1.51535 1.43001 2.87315 
Latency(us)/Energy(mJ): 30 0 0 0 0 
Latency(us)/Energy(mJ): 1255 6.11084 1.12254 0.946959 1.92266 
Latency(us)/Energy(mJ): 39 0.370563 0.0683794 0.056958 0.115857 
Latency(us)/Energy(mJ): 43 0 0 0 0 
Latency(us)/Energy(mJ): 1588 8.00624 1.47838 1.23144 2.52064 
Latency(us)/Energy(mJ): 28 0 0 0 0 
Latency(us)/Energy(mJ): 3 0.379147 0.0683794 0.056958 0.121605 
Latency(us)/Energy(mJ): 5469 30.9271 5.83537 4.15438 10.3407 
Latency(us)/Energy(mJ): 28 0 0 0 0 
Latency(us)/Energy(mJ): 1 0 0 0 0 
Latency(us)/Energy(mJ): 2394 15.5776 3.03519 1.85283 5.46601 
Latency(us)/Energy(mJ): 216 1.23651 0.24138 0.142109 0.438246 
0.3094 - "n02124075 Egyptian cat"
0.1761 - "n02123159 tiger cat"
0.1221 - "n02123045 tabby, tabby cat"
0.1132 - "n02119022 red fox, Vulpes vulpes"
0.0421 - "n02085620 Chihuahua"
