loading weight: /home/nvidia/caffe-build/models/bvlc_alexnet/bvlc_alexnet.caffemodel
loading prototxt: /home/nvidia/caffe-build/models/bvlc_alexnet/deploy.prototxt
---------- Prediction for /home/nvidia/Downloads/ILSVRC2012_img_train_t3/n02085620/n02085620_1152.JPEG ----------
Latency(us)/Energy(mJ): 0 0 0 0 0 
Latency(us)/Energy(mJ): 443 2.13681 0.0669682 0.605357 0.608 
Latency(us)/Energy(mJ): 25 0 0 0 0 
Latency(us)/Energy(mJ): 61 0.360064 0.0112845 0.102006 0.102451 
Latency(us)/Energy(mJ): 60 0.349782 0.0109622 0.0990929 0.0995256 
Latency(us)/Energy(mJ): 6802 33.9981 2.39728 9.04002 9.36865 
Latency(us)/Energy(mJ): 26 0.141332 0.01265 0.0358508 0.0386404 
Latency(us)/Energy(mJ): 47 0.231084 0.0206833 0.0586177 0.0631788 
Latency(us)/Energy(mJ): 48 0.140717 0.012595 0.035695 0.0384725 
Latency(us)/Energy(mJ): 8872 45.655 5.03468 11.1779 12.1115 
Latency(us)/Energy(mJ): 27 0.234769 0.027572 0.0552344 0.062376 
Latency(us)/Energy(mJ): 6251 33.3153 4.0566 7.63307 9.10587 
Latency(us)/Energy(mJ): 41 0.148807 0.0188513 0.0335042 0.0415442 
Latency(us)/Energy(mJ): 4738 26.2305 3.27674 5.82385 7.3501 
Latency(us)/Energy(mJ): 45 0.152323 0.0189062 0.0336019 0.0431789 
Latency(us)/Energy(mJ): 55 0.402284 0.0499312 0.0887423 0.114035 
Latency(us)/Energy(mJ): 4325 24.1134 2.97436 5.29213 6.87342 
Latency(us)/Energy(mJ): 30 0.154078 0.0188376 0.0335287 0.04465 
Latency(us)/Energy(mJ): 1 0 0 0 0 
Latency(us)/Energy(mJ): 21557 134.652 14.7736 26.3173 43.4804 
Latency(us)/Energy(mJ): 29 0.177347 0.016775 0.0335775 0.059455 
Latency(us)/Energy(mJ): 0 0 0 0 0 
Latency(us)/Energy(mJ): 9550 62.6906 6.29611 11.6693 21.067 
Latency(us)/Energy(mJ): 37 0.178907 0.0166286 0.0332845 0.0604899 
0.5948 - "n02085620 Chihuahua"
0.0656 - "n02110806 basenji"
0.0383 - "n02113023 Pembroke, Pembroke Welsh corgi"
0.0311 - "n02091244 Ibizan hound, Ibizan Podenco"
0.0298 - "n02389026 sorrel"
