loading weight: /home/nvidia/caffe-build/models/bvlc_alexnet/bvlc_alexnet.caffemodel
loading prototxt: /home/nvidia/caffe-build/models/bvlc_alexnet/deploy.prototxt
---------- Prediction for /home/nvidia/Downloads/ILSVRC2012_img_train_t3/n02085620/n02085620_1152.JPEG ----------
Latency(us)/Energy(mJ): 0 0 0 0 0 
Latency(us)/Energy(mJ): 249 1.19959 0.0488624 0.389059 0.318891 
Latency(us)/Energy(mJ): 22 0.253064 0.0140361 0.0808111 0.0670051 
Latency(us)/Energy(mJ): 53 0.148449 0.0081801 0.0470959 0.0390499 
Latency(us)/Energy(mJ): 46 0.402051 0.0274168 0.126362 0.104774 
Latency(us)/Energy(mJ): 1038 6.08702 0.735076 1.78419 1.52603 
Latency(us)/Energy(mJ): 24 0.286052 0.0447789 0.0792207 0.0700573 
Latency(us)/Energy(mJ): 39 0.173783 0.0291137 0.0478413 0.0423075 
Latency(us)/Energy(mJ): 40 0.286533 0.0477182 0.0784134 0.0693434 
Latency(us)/Energy(mJ): 1119 7.5683 1.58355 1.91166 1.7539 
Latency(us)/Energy(mJ): 24 0.321068 0.0759127 0.0759127 0.073696 
Latency(us)/Energy(mJ): 1009 7.69929 1.97692 1.70642 1.77217 
Latency(us)/Energy(mJ): 35 0.214766 0.0595643 0.0451784 0.0494888 
Latency(us)/Energy(mJ): 673 5.37053 1.53288 1.09538 1.25071 
Latency(us)/Energy(mJ): 41 0.613614 0.182841 0.116393 0.143814 
Latency(us)/Energy(mJ): 39 0.38429 0.113678 0.0723652 0.089948 
Latency(us)/Energy(mJ): 682 5.82465 1.73218 1.08843 1.37818 
Latency(us)/Energy(mJ): 26 0 0 0 0 
Latency(us)/Energy(mJ): 1 0 0 0 0 
Latency(us)/Energy(mJ): 4591 45.5398 13.3447 7.20481 12.1876 
Latency(us)/Energy(mJ): 31 0.298133 0.0877896 0.0418216 0.085126 
Latency(us)/Energy(mJ): 1 0 0 0 0 
Latency(us)/Energy(mJ): 2043 22.7611 6.61307 3.09446 6.60352 
Latency(us)/Energy(mJ): 35 0.51957 0.151263 0.068764 0.153025 
0.5948 - "n02085620 Chihuahua"
0.0656 - "n02110806 basenji"
0.0383 - "n02113023 Pembroke, Pembroke Welsh corgi"
0.0311 - "n02091244 Ibizan hound, Ibizan Podenco"
0.0298 - "n02389026 sorrel"
