loading weight: /home/nvidia/caffe-build/models/bvlc_alexnet/bvlc_alexnet.caffemodel
loading prototxt: /home/nvidia/caffe-build/models/bvlc_alexnet/deploy.prototxt
---------- Prediction for /home/nvidia/Downloads/ILSVRC2012_img_train_t3/n02085620/n02085620_1152.JPEG ----------
Latency(us)/Energy(mJ): 0 0 0 0 0 
Latency(us)/Energy(mJ): 381 2.03023 0.0561184 0.704434 0.54457 
Latency(us)/Energy(mJ): 16 0 0 0 0 
Latency(us)/Energy(mJ): 48 0.399557 0.0110443 0.138635 0.107173 
Latency(us)/Energy(mJ): 41 0.248445 0.00686736 0.0862034 0.0666405 
Latency(us)/Energy(mJ): 6799 37.6612 2.42727 12.0639 9.74928 
Latency(us)/Energy(mJ): 17 0 0 0 0 
Latency(us)/Energy(mJ): 37 0.407359 0.0331782 0.121895 0.104326 
Latency(us)/Energy(mJ): 37 0.253954 0.0206838 0.0759915 0.0650386 
Latency(us)/Energy(mJ): 8906 49.6374 5.10915 14.5063 12.3908 
Latency(us)/Energy(mJ): 21 0 0 0 0 
Latency(us)/Energy(mJ): 6231 35.6576 4.10934 9.87523 9.17371 
Latency(us)/Energy(mJ): 32 0.26167 0.0309386 0.0688677 0.069003 
Latency(us)/Energy(mJ): 4746 27.7937 3.25838 7.25298 7.37204 
Latency(us)/Energy(mJ): 32 0 0 0 0 
Latency(us)/Energy(mJ): 38 0.427168 0.0498448 0.110952 0.114004 
Latency(us)/Energy(mJ): 4394 25.7771 2.98988 6.65531 6.92997 
Latency(us)/Energy(mJ): 21 0.269285 0.0310209 0.0690509 0.0743869 
Latency(us)/Energy(mJ): 1 0 0 0 0 
Latency(us)/Energy(mJ): 21569 142.05 14.7962 32.9157 43.6224 
Latency(us)/Energy(mJ): 22 0.184878 0.0186729 0.0415377 0.0588496 
Latency(us)/Energy(mJ): 0 0 0 0 0 
Latency(us)/Energy(mJ): 9555 65.9111 6.55835 14.589 21.2089 
Latency(us)/Energy(mJ): 29 0 0 0 0 
0.5948 - "n02085620 Chihuahua"
0.0656 - "n02110806 basenji"
0.0383 - "n02113023 Pembroke, Pembroke Welsh corgi"
0.0311 - "n02091244 Ibizan hound, Ibizan Podenco"
0.0298 - "n02389026 sorrel"
