loading weight: /home/nvidia/caffe-build/models/bvlc_alexnet/bvlc_alexnet.caffemodel
loading prototxt: /home/nvidia/caffe-build/models/bvlc_alexnet/deploy.prototxt
---------- Prediction for /home/nvidia/Downloads/ILSVRC2012_img_train_t3/n02085620/n02085620_1152.JPEG ----------
Latency(us)/Energy(mJ): 0 0 0 0 0 
Latency(us)/Energy(mJ): 911 3.42947 0.158952 0.346688 1.19979 
Latency(us)/Energy(mJ): 138 0.479818 0.0286571 0.0478035 0.166309 
Latency(us)/Energy(mJ): 226 0.923073 0.0547768 0.0913744 0.320767 
Latency(us)/Energy(mJ): 221 0.748365 0.0526384 0.0734815 0.257955 
Latency(us)/Energy(mJ): 4095 16.9359 1.80425 1.57554 5.64031 
Latency(us)/Energy(mJ): 138 0.677109 0.0906217 0.0604477 0.221378 
Latency(us)/Energy(mJ): 197 0.676168 0.0965502 0.0603636 0.22107 
Latency(us)/Energy(mJ): 207 1.01939 0.144697 0.0904652 0.331311 
Latency(us)/Energy(mJ): 4635 20.5627 3.30279 1.77692 6.54139 
Latency(us)/Energy(mJ): 142 0.572796 0.096138 0.048006 0.183456 
Latency(us)/Energy(mJ): 4077 19.3646 3.36155 1.55262 6.25101 
Latency(us)/Energy(mJ): 147 0.774061 0.14482 0.0602361 0.254541 
Latency(us)/Energy(mJ): 2824 14.0135 2.57447 1.07082 4.60762 
Latency(us)/Energy(mJ): 152 0.800712 0.145497 0.060518 0.264786 
Latency(us)/Energy(mJ): 179 1.03178 0.187175 0.0778535 0.340398 
Latency(us)/Energy(mJ): 1799 9.11363 1.6403 0.682264 3.0389 
Latency(us)/Energy(mJ): 137 0.822528 0.145607 0.0605638 0.280638 
Latency(us)/Energy(mJ): 3 0 0 0 0 
Latency(us)/Energy(mJ): 13085 78.0635 12.0559 4.98531 29.1424 
Latency(us)/Energy(mJ): 144 0.79917 0.114704 0.0477622 0.310901 
Latency(us)/Energy(mJ): 3 0 0 0 0 
Latency(us)/Energy(mJ): 5713 37.2222 5.23213 2.17863 14.6116 
Latency(us)/Energy(mJ): 165 1.26871 0.175863 0.0732282 0.500104 
0.5948 - "n02085620 Chihuahua"
0.0656 - "n02110806 basenji"
0.0383 - "n02113023 Pembroke, Pembroke Welsh corgi"
0.0311 - "n02091244 Ibizan hound, Ibizan Podenco"
0.0298 - "n02389026 sorrel"
