loading weight: /home/nvidia/caffe-build/models/bvlc_alexnet/bvlc_alexnet.caffemodel
loading prototxt: /home/nvidia/caffe-build/models/bvlc_alexnet/deploy.prototxt
---------- Prediction for /home/nvidia/Downloads/ILSVRC2012_img_train_t3/n02085620/n02085620_1152.JPEG ----------
Latency(us)/Energy(mJ): 0 0 0 0 0 
Latency(us)/Energy(mJ): 242 0.967742 0.0554937 0.124219 0.343056 
Latency(us)/Energy(mJ): 27 0 0 0 0 
Latency(us)/Energy(mJ): 57 0.324195 0.0252893 0.040317 0.112873 
Latency(us)/Energy(mJ): 53 0.324709 0.0284074 0.039815 0.111379 
Latency(us)/Energy(mJ): 990 4.66751 0.754829 0.515887 1.48328 
Latency(us)/Energy(mJ): 26 0.244212 0.0530593 0.0247456 0.0735879 
Latency(us)/Energy(mJ): 46 0.156586 0.0337775 0.015753 0.046846 
Latency(us)/Energy(mJ): 46 0.240665 0.0553601 0.0242116 0.0719999 
Latency(us)/Energy(mJ): 1029 6.0164 1.65133 0.552882 1.67693 
Latency(us)/Energy(mJ): 29 0.178972 0.0533187 0.0155501 0.0484557 
Latency(us)/Energy(mJ): 962 6.41421 2.09956 0.45872 1.7224 
Latency(us)/Energy(mJ): 36 0.321636 0.110626 0.0207112 0.0858361 
Latency(us)/Energy(mJ): 645 4.60706 1.66245 0.28546 1.21956 
Latency(us)/Energy(mJ): 36 0.344786 0.127509 0.0206564 0.0908068 
Latency(us)/Energy(mJ): 40 0.224001 0.0824296 0.0133535 0.058703 
Latency(us)/Energy(mJ): 665 5.25751 1.96063 0.308932 1.39031 
Latency(us)/Energy(mJ): 32 0.355451 0.13106 0.0206747 0.0960898 
Latency(us)/Energy(mJ): 0 0 0 0 0 
Latency(us)/Energy(mJ): 4551 41.5773 14.8393 2.07271 12.0918 
Latency(us)/Energy(mJ): 32 0.298103 0.104507 0.0133444 0.0910748 
Latency(us)/Energy(mJ): 0 0 0 0 0 
Latency(us)/Energy(mJ): 2011 21.2277 7.35051 0.915758 6.5514 
Latency(us)/Energy(mJ): 40 0.811338 0.278482 0.034045 0.254292 
0.5948 - "n02085620 Chihuahua"
0.0656 - "n02110806 basenji"
0.0383 - "n02113023 Pembroke, Pembroke Welsh corgi"
0.0311 - "n02091244 Ibizan hound, Ibizan Podenco"
0.0298 - "n02389026 sorrel"
