loading weight: /home/nvidia/caffe-build/models/bvlc_alexnet/bvlc_alexnet.caffemodel
loading prototxt: /home/nvidia/caffe-build/models/bvlc_alexnet/deploy.prototxt
---------- Prediction for /home/nvidia/Downloads/ILSVRC2012_img_train_t3/n02085620/n02085620_1152.JPEG ----------
Latency(us)/Energy(mJ): 0 0 0 0 0 
Latency(us)/Energy(mJ): 322 1.66222 0.0462354 0.557258 0.448665 
Latency(us)/Energy(mJ): 19 0 0 0 0 
Latency(us)/Energy(mJ): 54 0.406486 0.0112358 0.135421 0.109032 
Latency(us)/Energy(mJ): 43 0.248885 0.00687952 0.0829163 0.0667585 
Latency(us)/Energy(mJ): 4163 23.351 1.56945 7.31991 6.1138 
Latency(us)/Energy(mJ): 16 0 0 0 0 
Latency(us)/Energy(mJ): 41 0.423266 0.0394733 0.124112 0.11051 
Latency(us)/Energy(mJ): 35 0.254463 0.023731 0.0746148 0.0664378 
Latency(us)/Energy(mJ): 5419 31.3656 3.65021 8.86741 7.96556 
Latency(us)/Energy(mJ): 30 0 0 0 0 
Latency(us)/Energy(mJ): 3857 23.3445 3.16746 6.08603 6.04483 
Latency(us)/Energy(mJ): 32 0.176267 0.0240625 0.0437657 0.0460888 
Latency(us)/Energy(mJ): 2900 17.8903 2.63011 4.39573 4.76404 
Latency(us)/Energy(mJ): 30 0.282827 0.0413397 0.0689447 0.0760379 
Latency(us)/Energy(mJ): 37 0.179286 0.0262056 0.0437046 0.0482011 
Latency(us)/Energy(mJ): 2606 16.612 2.43555 4.01088 4.4875 
Latency(us)/Energy(mJ): 21 0 0 0 0 
Latency(us)/Energy(mJ): 0 0 0 0 0 
Latency(us)/Energy(mJ): 13197 94.2356 12.3881 19.7648 29.4393 
Latency(us)/Energy(mJ): 22 0.765827 0.0932568 0.147682 0.253475 
Latency(us)/Energy(mJ): 0 0 0 0 0 
Latency(us)/Energy(mJ): 5738 43.8094 5.23567 8.29124 14.6743 
Latency(us)/Energy(mJ): 28 0.350138 0.0413763 0.0655238 0.118522 
0.5948 - "n02085620 Chihuahua"
0.0656 - "n02110806 basenji"
0.0383 - "n02113023 Pembroke, Pembroke Welsh corgi"
0.0311 - "n02091244 Ibizan hound, Ibizan Podenco"
0.0298 - "n02389026 sorrel"
