loading weight: /home/nvidia/caffe-build/models/bvlc_alexnet/bvlc_alexnet.caffemodel
loading prototxt: /home/nvidia/caffe-build/models/bvlc_alexnet/deploy.prototxt
---------- Prediction for /home/nvidia/Downloads/ILSVRC2012_img_train_t3/n02085620/n02085620_1152.JPEG ----------
Latency(us)/Energy(mJ): 0 0 0 0 0 
Latency(us)/Energy(mJ): 273 1.07886 0.0489624 0.248008 0.325122 
Latency(us)/Energy(mJ): 23 0.214639 0.0137128 0.0480622 0.0637533 
Latency(us)/Energy(mJ): 60 0.357668 0.0282702 0.0793198 0.105216 
Latency(us)/Energy(mJ): 58 0.143366 0.0135385 0.0315996 0.0419161 
Latency(us)/Energy(mJ): 972 5.19231 0.759424 1.04398 1.43813 
Latency(us)/Energy(mJ): 21 0.259044 0.0483163 0.0483163 0.0684934 
Latency(us)/Energy(mJ): 49 0.172113 0.0341598 0.0318905 0.045208 
Latency(us)/Energy(mJ): 45 0.436981 0.0859373 0.0802282 0.114299 
Latency(us)/Energy(mJ): 1034 6.39143 1.58947 1.08921 1.58719 
Latency(us)/Energy(mJ): 26 0.199746 0.0553758 0.0323177 0.0487186 
Latency(us)/Energy(mJ): 1014 7.286 2.20699 1.09058 1.7749 
Latency(us)/Energy(mJ): 40 0.226637 0.0728584 0.0318905 0.0554202 
Latency(us)/Energy(mJ): 607 4.71923 1.57955 0.640936 1.14876 
Latency(us)/Energy(mJ): 40 0.608554 0.211838 0.080153 0.148628 
Latency(us)/Energy(mJ): 46 0.369766 0.127802 0.0483564 0.0901868 
Latency(us)/Energy(mJ): 670 5.53428 1.92256 0.685523 1.36212 
Latency(us)/Energy(mJ): 28 0.247528 0.0843744 0.0296507 0.0623832 
Latency(us)/Energy(mJ): 1 0 0 0 0 
Latency(us)/Energy(mJ): 4543 43.6067 14.6919 4.50495 11.9922 
Latency(us)/Energy(mJ): 28 0.316927 0.106696 0.0295218 0.092442 
Latency(us)/Energy(mJ): 0 0 0 0 0 
Latency(us)/Energy(mJ): 2032 22.2688 7.38474 1.99734 6.58622 
Latency(us)/Energy(mJ): 37 0.510125 0.168729 0.0413224 0.153296 
0.5948 - "n02085620 Chihuahua"
0.0656 - "n02110806 basenji"
0.0383 - "n02113023 Pembroke, Pembroke Welsh corgi"
0.0311 - "n02091244 Ibizan hound, Ibizan Podenco"
0.0298 - "n02389026 sorrel"
