loading weight: /home/nvidia/caffe-build/models/bvlc_alexnet/bvlc_alexnet.caffemodel
loading prototxt: /home/nvidia/caffe-build/models/bvlc_alexnet/deploy.prototxt
---------- Prediction for /home/nvidia/caffe-build/examples/images/cat.jpg ----------
Latency(us)/Energy(mJ): 2 0 0 0 0 
Latency(us)/Energy(mJ): 11867 22.5735 2.31409 5.42613 4.02373 
Latency(us)/Energy(mJ): 77 0.22833 0.0343735 0.0516166 0.0431641 
Latency(us)/Energy(mJ): 722 1.58797 0.235094 0.353026 0.295216 
Latency(us)/Energy(mJ): 267 0.562337 0.0830972 0.124782 0.108003 
Latency(us)/Energy(mJ): 15362 33.6538 5.55197 7.04326 6.54372 
Latency(us)/Energy(mJ): 71 0.258304 0.0515708 0.0515708 0.049544 
Latency(us)/Energy(mJ): 519 1.07095 0.213817 0.213817 0.205414 
Latency(us)/Energy(mJ): 191 0.448706 0.0895848 0.0895848 0.086064 
Latency(us)/Energy(mJ): 11349 26.1594 5.22276 5.22276 4.92595 
Latency(us)/Energy(mJ): 68 0.266792 0.0532654 0.0532654 0.0467526 
Latency(us)/Energy(mJ): 8864 20.1518 4.32121 4.02332 3.46522 
Latency(us)/Energy(mJ): 66 0.26014 0.060669 0.0519372 0.0434322 
Latency(us)/Energy(mJ): 6295 14.229 3.34653 2.86488 2.39574 
Latency(us)/Energy(mJ): 85 0.431009 0.102212 0.0875009 0.0731722 
Latency(us)/Energy(mJ): 114 0.25865 0.0613378 0.0525097 0.0439109 
Latency(us)/Energy(mJ): 7774 17.4499 3.60855 3.56122 3.06933 
Latency(us)/Energy(mJ): 70 0.186273 0.0371896 0.0371896 0.037352 
Latency(us)/Energy(mJ): 7 0 0 0 0 
Latency(us)/Energy(mJ): 36495 93.5104 16.7234 16.7234 22.5239 
Latency(us)/Energy(mJ): 64 0.215418 0.036869 0.036869 0.0570745 
Latency(us)/Energy(mJ): 36 0 0 0 0 
Latency(us)/Energy(mJ): 15748 42.8578 7.23216 7.23216 11.4111 
Latency(us)/Energy(mJ): 487 1.26263 0.213153 0.213153 0.338811 
0.3094 - "n02124075 Egyptian cat"
0.1761 - "n02123159 tiger cat"
0.1221 - "n02123045 tabby, tabby cat"
0.1132 - "n02119022 red fox, Vulpes vulpes"
0.0421 - "n02085620 Chihuahua"
