loading weight: /home/nvidia/caffe-build/models/bvlc_alexnet/bvlc_alexnet.caffemodel
loading prototxt: /home/nvidia/caffe-build/models/bvlc_alexnet/deploy.prototxt
---------- Prediction for /home/nvidia/Downloads/ILSVRC2012_img_train_t3/n02085620/n02085620_1152.JPEG ----------
Latency(us)/Energy(mJ): 0 0 0 0 0 
Latency(us)/Energy(mJ): 306 1.38651 0.0484276 0.324719 0.42496 
Latency(us)/Energy(mJ): 26 0 0 0 0 
Latency(us)/Energy(mJ): 78 0.344727 0.0170834 0.0797474 0.104365 
Latency(us)/Energy(mJ): 52 0.343802 0.0170376 0.0795336 0.104086 
Latency(us)/Energy(mJ): 1946 9.4207 0.82464 2.06253 2.76315 
Latency(us)/Energy(mJ): 21 0.233131 0.0277916 0.0487036 0.067201 
Latency(us)/Energy(mJ): 49 0.146449 0.0174582 0.0305948 0.0422145 
Latency(us)/Energy(mJ): 41 0.379374 0.0452254 0.0792557 0.109357 
Latency(us)/Energy(mJ): 2459 13.1059 1.9689 2.52764 3.66977 
Latency(us)/Energy(mJ): 31 0 0 0 0 
Latency(us)/Energy(mJ): 1898 11.2206 2.05516 1.91408 3.16482 
Latency(us)/Energy(mJ): 39 0.27444 0.0517317 0.0448582 0.0778688 
Latency(us)/Energy(mJ): 1306 8.02402 1.6157 1.28232 2.30961 
Latency(us)/Energy(mJ): 36 0.286559 0.0586503 0.0448582 0.0830691 
Latency(us)/Energy(mJ): 51 0.471726 0.0965034 0.0738445 0.136746 
Latency(us)/Energy(mJ): 1065 6.7037 1.40963 1.03251 1.9564 
Latency(us)/Energy(mJ): 27 0.184918 0.0389108 0.0281133 0.0552913 
Latency(us)/Energy(mJ): 0 0 0 0 0 
Latency(us)/Energy(mJ): 6519 49.3902 9.71349 6.18664 16.313 
Latency(us)/Energy(mJ): 29 0 0 0 0 
Latency(us)/Energy(mJ): 0 0 0 0 0 
Latency(us)/Energy(mJ): 2894 24.5957 4.63686 2.65171 8.7432 
Latency(us)/Energy(mJ): 39 0.643932 0.11904 0.068076 0.232054 
0.5948 - "n02085620 Chihuahua"
0.0656 - "n02110806 basenji"
0.0383 - "n02113023 Pembroke, Pembroke Welsh corgi"
0.0311 - "n02091244 Ibizan hound, Ibizan Podenco"
0.0298 - "n02389026 sorrel"
