loading weight: /home/nvidia/caffe-build/models/bvlc_alexnet/bvlc_alexnet.caffemodel
loading prototxt: /home/nvidia/caffe-build/models/bvlc_alexnet/deploy.prototxt
---------- Prediction for /home/nvidia/Downloads/ILSVRC2012_img_train_t3/n02085620/n02085620_1152.JPEG ----------
Latency(us)/Energy(mJ): 0 0 0 0 0 
Latency(us)/Energy(mJ): 259 1.12166 0.0404538 0.297112 0.333278 
Latency(us)/Energy(mJ): 26 0.226458 0.010447 0.0592148 0.0664227 
Latency(us)/Energy(mJ): 70 0.366716 0.0202713 0.095429 0.107045 
Latency(us)/Energy(mJ): 53 0.141785 0.0086437 0.0367853 0.041263 
Latency(us)/Energy(mJ): 1226 6.7377 0.685582 1.64113 1.90403 
Latency(us)/Energy(mJ): 22 0 0 0 0 
Latency(us)/Energy(mJ): 44 0.252383 0.0343197 0.0583391 0.069809 
Latency(us)/Energy(mJ): 51 0.419329 0.0567825 0.0965227 0.1155 
Latency(us)/Energy(mJ): 1428 8.35622 1.47558 1.75296 2.2179 
Latency(us)/Energy(mJ): 23 0.173809 0.0345299 0.0345299 0.0459833 
Latency(us)/Energy(mJ): 1188 7.72434 1.68319 1.45177 2.06131 
Latency(us)/Energy(mJ): 39 0.307813 0.0726026 0.0553357 0.0823464 
Latency(us)/Energy(mJ): 803 5.42551 1.33574 0.944062 1.46431 
Latency(us)/Energy(mJ): 34 0.539458 0.136884 0.091256 0.145935 
Latency(us)/Energy(mJ): 42 0.32828 0.0828624 0.0552416 0.0883413 
Latency(us)/Energy(mJ): 671 4.92572 1.27229 0.789732 1.34065 
Latency(us)/Energy(mJ): 29 0.220093 0.0561126 0.0336794 0.060823 
Latency(us)/Energy(mJ): 0 0 0 0 0 
Latency(us)/Energy(mJ): 4949 42.454 10.5188 5.65955 12.9542 
Latency(us)/Energy(mJ): 26 0.275969 0.066722 0.0333756 0.0893812 
Latency(us)/Energy(mJ): 0 0 0 0 0 
Latency(us)/Energy(mJ): 2171 21.0457 5.04775 2.35678 6.92088 
Latency(us)/Energy(mJ): 43 0.453059 0.106719 0.0482045 0.151397 
0.5948 - "n02085620 Chihuahua"
0.0656 - "n02110806 basenji"
0.0383 - "n02113023 Pembroke, Pembroke Welsh corgi"
0.0311 - "n02091244 Ibizan hound, Ibizan Podenco"
0.0298 - "n02389026 sorrel"
