loading weight: /home/nvidia/caffe-build/models/bvlc_alexnet/bvlc_alexnet.caffemodel
loading prototxt: /home/nvidia/caffe-build/models/bvlc_alexnet/deploy.prototxt
---------- Prediction for /home/nvidia/Downloads/ILSVRC2012_img_train_t3/n02085620/n02085620_1152.JPEG ----------
Latency(us)/Energy(mJ): 0 0 0 0 0 
Latency(us)/Energy(mJ): 292 1.2849 0.0556041 0.329256 0.374071 
Latency(us)/Energy(mJ): 26 0.133345 0.0083204 0.0333362 0.0381647 
Latency(us)/Energy(mJ): 69 0.361645 0.0244494 0.0894504 0.102407 
Latency(us)/Energy(mJ): 61 0.367756 0.0281407 0.0902569 0.10333 
Latency(us)/Energy(mJ): 1021 5.52266 0.746101 1.24969 1.4869 
Latency(us)/Energy(mJ): 23 0 0 0 0 
Latency(us)/Energy(mJ): 52 0.42322 0.0782203 0.089426 0.109494 
Latency(us)/Energy(mJ): 48 0.262482 0.0483163 0.055238 0.0684934 
Latency(us)/Energy(mJ): 1073 6.82061 1.5652 1.33971 1.68482 
Latency(us)/Energy(mJ): 27 0.178645 0.0456752 0.0332356 0.0432798 
Latency(us)/Energy(mJ): 1044 7.18253 2.00434 1.24413 1.75923 
Latency(us)/Energy(mJ): 43 0.340065 0.101087 0.0523037 0.0830732 
Latency(us)/Energy(mJ): 643 5.0643 1.57567 0.752986 1.24229 
Latency(us)/Energy(mJ): 41 0.222283 0.0704983 0.0320269 0.054667 
Latency(us)/Energy(mJ): 42 0.361132 0.113975 0.0517779 0.0883803 
Latency(us)/Energy(mJ): 700 5.48598 1.75747 0.782589 1.35546 
Latency(us)/Energy(mJ): 31 0.595168 0.191268 0.0843763 0.150239 
Latency(us)/Energy(mJ): 1 0 0 0 0 
Latency(us)/Energy(mJ): 4617 43.1004 13.3782 5.25848 12.022 
Latency(us)/Energy(mJ): 31 0.468777 0.144678 0.0482258 0.139339 
Latency(us)/Energy(mJ): 0 0 0 0 0 
Latency(us)/Energy(mJ): 2034 21.9172 6.66691 2.18165 6.60602 
Latency(us)/Energy(mJ): 37 0.30792 0.093705 0.0298267 0.0942087 
0.5948 - "n02085620 Chihuahua"
0.0656 - "n02110806 basenji"
0.0383 - "n02113023 Pembroke, Pembroke Welsh corgi"
0.0311 - "n02091244 Ibizan hound, Ibizan Podenco"
0.0298 - "n02389026 sorrel"
