loading weight: /home/nvidia/caffe-build/models/bvlc_alexnet/bvlc_alexnet.caffemodel
loading prototxt: /home/nvidia/caffe-build/models/bvlc_alexnet/deploy.prototxt
---------- Prediction for /home/nvidia/caffe-build/examples/images/cat.jpg ----------
Latency(us)/Energy(mJ): 0 0 0 0 0 
Latency(us)/Energy(mJ): 9259 34.9442 1.88932 6.17019 12.259 
Latency(us)/Energy(mJ): 51 0.44114 0.034526 0.0691652 0.153952 
Latency(us)/Energy(mJ): 285 1.02355 0.0801083 0.160479 0.357204 
Latency(us)/Energy(mJ): 143 0.732942 0.0571418 0.114471 0.254796 
Latency(us)/Energy(mJ): 12419 50.064 4.74747 7.5618 17.2195 
Latency(us)/Energy(mJ): 38 0.466857 0.0518227 0.0691346 0.158297 
Latency(us)/Energy(mJ): 229 0.774038 0.0859208 0.114624 0.262452 
Latency(us)/Energy(mJ): 116 0.307181 0.0340981 0.045489 0.104156 
Latency(us)/Energy(mJ): 10402 43.6079 5.12985 6.40044 14.5649 
Latency(us)/Energy(mJ): 45 0 0 0 0 
Latency(us)/Energy(mJ): 8142 34.1946 4.38518 5.0175 11.1909 
Latency(us)/Energy(mJ): 37 0 0 0 0 
Latency(us)/Energy(mJ): 5020 20.9646 2.6889 3.07663 6.75247 
Latency(us)/Energy(mJ): 48 0 0 0 0 
Latency(us)/Energy(mJ): 59 0.470324 0.0603153 0.0690125 0.151466 
Latency(us)/Energy(mJ): 4275 17.8994 2.29796 2.62932 5.90212 
Latency(us)/Energy(mJ): 39 0.316379 0.0398364 0.0455806 0.1072 
Latency(us)/Energy(mJ): 1 0 0 0 0 
Latency(us)/Energy(mJ): 21754 103.219 12.5049 13.2581 37.1494 
Latency(us)/Energy(mJ): 38 0 0 0 0 
Latency(us)/Energy(mJ): 4 0 0 0 0 
Latency(us)/Energy(mJ): 9435 49.5189 5.81916 5.8287 18.7184 
Latency(us)/Energy(mJ): 248 0.983646 0.113856 0.114043 0.37498 
0.3094 - "n02124075 Egyptian cat"
0.1761 - "n02123159 tiger cat"
0.1221 - "n02123045 tabby, tabby cat"
0.1132 - "n02119022 red fox, Vulpes vulpes"
0.0421 - "n02085620 Chihuahua"
