loading weight: /home/nvidia/caffe-build/models/bvlc_alexnet/bvlc_alexnet.caffemodel
loading prototxt: /home/nvidia/caffe-build/models/bvlc_alexnet/deploy.prototxt
---------- Prediction for /home/nvidia/Downloads/ILSVRC2012_img_train_t3/n02085620/n02085620_1152.JPEG ----------
Latency(us)/Energy(mJ): 0 0 0 0 0 
Latency(us)/Energy(mJ): 392 1.41313 0.0785623 0.114204 0.513304 
Latency(us)/Energy(mJ): 48 0.129817 0.0128168 0.0102602 0.0464232 
Latency(us)/Energy(mJ): 99 0.493713 0.0512806 0.0382714 0.173162 
Latency(us)/Energy(mJ): 88 0.320985 0.0364476 0.0242719 0.110692 
Latency(us)/Energy(mJ): 1072 4.85785 0.859119 0.334237 1.59167 
Latency(us)/Energy(mJ): 47 0.157256 0.0349022 0.0099674 0.0488566 
Latency(us)/Energy(mJ): 80 0.38141 0.084372 0.024095 0.118105 
Latency(us)/Energy(mJ): 82 0.382339 0.0895619 0.0238571 0.116939 
Latency(us)/Energy(mJ): 1035 5.51981 1.47157 0.323282 1.62182 
Latency(us)/Energy(mJ): 52 0.179862 0.0524174 0.0099796 0.052581 
Latency(us)/Energy(mJ): 1083 6.51086 1.99893 0.33367 1.87939 
Latency(us)/Energy(mJ): 59 0.288197 0.0936845 0.0138775 0.0835835 
Latency(us)/Energy(mJ): 682 4.63901 1.54209 0.214958 1.33599 
Latency(us)/Energy(mJ): 53 0.22794 0.0767853 0.0102358 0.0654756 
Latency(us)/Energy(mJ): 62 0.541209 0.183878 0.0241682 0.156182 
Latency(us)/Energy(mJ): 882 5.83921 1.95621 0.263117 1.69552 
Latency(us)/Energy(mJ): 54 0.536459 0.173332 0.0238998 0.158914 
Latency(us)/Energy(mJ): 1 0 0 0 0 
Latency(us)/Energy(mJ): 4673 37.9904 12.0058 1.42493 12.1285 
Latency(us)/Energy(mJ): 53 0.334012 0.10295 0.0111021 0.111788 
Latency(us)/Energy(mJ): 0 0 0 0 0 
Latency(us)/Energy(mJ): 2080 20.0016 6.09286 0.6411 6.75778 
Latency(us)/Energy(mJ): 65 0.418987 0.127057 0.0130051 0.143227 
0.5948 - "n02085620 Chihuahua"
0.0656 - "n02110806 basenji"
0.0383 - "n02113023 Pembroke, Pembroke Welsh corgi"
0.0311 - "n02091244 Ibizan hound, Ibizan Podenco"
0.0298 - "n02389026 sorrel"
