loading weight: /home/nvidia/caffe-build/models/bvlc_alexnet/bvlc_alexnet.caffemodel
loading prototxt: /home/nvidia/caffe-build/models/bvlc_alexnet/deploy.prototxt
---------- Prediction for /home/nvidia/Downloads/ILSVRC2012_img_train_t3/n02085620/n02085620_1152.JPEG ----------
Latency(us)/Energy(mJ): 0 0 0 0 0 
Latency(us)/Energy(mJ): 398 1.59281 0.0576171 0.231606 0.565558 
Latency(us)/Energy(mJ): 24 0 0 0 0 
Latency(us)/Energy(mJ): 52 0.314478 0.0113757 0.0457272 0.111661 
Latency(us)/Energy(mJ): 48 0.190336 0.00682176 0.0274217 0.066961 
Latency(us)/Energy(mJ): 6806 29.7219 2.41765 4.17197 9.93704 
Latency(us)/Energy(mJ): 23 0 0 0 0 
Latency(us)/Energy(mJ): 43 0.20419 0.0209214 0.0279105 0.0665101 
Latency(us)/Energy(mJ): 43 0.129451 0.0132637 0.0176946 0.0421658 
Latency(us)/Energy(mJ): 8903 40.2011 5.08419 5.4463 12.5526 
Latency(us)/Energy(mJ): 25 0.204934 0.0275439 0.0275439 0.0629317 
Latency(us)/Energy(mJ): 6197 29.1586 4.03695 3.78979 9.12686 
Latency(us)/Energy(mJ): 31 0.138586 0.0197856 0.0175968 0.044064 
Latency(us)/Energy(mJ): 4745 22.9843 3.24763 2.88836 7.33237 
Latency(us)/Energy(mJ): 31 0.221231 0.0310936 0.0276539 0.0710129 
Latency(us)/Energy(mJ): 37 0.139504 0.019607 0.0174379 0.0447793 
Latency(us)/Energy(mJ): 4408 21.7778 3.03786 2.70179 7.02118 
Latency(us)/Energy(mJ): 26 0 0 0 0 
Latency(us)/Energy(mJ): 0 0 0 0 0 
Latency(us)/Energy(mJ): 21564 120.871 14.795 13.1528 43.5622 
Latency(us)/Energy(mJ): 26 0.264669 0.0310895 0.0276452 0.0979818 
Latency(us)/Energy(mJ): 0 0 0 0 0 
Latency(us)/Energy(mJ): 9553 56.6519 6.4227 5.82782 21.1276 
Latency(us)/Energy(mJ): 33 0.270476 0.0277062 0.0277062 0.100787 
0.5948 - "n02085620 Chihuahua"
0.0656 - "n02110806 basenji"
0.0383 - "n02113023 Pembroke, Pembroke Welsh corgi"
0.0311 - "n02091244 Ibizan hound, Ibizan Podenco"
0.0298 - "n02389026 sorrel"
