loading weight: /home/nvidia/caffe-build/models/bvlc_alexnet/bvlc_alexnet.caffemodel
loading prototxt: /home/nvidia/caffe-build/models/bvlc_alexnet/deploy.prototxt
---------- Prediction for /home/nvidia/caffe-build/examples/images/cat.jpg ----------
Latency(us)/Energy(mJ): 1 0 0 0 0 
Latency(us)/Energy(mJ): 4339 13.6703 0.778353 0.973914 5.43087 
Latency(us)/Energy(mJ): 94 0.387544 0.0347548 0.0260946 0.150642 
Latency(us)/Energy(mJ): 361 1.48832 0.131958 0.0990769 0.576048 
Latency(us)/Energy(mJ): 202 0.748466 0.065636 0.0492808 0.288583 
Latency(us)/Energy(mJ): 2789 10.3023 1.2588 0.641555 3.876 
Latency(us)/Energy(mJ): 88 0 0 0 0 
Latency(us)/Energy(mJ): 314 1.25191 0.171548 0.0735662 0.455533 
Latency(us)/Energy(mJ): 181 0.828307 0.121317 0.048674 0.301396 
Latency(us)/Energy(mJ): 2214 9.06722 1.4861 0.519761 3.26345 
Latency(us)/Energy(mJ): 85 0.415545 0.077559 0.0232778 0.148002 
Latency(us)/Energy(mJ): 2087 8.49666 1.6147 0.469759 2.98047 
Latency(us)/Energy(mJ): 87 0.427343 0.085428 0.0232893 0.148075 
Latency(us)/Energy(mJ): 1480 6.34061 1.29584 0.342401 2.18913 
Latency(us)/Energy(mJ): 87 0.519471 0.111202 0.0278006 0.179065 
Latency(us)/Energy(mJ): 126 0.432607 0.0926076 0.0231519 0.149122 
Latency(us)/Energy(mJ): 1755 7.42766 1.51506 0.397281 2.57776 
Latency(us)/Energy(mJ): 91 0.502559 0.10479 0.0261976 0.177549 
Latency(us)/Energy(mJ): 4 0 0 0 0 
Latency(us)/Energy(mJ): 5425 27.0067 5.59753 1.23338 9.90396 
Latency(us)/Energy(mJ): 87 0.561452 0.116103 0.0232206 0.211419 
Latency(us)/Energy(mJ): 1 0 0 0 0 
Latency(us)/Energy(mJ): 2330 13.6683 2.88635 0.541482 5.18964 
Latency(us)/Energy(mJ): 558 3.25033 0.699018 0.12342 1.23926 
0.3094 - "n02124075 Egyptian cat"
0.1761 - "n02123159 tiger cat"
0.1221 - "n02123045 tabby, tabby cat"
0.1132 - "n02119022 red fox, Vulpes vulpes"
0.0421 - "n02085620 Chihuahua"
