loading weight: /home/nvidia/caffe-build/models/bvlc_alexnet/bvlc_alexnet.caffemodel
loading prototxt: /home/nvidia/caffe-build/models/bvlc_alexnet/deploy.prototxt
---------- Prediction for /home/nvidia/caffe-build/examples/images/cat.jpg ----------
Latency(us)/Energy(mJ): 0 0 0 0 0 
Latency(us)/Energy(mJ): 2606 12.3134 0.521809 3.72341 3.67627 
Latency(us)/Energy(mJ): 26 0.363117 0.0223107 0.106141 0.106506 
Latency(us)/Energy(mJ): 188 0.924793 0.0568215 0.270321 0.274792 
Latency(us)/Energy(mJ): 76 0 0 0 0 
Latency(us)/Energy(mJ): 2845 14.9866 1.29363 4.21892 4.43062 
Latency(us)/Energy(mJ): 19 0 0 0 0 
Latency(us)/Energy(mJ): 148 0.99596 0.113643 0.270135 0.289138 
Latency(us)/Energy(mJ): 69 0.390793 0.044591 0.105995 0.113451 
Latency(us)/Energy(mJ): 2238 12.1469 1.49268 3.16585 3.5106 
Latency(us)/Energy(mJ): 18 0 0 0 0 
Latency(us)/Energy(mJ): 1825 10.3863 1.49797 2.56004 2.95541 
Latency(us)/Energy(mJ): 18 0 0 0 0 
Latency(us)/Energy(mJ): 1225 6.9787 1.11189 1.69091 1.95673 
Latency(us)/Energy(mJ): 24 0 0 0 0 
Latency(us)/Energy(mJ): 29 0.417998 0.066795 0.100302 0.11607 
Latency(us)/Energy(mJ): 1418 8.09975 1.29678 1.9473 2.27929 
Latency(us)/Energy(mJ): 27 0 0 0 0 
Latency(us)/Energy(mJ): 1 0 0 0 0 
Latency(us)/Energy(mJ): 5525 35.073 5.87881 7.54177 10.5763 
Latency(us)/Energy(mJ): 19 0 0 0 0 
Latency(us)/Energy(mJ): 1 0 0 0 0 
Latency(us)/Energy(mJ): 2410 17.2525 3.02614 3.16396 5.50774 
Latency(us)/Energy(mJ): 137 1.36322 0.242417 0.242417 0.443683 
0.3094 - "n02124075 Egyptian cat"
0.1761 - "n02123159 tiger cat"
0.1221 - "n02123045 tabby, tabby cat"
0.1132 - "n02119022 red fox, Vulpes vulpes"
0.0421 - "n02085620 Chihuahua"
