loading weight: /home/nvidia/caffe-build/models/bvlc_alexnet/bvlc_alexnet.caffemodel
loading prototxt: /home/nvidia/caffe-build/models/bvlc_alexnet/deploy.prototxt
---------- Prediction for /home/nvidia/Downloads/ILSVRC2012_img_train_t3/n02085620/n02085620_1152.JPEG ----------
Latency(us)/Energy(mJ): 0 0 0 0 0 
Latency(us)/Energy(mJ): 348 1.59799 0.0927045 0.391247 0.467613 
Latency(us)/Energy(mJ): 26 0.136285 0.0128698 0.0321745 0.038778 
Latency(us)/Energy(mJ): 76 0.360524 0.0357162 0.0839514 0.101182 
Latency(us)/Energy(mJ): 68 0.37051 0.0416072 0.0845468 0.103302 
Latency(us)/Energy(mJ): 887 4.82024 0.842366 0.989694 1.26741 
Latency(us)/Energy(mJ): 28 0.26857 0.0584947 0.0481668 0.0674245 
Latency(us)/Energy(mJ): 63 0.440517 0.103995 0.078199 0.109329 
Latency(us)/Energy(mJ): 58 0.170296 0.040687 0.0299681 0.0418655 
Latency(us)/Energy(mJ): 910 6.21249 1.76462 1.01667 1.45309 
Latency(us)/Energy(mJ): 40 0 0 0 0 
Latency(us)/Energy(mJ): 980 7.43334 2.4547 1.06494 1.70984 
Latency(us)/Energy(mJ): 46 0.587308 0.206537 0.0781471 0.134542 
Latency(us)/Energy(mJ): 576 4.50232 1.63131 0.578357 1.02755 
Latency(us)/Energy(mJ): 44 0.622708 0.231944 0.0773148 0.141369 
Latency(us)/Energy(mJ): 54 0.625663 0.232008 0.0773362 0.142858 
Latency(us)/Energy(mJ): 715 6.05802 2.23948 0.749098 1.38742 
Latency(us)/Energy(mJ): 37 0.258356 0.092875 0.0317112 0.0602722 
Latency(us)/Energy(mJ): 2 0 0 0 0 
Latency(us)/Energy(mJ): 4550 45.5595 16.4087 4.65314 11.7921 
Latency(us)/Energy(mJ): 41 0.818701 0.290438 0.0726462 0.22601 
Latency(us)/Energy(mJ): 1 0 0 0 0 
Latency(us)/Energy(mJ): 1970 22.8195 8.09561 1.95377 6.39387 
Latency(us)/Energy(mJ): 45 0.536512 0.189078 0.044683 0.153025 
0.5948 - "n02085620 Chihuahua"
0.0656 - "n02110806 basenji"
0.0383 - "n02113023 Pembroke, Pembroke Welsh corgi"
0.0311 - "n02091244 Ibizan hound, Ibizan Podenco"
0.0298 - "n02389026 sorrel"
