loading weight: /home/nvidia/caffe-build/models/bvlc_alexnet/bvlc_alexnet.caffemodel
loading prototxt: /home/nvidia/caffe-build/models/bvlc_alexnet/deploy.prototxt
---------- Prediction for /home/nvidia/caffe-build/examples/images/cat.jpg ----------
Latency(us)/Energy(mJ): 0 0 0 0 0 
Latency(us)/Energy(mJ): 3101 7.96563 0.610618 2.31423 1.73552 
Latency(us)/Energy(mJ): 34 0.318574 0.0430323 0.0860646 0.0711948 
Latency(us)/Energy(mJ): 328 0.756596 0.10123 0.20246 0.16748 
Latency(us)/Energy(mJ): 117 0.542104 0.0722553 0.144511 0.123137 
Latency(us)/Energy(mJ): 3251 9.91098 1.64103 2.44495 2.22865 
Latency(us)/Energy(mJ): 33 0.376722 0.0778371 0.0865612 0.0846351 
Latency(us)/Energy(mJ): 276 0.874807 0.18075 0.201008 0.196536 
Latency(us)/Energy(mJ): 111 0.384536 0.0794516 0.0883566 0.0863905 
Latency(us)/Energy(mJ): 2344 8.07398 1.80062 1.73411 1.77189 
Latency(us)/Energy(mJ): 37 0 0 0 0 
Latency(us)/Energy(mJ): 1715 6.14049 1.57316 1.16426 1.31034 
Latency(us)/Energy(mJ): 32 0.417038 0.111712 0.0772875 0.0883125 
Latency(us)/Energy(mJ): 1469 5.20902 1.44518 0.956201 1.0926 
Latency(us)/Energy(mJ): 39 0.42018 0.118766 0.0763257 0.0872135 
Latency(us)/Energy(mJ): 49 0 0 0 0 
Latency(us)/Energy(mJ): 2222 8.56631 2.34249 1.561 1.83211 
Latency(us)/Energy(mJ): 34 0 0 0 0 
Latency(us)/Energy(mJ): 1 0 0 0 0 
Latency(us)/Energy(mJ): 8720 38.6319 10.3587 6.0062 10.2071 
Latency(us)/Energy(mJ): 32 0 0 0 0 
Latency(us)/Energy(mJ): 1 0 0 0 0 
Latency(us)/Energy(mJ): 3685 19.1149 5.02912 2.58714 5.70648 
Latency(us)/Energy(mJ): 215 0.987785 0.258656 0.129328 0.302518 
0.3094 - "n02124075 Egyptian cat"
0.1761 - "n02123159 tiger cat"
0.1221 - "n02123045 tabby, tabby cat"
0.1132 - "n02119022 red fox, Vulpes vulpes"
0.0421 - "n02085620 Chihuahua"
