loading weight: /home/nvidia/caffe-build/models/bvlc_alexnet/bvlc_alexnet.caffemodel
loading prototxt: /home/nvidia/caffe-build/models/bvlc_alexnet/deploy.prototxt
---------- Prediction for /home/nvidia/Downloads/ILSVRC2012_img_train_t3/n02085620/n02085620_1152.JPEG ----------
Latency(us)/Energy(mJ): 0 0 0 0 0 
Latency(us)/Energy(mJ): 214 0.939867 0.0497129 0.185014 0.307198 
Latency(us)/Energy(mJ): 22 0.134722 0.0107518 0.0258495 0.0432613 
Latency(us)/Energy(mJ): 50 0.219716 0.0173965 0.0418246 0.0699968 
Latency(us)/Energy(mJ): 46 0.137255 0.0107823 0.0259228 0.0433839 
Latency(us)/Energy(mJ): 944 5.12786 0.820162 0.873461 1.50267 
Latency(us)/Energy(mJ): 22 0.262917 0.0549694 0.0412383 0.0732025 
Latency(us)/Energy(mJ): 39 0.167316 0.0369126 0.0260694 0.046276 
Latency(us)/Energy(mJ): 40 0.269404 0.0586763 0.0414398 0.0735602 
Latency(us)/Energy(mJ): 1008 6.32023 1.74844 0.898064 1.61704 
Latency(us)/Energy(mJ): 25 0.30564 0.092655 0.041175 0.076635 
Latency(us)/Energy(mJ): 923 6.68611 2.19954 0.8306 1.64146 
Latency(us)/Energy(mJ): 33 0.355294 0.124129 0.0413763 0.0865059 
Latency(us)/Energy(mJ): 630 5.01 1.81498 0.562414 1.21525 
Latency(us)/Energy(mJ): 33 0.620723 0.229813 0.0672891 0.149676 
Latency(us)/Energy(mJ): 36 0 0 0 0 
Latency(us)/Energy(mJ): 631 5.73768 2.16853 0.608536 1.39123 
Latency(us)/Energy(mJ): 28 0 0 0 0 
Latency(us)/Energy(mJ): 0 0 0 0 0 
Latency(us)/Energy(mJ): 4532 45.6778 16.7996 4.14868 12.2215 
Latency(us)/Energy(mJ): 26 0.504966 0.182579 0.0413224 0.142026 
Latency(us)/Energy(mJ): 0 0 0 0 0 
Latency(us)/Energy(mJ): 2000 22.7651 8.21746 1.78817 6.50705 
Latency(us)/Energy(mJ): 34 0.333093 0.119905 0.0256918 0.0963795 
0.5948 - "n02085620 Chihuahua"
0.0656 - "n02110806 basenji"
0.0383 - "n02113023 Pembroke, Pembroke Welsh corgi"
0.0311 - "n02091244 Ibizan hound, Ibizan Podenco"
0.0298 - "n02389026 sorrel"
