loading weight: /home/nvidia/caffe-build/models/bvlc_alexnet/bvlc_alexnet.caffemodel
loading prototxt: /home/nvidia/caffe-build/models/bvlc_alexnet/deploy.prototxt
---------- Prediction for /home/nvidia/Downloads/ILSVRC2012_img_train_t3/n02085620/n02085620_1152.JPEG ----------
Latency(us)/Energy(mJ): 0 0 0 0 0 
Latency(us)/Energy(mJ): 175 0.727643 0.0346294 0.15001 0.237264 
Latency(us)/Energy(mJ): 18 0 0 0 0 
Latency(us)/Energy(mJ): 42 0.354311 0.0222162 0.0722573 0.114286 
Latency(us)/Energy(mJ): 39 0.222852 0.0137982 0.0448781 0.0709816 
Latency(us)/Energy(mJ): 1028 5.43412 0.700486 1.0088 1.63461 
Latency(us)/Energy(mJ): 17 0.157923 0.0273594 0.0273594 0.0458931 
Latency(us)/Energy(mJ): 33 0.260877 0.0451955 0.0451955 0.0758118 
Latency(us)/Energy(mJ): 33 0.158164 0.0272205 0.0272205 0.0456602 
Latency(us)/Energy(mJ): 1164 7.19267 1.63044 1.15171 1.94868 
Latency(us)/Energy(mJ): 20 0 0 0 0 
Latency(us)/Energy(mJ): 975 6.8964 1.89425 0.981261 1.81184 
Latency(us)/Energy(mJ): 26 0.203311 0.0589687 0.0273714 0.0533618 
Latency(us)/Energy(mJ): 680 4.99523 1.52948 0.648233 1.30537 
Latency(us)/Energy(mJ): 26 0.354665 0.113572 0.0447337 0.0924016 
Latency(us)/Energy(mJ): 31 0.217902 0.0694416 0.0273516 0.0570216 
Latency(us)/Energy(mJ): 573 4.72712 1.51185 0.580369 1.23618 
Latency(us)/Energy(mJ): 22 0 0 0 0 
Latency(us)/Energy(mJ): 0 0 0 0 0 
Latency(us)/Energy(mJ): 4632 43.7728 13.7039 4.6004 12.567 
Latency(us)/Energy(mJ): 22 0.47305 0.144933 0.0448668 0.143075 
Latency(us)/Energy(mJ): 0 0 0 0 0 
Latency(us)/Energy(mJ): 2052 21.8921 6.69184 2.01299 6.70536 
Latency(us)/Energy(mJ): 29 0.3065 0.0926333 0.0273834 0.0947355 
0.5948 - "n02085620 Chihuahua"
0.0656 - "n02110806 basenji"
0.0383 - "n02113023 Pembroke, Pembroke Welsh corgi"
0.0311 - "n02091244 Ibizan hound, Ibizan Podenco"
0.0298 - "n02389026 sorrel"
