loading weight: /home/nvidia/caffe-build/models/bvlc_alexnet/bvlc_alexnet.caffemodel
loading prototxt: /home/nvidia/caffe-build/models/bvlc_alexnet/deploy.prototxt
---------- Prediction for /home/nvidia/Downloads/ILSVRC2012_img_train_t3/n02085620/n02085620_1152.JPEG ----------
Latency(us)/Energy(mJ): 0 0 0 0 0 
Latency(us)/Energy(mJ): 417 1.5582 0.0653062 0.157766 0.566394 
Latency(us)/Energy(mJ): 48 0.176331 0.0105706 0.0176331 0.0637008 
Latency(us)/Energy(mJ): 91 0.301712 0.0179811 0.0299946 0.108358 
Latency(us)/Energy(mJ): 89 0.431295 0.0255198 0.0425701 0.153787 
Latency(us)/Energy(mJ): 2364 9.7257 1.0216 0.89919 3.33163 
Latency(us)/Energy(mJ): 45 0.19763 0.0277272 0.0173352 0.0660733 
Latency(us)/Energy(mJ): 77 0.34428 0.0480613 0.0300481 0.114529 
Latency(us)/Energy(mJ): 80 0.345466 0.048049 0.0300405 0.1145 
Latency(us)/Energy(mJ): 2847 13.1113 2.27891 1.08858 4.19285 
Latency(us)/Energy(mJ): 52 0.216931 0.041623 0.0173126 0.0687962 
Latency(us)/Energy(mJ): 2271 11.4882 2.30704 0.866409 3.67628 
Latency(us)/Energy(mJ): 58 0.174332 0.0378766 0.0126035 0.0556736 
Latency(us)/Energy(mJ): 1621 8.92622 1.95242 0.62785 2.87489 
Latency(us)/Energy(mJ): 56 0.251953 0.0555799 0.0173431 0.0809801 
Latency(us)/Energy(mJ): 65 0.433944 0.0957264 0.0298704 0.140336 
Latency(us)/Energy(mJ): 1233 6.82997 1.51484 0.46261 2.22002 
Latency(us)/Energy(mJ): 50 0.452927 0.0965811 0.0301371 0.150453 
Latency(us)/Energy(mJ): 0 0 0 0 0 
Latency(us)/Energy(mJ): 7610 50.9147 10.2626 2.89834 18.5206 
Latency(us)/Energy(mJ): 50 0.335662 0.0625632 0.0173736 0.128227 
Latency(us)/Energy(mJ): 0 0 0 0 0 
Latency(us)/Energy(mJ): 3348 25.1769 4.77054 1.2678 9.7279 
Latency(us)/Energy(mJ): 62 0.609064 0.1139 0.0299695 0.237789 
0.5948 - "n02085620 Chihuahua"
0.0656 - "n02110806 basenji"
0.0383 - "n02113023 Pembroke, Pembroke Welsh corgi"
0.0311 - "n02091244 Ibizan hound, Ibizan Podenco"
0.0298 - "n02389026 sorrel"
