loading weight: /home/nvidia/caffe-build/models/bvlc_alexnet/bvlc_alexnet.caffemodel
loading prototxt: /home/nvidia/caffe-build/models/bvlc_alexnet/deploy.prototxt
---------- Prediction for /home/nvidia/caffe-build/examples/images/cat.jpg ----------
Latency(us)/Energy(mJ): 1 0 0 0 0 
Latency(us)/Energy(mJ): 7900 18.6718 1.85493 6.48345 3.21688 
Latency(us)/Energy(mJ): 45 0.210853 0.0314386 0.0628772 0.036212 
Latency(us)/Energy(mJ): 780 1.99402 0.296203 0.592406 0.352828 
Latency(us)/Energy(mJ): 303 0.79599 0.116949 0.233899 0.140829 
Latency(us)/Energy(mJ): 9772 27.0524 5.26875 7.45603 4.83433 
Latency(us)/Energy(mJ): 77 0.56947 0.133128 0.147834 0.100039 
Latency(us)/Energy(mJ): 551 1.71444 0.400794 0.445068 0.301178 
Latency(us)/Energy(mJ): 219 0.571972 0.133713 0.148483 0.100479 
Latency(us)/Energy(mJ): 5761 17.2096 4.2487 4.38154 3.06078 
Latency(us)/Energy(mJ): 36 0.245513 0.066612 0.0605852 0.0409981 
Latency(us)/Energy(mJ): 3952 12.4499 3.48642 3.04301 2.05921 
Latency(us)/Energy(mJ): 38 0.255663 0.0738296 0.0615784 0.0416702 
Latency(us)/Energy(mJ): 3798 12.05 3.47975 2.69569 1.96401 
Latency(us)/Energy(mJ): 29 0 0 0 0 
Latency(us)/Energy(mJ): 53 0.254394 0.0734632 0.0551776 0.0414634 
Latency(us)/Energy(mJ): 7015 21.633 6.02466 5.3229 3.54362 
Latency(us)/Energy(mJ): 37 0.300622 0.081564 0.0741844 0.0538905 
Latency(us)/Energy(mJ): 3 0 0 0 0 
Latency(us)/Energy(mJ): 33032 108.781 27.6148 23.4185 22.7827 
Latency(us)/Energy(mJ): 63 0.382709 0.0869432 0.0782944 0.0871708 
Latency(us)/Energy(mJ): 2 0 0 0 0 
Latency(us)/Energy(mJ): 14274 49.033 11.5924 9.86317 11.3498 
Latency(us)/Energy(mJ): 266 0.9675 0.214875 0.1935 0.226406 
0.3094 - "n02124075 Egyptian cat"
0.1761 - "n02123159 tiger cat"
0.1221 - "n02123045 tabby, tabby cat"
0.1132 - "n02119022 red fox, Vulpes vulpes"
0.0421 - "n02085620 Chihuahua"
