loading weight: /home/nvidia/caffe-build/models/bvlc_alexnet/bvlc_alexnet.caffemodel
loading prototxt: /home/nvidia/caffe-build/models/bvlc_alexnet/deploy.prototxt
---------- Prediction for /home/nvidia/Downloads/ILSVRC2012_img_train_t3/n02085620/n02085620_1152.JPEG ----------
Latency(us)/Energy(mJ): 0 0 0 0 0 
Latency(us)/Energy(mJ): 281 1.1464 0.0458368 0.148783 0.410964 
Latency(us)/Energy(mJ): 30 0.123671 0.0068013 0.0158598 0.0438075 
Latency(us)/Energy(mJ): 64 0.187963 0.0103371 0.0241048 0.0674843 
Latency(us)/Energy(mJ): 57 0.315234 0.0171796 0.0400607 0.112155 
Latency(us)/Energy(mJ): 1702 7.64561 0.749184 0.911848 2.61477 
Latency(us)/Energy(mJ): 29 0.139209 0.0179634 0.0156996 0.0461874 
Latency(us)/Energy(mJ): 52 0.215348 0.0277883 0.0242863 0.0714491 
Latency(us)/Energy(mJ): 49 0.139872 0.0180489 0.0157744 0.0464073 
Latency(us)/Energy(mJ): 2050 10.3197 1.72474 1.10862 3.27492 
Latency(us)/Energy(mJ): 31 0 0 0 0 
Latency(us)/Energy(mJ): 1592 8.93332 1.81753 0.871595 2.80426 
Latency(us)/Energy(mJ): 38 0 0 0 0 
Latency(us)/Energy(mJ): 1144 6.83746 1.50916 0.618981 2.15935 
Latency(us)/Energy(mJ): 37 0.177191 0.0403387 0.0156889 0.0562039 
Latency(us)/Energy(mJ): 43 0.453476 0.102591 0.0399005 0.142939 
Latency(us)/Energy(mJ): 893 5.51752 1.27831 0.477172 1.75241 
Latency(us)/Energy(mJ): 33 0 0 0 0 
Latency(us)/Energy(mJ): 1 0 0 0 0 
Latency(us)/Energy(mJ): 5891 43.416 9.37456 3.16458 15.1825 
Latency(us)/Energy(mJ): 33 0 0 0 0 
Latency(us)/Energy(mJ): 0 0 0 0 0 
Latency(us)/Energy(mJ): 2594 21.6491 4.44893 1.38208 8.0453 
Latency(us)/Energy(mJ): 42 0.638963 0.131159 0.0398791 0.240471 
0.5948 - "n02085620 Chihuahua"
0.0656 - "n02110806 basenji"
0.0383 - "n02113023 Pembroke, Pembroke Welsh corgi"
0.0311 - "n02091244 Ibizan hound, Ibizan Podenco"
0.0298 - "n02389026 sorrel"
