loading weight: /home/nvidia/caffe-build/models/bvlc_alexnet/bvlc_alexnet.caffemodel
loading prototxt: /home/nvidia/caffe-build/models/bvlc_alexnet/deploy.prototxt
---------- Prediction for /home/nvidia/Downloads/ILSVRC2012_img_train_t3/n02085620/n02085620_1152.JPEG ----------
Latency(us)/Energy(mJ): 0 0 0 0 0 
Latency(us)/Energy(mJ): 473 1.66712 0.0742658 0.136792 0.617636 
Latency(us)/Energy(mJ): 58 0.297419 0.0180864 0.0240889 0.108992 
Latency(us)/Energy(mJ): 105 0.427365 0.0257991 0.0343613 0.155471 
Latency(us)/Energy(mJ): 106 0.302086 0.0181093 0.0241194 0.10913 
Latency(us)/Energy(mJ): 2346 9.57926 1.04241 0.716201 3.33815 
Latency(us)/Energy(mJ): 55 0.341906 0.0483912 0.024156 0.11682 
Latency(us)/Energy(mJ): 86 0.340698 0.0482201 0.0240706 0.116407 
Latency(us)/Energy(mJ): 98 0.34361 0.0482079 0.0240645 0.116378 
Latency(us)/Energy(mJ): 2779 12.7624 2.24955 0.858404 4.16847 
Latency(us)/Energy(mJ): 62 0.215537 0.0416963 0.0138836 0.0697822 
Latency(us)/Energy(mJ): 2288 11.4905 2.34872 0.702183 3.73148 
Latency(us)/Energy(mJ): 69 0.411863 0.0901344 0.0240096 0.134695 
Latency(us)/Energy(mJ): 1608 8.6574 1.92106 0.491703 2.8376 
Latency(us)/Energy(mJ): 68 0.183997 0.0408547 0.0102053 0.0601611 
Latency(us)/Energy(mJ): 80 0.434751 0.0965323 0.0241133 0.143652 
Latency(us)/Energy(mJ): 1156 6.55422 1.46945 0.358784 2.1732 
Latency(us)/Energy(mJ): 61 0.449807 0.0965567 0.0241194 0.151918 
Latency(us)/Energy(mJ): 1 0 0 0 0 
Latency(us)/Energy(mJ): 7598 50.1515 10.2264 2.30731 18.5267 
Latency(us)/Energy(mJ): 60 0.575069 0.108357 0.0240706 0.221923 
Latency(us)/Energy(mJ): 1 0 0 0 0 
Latency(us)/Energy(mJ): 3343 25.1324 4.83772 1.02274 9.84505 
Latency(us)/Energy(mJ): 73 0.603774 0.114044 0.0240218 0.238091 
0.5948 - "n02085620 Chihuahua"
0.0656 - "n02110806 basenji"
0.0383 - "n02113023 Pembroke, Pembroke Welsh corgi"
0.0311 - "n02091244 Ibizan hound, Ibizan Podenco"
0.0298 - "n02389026 sorrel"
