loading weight: /home/nvidia/caffe-build/models/bvlc_alexnet/bvlc_alexnet.caffemodel
loading prototxt: /home/nvidia/caffe-build/models/bvlc_alexnet/deploy.prototxt
---------- Prediction for /home/nvidia/caffe-build/examples/images/cat.jpg ----------
Latency(us)/Energy(mJ): 0 0 0 0 0 
Latency(us)/Energy(mJ): 3635 13.2124 0.695398 1.36966 5.1807 
Latency(us)/Energy(mJ): 47 0.311565 0.0305409 0.0305409 0.119525 
Latency(us)/Energy(mJ): 868 2.84832 0.279204 0.279204 1.0927 
Latency(us)/Energy(mJ): 242 0 0 0 0 
Latency(us)/Energy(mJ): 2715 12.2236 1.45412 1.14359 4.56987 
Latency(us)/Energy(mJ): 51 0.515234 0.0819934 0.0455917 0.187499 
Latency(us)/Energy(mJ): 624 2.89608 0.456855 0.25403 1.04472 
Latency(us)/Energy(mJ): 220 0.829627 0.130874 0.072771 0.299275 
Latency(us)/Energy(mJ): 1874 8.5143 1.46984 0.730259 3.02557 
Latency(us)/Energy(mJ): 47 0 0 0 0 
Latency(us)/Energy(mJ): 1775 8.45911 1.69869 0.69744 2.91057 
Latency(us)/Energy(mJ): 46 0 0 0 0 
Latency(us)/Energy(mJ): 1268 6.05901 1.32321 0.486537 2.03043 
Latency(us)/Energy(mJ): 42 0.417441 0.0927357 0.0330518 0.137932 
Latency(us)/Energy(mJ): 71 0 0 0 0 
Latency(us)/Energy(mJ): 5693 26.714 5.60909 2.18919 9.04722 
Latency(us)/Energy(mJ): 49 0.364024 0.0715396 0.0297561 0.127225 
Latency(us)/Energy(mJ): 1 0 0 0 0 
Latency(us)/Energy(mJ): 5172 27.7312 5.789 1.97049 9.90249 
Latency(us)/Energy(mJ): 56 0.447518 0.0974696 0.0286322 0.163902 
Latency(us)/Energy(mJ): 0 0 0 0 0 
Latency(us)/Energy(mJ): 2111 12.6039 2.7785 0.773354 4.62082 
Latency(us)/Energy(mJ): 299 2.42532 0.543532 0.142818 0.892913 
0.3094 - "n02124075 Egyptian cat"
0.1761 - "n02123159 tiger cat"
0.1221 - "n02123045 tabby, tabby cat"
0.1132 - "n02119022 red fox, Vulpes vulpes"
0.0421 - "n02085620 Chihuahua"
