loading weight: /home/nvidia/caffe-build/models/bvlc_alexnet/bvlc_alexnet.caffemodel
loading prototxt: /home/nvidia/caffe-build/models/bvlc_alexnet/deploy.prototxt
---------- Prediction for /home/nvidia/caffe-build/examples/images/cat.jpg ----------
Latency(us)/Energy(mJ): 7 0 0 0 0 
Latency(us)/Energy(mJ): 6228 20.3873 1.10958 2.36429 7.65067 
Latency(us)/Energy(mJ): 147 0.656613 0.0569588 0.0713385 0.239787 
Latency(us)/Energy(mJ): 657 2.36933 0.205158 0.256952 0.867225 
Latency(us)/Energy(mJ): 358 1.33167 0.113658 0.142352 0.489104 
Latency(us)/Energy(mJ): 3629 13.5594 1.62254 1.38162 4.89505 
Latency(us)/Energy(mJ): 108 0.734271 0.0996444 0.0712812 0.2589 
Latency(us)/Energy(mJ): 548 2.19848 0.298346 0.213423 0.78023 
Latency(us)/Energy(mJ): 262 1.19349 0.161962 0.115861 0.424317 
Latency(us)/Energy(mJ): 3042 12.3974 1.94766 1.17305 4.32745 
Latency(us)/Energy(mJ): 110 0.466444 0.0776653 0.0431851 0.160305 
Latency(us)/Energy(mJ): 2809 11.6945 2.02109 1.07162 3.96015 
Latency(us)/Energy(mJ): 110 0.313622 0.0564238 0.0282489 0.104861 
Latency(us)/Energy(mJ): 1961 8.44621 1.53761 0.758213 2.81452 
Latency(us)/Energy(mJ): 118 0.315362 0.061908 0.0281534 0.104507 
Latency(us)/Energy(mJ): 169 0.800815 0.157206 0.0714913 0.265379 
Latency(us)/Energy(mJ): 3046 13.2251 2.3862 1.18745 4.43154 
Latency(us)/Energy(mJ): 118 0.323544 0.056195 0.0281343 0.111506 
Latency(us)/Energy(mJ): 10 0.497947 0.0864861 0.0432997 0.171612 
Latency(us)/Energy(mJ): 6477 32.2901 5.86144 2.4528 11.6169 
Latency(us)/Energy(mJ): 118 1.03747 0.185355 0.0711898 0.383887 
Latency(us)/Energy(mJ): 10 0 0 0 0 
Latency(us)/Energy(mJ): 2802 16.2284 3.03533 1.07067 6.07966 
Latency(us)/Energy(mJ): 777 4.48927 0.855598 0.28495 1.6994 
0.3094 - "n02124075 Egyptian cat"
0.1761 - "n02123159 tiger cat"
0.1221 - "n02123045 tabby, tabby cat"
0.1132 - "n02119022 red fox, Vulpes vulpes"
0.0421 - "n02085620 Chihuahua"
