loading weight: /home/nvidia/caffe-build/models/bvlc_alexnet/bvlc_alexnet.caffemodel
loading prototxt: /home/nvidia/caffe-build/models/bvlc_alexnet/deploy.prototxt
---------- Prediction for /home/nvidia/caffe-build/examples/images/cat.jpg ----------
Latency(us)/Energy(mJ): 1 0 0 0 0 
Latency(us)/Energy(mJ): 12698 22.3149 2.57778 4.82267 4.32589 
Latency(us)/Energy(mJ): 66 0.236637 0.0446176 0.0446176 0.0447344 
Latency(us)/Energy(mJ): 733 1.43256 0.267171 0.267171 0.281159 
Latency(us)/Energy(mJ): 248 0.658106 0.121801 0.121801 0.128178 
Latency(us)/Energy(mJ): 9650 22.0623 5.22299 3.67402 4.40213 
Latency(us)/Energy(mJ): 65 0.270119 0.0747856 0.0415234 0.0541326 
Latency(us)/Energy(mJ): 557 1.2102 0.335056 0.186034 0.242526 
Latency(us)/Energy(mJ): 202 0.62622 0.173376 0.096264 0.125496 
Latency(us)/Energy(mJ): 5713 14.7618 4.23517 2.19132 2.85675 
Latency(us)/Energy(mJ): 57 0.272149 0.085428 0.0388494 0.0506466 
Latency(us)/Energy(mJ): 3908 10.5827 3.38625 1.48558 1.9367 
Latency(us)/Energy(mJ): 57 0 0 0 0 
Latency(us)/Energy(mJ): 3767 10.5965 3.48272 1.45082 1.89138 
Latency(us)/Energy(mJ): 53 0.319455 0.104997 0.043739 0.057021 
Latency(us)/Energy(mJ): 83 0.241056 0.0792288 0.0330048 0.0430272 
Latency(us)/Energy(mJ): 6751 18.1772 5.78873 2.5678 3.41883 
Latency(us)/Energy(mJ): 64 0.232675 0.071988 0.0327374 0.0475635 
Latency(us)/Energy(mJ): 2 0 0 0 0 
Latency(us)/Energy(mJ): 32901 97.0676 27.48 12.5508 22.8831 
Latency(us)/Energy(mJ): 64 0.302949 0.0757124 0.0378562 0.0777935 
Latency(us)/Energy(mJ): 2 0 0 0 0 
Latency(us)/Energy(mJ): 14361 44.5081 10.9998 5.49988 11.4402 
Latency(us)/Energy(mJ): 410 1.22865 0.303193 0.151597 0.319464 
0.3094 - "n02124075 Egyptian cat"
0.1761 - "n02123159 tiger cat"
0.1221 - "n02123045 tabby, tabby cat"
0.1132 - "n02119022 red fox, Vulpes vulpes"
0.0421 - "n02085620 Chihuahua"
