loading weight: /home/nvidia/caffe-build/models/bvlc_alexnet/bvlc_alexnet.caffemodel
loading prototxt: /home/nvidia/caffe-build/models/bvlc_alexnet/deploy.prototxt
---------- Prediction for /home/nvidia/Downloads/ILSVRC2012_img_train_t3/n02085620/n02085620_1152.JPEG ----------
Latency(us)/Energy(mJ): 0 0 0 0 0 
Latency(us)/Energy(mJ): 258 1.27023 0.0341726 0.446268 0.33161 
Latency(us)/Energy(mJ): 20 0.255154 0.00686432 0.0896426 0.066611 
Latency(us)/Energy(mJ): 50 0.156731 0.00421648 0.0550639 0.0409165 
Latency(us)/Energy(mJ): 49 0.411015 0.0164753 0.143436 0.106583 
Latency(us)/Energy(mJ): 2366 13.8746 0.953141 4.60806 3.54458 
Latency(us)/Energy(mJ): 17 0.166898 0.014685 0.05247 0.0421575 
Latency(us)/Energy(mJ): 43 0.274076 0.0241154 0.0861653 0.0692303 
Latency(us)/Energy(mJ): 35 0.166776 0.0167628 0.0524318 0.0421268 
Latency(us)/Energy(mJ): 3049 18.9561 2.36153 5.65912 4.67572 
Latency(us)/Energy(mJ): 19 0 0 0 0 
Latency(us)/Energy(mJ): 2233 14.7602 2.25445 4.00989 3.69617 
Latency(us)/Energy(mJ): 32 0.3042 0.0481027 0.0790452 0.0775589 
Latency(us)/Energy(mJ): 1639 11.1738 1.9 2.84388 2.88793 
Latency(us)/Energy(mJ): 32 0.317209 0.0551196 0.0792457 0.0820921 
Latency(us)/Energy(mJ): 36 0.191112 0.0332084 0.0477439 0.0494587 
Latency(us)/Energy(mJ): 1392 10.0865 1.76948 2.46256 2.64757 
Latency(us)/Energy(mJ): 21 0 0 0 0 
Latency(us)/Energy(mJ): 1 0 0 0 0 
Latency(us)/Energy(mJ): 7639 61.6994 10.3523 12.8025 18.7518 
Latency(us)/Energy(mJ): 22 0.39275 0.0654206 0.0757669 0.12795 
Latency(us)/Energy(mJ): 1 0 0 0 0 
Latency(us)/Energy(mJ): 3374 29.9421 4.86318 5.43789 9.88732 
Latency(us)/Energy(mJ): 29 0.409963 0.0653755 0.072288 0.137438 
0.5948 - "n02085620 Chihuahua"
0.0656 - "n02110806 basenji"
0.0383 - "n02113023 Pembroke, Pembroke Welsh corgi"
0.0311 - "n02091244 Ibizan hound, Ibizan Podenco"
0.0298 - "n02389026 sorrel"
