loading weight: /home/nvidia/caffe-build/models/bvlc_alexnet/bvlc_alexnet.caffemodel
loading prototxt: /home/nvidia/caffe-build/models/bvlc_alexnet/deploy.prototxt
---------- Prediction for /home/nvidia/caffe-build/examples/images/cat.jpg ----------
Latency(us)/Energy(mJ): 1 0 0 0 0 
Latency(us)/Energy(mJ): 4700 15.0516 0.864461 1.06712 5.97403 
Latency(us)/Energy(mJ): 90 0.350643 0.0314455 0.0236099 0.136298 
Latency(us)/Energy(mJ): 367 1.13417 0.100558 0.0755013 0.442128 
Latency(us)/Energy(mJ): 199 0.747546 0.0658953 0.0494754 0.289723 
Latency(us)/Energy(mJ): 3653 13.3571 1.58458 0.837064 5.09929 
Latency(us)/Energy(mJ): 86 0.389759 0.053934 0.023129 0.143218 
Latency(us)/Energy(mJ): 298 1.29199 0.178783 0.0766692 0.481108 
Latency(us)/Energy(mJ): 181 0.840814 0.115745 0.0496357 0.31147 
Latency(us)/Energy(mJ): 2896 11.4127 1.81906 0.660883 4.19159 
Latency(us)/Energy(mJ): 84 0.461666 0.0790737 0.0263579 0.167586 
Latency(us)/Energy(mJ): 2641 10.3828 1.89243 0.584774 3.71804 
Latency(us)/Energy(mJ): 87 0.401253 0.0742017 0.0222702 0.141596 
Latency(us)/Energy(mJ): 1768 7.56034 1.47576 0.415795 2.64366 
Latency(us)/Energy(mJ): 84 0.417049 0.08337 0.0227282 0.144508 
Latency(us)/Energy(mJ): 127 0.473145 0.094584 0.0257854 0.163946 
Latency(us)/Energy(mJ): 1868 7.65406 1.5317 0.41757 2.69219 
Latency(us)/Energy(mJ): 86 0.469905 0.091434 0.0249267 0.166867 
Latency(us)/Energy(mJ): 3 0 0 0 0 
Latency(us)/Energy(mJ): 6501 32.0506 6.30786 1.4961 11.9423 
Latency(us)/Energy(mJ): 86 0.612528 0.120631 0.0258655 0.233355 
Latency(us)/Energy(mJ): 1 0 0 0 0 
Latency(us)/Energy(mJ): 2799 15.7014 3.10428 0.637525 6.04427 
Latency(us)/Energy(mJ): 544 3.107 0.607006 0.121507 1.20818 
0.3094 - "n02124075 Egyptian cat"
0.1761 - "n02123159 tiger cat"
0.1221 - "n02123045 tabby, tabby cat"
0.1132 - "n02119022 red fox, Vulpes vulpes"
0.0421 - "n02085620 Chihuahua"
