loading weight: /home/nvidia/caffe-build/models/bvlc_alexnet/bvlc_alexnet.caffemodel
loading prototxt: /home/nvidia/caffe-build/models/bvlc_alexnet/deploy.prototxt
---------- Prediction for /home/nvidia/Downloads/ILSVRC2012_img_train_t3/n02085620/n02085620_1152.JPEG ----------
Latency(us)/Energy(mJ): 0 0 0 0 0 
Latency(us)/Energy(mJ): 323 1.25542 0.047117 0.141971 0.451331 
Latency(us)/Energy(mJ): 30 0 0 0 0 
Latency(us)/Energy(mJ): 64 0.313227 0.0141088 0.0354217 0.112607 
Latency(us)/Energy(mJ): 57 0.306765 0.0172803 0.0345607 0.10987 
Latency(us)/Energy(mJ): 3013 12.9594 1.20748 1.45568 4.39235 
Latency(us)/Energy(mJ): 29 0.204115 0.0239766 0.0239766 0.0671255 
Latency(us)/Energy(mJ): 51 0.138017 0.0162122 0.0162122 0.0453882 
Latency(us)/Energy(mJ): 53 0.343072 0.0403063 0.0403063 0.112843 
Latency(us)/Energy(mJ): 3838 18.0568 2.83463 1.85778 5.67826 
Latency(us)/Energy(mJ): 30 0.220093 0.0380738 0.020784 0.0687053 
Latency(us)/Energy(mJ): 2814 14.2593 2.6231 1.2816 4.45859 
Latency(us)/Energy(mJ): 38 0.239153 0.045017 0.020784 0.0755123 
Latency(us)/Energy(mJ): 2091 11.3286 2.21816 0.95951 3.58975 
Latency(us)/Energy(mJ): 37 0.162711 0.0316128 0.0135568 0.052096 
Latency(us)/Energy(mJ): 45 0.249234 0.0484231 0.0207657 0.0797984 
Latency(us)/Energy(mJ): 1803 10.1875 2.0926 0.837471 3.27436 
Latency(us)/Energy(mJ): 32 0 0 0 0 
Latency(us)/Energy(mJ): 0 0 0 0 0 
Latency(us)/Energy(mJ): 9561 62.6292 11.3195 4.37687 22.5571 
Latency(us)/Energy(mJ): 32 0.32192 0.0553392 0.0207295 0.122381 
Latency(us)/Energy(mJ): 0 0 0 0 0 
Latency(us)/Energy(mJ): 4206 30.6624 5.14694 1.92799 11.7782 
Latency(us)/Energy(mJ): 40 0 0 0 0 
0.5948 - "n02085620 Chihuahua"
0.0656 - "n02110806 basenji"
0.0383 - "n02113023 Pembroke, Pembroke Welsh corgi"
0.0311 - "n02091244 Ibizan hound, Ibizan Podenco"
0.0298 - "n02389026 sorrel"
