loading weight: /home/nvidia/caffe-build/models/bvlc_alexnet/bvlc_alexnet.caffemodel
loading prototxt: /home/nvidia/caffe-build/models/bvlc_alexnet/deploy.prototxt
---------- Prediction for /home/nvidia/caffe-build/examples/images/cat.jpg ----------
Latency(us)/Energy(mJ): 0 0 0 0 0 
Latency(us)/Energy(mJ): 3694 12.2115 0.665032 5.23525 2.31675 
Latency(us)/Energy(mJ): 25 0.398363 0.0259457 0.155787 0.078177 
Latency(us)/Energy(mJ): 267 0.932503 0.080642 0.36355 0.182436 
Latency(us)/Energy(mJ): 91 0.402668 0.0345565 0.155787 0.078177 
Latency(us)/Energy(mJ): 4346 16.0156 1.74321 5.94 3.21426 
Latency(us)/Energy(mJ): 20 0 0 0 0 
Latency(us)/Energy(mJ): 211 1.01292 0.139774 0.359906 0.205474 
Latency(us)/Energy(mJ): 88 0.439192 0.0601818 0.154963 0.0884695 
Latency(us)/Energy(mJ): 3156 12.1156 1.83187 4.13575 2.41884 
Latency(us)/Energy(mJ): 23 0.453243 0.077631 0.146787 0.088705 
Latency(us)/Energy(mJ): 2488 9.89716 1.75166 3.16125 1.95757 
Latency(us)/Energy(mJ): 27 0.305118 0.0564238 0.0960611 0.0595298 
Latency(us)/Energy(mJ): 1764 6.93855 1.32793 2.18719 1.35542 
Latency(us)/Energy(mJ): 20 0.471573 0.09513 0.147112 0.0911663 
Latency(us)/Energy(mJ): 32 0 0 0 0 
Latency(us)/Energy(mJ): 2287 9.57465 1.83289 3.01264 1.90065 
Latency(us)/Energy(mJ): 23 0 0 0 0 
Latency(us)/Energy(mJ): 1 0 0 0 0 
Latency(us)/Energy(mJ): 9262 43.8294 8.4111 11.4772 10.9262 
Latency(us)/Energy(mJ): 22 0 0 0 0 
Latency(us)/Energy(mJ): 1 0 0 0 0 
Latency(us)/Energy(mJ): 3965 21.3272 4.05864 4.9102 6.10628 
Latency(us)/Energy(mJ): 164 0.620643 0.121378 0.138767 0.182977 
0.3094 - "n02124075 Egyptian cat"
0.1761 - "n02123159 tiger cat"
0.1221 - "n02123045 tabby, tabby cat"
0.1132 - "n02119022 red fox, Vulpes vulpes"
0.0421 - "n02085620 Chihuahua"
