loading weight: /home/nvidia/caffe-build/models/bvlc_alexnet/bvlc_alexnet.caffemodel
loading prototxt: /home/nvidia/caffe-build/models/bvlc_alexnet/deploy.prototxt
---------- Prediction for /home/nvidia/Downloads/ILSVRC2012_img_train_t3/n02085620/n02085620_1152.JPEG ----------
Latency(us)/Energy(mJ): 0 0 0 0 0 
Latency(us)/Energy(mJ): 194 0.901411 0.0332965 0.179792 0.304627 
Latency(us)/Energy(mJ): 19 0 0 0 0 
Latency(us)/Energy(mJ): 42 0.127355 0.00631124 0.025245 0.0427731 
Latency(us)/Energy(mJ): 41 0.340293 0.0167262 0.0669046 0.113358 
Latency(us)/Energy(mJ): 1512 7.34684 0.648586 1.36845 2.36704 
Latency(us)/Energy(mJ): 18 0.141041 0.0166896 0.0250618 0.0444874 
Latency(us)/Energy(mJ): 35 0.236015 0.0277184 0.041623 0.0738854 
Latency(us)/Energy(mJ): 35 0.142835 0.016775 0.02519 0.044715 
Latency(us)/Energy(mJ): 1851 10.1176 1.59245 1.70546 3.03882 
Latency(us)/Energy(mJ): 20 0 0 0 0 
Latency(us)/Energy(mJ): 1381 8.23534 1.59305 1.26139 2.44855 
Latency(us)/Energy(mJ): 28 0.172972 0.0360566 0.0233242 0.0515968 
Latency(us)/Energy(mJ): 1008 6.536 1.40552 0.856317 1.95163 
Latency(us)/Energy(mJ): 27 0 0 0 0 
Latency(us)/Energy(mJ): 32 0.478705 0.10569 0.0611967 0.143765 
Latency(us)/Energy(mJ): 827 5.41308 1.22075 0.677878 1.62819 
Latency(us)/Energy(mJ): 23 0 0 0 0 
Latency(us)/Energy(mJ): 0 0 0 0 0 
Latency(us)/Energy(mJ): 5428 42.9168 9.25782 4.72822 14.2423 
Latency(us)/Energy(mJ): 23 0.394488 0.083 0.0380284 0.138046 
Latency(us)/Energy(mJ): 0 0 0 0 0 
Latency(us)/Energy(mJ): 2419 21.5384 4.4821 2.01204 7.61131 
Latency(us)/Energy(mJ): 30 0.257152 0.053312 0.023464 0.092148 
0.5948 - "n02085620 Chihuahua"
0.0656 - "n02110806 basenji"
0.0383 - "n02113023 Pembroke, Pembroke Welsh corgi"
0.0311 - "n02091244 Ibizan hound, Ibizan Podenco"
0.0298 - "n02389026 sorrel"
