loading weight: /home/nvidia/caffe-build/models/bvlc_alexnet/bvlc_alexnet.caffemodel
loading prototxt: /home/nvidia/caffe-build/models/bvlc_alexnet/deploy.prototxt
---------- Prediction for /home/nvidia/Downloads/ILSVRC2012_img_train_t3/n02085620/n02085620_1152.JPEG ----------
Latency(us)/Energy(mJ): 0 0 0 0 0 
Latency(us)/Energy(mJ): 258 1.00299 0.0348718 0.175277 0.344379 
Latency(us)/Energy(mJ): 27 0.198388 0.0103416 0.0345022 0.0683722 
Latency(us)/Energy(mJ): 56 0.127908 0.00660894 0.022049 0.043694 
Latency(us)/Energy(mJ): 52 0.327968 0.016946 0.056462 0.112036 
Latency(us)/Energy(mJ): 1700 8.0055 0.732666 1.29213 2.61139 
Latency(us)/Energy(mJ): 26 0.225068 0.0276574 0.0345944 0.0719999 
Latency(us)/Energy(mJ): 43 0.143559 0.0176412 0.022066 0.045925 
Latency(us)/Energy(mJ): 48 0.370755 0.0454206 0.056813 0.118242 
Latency(us)/Energy(mJ): 2072 10.7203 1.7102 1.56168 3.27096 
Latency(us)/Energy(mJ): 28 0.244252 0.0446797 0.0309425 0.073235 
Latency(us)/Energy(mJ): 1588 9.00103 1.76126 1.08213 2.71942 
Latency(us)/Energy(mJ): 36 0.269523 0.0552625 0.0310936 0.0822374 
Latency(us)/Energy(mJ): 1141 6.956 1.49691 0.778728 2.12342 
Latency(us)/Energy(mJ): 34 0.284211 0.0619498 0.0309523 0.0871718 
Latency(us)/Energy(mJ): 41 0.181663 0.0395973 0.0197842 0.0557189 
Latency(us)/Energy(mJ): 916 5.96781 1.33747 0.639928 1.84286 
Latency(us)/Energy(mJ): 30 0.188964 0.041963 0.0198666 0.0592811 
Latency(us)/Energy(mJ): 0 0 0 0 0 
Latency(us)/Energy(mJ): 5744 43.3484 9.13111 3.93512 14.7869 
Latency(us)/Energy(mJ): 36 0.396959 0.079677 0.0326124 0.14281 
Latency(us)/Energy(mJ): 0 0.238643 0.0479001 0.0196059 0.0858543 
Latency(us)/Energy(mJ): 2560 21.8874 4.41423 1.74764 7.96021 
Latency(us)/Energy(mJ): 35 0.3979 0.0792005 0.0309935 0.146067 
0.5948 - "n02085620 Chihuahua"
0.0656 - "n02110806 basenji"
0.0383 - "n02113023 Pembroke, Pembroke Welsh corgi"
0.0311 - "n02091244 Ibizan hound, Ibizan Podenco"
0.0298 - "n02389026 sorrel"
