loading weight: /home/nvidia/caffe-build/models/bvlc_alexnet/bvlc_alexnet.caffemodel
loading prototxt: /home/nvidia/caffe-build/models/bvlc_alexnet/deploy.prototxt
---------- Prediction for /home/nvidia/Downloads/ILSVRC2012_img_train_t3/n02085620/n02085620_1152.JPEG ----------
Latency(us)/Energy(mJ): 0 0 0 0 0 
Latency(us)/Energy(mJ): 505 1.8892 0.0858633 0.193139 0.674553 
Latency(us)/Energy(mJ): 61 0.174268 0.010447 0.0174268 0.0611764 
Latency(us)/Energy(mJ): 118 0.450562 0.0269258 0.0449156 0.157675 
Latency(us)/Energy(mJ): 116 0.484999 0.0348911 0.0480098 0.170925 
Latency(us)/Energy(mJ): 1949 8.08124 0.923174 0.743665 2.72665 
Latency(us)/Energy(mJ): 62 0.356184 0.0495399 0.0308915 0.117372 
Latency(us)/Energy(mJ): 100 0.353535 0.055015 0.0305105 0.116596 
Latency(us)/Energy(mJ): 101 0.519874 0.0805851 0.0446913 0.170789 
Latency(us)/Energy(mJ): 2190 10.1802 1.84655 0.834245 3.21435 
Latency(us)/Energy(mJ): 65 0.22116 0.0452352 0.0173736 0.0699048 
Latency(us)/Energy(mJ): 1929 10.0419 2.11858 0.741152 3.18007 
Latency(us)/Energy(mJ): 72 0.439263 0.098901 0.030861 0.140274 
Latency(us)/Energy(mJ): 1315 7.25362 1.64393 0.494683 2.31844 
Latency(us)/Energy(mJ): 70 0.463921 0.105083 0.0308686 0.148834 
Latency(us)/Energy(mJ): 84 0.467013 0.105783 0.0310744 0.150609 
Latency(us)/Energy(mJ): 1152 6.79999 1.56437 0.448658 2.20146 
Latency(us)/Energy(mJ): 66 0.276431 0.0609849 0.0179146 0.0908426 
Latency(us)/Energy(mJ): 1 0.209528 0.0462251 0.0135788 0.0688565 
Latency(us)/Energy(mJ): 6439 44.2428 9.25332 2.4423 15.9015 
Latency(us)/Energy(mJ): 66 0.630821 0.125843 0.0314401 0.2384 
Latency(us)/Energy(mJ): 1 0 0 0 0 
Latency(us)/Energy(mJ): 2848 22.7239 4.5233 1.09776 8.68083 
Latency(us)/Energy(mJ): 82 0.654899 0.129937 0.030922 0.253138 
0.5948 - "n02085620 Chihuahua"
0.0656 - "n02110806 basenji"
0.0383 - "n02113023 Pembroke, Pembroke Welsh corgi"
0.0311 - "n02091244 Ibizan hound, Ibizan Podenco"
0.0298 - "n02389026 sorrel"
