loading weight: /home/nvidia/caffe-build/models/bvlc_alexnet/bvlc_alexnet.caffemodel
loading prototxt: /home/nvidia/caffe-build/models/bvlc_alexnet/deploy.prototxt
---------- Prediction for /home/nvidia/Downloads/ILSVRC2012_img_train_t3/n02085620/n02085620_1152.JPEG ----------
Latency(us)/Energy(mJ): 1 0 0 0 0 
Latency(us)/Energy(mJ): 383 1.57424 0.0644214 0.284682 0.501073 
Latency(us)/Energy(mJ): 39 0.197262 0.0105569 0.0352204 0.062696 
Latency(us)/Energy(mJ): 85 0.320235 0.0169872 0.0566735 0.100885 
Latency(us)/Energy(mJ): 80 0.44695 0.0313784 0.0786003 0.139917 
Latency(us)/Energy(mJ): 1484 6.8398 0.719615 1.12684 2.09269 
Latency(us)/Energy(mJ): 33 0.220058 0.0309287 0.0343503 0.0655491 
Latency(us)/Energy(mJ): 78 0.361419 0.0507968 0.0564162 0.107657 
Latency(us)/Energy(mJ): 68 0.364327 0.0508105 0.0564315 0.107686 
Latency(us)/Energy(mJ): 1687 8.53634 1.48419 1.26223 2.46569 
Latency(us)/Energy(mJ): 44 0.399042 0.0789252 0.0563857 0.114693 
Latency(us)/Energy(mJ): 1514 8.70032 1.82194 1.15639 2.52304 
Latency(us)/Energy(mJ): 60 0.447648 0.10152 0.0564162 0.130992 
Latency(us)/Energy(mJ): 952 5.68278 1.29782 0.697901 1.67399 
Latency(us)/Energy(mJ): 53 0.495614 0.118614 0.0593461 0.146416 
Latency(us)/Energy(mJ): 64 0.487047 0.116266 0.0581711 0.144399 
Latency(us)/Energy(mJ): 885 5.67813 1.3182 0.673515 1.68905 
Latency(us)/Energy(mJ): 45 0.475533 0.105951 0.0557906 0.14412 
Latency(us)/Energy(mJ): 1 0 0 0 0 
Latency(us)/Energy(mJ): 5381 41.0275 9.02957 4.108 13.6437 
Latency(us)/Energy(mJ): 42 0.372077 0.0804028 0.0334975 0.131221 
Latency(us)/Energy(mJ): 1 0 0 0 0 
Latency(us)/Energy(mJ): 2387 20.9093 4.38977 1.81855 7.46351 
Latency(us)/Energy(mJ): 61 0.408755 0.083439 0.0347624 0.147489 
0.5948 - "n02085620 Chihuahua"
0.0656 - "n02110806 basenji"
0.0383 - "n02113023 Pembroke, Pembroke Welsh corgi"
0.0311 - "n02091244 Ibizan hound, Ibizan Podenco"
0.0298 - "n02389026 sorrel"
