loading weight: /home/nvidia/caffe-build/models/bvlc_alexnet/bvlc_alexnet.caffemodel
loading prototxt: /home/nvidia/caffe-build/models/bvlc_alexnet/deploy.prototxt
---------- Prediction for /home/nvidia/caffe-build/examples/images/cat.jpg ----------
Latency(us)/Energy(mJ): 0 0 0 0 0 
Latency(us)/Energy(mJ): 9188 33.8443 1.88226 3.98432 13.1552 
Latency(us)/Energy(mJ): 35 0 0 0 0 
Latency(us)/Energy(mJ): 201 0.723122 0.0582855 0.0730002 0.274611 
Latency(us)/Energy(mJ): 90 0.428311 0.0345413 0.0432615 0.16274 
Latency(us)/Energy(mJ): 12562 48.892 4.79863 4.79433 18.1237 
Latency(us)/Energy(mJ): 34 0.451531 0.0520517 0.0434143 0.163315 
Latency(us)/Energy(mJ): 149 0.313867 0.036182 0.030178 0.113523 
Latency(us)/Energy(mJ): 80 0.434448 0.0500823 0.0417717 0.157136 
Latency(us)/Energy(mJ): 10380 41.4481 5.11783 3.9852 14.8492 
Latency(us)/Energy(mJ): 35 0 0 0 0 
Latency(us)/Energy(mJ): 8117 32.1255 4.3179 3.08883 11.2096 
Latency(us)/Energy(mJ): 34 0 0 0 0 
Latency(us)/Energy(mJ): 4954 19.9834 2.68591 1.92138 6.84279 
Latency(us)/Energy(mJ): 36 0 0 0 0 
Latency(us)/Energy(mJ): 54 1.24653 0.167542 0.119853 0.4267 
Latency(us)/Energy(mJ): 3926 15.5534 2.08319 1.49022 5.42261 
Latency(us)/Energy(mJ): 35 0.302333 0.0398631 0.0285163 0.107272 
Latency(us)/Energy(mJ): 1 0 0 0 0 
Latency(us)/Energy(mJ): 21748 99.0257 12.5609 8.27893 37.3773 
Latency(us)/Energy(mJ): 32 0.455562 0.056852 0.0355092 0.178292 
Latency(us)/Energy(mJ): 0 0 0 0 0 
Latency(us)/Energy(mJ): 9448 46.9106 5.7301 3.57896 18.5073 
Latency(us)/Energy(mJ): 206 0.951551 0.114284 0.0713804 0.378133 
0.3094 - "n02124075 Egyptian cat"
0.1761 - "n02123159 tiger cat"
0.1221 - "n02123045 tabby, tabby cat"
0.1132 - "n02119022 red fox, Vulpes vulpes"
0.0421 - "n02085620 Chihuahua"
