loading weight: /home/nvidia/caffe-build/models/bvlc_alexnet/bvlc_alexnet.caffemodel
loading prototxt: /home/nvidia/caffe-build/models/bvlc_alexnet/deploy.prototxt
---------- Prediction for /home/nvidia/caffe-build/examples/images/cat.jpg ----------
Latency(us)/Energy(mJ): 6 0 0 0 0 
Latency(us)/Energy(mJ): 8293 19.7848 1.94195 6.91094 3.3737 
Latency(us)/Energy(mJ): 41 0.206497 0.0307892 0.0615784 0.035464 
Latency(us)/Energy(mJ): 688 1.50928 0.222381 0.459503 0.261647 
Latency(us)/Energy(mJ): 224 0.7982 0.117274 0.25788 0.14122 
Latency(us)/Energy(mJ): 9726 27.286 5.30158 7.5048 4.84497 
Latency(us)/Energy(mJ): 60 0 0 0 0 
Latency(us)/Energy(mJ): 474 1.47948 0.34486 0.382955 0.259146 
Latency(us)/Energy(mJ): 192 0.577718 0.133334 0.148063 0.100195 
Latency(us)/Energy(mJ): 5734 17.2548 4.21857 4.35728 3.05541 
Latency(us)/Energy(mJ): 52 0.346288 0.093954 0.0854534 0.0599516 
Latency(us)/Energy(mJ): 3846 12.193 3.38842 2.96134 2.00542 
Latency(us)/Energy(mJ): 32 0 0 0 0 
Latency(us)/Energy(mJ): 3775 12.0815 3.44755 2.87547 1.94583 
Latency(us)/Energy(mJ): 40 0.364014 0.103874 0.0866376 0.0586278 
Latency(us)/Energy(mJ): 53 0 0 0 0 
Latency(us)/Energy(mJ): 7232 22.64 6.1216 5.54099 3.68549 
Latency(us)/Energy(mJ): 68 0.350158 0.0864084 0.0864084 0.0627705 
Latency(us)/Energy(mJ): 9 0 0 0 0 
Latency(us)/Energy(mJ): 33012 109.571 27.4709 24.1123 22.8391 
Latency(us)/Energy(mJ): 39 0 0 0 0 
Latency(us)/Energy(mJ): 2 0 0 0 0 
Latency(us)/Energy(mJ): 14174 48.4358 10.914 9.73554 11.209 
Latency(us)/Energy(mJ): 300 1.33592 0.296699 0.267185 0.312622 
0.3094 - "n02124075 Egyptian cat"
0.1761 - "n02123159 tiger cat"
0.1221 - "n02123045 tabby, tabby cat"
0.1132 - "n02119022 red fox, Vulpes vulpes"
0.0421 - "n02085620 Chihuahua"
