loading weight: /home/nvidia/caffe-build/models/bvlc_alexnet/bvlc_alexnet.caffemodel
loading prototxt: /home/nvidia/caffe-build/models/bvlc_alexnet/deploy.prototxt
---------- Prediction for /home/nvidia/caffe-build/examples/images/cat.jpg ----------
Latency(us)/Energy(mJ): 1 0 0 0 0 
Latency(us)/Energy(mJ): 4507 9.97973 0.86437 2.40472 2.26891 
Latency(us)/Energy(mJ): 78 0.245236 0.031049 0.054463 0.056499 
Latency(us)/Energy(mJ): 425 1.0376 0.129869 0.227803 0.244835 
Latency(us)/Energy(mJ): 235 0.52586 0.0655445 0.114972 0.123568 
Latency(us)/Energy(mJ): 4160 11.0232 1.7952 2.1053 2.62932 
Latency(us)/Energy(mJ): 73 0.280255 0.0530185 0.0453878 0.066397 
Latency(us)/Energy(mJ): 302 0.924756 0.174945 0.149766 0.21909 
Latency(us)/Energy(mJ): 151 0.278982 0.0527777 0.0451817 0.0660955 
Latency(us)/Energy(mJ): 3128 9.34043 1.94564 1.46455 2.22031 
Latency(us)/Energy(mJ): 72 0 0 0 0 
Latency(us)/Energy(mJ): 2677 8.47258 2.01328 1.27045 1.9667 
Latency(us)/Energy(mJ): 67 0 0 0 0 
Latency(us)/Energy(mJ): 1967 6.35207 1.6001 0.930015 1.4397 
Latency(us)/Energy(mJ): 73 0.31149 0.082488 0.0449756 0.0696238 
Latency(us)/Energy(mJ): 113 0.365256 0.096726 0.0527387 0.0816414 
Latency(us)/Energy(mJ): 2661 8.31893 2.0604 1.21578 1.92022 
Latency(us)/Energy(mJ): 76 0 0 0 0 
Latency(us)/Energy(mJ): 3 0.366743 0.087287 0.0523265 0.0919713 
Latency(us)/Energy(mJ): 9190 34.8733 8.19105 4.20886 10.178 
Latency(us)/Energy(mJ): 59 0 0 0 0 
Latency(us)/Energy(mJ): 6 0 0 0 0 
Latency(us)/Energy(mJ): 3891 17.5269 3.92966 1.8143 5.80247 
Latency(us)/Energy(mJ): 451 1.96824 0.424973 0.196207 0.668082 
0.3094 - "n02124075 Egyptian cat"
0.1761 - "n02123159 tiger cat"
0.1221 - "n02123045 tabby, tabby cat"
0.1132 - "n02119022 red fox, Vulpes vulpes"
0.0421 - "n02085620 Chihuahua"
