loading weight: /home/nvidia/caffe-build/models/bvlc_alexnet/bvlc_alexnet.caffemodel
loading prototxt: /home/nvidia/caffe-build/models/bvlc_alexnet/deploy.prototxt
---------- Prediction for /home/nvidia/Downloads/ILSVRC2012_img_train_t3/n02085620/n02085620_1152.JPEG ----------
Latency(us)/Energy(mJ): 0 0 0 0 0 
Latency(us)/Energy(mJ): 298 1.4909 0.0507876 0.453885 0.410716 
Latency(us)/Energy(mJ): 24 0 0 0 0 
Latency(us)/Energy(mJ): 70 0.368431 0.0166117 0.110769 0.101483 
Latency(us)/Energy(mJ): 57 0.371008 0.0166804 0.111227 0.101903 
Latency(us)/Energy(mJ): 1502 8.0242 0.687372 2.28259 2.1439 
Latency(us)/Energy(mJ): 23 0.153741 0.016714 0.0418398 0.040415 
Latency(us)/Energy(mJ): 54 0.406012 0.0462159 0.110494 0.106731 
Latency(us)/Energy(mJ): 44 0.254815 0.0309386 0.0688677 0.0665225 
Latency(us)/Energy(mJ): 1803 10.3959 1.53918 2.5807 2.65841 
Latency(us)/Energy(mJ): 27 0.441189 0.0719398 0.105154 0.112925 
Latency(us)/Energy(mJ): 1460 9.2915 1.71194 2.09792 2.4224 
Latency(us)/Energy(mJ): 52 0.307593 0.0593568 0.06641 0.0814782 
Latency(us)/Energy(mJ): 1007 6.98755 1.42209 1.47127 1.86498 
Latency(us)/Energy(mJ): 55 0.511213 0.104937 0.104937 0.137163 
Latency(us)/Energy(mJ): 50 0.19257 0.0395287 0.0395287 0.0516683 
Latency(us)/Energy(mJ): 783 5.69102 1.21506 1.149 1.54294 
Latency(us)/Energy(mJ): 37 0.32741 0.068869 0.0620047 0.0907264 
Latency(us)/Energy(mJ): 2 0 0 0 0 
Latency(us)/Energy(mJ): 5439 45.1661 9.16133 7.46745 13.8893 
Latency(us)/Energy(mJ): 30 0.249924 0.0501603 0.0376477 0.0819084 
Latency(us)/Energy(mJ): 0 0 0 0 0 
Latency(us)/Energy(mJ): 2398 22.4453 4.38432 3.27965 7.47265 
Latency(us)/Energy(mJ): 38 0.43929 0.0832837 0.0624628 0.148207 
0.5948 - "n02085620 Chihuahua"
0.0656 - "n02110806 basenji"
0.0383 - "n02113023 Pembroke, Pembroke Welsh corgi"
0.0311 - "n02091244 Ibizan hound, Ibizan Podenco"
0.0298 - "n02389026 sorrel"
