loading weight: /home/nvidia/caffe-build/models/bvlc_alexnet/bvlc_alexnet.caffemodel
loading prototxt: /home/nvidia/caffe-build/models/bvlc_alexnet/deploy.prototxt
---------- Prediction for /home/nvidia/caffe-build/examples/images/cat.jpg ----------
Latency(us)/Energy(mJ): 1 0 0 0 0 
Latency(us)/Energy(mJ): 9290 18.1523 2.07239 4.95849 3.10286 
Latency(us)/Energy(mJ): 85 0.175954 0.0308465 0.0432013 0.0309272 
Latency(us)/Energy(mJ): 858 1.95745 0.339292 0.475187 0.353361 
Latency(us)/Energy(mJ): 331 0.862413 0.148598 0.208115 0.156378 
Latency(us)/Energy(mJ): 9753 23.7271 5.31827 4.50083 4.41031 
Latency(us)/Energy(mJ): 72 0 0 0 0 
Latency(us)/Energy(mJ): 660 1.82293 0.47847 0.318516 0.333121 
Latency(us)/Energy(mJ): 294 1.00802 0.266738 0.177567 0.185708 
Latency(us)/Energy(mJ): 5673 15.1038 4.15176 2.57579 2.80075 
Latency(us)/Energy(mJ): 78 0.224177 0.067494 0.0368003 0.0400143 
Latency(us)/Energy(mJ): 4013 11.4591 3.53102 1.86486 2.02773 
Latency(us)/Energy(mJ): 69 0.331315 0.104584 0.0522349 0.0567969 
Latency(us)/Energy(mJ): 3957 11.3872 3.62793 1.81199 1.97024 
Latency(us)/Energy(mJ): 68 0 0 0 0 
Latency(us)/Energy(mJ): 110 0.563279 0.177806 0.0888062 0.0928781 
Latency(us)/Energy(mJ): 7930 21.6857 6.45404 3.60313 3.76844 
Latency(us)/Energy(mJ): 75 0.221261 0.0614256 0.0368232 0.0415668 
Latency(us)/Energy(mJ): 12 0 0 0 0 
Latency(us)/Energy(mJ): 32855 99.3379 25.9075 15.0849 22.4307 
Latency(us)/Energy(mJ): 74 0.357119 0.0870578 0.0521891 0.0872857 
Latency(us)/Energy(mJ): 3 0 0 0 0 
Latency(us)/Energy(mJ): 14097 44.4077 10.7215 6.42727 11.1127 
Latency(us)/Energy(mJ): 478 1.8452 0.443693 0.265984 0.467504 
0.3094 - "n02124075 Egyptian cat"
0.1761 - "n02123159 tiger cat"
0.1221 - "n02123045 tabby, tabby cat"
0.1132 - "n02119022 red fox, Vulpes vulpes"
0.0421 - "n02085620 Chihuahua"
