loading weight: /home/nvidia/caffe-build/models/bvlc_alexnet/bvlc_alexnet.caffemodel
loading prototxt: /home/nvidia/caffe-build/models/bvlc_alexnet/deploy.prototxt
---------- Prediction for /home/nvidia/caffe-build/examples/images/cat.jpg ----------
Latency(us)/Energy(mJ): 8 0 0 0 0 
Latency(us)/Energy(mJ): 6993 13.353 1.23763 2.65513 2.71071 
Latency(us)/Energy(mJ): 150 0.4052 0.0571113 0.0715295 0.086135 
Latency(us)/Energy(mJ): 767 1.80119 0.251122 0.31452 0.383708 
Latency(us)/Energy(mJ): 428 0.844421 0.12858 0.142983 0.186401 
Latency(us)/Energy(mJ): 3751 9.13372 1.67357 1.43708 2.01483 
Latency(us)/Energy(mJ): 112 0.49357 0.114318 0.0714722 0.111137 
Latency(us)/Energy(mJ): 672 1.76588 0.409003 0.255711 0.397624 
Latency(us)/Energy(mJ): 362 0.999546 0.228911 0.143116 0.228152 
Latency(us)/Energy(mJ): 2775 7.70207 1.8132 1.07432 1.74738 
Latency(us)/Energy(mJ): 146 0.223836 0.0544552 0.0302353 0.0500228 
Latency(us)/Energy(mJ): 2489 7.25999 1.87863 0.971904 1.61509 
Latency(us)/Energy(mJ): 149 0.551077 0.15729 0.0715295 0.119848 
Latency(us)/Energy(mJ): 2091 6.09386 1.7312 0.787283 1.32743 
Latency(us)/Energy(mJ): 131 0.562746 0.15771 0.0717205 0.122225 
Latency(us)/Energy(mJ): 179 0.558938 0.1575 0.071625 0.122063 
Latency(us)/Energy(mJ): 3983 11.5577 3.13644 1.50825 2.53968 
Latency(us)/Energy(mJ): 133 0.575193 0.144511 0.0722553 0.139776 
Latency(us)/Energy(mJ): 12 0 0 0 0 
Latency(us)/Energy(mJ): 8737 31.9015 8.03334 3.3383 9.33028 
Latency(us)/Energy(mJ): 118 0.778989 0.18729 0.0721216 0.253181 
Latency(us)/Energy(mJ): 11 0 0 0 0 
Latency(us)/Energy(mJ): 3712 15.9799 3.89896 1.40831 5.33108 
Latency(us)/Energy(mJ): 865 3.76501 0.887698 0.316382 1.28187 
0.3094 - "n02124075 Egyptian cat"
0.1761 - "n02123159 tiger cat"
0.1221 - "n02123045 tabby, tabby cat"
0.1132 - "n02119022 red fox, Vulpes vulpes"
0.0421 - "n02085620 Chihuahua"
