loading weight: /home/nvidia/caffe-build/models/bvlc_alexnet/bvlc_alexnet.caffemodel
loading prototxt: /home/nvidia/caffe-build/models/bvlc_alexnet/deploy.prototxt
---------- Prediction for /home/nvidia/Downloads/ILSVRC2012_img_train_t3/n02085620/n02085620_1152.JPEG ----------
Latency(us)/Energy(mJ): 0 0 0 0 0 
Latency(us)/Energy(mJ): 489 1.82025 0.0703122 0.211862 0.664727 
Latency(us)/Energy(mJ): 40 0.178492 0.00689472 0.0207749 0.0651823 
Latency(us)/Energy(mJ): 74 0.302921 0.0116341 0.0350553 0.109988 
Latency(us)/Energy(mJ): 72 0.303776 0.0116219 0.0350187 0.109873 
Latency(us)/Energy(mJ): 6808 27.9728 2.44693 3.11324 9.5972 
Latency(us)/Energy(mJ): 39 0.192372 0.0207749 0.0207749 0.0651823 
Latency(us)/Energy(mJ): 63 0.323249 0.0349088 0.0349088 0.109528 
Latency(us)/Energy(mJ): 67 0.32257 0.0348355 0.0348355 0.109298 
Latency(us)/Energy(mJ): 8794 37.7488 5.04971 4.02496 12.182 
Latency(us)/Energy(mJ): 40 0.155735 0.0218494 0.0163781 0.0493488 
Latency(us)/Energy(mJ): 6232 28.2043 4.089 2.86157 9.14668 
Latency(us)/Energy(mJ): 48 0.191762 0.0284968 0.0189978 0.0626763 
Latency(us)/Energy(mJ): 4732 22.0826 3.23492 2.15661 7.27333 
Latency(us)/Energy(mJ): 47 0.35986 0.052212 0.034808 0.119244 
Latency(us)/Energy(mJ): 57 0.196881 0.0285655 0.0190436 0.065239 
Latency(us)/Energy(mJ): 4284 20.4117 2.95362 1.96908 6.8017 
Latency(us)/Energy(mJ): 42 0.169864 0.0242511 0.0161674 0.0573978 
Latency(us)/Energy(mJ): 1 0 0 0 0 
Latency(us)/Energy(mJ): 21542 117.101 14.7988 9.87068 43.4861 
Latency(us)/Energy(mJ): 40 0.173116 0.021019 0.0140331 0.0662437 
Latency(us)/Energy(mJ): 1 0 0 0 0 
Latency(us)/Energy(mJ): 9541 54.7586 6.53284 4.37083 21.0465 
Latency(us)/Energy(mJ): 53 0.26157 0.0276818 0.020784 0.100698 
0.5948 - "n02085620 Chihuahua"
0.0656 - "n02110806 basenji"
0.0383 - "n02113023 Pembroke, Pembroke Welsh corgi"
0.0311 - "n02091244 Ibizan hound, Ibizan Podenco"
0.0298 - "n02389026 sorrel"
