loading weight: /home/nvidia/caffe-build/models/bvlc_alexnet/bvlc_alexnet.caffemodel
loading prototxt: /home/nvidia/caffe-build/models/bvlc_alexnet/deploy.prototxt
---------- Prediction for /home/nvidia/Downloads/ILSVRC2012_img_train_t3/n02085620/n02085620_1152.JPEG ----------
Latency(us)/Energy(mJ): 0 0 0 0 0 
Latency(us)/Energy(mJ): 249 0.983601 0.0559748 0.125405 0.346389 
Latency(us)/Energy(mJ): 27 0 0 0 0 
Latency(us)/Energy(mJ): 61 0.321358 0.0250621 0.0399646 0.110389 
Latency(us)/Energy(mJ): 54 0.32212 0.0283312 0.0397082 0.110264 
Latency(us)/Energy(mJ): 1028 4.96846 0.752362 0.553438 1.59236 
Latency(us)/Energy(mJ): 25 0 0 0 0 
Latency(us)/Energy(mJ): 46 0.387265 0.0796301 0.039815 0.118401 
Latency(us)/Energy(mJ): 47 0.237637 0.0485086 0.0242543 0.072127 
Latency(us)/Energy(mJ): 1114 6.27565 1.60629 0.592804 1.78203 
Latency(us)/Energy(mJ): 29 0.173677 0.0486574 0.0154753 0.0482227 
Latency(us)/Energy(mJ): 997 6.50088 1.97449 0.539158 1.78626 
Latency(us)/Energy(mJ): 38 0.201075 0.0651213 0.015721 0.0552 
Latency(us)/Energy(mJ): 681 4.7552 1.57007 0.357 1.29146 
Latency(us)/Energy(mJ): 35 0.333601 0.114025 0.0242009 0.0901868 
Latency(us)/Energy(mJ): 43 0.214867 0.0730646 0.0155074 0.0577896 
Latency(us)/Energy(mJ): 695 5.38732 1.84372 0.383807 1.47036 
Latency(us)/Energy(mJ): 31 0.221628 0.0756864 0.0155928 0.0614368 
Latency(us)/Energy(mJ): 0 0 0 0 0 
Latency(us)/Energy(mJ): 4627 40.7597 13.3904 2.45431 12.2393 
Latency(us)/Energy(mJ): 32 0.447354 0.144933 0.0241556 0.141353 
Latency(us)/Energy(mJ): 0 0 0 0 0 
Latency(us)/Energy(mJ): 2070 21.2108 6.7715 1.1082 6.78322 
Latency(us)/Energy(mJ): 38 0.30548 0.0977152 0.0155423 0.099319 
0.5948 - "n02085620 Chihuahua"
0.0656 - "n02110806 basenji"
0.0383 - "n02113023 Pembroke, Pembroke Welsh corgi"
0.0311 - "n02091244 Ibizan hound, Ibizan Podenco"
0.0298 - "n02389026 sorrel"
