loading weight: /home/nvidia/caffe-build/models/bvlc_alexnet/bvlc_alexnet.caffemodel
loading prototxt: /home/nvidia/caffe-build/models/bvlc_alexnet/deploy.prototxt
---------- Prediction for /home/nvidia/caffe-build/examples/images/cat.jpg ----------
Latency(us)/Energy(mJ): 0 0 0 0 0 
Latency(us)/Energy(mJ): 2931 8.43471 0.583497 2.84574 1.75718 
Latency(us)/Energy(mJ): 27 0 0 0 0 
Latency(us)/Energy(mJ): 256 1.3733 0.166418 0.4326 0.28964 
Latency(us)/Energy(mJ): 105 0.367318 0.0442356 0.114989 0.077586 
Latency(us)/Energy(mJ): 3288 10.8936 1.63891 3.19264 2.32901 
Latency(us)/Energy(mJ): 34 0.363612 0.0695244 0.100492 0.0775192 
Latency(us)/Energy(mJ): 210 0.778962 0.148942 0.215282 0.166069 
Latency(us)/Energy(mJ): 97 0.399182 0.0763257 0.110322 0.0851026 
Latency(us)/Energy(mJ): 2361 8.79145 1.80726 2.26662 1.87062 
Latency(us)/Energy(mJ): 25 0 0 0 0 
Latency(us)/Energy(mJ): 1680 6.35058 1.51023 1.49386 1.31283 
Latency(us)/Energy(mJ): 36 0.413788 0.103317 0.0954014 0.0858196 
Latency(us)/Energy(mJ): 1443 5.66462 1.46867 1.29445 1.16444 
Latency(us)/Energy(mJ): 36 0 0 0 0 
Latency(us)/Energy(mJ): 35 0.412493 0.108878 0.0932946 0.0839244 
Latency(us)/Energy(mJ): 2142 8.73637 2.28851 1.98273 1.81215 
Latency(us)/Energy(mJ): 25 0 0 0 0 
Latency(us)/Energy(mJ): 4 0 0 0 0 
Latency(us)/Energy(mJ): 8622 40.2944 10.2892 7.8568 10.285 
Latency(us)/Energy(mJ): 29 0 0 0 0 
Latency(us)/Energy(mJ): 1 0 0 0 0 
Latency(us)/Energy(mJ): 3738 19.7778 5.01376 3.14428 5.73232 
Latency(us)/Energy(mJ): 201 1.18695 0.298639 0.182357 0.353411 
0.3094 - "n02124075 Egyptian cat"
0.1761 - "n02123159 tiger cat"
0.1221 - "n02123045 tabby, tabby cat"
0.1132 - "n02119022 red fox, Vulpes vulpes"
0.0421 - "n02085620 Chihuahua"
