loading weight: /home/nvidia/caffe-build/models/bvlc_alexnet/bvlc_alexnet.caffemodel
loading prototxt: /home/nvidia/caffe-build/models/bvlc_alexnet/deploy.prototxt
---------- Prediction for /home/nvidia/Downloads/ILSVRC2012_img_train_t3/n02085620/n02085620_1152.JPEG ----------
Latency(us)/Energy(mJ): 0 0 0 0 0 
Latency(us)/Energy(mJ): 577 2.01149 0.0834754 0.1675 0.73154 
Latency(us)/Energy(mJ): 66 0.300927 0.0123424 0.024766 0.108889 
Latency(us)/Energy(mJ): 116 0.434269 0.0268342 0.0357399 0.157138 
Latency(us)/Energy(mJ): 115 0.475374 0.0291838 0.0388692 0.170897 
Latency(us)/Energy(mJ): 4157 16.4264 1.61821 1.26134 5.63423 
Latency(us)/Energy(mJ): 62 0.339083 0.0432647 0.0247111 0.113347 
Latency(us)/Energy(mJ): 101 0.488609 0.0620935 0.0354654 0.162676 
Latency(us)/Energy(mJ): 107 0.343303 0.0436278 0.0249185 0.114298 
Latency(us)/Energy(mJ): 5120 22.1271 3.47998 1.55787 7.16097 
Latency(us)/Energy(mJ): 67 0.362517 0.0618793 0.0247355 0.116541 
Latency(us)/Energy(mJ): 3936 18.3704 3.20238 1.20096 5.98904 
Latency(us)/Energy(mJ): 75 0.391496 0.067959 0.024705 0.12879 
Latency(us)/Energy(mJ): 2870 14.1259 2.607 0.875185 4.68501 
Latency(us)/Energy(mJ): 76 0.407544 0.0746174 0.0248453 0.135794 
Latency(us)/Energy(mJ): 87 0.405543 0.074251 0.0247233 0.135127 
Latency(us)/Energy(mJ): 2326 11.8883 2.15912 0.718922 3.98395 
Latency(us)/Energy(mJ): 66 0.233335 0.0417696 0.013908 0.080256 
Latency(us)/Energy(mJ): 1 0 0 0 0 
Latency(us)/Energy(mJ): 13154 77.8279 12.0449 4.0141 29.1909 
Latency(us)/Energy(mJ): 68 0.510382 0.0736941 0.0245647 0.198773 
Latency(us)/Energy(mJ): 1 0 0 0 0 
Latency(us)/Energy(mJ): 5781 37.176 5.26398 1.75466 14.6558 
Latency(us)/Energy(mJ): 84 0.530422 0.0739503 0.0246501 0.208758 
0.5948 - "n02085620 Chihuahua"
0.0656 - "n02110806 basenji"
0.0383 - "n02113023 Pembroke, Pembroke Welsh corgi"
0.0311 - "n02091244 Ibizan hound, Ibizan Podenco"
0.0298 - "n02389026 sorrel"
