loading weight: /home/nvidia/caffe-build/models/bvlc_alexnet/bvlc_alexnet.caffemodel
loading prototxt: /home/nvidia/caffe-build/models/bvlc_alexnet/deploy.prototxt
---------- Prediction for /home/nvidia/Downloads/ILSVRC2012_img_train_t3/n02085620/n02085620_1152.JPEG ----------
Latency(us)/Energy(mJ): 0 0 0 0 0 
Latency(us)/Energy(mJ): 496 2.31939 0.0744557 0.635812 0.666182 
Latency(us)/Energy(mJ): 26 0.131349 0.00421648 0.0360065 0.0377264 
Latency(us)/Energy(mJ): 75 0.345939 0.0111051 0.0948319 0.0993616 
Latency(us)/Energy(mJ): 69 0.343382 0.011023 0.094131 0.0986272 
Latency(us)/Energy(mJ): 6779 33.1639 2.43048 8.48551 9.20981 
Latency(us)/Energy(mJ): 27 0.227853 0.0207016 0.0552344 0.062376 
Latency(us)/Energy(mJ): 55 0.139535 0.0126774 0.033825 0.0381984 
Latency(us)/Energy(mJ): 53 0.369404 0.0335622 0.0895482 0.101126 
Latency(us)/Energy(mJ): 8849 44.9406 5.05611 10.638 12.0288 
Latency(us)/Energy(mJ): 30 0.141639 0.0168848 0.0316936 0.0381984 
Latency(us)/Energy(mJ): 6268 33.1247 4.10787 7.19349 9.13501 
Latency(us)/Energy(mJ): 46 0.146472 0.0186864 0.031144 0.0411808 
Latency(us)/Energy(mJ): 4730 25.8342 3.2639 5.43983 7.31661 
Latency(us)/Energy(mJ): 47 0.148867 0.0187276 0.0312127 0.0427709 
Latency(us)/Energy(mJ): 54 0.395813 0.0497938 0.0829896 0.113721 
Latency(us)/Energy(mJ): 4293 23.5192 2.9346 4.891 6.74101 
Latency(us)/Energy(mJ): 32 0.40099 0.0497525 0.0829209 0.117755 
Latency(us)/Energy(mJ): 1 0 0 0 0 
Latency(us)/Energy(mJ): 21548 133.485 14.7729 24.6435 43.5175 
Latency(us)/Energy(mJ): 33 0.176101 0.0188376 0.0314142 0.0593685 
Latency(us)/Energy(mJ): 1 0 0 0 0 
Latency(us)/Energy(mJ): 9548 62.21 6.55894 10.9379 21.1113 
Latency(us)/Energy(mJ): 43 0.179176 0.0188376 0.0314142 0.0614555 
0.5948 - "n02085620 Chihuahua"
0.0656 - "n02110806 basenji"
0.0383 - "n02113023 Pembroke, Pembroke Welsh corgi"
0.0311 - "n02091244 Ibizan hound, Ibizan Podenco"
0.0298 - "n02389026 sorrel"
