loading weight: /home/nvidia/caffe-build/models/bvlc_alexnet/bvlc_alexnet.caffemodel
loading prototxt: /home/nvidia/caffe-build/models/bvlc_alexnet/deploy.prototxt
---------- Prediction for /home/nvidia/Downloads/ILSVRC2012_img_train_t3/n02085620/n02085620_1152.JPEG ----------
Latency(us)/Energy(mJ): 0 0 0 0 0 
Latency(us)/Energy(mJ): 316 1.53453 0.0452778 0.454863 0.433713 
Latency(us)/Energy(mJ): 20 0 0 0 0 
Latency(us)/Energy(mJ): 52 0.378686 0.0111659 0.112173 0.106958 
Latency(us)/Energy(mJ): 46 0.233315 0.00687952 0.069112 0.0658986 
Latency(us)/Energy(mJ): 4167 22.1441 1.5817 6.21381 6.10717 
Latency(us)/Energy(mJ): 17 0.153017 0.0149627 0.040629 0.0418899 
Latency(us)/Energy(mJ): 41 0.247165 0.0241688 0.065627 0.0676637 
Latency(us)/Energy(mJ): 36 0.153017 0.0149627 0.040629 0.0418899 
Latency(us)/Energy(mJ): 5432 29.9611 3.6615 7.57392 7.93422 
Latency(us)/Energy(mJ): 20 0.253617 0.0344876 0.0621048 0.06667 
Latency(us)/Energy(mJ): 3868 22.1418 3.13239 5.2136 5.95065 
Latency(us)/Energy(mJ): 31 0.267685 0.0379564 0.0586763 0.0728364 
Latency(us)/Energy(mJ): 2901 17.2751 2.63357 3.74094 4.76422 
Latency(us)/Energy(mJ): 32 0.442655 0.0669963 0.0949663 0.123229 
Latency(us)/Energy(mJ): 38 0 0 0 0 
Latency(us)/Energy(mJ): 2606 16.0816 2.43692 3.41926 4.50076 
Latency(us)/Energy(mJ): 24 0 0 0 0 
Latency(us)/Energy(mJ): 1 0 0 0 0 
Latency(us)/Energy(mJ): 13192 91.2731 12.3597 17.0958 29.3825 
Latency(us)/Energy(mJ): 24 1.0737 0.134157 0.19002 0.364644 
Latency(us)/Energy(mJ): 0 0 0 0 0 
Latency(us)/Energy(mJ): 5722 42.6352 5.22729 7.40389 14.6433 
Latency(us)/Energy(mJ): 32 0.341652 0.0413946 0.058631 0.118574 
0.5948 - "n02085620 Chihuahua"
0.0656 - "n02110806 basenji"
0.0383 - "n02113023 Pembroke, Pembroke Welsh corgi"
0.0311 - "n02091244 Ibizan hound, Ibizan Podenco"
0.0298 - "n02389026 sorrel"
