loading weight: /home/nvidia/caffe-build/models/bvlc_alexnet/bvlc_alexnet.caffemodel
loading prototxt: /home/nvidia/caffe-build/models/bvlc_alexnet/deploy.prototxt
---------- Prediction for /home/nvidia/Downloads/ILSVRC2012_img_train_t3/n02085620/n02085620_1152.JPEG ----------
Latency(us)/Energy(mJ): 0 0 0 0 0 
Latency(us)/Energy(mJ): 309 1.26278 0.0558282 0.260052 0.394066 
Latency(us)/Energy(mJ): 25 0.140199 0.0094062 0.0282494 0.0431452 
Latency(us)/Energy(mJ): 69 0.351001 0.0256397 0.0699091 0.107362 
Latency(us)/Energy(mJ): 65 0.355202 0.0290474 0.0698358 0.108108 
Latency(us)/Energy(mJ): 1048 5.26738 0.640735 0.961708 1.52899 
Latency(us)/Energy(mJ): 27 0.170537 0.0267641 0.0292204 0.0476905 
Latency(us)/Energy(mJ): 45 0.244156 0.0380403 0.0415314 0.0677833 
Latency(us)/Energy(mJ): 50 0.171566 0.0291838 0.0291838 0.0476307 
Latency(us)/Energy(mJ): 1174 6.67895 1.39083 1.06234 1.77972 
Latency(us)/Energy(mJ): 28 0.279538 0.066787 0.042191 0.0732354 
Latency(us)/Energy(mJ): 1119 7.26124 1.87904 1.01975 1.90817 
Latency(us)/Energy(mJ): 41 0.316414 0.0868829 0.0416874 0.0827825 
Latency(us)/Energy(mJ): 654 4.66015 1.33114 0.594219 1.21996 
Latency(us)/Energy(mJ): 41 0.571499 0.167333 0.0706746 0.149228 
Latency(us)/Energy(mJ): 59 0.336941 0.100158 0.0414495 0.0883803 
Latency(us)/Energy(mJ): 669 4.85481 1.44111 0.586653 1.27833 
Latency(us)/Energy(mJ): 30 0.342106 0.100158 0.0380067 0.0918684 
Latency(us)/Energy(mJ): 1 0 0 0 0 
Latency(us)/Energy(mJ): 4665 40.9794 11.8514 3.9103 12.1114 
Latency(us)/Energy(mJ): 30 0.454044 0.131103 0.0390005 0.142459 
Latency(us)/Energy(mJ): 1 0 0 0 0 
Latency(us)/Energy(mJ): 2066 21.0982 6.02484 1.74887 6.71657 
Latency(us)/Energy(mJ): 45 0.33176 0.094743 0.0267322 0.106801 
0.5948 - "n02085620 Chihuahua"
0.0656 - "n02110806 basenji"
0.0383 - "n02113023 Pembroke, Pembroke Welsh corgi"
0.0311 - "n02091244 Ibizan hound, Ibizan Podenco"
0.0298 - "n02389026 sorrel"
