loading weight: /home/nvidia/caffe-build/models/bvlc_alexnet/bvlc_alexnet.caffemodel
loading prototxt: /home/nvidia/caffe-build/models/bvlc_alexnet/deploy.prototxt
---------- Prediction for /home/nvidia/Downloads/ILSVRC2012_img_train_t3/n02085620/n02085620_1152.JPEG ----------
Latency(us)/Energy(mJ): 0 0 0 0 0 
Latency(us)/Energy(mJ): 256 1.24927 0.0388786 0.332002 0.372416 
Latency(us)/Energy(mJ): 23 0 0 0 0 
Latency(us)/Energy(mJ): 66 0.395755 0.0183979 0.104281 0.116975 
Latency(us)/Energy(mJ): 51 0.226358 0.0104424 0.0591888 0.0663936 
Latency(us)/Energy(mJ): 1512 7.76909 0.659001 1.92543 2.24285 
Latency(us)/Energy(mJ): 22 0.248912 0.0278038 0.0556532 0.070649 
Latency(us)/Energy(mJ): 45 0.193319 0.021594 0.0432234 0.05487 
Latency(us)/Energy(mJ): 42 0.254919 0.0284748 0.0569963 0.072354 
Latency(us)/Energy(mJ): 1836 10.6151 1.59489 2.27445 2.91715 
Latency(us)/Energy(mJ): 24 0 0 0 0 
Latency(us)/Energy(mJ): 1434 9.04385 1.68644 1.76938 2.4952 
Latency(us)/Energy(mJ): 40 0.230029 0.0459562 0.0405662 0.0644308 
Latency(us)/Energy(mJ): 991 6.46135 1.33827 1.11027 1.81391 
Latency(us)/Energy(mJ): 37 0.31418 0.066654 0.052624 0.087998 
Latency(us)/Energy(mJ): 41 0.250388 0.0531203 0.041939 0.0708271 
Latency(us)/Energy(mJ): 773 5.63192 1.22252 0.926251 1.59695 
Latency(us)/Energy(mJ): 26 0 0 0 0 
Latency(us)/Energy(mJ): 0 0 0 0 0 
Latency(us)/Energy(mJ): 5397 43.9147 9.19652 6.05804 14.0378 
Latency(us)/Energy(mJ): 26 0 0 0 0 
Latency(us)/Energy(mJ): 0 0 0 0 0 
Latency(us)/Energy(mJ): 2427 22.26 4.51993 2.59499 7.66365 
Latency(us)/Energy(mJ): 33 0.426563 0.086632 0.0485485 0.148876 
0.5948 - "n02085620 Chihuahua"
0.0656 - "n02110806 basenji"
0.0383 - "n02113023 Pembroke, Pembroke Welsh corgi"
0.0311 - "n02091244 Ibizan hound, Ibizan Podenco"
0.0298 - "n02389026 sorrel"
