loading weight: /home/nvidia/caffe-build/models/bvlc_alexnet/bvlc_alexnet.caffemodel
loading prototxt: /home/nvidia/caffe-build/models/bvlc_alexnet/deploy.prototxt
---------- Prediction for /home/nvidia/Downloads/ILSVRC2012_img_train_t3/n02085620/n02085620_1152.JPEG ----------
Latency(us)/Energy(mJ): 0 0 0 0 0 
Latency(us)/Energy(mJ): 250 0.973054 0.0351576 0.141324 0.347663 
Latency(us)/Energy(mJ): 24 0.191524 0.0103416 0.0275928 0.0683722 
Latency(us)/Energy(mJ): 52 0.12494 0.00674634 0.0180001 0.0446024 
Latency(us)/Energy(mJ): 47 0.192555 0.010305 0.027495 0.06813 
Latency(us)/Energy(mJ): 1977 8.95045 0.836531 1.21251 3.03309 
Latency(us)/Energy(mJ): 23 0.134 0.0172913 0.0172913 0.0444027 
Latency(us)/Energy(mJ): 41 0.215821 0.0278494 0.0278494 0.071515 
Latency(us)/Energy(mJ): 42 0.135868 0.0173606 0.0173891 0.0446537 
Latency(us)/Energy(mJ): 2473 12.3196 1.98184 1.46816 3.88809 
Latency(us)/Energy(mJ): 25 0.148361 0.0263625 0.0153685 0.0457026 
Latency(us)/Energy(mJ): 1841 10.0539 1.9716 0.99754 3.12533 
Latency(us)/Energy(mJ): 31 0.256529 0.0515944 0.0240834 0.0802329 
Latency(us)/Energy(mJ): 1351 7.76144 1.66376 0.738008 2.43442 
Latency(us)/Energy(mJ): 32 0.17198 0.0374574 0.0154219 0.05415 
Latency(us)/Energy(mJ): 37 0.271483 0.0587541 0.0241902 0.0849375 
Latency(us)/Energy(mJ): 1125 6.94211 1.5473 0.609315 2.1918 
Latency(us)/Energy(mJ): 27 0 0 0 0 
Latency(us)/Energy(mJ): 0 0 0 0 0 
Latency(us)/Energy(mJ): 6525 47.0682 9.64979 3.50001 16.5143 
Latency(us)/Energy(mJ): 27 0 0 0 0 
Latency(us)/Energy(mJ): 0 0 0 0 0 
Latency(us)/Energy(mJ): 2896 23.8031 4.63764 1.55943 8.87386 
Latency(us)/Energy(mJ): 35 0.241684 0.046528 0.0154996 0.091253 
0.5948 - "n02085620 Chihuahua"
0.0656 - "n02110806 basenji"
0.0383 - "n02113023 Pembroke, Pembroke Welsh corgi"
0.0311 - "n02091244 Ibizan hound, Ibizan Podenco"
0.0298 - "n02389026 sorrel"
