loading weight: /home/nvidia/caffe-build/models/bvlc_alexnet/bvlc_alexnet.caffemodel
loading prototxt: /home/nvidia/caffe-build/models/bvlc_alexnet/deploy.prototxt
---------- Prediction for /home/nvidia/Downloads/ILSVRC2012_img_train_t3/n02085620/n02085620_1152.JPEG ----------
Latency(us)/Energy(mJ): 0 0 0 0 0 
Latency(us)/Energy(mJ): 251 1.23035 0.0360346 0.425942 0.327807 
Latency(us)/Energy(mJ): 24 0.251788 0.0103462 0.0862034 0.0666405 
Latency(us)/Energy(mJ): 52 0.152143 0.0062517 0.0520884 0.0402675 
Latency(us)/Energy(mJ): 48 0.405079 0.0166025 0.13833 0.106937 
Latency(us)/Energy(mJ): 1358 7.92146 0.65715 2.51555 2.03712 
Latency(us)/Energy(mJ): 20 0.166871 0.0187415 0.0500229 0.042346 
Latency(us)/Energy(mJ): 45 0.27743 0.030966 0.0826513 0.069967 
Latency(us)/Energy(mJ): 39 0.167663 0.0187141 0.0499497 0.042284 
Latency(us)/Energy(mJ): 1626 10.485 1.54749 2.98614 2.57623 
Latency(us)/Energy(mJ): 22 0.181245 0.0312312 0.0479115 0.0443898 
Latency(us)/Energy(mJ): 1308 9.07179 1.70382 2.28815 2.25492 
Latency(us)/Energy(mJ): 50 0.526082 0.104864 0.127025 0.132133 
Latency(us)/Energy(mJ): 841 6.27131 1.32021 1.47652 1.59471 
Latency(us)/Energy(mJ): 40 0.206752 0.0436112 0.047779 0.0531452 
Latency(us)/Energy(mJ): 42 0.344633 0.0757669 0.0792457 0.0881462 
Latency(us)/Energy(mJ): 688 5.25086 1.1448 1.14204 1.35638 
Latency(us)/Energy(mJ): 26 0.354508 0.0756662 0.0756662 0.0932179 
Latency(us)/Energy(mJ): 0 0 0 0 0 
Latency(us)/Energy(mJ): 5086 45.1176 9.73146 8.3192 13.2167 
Latency(us)/Energy(mJ): 29 0.264913 0.0560738 0.043616 0.0829249 
Latency(us)/Energy(mJ): 0 0 0 0 0 
Latency(us)/Energy(mJ): 2260 22.47 4.75988 3.59261 7.16322 
Latency(us)/Energy(mJ): 33 0.742917 0.154357 0.11584 0.240161 
0.5948 - "n02085620 Chihuahua"
0.0656 - "n02110806 basenji"
0.0383 - "n02113023 Pembroke, Pembroke Welsh corgi"
0.0311 - "n02091244 Ibizan hound, Ibizan Podenco"
0.0298 - "n02389026 sorrel"
