loading weight: /home/nvidia/caffe-build/models/bvlc_alexnet/bvlc_alexnet.caffemodel
loading prototxt: /home/nvidia/caffe-build/models/bvlc_alexnet/deploy.prototxt
---------- Prediction for /home/nvidia/caffe-build/examples/images/cat.jpg ----------
Latency(us)/Energy(mJ): 0 0 0 0 0 
Latency(us)/Energy(mJ): 3805 13.5675 0.710424 1.44402 5.36544 
Latency(us)/Energy(mJ): 61 0 0 0 0 
Latency(us)/Energy(mJ): 978 3.34689 0.334689 0.334689 1.27567 
Latency(us)/Energy(mJ): 301 1.50769 0.150489 0.150489 0.581076 
Latency(us)/Energy(mJ): 2826 11.7095 1.42836 1.11332 4.36582 
Latency(us)/Energy(mJ): 34 0 0 0 0 
Latency(us)/Energy(mJ): 572 0.842051 0.136404 0.0758461 0.304377 
Latency(us)/Energy(mJ): 248 2.46702 0.399181 0.216321 0.89075 
Latency(us)/Energy(mJ): 1954 8.89633 1.52792 0.620614 3.17216 
Latency(us)/Energy(mJ): 60 0.333592 0.06216 0.02257 0.116254 
Latency(us)/Energy(mJ): 1798 7.80723 1.55195 0.522587 2.69019 
Latency(us)/Energy(mJ): 65 0.53182 0.113187 0.0348005 0.179023 
Latency(us)/Energy(mJ): 1320 6.14465 1.32953 0.399977 2.07017 
Latency(us)/Energy(mJ): 42 0.373749 0.0843441 0.0240645 0.125293 
Latency(us)/Energy(mJ): 80 0 0 0 0 
Latency(us)/Energy(mJ): 6539 30.2421 6.22632 2.02156 10.2967 
Latency(us)/Energy(mJ): 61 0.366032 0.0731426 0.0243543 0.128319 
Latency(us)/Energy(mJ): 1 0 0 0 0 
Latency(us)/Energy(mJ): 5089 26.7953 5.52476 1.55492 9.62533 
Latency(us)/Energy(mJ): 39 1.08613 0.240593 0.0565775 0.401051 
Latency(us)/Energy(mJ): 0 0 0 0 0 
Latency(us)/Energy(mJ): 1871 11.4627 2.51117 0.572805 4.23605 
Latency(us)/Energy(mJ): 340 2.38835 0.531142 0.114817 0.884982 
0.3094 - "n02124075 Egyptian cat"
0.1761 - "n02123159 tiger cat"
0.1221 - "n02123045 tabby, tabby cat"
0.1132 - "n02119022 red fox, Vulpes vulpes"
0.0421 - "n02085620 Chihuahua"
