loading weight: /home/nvidia/caffe-build/models/bvlc_alexnet/bvlc_alexnet.caffemodel
loading prototxt: /home/nvidia/caffe-build/models/bvlc_alexnet/deploy.prototxt
---------- Prediction for /home/nvidia/caffe-build/examples/images/cat.jpg ----------
Latency(us)/Energy(mJ): 0 0 0 0 0 
Latency(us)/Energy(mJ): 3170 8.37819 0.648103 2.41814 1.84886 
Latency(us)/Energy(mJ): 36 0 0 0 0 
Latency(us)/Energy(mJ): 292 0.872267 0.116262 0.232523 0.195978 
Latency(us)/Energy(mJ): 136 0.557615 0.0733249 0.14665 0.124959 
Latency(us)/Energy(mJ): 3268 10.1241 1.67783 2.47521 2.2793 
Latency(us)/Energy(mJ): 35 0.257438 0.0525899 0.0584842 0.0571828 
Latency(us)/Energy(mJ): 265 0.639979 0.130736 0.145389 0.142154 
Latency(us)/Energy(mJ): 108 0.638466 0.130427 0.145045 0.141818 
Latency(us)/Energy(mJ): 2300 7.95696 1.76307 1.74883 1.76579 
Latency(us)/Energy(mJ): 32 0 0 0 0 
Latency(us)/Energy(mJ): 1736 6.29386 1.60863 1.31186 1.3533 
Latency(us)/Energy(mJ): 43 0.428122 0.112408 0.0864848 0.091126 
Latency(us)/Energy(mJ): 1493 5.37413 1.47519 1.07915 1.13706 
Latency(us)/Energy(mJ): 30 0.434523 0.120369 0.0860264 0.090643 
Latency(us)/Energy(mJ): 46 0 0 0 0 
Latency(us)/Energy(mJ): 2315 8.9898 2.5168 1.79872 1.9288 
Latency(us)/Energy(mJ): 33 0 0 0 0 
Latency(us)/Energy(mJ): 1 0 0 0 0 
Latency(us)/Energy(mJ): 8683 39.0652 10.4645 6.1351 10.332 
Latency(us)/Energy(mJ): 33 0 0 0 0 
Latency(us)/Energy(mJ): 3 0 0 0 0 
Latency(us)/Energy(mJ): 3731 19.0272 5.00307 2.56014 5.68752 
Latency(us)/Energy(mJ): 216 1.40366 0.365965 0.182982 0.428024 
0.3094 - "n02124075 Egyptian cat"
0.1761 - "n02123159 tiger cat"
0.1221 - "n02123045 tabby, tabby cat"
0.1132 - "n02119022 red fox, Vulpes vulpes"
0.0421 - "n02085620 Chihuahua"
