loading weight: /home/nvidia/caffe-build/models/bvlc_alexnet/bvlc_alexnet.caffemodel
loading prototxt: /home/nvidia/caffe-build/models/bvlc_alexnet/deploy.prototxt
---------- Prediction for /home/nvidia/caffe-build/examples/images/cat.jpg ----------
Latency(us)/Energy(mJ): 0 0 0 0 0 
Latency(us)/Energy(mJ): 2247 10.6947 0.473282 3.24524 3.19918 
Latency(us)/Energy(mJ): 21 0 0 0 0 
Latency(us)/Energy(mJ): 221 1.07294 0.0820102 0.312328 0.317494 
Latency(us)/Energy(mJ): 94 0.507804 0.0386715 0.147277 0.149712 
Latency(us)/Energy(mJ): 2376 12.4353 1.22672 3.46775 3.64598 
Latency(us)/Energy(mJ): 21 0 0 0 0 
Latency(us)/Energy(mJ): 161 1.1673 0.147877 0.312113 0.335988 
Latency(us)/Energy(mJ): 65 0 0 0 0 
Latency(us)/Energy(mJ): 1821 10.2632 1.43248 2.63298 2.92594 
Latency(us)/Energy(mJ): 20 0 0 0 0 
Latency(us)/Energy(mJ): 1503 8.63601 1.43333 2.07804 2.40169 
Latency(us)/Energy(mJ): 19 0 0 0 0 
Latency(us)/Energy(mJ): 1059 6.31873 1.14864 1.48866 1.72052 
Latency(us)/Energy(mJ): 20 0 0 0 0 
Latency(us)/Energy(mJ): 29 0.671382 0.130645 0.156911 0.18135 
Latency(us)/Energy(mJ): 1331 7.57306 1.393 1.77102 2.07533 
Latency(us)/Energy(mJ): 22 0 0 0 0 
Latency(us)/Energy(mJ): 1 0 0 0 0 
Latency(us)/Energy(mJ): 4967 32.7406 6.41454 6.67823 9.68598 
Latency(us)/Energy(mJ): 21 0 0 0 0 
Latency(us)/Energy(mJ): 0 0 0 0 0 
Latency(us)/Energy(mJ): 2157 15.8508 3.25327 2.79236 4.947 
Latency(us)/Energy(mJ): 141 1.70471 0.359585 0.291082 0.539361 
0.3094 - "n02124075 Egyptian cat"
0.1761 - "n02123159 tiger cat"
0.1221 - "n02123045 tabby, tabby cat"
0.1132 - "n02119022 red fox, Vulpes vulpes"
0.0421 - "n02085620 Chihuahua"
