loading weight: /home/nvidia/caffe-build/models/bvlc_alexnet/bvlc_alexnet.caffemodel
loading prototxt: /home/nvidia/caffe-build/models/bvlc_alexnet/deploy.prototxt
---------- Prediction for /home/nvidia/Downloads/ILSVRC2012_img_train_t3/n02085620/n02085620_1152.JPEG ----------
Latency(us)/Energy(mJ): 0 0 0 0 0 
Latency(us)/Energy(mJ): 244 0.987268 0.0430828 0.141679 0.347197 
Latency(us)/Energy(mJ): 29 0 0 0 0 
Latency(us)/Energy(mJ): 56 0.322096 0.0190952 0.0451896 0.111975 
Latency(us)/Energy(mJ): 55 0.324291 0.0225151 0.045104 0.111763 
Latency(us)/Energy(mJ): 1162 5.48437 0.684311 0.703799 1.785 
Latency(us)/Energy(mJ): 25 0.146088 0.0243142 0.0177068 0.0460782 
Latency(us)/Energy(mJ): 50 0.231399 0.0382248 0.0278372 0.0724404 
Latency(us)/Energy(mJ): 45 0.147088 0.0242974 0.0176946 0.0460464 
Latency(us)/Energy(mJ): 1298 7.1627 1.53182 0.810103 2.13453 
Latency(us)/Energy(mJ): 28 0 0 0 0 
Latency(us)/Energy(mJ): 1093 6.69754 1.74375 0.674892 1.94784 
Latency(us)/Energy(mJ): 38 0.290501 0.0794913 0.0276452 0.0841139 
Latency(us)/Energy(mJ): 751 5.10773 1.46492 0.468199 1.47556 
Latency(us)/Energy(mJ): 33 0 0 0 0 
Latency(us)/Energy(mJ): 42 0.508365 0.152078 0.0450546 0.146981 
Latency(us)/Energy(mJ): 670 4.67916 1.38269 0.407297 1.3583 
Latency(us)/Energy(mJ): 32 0.323786 0.0934374 0.0276818 0.0954795 
Latency(us)/Energy(mJ): 0 0 0 0 0 
Latency(us)/Energy(mJ): 4802 39.8067 11.2767 2.91641 12.5985 
Latency(us)/Energy(mJ): 30 0.267828 0.0749028 0.0176123 0.0890736 
Latency(us)/Energy(mJ): 0 0 0 0 0 
Latency(us)/Energy(mJ): 2122 20.447 5.59747 1.29907 6.87899 
Latency(us)/Energy(mJ): 40 0.449328 0.121311 0.0277217 0.152401 
0.5948 - "n02085620 Chihuahua"
0.0656 - "n02110806 basenji"
0.0383 - "n02113023 Pembroke, Pembroke Welsh corgi"
0.0311 - "n02091244 Ibizan hound, Ibizan Podenco"
0.0298 - "n02389026 sorrel"
