loading weight: /home/nvidia/caffe-build/models/bvlc_alexnet/bvlc_alexnet.caffemodel
loading prototxt: /home/nvidia/caffe-build/models/bvlc_alexnet/deploy.prototxt
---------- Prediction for /home/nvidia/caffe-build/examples/images/cat.jpg ----------
Latency(us)/Energy(mJ): 1 0 0 0 0 
Latency(us)/Energy(mJ): 13560 24.0071 2.72819 5.17413 4.60402 
Latency(us)/Energy(mJ): 71 0.226912 0.042784 0.042784 0.042896 
Latency(us)/Energy(mJ): 650 1.24638 0.231282 0.231282 0.241754 
Latency(us)/Energy(mJ): 263 0.59051 0.10929 0.10929 0.115012 
Latency(us)/Energy(mJ): 9694 22.3701 5.32905 3.71197 4.42947 
Latency(us)/Energy(mJ): 63 0 0 0 0 
Latency(us)/Energy(mJ): 471 1.31436 0.358414 0.199003 0.255513 
Latency(us)/Energy(mJ): 201 0.49968 0.136258 0.0756551 0.0986289 
Latency(us)/Energy(mJ): 5726 14.8189 4.26128 2.18303 2.84595 
Latency(us)/Energy(mJ): 57 0.308944 0.096978 0.0441019 0.0574941 
Latency(us)/Energy(mJ): 3883 10.609 3.40336 1.47991 1.9293 
Latency(us)/Energy(mJ): 56 0.251798 0.0827592 0.0344755 0.0449445 
Latency(us)/Energy(mJ): 3763 10.3692 3.38758 1.41118 1.83971 
Latency(us)/Energy(mJ): 52 0.322958 0.104721 0.0436244 0.0568716 
Latency(us)/Energy(mJ): 85 0.240097 0.0778533 0.0324318 0.0422802 
Latency(us)/Energy(mJ): 6850 18.7493 5.92459 2.62356 3.46727 
Latency(us)/Energy(mJ): 64 0 0 0 0 
Latency(us)/Energy(mJ): 5 0 0 0 0 
Latency(us)/Energy(mJ): 33002 98.1314 27.6614 12.6373 22.8545 
Latency(us)/Energy(mJ): 67 0 0 0 0 
Latency(us)/Energy(mJ): 2 0.267182 0.0667736 0.0333868 0.0669484 
Latency(us)/Energy(mJ): 14245 44.0173 10.8308 5.41538 11.2311 
Latency(us)/Energy(mJ): 405 1.24796 0.304225 0.152112 0.320551 
0.3094 - "n02124075 Egyptian cat"
0.1761 - "n02123159 tiger cat"
0.1221 - "n02123045 tabby, tabby cat"
0.1132 - "n02119022 red fox, Vulpes vulpes"
0.0421 - "n02085620 Chihuahua"
