loading weight: /home/nvidia/caffe-build/models/bvlc_alexnet/bvlc_alexnet.caffemodel
loading prototxt: /home/nvidia/caffe-build/models/bvlc_alexnet/deploy.prototxt
---------- Prediction for /home/nvidia/Downloads/ILSVRC2012_img_train_t3/n02085620/n02085620_1152.JPEG ----------
Latency(us)/Energy(mJ): 0 0 0 0 0 
Latency(us)/Energy(mJ): 323 1.38293 0.0513113 0.343843 0.40988 
Latency(us)/Energy(mJ): 26 0.208816 0.0102638 0.0513189 0.0618516 
Latency(us)/Energy(mJ): 68 0.343539 0.0167491 0.0837453 0.100933 
Latency(us)/Energy(mJ): 62 0.13161 0.00641658 0.0320829 0.0386676 
Latency(us)/Energy(mJ): 1505 7.61217 0.697627 1.74867 2.17824 
Latency(us)/Energy(mJ): 25 0.235754 0.0274866 0.0515937 0.0664635 
Latency(us)/Energy(mJ): 57 0.144925 0.016775 0.0314875 0.0405625 
Latency(us)/Energy(mJ): 52 0.383551 0.0499999 0.0833331 0.10735 
Latency(us)/Energy(mJ): 1779 9.89472 1.5734 2.05335 2.6998 
Latency(us)/Energy(mJ): 30 0.159068 0.0275578 0.0318081 0.0436424 
Latency(us)/Energy(mJ): 1464 8.84956 1.7078 1.67027 2.43772 
Latency(us)/Energy(mJ): 47 0.286686 0.0586763 0.0517546 0.080482 
Latency(us)/Energy(mJ): 990 6.36773 1.34959 1.04288 1.78748 
Latency(us)/Energy(mJ): 45 0.48736 0.105748 0.0779426 0.138224 
Latency(us)/Energy(mJ): 47 0.303429 0.0654658 0.0482522 0.0855709 
Latency(us)/Energy(mJ): 827 5.64876 1.23933 0.887358 1.60987 
Latency(us)/Energy(mJ): 35 0.311737 0.0688385 0.0482095 0.0906863 
Latency(us)/Energy(mJ): 1 0 0 0 0 
Latency(us)/Energy(mJ): 5385 42.7038 8.98822 5.71537 13.6998 
Latency(us)/Energy(mJ): 32 0.398076 0.0826708 0.0482284 0.135781 
Latency(us)/Energy(mJ): 1 0 0 0 0 
Latency(us)/Energy(mJ): 2424 22.1275 4.50926 2.59815 7.64446 
Latency(us)/Energy(mJ): 41 0.420501 0.0860989 0.0482497 0.147101 
0.5948 - "n02085620 Chihuahua"
0.0656 - "n02110806 basenji"
0.0383 - "n02113023 Pembroke, Pembroke Welsh corgi"
0.0311 - "n02091244 Ibizan hound, Ibizan Podenco"
0.0298 - "n02389026 sorrel"
