loading weight: /home/nvidia/caffe-build/models/bvlc_alexnet/bvlc_alexnet.caffemodel
loading prototxt: /home/nvidia/caffe-build/models/bvlc_alexnet/deploy.prototxt
---------- Prediction for /home/nvidia/Downloads/ILSVRC2012_img_train_t3/n02085620/n02085620_1152.JPEG ----------
Latency(us)/Energy(mJ): 0 0 0 0 0 
Latency(us)/Energy(mJ): 229 1.00578 0.0344006 0.172682 0.346949 
Latency(us)/Energy(mJ): 20 0 0 0 0 
Latency(us)/Energy(mJ): 43 0.203206 0.0104103 0.034686 0.0696902 
Latency(us)/Energy(mJ): 41 0.12212 0.00625628 0.0208452 0.0418816 
Latency(us)/Energy(mJ): 1983 9.51911 0.842423 1.53415 3.14818 
Latency(us)/Energy(mJ): 19 0.137205 0.0168604 0.0210893 0.0444175 
Latency(us)/Energy(mJ): 35 0 0 0 0 
Latency(us)/Energy(mJ): 37 0.364258 0.0447618 0.0559889 0.117922 
Latency(us)/Energy(mJ): 2498 12.8515 1.98927 1.88694 3.96125 
Latency(us)/Energy(mJ): 21 0.243187 0.0413666 0.0344571 0.0734302 
Latency(us)/Energy(mJ): 1835 10.2852 1.94251 1.38831 3.12114 
Latency(us)/Energy(mJ): 27 0.162731 0.0316659 0.0211198 0.0497686 
Latency(us)/Energy(mJ): 1349 8.19637 1.69101 1.03387 2.51512 
Latency(us)/Energy(mJ): 27 0.171049 0.035875 0.0211046 0.052388 
Latency(us)/Energy(mJ): 32 0.279517 0.0586244 0.0344876 0.0864676 
Latency(us)/Energy(mJ): 1160 7.06644 1.52176 0.856162 2.18614 
Latency(us)/Energy(mJ): 23 0.28968 0.0623891 0.0346707 0.091289 
Latency(us)/Energy(mJ): 0 0 0 0 0 
Latency(us)/Energy(mJ): 6559 48.4753 9.78056 5.00569 16.6532 
Latency(us)/Energy(mJ): 23 0.226985 0.0447319 0.0212903 0.0817804 
Latency(us)/Energy(mJ): 0 0 0 0 0 
Latency(us)/Energy(mJ): 2892 24.1527 4.63194 2.20587 8.82528 
Latency(us)/Energy(mJ): 33 0.240316 0.045024 0.0214427 0.088838 
0.5948 - "n02085620 Chihuahua"
0.0656 - "n02110806 basenji"
0.0383 - "n02113023 Pembroke, Pembroke Welsh corgi"
0.0311 - "n02091244 Ibizan hound, Ibizan Podenco"
0.0298 - "n02389026 sorrel"
