loading weight: /home/nvidia/caffe-build/models/bvlc_alexnet/bvlc_alexnet.caffemodel
loading prototxt: /home/nvidia/caffe-build/models/bvlc_alexnet/deploy.prototxt
---------- Prediction for /home/nvidia/caffe-build/examples/images/cat.jpg ----------
Latency(us)/Energy(mJ): 1 0 0 0 0 
Latency(us)/Energy(mJ): 3587 8.70224 0.693646 2.42403 1.87903 
Latency(us)/Energy(mJ): 47 0.244586 0.027877 0.0628832 0.0542916 
Latency(us)/Energy(mJ): 372 1.01261 0.143078 0.25769 0.222483 
Latency(us)/Energy(mJ): 184 0.512272 0.071625 0.129 0.113121 
Latency(us)/Energy(mJ): 3257 9.71146 1.65888 2.25461 2.16088 
Latency(us)/Energy(mJ): 42 0 0 0 0 
Latency(us)/Energy(mJ): 280 0.896232 0.19181 0.19209 0.197953 
Latency(us)/Energy(mJ): 147 0.604179 0.128538 0.128725 0.132654 
Latency(us)/Energy(mJ): 2335 7.82801 1.77456 1.61161 1.6928 
Latency(us)/Energy(mJ): 42 0.312352 0.076272 0.0624704 0.0661024 
Latency(us)/Energy(mJ): 1774 6.25577 1.63217 1.18162 1.32887 
Latency(us)/Energy(mJ): 38 0 0 0 0 
Latency(us)/Energy(mJ): 1538 5.69895 1.64729 0.96984 1.19983 
Latency(us)/Energy(mJ): 46 0 0 0 0 
Latency(us)/Energy(mJ): 60 0.351299 0.103426 0.0591143 0.0741105 
Latency(us)/Energy(mJ): 2544 9.09551 2.59054 1.54143 1.94183 
Latency(us)/Energy(mJ): 42 0.356443 0.0964699 0.0593586 0.0818975 
Latency(us)/Energy(mJ): 2 0 0 0 0 
Latency(us)/Energy(mJ): 8710 37.2536 10.2622 5.31469 9.97371 
Latency(us)/Energy(mJ): 38 0 0 0 0 
Latency(us)/Energy(mJ): 5 0 0 0 0 
Latency(us)/Energy(mJ): 3734 18.5013 4.97715 2.28722 5.61185 
Latency(us)/Energy(mJ): 267 1.47191 0.395231 0.175754 0.456989 
0.3094 - "n02124075 Egyptian cat"
0.1761 - "n02123159 tiger cat"
0.1221 - "n02123045 tabby, tabby cat"
0.1132 - "n02119022 red fox, Vulpes vulpes"
0.0421 - "n02085620 Chihuahua"
