loading weight: /home/nvidia/caffe-build/models/bvlc_alexnet/bvlc_alexnet.caffemodel
loading prototxt: /home/nvidia/caffe-build/models/bvlc_alexnet/deploy.prototxt
---------- Prediction for /home/nvidia/caffe-build/examples/images/cat.jpg ----------
Latency(us)/Energy(mJ): 0 0 0 0 0 
Latency(us)/Energy(mJ): 4200 9.62443 0.808034 1.59733 2.6624 
Latency(us)/Energy(mJ): 36 0 0 0 0 
Latency(us)/Energy(mJ): 265 0.778954 0.117274 0.117274 0.21183 
Latency(us)/Energy(mJ): 115 0.193047 0.0287837 0.0287837 0.0534231 
Latency(us)/Energy(mJ): 3238 9.20329 1.7052 1.26358 2.48791 
Latency(us)/Energy(mJ): 35 0 0 0 0 
Latency(us)/Energy(mJ): 206 0.579497 0.132062 0.0733249 0.150681 
Latency(us)/Energy(mJ): 101 0.22718 0.0516967 0.0287455 0.0605762 
Latency(us)/Energy(mJ): 2340 7.39683 1.78359 0.903793 1.93664 
Latency(us)/Energy(mJ): 31 0.241076 0.062328 0.0283444 0.0611408 
Latency(us)/Energy(mJ): 1679 5.64637 1.56476 0.64642 1.4172 
Latency(us)/Energy(mJ): 31 0 0 0 0 
Latency(us)/Energy(mJ): 1436 4.94466 1.48224 0.54498 1.20267 
Latency(us)/Energy(mJ): 31 0.262118 0.0796939 0.0284781 0.0628457 
Latency(us)/Energy(mJ): 49 0 0 0 0 
Latency(us)/Energy(mJ): 2103 7.27828 2.22202 0.794025 1.79661 
Latency(us)/Energy(mJ): 37 0.410321 0.12208 0.0436244 0.105064 
Latency(us)/Energy(mJ): 2 0 0 0 0 
Latency(us)/Energy(mJ): 8731 36.3463 10.3896 3.32466 10.5747 
Latency(us)/Energy(mJ): 36 0 0 0 0 
Latency(us)/Energy(mJ): 0 0 0 0 0 
Latency(us)/Energy(mJ): 3740 18.1504 5.02771 1.42985 5.77274 
Latency(us)/Energy(mJ): 224 1.51366 0.415704 0.115272 0.491946 
0.3094 - "n02124075 Egyptian cat"
0.1761 - "n02123159 tiger cat"
0.1221 - "n02123045 tabby, tabby cat"
0.1132 - "n02119022 red fox, Vulpes vulpes"
0.0421 - "n02085620 Chihuahua"
