loading weight: /home/nvidia/caffe-build/models/bvlc_alexnet/bvlc_alexnet.caffemodel
loading prototxt: /home/nvidia/caffe-build/models/bvlc_alexnet/deploy.prototxt
---------- Prediction for /home/nvidia/caffe-build/examples/images/cat.jpg ----------
Latency(us)/Energy(mJ): 1 0 0 0 0 
Latency(us)/Energy(mJ): 12662 22.3829 2.42836 4.83772 4.40363 
Latency(us)/Energy(mJ): 64 0 0 0 0 
Latency(us)/Energy(mJ): 654 1.37332 0.208391 0.261001 0.274667 
Latency(us)/Energy(mJ): 227 0.423231 0.0637145 0.0797998 0.0857106 
Latency(us)/Energy(mJ): 9840 22.0205 4.49039 3.78753 4.53625 
Latency(us)/Energy(mJ): 64 0 0 0 0 
Latency(us)/Energy(mJ): 442 1.27171 0.291615 0.201658 0.262894 
Latency(us)/Energy(mJ): 176 0.206933 0.0459565 0.0328138 0.0427782 
Latency(us)/Energy(mJ): 5964 14.8223 3.78666 2.29853 2.99652 
Latency(us)/Energy(mJ): 59 0.298985 0.0802896 0.0445794 0.0581166 
Latency(us)/Energy(mJ): 3975 10.2391 2.86801 1.51089 1.96969 
Latency(us)/Energy(mJ): 56 0 0 0 0 
Latency(us)/Energy(mJ): 3869 10.2722 2.97498 1.48749 1.93919 
Latency(us)/Energy(mJ): 55 0.30614 0.0886622 0.0443311 0.0577929 
Latency(us)/Energy(mJ): 82 0.221592 0.064176 0.032088 0.041832 
Latency(us)/Energy(mJ): 6645 16.9715 4.69418 2.51664 3.32266 
Latency(us)/Energy(mJ): 68 0.22074 0.0584112 0.0324318 0.0455064 
Latency(us)/Energy(mJ): 4 0 0 0 0 
Latency(us)/Energy(mJ): 33123 93.1135 22.7045 12.6432 22.8112 
Latency(us)/Energy(mJ): 66 0.334946 0.0704483 0.0440446 0.0905105 
Latency(us)/Energy(mJ): 1 0 0 0 0 
Latency(us)/Energy(mJ): 14354 42.4227 9.77347 5.48871 11.3979 
Latency(us)/Energy(mJ): 407 1.1848 0.258084 0.151826 0.319947 
0.3094 - "n02124075 Egyptian cat"
0.1761 - "n02123159 tiger cat"
0.1221 - "n02123045 tabby, tabby cat"
0.1132 - "n02119022 red fox, Vulpes vulpes"
0.0421 - "n02085620 Chihuahua"
