loading weight: /home/nvidia/caffe-build/models/bvlc_alexnet/bvlc_alexnet.caffemodel
loading prototxt: /home/nvidia/caffe-build/models/bvlc_alexnet/deploy.prototxt
---------- Prediction for /home/nvidia/Downloads/ILSVRC2012_img_train_t3/n02085620/n02085620_1152.JPEG ----------
Latency(us)/Energy(mJ): 0 0 0 0 0 
Latency(us)/Energy(mJ): 353 1.27219 0.0473024 0.166181 0.453107 
Latency(us)/Energy(mJ): 29 0.188457 0.0070072 0.0246174 0.0671216 
Latency(us)/Energy(mJ): 63 0.307717 0.0113362 0.0398257 0.108588 
Latency(us)/Energy(mJ): 58 0.311513 0.011476 0.040317 0.109928 
Latency(us)/Energy(mJ): 4175 18.0455 1.57549 2.22959 6.07296 
Latency(us)/Energy(mJ): 29 0.132175 0.0156569 0.0156569 0.043247 
Latency(us)/Energy(mJ): 51 0.205835 0.0243824 0.0243824 0.0673485 
Latency(us)/Energy(mJ): 52 0.132896 0.0157423 0.0157423 0.043483 
Latency(us)/Energy(mJ): 5369 24.8803 3.59852 2.87053 7.84228 
Latency(us)/Energy(mJ): 30 0.213359 0.0343808 0.024062 0.0664635 
Latency(us)/Energy(mJ): 3857 18.9179 3.11457 2.05102 5.94074 
Latency(us)/Energy(mJ): 38 0.230383 0.038057 0.0242222 0.0730296 
Latency(us)/Energy(mJ): 2899 15.0738 2.65098 1.55684 4.80777 
Latency(us)/Energy(mJ): 37 0.155914 0.0272968 0.0159132 0.0501534 
Latency(us)/Energy(mJ): 44 0.235754 0.041275 0.024062 0.075836 
Latency(us)/Energy(mJ): 2587 13.6292 2.36674 1.37442 4.38622 
Latency(us)/Energy(mJ): 32 0.242495 0.0415498 0.0242222 0.0798336 
Latency(us)/Energy(mJ): 0 0 0 0 0 
Latency(us)/Energy(mJ): 13186 81.1157 12.1966 7.04113 29.3628 
Latency(us)/Energy(mJ): 32 0.297698 0.0415044 0.0242222 0.11281 
Latency(us)/Energy(mJ): 0 0 0 0 0 
Latency(us)/Energy(mJ): 5821 38.7379 5.29313 3.0891 14.8088 
Latency(us)/Energy(mJ): 40 0.509264 0.0686067 0.0400393 0.195098 
0.5948 - "n02085620 Chihuahua"
0.0656 - "n02110806 basenji"
0.0383 - "n02113023 Pembroke, Pembroke Welsh corgi"
0.0311 - "n02091244 Ibizan hound, Ibizan Podenco"
0.0298 - "n02389026 sorrel"
