loading weight: /home/nvidia/caffe-build/models/bvlc_alexnet/bvlc_alexnet.caffemodel
loading prototxt: /home/nvidia/caffe-build/models/bvlc_alexnet/deploy.prototxt
---------- Prediction for /home/nvidia/Downloads/ILSVRC2012_img_train_t3/n02085620/n02085620_1152.JPEG ----------
Latency(us)/Energy(mJ): 0 0 0 0 0 
Latency(us)/Energy(mJ): 70436 314.906 16.1224 86.8597 84.9911 
Latency(us)/Energy(mJ): 894 3.90735 0.202899 1.08272 1.03576 
Latency(us)/Energy(mJ): 77203 342.605 17.6812 99.5644 90.2312 
Latency(us)/Energy(mJ): 6474 28.231 1.4825 7.7904 7.56724 
Latency(us)/Energy(mJ): 143122 627.685 32.7602 174.584 167.801 
Latency(us)/Energy(mJ): 571 2.53142 0.131959 0.704165 0.673625 
Latency(us)/Energy(mJ): 350780 1555.49 80.3092 480.874 390.836 
Latency(us)/Energy(mJ): 3646 16.1195 0.840288 4.88601 4.13177 
Latency(us)/Energy(mJ): 89625 386.965 20.5204 109.686 102.928 
Latency(us)/Energy(mJ): 199 0.861932 0.0457221 0.243985 0.229609 
Latency(us)/Energy(mJ): 69489 301.693 15.9099 84.8994 80.947 
Latency(us)/Energy(mJ): 199 0.865559 0.0459145 0.245011 0.234384 
Latency(us)/Energy(mJ): 48668 211.965 11.1404 59.4477 57.0876 
Latency(us)/Energy(mJ): 133 0.532529 0.0280021 0.149426 0.145269 
Latency(us)/Energy(mJ): 873 3.82369 0.201062 1.07292 1.03281 
Latency(us)/Energy(mJ): 138729 689.105 31.761 218.868 181.977 
Latency(us)/Energy(mJ): 13 0.158995 0.00727762 0.0509751 0.0420132 
Latency(us)/Energy(mJ): 1 0 0 0 0 
Latency(us)/Energy(mJ): 61575 308.013 14.0985 98.7514 81.3898 
Latency(us)/Energy(mJ): 13 0 0 0 0 
Latency(us)/Energy(mJ): 4 0 0 0 0 
Latency(us)/Energy(mJ): 15111 75.7212 3.46595 24.2768 20.0087 
Latency(us)/Energy(mJ): 137 0.544426 0.0249198 0.174547 0.14386 
0.5948 - "n02085620 Chihuahua"
0.0656 - "n02110806 basenji"
0.0383 - "n02113023 Pembroke, Pembroke Welsh corgi"
0.0311 - "n02091244 Ibizan hound, Ibizan Podenco"
0.0298 - "n02389026 sorrel"
