loading weight: /home/nvidia/caffe-build/models/bvlc_alexnet/bvlc_alexnet.caffemodel
loading prototxt: /home/nvidia/caffe-build/models/bvlc_alexnet/deploy.prototxt
---------- Prediction for /home/nvidia/caffe-build/examples/images/cat.jpg ----------
Latency(us)/Energy(mJ): 0 0 0 0 0 
Latency(us)/Energy(mJ): 2427 10.4845 0.522631 2.57608 3.38781 
Latency(us)/Energy(mJ): 24 0 0 0 0 
Latency(us)/Energy(mJ): 212 1.20424 0.100927 0.283178 0.384251 
Latency(us)/Energy(mJ): 102 0 0 0 0 
Latency(us)/Energy(mJ): 2380 11.7433 1.25585 2.62974 3.69063 
Latency(us)/Energy(mJ): 22 0 0 0 0 
Latency(us)/Energy(mJ): 172 0.949569 0.130393 0.202896 0.290963 
Latency(us)/Energy(mJ): 83 0.564338 0.0774936 0.120583 0.172922 
Latency(us)/Energy(mJ): 1818 9.1005 1.37018 1.89961 2.76005 
Latency(us)/Energy(mJ): 21 0 0 0 0 
Latency(us)/Energy(mJ): 1508 8.03465 1.43567 1.61195 2.37834 
Latency(us)/Energy(mJ): 21 0 0 0 0 
Latency(us)/Energy(mJ): 1082 6.17814 1.21106 1.12488 1.78503 
Latency(us)/Energy(mJ): 23 0 0 0 0 
Latency(us)/Energy(mJ): 34 0.626336 0.130415 0.112989 0.181101 
Latency(us)/Energy(mJ): 1385 7.27686 1.41355 1.31296 2.10655 
Latency(us)/Energy(mJ): 24 0.422661 0.0809544 0.0751936 0.124691 
Latency(us)/Energy(mJ): 1 0 0 0 0 
Latency(us)/Energy(mJ): 5011 31.4262 6.46843 4.99269 9.69059 
Latency(us)/Energy(mJ): 24 0 0 0 0 
Latency(us)/Energy(mJ): 1 0 0 0 0 
Latency(us)/Energy(mJ): 2173 15.1872 3.2349 2.13722 4.89561 
Latency(us)/Energy(mJ): 156 1.37424 0.303659 0.187844 0.449613 
0.3094 - "n02124075 Egyptian cat"
0.1761 - "n02123159 tiger cat"
0.1221 - "n02123045 tabby, tabby cat"
0.1132 - "n02119022 red fox, Vulpes vulpes"
0.0421 - "n02085620 Chihuahua"
