loading weight: /home/nvidia/caffe-build/models/bvlc_alexnet/bvlc_alexnet.caffemodel
loading prototxt: /home/nvidia/caffe-build/models/bvlc_alexnet/deploy.prototxt
---------- Prediction for /home/nvidia/Downloads/ILSVRC2012_img_train_t3/n02085620/n02085620_1152.JPEG ----------
Latency(us)/Energy(mJ): 0 0 0 0 0 
Latency(us)/Energy(mJ): 409 1.22578 0.0435054 0.17488 0.433337 
Latency(us)/Energy(mJ): 34 0.195474 0.0103691 0.0276661 0.0685539 
Latency(us)/Energy(mJ): 163 0.752908 0.0395895 0.10563 0.263499 
Latency(us)/Energy(mJ): 124 0.521183 0.030497 0.0722446 0.181126 
Latency(us)/Energy(mJ): 1599 7.50328 0.735193 0.985421 2.53356 
Latency(us)/Energy(mJ): 32 0.218638 0.0274988 0.0275439 0.0724436 
Latency(us)/Energy(mJ): 116 0.482931 0.0606096 0.060709 0.159887 
Latency(us)/Energy(mJ): 103 0.578837 0.0722362 0.0723546 0.190656 
Latency(us)/Energy(mJ): 1962 9.90075 1.62141 1.18601 3.12928 
Latency(us)/Energy(mJ): 30 0.145241 0.0273395 0.0168392 0.0453362 
Latency(us)/Energy(mJ): 1590 8.95398 1.76838 0.980282 2.80745 
Latency(us)/Energy(mJ): 46 0.264318 0.0552625 0.0276086 0.0831426 
Latency(us)/Energy(mJ): 1109 6.65305 1.42436 0.678222 2.0946 
Latency(us)/Energy(mJ): 49 0.279397 0.0624166 0.0277306 0.086965 
Latency(us)/Energy(mJ): 47 0.173194 0.0386911 0.0171898 0.0539083 
Latency(us)/Energy(mJ): 1994 12.4799 2.7258 1.23869 3.9692 
Latency(us)/Energy(mJ): 34 0 0 0 0 
Latency(us)/Energy(mJ): 1 0 0 0 0 
Latency(us)/Energy(mJ): 5886 42.1733 8.58255 3.16346 14.8078 
Latency(us)/Energy(mJ): 39 0.581956 0.116873 0.038909 0.213671 
Latency(us)/Energy(mJ): 0 0 0 0 0 
Latency(us)/Energy(mJ): 2587 21.3593 4.2492 1.3789 7.9425 
Latency(us)/Energy(mJ): 47 0.388711 0.0766267 0.0243688 0.146075 
0.5948 - "n02085620 Chihuahua"
0.0656 - "n02110806 basenji"
0.0383 - "n02113023 Pembroke, Pembroke Welsh corgi"
0.0311 - "n02091244 Ibizan hound, Ibizan Podenco"
0.0298 - "n02389026 sorrel"
