loading weight: /home/nvidia/caffe-build/models/bvlc_alexnet/bvlc_alexnet.caffemodel
loading prototxt: /home/nvidia/caffe-build/models/bvlc_alexnet/deploy.prototxt
---------- Prediction for /home/nvidia/Downloads/ILSVRC2012_img_train_t3/n02085620/n02085620_1152.JPEG ----------
Latency(us)/Energy(mJ): 0 0 0 0 0 
Latency(us)/Energy(mJ): 547 2.18629 0.12586 0.396568 0.686382 
Latency(us)/Energy(mJ): 57 0.322485 0.0335073 0.0558211 0.0981076 
Latency(us)/Energy(mJ): 114 0.531144 0.0598118 0.0903697 0.158828 
Latency(us)/Energy(mJ): 126 0.672524 0.0873998 0.111841 0.197957 
Latency(us)/Energy(mJ): 1035 5.08827 0.871839 0.779969 1.44978 
Latency(us)/Energy(mJ): 56 0.389842 0.0837224 0.0557906 0.106463 
Latency(us)/Energy(mJ): 93 0.391804 0.0869683 0.0556685 0.10623 
Latency(us)/Energy(mJ): 94 0.548024 0.12315 0.0769562 0.146852 
Latency(us)/Energy(mJ): 981 5.69881 1.43891 0.759505 1.49868 
Latency(us)/Energy(mJ): 68 0.441977 0.116946 0.055699 0.116972 
Latency(us)/Energy(mJ): 1088 7.10958 2.06122 0.836187 1.87744 
Latency(us)/Energy(mJ): 76 0.50322 0.155971 0.0557143 0.132677 
Latency(us)/Energy(mJ): 638 4.33951 1.35902 0.466357 1.14607 
Latency(us)/Energy(mJ): 60 0.53285 0.172452 0.0556108 0.140997 
Latency(us)/Energy(mJ): 66 0.534286 0.172404 0.0555955 0.140959 
Latency(us)/Energy(mJ): 1031 7.31123 2.26988 0.778993 1.94318 
Latency(us)/Energy(mJ): 67 0.52662 0.161447 0.0556412 0.143922 
Latency(us)/Energy(mJ): 3 0 0 0 0 
Latency(us)/Energy(mJ): 4648 39.703 11.7771 3.55366 11.8851 
Latency(us)/Energy(mJ): 67 0.694112 0.205054 0.0554279 0.219893 
Latency(us)/Energy(mJ): 1 0 0 0 0 
Latency(us)/Energy(mJ): 2021 20.2388 5.88375 1.5554 6.51262 
Latency(us)/Energy(mJ): 82 0.744644 0.216632 0.0555073 0.242817 
0.5948 - "n02085620 Chihuahua"
0.0656 - "n02110806 basenji"
0.0383 - "n02113023 Pembroke, Pembroke Welsh corgi"
0.0311 - "n02091244 Ibizan hound, Ibizan Podenco"
0.0298 - "n02389026 sorrel"
