loading weight: /home/nvidia/caffe-build/models/bvlc_alexnet/bvlc_alexnet.caffemodel
loading prototxt: /home/nvidia/caffe-build/models/bvlc_alexnet/deploy.prototxt
---------- Prediction for /home/nvidia/Downloads/ILSVRC2012_img_train_t3/n02085620/n02085620_1152.JPEG ----------
Latency(us)/Energy(mJ): 0 0 0 0 0 
Latency(us)/Energy(mJ): 280 1.40485 0.0413714 0.415619 0.396294 
Latency(us)/Energy(mJ): 22 0.146055 0.00427424 0.0429392 0.0409427 
Latency(us)/Energy(mJ): 51 0.234457 0.0103371 0.0689288 0.0657238 
Latency(us)/Energy(mJ): 53 0.14699 0.0064807 0.0432141 0.0412048 
Latency(us)/Energy(mJ): 2362 12.9282 0.964258 3.61294 3.55212 
Latency(us)/Energy(mJ): 17 0.158342 0.0150695 0.040919 0.0432613 
Latency(us)/Energy(mJ): 46 0.252719 0.0274744 0.065308 0.0690463 
Latency(us)/Energy(mJ): 38 0.15823 0.017202 0.04089 0.0432306 
Latency(us)/Energy(mJ): 3016 17.3807 2.33798 4.35635 4.57615 
Latency(us)/Energy(mJ): 23 0.269404 0.0413946 0.065598 0.0702125 
Latency(us)/Energy(mJ): 2264 14.0266 2.29303 3.11947 3.73492 
Latency(us)/Energy(mJ): 43 0.179647 0.0300962 0.0386911 0.048526 
Latency(us)/Energy(mJ): 1617 10.4965 1.89898 2.21377 2.8578 
Latency(us)/Energy(mJ): 35 0.297969 0.0550708 0.0619772 0.0820194 
Latency(us)/Energy(mJ): 44 0.186423 0.0342576 0.0385538 0.0510214 
Latency(us)/Energy(mJ): 1365 9.327 1.75471 1.91209 2.58003 
Latency(us)/Energy(mJ): 23 0 0 0 0 
Latency(us)/Energy(mJ): 1 0 0 0 0 
Latency(us)/Energy(mJ): 7631 59.1747 10.4194 9.91926 18.7246 
Latency(us)/Energy(mJ): 23 0.232297 0.0402834 0.0360547 0.0787862 
Latency(us)/Energy(mJ): 1 0 0 0 0 
Latency(us)/Energy(mJ): 3374 28.7661 4.86377 4.35321 9.87045 
Latency(us)/Energy(mJ): 38 0.39499 0.0655075 0.058631 0.13762 
0.5948 - "n02085620 Chihuahua"
0.0656 - "n02110806 basenji"
0.0383 - "n02113023 Pembroke, Pembroke Welsh corgi"
0.0311 - "n02091244 Ibizan hound, Ibizan Podenco"
0.0298 - "n02389026 sorrel"
