loading weight: /home/nvidia/caffe-build/models/bvlc_alexnet/bvlc_alexnet.caffemodel
loading prototxt: /home/nvidia/caffe-build/models/bvlc_alexnet/deploy.prototxt
---------- Prediction for /home/nvidia/Downloads/ILSVRC2012_img_train_t3/n02085620/n02085620_1152.JPEG ----------
Latency(us)/Energy(mJ): 0 0 0 0 0 
Latency(us)/Energy(mJ): 387 1.4069 0.0665957 0.114613 0.518576 
Latency(us)/Energy(mJ): 49 0.132248 0.00792798 0.0105591 0.0477756 
Latency(us)/Energy(mJ): 94 0.47946 0.0343633 0.037759 0.171702 
Latency(us)/Energy(mJ): 89 0.309874 0.0241194 0.0241194 0.110633 
Latency(us)/Energy(mJ): 1347 5.65329 0.720313 0.408773 1.9315 
Latency(us)/Energy(mJ): 47 0.151891 0.0259267 0.0103639 0.0501205 
Latency(us)/Energy(mJ): 77 0.358747 0.0607195 0.0242719 0.118972 
Latency(us)/Energy(mJ): 83 0.357407 0.0599871 0.0239791 0.117537 
Latency(us)/Energy(mJ): 1434 7.04018 1.45163 0.447252 2.22045 
Latency(us)/Energy(mJ): 51 0.170451 0.0384262 0.0102358 0.0527228 
Latency(us)/Energy(mJ): 1309 7.28247 1.77022 0.409383 2.26525 
Latency(us)/Energy(mJ): 57 0.269986 0.067918 0.0142862 0.0842183 
Latency(us)/Energy(mJ): 862 5.16411 1.37096 0.265399 1.61204 
Latency(us)/Energy(mJ): 55 0.205229 0.0564144 0.010248 0.0642768 
Latency(us)/Energy(mJ): 70 0.478397 0.131163 0.0238266 0.149444 
Latency(us)/Energy(mJ): 869 5.34432 1.43767 0.265094 1.67909 
Latency(us)/Energy(mJ): 52 0.283474 0.0764952 0.0138958 0.0906644 
Latency(us)/Energy(mJ): 1 0.210962 0.0565823 0.0102785 0.0677033 
Latency(us)/Energy(mJ): 4972 36.5984 9.28231 1.50648 12.6593 
Latency(us)/Energy(mJ): 52 0.660652 0.162829 0.0241316 0.23918 
Latency(us)/Energy(mJ): 0 0 0 0 0 
Latency(us)/Energy(mJ): 2241 19.3031 4.69322 0.680797 7.07328 
Latency(us)/Energy(mJ): 63 0.695717 0.167135 0.0238093 0.258373 
0.5948 - "n02085620 Chihuahua"
0.0656 - "n02110806 basenji"
0.0383 - "n02113023 Pembroke, Pembroke Welsh corgi"
0.0311 - "n02091244 Ibizan hound, Ibizan Podenco"
0.0298 - "n02389026 sorrel"
