loading weight: /home/nvidia/caffe-build/models/bvlc_alexnet/bvlc_alexnet.caffemodel
loading prototxt: /home/nvidia/caffe-build/models/bvlc_alexnet/deploy.prototxt
---------- Prediction for /home/nvidia/caffe-build/examples/images/cat.jpg ----------
Latency(us)/Energy(mJ): 0 0 0 0 0 
Latency(us)/Energy(mJ): 2991 9.92863 0.610875 4.20048 1.92152 
Latency(us)/Energy(mJ): 25 0 0 0 0 
Latency(us)/Energy(mJ): 330 1.52617 0.162675 0.585544 0.301928 
Latency(us)/Energy(mJ): 141 0.35427 0.0376652 0.135575 0.0699074 
Latency(us)/Energy(mJ): 3242 12.0844 1.66025 4.38144 2.42064 
Latency(us)/Energy(mJ): 22 0.456853 0.0782493 0.156612 0.0916895 
Latency(us)/Energy(mJ): 215 0.853741 0.146228 0.292669 0.171344 
Latency(us)/Energy(mJ): 90 0.394482 0.0675665 0.135231 0.0791717 
Latency(us)/Energy(mJ): 2382 9.59817 1.8166 3.05229 1.91786 
Latency(us)/Energy(mJ): 28 0 0 0 0 
Latency(us)/Energy(mJ): 1695 7.28766 1.61353 2.20844 1.42316 
Latency(us)/Energy(mJ): 21 0.50234 0.113435 0.148426 0.096397 
Latency(us)/Energy(mJ): 1433 6.04576 1.46816 1.78267 1.15778 
Latency(us)/Energy(mJ): 23 0 0 0 0 
Latency(us)/Energy(mJ): 31 0.497049 0.119888 0.145571 0.0945425 
Latency(us)/Energy(mJ): 2268 9.85079 2.38916 2.90097 1.91608 
Latency(us)/Energy(mJ): 24 0 0 0 0 
Latency(us)/Energy(mJ): 1 0 0 0 0 
Latency(us)/Energy(mJ): 8699 43.6804 10.4578 10.6527 10.4885 
Latency(us)/Energy(mJ): 23 0.593338 0.140919 0.132662 0.158194 
Latency(us)/Energy(mJ): 1 0 0 0 0 
Latency(us)/Energy(mJ): 3714 21.0239 5.04039 4.33509 5.75714 
Latency(us)/Energy(mJ): 148 0.671001 0.158787 0.132419 0.188047 
0.3094 - "n02124075 Egyptian cat"
0.1761 - "n02123159 tiger cat"
0.1221 - "n02123045 tabby, tabby cat"
0.1132 - "n02119022 red fox, Vulpes vulpes"
0.0421 - "n02085620 Chihuahua"
