loading weight: /home/nvidia/caffe-build/models/bvlc_alexnet/bvlc_alexnet.caffemodel
loading prototxt: /home/nvidia/caffe-build/models/bvlc_alexnet/deploy.prototxt
---------- Prediction for /home/nvidia/Downloads/ILSVRC2012_img_train_t3/n02085620/n02085620_1152.JPEG ----------
Latency(us)/Energy(mJ): 0 0 0 0 0 
Latency(us)/Energy(mJ): 316 1.25498 0.0506024 0.145397 0.45619 
Latency(us)/Energy(mJ): 33 0 0 0 0 
Latency(us)/Energy(mJ): 70 0.301205 0.0172941 0.0345882 0.108522 
Latency(us)/Energy(mJ): 68 0.310211 0.0177109 0.0354217 0.111138 
Latency(us)/Energy(mJ): 1966 8.4794 0.852757 0.904458 2.90916 
Latency(us)/Energy(mJ): 33 0.211662 0.0284482 0.0213245 0.0704918 
Latency(us)/Energy(mJ): 57 0.142744 0.0191854 0.0143812 0.0475396 
Latency(us)/Energy(mJ): 59 0.345343 0.0464238 0.0347988 0.115034 
Latency(us)/Energy(mJ): 2400 11.4821 1.94453 1.10015 3.66161 
Latency(us)/Energy(mJ): 34 0.153288 0.0282861 0.014143 0.0485125 
Latency(us)/Energy(mJ): 1861 9.83015 1.9955 0.855507 3.12022 
Latency(us)/Energy(mJ): 42 0.166999 0.0347851 0.013914 0.0534688 
Latency(us)/Energy(mJ): 1345 7.702 1.70021 0.621872 2.46364 
Latency(us)/Energy(mJ): 40 0.263179 0.0588319 0.0207749 0.0841882 
Latency(us)/Energy(mJ): 48 0.174524 0.0390138 0.0137766 0.0564 
Latency(us)/Energy(mJ): 1057 6.26618 1.43413 0.485379 2.02496 
Latency(us)/Energy(mJ): 36 0.27429 0.062444 0.0208298 0.0905052 
Latency(us)/Energy(mJ): 0 0 0 0 0 
Latency(us)/Energy(mJ): 6519 45.769 9.64117 2.97679 16.3654 
Latency(us)/Energy(mJ): 37 0.352616 0.0729095 0.0208118 0.13243 
Latency(us)/Energy(mJ): 0 0 0 0 0 
Latency(us)/Energy(mJ): 2889 23.1359 4.6301 1.3225 8.78622 
Latency(us)/Energy(mJ): 45 0.373455 0.072896 0.0208209 0.142967 
0.5948 - "n02085620 Chihuahua"
0.0656 - "n02110806 basenji"
0.0383 - "n02113023 Pembroke, Pembroke Welsh corgi"
0.0311 - "n02091244 Ibizan hound, Ibizan Podenco"
0.0298 - "n02389026 sorrel"
