loading weight: /home/nvidia/caffe-build/models/bvlc_alexnet/bvlc_alexnet.caffemodel
loading prototxt: /home/nvidia/caffe-build/models/bvlc_alexnet/deploy.prototxt
---------- Prediction for /home/nvidia/Downloads/ILSVRC2012_img_train_t3/n02085620/n02085620_1152.JPEG ----------
Latency(us)/Energy(mJ): 0 0 0 0 0 
Latency(us)/Energy(mJ): 207 0.89169 0.0488917 0.15144 0.30513 
Latency(us)/Energy(mJ): 22 0.125015 0.0083875 0.0209825 0.04268 
Latency(us)/Energy(mJ): 53 0.209901 0.013969 0.0349454 0.0710816 
Latency(us)/Energy(mJ): 48 0.127632 0.0105232 0.0210741 0.0428662 
Latency(us)/Energy(mJ): 1019 5.1528 0.7117 0.77942 1.62627 
Latency(us)/Energy(mJ): 22 0.24512 0.0448384 0.0344876 0.0736308 
Latency(us)/Energy(mJ): 40 0.155529 0.0282522 0.0217302 0.0463939 
Latency(us)/Energy(mJ): 44 0.248025 0.0481882 0.0344266 0.0735005 
Latency(us)/Energy(mJ): 1130 6.60254 1.58608 0.856406 1.85881 
Latency(us)/Energy(mJ): 24 0.281359 0.0759244 0.0345029 0.0770097 
Latency(us)/Energy(mJ): 987 6.50497 1.89676 0.745304 1.76635 
Latency(us)/Energy(mJ): 34 0.319773 0.100204 0.0345186 0.0866589 
Latency(us)/Energy(mJ): 679 5.03055 1.61117 0.521848 1.35049 
Latency(us)/Energy(mJ): 31 0 0 0 0 
Latency(us)/Energy(mJ): 36 0.553914 0.183265 0.0555041 0.14772 
Latency(us)/Energy(mJ): 615 4.5481 1.51517 0.447142 1.21926 
Latency(us)/Energy(mJ): 28 0.359065 0.118454 0.0348234 0.0979351 
Latency(us)/Energy(mJ): 0 0 0 0 0 
Latency(us)/Energy(mJ): 4650 42.323 13.6246 3.35004 12.4499 
Latency(us)/Energy(mJ): 27 0.283406 0.0901196 0.0193033 0.0878934 
Latency(us)/Energy(mJ): 0 0 0 0 0 
Latency(us)/Energy(mJ): 2054 21.231 6.6648 1.39718 6.65774 
Latency(us)/Energy(mJ): 36 0.486818 0.152313 0.0311538 0.154041 
0.5948 - "n02085620 Chihuahua"
0.0656 - "n02110806 basenji"
0.0383 - "n02113023 Pembroke, Pembroke Welsh corgi"
0.0311 - "n02091244 Ibizan hound, Ibizan Podenco"
0.0298 - "n02389026 sorrel"
