loading weight: /home/nvidia/caffe-build/models/bvlc_alexnet/bvlc_alexnet.caffemodel
loading prototxt: /home/nvidia/caffe-build/models/bvlc_alexnet/deploy.prototxt
---------- Prediction for /home/nvidia/caffe-build/examples/images/cat.jpg ----------
Latency(us)/Energy(mJ): 7 0 0 0 0 
Latency(us)/Energy(mJ): 7739 18.5383 1.84302 6.47975 3.17767 
Latency(us)/Energy(mJ): 41 0.29848 0.0438536 0.096432 0.052808 
Latency(us)/Energy(mJ): 632 1.57534 0.231454 0.508956 0.278714 
Latency(us)/Energy(mJ): 322 0.755914 0.11057 0.243138 0.133147 
Latency(us)/Energy(mJ): 9676 27.0084 5.30505 7.45603 4.88415 
Latency(us)/Energy(mJ): 41 0.255305 0.059684 0.066277 0.0448498 
Latency(us)/Energy(mJ): 502 1.51962 0.355249 0.394491 0.272944 
Latency(us)/Energy(mJ): 207 0.600519 0.140386 0.155894 0.109371 
Latency(us)/Energy(mJ): 5753 17.201 4.2476 4.37692 3.07072 
Latency(us)/Energy(mJ): 36 0.344585 0.093492 0.0850332 0.0596568 
Latency(us)/Energy(mJ): 3934 12.2272 3.43092 2.99454 2.05064 
Latency(us)/Energy(mJ): 38 0.275488 0.0795546 0.0663534 0.0449014 
Latency(us)/Energy(mJ): 3804 12.1373 3.50498 2.68738 1.97825 
Latency(us)/Energy(mJ): 36 0 0 0 0 
Latency(us)/Energy(mJ): 53 0 0 0 0 
Latency(us)/Energy(mJ): 6847 21.2487 5.9224 5.19458 3.54367 
Latency(us)/Energy(mJ): 49 0.354182 0.096096 0.0874016 0.063492 
Latency(us)/Energy(mJ): 6 0 0 0 0 
Latency(us)/Energy(mJ): 32936 108.385 27.5451 23.19 22.9507 
Latency(us)/Energy(mJ): 41 0.375311 0.0852624 0.0767808 0.0854856 
Latency(us)/Energy(mJ): 2 0 0 0 0 
Latency(us)/Energy(mJ): 14188 48.1322 10.9817 9.76478 11.2708 
Latency(us)/Energy(mJ): 246 0.68139 0.153067 0.137841 0.161282 
0.3094 - "n02124075 Egyptian cat"
0.1761 - "n02123159 tiger cat"
0.1221 - "n02123045 tabby, tabby cat"
0.1132 - "n02119022 red fox, Vulpes vulpes"
0.0421 - "n02085620 Chihuahua"
