loading weight: /home/nvidia/caffe-build/models/bvlc_alexnet/bvlc_alexnet.caffemodel
loading prototxt: /home/nvidia/caffe-build/models/bvlc_alexnet/deploy.prototxt
---------- Prediction for /home/nvidia/caffe-build/examples/images/cat.jpg ----------
Latency(us)/Energy(mJ): 0 0 0 0 0 
Latency(us)/Energy(mJ): 3846 9.32838 0.732689 2.51583 2.06724 
Latency(us)/Energy(mJ): 57 0 0 0 0 
Latency(us)/Energy(mJ): 350 0.999011 0.115504 0.231386 0.228546 
Latency(us)/Energy(mJ): 142 0.506165 0.0576907 0.115571 0.115949 
Latency(us)/Energy(mJ): 3578 10.335 1.65467 2.19832 2.39235 
Latency(us)/Energy(mJ): 55 0 0 0 0 
Latency(us)/Energy(mJ): 256 0.928869 0.185652 0.185652 0.21543 
Latency(us)/Energy(mJ): 131 0.235451 0.0464666 0.0464666 0.0539195 
Latency(us)/Energy(mJ): 2734 8.76175 1.83602 1.68902 2.04337 
Latency(us)/Energy(mJ): 40 0.247736 0.058255 0.0465887 0.0569588 
Latency(us)/Energy(mJ): 2023 6.67086 1.61403 1.22637 1.52308 
Latency(us)/Energy(mJ): 39 0.258816 0.063924 0.0464971 0.0582926 
Latency(us)/Energy(mJ): 1642 5.5871 1.46179 0.99425 1.24647 
Latency(us)/Energy(mJ): 42 0.264154 0.0695702 0.0464055 0.0581777 
Latency(us)/Energy(mJ): 59 0 0 0 0 
Latency(us)/Energy(mJ): 2490 8.47418 2.18354 1.5045 1.91494 
Latency(us)/Energy(mJ): 41 0.395726 0.103096 0.068768 0.0948797 
Latency(us)/Energy(mJ): 3 0 0 0 0 
Latency(us)/Energy(mJ): 8867 36.3927 8.89447 5.439 10.214 
Latency(us)/Energy(mJ): 59 0.345723 0.0812975 0.0464666 0.106394 
Latency(us)/Energy(mJ): 1 0 0 0 0 
Latency(us)/Energy(mJ): 3765 17.5646 4.16262 2.26736 5.5208 
Latency(us)/Energy(mJ): 299 1.3007 0.304684 0.162587 0.419488 
0.3094 - "n02124075 Egyptian cat"
0.1761 - "n02123159 tiger cat"
0.1221 - "n02123045 tabby, tabby cat"
0.1132 - "n02119022 red fox, Vulpes vulpes"
0.0421 - "n02085620 Chihuahua"
