loading weight: /home/nvidia/caffe-build/models/bvlc_alexnet/bvlc_alexnet.caffemodel
loading prototxt: /home/nvidia/caffe-build/models/bvlc_alexnet/deploy.prototxt
---------- Prediction for /home/nvidia/Downloads/ILSVRC2012_img_train_t3/n02085620/n02085620_1152.JPEG ----------
Latency(us)/Energy(mJ): 0 0 0 0 0 
Latency(us)/Energy(mJ): 190 0.709389 0.0288869 0.140569 0.23817 
Latency(us)/Energy(mJ): 19 0.209096 0.0102775 0.0411101 0.0696538 
Latency(us)/Energy(mJ): 46 0.13208 0.00643948 0.0257579 0.0436422 
Latency(us)/Energy(mJ): 41 0.345635 0.0223748 0.0671978 0.115249 
Latency(us)/Energy(mJ): 1158 5.78187 0.666525 1.04202 1.81971 
Latency(us)/Energy(mJ): 19 0.148626 0.0231564 0.0252816 0.0454848 
Latency(us)/Energy(mJ): 36 0.246638 0.0381577 0.0416597 0.074951 
Latency(us)/Energy(mJ): 36 0.150651 0.0233074 0.0254465 0.0457814 
Latency(us)/Energy(mJ): 1348 7.84625 1.56793 1.24103 2.27115 
Latency(us)/Energy(mJ): 21 0.167626 0.0379223 0.0252723 0.0475616 
Latency(us)/Energy(mJ): 1072 6.88218 1.69628 0.972828 1.93511 
Latency(us)/Energy(mJ): 28 0.188781 0.0505812 0.0252906 0.0528753 
Latency(us)/Energy(mJ): 759 5.46441 1.48765 0.706984 1.5285 
Latency(us)/Energy(mJ): 27 0.201003 0.0567596 0.0252357 0.0559322 
Latency(us)/Energy(mJ): 33 0 0 0 0 
Latency(us)/Energy(mJ): 619 4.68582 1.33603 0.577475 1.31509 
Latency(us)/Energy(mJ): 23 0.211456 0.05978 0.02562 0.060004 
Latency(us)/Energy(mJ): 0 0 0 0 0 
Latency(us)/Energy(mJ): 4780 41.7951 11.5518 4.21548 12.8938 
Latency(us)/Energy(mJ): 24 0 0 0 0 
Latency(us)/Energy(mJ): 0 0 0 0 0 
Latency(us)/Energy(mJ): 2131 21.3761 5.74021 1.86205 7.0298 
Latency(us)/Energy(mJ): 30 0.287485 0.0771866 0.0235981 0.0953779 
0.5948 - "n02085620 Chihuahua"
0.0656 - "n02110806 basenji"
0.0383 - "n02113023 Pembroke, Pembroke Welsh corgi"
0.0311 - "n02091244 Ibizan hound, Ibizan Podenco"
0.0298 - "n02389026 sorrel"
