loading weight: /home/nvidia/caffe-build/models/bvlc_alexnet/bvlc_alexnet.caffemodel
loading prototxt: /home/nvidia/caffe-build/models/bvlc_alexnet/deploy.prototxt
---------- Prediction for /home/nvidia/Downloads/ILSVRC2012_img_train_t3/n02085620/n02085620_1152.JPEG ----------
Latency(us)/Energy(mJ): 0 0 0 0 0 
Latency(us)/Energy(mJ): 668 2.47443 0.17117 0.203911 0.86672 
Latency(us)/Energy(mJ): 88 0.337419 0.0429147 0.0262727 0.113877 
Latency(us)/Energy(mJ): 170 0.696721 0.10238 0.0527162 0.228494 
Latency(us)/Energy(mJ): 165 0.724733 0.122504 0.052826 0.232353 
Latency(us)/Energy(mJ): 1032 4.706 0.986874 0.31637 1.46439 
Latency(us)/Energy(mJ): 89 0.427809 0.109964 0.0265838 0.125249 
Latency(us)/Energy(mJ): 140 0.629651 0.167624 0.0386862 0.183037 
Latency(us)/Energy(mJ): 153 0.883813 0.245699 0.0530883 0.253431 
Latency(us)/Energy(mJ): 737 3.84419 1.09645 0.222382 1.09805 
Latency(us)/Energy(mJ): 92 0.473871 0.143219 0.0260165 0.134874 
Latency(us)/Energy(mJ): 1153 6.90092 2.20738 0.349823 1.96113 
Latency(us)/Energy(mJ): 91 0.548552 0.181688 0.0259433 0.15534 
Latency(us)/Energy(mJ): 699 4.79945 1.63264 0.221961 1.34742 
Latency(us)/Energy(mJ): 86 0.57436 0.201035 0.0259372 0.161066 
Latency(us)/Energy(mJ): 105 0.57086 0.19448 0.025925 0.159375 
Latency(us)/Energy(mJ): 1301 8.58405 2.84715 0.40238 2.43934 
Latency(us)/Energy(mJ): 100 0.558429 0.181261 0.0258823 0.16395 
Latency(us)/Energy(mJ): 2 0 0 0 0 
Latency(us)/Energy(mJ): 4623 37.0022 11.5036 1.42059 11.7299 
Latency(us)/Energy(mJ): 97 0.767699 0.23296 0.0258278 0.25522 
Latency(us)/Energy(mJ): 1 0 0 0 0 
Latency(us)/Energy(mJ): 2013 18.7919 5.66952 0.609003 6.33036 
Latency(us)/Energy(mJ): 112 1.20826 0.361354 0.0379453 0.411534 
0.5948 - "n02085620 Chihuahua"
0.0656 - "n02110806 basenji"
0.0383 - "n02113023 Pembroke, Pembroke Welsh corgi"
0.0311 - "n02091244 Ibizan hound, Ibizan Podenco"
0.0298 - "n02389026 sorrel"
