loading weight: /home/nvidia/caffe-build/models/bvlc_alexnet/bvlc_alexnet.caffemodel
loading prototxt: /home/nvidia/caffe-build/models/bvlc_alexnet/deploy.prototxt
---------- Prediction for /home/nvidia/Downloads/ILSVRC2012_img_train_t3/n02085620/n02085620_1152.JPEG ----------
Latency(us)/Energy(mJ): 0 0 0 0 0 
Latency(us)/Energy(mJ): 672 2.41989 0.14814 0.203405 0.860455 
Latency(us)/Energy(mJ): 87 0.328812 0.0330354 0.0263764 0.112683 
Latency(us)/Energy(mJ): 170 0.667262 0.075191 0.052216 0.226326 
Latency(us)/Energy(mJ): 163 0.687366 0.0890174 0.0526369 0.229789 
Latency(us)/Energy(mJ): 1200 5.20159 0.872572 0.368159 1.68615 
Latency(us)/Energy(mJ): 85 0.396234 0.0788493 0.0262544 0.123697 
Latency(us)/Energy(mJ): 140 0.591702 0.126321 0.0388387 0.182988 
Latency(us)/Energy(mJ): 150 0.625203 0.135124 0.0404857 0.190747 
Latency(us)/Energy(mJ): 978 4.79112 1.13321 0.297643 1.44038 
Latency(us)/Energy(mJ): 93 0.673109 0.169336 0.0398208 0.203409 
Latency(us)/Energy(mJ): 1299 7.11273 1.92142 0.39029 2.15472 
Latency(us)/Energy(mJ): 92 0.740295 0.20964 0.0380823 0.224495 
Latency(us)/Energy(mJ): 753 4.43874 1.26923 0.222247 1.35389 
Latency(us)/Energy(mJ): 85 0.532349 0.156148 0.0260104 0.16152 
Latency(us)/Energy(mJ): 103 0.779617 0.229424 0.0382165 0.237318 
Latency(us)/Energy(mJ): 1347 8.02672 2.2468 0.405693 2.4672 
Latency(us)/Energy(mJ): 93 0.761128 0.209237 0.0380091 0.241514 
Latency(us)/Energy(mJ): 2 0 0 0 0 
Latency(us)/Energy(mJ): 4945 36.4037 9.57065 1.50733 12.4276 
Latency(us)/Energy(mJ): 96 0.71142 0.181817 0.025986 0.254322 
Latency(us)/Energy(mJ): 1 0 0 0 0 
Latency(us)/Energy(mJ): 2141 18.4789 4.72522 0.648594 6.66511 
Latency(us)/Energy(mJ): 112 1.16868 0.297598 0.039593 0.425288 
0.5948 - "n02085620 Chihuahua"
0.0656 - "n02110806 basenji"
0.0383 - "n02113023 Pembroke, Pembroke Welsh corgi"
0.0311 - "n02091244 Ibizan hound, Ibizan Podenco"
0.0298 - "n02389026 sorrel"
