loading weight: /home/nvidia/caffe-build/models/bvlc_alexnet/bvlc_alexnet.caffemodel
loading prototxt: /home/nvidia/caffe-build/models/bvlc_alexnet/deploy.prototxt
---------- Prediction for /home/nvidia/Downloads/ILSVRC2012_img_train_t3/n02085620/n02085620_1152.JPEG ----------
Latency(us)/Energy(mJ): 0 0 0 0 0 
Latency(us)/Energy(mJ): 347 0.899092 0.031011 0.155753 0.312763 
Latency(us)/Energy(mJ): 26 0.121082 0.00415264 0.0208452 0.0418816 
Latency(us)/Energy(mJ): 149 0.640483 0.0294681 0.109796 0.220599 
Latency(us)/Energy(mJ): 112 0.53045 0.0270861 0.0902476 0.181323 
Latency(us)/Energy(mJ): 2261 10.6264 0.948389 1.57204 3.50543 
Latency(us)/Energy(mJ): 25 0.133833 0.0146209 0.0188101 0.0434794 
Latency(us)/Energy(mJ): 143 0.751794 0.0896886 0.105276 0.243345 
Latency(us)/Energy(mJ): 90 0.35615 0.044103 0.0496701 0.114812 
Latency(us)/Energy(mJ): 2864 14.5577 2.2166 1.96269 4.50588 
Latency(us)/Energy(mJ): 33 0.236277 0.0413666 0.0310249 0.0717141 
Latency(us)/Energy(mJ): 2235 12.337 2.25364 1.54543 3.78849 
Latency(us)/Energy(mJ): 36 0 0 0 0 
Latency(us)/Energy(mJ): 1657 9.85533 1.96613 1.16393 3.06736 
Latency(us)/Energy(mJ): 32 0.160824 0.0331868 0.0186727 0.0504461 
Latency(us)/Energy(mJ): 49 0.267685 0.055238 0.0310799 0.0839654 
Latency(us)/Energy(mJ): 1963 11.8348 2.36998 1.35845 3.7397 
Latency(us)/Energy(mJ): 31 0 0 0 0 
Latency(us)/Energy(mJ): 0 0 0 0 0 
Latency(us)/Energy(mJ): 7634 53.0981 9.90013 4.98455 18.6164 
Latency(us)/Energy(mJ): 32 0 0 0 0 
Latency(us)/Energy(mJ): 0 0 0 0 0 
Latency(us)/Energy(mJ): 3375 26.6106 4.72575 2.07934 9.88277 
Latency(us)/Energy(mJ): 39 0.253031 0.0435473 0.0193614 0.095347 
0.5948 - "n02085620 Chihuahua"
0.0656 - "n02110806 basenji"
0.0383 - "n02113023 Pembroke, Pembroke Welsh corgi"
0.0311 - "n02091244 Ibizan hound, Ibizan Podenco"
0.0298 - "n02389026 sorrel"
