loading weight: /home/nvidia/caffe-build/models/bvlc_alexnet/bvlc_alexnet.caffemodel
loading prototxt: /home/nvidia/caffe-build/models/bvlc_alexnet/deploy.prototxt
---------- Prediction for /home/nvidia/Downloads/ILSVRC2012_img_train_t3/n02085620/n02085620_1152.JPEG ----------
Latency(us)/Energy(mJ): 0 0 0 0 0 
Latency(us)/Energy(mJ): 542813 1811.22 124.269 165.511 614.344 
Latency(us)/Energy(mJ): 3457 11.565 0.794799 1.05858 3.92194 
Latency(us)/Energy(mJ): 547517 1820.24 125.357 166.96 618.574 
Latency(us)/Energy(mJ): 38007 126.373 8.70359 11.5921 42.9479 
Latency(us)/Energy(mJ): 1110114 3716.65 254.155 338.504 1254.13 
Latency(us)/Energy(mJ): 2205 7.26399 0.500287 0.666321 2.46867 
Latency(us)/Energy(mJ): 2101467 6906.31 481.13 640.806 2334.31 
Latency(us)/Energy(mJ): 18986 62.3404 4.34315 5.78455 21.0709 
Latency(us)/Energy(mJ): 644177 2165.4 147.489 196.438 727.723 
Latency(us)/Energy(mJ): 662 2.1616 0.147192 0.196042 0.726319 
Latency(us)/Energy(mJ): 491295 1651.84 112.48 149.81 555.033 
Latency(us)/Energy(mJ): 662 2.29928 0.156567 0.208529 0.772581 
Latency(us)/Energy(mJ): 324409 1090.72 74.2713 98.9203 366.492 
Latency(us)/Energy(mJ): 442 1.5642 0.106512 0.141862 0.525586 
Latency(us)/Energy(mJ): 4146 13.7629 0.94288 1.2558 4.65264 
Latency(us)/Energy(mJ): 549837 1949.66 125.886 167.665 663.299 
Latency(us)/Energy(mJ): 44 0.164124 0.0105752 0.0140849 0.0557393 
Latency(us)/Energy(mJ): 3 0 0 0 0 
Latency(us)/Energy(mJ): 248700 880.861 56.9394 75.8363 300.113 
Latency(us)/Energy(mJ): 43 0.16654 0.0107309 0.0142923 0.05656 
Latency(us)/Energy(mJ): 6 0.142231 0.00916458 0.0122061 0.0483041 
Latency(us)/Energy(mJ): 60001 213.017 13.7312 18.2883 72.4651 
Latency(us)/Energy(mJ): 443 1.64848 0.106847 0.142307 0.563162 
0.5948 - "n02085620 Chihuahua"
0.0656 - "n02110806 basenji"
0.0383 - "n02113023 Pembroke, Pembroke Welsh corgi"
0.0311 - "n02091244 Ibizan hound, Ibizan Podenco"
0.0298 - "n02389026 sorrel"
