loading weight: /home/nvidia/caffe-build/models/bvlc_alexnet/bvlc_alexnet.caffemodel
loading prototxt: /home/nvidia/caffe-build/models/bvlc_alexnet/deploy.prototxt
---------- Prediction for /home/nvidia/Downloads/ILSVRC2012_img_train_t3/n02085620/n02085620_1152.JPEG ----------
Latency(us)/Energy(mJ): 0 0 0 0 0 
Latency(us)/Energy(mJ): 375 1.0727 0.0567004 0.151284 0.374866 
Latency(us)/Energy(mJ): 33 0.32265 0.022204 0.0444808 0.110219 
Latency(us)/Energy(mJ): 162 0.65084 0.057251 0.0884484 0.22105 
Latency(us)/Energy(mJ): 124 0.673565 0.072477 0.0892671 0.223971 
Latency(us)/Energy(mJ): 951 4.66779 0.724771 0.575623 1.49041 
Latency(us)/Energy(mJ): 32 0.224453 0.0425568 0.0262119 0.0697554 
Latency(us)/Energy(mJ): 119 0.540365 0.107014 0.062445 0.166372 
Latency(us)/Energy(mJ): 104 0.622121 0.127238 0.0707966 0.188714 
Latency(us)/Energy(mJ): 1091 6.1374 1.48464 0.659739 1.78534 
Latency(us)/Energy(mJ): 28 0.163901 0.0422702 0.016897 0.0471731 
Latency(us)/Energy(mJ): 1083 6.85948 1.94187 0.660569 1.96352 
Latency(us)/Energy(mJ): 48 0.490239 0.149978 0.0444324 0.139343 
Latency(us)/Energy(mJ): 723 5.06207 1.58173 0.441652 1.42848 
Latency(us)/Energy(mJ): 37 0 0 0 0 
Latency(us)/Energy(mJ): 46 0.524745 0.166402 0.0443836 0.147557 
Latency(us)/Energy(mJ): 1841 12.8058 3.99316 1.10541 3.64691 
Latency(us)/Energy(mJ): 36 0.508235 0.150678 0.0446398 0.148935 
Latency(us)/Energy(mJ): 0 0 0 0 0 
Latency(us)/Energy(mJ): 4750 38.9078 11.4439 2.81927 12.2629 
Latency(us)/Energy(mJ): 39 0.419278 0.124651 0.0242302 0.137426 
Latency(us)/Energy(mJ): 0 0 0 0 0 
Latency(us)/Energy(mJ): 2042 19.5618 5.72677 1.08825 6.50762 
Latency(us)/Energy(mJ): 51 0.432231 0.126236 0.0232495 0.145211 
0.5948 - "n02085620 Chihuahua"
0.0656 - "n02110806 basenji"
0.0383 - "n02113023 Pembroke, Pembroke Welsh corgi"
0.0311 - "n02091244 Ibizan hound, Ibizan Podenco"
0.0298 - "n02389026 sorrel"
