loading weight: /home/nvidia/caffe-build/models/bvlc_alexnet/bvlc_alexnet.caffemodel
loading prototxt: /home/nvidia/caffe-build/models/bvlc_alexnet/deploy.prototxt
---------- Prediction for /home/nvidia/Downloads/ILSVRC2012_img_train_t3/n02085620/n02085620_1152.JPEG ----------
Latency(us)/Energy(mJ): 2 0 0 0 0 
Latency(us)/Energy(mJ): 790 3.18125 0.188142 0.532768 1.00404 
Latency(us)/Energy(mJ): 85 0.433153 0.0439358 0.0690985 0.132967 
Latency(us)/Energy(mJ): 204 0.838768 0.0910032 0.131327 0.254103 
Latency(us)/Energy(mJ): 153 0.777083 0.0982409 0.119167 0.233136 
Latency(us)/Energy(mJ): 1144 5.42291 0.849536 0.779195 1.5956 
Latency(us)/Energy(mJ): 88 0.509488 0.0997158 0.0690572 0.144447 
Latency(us)/Energy(mJ): 137 0.736097 0.148341 0.0989143 0.206899 
Latency(us)/Energy(mJ): 165 0.757327 0.156312 0.100549 0.210319 
Latency(us)/Energy(mJ): 843 4.68121 1.03425 0.599545 1.29764 
Latency(us)/Energy(mJ): 98 0.413755 0.0956408 0.0506594 0.114972 
Latency(us)/Energy(mJ): 1349 8.22287 2.06379 0.937576 2.30471 
Latency(us)/Energy(mJ): 93 0.647554 0.1743 0.0689979 0.182225 
Latency(us)/Energy(mJ): 750 5.04741 1.37621 0.529606 1.42382 
Latency(us)/Energy(mJ): 87 0.67154 0.184025 0.0689842 0.189077 
Latency(us)/Energy(mJ): 105 0.488533 0.134176 0.0502975 0.137475 
Latency(us)/Energy(mJ): 1230 8.03506 2.13496 0.848788 2.28844 
Latency(us)/Energy(mJ): 99 0.963219 0.24529 0.100279 0.282946 
Latency(us)/Energy(mJ): 5 0 0 0 0 
Latency(us)/Energy(mJ): 4889 38.1474 9.55693 3.34339 12.2715 
Latency(us)/Energy(mJ): 97 1.04067 0.256009 0.081195 0.353305 
Latency(us)/Energy(mJ): 2 0 0 0 0 
Latency(us)/Energy(mJ): 2071 18.8608 4.62909 1.41621 6.48442 
Latency(us)/Energy(mJ): 107 1.11224 0.269996 0.0810578 0.38662 
0.5948 - "n02085620 Chihuahua"
0.0656 - "n02110806 basenji"
0.0383 - "n02113023 Pembroke, Pembroke Welsh corgi"
0.0311 - "n02091244 Ibizan hound, Ibizan Podenco"
0.0298 - "n02389026 sorrel"
