loading weight: /home/nvidia/caffe-build/models/bvlc_alexnet/bvlc_alexnet.caffemodel
loading prototxt: /home/nvidia/caffe-build/models/bvlc_alexnet/deploy.prototxt
---------- Prediction for /home/nvidia/Downloads/ILSVRC2012_img_train_t3/n02085620/n02085620_1152.JPEG ----------
Latency(us)/Energy(mJ): 0 0 0 0 0 
Latency(us)/Energy(mJ): 289 1.2811 0.044794 0.332115 0.375056 
Latency(us)/Energy(mJ): 24 0.133767 0.00641658 0.0342404 0.0386676 
Latency(us)/Energy(mJ): 65 0.354078 0.0169323 0.0903547 0.103442 
Latency(us)/Energy(mJ): 59 0.216059 0.0102821 0.0548678 0.0628151 
Latency(us)/Energy(mJ): 1364 7.1101 0.686012 1.69619 2.00136 
Latency(us)/Energy(mJ): 23 0.149595 0.0190849 0.0339194 0.0415311 
Latency(us)/Energy(mJ): 50 0.24512 0.0310524 0.0551892 0.067574 
Latency(us)/Energy(mJ): 48 0.150651 0.0190849 0.0339194 0.0415311 
Latency(us)/Energy(mJ): 1570 8.95992 1.48708 1.92163 2.38499 
Latency(us)/Energy(mJ): 31 0.16412 0.0315286 0.0336508 0.0432968 
Latency(us)/Energy(mJ): 1329 8.51422 1.75785 1.63351 2.27327 
Latency(us)/Energy(mJ): 42 0.182056 0.0399634 0.0315515 0.0490648 
Latency(us)/Energy(mJ): 849 5.92997 1.35554 0.998392 1.60809 
Latency(us)/Energy(mJ): 36 0 0 0 0 
Latency(us)/Energy(mJ): 49 0.508083 0.118655 0.0832374 0.138331 
Latency(us)/Energy(mJ): 752 5.471 1.29615 0.883671 1.50203 
Latency(us)/Energy(mJ): 30 0.197715 0.0462457 0.0315286 0.055368 
Latency(us)/Energy(mJ): 1 0 0 0 0 
Latency(us)/Energy(mJ): 5121 42.269 9.68228 5.83627 13.1032 
Latency(us)/Energy(mJ): 31 0.41468 0.0932644 0.0483778 0.137063 
Latency(us)/Energy(mJ): 0 0 0 0 0 
Latency(us)/Energy(mJ): 2246 20.9373 4.66639 2.37279 7.01805 
Latency(us)/Energy(mJ): 38 0.707308 0.155624 0.0777754 0.240111 
0.5948 - "n02085620 Chihuahua"
0.0656 - "n02110806 basenji"
0.0383 - "n02113023 Pembroke, Pembroke Welsh corgi"
0.0311 - "n02091244 Ibizan hound, Ibizan Podenco"
0.0298 - "n02389026 sorrel"
