loading weight: /home/nvidia/caffe-build/models/bvlc_alexnet/bvlc_alexnet.caffemodel
loading prototxt: /home/nvidia/caffe-build/models/bvlc_alexnet/deploy.prototxt
---------- Prediction for /home/nvidia/Downloads/ILSVRC2012_img_train_t3/n02085620/n02085620_1152.JPEG ----------
Latency(us)/Energy(mJ): 0 0 0 0 0 
Latency(us)/Energy(mJ): 249 1.17819 0.0418683 0.360355 0.329869 
Latency(us)/Energy(mJ): 19 0.239709 0.0103416 0.0723915 0.066611 
Latency(us)/Energy(mJ): 57 0.146908 0.0083814 0.0440504 0.040533 
Latency(us)/Energy(mJ): 45 0.39037 0.0222101 0.11673 0.107409 
Latency(us)/Energy(mJ): 1150 6.50004 0.693819 1.79945 1.73645 
Latency(us)/Energy(mJ): 17 0.166605 0.0233242 0.0424506 0.0436738 
Latency(us)/Energy(mJ): 41 0.273566 0.038057 0.0692647 0.0712606 
Latency(us)/Energy(mJ): 36 0.168868 0.023492 0.042756 0.04452 
Latency(us)/Energy(mJ): 1321 8.36722 1.51886 2.00293 2.1151 
Latency(us)/Energy(mJ): 21 0.300348 0.0621145 0.0690362 0.0754151 
Latency(us)/Energy(mJ): 1105 7.69666 1.73865 1.63833 1.94178 
Latency(us)/Energy(mJ): 34 0.204341 0.0486633 0.0402242 0.0515226 
Latency(us)/Energy(mJ): 754 5.88754 1.48893 1.12248 1.49488 
Latency(us)/Energy(mJ): 32 0.217055 0.0571301 0.0402242 0.0552424 
Latency(us)/Energy(mJ): 41 0.354979 0.0929804 0.0654206 0.0899082 
Latency(us)/Energy(mJ): 659 5.21517 1.37981 0.951046 1.33872 
Latency(us)/Energy(mJ): 27 0.223252 0.0592249 0.0401675 0.058365 
Latency(us)/Energy(mJ): 0 0 0 0 0 
Latency(us)/Energy(mJ): 4781 43.9521 11.3925 6.63774 12.6717 
Latency(us)/Energy(mJ): 25 0.279833 0.0717671 0.0380041 0.0853776 
Latency(us)/Energy(mJ): 0 0 0 0 0 
Latency(us)/Energy(mJ): 2133 21.9412 5.57501 2.76807 6.82225 
Latency(us)/Energy(mJ): 32 0.47996 0.120306 0.058437 0.151196 
0.5948 - "n02085620 Chihuahua"
0.0656 - "n02110806 basenji"
0.0383 - "n02113023 Pembroke, Pembroke Welsh corgi"
0.0311 - "n02091244 Ibizan hound, Ibizan Podenco"
0.0298 - "n02389026 sorrel"
