loading weight: /home/nvidia/caffe-build/models/bvlc_alexnet/bvlc_alexnet.caffemodel
loading prototxt: /home/nvidia/caffe-build/models/bvlc_alexnet/deploy.prototxt
---------- Prediction for /home/nvidia/Downloads/ILSVRC2012_img_train_t3/n02085620/n02085620_1152.JPEG ----------
Latency(us)/Energy(mJ): 0 0 0 0 0 
Latency(us)/Energy(mJ): 316 1.23303 0.0470653 0.141815 0.450836 
Latency(us)/Energy(mJ): 35 0 0 0 0 
Latency(us)/Energy(mJ): 63 0.298499 0.0170422 0.0340844 0.108356 
Latency(us)/Energy(mJ): 60 0.302911 0.0172941 0.0345882 0.109957 
Latency(us)/Energy(mJ): 2377 10.2265 0.990935 1.08359 3.55226 
Latency(us)/Energy(mJ): 34 0 0 0 0 
Latency(us)/Energy(mJ): 56 0.339362 0.0459961 0.0286817 0.113974 
Latency(us)/Energy(mJ): 57 0.338821 0.0459228 0.028636 0.113792 
Latency(us)/Energy(mJ): 2947 13.9271 2.32273 1.12595 4.48792 
Latency(us)/Energy(mJ): 34 0.146444 0.0274434 0.0114148 0.0464979 
Latency(us)/Energy(mJ): 2237 11.526 2.26307 0.853836 3.67833 
Latency(us)/Energy(mJ): 42 0.243725 0.0518227 0.0172441 0.0779377 
Latency(us)/Energy(mJ): 1632 8.79676 1.88173 0.609105 2.82407 
Latency(us)/Energy(mJ): 44 0.421611 0.0917459 0.0286283 0.135102 
Latency(us)/Energy(mJ): 50 0.253168 0.0550915 0.0171907 0.081983 
Latency(us)/Energy(mJ): 1326 7.43204 1.61588 0.496077 2.40719 
Latency(us)/Energy(mJ): 39 0.438283 0.0922343 0.0287807 0.144508 
Latency(us)/Energy(mJ): 0 0 0 0 0 
Latency(us)/Energy(mJ): 7607 51.3792 10.2695 2.89754 18.6358 
Latency(us)/Energy(mJ): 32 0.226705 0.0420381 0.0116738 0.0861597 
Latency(us)/Energy(mJ): 0 0 0 0 0 
Latency(us)/Energy(mJ): 3365 25.5712 4.84035 1.27662 9.82615 
Latency(us)/Energy(mJ): 40 0.234052 0.0435558 0.0114605 0.0909318 
0.5948 - "n02085620 Chihuahua"
0.0656 - "n02110806 basenji"
0.0383 - "n02113023 Pembroke, Pembroke Welsh corgi"
0.0311 - "n02091244 Ibizan hound, Ibizan Podenco"
0.0298 - "n02389026 sorrel"
