loading weight: /home/nvidia/caffe-build/models/bvlc_alexnet/bvlc_alexnet.caffemodel
loading prototxt: /home/nvidia/caffe-build/models/bvlc_alexnet/deploy.prototxt
---------- Prediction for /home/nvidia/caffe-build/examples/images/cat.jpg ----------
Latency(us)/Energy(mJ): 0 0 0 0 0 
Latency(us)/Energy(mJ): 2189 10.7567 0.445021 3.69296 3.07268 
Latency(us)/Energy(mJ): 19 0.540175 0.0390525 0.17999 0.153237 
Latency(us)/Energy(mJ): 170 0.601396 0.0431673 0.198955 0.169383 
Latency(us)/Energy(mJ): 79 0.543805 0.0390334 0.179902 0.155109 
Latency(us)/Energy(mJ): 2404 13.2091 1.21899 4.05598 3.70741 
Latency(us)/Energy(mJ): 18 0 0 0 0 
Latency(us)/Energy(mJ): 136 1.22909 0.14725 0.360397 0.341294 
Latency(us)/Energy(mJ): 60 0 0 0 0 
Latency(us)/Energy(mJ): 1874 10.7284 1.41464 3.09591 2.96211 
Latency(us)/Energy(mJ): 22 0.686372 0.10614 0.194764 0.18676 
Latency(us)/Energy(mJ): 1487 8.47747 1.34418 2.37369 2.28042 
Latency(us)/Energy(mJ): 18 0.627231 0.102523 0.173525 0.168357 
Latency(us)/Energy(mJ): 1068 6.59331 1.15968 1.802 1.75502 
Latency(us)/Energy(mJ): 16 0 0 0 0 
Latency(us)/Energy(mJ): 29 0 0 0 0 
Latency(us)/Energy(mJ): 1244 7.98554 1.41631 2.07706 2.1291 
Latency(us)/Energy(mJ): 19 0 0 0 0 
Latency(us)/Energy(mJ): 1 0 0 0 0 
Latency(us)/Energy(mJ): 5006 34.3616 6.48573 7.99907 9.85219 
Latency(us)/Energy(mJ): 18 0 0 0 0 
Latency(us)/Energy(mJ): 0 0 0 0 0 
Latency(us)/Energy(mJ): 2186 16.54 3.28949 3.30681 5.008 
Latency(us)/Energy(mJ): 128 0.846199 0.172428 0.164243 0.259665 
0.3094 - "n02124075 Egyptian cat"
0.1761 - "n02123159 tiger cat"
0.1221 - "n02123045 tabby, tabby cat"
0.1132 - "n02119022 red fox, Vulpes vulpes"
0.0421 - "n02085620 Chihuahua"
