loading weight: /home/nvidia/caffe-build/models/bvlc_alexnet/bvlc_alexnet.caffemodel
loading prototxt: /home/nvidia/caffe-build/models/bvlc_alexnet/deploy.prototxt
---------- Prediction for /home/nvidia/Downloads/ILSVRC2012_img_train_t3/n02085620/n02085620_1152.JPEG ----------
Latency(us)/Energy(mJ): 0 0 0 0 0 
Latency(us)/Energy(mJ): 432 1.76208 0.0651654 0.228936 0.632362 
Latency(us)/Energy(mJ): 30 0.122625 0.00451744 0.0158705 0.043837 
Latency(us)/Energy(mJ): 62 0.187816 0.00691904 0.0243077 0.067142 
Latency(us)/Energy(mJ): 60 0.311265 0.0114669 0.040285 0.111274 
Latency(us)/Energy(mJ): 6826 29.1401 2.45936 3.64225 9.79518 
Latency(us)/Energy(mJ): 30 0.131263 0.013685 0.0159559 0.0429376 
Latency(us)/Energy(mJ): 52 0.1983 0.0206741 0.0241048 0.0648662 
Latency(us)/Energy(mJ): 53 0.332577 0.0343683 0.0400714 0.107832 
Latency(us)/Energy(mJ): 8852 39.1979 5.07416 4.7184 12.2599 
Latency(us)/Energy(mJ): 32 0.200971 0.0274706 0.0240086 0.0620448 
Latency(us)/Energy(mJ): 6211 28.7377 4.06762 3.3162 9.09335 
Latency(us)/Energy(mJ): 36 0.137789 0.0199917 0.0155394 0.0439701 
Latency(us)/Energy(mJ): 4751 22.6583 3.24921 2.52559 7.31344 
Latency(us)/Energy(mJ): 39 0.357435 0.0510304 0.0396655 0.116694 
Latency(us)/Energy(mJ): 45 0.217695 0.0310799 0.0241582 0.071072 
Latency(us)/Energy(mJ): 4353 20.935 2.96792 2.30694 6.83291 
Latency(us)/Energy(mJ): 33 0.22084 0.0310387 0.0241261 0.0734627 
Latency(us)/Energy(mJ): 0 0 0 0 0 
Latency(us)/Energy(mJ): 21553 119.577 14.8072 11.5182 43.5563 
Latency(us)/Energy(mJ): 33 0 0 0 0 
Latency(us)/Energy(mJ): 0 0 0 0 0 
Latency(us)/Energy(mJ): 9546 55.6715 6.5518 5.10623 21.2046 
Latency(us)/Energy(mJ): 43 0.267612 0.0277672 0.0243077 0.101874 
0.5948 - "n02085620 Chihuahua"
0.0656 - "n02110806 basenji"
0.0383 - "n02113023 Pembroke, Pembroke Welsh corgi"
0.0311 - "n02091244 Ibizan hound, Ibizan Podenco"
0.0298 - "n02389026 sorrel"
