loading weight: /home/nvidia/caffe-build/models/bvlc_alexnet/bvlc_alexnet.caffemodel
loading prototxt: /home/nvidia/caffe-build/models/bvlc_alexnet/deploy.prototxt
---------- Prediction for /home/nvidia/Downloads/ILSVRC2012_img_train_t3/n02085620/n02085620_1152.JPEG ----------
Latency(us)/Energy(mJ): 0 0 0 0 0 
Latency(us)/Energy(mJ): 541164 1780.32 123.891 123.891 612.432 
Latency(us)/Energy(mJ): 3442 11.3867 0.793293 0.793293 3.9145 
Latency(us)/Energy(mJ): 545849 1790.53 124.965 124.965 616.64 
Latency(us)/Energy(mJ): 37979 124.885 8.70057 8.70057 42.9329 
Latency(us)/Energy(mJ): 1101817 3622.47 252.257 252.257 1244.84 
Latency(us)/Energy(mJ): 2194 7.16395 0.499101 0.499101 2.46281 
Latency(us)/Energy(mJ): 2104486 6808.49 481.817 481.817 2337.64 
Latency(us)/Energy(mJ): 19433 63.1937 4.45422 4.45422 21.6098 
Latency(us)/Energy(mJ): 741444 2436.42 169.757 169.757 837.651 
Latency(us)/Energy(mJ): 765 2.54394 0.177232 0.177232 0.874552 
Latency(us)/Energy(mJ): 565697 1858.94 129.51 129.51 639.065 
Latency(us)/Energy(mJ): 762 2.51962 0.175538 0.175538 0.86619 
Latency(us)/Energy(mJ): 374415 1230.38 85.7188 85.7188 422.979 
Latency(us)/Energy(mJ): 510 1.68176 0.117166 0.117166 0.578153 
Latency(us)/Energy(mJ): 4758 15.6645 1.09493 1.09493 5.40291 
Latency(us)/Energy(mJ): 616952 2120.64 141.249 141.249 743.716 
Latency(us)/Energy(mJ): 50 0.139595 0.00929282 0.00929282 0.0489801 
Latency(us)/Energy(mJ): 4 0 0 0 0 
Latency(us)/Energy(mJ): 274888 945.478 62.9403 62.9403 331.742 
Latency(us)/Energy(mJ): 50 0.155626 0.01036 0.01036 0.0546047 
Latency(us)/Energy(mJ): 7 0.139114 0.00926076 0.00926076 0.0488111 
Latency(us)/Energy(mJ): 68412 235.223 15.6587 15.6587 82.533 
Latency(us)/Energy(mJ): 524 1.76761 0.117669 0.117669 0.616193 
0.5948 - "n02085620 Chihuahua"
0.0656 - "n02110806 basenji"
0.0383 - "n02113023 Pembroke, Pembroke Welsh corgi"
0.0311 - "n02091244 Ibizan hound, Ibizan Podenco"
0.0298 - "n02389026 sorrel"
