loading weight: /home/nvidia/caffe-build/models/bvlc_alexnet/bvlc_alexnet.caffemodel
loading prototxt: /home/nvidia/caffe-build/models/bvlc_alexnet/deploy.prototxt
---------- Prediction for /home/nvidia/Downloads/ILSVRC2012_img_train_t3/n02085620/n02085620_1152.JPEG ----------
Latency(us)/Energy(mJ): 0 0 0 0 0 
Latency(us)/Energy(mJ): 243 1.13997 0.0337714 0.339269 0.324369 
Latency(us)/Energy(mJ): 19 0.18044 0.00795546 0.053048 0.0512415 
Latency(us)/Energy(mJ): 49 0.238612 0.0105203 0.0701504 0.0677615 
Latency(us)/Energy(mJ): 46 0.180647 0.00796462 0.0531091 0.0513005 
Latency(us)/Energy(mJ): 1512 8.39742 0.683781 2.32467 2.31407 
Latency(us)/Energy(mJ): 18 0 0 0 0 
Latency(us)/Energy(mJ): 40 0.258576 0.0277306 0.065917 0.070463 
Latency(us)/Energy(mJ): 38 0.207271 0.0222284 0.052838 0.056482 
Latency(us)/Energy(mJ): 1827 10.828 1.57198 2.64755 2.85018 
Latency(us)/Energy(mJ): 23 0.217568 0.0351168 0.05133 0.0568878 
Latency(us)/Energy(mJ): 1416 9.14373 1.65968 1.98911 2.43563 
Latency(us)/Energy(mJ): 34 0.237209 0.0457747 0.0484944 0.0641764 
Latency(us)/Energy(mJ): 999 6.69709 1.35325 1.3384 1.81879 
Latency(us)/Energy(mJ): 30 0.323809 0.0668279 0.0633228 0.0882276 
Latency(us)/Energy(mJ): 38 0.247982 0.0511787 0.0484944 0.0682382 
Latency(us)/Energy(mJ): 789 5.78958 1.22834 1.11147 1.59857 
Latency(us)/Energy(mJ): 24 0 0 0 0 
Latency(us)/Energy(mJ): 1 0 0 0 0 
Latency(us)/Energy(mJ): 5433 45.2263 9.29372 7.11209 14.1134 
Latency(us)/Energy(mJ): 23 0 0 0 0 
Latency(us)/Energy(mJ): 0 0 0 0 0 
Latency(us)/Energy(mJ): 2395 22.6568 4.54159 2.96684 7.64829 
Latency(us)/Energy(mJ): 32 0 0 0 0 
0.5948 - "n02085620 Chihuahua"
0.0656 - "n02110806 basenji"
0.0383 - "n02113023 Pembroke, Pembroke Welsh corgi"
0.0311 - "n02091244 Ibizan hound, Ibizan Podenco"
0.0298 - "n02389026 sorrel"
