loading weight: /home/nvidia/caffe-build/models/bvlc_alexnet/bvlc_alexnet.caffemodel
loading prototxt: /home/nvidia/caffe-build/models/bvlc_alexnet/deploy.prototxt
---------- Prediction for /home/nvidia/Downloads/ILSVRC2012_img_train_t3/n02085620/n02085620_1152.JPEG ----------
Latency(us)/Energy(mJ): 0 0 0 0 0 
Latency(us)/Energy(mJ): 240 1.1924 0.0499954 0.363429 0.331378 
Latency(us)/Energy(mJ): 19 0 0 0 0 
Latency(us)/Energy(mJ): 52 0.39231 0.0223199 0.117308 0.107941 
Latency(us)/Energy(mJ): 47 0.24512 0.013786 0.0724556 0.06667 
Latency(us)/Energy(mJ): 1025 5.96321 0.701614 1.63914 1.5597 
Latency(us)/Energy(mJ): 18 0.172781 0.0277165 0.0447599 0.0438937 
Latency(us)/Energy(mJ): 41 0.281359 0.0448582 0.0724424 0.0710406 
Latency(us)/Energy(mJ): 37 0.173967 0.0277363 0.0447919 0.0439252 
Latency(us)/Energy(mJ): 1142 7.5693 1.5732 1.76521 1.81977 
Latency(us)/Energy(mJ): 22 0.188904 0.0435744 0.04148 0.044744 
Latency(us)/Energy(mJ): 1035 7.58503 1.95157 1.56062 1.80295 
Latency(us)/Energy(mJ): 33 0.353575 0.0965447 0.0689605 0.0847875 
Latency(us)/Energy(mJ): 658 5.53579 1.59932 1.03866 1.32464 
Latency(us)/Energy(mJ): 31 0 0 0 0 
Latency(us)/Energy(mJ): 37 0.377253 0.113628 0.0654206 0.0899082 
Latency(us)/Energy(mJ): 676 5.7771 1.74223 0.990287 1.3925 
Latency(us)/Energy(mJ): 29 0.386008 0.113678 0.0654496 0.094242 
Latency(us)/Energy(mJ): 1 0 0 0 0 
Latency(us)/Energy(mJ): 4630 45.1154 13.3709 6.51334 12.2406 
Latency(us)/Energy(mJ): 25 0 0 0 0 
Latency(us)/Energy(mJ): 0 0 0 0 0 
Latency(us)/Energy(mJ): 2060 23.0804 6.77835 2.86374 6.77871 
Latency(us)/Energy(mJ): 38 0.307605 0.0910928 0.037264 0.0921264 
0.5948 - "n02085620 Chihuahua"
0.0656 - "n02110806 basenji"
0.0383 - "n02113023 Pembroke, Pembroke Welsh corgi"
0.0311 - "n02091244 Ibizan hound, Ibizan Podenco"
0.0298 - "n02389026 sorrel"
