loading weight: /home/nvidia/caffe-build/models/bvlc_alexnet/bvlc_alexnet.caffemodel
loading prototxt: /home/nvidia/caffe-build/models/bvlc_alexnet/deploy.prototxt
---------- Prediction for /home/nvidia/Downloads/ILSVRC2012_img_train_t3/n02085620/n02085620_1152.JPEG ----------
Latency(us)/Energy(mJ): 0 0 0 0 0 
Latency(us)/Energy(mJ): 839 2.95676 0.127045 0.254925 1.07319 
Latency(us)/Energy(mJ): 91 0.307776 0.0130203 0.0261263 0.109987 
Latency(us)/Energy(mJ): 171 0.621302 0.0328596 0.0527406 0.222029 
Latency(us)/Energy(mJ): 168 0.628631 0.0400658 0.0533628 0.224649 
Latency(us)/Energy(mJ): 6772 25.9315 2.54023 2.06676 8.87376 
Latency(us)/Energy(mJ): 87 0.348556 0.0398002 0.0265045 0.116533 
Latency(us)/Energy(mJ): 141 0.51397 0.0586881 0.0390827 0.171836 
Latency(us)/Energy(mJ): 152 0.695187 0.0793806 0.0528626 0.232422 
Latency(us)/Energy(mJ): 8442 34.4755 4.88707 2.57344 11.2468 
Latency(us)/Energy(mJ): 96 0.361935 0.0531081 0.0265106 0.118211 
Latency(us)/Energy(mJ): 6365 27.609 4.1366 1.94272 9.19729 
Latency(us)/Energy(mJ): 101 0.386559 0.0599201 0.0266021 0.131191 
Latency(us)/Energy(mJ): 4691 21.1648 3.22248 1.43065 7.19715 
Latency(us)/Energy(mJ): 104 0.581161 0.0878261 0.0389912 0.198408 
Latency(us)/Energy(mJ): 122 0.584161 0.0882795 0.0391925 0.199432 
Latency(us)/Energy(mJ): 3887 17.7647 2.6666 1.18386 6.10511 
Latency(us)/Energy(mJ): 93 0.397868 0.0591507 0.0262605 0.139999 
Latency(us)/Energy(mJ): 2 0 0 0 0 
Latency(us)/Energy(mJ): 21491 113.396 14.7679 6.56063 43.2513 
Latency(us)/Energy(mJ): 96 0.468955 0.0585874 0.0260104 0.184375 
Latency(us)/Energy(mJ): 1 0 0 0 0 
Latency(us)/Energy(mJ): 9484 52.9621 6.10656 2.9015 20.9088 
Latency(us)/Energy(mJ): 114 0.482399 0.0528016 0.0264008 0.192077 
0.5948 - "n02085620 Chihuahua"
0.0656 - "n02110806 basenji"
0.0383 - "n02113023 Pembroke, Pembroke Welsh corgi"
0.0311 - "n02091244 Ibizan hound, Ibizan Podenco"
0.0298 - "n02389026 sorrel"
