loading weight: /home/nvidia/caffe-build/models/bvlc_alexnet/bvlc_alexnet.caffemodel
loading prototxt: /home/nvidia/caffe-build/models/bvlc_alexnet/deploy.prototxt
---------- Prediction for /home/nvidia/Downloads/ILSVRC2012_img_train_t3/n02085620/n02085620_1152.JPEG ----------
Latency(us)/Energy(mJ): 0 0 0 0 0 
Latency(us)/Energy(mJ): 138017 522.87 32.1457 84.6378 162.363 
Latency(us)/Energy(mJ): 885 3.39978 0.207946 0.554825 1.04427 
Latency(us)/Energy(mJ): 135105 496.143 30.9321 81.4433 155.336 
Latency(us)/Energy(mJ): 9987 36.6464 2.28775 5.36048 11.4887 
Latency(us)/Energy(mJ): 288233 1086.81 65.9884 176.037 336.827 
Latency(us)/Energy(mJ): 547 2.07329 0.125538 0.33495 0.640846 
Latency(us)/Energy(mJ): 518924 1865.49 118.795 316.96 576.813 
Latency(us)/Energy(mJ): 4826 17.4539 1.11242 2.96808 5.39695 
Latency(us)/Energy(mJ): 189193 707.156 43.3089 115.553 220.578 
Latency(us)/Energy(mJ): 188 0.637603 0.0389987 0.104053 0.199081 
Latency(us)/Energy(mJ): 144687 541.734 33.1335 88.4043 169.14 
Latency(us)/Energy(mJ): 188 0.709752 0.0434001 0.115797 0.221549 
Latency(us)/Energy(mJ): 97281 364.258 22.2697 59.4182 113.682 
Latency(us)/Energy(mJ): 129 0.439246 0.0268663 0.0716825 0.137147 
Latency(us)/Energy(mJ): 1169 4.3977 0.268983 0.717681 1.37175 
Latency(us)/Energy(mJ): 217754 855.14 49.8476 132.999 276.737 
Latency(us)/Energy(mJ): 13 0.179515 0.010447 0.0278738 0.0585761 
Latency(us)/Energy(mJ): 0 0 0 0 0 
Latency(us)/Energy(mJ): 95979 377.603 21.9749 58.6316 121.802 
Latency(us)/Energy(mJ): 9 0 0 0 0 
Latency(us)/Energy(mJ): 2 0 0 0 0 
Latency(us)/Energy(mJ): 23803 93.6041 5.44736 14.5342 30.3285 
Latency(us)/Energy(mJ): 130 0.569158 0.0331226 0.088375 0.184346 
0.5948 - "n02085620 Chihuahua"
0.0656 - "n02110806 basenji"
0.0383 - "n02113023 Pembroke, Pembroke Welsh corgi"
0.0311 - "n02091244 Ibizan hound, Ibizan Podenco"
0.0298 - "n02389026 sorrel"
