loading weight: /home/nvidia/caffe-build/models/bvlc_alexnet/bvlc_alexnet.caffemodel
loading prototxt: /home/nvidia/caffe-build/models/bvlc_alexnet/deploy.prototxt
---------- Prediction for /home/nvidia/Downloads/ILSVRC2012_img_train_t3/n02085620/n02085620_1152.JPEG ----------
Latency(us)/Energy(mJ): 0 0 0 0 0 
Latency(us)/Energy(mJ): 739 2.51769 0.117813 0.21655 0.915708 
Latency(us)/Energy(mJ): 91 0.314227 0.0198177 0.0263947 0.113576 
Latency(us)/Energy(mJ): 176 0.791453 0.0497067 0.0662033 0.286953 
Latency(us)/Energy(mJ): 167 0.479633 0.0331143 0.0397537 0.172309 
Latency(us)/Energy(mJ): 2953 11.7113 1.33966 0.907387 4.04258 
Latency(us)/Energy(mJ): 89 0.359353 0.0527293 0.0263215 0.120734 
Latency(us)/Energy(mJ): 145 0.721663 0.105642 0.0527345 0.241887 
Latency(us)/Energy(mJ): 152 0.536343 0.077988 0.0389302 0.178568 
Latency(us)/Energy(mJ): 3390 14.855 2.61397 1.03541 4.78235 
Latency(us)/Energy(mJ): 94 0.389956 0.0720552 0.0261629 0.124724 
Latency(us)/Energy(mJ): 2964 14.4428 2.84465 0.915421 4.67699 
Latency(us)/Energy(mJ): 106 0.438614 0.0866611 0.0266448 0.143707 
Latency(us)/Energy(mJ): 2030 10.3672 2.14868 0.614624 3.39784 
Latency(us)/Energy(mJ): 101 0.651593 0.133009 0.0379847 0.214458 
Latency(us)/Energy(mJ): 123 0.690792 0.146558 0.0399794 0.226594 
Latency(us)/Energy(mJ): 1696 8.85495 1.85204 0.512668 2.9401 
Latency(us)/Energy(mJ): 95 0.468696 0.0943044 0.0269315 0.158763 
Latency(us)/Energy(mJ): 2 0 0 0 0 
Latency(us)/Energy(mJ): 9505 59.6565 10.8892 2.90473 22.1926 
Latency(us)/Energy(mJ): 96 0.598991 0.100329 0.0267485 0.233194 
Latency(us)/Energy(mJ): 1 0 0 0 0 
Latency(us)/Energy(mJ): 4148 29.3765 5.08814 1.27454 11.5798 
Latency(us)/Energy(mJ): 115 0.60362 0.102651 0.0256627 0.239883 
0.5948 - "n02085620 Chihuahua"
0.0656 - "n02110806 basenji"
0.0383 - "n02113023 Pembroke, Pembroke Welsh corgi"
0.0311 - "n02091244 Ibizan hound, Ibizan Podenco"
0.0298 - "n02389026 sorrel"
