loading weight: /home/nvidia/caffe-build/models/bvlc_alexnet/bvlc_alexnet.caffemodel
loading prototxt: /home/nvidia/caffe-build/models/bvlc_alexnet/deploy.prototxt
---------- Prediction for /home/nvidia/caffe-build/examples/images/cat.jpg ----------
Latency(us)/Energy(mJ): 2 0 0 0 0 
Latency(us)/Energy(mJ): 2568 10.2569 0.518497 1.95641 3.52727 
Latency(us)/Energy(mJ): 34 0 0 0 0 
Latency(us)/Energy(mJ): 234 1.11584 0.101175 0.20288 0.378034 
Latency(us)/Energy(mJ): 106 0.46545 0.0418147 0.083849 0.157711 
Latency(us)/Energy(mJ): 2399 10.3213 1.19941 1.77258 3.42338 
Latency(us)/Energy(mJ): 28 0.519002 0.0764974 0.08496 0.168584 
Latency(us)/Energy(mJ): 196 0.875103 0.128984 0.143253 0.284253 
Latency(us)/Energy(mJ): 97 0.348643 0.0513876 0.0570724 0.113247 
Latency(us)/Energy(mJ): 1852 8.98664 1.45116 1.43154 2.88467 
Latency(us)/Energy(mJ): 29 0 0 0 0 
Latency(us)/Energy(mJ): 1535 8.02994 1.54299 1.23064 2.50322 
Latency(us)/Energy(mJ): 32 0 0 0 0 
Latency(us)/Energy(mJ): 1106 5.75488 1.21103 0.858985 1.76722 
Latency(us)/Energy(mJ): 28 0 0 0 0 
Latency(us)/Energy(mJ): 44 0.382501 0.084959 0.0566146 0.116568 
Latency(us)/Energy(mJ): 1453 7.34999 1.54555 1.08762 2.26327 
Latency(us)/Energy(mJ): 30 0.388999 0.0794058 0.0567291 0.122529 
Latency(us)/Energy(mJ): 2 0 0 0 0 
Latency(us)/Energy(mJ): 4998 29.4619 6.46525 3.80611 9.61129 
Latency(us)/Energy(mJ): 28 0 0 0 0 
Latency(us)/Energy(mJ): 1 0 0 0 0 
Latency(us)/Energy(mJ): 2171 14.3245 3.22839 1.62935 4.85452 
Latency(us)/Energy(mJ): 200 2.09793 0.482923 0.230006 0.717333 
0.3094 - "n02124075 Egyptian cat"
0.1761 - "n02123159 tiger cat"
0.1221 - "n02123045 tabby, tabby cat"
0.1132 - "n02119022 red fox, Vulpes vulpes"
0.0421 - "n02085620 Chihuahua"
