loading weight: /home/nvidia/caffe-build/models/bvlc_alexnet/bvlc_alexnet.caffemodel
loading prototxt: /home/nvidia/caffe-build/models/bvlc_alexnet/deploy.prototxt
---------- Prediction for /home/nvidia/caffe-build/examples/images/cat.jpg ----------
Latency(us)/Energy(mJ): 3 0 0 0 0 
Latency(us)/Energy(mJ): 3347 8.87794 0.670735 2.56131 1.95124 
Latency(us)/Energy(mJ): 34 0 0 0 0 
Latency(us)/Energy(mJ): 277 0.859619 0.0922473 0.231072 0.191148 
Latency(us)/Energy(mJ): 127 0.217816 0.02318 0.058064 0.049476 
Latency(us)/Energy(mJ): 3590 11.005 1.60848 2.75071 2.51869 
Latency(us)/Energy(mJ): 33 0.367624 0.0691346 0.0864466 0.0845231 
Latency(us)/Energy(mJ): 209 0.615198 0.115693 0.144663 0.141444 
Latency(us)/Energy(mJ): 92 0.247411 0.0465276 0.0581786 0.056884 
Latency(us)/Energy(mJ): 2733 9.27585 1.81451 2.11372 2.11205 
Latency(us)/Energy(mJ): 29 0 0 0 0 
Latency(us)/Energy(mJ): 1968 6.90321 1.56329 1.50561 1.52037 
Latency(us)/Energy(mJ): 30 0 0 0 0 
Latency(us)/Energy(mJ): 1580 5.87547 1.43477 1.24475 1.27896 
Latency(us)/Energy(mJ): 31 0.275956 0.069616 0.058064 0.05966 
Latency(us)/Energy(mJ): 45 0 0 0 0 
Latency(us)/Energy(mJ): 2281 8.235 2.00329 1.73818 1.82373 
Latency(us)/Energy(mJ): 31 0 0 0 0 
Latency(us)/Energy(mJ): 5 0.421857 0.104241 0.0869432 0.0980956 
Latency(us)/Energy(mJ): 8831 37.2707 8.78495 6.16466 10.2713 
Latency(us)/Energy(mJ): 30 0 0 0 0 
Latency(us)/Energy(mJ): 4 0 0 0 0 
Latency(us)/Energy(mJ): 3797 18.4129 4.24314 2.60287 5.72637 
Latency(us)/Energy(mJ): 212 1.5157 0.345905 0.207543 0.483332 
0.3094 - "n02124075 Egyptian cat"
0.1761 - "n02123159 tiger cat"
0.1221 - "n02123045 tabby, tabby cat"
0.1132 - "n02119022 red fox, Vulpes vulpes"
0.0421 - "n02085620 Chihuahua"
