loading weight: /home/nvidia/caffe-build/models/bvlc_alexnet/bvlc_alexnet.caffemodel
loading prototxt: /home/nvidia/caffe-build/models/bvlc_alexnet/deploy.prototxt
---------- Prediction for /home/nvidia/caffe-build/examples/images/cat.jpg ----------
Latency(us)/Energy(mJ): 0 0 0 0 0 
Latency(us)/Energy(mJ): 2651 10.458 0.545309 2.01073 3.61506 
Latency(us)/Energy(mJ): 51 0 0 0 0 
Latency(us)/Energy(mJ): 228 1.25976 0.114224 0.229047 0.425116 
Latency(us)/Energy(mJ): 103 0.308217 0.0279463 0.0560394 0.10401 
Latency(us)/Energy(mJ): 2435 10.7346 1.23652 1.84898 3.56085 
Latency(us)/Energy(mJ): 28 0 0 0 0 
Latency(us)/Energy(mJ): 185 1.39981 0.205688 0.228442 0.453292 
Latency(us)/Energy(mJ): 91 0.343967 0.0502884 0.0558516 0.110825 
Latency(us)/Energy(mJ): 1823 8.61274 1.39703 1.36562 2.73668 
Latency(us)/Energy(mJ): 39 0.360337 0.0670054 0.0558135 0.112139 
Latency(us)/Energy(mJ): 1542 7.4766 1.42339 1.1384 2.30281 
Latency(us)/Energy(mJ): 31 0.579244 0.120898 0.0863716 0.175686 
Latency(us)/Energy(mJ): 1116 5.75339 1.20177 0.852347 1.73374 
Latency(us)/Energy(mJ): 28 0 0 0 0 
Latency(us)/Energy(mJ): 48 0.379681 0.0836995 0.0557753 0.113451 
Latency(us)/Energy(mJ): 1514 7.73705 1.60625 1.13729 2.34116 
Latency(us)/Energy(mJ): 29 0 0 0 0 
Latency(us)/Energy(mJ): 2 0 0 0 0 
Latency(us)/Energy(mJ): 4939 29.3646 6.39258 3.78189 9.4598 
Latency(us)/Energy(mJ): 28 0.474346 0.105995 0.0557753 0.158042 
Latency(us)/Energy(mJ): 3 0 0 0 0 
Latency(us)/Energy(mJ): 2218 15.034 3.38722 1.70592 5.0743 
Latency(us)/Energy(mJ): 232 1.29455 0.298613 0.142223 0.442141 
0.3094 - "n02124075 Egyptian cat"
0.1761 - "n02123159 tiger cat"
0.1221 - "n02123045 tabby, tabby cat"
0.1132 - "n02119022 red fox, Vulpes vulpes"
0.0421 - "n02085620 Chihuahua"
