loading weight: /home/nvidia/caffe-build/models/bvlc_alexnet/bvlc_alexnet.caffemodel
loading prototxt: /home/nvidia/caffe-build/models/bvlc_alexnet/deploy.prototxt
---------- Prediction for /home/nvidia/Downloads/ILSVRC2012_img_train_t3/n02085620/n02085620_1152.JPEG ----------
Latency(us)/Energy(mJ): 0 0 0 0 0 
Latency(us)/Energy(mJ): 252 0.584877 0.0409615 0.0717162 0.20333 
Latency(us)/Energy(mJ): 29 0.122201 0.0085583 0.014984 0.0424828 
Latency(us)/Energy(mJ): 165 0.856513 0.0857194 0.102314 0.290082 
Latency(us)/Energy(mJ): 127 0.47065 0.0600852 0.0543826 0.156121 
Latency(us)/Energy(mJ): 924 4.7428 0.830566 0.503979 1.48382 
Latency(us)/Energy(mJ): 37 0.245341 0.0521662 0.024329 0.0732149 
Latency(us)/Energy(mJ): 125 0.542135 0.121831 0.0532825 0.160346 
Latency(us)/Energy(mJ): 112 0.660088 0.158155 0.0636848 0.191651 
Latency(us)/Energy(mJ): 904 5.31659 1.48417 0.479297 1.46913 
Latency(us)/Energy(mJ): 41 0.454953 0.133883 0.0390461 0.123061 
Latency(us)/Energy(mJ): 1013 6.83934 2.20316 0.54264 1.83215 
Latency(us)/Energy(mJ): 43 0.323547 0.110044 0.0240834 0.0862763 
Latency(us)/Energy(mJ): 661 4.87291 1.72093 0.34961 1.2882 
Latency(us)/Energy(mJ): 44 0.214188 0.0788187 0.01492 0.0566623 
Latency(us)/Energy(mJ): 56 0.570016 0.208303 0.0394306 0.150287 
Latency(us)/Energy(mJ): 1946 14.416 5.09489 1.03211 3.85819 
Latency(us)/Energy(mJ): 40 0.20398 0.06832 0.014952 0.056252 
Latency(us)/Energy(mJ): 1 0 0 0 0 
Latency(us)/Energy(mJ): 4674 40.4969 13.6529 2.50542 11.9723 
Latency(us)/Energy(mJ): 45 0.438865 0.147854 0.0240703 0.135661 
Latency(us)/Energy(mJ): 0 0 0 0 0 
Latency(us)/Energy(mJ): 1960 20.0698 6.74714 0.921861 6.25666 
Latency(us)/Energy(mJ): 53 0.480116 0.162845 0.020748 0.15147 
0.5948 - "n02085620 Chihuahua"
0.0656 - "n02110806 basenji"
0.0383 - "n02113023 Pembroke, Pembroke Welsh corgi"
0.0311 - "n02091244 Ibizan hound, Ibizan Podenco"
0.0298 - "n02389026 sorrel"
