loading weight: /home/nvidia/caffe-build/models/bvlc_alexnet/bvlc_alexnet.caffemodel
loading prototxt: /home/nvidia/caffe-build/models/bvlc_alexnet/deploy.prototxt
---------- Prediction for /home/nvidia/Downloads/ILSVRC2012_img_train_t3/n02085620/n02085620_1152.JPEG ----------
Latency(us)/Energy(mJ): 0 0 0 0 0 
Latency(us)/Energy(mJ): 225 0.87465 0.0339093 0.137537 0.303103 
Latency(us)/Energy(mJ): 22 0.122653 0.00639368 0.019181 0.0422709 
Latency(us)/Energy(mJ): 52 0.32815 0.0169002 0.0507006 0.113135 
Latency(us)/Energy(mJ): 45 0.202938 0.013847 0.0311898 0.0695982 
Latency(us)/Energy(mJ): 1260 5.96485 0.648514 0.853968 1.93641 
Latency(us)/Energy(mJ): 21 0.142517 0.0192772 0.0192772 0.0450924 
Latency(us)/Energy(mJ): 40 0.232312 0.0346402 0.0311898 0.0729578 
Latency(us)/Energy(mJ): 41 0.144606 0.0215624 0.0194146 0.0454138 
Latency(us)/Energy(mJ): 1466 7.91523 1.48198 1.00415 2.36852 
Latency(us)/Energy(mJ): 24 0.257553 0.0552869 0.0311074 0.0753459 
Latency(us)/Energy(mJ): 1155 6.80075 1.55986 0.771461 1.99014 
Latency(us)/Energy(mJ): 29 0.467454 0.111569 0.0501878 0.136315 
Latency(us)/Energy(mJ): 816 5.30632 1.34995 0.551873 1.55318 
Latency(us)/Energy(mJ): 31 0 0 0 0 
Latency(us)/Energy(mJ): 37 0.496224 0.128147 0.0501192 0.145389 
Latency(us)/Energy(mJ): 645 4.40154 1.16143 0.435377 1.30011 
Latency(us)/Energy(mJ): 26 0.197934 0.0513132 0.0192354 0.059557 
Latency(us)/Energy(mJ): 0 0 0 0 0 
Latency(us)/Energy(mJ): 4920 40.0094 10.2648 3.3589 12.9845 
Latency(us)/Energy(mJ): 26 0.41196 0.103739 0.0311444 0.139832 
Latency(us)/Energy(mJ): 0 0.254979 0.0642085 0.0192766 0.08711 
Latency(us)/Energy(mJ): 2199 20.5181 5.09433 1.50378 7.08669 
Latency(us)/Energy(mJ): 33 0 0 0 0 
0.5948 - "n02085620 Chihuahua"
0.0656 - "n02110806 basenji"
0.0383 - "n02113023 Pembroke, Pembroke Welsh corgi"
0.0311 - "n02091244 Ibizan hound, Ibizan Podenco"
0.0298 - "n02389026 sorrel"
