loading weight: /home/nvidia/caffe-build/models/bvlc_alexnet/bvlc_alexnet.caffemodel
loading prototxt: /home/nvidia/caffe-build/models/bvlc_alexnet/deploy.prototxt
---------- Prediction for /home/nvidia/Downloads/ILSVRC2012_img_train_t3/n02085620/n02085620_1152.JPEG ----------
Latency(us)/Energy(mJ): 0 0 0 0 0 
Latency(us)/Energy(mJ): 344 1.25866 0.0517576 0.12389 0.453724 
Latency(us)/Energy(mJ): 40 0.179279 0.0104332 0.0174039 0.0637384 
Latency(us)/Energy(mJ): 80 0.30771 0.017807 0.0297043 0.110199 
Latency(us)/Energy(mJ): 76 0.308066 0.0177567 0.0296203 0.109797 
Latency(us)/Energy(mJ): 1692 7.18697 0.766553 0.685949 2.44106 
Latency(us)/Energy(mJ): 39 0.14304 0.019552 0.014656 0.047744 
Latency(us)/Energy(mJ): 64 0.350542 0.0475114 0.0356141 0.116018 
Latency(us)/Energy(mJ): 66 0.351123 0.0533249 0.03555 0.115809 
Latency(us)/Energy(mJ): 1977 9.38999 1.66554 0.892345 2.96349 
Latency(us)/Energy(mJ): 41 0.156763 0.0313274 0.012032 0.048949 
Latency(us)/Energy(mJ): 1620 8.57467 1.81818 0.618173 2.68986 
Latency(us)/Energy(mJ): 50 0.252568 0.0553357 0.0172669 0.0797632 
Latency(us)/Energy(mJ): 1137 6.64736 1.53483 0.441945 2.10712 
Latency(us)/Energy(mJ): 50 0.185776 0.0433868 0.0120396 0.0598504 
Latency(us)/Energy(mJ): 57 0.454781 0.105529 0.0292837 0.145573 
Latency(us)/Energy(mJ): 839 4.91539 1.1797 0.312504 1.57972 
Latency(us)/Energy(mJ): 43 0.196555 0.046661 0.0122606 0.0640382 
Latency(us)/Energy(mJ): 1 0 0 0 0 
Latency(us)/Energy(mJ): 5822 41.7125 9.22499 2.22301 14.7859 
Latency(us)/Energy(mJ): 43 0.24777 0.0521212 0.0118415 0.0921833 
Latency(us)/Energy(mJ): 0 0 0 0 0 
Latency(us)/Energy(mJ): 2583 21.494 4.50478 0.996993 8.09502 
Latency(us)/Energy(mJ): 53 0.359622 0.074818 0.0162611 0.137174 
0.5948 - "n02085620 Chihuahua"
0.0656 - "n02110806 basenji"
0.0383 - "n02113023 Pembroke, Pembroke Welsh corgi"
0.0311 - "n02091244 Ibizan hound, Ibizan Podenco"
0.0298 - "n02389026 sorrel"
