loading weight: /home/nvidia/caffe-build/models/bvlc_alexnet/bvlc_alexnet.caffemodel
loading prototxt: /home/nvidia/caffe-build/models/bvlc_alexnet/deploy.prototxt
---------- Prediction for /home/nvidia/Downloads/ILSVRC2012_img_train_t3/n02085620/n02085620_1152.JPEG ----------
Latency(us)/Energy(mJ): 0 0 0 0 0 
Latency(us)/Energy(mJ): 203 0.910454 0.0354595 0.180086 0.30473 
Latency(us)/Energy(mJ): 21 0.12804 0.00624254 0.0249702 0.042253 
Latency(us)/Energy(mJ): 48 0.220101 0.0107309 0.0429238 0.072633 
Latency(us)/Energy(mJ): 43 0.132174 0.00644406 0.0257762 0.043617 
Latency(us)/Energy(mJ): 1260 6.4411 0.676237 1.17264 2.02111 
Latency(us)/Energy(mJ): 22 0 0 0 0 
Latency(us)/Energy(mJ): 38 0.148093 0.0212877 0.0255564 0.0453654 
Latency(us)/Energy(mJ): 39 0.392824 0.0560652 0.0673077 0.119478 
Latency(us)/Energy(mJ): 1464 8.19177 1.5 1.21831 2.37271 
Latency(us)/Energy(mJ): 23 0 0 0 0 
Latency(us)/Energy(mJ): 1150 7.24303 1.63001 0.975186 2.05711 
Latency(us)/Energy(mJ): 29 0.296516 0.0723784 0.037906 0.0838541 
Latency(us)/Energy(mJ): 817 5.59737 1.38219 0.694843 1.59611 
Latency(us)/Energy(mJ): 29 0 0 0 0 
Latency(us)/Energy(mJ): 34 0.315911 0.079351 0.0379564 0.0900276 
Latency(us)/Energy(mJ): 642 4.68283 1.20382 0.552884 1.34387 
Latency(us)/Energy(mJ): 25 0.200926 0.0509838 0.0233745 0.0586174 
Latency(us)/Energy(mJ): 1 0 0 0 0 
Latency(us)/Energy(mJ): 4829 40.1614 10.0828 4.01597 12.7148 
Latency(us)/Energy(mJ): 26 0.425522 0.104562 0.0383469 0.141856 
Latency(us)/Energy(mJ): 0 0 0 0 0 
Latency(us)/Energy(mJ): 2186 21.1888 5.16404 1.85275 7.14713 
Latency(us)/Energy(mJ): 31 0 0 0 0 
0.5948 - "n02085620 Chihuahua"
0.0656 - "n02110806 basenji"
0.0383 - "n02113023 Pembroke, Pembroke Welsh corgi"
0.0311 - "n02091244 Ibizan hound, Ibizan Podenco"
0.0298 - "n02389026 sorrel"
