loading weight: /home/nvidia/caffe-build/models/bvlc_alexnet/bvlc_alexnet.caffemodel
loading prototxt: /home/nvidia/caffe-build/models/bvlc_alexnet/deploy.prototxt
---------- Prediction for /home/nvidia/caffe-build/examples/images/cat.jpg ----------
Latency(us)/Energy(mJ): 0 0 0 0 0 
Latency(us)/Energy(mJ): 3085 9.10607 0.612471 3.25269 1.86845 
Latency(us)/Energy(mJ): 27 0 0 0 0 
Latency(us)/Energy(mJ): 281 0.961395 0.114409 0.320465 0.200665 
Latency(us)/Energy(mJ): 128 0.606369 0.0721598 0.202123 0.126563 
Latency(us)/Energy(mJ): 3330 11.2501 1.66303 3.42434 2.38243 
Latency(us)/Energy(mJ): 26 0 0 0 0 
Latency(us)/Energy(mJ): 271 1.38688 0.259686 0.375354 0.289548 
Latency(us)/Energy(mJ): 91 0 0 0 0 
Latency(us)/Energy(mJ): 2394 9.21048 1.85994 2.43767 1.93989 
Latency(us)/Energy(mJ): 25 0 0 0 0 
Latency(us)/Energy(mJ): 1701 6.66423 1.56749 1.68393 1.36512 
Latency(us)/Energy(mJ): 25 0 0 0 0 
Latency(us)/Energy(mJ): 1453 6.12934 1.57815 1.50117 1.23633 
Latency(us)/Energy(mJ): 35 0 0 0 0 
Latency(us)/Energy(mJ): 38 0.462148 0.12085 0.112259 0.0931532 
Latency(us)/Energy(mJ): 2270 9.21878 2.41706 2.24522 1.87827 
Latency(us)/Energy(mJ): 28 0 0 0 0 
Latency(us)/Energy(mJ): 2 0 0 0 0 
Latency(us)/Energy(mJ): 8714 41.2196 10.4418 8.35079 10.3572 
Latency(us)/Energy(mJ): 37 0 0 0 0 
Latency(us)/Energy(mJ): 1 0 0 0 0 
Latency(us)/Energy(mJ): 3718 20.1608 5.06107 3.4513 5.75456 
Latency(us)/Energy(mJ): 180 1.04124 0.260167 0.173445 0.304285 
0.3094 - "n02124075 Egyptian cat"
0.1761 - "n02123159 tiger cat"
0.1221 - "n02123045 tabby, tabby cat"
0.1132 - "n02119022 red fox, Vulpes vulpes"
0.0421 - "n02085620 Chihuahua"
