loading weight: /home/nvidia/caffe-build/models/bvlc_alexnet/bvlc_alexnet.caffemodel
loading prototxt: /home/nvidia/caffe-build/models/bvlc_alexnet/deploy.prototxt
---------- Prediction for /home/nvidia/caffe-build/examples/images/cat.jpg ----------
Latency(us)/Energy(mJ): 1 0 0 0 0 
Latency(us)/Energy(mJ): 4785 10.6925 0.890959 2.5515 2.3788 
Latency(us)/Energy(mJ): 70 0 0 0 0 
Latency(us)/Energy(mJ): 446 1.20539 0.150243 0.263541 0.273393 
Latency(us)/Energy(mJ): 186 0.656138 0.080886 0.141882 0.15249 
Latency(us)/Energy(mJ): 4255 11.1157 1.8088 2.22977 2.61677 
Latency(us)/Energy(mJ): 63 0.324861 0.0606422 0.0606422 0.0759445 
Latency(us)/Energy(mJ): 311 0.764362 0.142684 0.142684 0.178689 
Latency(us)/Energy(mJ): 168 0.542534 0.101276 0.101276 0.126831 
Latency(us)/Energy(mJ): 3095 9.31501 1.92768 1.68672 2.18983 
Latency(us)/Energy(mJ): 63 0.237376 0.0534232 0.0415428 0.0550539 
Latency(us)/Energy(mJ): 2677 8.21396 1.92926 1.42232 1.88491 
Latency(us)/Energy(mJ): 58 0.354769 0.0864848 0.060562 0.0802588 
Latency(us)/Energy(mJ): 1939 6.0153 1.50432 1.01698 1.34774 
Latency(us)/Energy(mJ): 61 0.249417 0.065268 0.0415695 0.0550893 
Latency(us)/Energy(mJ): 86 0.363051 0.095004 0.0605085 0.0801879 
Latency(us)/Energy(mJ): 2875 9.05946 2.22792 1.52965 2.0677 
Latency(us)/Energy(mJ): 64 0.254907 0.0592482 0.0414892 0.0608768 
Latency(us)/Energy(mJ): 3 0 0 0 0 
Latency(us)/Energy(mJ): 9222 35.5743 8.21051 4.94544 10.2566 
Latency(us)/Energy(mJ): 62 0.330035 0.0758384 0.0408243 0.105501 
Latency(us)/Energy(mJ): 6 0 0 0 0 
Latency(us)/Energy(mJ): 3902 17.5794 3.88676 2.09227 5.73598 
Latency(us)/Energy(mJ): 400 1.7767 0.388404 0.204389 0.595413 
0.3094 - "n02124075 Egyptian cat"
0.1761 - "n02123159 tiger cat"
0.1221 - "n02123045 tabby, tabby cat"
0.1132 - "n02119022 red fox, Vulpes vulpes"
0.0421 - "n02085620 Chihuahua"
