loading weight: /home/nvidia/caffe-build/models/bvlc_alexnet/bvlc_alexnet.caffemodel
loading prototxt: /home/nvidia/caffe-build/models/bvlc_alexnet/deploy.prototxt
---------- Prediction for /home/nvidia/caffe-build/examples/images/cat.jpg ----------
Latency(us)/Energy(mJ): 0 0 0 0 0 
Latency(us)/Energy(mJ): 3302 11.9033 0.605872 1.46416 4.66182 
Latency(us)/Energy(mJ): 37 0.443868 0.0347395 0.0521662 0.170281 
Latency(us)/Energy(mJ): 206 0.739834 0.0575688 0.0864475 0.282181 
Latency(us)/Energy(mJ): 89 0.292961 0.0227073 0.0340981 0.112717 
Latency(us)/Energy(mJ): 2807 11.5215 1.25686 1.28057 4.31812 
Latency(us)/Energy(mJ): 36 0.492354 0.0696845 0.0522349 0.179173 
Latency(us)/Energy(mJ): 170 0.324207 0.0458861 0.0343958 0.117982 
Latency(us)/Energy(mJ): 83 0.826797 0.115998 0.0869513 0.298254 
Latency(us)/Energy(mJ): 2250 9.9088 1.49794 1.02319 3.55001 
Latency(us)/Energy(mJ): 32 0 0 0 0 
Latency(us)/Energy(mJ): 1835 8.56016 1.49307 0.853231 2.9612 
Latency(us)/Energy(mJ): 34 0 0 0 0 
Latency(us)/Energy(mJ): 1258 6.14202 1.17062 0.599568 2.079 
Latency(us)/Energy(mJ): 30 0 0 0 0 
Latency(us)/Energy(mJ): 51 0 0 0 0 
Latency(us)/Energy(mJ): 1457 7.09488 1.37318 0.686588 2.40783 
Latency(us)/Energy(mJ): 35 0 0 0 0 
Latency(us)/Energy(mJ): 1 0 0 0 0 
Latency(us)/Energy(mJ): 5531 30.3688 6.016 2.56874 10.8728 
Latency(us)/Energy(mJ): 34 0 0 0 0 
Latency(us)/Energy(mJ): 0 0 0 0 0 
Latency(us)/Energy(mJ): 2404 14.9866 3.03085 1.08436 5.56182 
Latency(us)/Energy(mJ): 228 1.20647 0.245457 0.0807607 0.452686 
0.3094 - "n02124075 Egyptian cat"
0.1761 - "n02123159 tiger cat"
0.1221 - "n02123045 tabby, tabby cat"
0.1132 - "n02119022 red fox, Vulpes vulpes"
0.0421 - "n02085620 Chihuahua"
