loading weight: /home/nvidia/caffe-build/models/bvlc_alexnet/bvlc_alexnet.caffemodel
loading prototxt: /home/nvidia/caffe-build/models/bvlc_alexnet/deploy.prototxt
---------- Prediction for /home/nvidia/Downloads/ILSVRC2012_img_train_t3/n02085620/n02085620_1152.JPEG ----------
Latency(us)/Energy(mJ): 0 0 0 0 0 
Latency(us)/Energy(mJ): 211 0 0 0 0 
Latency(us)/Energy(mJ): 18 0 0 0 0 
Latency(us)/Energy(mJ): 76 0.883647 0.0303918 0.184909 0.292834 
Latency(us)/Energy(mJ): 100 0.568588 0.0269762 0.116858 0.185064 
Latency(us)/Energy(mJ): 1525 7.7513 0.690983 1.51296 2.43067 
Latency(us)/Energy(mJ): 19 0.395764 0.0454816 0.0739635 0.121235 
Latency(us)/Energy(mJ): 42 0 0 0 0 
Latency(us)/Energy(mJ): 34 0 0 0 0 
Latency(us)/Energy(mJ): 1741 9.79777 1.49801 1.75528 2.9089 
Latency(us)/Energy(mJ): 20 0 0 0 0 
Latency(us)/Energy(mJ): 1447 9.17228 1.73358 1.39202 2.68405 
Latency(us)/Energy(mJ): 35 0.459306 0.0940066 0.0663192 0.135041 
Latency(us)/Energy(mJ): 1022 6.50164 1.37346 0.91381 1.92073 
Latency(us)/Energy(mJ): 39 0.478118 0.104125 0.0657519 0.141636 
Latency(us)/Energy(mJ): 35 0 0 0 0 
Latency(us)/Energy(mJ): 1634 11.0805 2.40559 1.51403 3.31274 
Latency(us)/Energy(mJ): 31 0.303315 0.0623617 0.0415593 0.0929747 
Latency(us)/Energy(mJ): 1 0 0 0 0 
Latency(us)/Energy(mJ): 5384 41.5575 8.63145 4.91684 13.7735 
Latency(us)/Energy(mJ): 32 0.389613 0.0796213 0.0415593 0.135579 
Latency(us)/Energy(mJ): 0 0 0 0 0 
Latency(us)/Energy(mJ): 2409 21.1593 4.32113 2.18378 7.45018 
Latency(us)/Energy(mJ): 42 0.414049 0.0830643 0.0415322 0.147816 
0.5948 - "n02085620 Chihuahua"
0.0656 - "n02110806 basenji"
0.0383 - "n02113023 Pembroke, Pembroke Welsh corgi"
0.0311 - "n02091244 Ibizan hound, Ibizan Podenco"
0.0298 - "n02389026 sorrel"
