loading weight: /home/nvidia/caffe-build/models/bvlc_alexnet/bvlc_alexnet.caffemodel
loading prototxt: /home/nvidia/caffe-build/models/bvlc_alexnet/deploy.prototxt
---------- Prediction for /home/nvidia/Downloads/ILSVRC2012_img_train_t3/n02085620/n02085620_1152.JPEG ----------
Latency(us)/Energy(mJ): 0 0 0 0 0 
Latency(us)/Energy(mJ): 375 2.00049 0.0559755 0.674652 0.543184 
Latency(us)/Energy(mJ): 18 0 0 0 0 
Latency(us)/Energy(mJ): 46 0.181345 0.00508288 0.0612621 0.049324 
Latency(us)/Energy(mJ): 40 0.430673 0.0120354 0.145058 0.116791 
Latency(us)/Energy(mJ): 6794 37.1043 2.39124 11.5138 9.795 
Latency(us)/Energy(mJ): 19 0 0 0 0 
Latency(us)/Energy(mJ): 42 0.243826 0.0203077 0.071077 0.064559 
Latency(us)/Energy(mJ): 33 0.177508 0.0147842 0.0517448 0.0469997 
Latency(us)/Energy(mJ): 8904 48.7245 5.10124 13.8014 12.5155 
Latency(us)/Energy(mJ): 20 0 0 0 0 
Latency(us)/Energy(mJ): 6220 34.8321 4.08844 9.09422 9.17495 
Latency(us)/Energy(mJ): 32 0 0 0 0 
Latency(us)/Energy(mJ): 4741 27.4053 3.28055 6.9341 7.41782 
Latency(us)/Energy(mJ): 31 0.192979 0.0229673 0.048546 0.0525301 
Latency(us)/Energy(mJ): 40 0 0 0 0 
Latency(us)/Energy(mJ): 4404 25.5776 3.03289 6.41062 7.01741 
Latency(us)/Energy(mJ): 21 0.265136 0.0311444 0.06583 0.074683 
Latency(us)/Energy(mJ): 1 0 0 0 0 
Latency(us)/Energy(mJ): 21559 139.383 14.7832 31.2547 43.548 
Latency(us)/Energy(mJ): 21 0 0 0 0 
Latency(us)/Energy(mJ): 0 0 0 0 0 
Latency(us)/Energy(mJ): 9555 64.6958 6.50273 13.8465 21.136 
Latency(us)/Energy(mJ): 30 0.228942 0.0229947 0.048604 0.0743809 
0.5948 - "n02085620 Chihuahua"
0.0656 - "n02110806 basenji"
0.0383 - "n02113023 Pembroke, Pembroke Welsh corgi"
0.0311 - "n02091244 Ibizan hound, Ibizan Podenco"
0.0298 - "n02389026 sorrel"
