loading weight: /home/nvidia/caffe-build/models/bvlc_alexnet/bvlc_alexnet.caffemodel
loading prototxt: /home/nvidia/caffe-build/models/bvlc_alexnet/deploy.prototxt
---------- Prediction for /home/nvidia/Downloads/ILSVRC2012_img_train_t3/n02085620/n02085620_1152.JPEG ----------
Latency(us)/Energy(mJ): 0 0 0 0 0 
Latency(us)/Energy(mJ): 271 1.00727 0.0350573 0.15845 0.349189 
Latency(us)/Energy(mJ): 25 0.198739 0.00687648 0.0310799 0.0684934 
Latency(us)/Energy(mJ): 57 0.325346 0.0147622 0.0508792 0.112127 
Latency(us)/Energy(mJ): 49 0.127198 0.0065723 0.0197169 0.0434518 
Latency(us)/Energy(mJ): 2383 11.1122 0.969551 1.64145 3.65857 
Latency(us)/Energy(mJ): 22 0.139699 0.0152617 0.0196345 0.0448992 
Latency(us)/Energy(mJ): 45 0.22172 0.0276696 0.0311623 0.0712606 
Latency(us)/Energy(mJ): 44 0.139699 0.0174338 0.0196345 0.0448992 
Latency(us)/Energy(mJ): 3018 15.4796 2.37991 2.09426 4.75793 
Latency(us)/Energy(mJ): 25 0.149426 0.026161 0.0196207 0.0453533 
Latency(us)/Energy(mJ): 2265 12.3331 2.26588 1.56764 3.7425 
Latency(us)/Energy(mJ): 34 0.160786 0.0299894 0.021425 0.0488873 
Latency(us)/Energy(mJ): 1630 9.85373 1.96112 1.32896 2.9853 
Latency(us)/Energy(mJ): 32 0.171268 0.0342368 0.0235256 0.0515095 
Latency(us)/Energy(mJ): 42 0.276082 0.0551892 0.0379228 0.0838912 
Latency(us)/Energy(mJ): 1376 8.4162 1.70251 1.21024 2.53734 
Latency(us)/Energy(mJ): 24 0.288278 0.0552136 0.0413763 0.087365 
Latency(us)/Energy(mJ): 1 0 0 0 0 
Latency(us)/Energy(mJ): 7631 57.0888 10.4114 8.07563 18.8168 
Latency(us)/Energy(mJ): 24 0 0 0 0 
Latency(us)/Energy(mJ): 0 0 0 0 0 
Latency(us)/Energy(mJ): 3373 28.4378 4.87857 3.9243 9.91448 
Latency(us)/Energy(mJ): 31 0.63138 0.106109 0.0894016 0.222918 
0.5948 - "n02085620 Chihuahua"
0.0656 - "n02110806 basenji"
0.0383 - "n02113023 Pembroke, Pembroke Welsh corgi"
0.0311 - "n02091244 Ibizan hound, Ibizan Podenco"
0.0298 - "n02389026 sorrel"
