loading weight: /home/nvidia/caffe-build/models/bvlc_alexnet/bvlc_alexnet.caffemodel
loading prototxt: /home/nvidia/caffe-build/models/bvlc_alexnet/deploy.prototxt
---------- Prediction for /home/nvidia/Downloads/ILSVRC2012_img_train_t3/n02085620/n02085620_1152.JPEG ----------
Latency(us)/Energy(mJ): 0 0 0 0 0 
Latency(us)/Energy(mJ): 259 1.10068 0.0399696 0.293556 0.316398 
Latency(us)/Energy(mJ): 24 0.224373 0.0103508 0.0586696 0.0632348 
Latency(us)/Energy(mJ): 61 0.362152 0.022143 0.0942348 0.101567 
Latency(us)/Energy(mJ): 52 0.139984 0.0106604 0.036318 0.039144 
Latency(us)/Energy(mJ): 1084 5.91629 0.758193 1.42033 1.59987 
Latency(us)/Energy(mJ): 20 0.25938 0.04464 0.058365 0.06813 
Latency(us)/Energy(mJ): 46 0.159663 0.0274784 0.0359269 0.0419378 
Latency(us)/Energy(mJ): 41 0.262482 0.0448781 0.0586763 0.0684934 
Latency(us)/Energy(mJ): 1193 7.37717 1.59127 1.5457 1.85015 
Latency(us)/Energy(mJ): 32 0.292953 0.068869 0.0551404 0.0727076 
Latency(us)/Energy(mJ): 1083 7.24388 1.8916 1.28136 1.80833 
Latency(us)/Energy(mJ): 38 0.532423 0.150111 0.0889868 0.133991 
Latency(us)/Energy(mJ): 685 4.96146 1.42982 0.802004 1.24613 
Latency(us)/Energy(mJ): 37 0.566922 0.167134 0.0891576 0.142579 
Latency(us)/Energy(mJ): 45 0.351542 0.102824 0.0548512 0.0886162 
Latency(us)/Energy(mJ): 700 5.3894 1.60624 0.835017 1.36758 
Latency(us)/Energy(mJ): 27 0.358413 0.10676 0.0551196 0.0933419 
Latency(us)/Energy(mJ): 1 0 0 0 0 
Latency(us)/Energy(mJ): 4695 43.0498 12.3953 5.54272 12.2868 
Latency(us)/Energy(mJ): 27 0 0 0 0 
Latency(us)/Energy(mJ): 0 0 0 0 0 
Latency(us)/Energy(mJ): 2068 21.831 6.14144 2.38413 6.7382 
Latency(us)/Energy(mJ): 37 0.299085 0.0847728 0.0317933 0.0937373 
0.5948 - "n02085620 Chihuahua"
0.0656 - "n02110806 basenji"
0.0383 - "n02113023 Pembroke, Pembroke Welsh corgi"
0.0311 - "n02091244 Ibizan hound, Ibizan Podenco"
0.0298 - "n02389026 sorrel"
