loading weight: /home/nvidia/caffe-build/models/bvlc_alexnet/bvlc_alexnet.caffemodel
loading prototxt: /home/nvidia/caffe-build/models/bvlc_alexnet/deploy.prototxt
---------- Prediction for /home/nvidia/Downloads/ILSVRC2012_img_train_t3/n02085620/n02085620_1152.JPEG ----------
Latency(us)/Energy(mJ): 0 0 0 0 0 
Latency(us)/Energy(mJ): 258 1.11269 0.0572929 0.310606 0.317639 
Latency(us)/Energy(mJ): 23 0.22745 0.0171907 0.0619949 0.0639802 
Latency(us)/Energy(mJ): 66 0.371666 0.031106 0.099615 0.102805 
Latency(us)/Energy(mJ): 50 0.140628 0.0124942 0.0374827 0.038683 
Latency(us)/Energy(mJ): 932 5.40224 0.860267 1.23393 1.40177 
Latency(us)/Energy(mJ): 22 0 0 0 0 
Latency(us)/Energy(mJ): 45 0.451185 0.0946291 0.0946291 0.110989 
Latency(us)/Energy(mJ): 43 0.281732 0.0621694 0.0587282 0.0694142 
Latency(us)/Energy(mJ): 968 6.56702 1.76257 1.26408 1.51775 
Latency(us)/Energy(mJ): 25 0 0 0 0 
Latency(us)/Energy(mJ): 973 7.59901 2.41876 1.28423 1.71929 
Latency(us)/Energy(mJ): 37 0.2255 0.07546 0.03564 0.05104 
Latency(us)/Energy(mJ): 608 5.33211 1.84925 0.812505 1.20277 
Latency(us)/Energy(mJ): 39 0.241498 0.0860625 0.0356643 0.0542813 
Latency(us)/Energy(mJ): 40 0.641668 0.232768 0.0941983 0.144753 
Latency(us)/Energy(mJ): 678 5.83061 2.10874 0.798299 1.32343 
Latency(us)/Energy(mJ): 29 0.404813 0.144576 0.0550744 0.0942003 
Latency(us)/Energy(mJ): 2 0 0 0 0 
Latency(us)/Energy(mJ): 4531 46.7896 16.5429 5.52847 11.9794 
Latency(us)/Energy(mJ): 27 0 0 0 0 
Latency(us)/Energy(mJ): 0 0 0 0 0 
Latency(us)/Energy(mJ): 2011 23.9471 8.37841 2.39009 6.62495 
Latency(us)/Energy(mJ): 37 0.547585 0.189329 0.0516188 0.153228 
0.5948 - "n02085620 Chihuahua"
0.0656 - "n02110806 basenji"
0.0383 - "n02113023 Pembroke, Pembroke Welsh corgi"
0.0311 - "n02091244 Ibizan hound, Ibizan Podenco"
0.0298 - "n02389026 sorrel"
