loading weight: /home/nvidia/caffe-build/models/bvlc_alexnet/bvlc_alexnet.caffemodel
loading prototxt: /home/nvidia/caffe-build/models/bvlc_alexnet/deploy.prototxt
---------- Prediction for /home/nvidia/Downloads/ILSVRC2012_img_train_t3/n02085620/n02085620_1152.JPEG ----------
Latency(us)/Energy(mJ): 0 0 0 0 0 
Latency(us)/Energy(mJ): 764 2.42687 0.100201 0.201062 0.896539 
Latency(us)/Energy(mJ): 87 0.403213 0.0165376 0.033184 0.147968 
Latency(us)/Energy(mJ): 159 0.572206 0.0318988 0.047092 0.209984 
Latency(us)/Energy(mJ): 155 0.572731 0.0352065 0.0468907 0.209086 
Latency(us)/Energy(mJ): 6801 26.4335 2.53153 2.0716 9.26495 
Latency(us)/Energy(mJ): 87 0.312984 0.0353942 0.0235704 0.106646 
Latency(us)/Energy(mJ): 133 0.631071 0.0713656 0.0475251 0.215032 
Latency(us)/Energy(mJ): 145 0.623295 0.0704862 0.0469395 0.212382 
Latency(us)/Energy(mJ): 8441 34.4835 4.86864 2.3917 11.4259 
Latency(us)/Energy(mJ): 93 0.318407 0.0469737 0.0176055 0.106094 
Latency(us)/Energy(mJ): 6352 27.282 4.11533 1.45188 9.21615 
Latency(us)/Energy(mJ): 109 0.543452 0.0842399 0.02808 0.185647 
Latency(us)/Energy(mJ): 4695 21.0895 3.23782 1.07927 7.25049 
Latency(us)/Energy(mJ): 111 0.348919 0.0531738 0.0177246 0.120125 
Latency(us)/Energy(mJ): 117 0.703158 0.107158 0.0357194 0.242081 
Latency(us)/Energy(mJ): 3893 17.6208 2.67125 0.890416 6.13726 
Latency(us)/Energy(mJ): 92 0.499839 0.0749105 0.0249702 0.178225 
Latency(us)/Energy(mJ): 1 0 0 0 0 
Latency(us)/Energy(mJ): 21493 112.391 14.7258 4.92148 43.2979 
Latency(us)/Energy(mJ): 97 0.422681 0.047214 0.0177246 0.167339 
Latency(us)/Energy(mJ): 1 0 0 0 0 
Latency(us)/Energy(mJ): 9481 52.5067 5.78603 2.17213 20.8711 
Latency(us)/Energy(mJ): 128 1.05095 0.115815 0.0434779 0.421299 
0.5948 - "n02085620 Chihuahua"
0.0656 - "n02110806 basenji"
0.0383 - "n02113023 Pembroke, Pembroke Welsh corgi"
0.0311 - "n02091244 Ibizan hound, Ibizan Podenco"
0.0298 - "n02389026 sorrel"
