loading weight: /home/nvidia/caffe-build/models/bvlc_alexnet/bvlc_alexnet.caffemodel
loading prototxt: /home/nvidia/caffe-build/models/bvlc_alexnet/deploy.prototxt
---------- Prediction for /home/nvidia/Downloads/ILSVRC2012_img_train_t3/n02085620/n02085620_1152.JPEG ----------
Latency(us)/Energy(mJ): 0 0 0 0 0 
Latency(us)/Energy(mJ): 328 1.23711 0.05979 0.120697 0.450934 
Latency(us)/Energy(mJ): 40 0.182019 0.0138409 0.0173352 0.0652111 
Latency(us)/Energy(mJ): 81 0.307166 0.0232227 0.0290855 0.109413 
Latency(us)/Energy(mJ): 75 0.313221 0.0290322 0.0291084 0.109499 
Latency(us)/Energy(mJ): 1151 5.19524 0.736708 0.44377 1.7392 
Latency(us)/Energy(mJ): 39 0.217217 0.0381745 0.0173355 0.0697515 
Latency(us)/Energy(mJ): 66 0.147632 0.0281029 0.0116891 0.0470324 
Latency(us)/Energy(mJ): 67 0.37054 0.0699824 0.0291084 0.117121 
Latency(us)/Energy(mJ): 1206 6.22114 1.43297 0.459974 1.88392 
Latency(us)/Energy(mJ): 43 0.245634 0.0622697 0.0172669 0.0729652 
Latency(us)/Energy(mJ): 1116 6.61502 1.80709 0.431742 1.96482 
Latency(us)/Energy(mJ): 46 0.191086 0.0542295 0.0117729 0.0567633 
Latency(us)/Energy(mJ): 743 4.86158 1.44506 0.288219 1.4389 
Latency(us)/Energy(mJ): 48 0.300614 0.0932315 0.0172517 0.0892469 
Latency(us)/Energy(mJ): 55 0.507662 0.156525 0.0289636 0.149835 
Latency(us)/Energy(mJ): 786 5.08516 1.55269 0.289202 1.50935 
Latency(us)/Energy(mJ): 43 0.208023 0.0634172 0.0117348 0.0630476 
Latency(us)/Energy(mJ): 1 0.309987 0.0939728 0.0173888 0.0934251 
Latency(us)/Energy(mJ): 4781 37.9346 11.0103 1.812 12.3785 
Latency(us)/Energy(mJ): 44 0.277222 0.0777832 0.0117881 0.0941195 
Latency(us)/Energy(mJ): 0 0 0 0 0 
Latency(us)/Energy(mJ): 2128 20.0417 5.62273 0.823234 6.91298 
Latency(us)/Energy(mJ): 52 0.297845 0.0833392 0.0119101 0.104065 
0.5948 - "n02085620 Chihuahua"
0.0656 - "n02110806 basenji"
0.0383 - "n02113023 Pembroke, Pembroke Welsh corgi"
0.0311 - "n02091244 Ibizan hound, Ibizan Podenco"
0.0298 - "n02389026 sorrel"
