loading weight: /home/nvidia/caffe-build/models/bvlc_alexnet/bvlc_alexnet.caffemodel
loading prototxt: /home/nvidia/caffe-build/models/bvlc_alexnet/deploy.prototxt
---------- Prediction for /home/nvidia/Downloads/ILSVRC2012_img_train_t3/n02085620/n02085620_1152.JPEG ----------
Latency(us)/Energy(mJ): 0 0 0 0 0 
Latency(us)/Energy(mJ): 348 1.54044 0.0532 0.3206 0.486669 
Latency(us)/Energy(mJ): 27 0.128262 0.00662726 0.026509 0.0404871 
Latency(us)/Energy(mJ): 62 0.200326 0.0103508 0.0414032 0.0632348 
Latency(us)/Energy(mJ): 54 0.335965 0.0172116 0.0688466 0.105149 
Latency(us)/Energy(mJ): 2364 11.0807 0.972362 2.15683 3.3693 
Latency(us)/Energy(mJ): 24 0 0 0 0 
Latency(us)/Energy(mJ): 55 0.370337 0.0458598 0.0688649 0.110891 
Latency(us)/Energy(mJ): 47 0.224472 0.0275842 0.0414215 0.0666995 
Latency(us)/Energy(mJ): 2957 15.1968 2.29951 2.7058 4.37715 
Latency(us)/Energy(mJ): 30 0.23886 0.04122 0.04122 0.06813 
Latency(us)/Energy(mJ): 2278 12.6921 2.29635 1.92114 3.68867 
Latency(us)/Energy(mJ): 41 0.262366 0.048295 0.0379396 0.0761053 
Latency(us)/Energy(mJ): 1629 9.50088 1.85321 1.34641 2.80134 
Latency(us)/Energy(mJ): 44 0.454255 0.0919657 0.0631935 0.134564 
Latency(us)/Energy(mJ): 47 0.271636 0.0549938 0.0377886 0.0809819 
Latency(us)/Energy(mJ): 1298 7.98715 1.59121 1.09338 2.38864 
Latency(us)/Energy(mJ): 30 0 0 0 0 
Latency(us)/Energy(mJ): 1 0 0 0 0 
Latency(us)/Energy(mJ): 7635 54.8081 10.1608 6.41582 18.589 
Latency(us)/Energy(mJ): 31 0.353732 0.0620693 0.0379564 0.127215 
Latency(us)/Energy(mJ): 1 0 0 0 0 
Latency(us)/Energy(mJ): 3361 27.1311 4.78336 2.82819 9.87136 
Latency(us)/Energy(mJ): 38 0.244271 0.0431504 0.0249724 0.0900854 
0.5948 - "n02085620 Chihuahua"
0.0656 - "n02110806 basenji"
0.0383 - "n02113023 Pembroke, Pembroke Welsh corgi"
0.0311 - "n02091244 Ibizan hound, Ibizan Podenco"
0.0298 - "n02389026 sorrel"
