loading weight: /home/nvidia/caffe-build/models/bvlc_alexnet/bvlc_alexnet.caffemodel
loading prototxt: /home/nvidia/caffe-build/models/bvlc_alexnet/deploy.prototxt
---------- Prediction for /home/nvidia/caffe-build/examples/images/cat.jpg ----------
Latency(us)/Energy(mJ): 0 0 0 0 0 
Latency(us)/Energy(mJ): 3407 8.92185 0.673524 2.59084 1.95065 
Latency(us)/Energy(mJ): 33 0 0 0 0 
Latency(us)/Energy(mJ): 326 1.06177 0.114512 0.286844 0.237284 
Latency(us)/Energy(mJ): 124 0.325578 0.034648 0.0867904 0.0717952 
Latency(us)/Energy(mJ): 3622 11.0952 1.63964 2.78199 2.52792 
Latency(us)/Energy(mJ): 31 0 0 0 0 
Latency(us)/Energy(mJ): 223 0.612924 0.115265 0.144129 0.13877 
Latency(us)/Energy(mJ): 93 0.610325 0.114776 0.143517 0.140324 
Latency(us)/Energy(mJ): 2782 9.20244 1.80104 2.09794 2.08202 
Latency(us)/Energy(mJ): 30 0.259376 0.0576056 0.0576056 0.0577564 
Latency(us)/Energy(mJ): 2004 6.97479 1.58817 1.52238 1.52852 
Latency(us)/Energy(mJ): 29 0 0 0 0 
Latency(us)/Energy(mJ): 1596 5.69317 1.38419 1.20697 1.23799 
Latency(us)/Energy(mJ): 31 0.410666 0.1036 0.0864084 0.0887835 
Latency(us)/Energy(mJ): 48 0 0 0 0 
Latency(us)/Energy(mJ): 2335 8.42763 2.02973 1.7464 1.85601 
Latency(us)/Energy(mJ): 33 0 0 0 0 
Latency(us)/Energy(mJ): 1 0 0 0 0 
Latency(us)/Energy(mJ): 8917 37.8924 8.84825 6.14961 10.3408 
Latency(us)/Energy(mJ): 32 0.35172 0.0800146 0.051422 0.106137 
Latency(us)/Energy(mJ): 1 0 0 0 0 
Latency(us)/Energy(mJ): 3830 18.4564 4.21639 2.60864 5.73716 
Latency(us)/Energy(mJ): 211 0.949438 0.216634 0.12998 0.301885 
0.3094 - "n02124075 Egyptian cat"
0.1761 - "n02123159 tiger cat"
0.1221 - "n02123045 tabby, tabby cat"
0.1132 - "n02119022 red fox, Vulpes vulpes"
0.0421 - "n02085620 Chihuahua"
