loading weight: /home/nvidia/caffe-build/models/bvlc_alexnet/bvlc_alexnet.caffemodel
loading prototxt: /home/nvidia/caffe-build/models/bvlc_alexnet/deploy.prototxt
---------- Prediction for /home/nvidia/caffe-build/examples/images/cat.jpg ----------
Latency(us)/Energy(mJ): 0 0 0 0 0 
Latency(us)/Energy(mJ): 3220 12.2789 0.621907 2.20163 4.33645 
Latency(us)/Energy(mJ): 41 0 0 0 0 
Latency(us)/Energy(mJ): 284 1.20651 0.091744 0.20665 0.420819 
Latency(us)/Energy(mJ): 132 0.752692 0.0566843 0.127679 0.260004 
Latency(us)/Energy(mJ): 2820 11.9437 1.26469 1.93236 4.07983 
Latency(us)/Energy(mJ): 37 0 0 0 0 
Latency(us)/Energy(mJ): 199 1.15963 0.159868 0.179754 0.391167 
Latency(us)/Energy(mJ): 98 0 0 0 0 
Latency(us)/Energy(mJ): 2255 10.7391 1.55932 1.62221 3.5622 
Latency(us)/Energy(mJ): 34 0 0 0 0 
Latency(us)/Energy(mJ): 1915 9.18361 1.56197 1.19837 2.96442 
Latency(us)/Energy(mJ): 38 0 0 0 0 
Latency(us)/Energy(mJ): 1300 6.30115 1.15829 0.801174 2.00657 
Latency(us)/Energy(mJ): 39 0 0 0 0 
Latency(us)/Energy(mJ): 58 0.549747 0.103829 0.0692569 0.171612 
Latency(us)/Energy(mJ): 1723 8.54011 1.58557 1.07677 2.70377 
Latency(us)/Energy(mJ): 39 0 0 0 0 
Latency(us)/Energy(mJ): 3 0 0 0 0 
Latency(us)/Energy(mJ): 5494 30.8844 5.78223 3.38534 10.4068 
Latency(us)/Energy(mJ): 37 0 0 0 0 
Latency(us)/Energy(mJ): 1 0 0 0 0 
Latency(us)/Energy(mJ): 2383 14.6715 2.81792 1.41935 5.18504 
Latency(us)/Energy(mJ): 255 1.95897 0.390202 0.183519 0.700035 
0.3094 - "n02124075 Egyptian cat"
0.1761 - "n02123159 tiger cat"
0.1221 - "n02123045 tabby, tabby cat"
0.1132 - "n02119022 red fox, Vulpes vulpes"
0.0421 - "n02085620 Chihuahua"
