loading weight: /home/nvidia/caffe-build/models/bvlc_alexnet/bvlc_alexnet.caffemodel
loading prototxt: /home/nvidia/caffe-build/models/bvlc_alexnet/deploy.prototxt
---------- Prediction for /home/nvidia/Downloads/ILSVRC2012_img_train_t3/n02085620/n02085620_1152.JPEG ----------
Latency(us)/Energy(mJ): 0 0 0 0 0 
Latency(us)/Energy(mJ): 565 2.03407 0.127762 0.167158 0.731593 
Latency(us)/Energy(mJ): 73 0.321058 0.0312191 0.0249917 0.111438 
Latency(us)/Energy(mJ): 135 0.472455 0.0448742 0.0359229 0.162536 
Latency(us)/Energy(mJ): 133 0.674313 0.0716832 0.0500749 0.226568 
Latency(us)/Energy(mJ): 1056 4.72741 0.772143 0.322001 1.5193 
Latency(us)/Energy(mJ): 75 0.39576 0.0836771 0.024888 0.12036 
Latency(us)/Energy(mJ): 114 0.398077 0.0866789 0.0247538 0.119711 
Latency(us)/Energy(mJ): 119 0.631178 0.145575 0.0387777 0.187532 
Latency(us)/Energy(mJ): 845 4.40119 1.1297 0.25745 1.28656 
Latency(us)/Energy(mJ): 78 0.450846 0.125214 0.02501 0.13202 
Latency(us)/Energy(mJ): 1125 6.75041 2.01691 0.345571 1.95789 
Latency(us)/Energy(mJ): 80 0.522105 0.16482 0.0249246 0.150812 
Latency(us)/Energy(mJ): 661 4.28699 1.40148 0.198457 1.23383 
Latency(us)/Energy(mJ): 71 0.548711 0.18542 0.0247172 0.158109 
Latency(us)/Energy(mJ): 88 0.555993 0.187296 0.0249673 0.159026 
Latency(us)/Energy(mJ): 1027 6.97607 2.29416 0.321299 2.02456 
Latency(us)/Energy(mJ): 80 0.549234 0.174682 0.0249429 0.163425 
Latency(us)/Energy(mJ): 4 0 0 0 0 
Latency(us)/Energy(mJ): 4675 37.2949 11.5624 1.36615 11.9642 
Latency(us)/Energy(mJ): 82 0.811252 0.246177 0.0272931 0.272138 
Latency(us)/Energy(mJ): 1 0 0 0 0 
Latency(us)/Energy(mJ): 2033 19.3457 5.81671 0.62064 6.56525 
Latency(us)/Energy(mJ): 98 0.797848 0.237679 0.0249584 0.272434 
0.5948 - "n02085620 Chihuahua"
0.0656 - "n02110806 basenji"
0.0383 - "n02113023 Pembroke, Pembroke Welsh corgi"
0.0311 - "n02091244 Ibizan hound, Ibizan Podenco"
0.0298 - "n02389026 sorrel"
