loading weight: /home/nvidia/caffe-build/models/bvlc_alexnet/bvlc_alexnet.caffemodel
loading prototxt: /home/nvidia/caffe-build/models/bvlc_alexnet/deploy.prototxt
---------- Prediction for /home/nvidia/caffe-build/examples/images/cat.jpg ----------
Latency(us)/Energy(mJ): 5 0 0 0 0 
Latency(us)/Energy(mJ): 8014 21.8048 1.89193 9.00398 3.40061 
Latency(us)/Energy(mJ): 45 0 0 0 0 
Latency(us)/Energy(mJ): 613 2.02646 0.267056 0.748037 0.323719 
Latency(us)/Energy(mJ): 207 0.567782 0.0746619 0.209131 0.0936205 
Latency(us)/Energy(mJ): 9794 30.3816 5.33758 10.4617 4.98965 
Latency(us)/Energy(mJ): 37 0 0 0 0 
Latency(us)/Energy(mJ): 462 1.63603 0.345939 0.500025 0.269903 
Latency(us)/Energy(mJ): 211 0.632905 0.133828 0.208436 0.104413 
Latency(us)/Energy(mJ): 5821 19.3603 4.3312 5.86136 3.14359 
Latency(us)/Energy(mJ): 60 0.277279 0.069258 0.0818728 0.0441932 
Latency(us)/Energy(mJ): 3888 13.0974 3.33444 3.80835 2.05567 
Latency(us)/Energy(mJ): 37 0.287109 0.0756158 0.0819721 0.0442468 
Latency(us)/Energy(mJ): 3792 12.9455 3.40944 3.69605 1.92962 
Latency(us)/Energy(mJ): 33 0.394753 0.103966 0.112705 0.0586795 
Latency(us)/Energy(mJ): 54 0.286935 0.07557 0.0819225 0.0426525 
Latency(us)/Energy(mJ): 7107 23.9309 5.92966 7.15037 3.64221 
Latency(us)/Energy(mJ): 34 0.382037 0.0867904 0.112805 0.063048 
Latency(us)/Energy(mJ): 3 0 0 0 0 
Latency(us)/Energy(mJ): 33058 117.699 27.4808 31.8233 22.9763 
Latency(us)/Energy(mJ): 33 0 0 0 0 
Latency(us)/Energy(mJ): 2 0 0 0 0 
Latency(us)/Energy(mJ): 14290 52.3501 10.9589 13.1392 11.3854 
Latency(us)/Energy(mJ): 230 0.716739 0.149247 0.178941 0.157257 
0.3094 - "n02124075 Egyptian cat"
0.1761 - "n02123159 tiger cat"
0.1221 - "n02123045 tabby, tabby cat"
0.1132 - "n02119022 red fox, Vulpes vulpes"
0.0421 - "n02085620 Chihuahua"
