loading weight: /home/nvidia/caffe-build/models/bvlc_alexnet/bvlc_alexnet.caffemodel
loading prototxt: /home/nvidia/caffe-build/models/bvlc_alexnet/deploy.prototxt
---------- Prediction for /home/nvidia/Downloads/ILSVRC2012_img_train_t3/n02085620/n02085620_1152.JPEG ----------
Latency(us)/Energy(mJ): 0 0 0 0 0 
Latency(us)/Energy(mJ): 455 2.01686 0.0685824 0.482333 0.622656 
Latency(us)/Energy(mJ): 24 0 0 0 0 
Latency(us)/Energy(mJ): 62 0.329797 0.0112146 0.0788708 0.101816 
Latency(us)/Energy(mJ): 54 0.33269 0.0112176 0.0788922 0.101844 
Latency(us)/Energy(mJ): 6793 31.4509 2.39495 6.75292 9.3026 
Latency(us)/Energy(mJ): 26 0 0 0 0 
Latency(us)/Energy(mJ): 51 0.351271 0.0336996 0.0729914 0.10154 
Latency(us)/Energy(mJ): 47 0.216358 0.0207566 0.0449574 0.0625416 
Latency(us)/Energy(mJ): 8889 42.7112 5.05322 8.24211 12.0601 
Latency(us)/Energy(mJ): 28 0.219608 0.0276208 0.0414765 0.0624864 
Latency(us)/Energy(mJ): 6254 31.344 4.06524 5.7381 9.10933 
Latency(us)/Energy(mJ): 44 1.13393 0.152239 0.202986 0.335502 
Latency(us)/Energy(mJ): 4534 23.3557 3.10748 4.14331 6.9622 
Latency(us)/Energy(mJ): 43 0.234977 0.0310799 0.0414398 0.070122 
Latency(us)/Energy(mJ): 48 0.383525 0.0507281 0.0676374 0.114452 
Latency(us)/Energy(mJ): 4325 22.5045 2.9558 3.94107 6.78894 
Latency(us)/Energy(mJ): 29 0.238309 0.0310661 0.0414215 0.0735277 
Latency(us)/Energy(mJ): 2 0 0 0 0 
Latency(us)/Energy(mJ): 21552 127.396 14.7637 19.732 43.4615 
Latency(us)/Energy(mJ): 30 0.277553 0.0275476 0.0413666 0.0976359 
Latency(us)/Energy(mJ): 0 0 0 0 0 
Latency(us)/Energy(mJ): 9550 59.2704 6.24798 8.72984 21.0169 
Latency(us)/Energy(mJ): 43 0.283954 0.0276696 0.0415498 0.100654 
0.5948 - "n02085620 Chihuahua"
0.0656 - "n02110806 basenji"
0.0383 - "n02113023 Pembroke, Pembroke Welsh corgi"
0.0311 - "n02091244 Ibizan hound, Ibizan Podenco"
0.0298 - "n02389026 sorrel"
