loading weight: /home/nvidia/caffe-build/models/bvlc_alexnet/bvlc_alexnet.caffemodel
loading prototxt: /home/nvidia/caffe-build/models/bvlc_alexnet/deploy.prototxt
---------- Prediction for /home/nvidia/Downloads/ILSVRC2012_img_train_t3/n02085620/n02085620_1152.JPEG ----------
Latency(us)/Energy(mJ): 0 0 0 0 0 
Latency(us)/Energy(mJ): 377 1.47051 0.0550149 0.193276 0.520108 
Latency(us)/Energy(mJ): 33 0.126483 0.00470288 0.016522 0.0444608 
Latency(us)/Energy(mJ): 70 0.315839 0.0117435 0.0412568 0.111023 
Latency(us)/Energy(mJ): 65 0.309462 0.0115064 0.0404238 0.108781 
Latency(us)/Energy(mJ): 4156 17.9208 1.57502 2.21701 5.97182 
Latency(us)/Energy(mJ): 33 0 0 0 0 
Latency(us)/Energy(mJ): 57 0.344501 0.0408083 0.0408083 0.11272 
Latency(us)/Energy(mJ): 60 0.34369 0.0407122 0.0407122 0.112454 
Latency(us)/Energy(mJ): 5340 24.6883 3.59839 2.84841 7.71621 
Latency(us)/Energy(mJ): 34 0.143471 0.0231189 0.0161802 0.0441168 
Latency(us)/Energy(mJ): 3868 19.0068 3.1377 2.05772 5.94031 
Latency(us)/Energy(mJ): 42 0.383871 0.0634116 0.0403597 0.121684 
Latency(us)/Energy(mJ): 2894 14.8629 2.62059 1.53316 4.7133 
Latency(us)/Energy(mJ): 41 0.238893 0.0418246 0.0243824 0.0759782 
Latency(us)/Energy(mJ): 51 0.395016 0.069158 0.040317 0.126491 
Latency(us)/Energy(mJ): 2551 13.3923 2.31459 1.34933 4.30325 
Latency(us)/Energy(mJ): 37 0.243941 0.0414948 0.0241902 0.079728 
Latency(us)/Energy(mJ): 0 0 0 0 0 
Latency(us)/Energy(mJ): 13182 81.1455 12.2923 7.03575 29.3531 
Latency(us)/Energy(mJ): 36 0.31253 0.0435723 0.0254291 0.118431 
Latency(us)/Energy(mJ): 0 0.203584 0.0283833 0.0165647 0.0771467 
Latency(us)/Energy(mJ): 5765 38.8956 5.30228 3.09444 14.8462 
Latency(us)/Energy(mJ): 44 0.206341 0.0277977 0.0162229 0.0790488 
0.5948 - "n02085620 Chihuahua"
0.0656 - "n02110806 basenji"
0.0383 - "n02113023 Pembroke, Pembroke Welsh corgi"
0.0311 - "n02091244 Ibizan hound, Ibizan Podenco"
0.0298 - "n02389026 sorrel"
