loading weight: /home/nvidia/caffe-build/models/bvlc_alexnet/bvlc_alexnet.caffemodel
loading prototxt: /home/nvidia/caffe-build/models/bvlc_alexnet/deploy.prototxt
---------- Prediction for /home/nvidia/Downloads/ILSVRC2012_img_train_t3/n02085620/n02085620_1152.JPEG ----------
Latency(us)/Energy(mJ): 1 0 0 0 0 
Latency(us)/Energy(mJ): 415 1.82684 0.0746395 0.382119 0.563042 
Latency(us)/Energy(mJ): 49 0.124355 0.00637078 0.0254831 0.0378352 
Latency(us)/Energy(mJ): 99 0.529715 0.0304862 0.108198 0.160643 
Latency(us)/Energy(mJ): 91 0.455461 0.030744 0.0923328 0.137643 
Latency(us)/Energy(mJ): 1457 7.00117 0.722755 1.33778 2.07669 
Latency(us)/Energy(mJ): 37 0 0 0 0 
Latency(us)/Energy(mJ): 71 0.36759 0.050096 0.0667947 0.107557 
Latency(us)/Energy(mJ): 73 0.368947 0.0501373 0.0668497 0.107646 
Latency(us)/Energy(mJ): 1655 8.90606 1.49394 1.53824 2.50514 
Latency(us)/Energy(mJ): 41 0.250182 0.0482736 0.0414032 0.0701504 
Latency(us)/Energy(mJ): 1508 8.72252 1.76351 1.36237 2.4771 
Latency(us)/Energy(mJ): 59 0.451308 0.0946551 0.0667767 0.128445 
Latency(us)/Energy(mJ): 942 6.01098 1.33397 0.867713 1.73214 
Latency(us)/Energy(mJ): 57 0.474605 0.105777 0.066795 0.136875 
Latency(us)/Energy(mJ): 60 0.476195 0.111295 0.0667767 0.138224 
Latency(us)/Energy(mJ): 895 5.74525 1.30515 0.800991 1.6752 
Latency(us)/Energy(mJ): 44 0.300216 0.0655238 0.0413763 0.0899878 
Latency(us)/Energy(mJ): 1 0 0 0 0 
Latency(us)/Energy(mJ): 5396 41.7118 8.99326 4.90201 13.7143 
Latency(us)/Energy(mJ): 43 0.237954 0.0507365 0.0253821 0.0828039 
Latency(us)/Energy(mJ): 1 0 0 0 0 
Latency(us)/Energy(mJ): 2369 21.3538 4.44099 2.0175 7.53071 
Latency(us)/Energy(mJ): 53 0.411499 0.0860227 0.0378608 0.146971 
0.5948 - "n02085620 Chihuahua"
0.0656 - "n02110806 basenji"
0.0383 - "n02113023 Pembroke, Pembroke Welsh corgi"
0.0311 - "n02091244 Ibizan hound, Ibizan Podenco"
0.0298 - "n02389026 sorrel"
