loading weight: /home/nvidia/caffe-build/models/bvlc_alexnet/bvlc_alexnet.caffemodel
loading prototxt: /home/nvidia/caffe-build/models/bvlc_alexnet/deploy.prototxt
---------- Prediction for /home/nvidia/caffe-build/examples/images/cat.jpg ----------
Latency(us)/Energy(mJ): 1 0 0 0 0 
Latency(us)/Energy(mJ): 2989 11.4479 0.583398 2.04657 4.02847 
Latency(us)/Energy(mJ): 37 0 0 0 0 
Latency(us)/Energy(mJ): 315 1.54441 0.144209 0.26003 0.529521 
Latency(us)/Energy(mJ): 136 0.311097 0.0289941 0.0522807 0.10791 
Latency(us)/Energy(mJ): 2412 10.6314 1.25674 1.69047 3.56906 
Latency(us)/Energy(mJ): 39 0 0 0 0 
Latency(us)/Energy(mJ): 238 1.37744 0.208161 0.208161 0.452985 
Latency(us)/Energy(mJ): 111 0.349988 0.0524524 0.0524524 0.114143 
Latency(us)/Energy(mJ): 1785 8.5046 1.38608 1.24752 2.74782 
Latency(us)/Energy(mJ): 43 0.365471 0.063798 0.0521776 0.116431 
Latency(us)/Energy(mJ): 1579 7.3926 1.40769 1.04063 2.32211 
Latency(us)/Energy(mJ): 38 0 0 0 0 
Latency(us)/Energy(mJ): 1174 6.25603 1.29603 0.857719 1.92833 
Latency(us)/Energy(mJ): 39 0.390067 0.0820224 0.0527616 0.119194 
Latency(us)/Energy(mJ): 58 0 0 0 0 
Latency(us)/Energy(mJ): 1609 8.20355 1.73833 1.1182 2.53424 
Latency(us)/Energy(mJ): 37 0.390749 0.0809544 0.0520746 0.123478 
Latency(us)/Energy(mJ): 3 0 0 0 0 
Latency(us)/Energy(mJ): 5027 29.1747 6.29185 3.41987 9.58356 
Latency(us)/Energy(mJ): 37 0 0 0 0 
Latency(us)/Energy(mJ): 4 0 0 0 0 
Latency(us)/Energy(mJ): 2159 14.2787 3.20119 1.33138 4.86611 
Latency(us)/Energy(mJ): 258 2.07327 0.461313 0.184525 0.713934 
0.3094 - "n02124075 Egyptian cat"
0.1761 - "n02123159 tiger cat"
0.1221 - "n02123045 tabby, tabby cat"
0.1132 - "n02119022 red fox, Vulpes vulpes"
0.0421 - "n02085620 Chihuahua"
