loading weight: /home/nvidia/caffe-build/models/bvlc_alexnet/bvlc_alexnet.caffemodel
loading prototxt: /home/nvidia/caffe-build/models/bvlc_alexnet/deploy.prototxt
---------- Prediction for /home/nvidia/caffe-build/examples/images/cat.jpg ----------
Latency(us)/Energy(mJ): 0 0 0 0 0 
Latency(us)/Energy(mJ): 4497 9.82918 0.828862 1.69958 2.71457 
Latency(us)/Energy(mJ): 40 0 0 0 0 
Latency(us)/Energy(mJ): 272 0.734022 0.0929335 0.116395 0.202059 
Latency(us)/Energy(mJ): 120 0.19007 0.0240645 0.0301398 0.052863 
Latency(us)/Energy(mJ): 3587 9.606 1.65875 1.39019 2.62652 
Latency(us)/Energy(mJ): 38 0 0 0 0 
Latency(us)/Energy(mJ): 206 0.871565 0.186722 0.116739 0.23409 
Latency(us)/Energy(mJ): 98 0.226701 0.0483301 0.0302162 0.0605906 
Latency(us)/Energy(mJ): 2704 7.92614 1.78935 1.02298 2.0964 
Latency(us)/Energy(mJ): 37 0 0 0 0 
Latency(us)/Energy(mJ): 1975 6.31571 1.62735 0.773034 1.58857 
Latency(us)/Energy(mJ): 36 0.247099 0.065436 0.0297578 0.0611515 
Latency(us)/Energy(mJ): 1570 4.92689 1.37249 0.584536 1.20505 
Latency(us)/Energy(mJ): 37 0 0 0 0 
Latency(us)/Energy(mJ): 54 0.372335 0.104974 0.0437772 0.092253 
Latency(us)/Energy(mJ): 2144 6.87482 1.92075 0.809611 1.71848 
Latency(us)/Energy(mJ): 39 0.262509 0.0723182 0.0301589 0.069555 
Latency(us)/Energy(mJ): 2 0 0 0 0 
Latency(us)/Energy(mJ): 8893 34.7114 8.92987 3.40326 10.4932 
Latency(us)/Energy(mJ): 39 0 0 0 0 
Latency(us)/Energy(mJ): 0 0 0 0 0 
Latency(us)/Energy(mJ): 3816 17.3127 4.30301 1.45547 5.82544 
Latency(us)/Energy(mJ): 248 1.26255 0.307776 0.102413 0.431962 
0.3094 - "n02124075 Egyptian cat"
0.1761 - "n02123159 tiger cat"
0.1221 - "n02123045 tabby, tabby cat"
0.1132 - "n02119022 red fox, Vulpes vulpes"
0.0421 - "n02085620 Chihuahua"
