loading weight: /home/nvidia/caffe-build/models/bvlc_alexnet/bvlc_alexnet.caffemodel
loading prototxt: /home/nvidia/caffe-build/models/bvlc_alexnet/deploy.prototxt
---------- Prediction for /home/nvidia/Downloads/ILSVRC2012_img_train_t3/n02085620/n02085620_1152.JPEG ----------
Latency(us)/Energy(mJ): 0 0 0 0 0 
Latency(us)/Energy(mJ): 202285 752.448 46.302 123.191 234.629 
Latency(us)/Energy(mJ): 1304 4.84687 0.299427 0.798907 1.50367 
Latency(us)/Energy(mJ): 198526 721.422 45.4539 106.56 228.252 
Latency(us)/Energy(mJ): 14471 52.8769 3.31801 7.73719 16.6625 
Latency(us)/Energy(mJ): 417995 1548.68 95.6939 254.859 481.994 
Latency(us)/Energy(mJ): 817 2.96612 0.183232 0.488886 0.920161 
Latency(us)/Energy(mJ): 768005 2759.34 175.831 411.891 853.462 
Latency(us)/Energy(mJ): 7317 26.2913 1.67568 3.90748 8.22908 
Latency(us)/Energy(mJ): 278972 1032.29 63.8735 170.027 320.644 
Latency(us)/Energy(mJ): 283 1.02973 0.0636116 0.169724 0.319447 
Latency(us)/Energy(mJ): 212785 788.457 48.7098 129.964 244.613 
Latency(us)/Energy(mJ): 283 1.14843 0.0709442 0.189288 0.35627 
Latency(us)/Energy(mJ): 142125 526.695 32.5388 86.8175 164.625 
Latency(us)/Energy(mJ): 189 0.578779 0.0357561 0.0954015 0.179561 
Latency(us)/Energy(mJ): 1778 6.70662 0.4164 1.11101 2.09109 
Latency(us)/Energy(mJ): 280206 1092.91 64.147 171.152 353.412 
Latency(us)/Energy(mJ): 18 0 0 0 0 
Latency(us)/Energy(mJ): 1 0 0 0 0 
Latency(us)/Energy(mJ): 126627 493.419 28.9912 77.3522 160.148 
Latency(us)/Energy(mJ): 18 0.178171 0.0104699 0.0279349 0.0578358 
Latency(us)/Energy(mJ): 3 0 0 0 0 
Latency(us)/Energy(mJ): 30159 117.532 6.90655 18.4275 38.1519 
Latency(us)/Energy(mJ): 188 0.725933 0.0426581 0.113817 0.235644 
0.5948 - "n02085620 Chihuahua"
0.0656 - "n02110806 basenji"
0.0383 - "n02113023 Pembroke, Pembroke Welsh corgi"
0.0311 - "n02091244 Ibizan hound, Ibizan Podenco"
0.0298 - "n02389026 sorrel"
