loading weight: /home/nvidia/caffe-build/models/bvlc_alexnet/bvlc_alexnet.caffemodel
loading prototxt: /home/nvidia/caffe-build/models/bvlc_alexnet/deploy.prototxt
---------- Prediction for /home/nvidia/Downloads/ILSVRC2012_img_train_t3/n02085620/n02085620_1152.JPEG ----------
Latency(us)/Energy(mJ): 0 0 0 0 0 
Latency(us)/Energy(mJ): 569 2.11772 0.159506 0.168775 0.742694 
Latency(us)/Energy(mJ): 75 0.339422 0.0438841 0.0250649 0.111765 
Latency(us)/Energy(mJ): 139 0.499262 0.0751133 0.0361059 0.16264 
Latency(us)/Energy(mJ): 138 0.722625 0.122607 0.0504104 0.229668 
Latency(us)/Energy(mJ): 958 4.53826 1.00361 0.287853 1.36961 
Latency(us)/Energy(mJ): 72 0.432261 0.118842 0.0249978 0.120891 
Latency(us)/Energy(mJ): 114 0.631496 0.183145 0.0360266 0.175854 
Latency(us)/Energy(mJ): 130 0.695735 0.210486 0.0388631 0.190493 
Latency(us)/Energy(mJ): 669 3.93666 1.24747 0.210255 1.0599 
Latency(us)/Energy(mJ): 82 0.49252 0.162132 0.0249246 0.132262 
Latency(us)/Energy(mJ): 1043 6.73133 2.38719 0.31304 1.78037 
Latency(us)/Energy(mJ): 78 0.581265 0.217576 0.0251747 0.153194 
Latency(us)/Energy(mJ): 603 4.46404 1.67866 0.186514 1.15509 
Latency(us)/Energy(mJ): 74 0.613481 0.237728 0.0250283 0.156981 
Latency(us)/Energy(mJ): 91 0.61304 0.232507 0.0251381 0.157669 
Latency(us)/Energy(mJ): 1085 7.97096 2.96835 0.335903 2.07947 
Latency(us)/Energy(mJ): 82 0.5986 0.218563 0.0249856 0.161464 
Latency(us)/Energy(mJ): 2 0 0 0 0 
Latency(us)/Energy(mJ): 4549 39.7163 14.1388 1.38957 11.6568 
Latency(us)/Energy(mJ): 81 0.807037 0.281905 0.025007 0.248672 
Latency(us)/Energy(mJ): 1 0 0 0 0 
Latency(us)/Energy(mJ): 1981 20.2185 7.0127 0.602893 6.3307 
Latency(us)/Energy(mJ): 99 0.860466 0.299125 0.0248794 0.273309 
0.5948 - "n02085620 Chihuahua"
0.0656 - "n02110806 basenji"
0.0383 - "n02113023 Pembroke, Pembroke Welsh corgi"
0.0311 - "n02091244 Ibizan hound, Ibizan Podenco"
0.0298 - "n02389026 sorrel"
