loading weight: /home/nvidia/caffe-build/models/bvlc_alexnet/bvlc_alexnet.caffemodel
loading prototxt: /home/nvidia/caffe-build/models/bvlc_alexnet/deploy.prototxt
---------- Prediction for /home/nvidia/caffe-build/examples/images/cat.jpg ----------
Latency(us)/Energy(mJ): 1 0 0 0 0 
Latency(us)/Energy(mJ): 4099 9.16656 0.777146 2.16999 2.00058 
Latency(us)/Energy(mJ): 67 0.212095 0.0326037 0.0456623 0.0473693 
Latency(us)/Energy(mJ): 453 1.20232 0.182634 0.255783 0.267414 
Latency(us)/Energy(mJ): 197 0.480259 0.0721025 0.100981 0.108531 
Latency(us)/Energy(mJ): 3258 9.15452 1.6731 1.76082 2.0712 
Latency(us)/Energy(mJ): 65 0 0 0 0 
Latency(us)/Energy(mJ): 327 1.13922 0.259617 0.201882 0.252825 
Latency(us)/Energy(mJ): 180 0.577009 0.12986 0.100981 0.128167 
Latency(us)/Energy(mJ): 2345 7.4669 1.77661 1.26477 1.65461 
Latency(us)/Energy(mJ): 61 0.283175 0.072366 0.0460902 0.0610804 
Latency(us)/Energy(mJ): 1839 5.99152 1.62342 0.961154 1.28441 
Latency(us)/Energy(mJ): 54 0.2881 0.0831638 0.0448062 0.06097 
Latency(us)/Energy(mJ): 1627 5.59348 1.66055 0.863731 1.1825 
Latency(us)/Energy(mJ): 55 0.299036 0.0909184 0.0455018 0.0635324 
Latency(us)/Energy(mJ): 91 0.364961 0.110962 0.055533 0.0775386 
Latency(us)/Energy(mJ): 2828 9.7886 2.88409 1.5114 2.09936 
Latency(us)/Energy(mJ): 59 0.361086 0.100889 0.054356 0.0837184 
Latency(us)/Energy(mJ): 7 0 0 0 0 
Latency(us)/Energy(mJ): 8707 36.0861 10.1175 4.63339 9.72386 
Latency(us)/Energy(mJ): 55 0.337479 0.094754 0.038982 0.10074 
Latency(us)/Energy(mJ): 6 0 0 0 0 
Latency(us)/Energy(mJ): 3712 18.1906 4.98153 2.01104 5.58282 
Latency(us)/Energy(mJ): 399 1.88902 0.51683 0.200864 0.59375 
0.3094 - "n02124075 Egyptian cat"
0.1761 - "n02123159 tiger cat"
0.1221 - "n02123045 tabby, tabby cat"
0.1132 - "n02119022 red fox, Vulpes vulpes"
0.0421 - "n02085620 Chihuahua"
