loading weight: /home/nvidia/caffe-build/models/bvlc_alexnet/bvlc_alexnet.caffemodel
loading prototxt: /home/nvidia/caffe-build/models/bvlc_alexnet/deploy.prototxt
---------- Prediction for /home/nvidia/Downloads/ILSVRC2012_img_train_t3/n02085620/n02085620_1152.JPEG ----------
Latency(us)/Energy(mJ): 0 0 0 0 0 
Latency(us)/Energy(mJ): 242 0.978462 0.0346195 0.156471 0.344612 
Latency(us)/Energy(mJ): 22 0 0 0 0 
Latency(us)/Energy(mJ): 50 0.324273 0.0135448 0.051154 0.112732 
Latency(us)/Energy(mJ): 45 0.196759 0.0103462 0.0310387 0.0684025 
Latency(us)/Energy(mJ): 1703 7.93783 0.728249 1.17543 2.67111 
Latency(us)/Energy(mJ): 21 0 0 0 0 
Latency(us)/Energy(mJ): 41 0.359757 0.044896 0.0505632 0.118359 
Latency(us)/Energy(mJ): 42 0.221426 0.027633 0.0311211 0.072933 
Latency(us)/Energy(mJ): 2103 10.6605 1.69956 1.42731 3.34911 
Latency(us)/Energy(mJ): 23 0.241853 0.0448781 0.0310799 0.0744198 
Latency(us)/Energy(mJ): 1578 8.84326 1.73934 1.07896 2.7403 
Latency(us)/Energy(mJ): 29 0 0 0 0 
Latency(us)/Energy(mJ): 1153 7.11277 1.53413 0.806675 2.21385 
Latency(us)/Energy(mJ): 29 0.28111 0.0620321 0.0309935 0.0881462 
Latency(us)/Energy(mJ): 36 0.176083 0.0388559 0.0194138 0.0552133 
Latency(us)/Energy(mJ): 941 6.05542 1.36387 0.65609 1.90131 
Latency(us)/Energy(mJ): 25 0 0 0 0 
Latency(us)/Energy(mJ): 0 0 0 0 0 
Latency(us)/Energy(mJ): 5880 43.9361 9.26264 4.03048 15.1458 
Latency(us)/Energy(mJ): 26 0.373375 0.0759898 0.0311032 0.13534 
Latency(us)/Energy(mJ): 0 0 0 0 0 
Latency(us)/Energy(mJ): 2622 22.0484 4.4381 1.78101 8.08839 
Latency(us)/Energy(mJ): 32 0.6405 0.129161 0.0505445 0.236808 
0.5948 - "n02085620 Chihuahua"
0.0656 - "n02110806 basenji"
0.0383 - "n02113023 Pembroke, Pembroke Welsh corgi"
0.0311 - "n02091244 Ibizan hound, Ibizan Podenco"
0.0298 - "n02389026 sorrel"
