loading weight: /home/nvidia/caffe-build/models/bvlc_alexnet/bvlc_alexnet.caffemodel
loading prototxt: /home/nvidia/caffe-build/models/bvlc_alexnet/deploy.prototxt
---------- Prediction for /home/nvidia/caffe-build/examples/images/cat.jpg ----------
Latency(us)/Energy(mJ): 0 0 0 0 0 
Latency(us)/Energy(mJ): 4191 9.185 0.794527 1.58964 2.53412 
Latency(us)/Energy(mJ): 50 0.219701 0.0348384 0.0348384 0.0593712 
Latency(us)/Energy(mJ): 296 0.71954 0.112327 0.112327 0.197014 
Latency(us)/Energy(mJ): 134 0.227326 0.0354878 0.0354878 0.062243 
Latency(us)/Energy(mJ): 3254 8.67151 1.63563 1.23073 2.33753 
Latency(us)/Energy(mJ): 46 0.346538 0.081012 0.0449805 0.0901965 
Latency(us)/Energy(mJ): 229 0.571972 0.133713 0.0742417 0.148872 
Latency(us)/Energy(mJ): 116 0.234999 0.0549368 0.0305027 0.0611651 
Latency(us)/Energy(mJ): 2349 7.28228 1.8249 0.912636 1.88465 
Latency(us)/Energy(mJ): 38 0.259628 0.068754 0.0312667 0.0658892 
Latency(us)/Energy(mJ): 1707 5.58655 1.62082 0.65408 1.39074 
Latency(us)/Energy(mJ): 41 0 0 0 0 
Latency(us)/Energy(mJ): 1481 5.17929 1.57128 0.580067 1.25124 
Latency(us)/Energy(mJ): 42 0 0 0 0 
Latency(us)/Energy(mJ): 63 0.397148 0.123416 0.0441019 0.0951308 
Latency(us)/Energy(mJ): 2091 7.27094 2.25238 0.806975 1.77209 
Latency(us)/Energy(mJ): 48 0 0 0 0 
Latency(us)/Energy(mJ): 1 0 0 0 0 
Latency(us)/Energy(mJ): 8651 35.8178 10.406 3.32625 10.4007 
Latency(us)/Energy(mJ): 47 0 0 0 0 
Latency(us)/Energy(mJ): 0 0 0 0 0 
Latency(us)/Energy(mJ): 3730 18.1168 5.10111 1.44416 5.80022 
Latency(us)/Energy(mJ): 285 1.35022 0.374621 0.10388 0.441722 
0.3094 - "n02124075 Egyptian cat"
0.1761 - "n02123159 tiger cat"
0.1221 - "n02123045 tabby, tabby cat"
0.1132 - "n02119022 red fox, Vulpes vulpes"
0.0421 - "n02085620 Chihuahua"
