loading weight: /home/nvidia/caffe-build/models/bvlc_alexnet/bvlc_alexnet.caffemodel
loading prototxt: /home/nvidia/caffe-build/models/bvlc_alexnet/deploy.prototxt
---------- Prediction for /home/nvidia/Downloads/ILSVRC2012_img_train_t3/n02085620/n02085620_1152.JPEG ----------
Latency(us)/Energy(mJ): 0 0 0 0 0 
Latency(us)/Energy(mJ): 842 3.00946 0.150469 0.254529 1.07317 
Latency(us)/Energy(mJ): 117 0.474888 0.0323639 0.0389546 0.166419 
Latency(us)/Energy(mJ): 187 0.651294 0.0529297 0.0529297 0.226123 
Latency(us)/Energy(mJ): 200 0.834146 0.0670024 0.0670024 0.286243 
Latency(us)/Energy(mJ): 2324 9.50189 1.18856 0.709869 3.18011 
Latency(us)/Energy(mJ): 111 0.376097 0.0598514 0.0265716 0.121881 
Latency(us)/Energy(mJ): 174 0.746443 0.118508 0.0526125 0.241328 
Latency(us)/Energy(mJ): 182 0.935193 0.147526 0.0654957 0.300421 
Latency(us)/Energy(mJ): 2349 10.5219 1.94511 0.7076 3.3128 
Latency(us)/Energy(mJ): 115 0.625588 0.121022 0.0402966 0.197519 
Latency(us)/Energy(mJ): 2424 12.3034 2.54988 0.746573 3.93147 
Latency(us)/Energy(mJ): 124 0.453642 0.0985616 0.0262544 0.145915 
Latency(us)/Energy(mJ): 1558 8.62827 1.9061 0.4875 2.78292 
Latency(us)/Energy(mJ): 119 0.482431 0.106422 0.0265838 0.155058 
Latency(us)/Energy(mJ): 146 0.957887 0.211306 0.0527833 0.309513 
Latency(us)/Energy(mJ): 1630 8.8607 1.91603 0.498199 2.88643 
Latency(us)/Energy(mJ): 116 0.70665 0.147155 0.0391986 0.236865 
Latency(us)/Energy(mJ): 2 0 0 0 0 
Latency(us)/Energy(mJ): 7540 49.1788 9.61173 2.29542 17.9802 
Latency(us)/Energy(mJ): 119 0.966628 0.18368 0.0408029 0.371106 
Latency(us)/Energy(mJ): 2 0 0 0 0 
Latency(us)/Energy(mJ): 3280 24.2846 4.46563 0.992665 9.43271 
Latency(us)/Energy(mJ): 141 1.33231 0.239634 0.0532713 0.524679 
0.5948 - "n02085620 Chihuahua"
0.0656 - "n02110806 basenji"
0.0383 - "n02113023 Pembroke, Pembroke Welsh corgi"
0.0311 - "n02091244 Ibizan hound, Ibizan Podenco"
0.0298 - "n02389026 sorrel"
