loading weight: /home/nvidia/caffe-build/models/bvlc_alexnet/bvlc_alexnet.caffemodel
loading prototxt: /home/nvidia/caffe-build/models/bvlc_alexnet/deploy.prototxt
---------- Prediction for /home/nvidia/Downloads/ILSVRC2012_img_train_t3/n02085620/n02085620_1152.JPEG ----------
Latency(us)/Energy(mJ): 0 0 0 0 0 
Latency(us)/Energy(mJ): 260 0.963775 0.0531188 0.123867 0.342141 
Latency(us)/Energy(mJ): 32 0.190506 0.0137006 0.0239873 0.0671554 
Latency(us)/Energy(mJ): 61 0.323029 0.0228994 0.0400927 0.112245 
Latency(us)/Energy(mJ): 58 0.128734 0.0112624 0.015785 0.0441922 
Latency(us)/Energy(mJ): 1029 4.9645 0.738599 0.555659 1.60166 
Latency(us)/Energy(mJ): 31 0.233934 0.045017 0.0242329 0.0720634 
Latency(us)/Energy(mJ): 52 0.154366 0.0294822 0.0158705 0.0471954 
Latency(us)/Energy(mJ): 51 0.393237 0.0802709 0.0401354 0.119354 
Latency(us)/Energy(mJ): 1080 6.09 1.53901 0.579262 1.74726 
Latency(us)/Energy(mJ): 34 0.175025 0.0496648 0.0157957 0.0492211 
Latency(us)/Energy(mJ): 1010 6.46814 1.95904 0.539746 1.80143 
Latency(us)/Energy(mJ): 41 0.200907 0.065431 0.0157957 0.0554625 
Latency(us)/Energy(mJ): 668 4.74067 1.57262 0.357534 1.29915 
Latency(us)/Energy(mJ): 41 0.330267 0.113472 0.0240834 0.0906059 
Latency(us)/Energy(mJ): 45 0.215003 0.0738698 0.0156782 0.0589842 
Latency(us)/Energy(mJ): 671 5.00949 1.72225 0.359948 1.37464 
Latency(us)/Energy(mJ): 36 0.562348 0.19053 0.0399646 0.157463 
Latency(us)/Energy(mJ): 0 0 0 0 0 
Latency(us)/Energy(mJ): 4649 40.7277 13.4412 2.47356 12.3095 
Latency(us)/Energy(mJ): 37 0.291078 0.0927858 0.0158408 0.092132 
Latency(us)/Energy(mJ): 0 0 0 0 0 
Latency(us)/Energy(mJ): 2054 20.9967 6.72858 1.10602 6.75019 
Latency(us)/Energy(mJ): 44 0.47639 0.15294 0.0243261 0.154583 
0.5948 - "n02085620 Chihuahua"
0.0656 - "n02110806 basenji"
0.0383 - "n02113023 Pembroke, Pembroke Welsh corgi"
0.0311 - "n02091244 Ibizan hound, Ibizan Podenco"
0.0298 - "n02389026 sorrel"
