loading weight: /home/nvidia/caffe-build/models/bvlc_alexnet/bvlc_alexnet.caffemodel
loading prototxt: /home/nvidia/caffe-build/models/bvlc_alexnet/deploy.prototxt
---------- Prediction for /home/nvidia/Downloads/ILSVRC2012_img_train_t3/n02085620/n02085620_1152.JPEG ----------
Latency(us)/Energy(mJ): 0 0 0 0 0 
Latency(us)/Energy(mJ): 321 0.671438 0.0405838 0.0936663 0.233006 
Latency(us)/Energy(mJ): 35 0.201865 0.0137738 0.0275928 0.0690948 
Latency(us)/Energy(mJ): 174 0.80683 0.0753917 0.108061 0.272121 
Latency(us)/Energy(mJ): 121 0.555761 0.0631829 0.0722935 0.183396 
Latency(us)/Energy(mJ): 919 4.49869 0.715916 0.545351 1.41891 
Latency(us)/Energy(mJ): 34 0.388428 0.0779426 0.0445178 0.118665 
Latency(us)/Energy(mJ): 119 0.640032 0.132002 0.0721874 0.192421 
Latency(us)/Energy(mJ): 100 0.551172 0.120315 0.0611586 0.163023 
Latency(us)/Energy(mJ): 1008 5.902 1.51762 0.615368 1.66524 
Latency(us)/Energy(mJ): 31 0 0 0 0 
Latency(us)/Energy(mJ): 1045 6.92237 2.05378 0.643611 1.90679 
Latency(us)/Energy(mJ): 38 0.190432 0.060653 0.0167262 0.0519335 
Latency(us)/Energy(mJ): 692 5.23118 1.70504 0.441738 1.42821 
Latency(us)/Energy(mJ): 40 0.333878 0.112365 0.0272426 0.0905705 
Latency(us)/Energy(mJ): 44 0.206785 0.0692403 0.0167872 0.0558106 
Latency(us)/Energy(mJ): 1835 13.6101 4.42401 1.13254 3.74639 
Latency(us)/Energy(mJ): 35 0.198474 0.0608467 0.0167872 0.0563334 
Latency(us)/Energy(mJ): 0 0 0 0 0 
Latency(us)/Energy(mJ): 4738 40.1947 12.5311 2.86575 12.2198 
Latency(us)/Energy(mJ): 35 0 0 0 0 
Latency(us)/Energy(mJ): 0 0 0 0 0 
Latency(us)/Energy(mJ): 2042 20.3457 6.31354 1.09738 6.5351 
Latency(us)/Energy(mJ): 46 0.281564 0.0882008 0.0147001 0.0912898 
0.5948 - "n02085620 Chihuahua"
0.0656 - "n02110806 basenji"
0.0383 - "n02113023 Pembroke, Pembroke Welsh corgi"
0.0311 - "n02091244 Ibizan hound, Ibizan Podenco"
0.0298 - "n02389026 sorrel"
