loading weight: /home/nvidia/caffe-build/models/bvlc_alexnet/bvlc_alexnet.caffemodel
loading prototxt: /home/nvidia/caffe-build/models/bvlc_alexnet/deploy.prototxt
---------- Prediction for /home/nvidia/Downloads/ILSVRC2012_img_train_t3/n02085620/n02085620_1152.JPEG ----------
Latency(us)/Energy(mJ): 0 0 0 0 0 
Latency(us)/Energy(mJ): 326 1.28368 0.0622437 0.169492 0.446924 
Latency(us)/Energy(mJ): 41 0.194805 0.0141398 0.0247562 0.0657385 
Latency(us)/Energy(mJ): 80 0.324724 0.0292837 0.0410432 0.108987 
Latency(us)/Energy(mJ): 75 0.332075 0.0353576 0.0412248 0.110338 
Latency(us)/Energy(mJ): 1018 4.86534 0.772751 0.548856 1.52242 
Latency(us)/Energy(mJ): 39 0 0 0 0 
Latency(us)/Energy(mJ): 66 0.393264 0.0818302 0.0409151 0.117458 
Latency(us)/Energy(mJ): 67 0.396512 0.0877986 0.0409471 0.11755 
Latency(us)/Energy(mJ): 1015 5.52696 1.41421 0.532035 1.55426 
Latency(us)/Energy(mJ): 41 0.45305 0.125541 0.0410432 0.125205 
Latency(us)/Energy(mJ): 1027 6.32061 1.90225 0.531586 1.73232 
Latency(us)/Energy(mJ): 51 0.532534 0.170546 0.0420044 0.145993 
Latency(us)/Energy(mJ): 649 4.68558 1.54851 0.354587 1.27317 
Latency(us)/Energy(mJ): 47 0.250124 0.0837408 0.0183269 0.0676447 
Latency(us)/Energy(mJ): 54 0.566636 0.194235 0.0412248 0.153628 
Latency(us)/Energy(mJ): 770 5.6613 1.91233 0.412077 1.54123 
Latency(us)/Energy(mJ): 45 0.336063 0.110825 0.0242543 0.0938377 
Latency(us)/Energy(mJ): 1 0 0 0 0 
Latency(us)/Energy(mJ): 4611 39.9252 13.0092 2.38265 12.048 
Latency(us)/Energy(mJ): 45 0.304562 0.0978435 0.0143224 0.0965272 
Latency(us)/Energy(mJ): 0 0 0 0 0 
Latency(us)/Energy(mJ): 2029 20.8311 6.62444 0.987356 6.67229 
Latency(us)/Energy(mJ): 54 0.47424 0.149294 0.0243048 0.153535 
0.5948 - "n02085620 Chihuahua"
0.0656 - "n02110806 basenji"
0.0383 - "n02113023 Pembroke, Pembroke Welsh corgi"
0.0311 - "n02091244 Ibizan hound, Ibizan Podenco"
0.0298 - "n02389026 sorrel"
