loading weight: /home/nvidia/caffe-build/models/bvlc_alexnet/bvlc_alexnet.caffemodel
loading prototxt: /home/nvidia/caffe-build/models/bvlc_alexnet/deploy.prototxt
---------- Prediction for /home/nvidia/Downloads/ILSVRC2012_img_train_t3/n02085620/n02085620_1152.JPEG ----------
Latency(us)/Energy(mJ): 0 0 0 0 0 
Latency(us)/Energy(mJ): 82133 374.114 18.8031 112.999 97.8098 
Latency(us)/Energy(mJ): 1083 4.71663 0.239598 1.43759 1.2231 
Latency(us)/Energy(mJ): 93881 424.548 21.502 129.423 108.321 
Latency(us)/Energy(mJ): 7691 34.3013 1.75472 10.1969 8.94455 
Latency(us)/Energy(mJ): 170663 763.669 39.0826 223.216 199.45 
Latency(us)/Energy(mJ): 696 3.04782 0.156141 0.885028 0.79015 
Latency(us)/Energy(mJ): 428343 1949.85 98.0692 652.162 476.47 
Latency(us)/Energy(mJ): 4398 19.8833 1.01083 6.3483 4.93379 
Latency(us)/Energy(mJ): 107343 475.448 24.5742 139.939 123.218 
Latency(us)/Energy(mJ): 243 1.09142 0.0563935 0.319645 0.283199 
Latency(us)/Energy(mJ): 83017 367.806 19.0026 107.709 95.453 
Latency(us)/Energy(mJ): 243 1.09284 0.0564668 0.320061 0.283567 
Latency(us)/Energy(mJ): 58320 260.509 13.3541 75.6929 68.1445 
Latency(us)/Energy(mJ): 163 0.77483 0.0396949 0.224995 0.202634 
Latency(us)/Energy(mJ): 1058 4.54662 0.233209 1.32186 1.19049 
Latency(us)/Energy(mJ): 158739 812.463 36.3463 269.137 208.436 
Latency(us)/Energy(mJ): 16 0.14269 0.00633872 0.0465024 0.036593 
Latency(us)/Energy(mJ): 1 0 0 0 0 
Latency(us)/Energy(mJ): 71937 369.127 16.469 120.821 94.6693 
Latency(us)/Energy(mJ): 17 0.140001 0.00626544 0.0459648 0.0361699 
Latency(us)/Energy(mJ): 5 0 0 0 0 
Latency(us)/Energy(mJ): 17655 90.3736 4.04159 29.6501 23.2922 
Latency(us)/Energy(mJ): 164 0.88739 0.0397132 0.291346 0.227351 
0.5948 - "n02085620 Chihuahua"
0.0656 - "n02110806 basenji"
0.0383 - "n02113023 Pembroke, Pembroke Welsh corgi"
0.0311 - "n02091244 Ibizan hound, Ibizan Podenco"
0.0298 - "n02389026 sorrel"
