loading weight: /home/nvidia/caffe-build/models/bvlc_alexnet/bvlc_alexnet.caffemodel
loading prototxt: /home/nvidia/caffe-build/models/bvlc_alexnet/deploy.prototxt
---------- Prediction for /home/nvidia/Downloads/ILSVRC2012_img_train_t3/n02085620/n02085620_1152.JPEG ----------
Latency(us)/Energy(mJ): 0 0 0 0 0 
Latency(us)/Energy(mJ): 307 1.30219 0.0456547 0.206347 0.454745 
Latency(us)/Energy(mJ): 22 0 0 0 0 
Latency(us)/Energy(mJ): 50 0.320267 0.0111781 0.050522 0.11134 
Latency(us)/Energy(mJ): 44 0.197369 0.00688864 0.0311348 0.0686145 
Latency(us)/Energy(mJ): 4164 18.8283 1.53745 2.84599 6.22959 
Latency(us)/Energy(mJ): 22 0.21459 0.0242009 0.0311348 0.0686145 
Latency(us)/Energy(mJ): 40 0.137694 0.0155287 0.019978 0.0440271 
Latency(us)/Energy(mJ): 40 0.212412 0.0239552 0.0308188 0.067918 
Latency(us)/Energy(mJ): 5428 26.312 3.65519 3.73632 8.07115 
Latency(us)/Energy(mJ): 23 0.139898 0.0216692 0.0195108 0.0423728 
Latency(us)/Energy(mJ): 3845 19.5368 3.10374 2.62369 5.95734 
Latency(us)/Energy(mJ): 31 0.238942 0.0380403 0.0311486 0.0737228 
Latency(us)/Energy(mJ): 2898 15.479 2.62145 1.98467 4.7824 
Latency(us)/Energy(mJ): 31 0.245011 0.0413849 0.0310387 0.0760379 
Latency(us)/Energy(mJ): 33 0.153362 0.0259045 0.0194284 0.0475952 
Latency(us)/Energy(mJ): 2638 14.5046 2.42377 1.81783 4.53202 
Latency(us)/Energy(mJ): 25 0 0 0 0 
Latency(us)/Energy(mJ): 0 0 0 0 0 
Latency(us)/Energy(mJ): 13195 83.5883 12.2696 9.07639 29.5106 
Latency(us)/Energy(mJ): 25 0 0 0 0 
Latency(us)/Energy(mJ): 0 0 0 0 0 
Latency(us)/Energy(mJ): 5827 40.1191 5.34369 4.00631 14.9679 
Latency(us)/Energy(mJ): 32 0.206544 0.0272121 0.0204016 0.0779485 
0.5948 - "n02085620 Chihuahua"
0.0656 - "n02110806 basenji"
0.0383 - "n02113023 Pembroke, Pembroke Welsh corgi"
0.0311 - "n02091244 Ibizan hound, Ibizan Podenco"
0.0298 - "n02389026 sorrel"
