loading weight: /home/nvidia/caffe-build/models/bvlc_alexnet/bvlc_alexnet.caffemodel
loading prototxt: /home/nvidia/caffe-build/models/bvlc_alexnet/deploy.prototxt
---------- Prediction for /home/nvidia/caffe-build/examples/images/cat.jpg ----------
Latency(us)/Energy(mJ): 6 0 0 0 0 
Latency(us)/Energy(mJ): 7952 19.1069 1.89166 6.69444 3.24492 
Latency(us)/Energy(mJ): 45 0 0 0 0 
Latency(us)/Energy(mJ): 645 1.80583 0.265318 0.583511 0.313691 
Latency(us)/Energy(mJ): 227 0.526624 0.0768775 0.16905 0.092575 
Latency(us)/Energy(mJ): 9747 27.3737 5.33043 7.5799 4.86658 
Latency(us)/Energy(mJ): 37 0.255452 0.0597184 0.0663152 0.0448756 
Latency(us)/Energy(mJ): 487 1.52822 0.353701 0.392772 0.26579 
Latency(us)/Energy(mJ): 174 0.260987 0.0602344 0.0668882 0.0452634 
Latency(us)/Energy(mJ): 5762 17.6562 4.34376 4.4592 3.12844 
Latency(us)/Energy(mJ): 39 0 0 0 0 
Latency(us)/Energy(mJ): 3850 12.3356 3.44156 2.99759 2.07419 
Latency(us)/Energy(mJ): 38 0 0 0 0 
Latency(us)/Energy(mJ): 3836 12.4677 3.57483 2.98162 2.01767 
Latency(us)/Energy(mJ): 34 0 0 0 0 
Latency(us)/Energy(mJ): 53 0 0 0 0 
Latency(us)/Energy(mJ): 7160 22.47 6.15918 5.53014 3.70707 
Latency(us)/Energy(mJ): 42 0 0 0 0 
Latency(us)/Energy(mJ): 10 0 0 0 0 
Latency(us)/Energy(mJ): 32881 108.273 27.5765 23.1872 22.9153 
Latency(us)/Energy(mJ): 37 0 0 0 0 
Latency(us)/Energy(mJ): 2 0 0 0 0 
Latency(us)/Energy(mJ): 14171 48.0692 10.8817 9.73004 11.2758 
Latency(us)/Energy(mJ): 251 1.07901 0.241424 0.217408 0.25438 
0.3094 - "n02124075 Egyptian cat"
0.1761 - "n02123159 tiger cat"
0.1221 - "n02123045 tabby, tabby cat"
0.1132 - "n02119022 red fox, Vulpes vulpes"
0.0421 - "n02085620 Chihuahua"
