loading weight: /home/nvidia/caffe-build/models/bvlc_alexnet/bvlc_alexnet.caffemodel
loading prototxt: /home/nvidia/caffe-build/models/bvlc_alexnet/deploy.prototxt
---------- Prediction for /home/nvidia/Downloads/ILSVRC2012_img_train_t3/n02085620/n02085620_1152.JPEG ----------
Latency(us)/Energy(mJ): 0 0 0 0 0 
Latency(us)/Energy(mJ): 710 2.47393 0.126876 0.16117 0.903679 
Latency(us)/Energy(mJ): 90 0.307836 0.0258579 0.0194146 0.108858 
Latency(us)/Energy(mJ): 173 0.638072 0.0530822 0.0398552 0.225874 
Latency(us)/Energy(mJ): 165 0.645615 0.0626601 0.0396903 0.225836 
Latency(us)/Energy(mJ): 1649 6.55453 0.883446 0.374598 2.21569 
Latency(us)/Energy(mJ): 91 0.359043 0.0581614 0.0193871 0.118439 
Latency(us)/Energy(mJ): 145 0.732565 0.127193 0.0392048 0.239509 
Latency(us)/Energy(mJ): 149 0.556116 0.0982897 0.0294998 0.180219 
Latency(us)/Energy(mJ): 1595 7.32357 1.46577 0.371177 2.32088 
Latency(us)/Energy(mJ): 95 0.410997 0.0857286 0.0197902 0.13084 
Latency(us)/Energy(mJ): 1724 8.73206 1.99978 0.394027 2.80972 
Latency(us)/Energy(mJ): 102 0.678111 0.163707 0.0289044 0.219749 
Latency(us)/Energy(mJ): 1072 5.97607 1.45716 0.24737 1.93987 
Latency(us)/Energy(mJ): 94 0.489396 0.124758 0.0197032 0.15969 
Latency(us)/Energy(mJ): 105 0.495299 0.125425 0.0198085 0.160544 
Latency(us)/Energy(mJ): 1380 7.69969 1.84208 0.315983 2.5269 
Latency(us)/Energy(mJ): 96 0.71592 0.163993 0.0289548 0.241109 
Latency(us)/Energy(mJ): 2 0 0 0 0 
Latency(us)/Energy(mJ): 5712 38.9019 8.51154 1.30485 14.1851 
Latency(us)/Energy(mJ): 95 0.657283 0.13727 0.0195487 0.25021 
Latency(us)/Energy(mJ): 1 0 0 0 0 
Latency(us)/Energy(mJ): 2551 20.4124 4.28574 0.586617 7.86024 
Latency(us)/Energy(mJ): 114 0.702164 0.144237 0.0196217 0.272554 
0.5948 - "n02085620 Chihuahua"
0.0656 - "n02110806 basenji"
0.0383 - "n02113023 Pembroke, Pembroke Welsh corgi"
0.0311 - "n02091244 Ibizan hound, Ibizan Podenco"
0.0298 - "n02389026 sorrel"
