loading weight: /home/nvidia/caffe-build/models/bvlc_alexnet/bvlc_alexnet.caffemodel
loading prototxt: /home/nvidia/caffe-build/models/bvlc_alexnet/deploy.prototxt
---------- Prediction for /home/nvidia/Downloads/ILSVRC2012_img_train_t3/n02085620/n02085620_1152.JPEG ----------
Latency(us)/Energy(mJ): 0 0 0 0 0 
Latency(us)/Energy(mJ): 258 0.982555 0.0352154 0.141556 0.346362 
Latency(us)/Energy(mJ): 24 0.191693 0.0068704 0.0276172 0.067574 
Latency(us)/Energy(mJ): 54 0.125717 0.00672802 0.0179512 0.0439231 
Latency(us)/Energy(mJ): 48 0.313822 0.0167949 0.0448107 0.109643 
Latency(us)/Energy(mJ): 1973 8.91141 0.820605 1.19826 2.996 
Latency(us)/Energy(mJ): 23 0.138064 0.0176412 0.0176701 0.0453755 
Latency(us)/Energy(mJ): 41 0.218458 0.0279136 0.0279594 0.0717974 
Latency(us)/Energy(mJ): 43 0.140125 0.0177632 0.0177923 0.0456893 
Latency(us)/Energy(mJ): 2477 12.4564 1.98226 1.51772 3.90124 
Latency(us)/Energy(mJ): 24 0.150107 0.0264724 0.0176579 0.0458932 
Latency(us)/Energy(mJ): 1840 10.1217 1.96329 1.12675 3.12328 
Latency(us)/Energy(mJ): 32 0.259273 0.0518003 0.0276208 0.0805531 
Latency(us)/Energy(mJ): 1349 7.81041 1.65812 0.809848 2.43475 
Latency(us)/Energy(mJ): 34 0.168386 0.0362122 0.0170312 0.05235 
Latency(us)/Energy(mJ): 38 0.281527 0.060544 0.0284748 0.087525 
Latency(us)/Energy(mJ): 1124 7.003 1.54622 0.697084 2.19739 
Latency(us)/Energy(mJ): 27 0 0 0 0 
Latency(us)/Energy(mJ): 0 0 0 0 0 
Latency(us)/Energy(mJ): 6455 46.8866 9.63364 3.95306 16.3721 
Latency(us)/Energy(mJ): 27 0.231029 0.046397 0.0176778 0.0848245 
Latency(us)/Energy(mJ): 0 0 0 0 0 
Latency(us)/Energy(mJ): 2913 23.9463 4.67004 1.78013 8.88024 
Latency(us)/Energy(mJ): 35 0.239561 0.045696 0.0174216 0.0896213 
0.5948 - "n02085620 Chihuahua"
0.0656 - "n02110806 basenji"
0.0383 - "n02113023 Pembroke, Pembroke Welsh corgi"
0.0311 - "n02091244 Ibizan hound, Ibizan Podenco"
0.0298 - "n02389026 sorrel"
