loading weight: /home/nvidia/caffe-build/models/bvlc_alexnet/bvlc_alexnet.caffemodel
loading prototxt: /home/nvidia/caffe-build/models/bvlc_alexnet/deploy.prototxt
---------- Prediction for /home/nvidia/caffe-build/examples/images/cat.jpg ----------
Latency(us)/Energy(mJ): 0 0 0 0 0 
Latency(us)/Energy(mJ): 3686 8.98017 0.69773 2.50484 1.95261 
Latency(us)/Energy(mJ): 47 0.254354 0.0289903 0.0653944 0.0564597 
Latency(us)/Energy(mJ): 340 0.760232 0.0858117 0.193569 0.167122 
Latency(us)/Energy(mJ): 169 0.515035 0.0578585 0.130514 0.116286 
Latency(us)/Energy(mJ): 3622 10.6721 1.6383 2.52444 2.43277 
Latency(us)/Energy(mJ): 41 0 0 0 0 
Latency(us)/Energy(mJ): 261 0.874741 0.171935 0.193603 0.199513 
Latency(us)/Energy(mJ): 118 0.590759 0.115173 0.129688 0.133647 
Latency(us)/Energy(mJ): 2717 8.785 1.78482 1.76444 1.98797 
Latency(us)/Energy(mJ): 40 0 0 0 0 
Latency(us)/Energy(mJ): 2042 6.95619 1.64551 1.26446 1.5442 
Latency(us)/Energy(mJ): 42 0 0 0 0 
Latency(us)/Energy(mJ): 1655 5.83832 1.47065 1.03317 1.27918 
Latency(us)/Energy(mJ): 40 0.318411 0.0838598 0.0559371 0.0701273 
Latency(us)/Energy(mJ): 57 0 0 0 0 
Latency(us)/Energy(mJ): 2452 8.46752 2.11819 1.49386 1.87707 
Latency(us)/Energy(mJ): 38 0.350069 0.08274 0.0601835 0.0830355 
Latency(us)/Energy(mJ): 2 0 0 0 0 
Latency(us)/Energy(mJ): 8870 36.3125 8.73032 5.41102 10.1207 
Latency(us)/Energy(mJ): 41 0.39482 0.0928426 0.0530653 0.123153 
Latency(us)/Energy(mJ): 4 0 0 0 0 
Latency(us)/Energy(mJ): 3743 17.8002 4.17248 2.29935 5.65858 
Latency(us)/Energy(mJ): 268 1.40897 0.330046 0.176121 0.457741 
0.3094 - "n02124075 Egyptian cat"
0.1761 - "n02123159 tiger cat"
0.1221 - "n02123045 tabby, tabby cat"
0.1132 - "n02119022 red fox, Vulpes vulpes"
0.0421 - "n02085620 Chihuahua"
