loading weight: /home/nvidia/caffe-build/models/bvlc_alexnet/bvlc_alexnet.caffemodel
loading prototxt: /home/nvidia/caffe-build/models/bvlc_alexnet/deploy.prototxt
---------- Prediction for /home/nvidia/Downloads/ILSVRC2012_img_train_t3/n02085620/n02085620_1152.JPEG ----------
Latency(us)/Energy(mJ): 0 0 0 0 0 
Latency(us)/Energy(mJ): 345 1.51646 0.0524704 0.263615 0.529192 
Latency(us)/Energy(mJ): 21 0 0 0 0 
Latency(us)/Energy(mJ): 47 0.122038 0.00422256 0.0211961 0.0425867 
Latency(us)/Energy(mJ): 42 0.324422 0.0111264 0.0558516 0.112216 
Latency(us)/Energy(mJ): 6784 30.711 2.38864 5.16694 9.98563 
Latency(us)/Energy(mJ): 20 0 0 0 0 
Latency(us)/Energy(mJ): 39 0.346909 0.0341027 0.056813 0.109828 
Latency(us)/Energy(mJ): 37 0.209562 0.0206008 0.0343197 0.0663455 
Latency(us)/Energy(mJ): 8917 41.6493 5.07972 6.803 12.614 
Latency(us)/Energy(mJ): 21 0 0 0 0 
Latency(us)/Energy(mJ): 6193 30.1554 4.03433 4.73988 9.18356 
Latency(us)/Energy(mJ): 27 0 0 0 0 
Latency(us)/Energy(mJ): 4748 23.7846 3.25637 3.6166 7.37915 
Latency(us)/Energy(mJ): 27 0.228055 0.0310799 0.0345181 0.071072 
Latency(us)/Energy(mJ): 32 0.140891 0.0190574 0.0211656 0.0435795 
Latency(us)/Energy(mJ): 4437 22.6539 3.05944 3.3979 7.09217 
Latency(us)/Energy(mJ): 23 0 0 0 0 
Latency(us)/Energy(mJ): 0 0 0 0 0 
Latency(us)/Energy(mJ): 21560 124.48 14.8013 16.4571 43.611 
Latency(us)/Energy(mJ): 22 0.166845 0.0190982 0.0212419 0.0601901 
Latency(us)/Energy(mJ): 0 0 0 0 0 
Latency(us)/Energy(mJ): 9557 58.0881 6.46525 7.29199 21.0685 
Latency(us)/Energy(mJ): 29 0.27657 0.0276208 0.0345486 0.100476 
0.5948 - "n02085620 Chihuahua"
0.0656 - "n02110806 basenji"
0.0383 - "n02113023 Pembroke, Pembroke Welsh corgi"
0.0311 - "n02091244 Ibizan hound, Ibizan Podenco"
0.0298 - "n02389026 sorrel"
