loading weight: /home/nvidia/caffe-build/models/bvlc_alexnet/bvlc_alexnet.caffemodel
loading prototxt: /home/nvidia/caffe-build/models/bvlc_alexnet/deploy.prototxt
---------- Prediction for /home/nvidia/Downloads/ILSVRC2012_img_train_t3/n02085620/n02085620_1152.JPEG ----------
Latency(us)/Energy(mJ): 0 0 0 0 0 
Latency(us)/Energy(mJ): 396 1.37936 0.0623837 0.11299 0.510594 
Latency(us)/Energy(mJ): 47 0.130403 0.00789592 0.0105164 0.0475824 
Latency(us)/Energy(mJ): 94 0.469927 0.0282723 0.0376553 0.170375 
Latency(us)/Energy(mJ): 93 0.300925 0.0237839 0.0237839 0.108457 
Latency(us)/Energy(mJ): 1488 6.18741 0.729047 0.455066 2.14503 
Latency(us)/Energy(mJ): 47 0.143739 0.0224786 0.0099796 0.048262 
Latency(us)/Energy(mJ): 78 0.550454 0.0853254 0.037881 0.183195 
Latency(us)/Energy(mJ): 82 0.350001 0.0537921 0.0238815 0.115493 
Latency(us)/Energy(mJ): 1643 7.75095 1.495 0.502579 2.48485 
Latency(us)/Energy(mJ): 51 0.165514 0.0358848 0.010248 0.0527856 
Latency(us)/Energy(mJ): 1446 7.6779 1.73158 0.444836 2.4586 
Latency(us)/Energy(mJ): 58 0.181105 0.0424378 0.0099796 0.0582089 
Latency(us)/Energy(mJ): 982 5.8423 1.43848 0.310929 1.87854 
Latency(us)/Energy(mJ): 57 0.271354 0.066497 0.0139873 0.0868588 
Latency(us)/Energy(mJ): 68 0.462354 0.119242 0.0238327 0.14886 
Latency(us)/Energy(mJ): 937 5.63368 1.40892 0.288274 1.82068 
Latency(us)/Energy(mJ): 52 0.204161 0.048778 0.0102602 0.0669436 
Latency(us)/Energy(mJ): 1 0 0 0 0 
Latency(us)/Energy(mJ): 5400 38.6905 8.97351 1.6487 13.7619 
Latency(us)/Energy(mJ): 51 0.265932 0.060756 0.010126 0.099102 
Latency(us)/Energy(mJ): 0 0 0 0 0 
Latency(us)/Energy(mJ): 2376 19.9682 4.43758 0.733952 7.50998 
Latency(us)/Energy(mJ): 63 0.287969 0.0642366 0.0102846 0.109017 
0.5948 - "n02085620 Chihuahua"
0.0656 - "n02110806 basenji"
0.0383 - "n02113023 Pembroke, Pembroke Welsh corgi"
0.0311 - "n02091244 Ibizan hound, Ibizan Podenco"
0.0298 - "n02389026 sorrel"
