loading weight: /home/nvidia/caffe-build/models/bvlc_alexnet/bvlc_alexnet.caffemodel
loading prototxt: /home/nvidia/caffe-build/models/bvlc_alexnet/deploy.prototxt
---------- Prediction for /home/nvidia/caffe-build/examples/images/cat.jpg ----------
Latency(us)/Energy(mJ): 3 0 0 0 0 
Latency(us)/Energy(mJ): 2991 8.76932 0.603086 3.15095 1.81894 
Latency(us)/Energy(mJ): 29 0.239645 0.0288601 0.0750212 0.0506185 
Latency(us)/Energy(mJ): 300 0.95842 0.115421 0.300035 0.20244 
Latency(us)/Energy(mJ): 145 0.239645 0.0288601 0.0750212 0.0521295 
Latency(us)/Energy(mJ): 3228 10.917 1.61971 3.18564 2.34413 
Latency(us)/Energy(mJ): 24 0.402496 0.0761539 0.110074 0.0849111 
Latency(us)/Energy(mJ): 225 0.681176 0.128881 0.186287 0.143702 
Latency(us)/Energy(mJ): 96 0.268876 0.0508723 0.0735317 0.0567223 
Latency(us)/Energy(mJ): 2346 9.12583 1.8598 2.41825 1.932 
Latency(us)/Energy(mJ): 25 0 0 0 0 
Latency(us)/Energy(mJ): 1681 6.677 1.58553 1.68179 1.38121 
Latency(us)/Energy(mJ): 24 0 0 0 0 
Latency(us)/Energy(mJ): 1435 5.80123 1.49566 1.41607 1.17507 
Latency(us)/Energy(mJ): 26 0.305782 0.0799612 0.0742764 0.0616352 
Latency(us)/Energy(mJ): 34 0 0 0 0 
Latency(us)/Energy(mJ): 2242 9.20169 2.41182 2.24036 1.87831 
Latency(us)/Energy(mJ): 28 0 0 0 0 
Latency(us)/Energy(mJ): 2 0 0 0 0 
Latency(us)/Energy(mJ): 8640 40.8473 10.3553 8.12637 10.3294 
Latency(us)/Energy(mJ): 26 0.587961 0.14682 0.103691 0.164819 
Latency(us)/Energy(mJ): 1 0 0 0 0 
Latency(us)/Energy(mJ): 3755 20.1731 5.0657 3.44466 5.79851 
Latency(us)/Energy(mJ): 188 1.03808 0.258312 0.172208 0.306252 
0.3094 - "n02124075 Egyptian cat"
0.1761 - "n02123159 tiger cat"
0.1221 - "n02123045 tabby, tabby cat"
0.1132 - "n02119022 red fox, Vulpes vulpes"
0.0421 - "n02085620 Chihuahua"
