loading weight: /home/nvidia/caffe-build/models/bvlc_alexnet/bvlc_alexnet.caffemodel
loading prototxt: /home/nvidia/caffe-build/models/bvlc_alexnet/deploy.prototxt
---------- Prediction for /home/nvidia/caffe-build/examples/images/cat.jpg ----------
Latency(us)/Energy(mJ): 0 0 0 0 0 
Latency(us)/Energy(mJ): 8577 40.7862 1.81548 12.5625 12.1492 
Latency(us)/Energy(mJ): 19 0 0 0 0 
Latency(us)/Energy(mJ): 193 0.939784 0.0595665 0.28338 0.276935 
Latency(us)/Energy(mJ): 75 0.394103 0.0249795 0.118837 0.116134 
Latency(us)/Energy(mJ): 12544 61.0994 4.77515 17.124 18.0028 
Latency(us)/Energy(mJ): 19 0 0 0 0 
Latency(us)/Energy(mJ): 127 0.9586 0.0891268 0.252591 0.27964 
Latency(us)/Energy(mJ): 65 0 0 0 0 
Latency(us)/Energy(mJ): 10535 51.81 5.13795 13.7017 15.0151 
Latency(us)/Energy(mJ): 20 0 0 0 0 
Latency(us)/Energy(mJ): 8109 39.5825 4.34051 10.5505 11.2653 
Latency(us)/Energy(mJ): 21 0.398185 0.0438414 0.106566 0.113298 
Latency(us)/Energy(mJ): 4921 23.6881 2.60814 6.2505 6.67534 
Latency(us)/Energy(mJ): 19 0.553385 0.0609294 0.13943 0.155176 
Latency(us)/Energy(mJ): 30 0 0 0 0 
Latency(us)/Energy(mJ): 3899 19.0405 2.08695 4.99619 5.43945 
Latency(us)/Energy(mJ): 21 0 0 0 0 
Latency(us)/Energy(mJ): 1 0 0 0 0 
Latency(us)/Energy(mJ): 21770 118.534 12.6137 26.6066 37.5461 
Latency(us)/Energy(mJ): 22 0 0 0 0 
Latency(us)/Energy(mJ): 0 0 0 0 0 
Latency(us)/Energy(mJ): 9462 55.7309 5.7954 11.6003 18.7145 
Latency(us)/Energy(mJ): 128 0.489501 0.050142 0.100366 0.16514 
0.3094 - "n02124075 Egyptian cat"
0.1761 - "n02123159 tiger cat"
0.1221 - "n02123045 tabby, tabby cat"
0.1132 - "n02119022 red fox, Vulpes vulpes"
0.0421 - "n02085620 Chihuahua"
