loading weight: /home/nvidia/caffe-build/models/bvlc_alexnet/bvlc_alexnet.caffemodel
loading prototxt: /home/nvidia/caffe-build/models/bvlc_alexnet/deploy.prototxt
---------- Prediction for /home/nvidia/Downloads/ILSVRC2012_img_train_t3/n02085620/n02085620_1152.JPEG ----------
Latency(us)/Energy(mJ): 0 0 0 0 0 
Latency(us)/Energy(mJ): 222 0.890627 0.0399048 0.139008 0.306343 
Latency(us)/Energy(mJ): 22 0.127306 0.00652192 0.0195658 0.0431187 
Latency(us)/Energy(mJ): 53 0.207278 0.0105294 0.0315883 0.0704873 
Latency(us)/Energy(mJ): 47 0.12974 0.00659062 0.0197719 0.0441197 
Latency(us)/Energy(mJ): 1092 5.41258 0.626484 0.757101 1.7294 
Latency(us)/Energy(mJ): 22 0.2413 0.0386947 0.0316844 0.0741148 
Latency(us)/Energy(mJ): 42 0.153989 0.0245156 0.0200741 0.0469565 
Latency(us)/Energy(mJ): 40 0.235569 0.0406521 0.0304891 0.0713187 
Latency(us)/Energy(mJ): 1219 6.81509 1.47426 0.825788 1.96007 
Latency(us)/Energy(mJ): 25 0.269761 0.065685 0.0311211 0.0762399 
Latency(us)/Energy(mJ): 1029 6.56192 1.75579 0.704733 1.83879 
Latency(us)/Energy(mJ): 31 0.190193 0.0537011 0.0193178 0.053335 
Latency(us)/Energy(mJ): 714 5.14734 1.52136 0.503497 1.4348 
Latency(us)/Energy(mJ): 33 0 0 0 0 
Latency(us)/Energy(mJ): 34 0.532129 0.162022 0.0502701 0.147754 
Latency(us)/Energy(mJ): 637 4.72838 1.45898 0.437023 1.31362 
Latency(us)/Energy(mJ): 28 0.214024 0.0648136 0.0194412 0.0601942 
Latency(us)/Energy(mJ): 0 0 0 0 0 
Latency(us)/Energy(mJ): 4741 41.4497 12.3754 3.25083 12.6295 
Latency(us)/Energy(mJ): 26 0.275408 0.0798905 0.0194129 0.087854 
Latency(us)/Energy(mJ): 0 0 0 0 0 
Latency(us)/Energy(mJ): 2102 21.0456 6.12507 1.43788 6.82865 
Latency(us)/Energy(mJ): 34 0.292711 0.0845262 0.0194951 0.096394 
0.5948 - "n02085620 Chihuahua"
0.0656 - "n02110806 basenji"
0.0383 - "n02113023 Pembroke, Pembroke Welsh corgi"
0.0311 - "n02091244 Ibizan hound, Ibizan Podenco"
0.0298 - "n02389026 sorrel"
