loading weight: /home/nvidia/caffe-build/models/bvlc_alexnet/bvlc_alexnet.caffemodel
loading prototxt: /home/nvidia/caffe-build/models/bvlc_alexnet/deploy.prototxt
---------- Prediction for /home/nvidia/Downloads/ILSVRC2012_img_train_t3/n02085620/n02085620_1152.JPEG ----------
Latency(us)/Energy(mJ): 0 0 0 0 0 
Latency(us)/Energy(mJ): 234 1.00062 0.040315 0.174274 0.341219 
Latency(us)/Energy(mJ): 24 0 0 0 0 
Latency(us)/Energy(mJ): 54 0.327351 0.016859 0.0561721 0.110062 
Latency(us)/Energy(mJ): 48 0.202312 0.0103645 0.0345334 0.0676637 
Latency(us)/Energy(mJ): 1361 6.44007 0.652141 1.03115 2.07651 
Latency(us)/Energy(mJ): 23 0.227954 0.0310661 0.0345029 0.0718998 
Latency(us)/Energy(mJ): 42 0.144677 0.0197169 0.0218981 0.045633 
Latency(us)/Energy(mJ): 43 0.228961 0.03097 0.034396 0.0716772 
Latency(us)/Energy(mJ): 1612 8.64121 1.53247 1.23289 2.57971 
Latency(us)/Energy(mJ): 25 0.157716 0.0323752 0.0215929 0.0466384 
Latency(us)/Energy(mJ): 1254 7.38615 1.60505 0.952865 2.17005 
Latency(us)/Energy(mJ): 33 0.281483 0.065598 0.0345181 0.0831059 
Latency(us)/Energy(mJ): 887 5.66317 1.3597 0.672615 1.66781 
Latency(us)/Energy(mJ): 34 0.186412 0.0473867 0.0215471 0.0550962 
Latency(us)/Energy(mJ): 38 0.298893 0.0759798 0.0345486 0.0883413 
Latency(us)/Energy(mJ): 687 4.68362 1.1746 0.52998 1.39228 
Latency(us)/Energy(mJ): 28 0 0 0 0 
Latency(us)/Energy(mJ): 0 0 0 0 0 
Latency(us)/Energy(mJ): 4984 39.9387 9.62674 3.80818 13.096 
Latency(us)/Energy(mJ): 28 0.402933 0.0933509 0.0345643 0.139709 
Latency(us)/Energy(mJ): 0 0 0 0 0 
Latency(us)/Energy(mJ): 2211 20.2225 4.71262 1.67902 7.09405 
Latency(us)/Energy(mJ): 35 0.267652 0.0625589 0.0215798 0.0948154 
0.5948 - "n02085620 Chihuahua"
0.0656 - "n02110806 basenji"
0.0383 - "n02113023 Pembroke, Pembroke Welsh corgi"
0.0311 - "n02091244 Ibizan hound, Ibizan Podenco"
0.0298 - "n02389026 sorrel"
