loading weight: /home/nvidia/caffe-build/models/bvlc_alexnet/bvlc_alexnet.caffemodel
loading prototxt: /home/nvidia/caffe-build/models/bvlc_alexnet/deploy.prototxt
---------- Prediction for /home/nvidia/Downloads/ILSVRC2012_img_train_t3/n02085620/n02085620_1152.JPEG ----------
Latency(us)/Energy(mJ): 0 0 0 0 0 
Latency(us)/Energy(mJ): 634 2.25022 0.0951946 0.191015 0.838682 
Latency(us)/Energy(mJ): 61 0.128683 0.00538688 0.0108092 0.047525 
Latency(us)/Energy(mJ): 109 0.460266 0.0192675 0.0386618 0.169985 
Latency(us)/Energy(mJ): 113 0.426134 0.0178387 0.0357948 0.15738 
Latency(us)/Energy(mJ): 6788 26.0358 2.48528 2.03194 9.14992 
Latency(us)/Energy(mJ): 60 0.159238 0.0183566 0.0122244 0.0553104 
Latency(us)/Energy(mJ): 93 0.485207 0.0557569 0.0371307 0.168001 
Latency(us)/Energy(mJ): 102 0.324169 0.0370156 0.0246501 0.111532 
Latency(us)/Energy(mJ): 8634 35.1837 4.96779 2.63821 11.7102 
Latency(us)/Energy(mJ): 65 0.187981 0.0278372 0.0138958 0.0628728 
Latency(us)/Energy(mJ): 6301 27.1142 4.07703 1.9246 9.15761 
Latency(us)/Energy(mJ): 71 0.359612 0.0557432 0.0247477 0.122846 
Latency(us)/Energy(mJ): 4713 20.9899 3.22356 1.43113 7.20716 
Latency(us)/Energy(mJ): 71 0.366951 0.0559218 0.024827 0.126333 
Latency(us)/Energy(mJ): 86 0.364066 0.0554821 0.0246318 0.12534 
Latency(us)/Energy(mJ): 4118 18.7532 2.83776 1.25985 6.49917 
Latency(us)/Energy(mJ): 63 0.366995 0.0550012 0.0244183 0.130283 
Latency(us)/Energy(mJ): 1 0 0 0 0 
Latency(us)/Energy(mJ): 21520 112.662 14.7512 6.5643 43.308 
Latency(us)/Energy(mJ): 64 0.193975 0.0216672 0.0108336 0.0767942 
Latency(us)/Energy(mJ): 1 0 0 0 0 
Latency(us)/Energy(mJ): 9515 52.7649 5.82072 2.91036 21.0455 
Latency(us)/Energy(mJ): 78 0.44428 0.0486292 0.0243146 0.178413 
0.5948 - "n02085620 Chihuahua"
0.0656 - "n02110806 basenji"
0.0383 - "n02113023 Pembroke, Pembroke Welsh corgi"
0.0311 - "n02091244 Ibizan hound, Ibizan Podenco"
0.0298 - "n02389026 sorrel"
