loading weight: /home/nvidia/caffe-build/models/bvlc_alexnet/bvlc_alexnet.caffemodel
loading prototxt: /home/nvidia/caffe-build/models/bvlc_alexnet/deploy.prototxt
---------- Prediction for /home/nvidia/Downloads/ILSVRC2012_img_train_t3/n02085620/n02085620_1152.JPEG ----------
Latency(us)/Energy(mJ): 0 0 0 0 0 
Latency(us)/Energy(mJ): 238 0.969348 0.0350238 0.140787 0.344478 
Latency(us)/Energy(mJ): 23 0 0 0 0 
Latency(us)/Energy(mJ): 52 0.318249 0.0171246 0.0456906 0.111796 
Latency(us)/Energy(mJ): 48 0.195294 0.0104516 0.027886 0.069099 
Latency(us)/Energy(mJ): 1511 6.84973 0.664968 0.920728 2.31752 
Latency(us)/Energy(mJ): 23 0.217502 0.027572 0.0276172 0.0717776 
Latency(us)/Energy(mJ): 43 0.14205 0.0180072 0.0180367 0.0468778 
Latency(us)/Energy(mJ): 42 0.214904 0.0272426 0.0272873 0.0709201 
Latency(us)/Energy(mJ): 1821 9.12591 1.54083 1.09993 2.86862 
Latency(us)/Energy(mJ): 25 0.240346 0.0449178 0.0276208 0.0736253 
Latency(us)/Energy(mJ): 1403 7.81219 1.60502 0.851109 2.42449 
Latency(us)/Energy(mJ): 33 0.166611 0.036757 0.0172874 0.0520606 
Latency(us)/Energy(mJ): 1003 6.2296 1.40824 0.621486 1.94527 
Latency(us)/Energy(mJ): 31 0 0 0 0 
Latency(us)/Energy(mJ): 38 0.458686 0.106894 0.0393665 0.143828 
Latency(us)/Energy(mJ): 790 4.97833 1.18007 0.418282 1.5659 
Latency(us)/Energy(mJ): 28 0.184231 0.04331 0.0151656 0.0586744 
Latency(us)/Energy(mJ): 0 0 0 0 0 
Latency(us)/Energy(mJ): 5408 40.7444 9.12268 2.87877 14.0561 
Latency(us)/Energy(mJ): 28 0.380312 0.0829269 0.0241662 0.137063 
Latency(us)/Energy(mJ): 0 0 0 0 0 
Latency(us)/Energy(mJ): 2418 20.6474 4.43263 1.27321 7.55055 
Latency(us)/Energy(mJ): 35 0.655921 0.140665 0.0393567 0.241604 
0.5948 - "n02085620 Chihuahua"
0.0656 - "n02110806 basenji"
0.0383 - "n02113023 Pembroke, Pembroke Welsh corgi"
0.0311 - "n02091244 Ibizan hound, Ibizan Podenco"
0.0298 - "n02389026 sorrel"
