loading weight: /home/nvidia/caffe-build/models/bvlc_alexnet/bvlc_alexnet.caffemodel
loading prototxt: /home/nvidia/caffe-build/models/bvlc_alexnet/deploy.prototxt
---------- Prediction for /home/nvidia/Downloads/ILSVRC2012_img_train_t3/n02085620/n02085620_1152.JPEG ----------
Latency(us)/Energy(mJ): 0 0 0 0 0 
Latency(us)/Energy(mJ): 432 1.52691 0.0743705 0.124812 0.561964 
Latency(us)/Energy(mJ): 60 0.303384 0.0181872 0.0242231 0.1096 
Latency(us)/Energy(mJ): 100 0.304629 0.0240767 0.0240767 0.108937 
Latency(us)/Energy(mJ): 100 0.487788 0.0383141 0.0383141 0.175742 
Latency(us)/Energy(mJ): 1498 6.21485 0.762195 0.454285 2.14976 
Latency(us)/Energy(mJ): 54 0.149447 0.0231656 0.0102846 0.049737 
Latency(us)/Energy(mJ): 86 0.553267 0.0854903 0.0379542 0.185132 
Latency(us)/Energy(mJ): 97 0.353845 0.0603991 0.0241438 0.118344 
Latency(us)/Energy(mJ): 1579 7.51263 1.46763 0.487774 2.41404 
Latency(us)/Energy(mJ): 63 0.223936 0.0485513 0.0138653 0.0714177 
Latency(us)/Energy(mJ): 1467 7.83016 1.78697 0.454377 2.51083 
Latency(us)/Energy(mJ): 67 0.18653 0.0437089 0.0102785 0.0599523 
Latency(us)/Energy(mJ): 968 5.65986 1.40266 0.301364 1.82117 
Latency(us)/Energy(mJ): 64 0.46581 0.120462 0.0240767 0.150373 
Latency(us)/Energy(mJ): 78 0.467325 0.120523 0.0240889 0.151089 
Latency(us)/Energy(mJ): 900 5.31848 1.33363 0.273701 1.72862 
Latency(us)/Energy(mJ): 65 0.47484 0.114579 0.0241011 0.157886 
Latency(us)/Energy(mJ): 1 0 0 0 0 
Latency(us)/Energy(mJ): 5343 37.8341 8.81628 1.61754 13.5328 
Latency(us)/Energy(mJ): 60 0.632149 0.144424 0.0240706 0.235576 
Latency(us)/Energy(mJ): 1 0 0 0 0 
Latency(us)/Energy(mJ): 2381 19.7488 4.40964 0.727742 7.46099 
Latency(us)/Energy(mJ): 76 0.671828 0.150533 0.0241011 0.257052 
0.5948 - "n02085620 Chihuahua"
0.0656 - "n02110806 basenji"
0.0383 - "n02113023 Pembroke, Pembroke Welsh corgi"
0.0311 - "n02091244 Ibizan hound, Ibizan Podenco"
0.0298 - "n02389026 sorrel"
