loading weight: /home/nvidia/caffe-build/models/bvlc_alexnet/bvlc_alexnet.caffemodel
loading prototxt: /home/nvidia/caffe-build/models/bvlc_alexnet/deploy.prototxt
---------- Prediction for /home/nvidia/caffe-build/examples/images/cat.jpg ----------
Latency(us)/Energy(mJ): 0 0 0 0 0 
Latency(us)/Energy(mJ): 3601 12.9618 0.67506 1.91695 4.67748 
Latency(us)/Energy(mJ): 60 0 0 0 0 
Latency(us)/Energy(mJ): 363 1.44351 0.143326 0.200357 0.510272 
Latency(us)/Energy(mJ): 180 0.727952 0.0717778 0.100339 0.255544 
Latency(us)/Energy(mJ): 2447 9.97444 1.21743 1.30034 3.4151 
Latency(us)/Energy(mJ): 58 0.488253 0.0776997 0.0603954 0.162525 
Latency(us)/Energy(mJ): 293 1.12091 0.17838 0.138653 0.373117 
Latency(us)/Energy(mJ): 163 0.817869 0.129019 0.100285 0.269869 
Latency(us)/Energy(mJ): 1819 8.33095 1.43118 0.997165 2.73089 
Latency(us)/Energy(mJ): 58 0 0 0 0 
Latency(us)/Energy(mJ): 1661 7.87966 1.56324 0.903074 2.4997 
Latency(us)/Energy(mJ): 62 0.540894 0.112394 0.0605022 0.169383 
Latency(us)/Energy(mJ): 1246 5.73705 1.23599 0.639358 1.78996 
Latency(us)/Energy(mJ): 60 0.550475 0.121218 0.060609 0.169683 
Latency(us)/Energy(mJ): 85 0.360598 0.0794058 0.0397029 0.111153 
Latency(us)/Energy(mJ): 1987 9.59273 2.08169 1.06218 2.99766 
Latency(us)/Energy(mJ): 62 0.35615 0.0772164 0.0386082 0.113439 
Latency(us)/Energy(mJ): 6 0 0 0 0 
Latency(us)/Energy(mJ): 4923 28.0248 6.25158 2.66672 9.30079 
Latency(us)/Energy(mJ): 60 0 0 0 0 
Latency(us)/Energy(mJ): 6 0.465406 0.10846 0.0399432 0.158875 
Latency(us)/Energy(mJ): 2123 13.3167 3.06499 1.10271 4.59468 
Latency(us)/Energy(mJ): 373 2.5164 0.573019 0.200651 0.874851 
0.3094 - "n02124075 Egyptian cat"
0.1761 - "n02123159 tiger cat"
0.1221 - "n02123045 tabby, tabby cat"
0.1132 - "n02119022 red fox, Vulpes vulpes"
0.0421 - "n02085620 Chihuahua"
