loading weight: /home/nvidia/caffe-build/models/bvlc_alexnet/bvlc_alexnet.caffemodel
loading prototxt: /home/nvidia/caffe-build/models/bvlc_alexnet/deploy.prototxt
---------- Prediction for /home/nvidia/Downloads/ILSVRC2012_img_train_t3/n02085620/n02085620_1152.JPEG ----------
Latency(us)/Energy(mJ): 0 0 0 0 0 
Latency(us)/Energy(mJ): 314 1.45823 0.0727018 0.425985 0.402683 
Latency(us)/Energy(mJ): 33 0.234666 0.0174727 0.0665429 0.0632868 
Latency(us)/Energy(mJ): 78 0.372425 0.0309597 0.104572 0.100359 
Latency(us)/Energy(mJ): 64 0.38083 0.036712 0.105357 0.101651 
Latency(us)/Energy(mJ): 953 5.35162 0.784772 1.36834 1.36759 
Latency(us)/Energy(mJ): 25 0.165852 0.03146 0.039875 0.0411125 
Latency(us)/Energy(mJ): 57 0.435256 0.0870085 0.103327 0.106534 
Latency(us)/Energy(mJ): 56 0.443286 0.089903 0.104342 0.10758 
Latency(us)/Energy(mJ): 997 6.53453 1.61325 1.39371 1.51024 
Latency(us)/Energy(mJ): 29 0.19071 0.0523662 0.0377026 0.0436614 
Latency(us)/Energy(mJ): 1008 7.59743 2.22924 1.39602 1.7301 
Latency(us)/Energy(mJ): 41 0.363683 0.11478 0.0625906 0.0828915 
Latency(us)/Energy(mJ): 628 5.00337 1.61684 0.83371 1.14436 
Latency(us)/Energy(mJ): 45 0.616378 0.205014 0.0997444 0.141838 
Latency(us)/Energy(mJ): 53 0.386008 0.130899 0.0620144 0.0881852 
Latency(us)/Energy(mJ): 726 6.1889 2.06316 0.994618 1.43104 
Latency(us)/Energy(mJ): 35 0.255624 0.084036 0.0408856 0.0604344 
Latency(us)/Energy(mJ): 1 0 0 0 0 
Latency(us)/Energy(mJ): 4576 45.2092 14.6756 6.02063 11.8621 
Latency(us)/Energy(mJ): 34 0.464221 0.148722 0.0549691 0.130031 
Latency(us)/Energy(mJ): 1 0 0 0 0 
Latency(us)/Energy(mJ): 2030 23.291 7.44741 2.66473 6.6248 
Latency(us)/Energy(mJ): 46 0.501968 0.160602 0.0557455 0.144232 
0.5948 - "n02085620 Chihuahua"
0.0656 - "n02110806 basenji"
0.0383 - "n02113023 Pembroke, Pembroke Welsh corgi"
0.0311 - "n02091244 Ibizan hound, Ibizan Podenco"
0.0298 - "n02389026 sorrel"
