loading weight: /home/nvidia/caffe-build/models/bvlc_alexnet/bvlc_alexnet.caffemodel
loading prototxt: /home/nvidia/caffe-build/models/bvlc_alexnet/deploy.prototxt
---------- Prediction for /home/nvidia/Downloads/ILSVRC2012_img_train_t3/n02085620/n02085620_1152.JPEG ----------
Latency(us)/Energy(mJ): 0 0 0 0 0 
Latency(us)/Energy(mJ): 477 2.10871 0.0666094 0.602114 0.604744 
Latency(us)/Energy(mJ): 25 0.218832 0.00685824 0.0619949 0.0622656 
Latency(us)/Energy(mJ): 69 0.352401 0.0110443 0.0998348 0.100271 
Latency(us)/Energy(mJ): 56 0.352498 0.0110474 0.0998623 0.100298 
Latency(us)/Energy(mJ): 6803 33.7546 2.39726 8.95646 9.34741 
Latency(us)/Energy(mJ): 24 0.231084 0.0206833 0.0586177 0.0640369 
Latency(us)/Energy(mJ): 58 0.140717 0.012595 0.035695 0.038995 
Latency(us)/Energy(mJ): 50 0.371597 0.03326 0.0942608 0.102975 
Latency(us)/Energy(mJ): 8835 45.3551 5.03076 11.015 12.1231 
Latency(us)/Energy(mJ): 29 0.141762 0.016775 0.033605 0.03795 
Latency(us)/Energy(mJ): 6278 33.4806 4.09614 7.68673 9.17871 
Latency(us)/Energy(mJ): 49 0.149241 0.0189062 0.0336019 0.0416653 
Latency(us)/Energy(mJ): 4705 25.9271 3.24576 5.76866 7.27156 
Latency(us)/Energy(mJ): 46 0.247565 0.0309287 0.0549694 0.069871 
Latency(us)/Energy(mJ): 50 0.151003 0.018865 0.0335287 0.0426179 
Latency(us)/Energy(mJ): 4294 23.7451 2.9424 5.23335 6.75802 
Latency(us)/Energy(mJ): 32 0.405046 0.0498585 0.0887423 0.118178 
Latency(us)/Energy(mJ): 1 0 0 0 0 
Latency(us)/Energy(mJ): 21552 134.217 14.7759 26.2993 43.4412 
Latency(us)/Energy(mJ): 29 0.176058 0.0187278 0.0333333 0.0590226 
Latency(us)/Energy(mJ): 1 0 0 0 0 
Latency(us)/Energy(mJ): 9548 62.5615 6.42105 11.6761 21.1217 
Latency(us)/Energy(mJ): 38 0.296516 0.0275598 0.0551648 0.100254 
0.5948 - "n02085620 Chihuahua"
0.0656 - "n02110806 basenji"
0.0383 - "n02113023 Pembroke, Pembroke Welsh corgi"
0.0311 - "n02091244 Ibizan hound, Ibizan Podenco"
0.0298 - "n02389026 sorrel"
