loading weight: /home/nvidia/caffe-build/models/bvlc_alexnet/bvlc_alexnet.caffemodel
loading prototxt: /home/nvidia/caffe-build/models/bvlc_alexnet/deploy.prototxt
---------- Prediction for /home/nvidia/Downloads/ILSVRC2012_img_train_t3/n02085620/n02085620_1152.JPEG ----------
Latency(us)/Energy(mJ): 0 0 0 0 0 
Latency(us)/Energy(mJ): 282 1.4013 0.0575707 0.437388 0.376331 
Latency(us)/Energy(mJ): 26 0.145839 0.0083204 0.0437298 0.0381647 
Latency(us)/Energy(mJ): 70 0.39052 0.0276301 0.11625 0.101455 
Latency(us)/Energy(mJ): 66 0.393168 0.0297246 0.116218 0.101427 
Latency(us)/Energy(mJ): 997 5.90563 0.757927 1.62363 1.47756 
Latency(us)/Energy(mJ): 29 0 0 0 0 
Latency(us)/Energy(mJ): 53 0.448757 0.0773232 0.115985 0.108238 
Latency(us)/Energy(mJ): 49 0.2817 0.04806 0.07209 0.067275 
Latency(us)/Energy(mJ): 1082 7.21942 1.57168 1.74278 1.66839 
Latency(us)/Energy(mJ): 33 0.190987 0.046145 0.044055 0.043725 
Latency(us)/Energy(mJ): 1042 7.86981 2.08165 1.66792 1.81902 
Latency(us)/Energy(mJ): 47 0.215023 0.0608025 0.0419375 0.0499675 
Latency(us)/Energy(mJ): 657 5.29332 1.56299 0.997594 1.23536 
Latency(us)/Energy(mJ): 33 0.377086 0.113577 0.068869 0.0881072 
Latency(us)/Energy(mJ): 42 0.22545 0.067905 0.041175 0.052677 
Latency(us)/Energy(mJ): 715 6.09373 1.85514 1.10489 1.43822 
Latency(us)/Energy(mJ): 29 0.381896 0.113477 0.068808 0.0923606 
Latency(us)/Energy(mJ): 0 0 0 0 0 
Latency(us)/Energy(mJ): 4648 45.3643 13.4628 6.90349 12.179 
Latency(us)/Energy(mJ): 32 0 0 0 0 
Latency(us)/Energy(mJ): 0 0 0 0 0 
Latency(us)/Energy(mJ): 2033 22.447 6.55523 2.9375 6.53465 
Latency(us)/Energy(mJ): 37 0.825835 0.2403 0.10524 0.24505 
0.5948 - "n02085620 Chihuahua"
0.0656 - "n02110806 basenji"
0.0383 - "n02113023 Pembroke, Pembroke Welsh corgi"
0.0311 - "n02091244 Ibizan hound, Ibizan Podenco"
0.0298 - "n02389026 sorrel"
