loading weight: /home/nvidia/caffe-build/models/bvlc_alexnet/bvlc_alexnet.caffemodel
loading prototxt: /home/nvidia/caffe-build/models/bvlc_alexnet/deploy.prototxt
---------- Prediction for /home/nvidia/caffe-build/examples/images/cat.jpg ----------
Latency(us)/Energy(mJ): 1 0 0 0 0 
Latency(us)/Energy(mJ): 12565 21.9989 2.37894 4.66315 4.36649 
Latency(us)/Energy(mJ): 65 0 0 0 0 
Latency(us)/Energy(mJ): 511 1.03487 0.160659 0.201219 0.211754 
Latency(us)/Energy(mJ): 227 0.60306 0.0925217 0.11588 0.121947 
Latency(us)/Energy(mJ): 10298 22.3027 4.38427 3.9197 4.70523 
Latency(us)/Energy(mJ): 62 0.222589 0.0510658 0.0364619 0.0475341 
Latency(us)/Energy(mJ): 416 0.92732 0.212743 0.151902 0.19803 
Latency(us)/Energy(mJ): 158 0.463951 0.106438 0.0759989 0.0990771 
Latency(us)/Energy(mJ): 6286 14.8617 3.53918 2.37552 3.0999 
Latency(us)/Energy(mJ): 56 0.280549 0.0700511 0.0437963 0.0570957 
Latency(us)/Energy(mJ): 4200 10.5048 2.80704 1.60526 2.09272 
Latency(us)/Energy(mJ): 55 0.208419 0.0559688 0.0310757 0.0405123 
Latency(us)/Energy(mJ): 4076 10.4873 2.81829 1.56481 2.03998 
Latency(us)/Energy(mJ): 56 0 0 0 0 
Latency(us)/Energy(mJ): 83 0.298857 0.0802552 0.0445603 0.0580917 
Latency(us)/Energy(mJ): 6582 16.4476 4.28749 2.51723 3.29504 
Latency(us)/Energy(mJ): 68 0 0 0 0 
Latency(us)/Energy(mJ): 4 0 0 0 0 
Latency(us)/Energy(mJ): 33324 91.26 20.3881 12.7467 22.9238 
Latency(us)/Energy(mJ): 63 0.279548 0.0603974 0.0377607 0.0757191 
Latency(us)/Energy(mJ): 2 0 0 0 0 
Latency(us)/Energy(mJ): 14455 41.5754 8.85287 5.53486 11.4114 
Latency(us)/Energy(mJ): 401 1.16927 0.246722 0.154252 0.325059 
0.3094 - "n02124075 Egyptian cat"
0.1761 - "n02123159 tiger cat"
0.1221 - "n02123045 tabby, tabby cat"
0.1132 - "n02119022 red fox, Vulpes vulpes"
0.0421 - "n02085620 Chihuahua"
