loading weight: /home/nvidia/caffe-build/models/bvlc_alexnet/bvlc_alexnet.caffemodel
loading prototxt: /home/nvidia/caffe-build/models/bvlc_alexnet/deploy.prototxt
---------- Prediction for /home/nvidia/Downloads/ILSVRC2012_img_train_t3/n02085620/n02085620_1152.JPEG ----------
Latency(us)/Energy(mJ): 0 0 0 0 0 
Latency(us)/Energy(mJ): 486 1.77948 0.127812 0.142832 0.6268 
Latency(us)/Energy(mJ): 64 0.327549 0.0371988 0.0247721 0.110459 
Latency(us)/Energy(mJ): 123 0.48212 0.0651444 0.0356423 0.159642 
Latency(us)/Energy(mJ): 116 0.539023 0.0835727 0.0386435 0.174846 
Latency(us)/Energy(mJ): 951 4.32936 0.904508 0.282485 1.33178 
Latency(us)/Energy(mJ): 62 0.413667 0.111541 0.0247599 0.11974 
Latency(us)/Energy(mJ): 105 0.423081 0.115126 0.024949 0.120655 
Latency(us)/Energy(mJ): 105 0.66873 0.190245 0.0387045 0.188077 
Latency(us)/Energy(mJ): 764 4.29931 1.35297 0.234478 1.17065 
Latency(us)/Energy(mJ): 67 0.479869 0.160902 0.0247355 0.12966 
Latency(us)/Energy(mJ): 1029 6.61621 2.34174 0.312167 1.7579 
Latency(us)/Energy(mJ): 70 0.565246 0.210396 0.0247477 0.149054 
Latency(us)/Energy(mJ): 609 4.36599 1.66098 0.184153 1.14423 
Latency(us)/Energy(mJ): 61 0.340906 0.132103 0.013908 0.0889656 
Latency(us)/Energy(mJ): 72 0.606304 0.234947 0.0247355 0.158226 
Latency(us)/Energy(mJ): 1047 7.70035 2.90748 0.322775 2.03611 
Latency(us)/Energy(mJ): 68 0.59517 0.219687 0.0247172 0.162127 
Latency(us)/Energy(mJ): 1 0 0 0 0 
Latency(us)/Energy(mJ): 4559 39.6035 14.1841 1.38205 11.6661 
Latency(us)/Energy(mJ): 69 0.794622 0.27697 0.0245693 0.245854 
Latency(us)/Energy(mJ): 1 0 0 0 0 
Latency(us)/Energy(mJ): 1992 20.1638 7.02731 0.600266 6.32512 
Latency(us)/Energy(mJ): 84 0.856822 0.296705 0.0246848 0.27099 
0.5948 - "n02085620 Chihuahua"
0.0656 - "n02110806 basenji"
0.0383 - "n02113023 Pembroke, Pembroke Welsh corgi"
0.0311 - "n02091244 Ibizan hound, Ibizan Podenco"
0.0298 - "n02389026 sorrel"
