loading weight: /home/nvidia/caffe-build/models/bvlc_alexnet/bvlc_alexnet.caffemodel
loading prototxt: /home/nvidia/caffe-build/models/bvlc_alexnet/deploy.prototxt
---------- Prediction for /home/nvidia/Downloads/ILSVRC2012_img_train_t3/n02085620/n02085620_1152.JPEG ----------
Latency(us)/Energy(mJ): 0 0 0 0 0 
Latency(us)/Energy(mJ): 480 1.75739 0.106072 0.143515 0.627549 
Latency(us)/Energy(mJ): 63 0.136395 0.013335 0.010675 0.046935 
Latency(us)/Energy(mJ): 120 0.512882 0.0591278 0.0393755 0.174686 
Latency(us)/Energy(mJ): 120 0.479687 0.0626596 0.0357887 0.160295 
Latency(us)/Energy(mJ): 1049 4.71482 0.883727 0.322617 1.50679 
Latency(us)/Energy(mJ): 61 0.397086 0.0944854 0.0251686 0.120149 
Latency(us)/Energy(mJ): 101 0.394402 0.0927908 0.0247172 0.118673 
Latency(us)/Energy(mJ): 106 0.625647 0.154652 0.0386313 0.186824 
Latency(us)/Energy(mJ): 923 4.8496 1.34272 0.28301 1.39764 
Latency(us)/Energy(mJ): 67 0.455198 0.131748 0.0250832 0.130762 
Latency(us)/Energy(mJ): 1105 6.5778 2.06014 0.334744 1.87792 
Latency(us)/Energy(mJ): 73 0.519851 0.17323 0.0247355 0.148267 
Latency(us)/Energy(mJ): 670 4.33005 1.45333 0.198567 1.22934 
Latency(us)/Energy(mJ): 63 0.55727 0.191815 0.0247477 0.158304 
Latency(us)/Energy(mJ): 73 0.560905 0.192004 0.0247721 0.15846 
Latency(us)/Energy(mJ): 1013 6.61371 2.21929 0.299577 1.89379 
Latency(us)/Energy(mJ): 68 0.556106 0.180543 0.0248941 0.163295 
Latency(us)/Energy(mJ): 1 0 0 0 0 
Latency(us)/Energy(mJ): 4685 38.0919 11.9843 1.43391 12.1292 
Latency(us)/Energy(mJ): 68 0.321208 0.0990033 0.0106765 0.106835 
Latency(us)/Energy(mJ): 1 0 0 0 0 
Latency(us)/Energy(mJ): 2029 19.2399 5.85887 0.617229 6.47388 
Latency(us)/Energy(mJ): 81 0.7824 0.237778 0.0243382 0.26652 
0.5948 - "n02085620 Chihuahua"
0.0656 - "n02110806 basenji"
0.0383 - "n02113023 Pembroke, Pembroke Welsh corgi"
0.0311 - "n02091244 Ibizan hound, Ibizan Podenco"
0.0298 - "n02389026 sorrel"
