loading weight: /home/nvidia/caffe-build/models/bvlc_alexnet/bvlc_alexnet.caffemodel
loading prototxt: /home/nvidia/caffe-build/models/bvlc_alexnet/deploy.prototxt
---------- Prediction for /home/nvidia/Downloads/ILSVRC2012_img_train_t3/n02085620/n02085620_1152.JPEG ----------
Latency(us)/Energy(mJ): 0 0 0 0 0 
Latency(us)/Energy(mJ): 175 0.732208 0.0347943 0.150724 0.238698 
Latency(us)/Energy(mJ): 18 0.21631 0.0102134 0.0442432 0.0700666 
Latency(us)/Energy(mJ): 41 0.133833 0.0083509 0.027161 0.043014 
Latency(us)/Energy(mJ): 38 0.222064 0.0137494 0.0447194 0.0708207 
Latency(us)/Energy(mJ): 1083 5.80193 0.720931 1.07987 1.7549 
Latency(us)/Energy(mJ): 18 0 0 0 0 
Latency(us)/Energy(mJ): 33 0.153462 0.0247137 0.0267642 0.0448947 
Latency(us)/Energy(mJ): 34 0.261106 0.0452352 0.0452352 0.0758784 
Latency(us)/Energy(mJ): 1253 7.67879 1.65868 1.25065 2.11097 
Latency(us)/Energy(mJ): 20 0 0 0 0 
Latency(us)/Energy(mJ): 1013 6.90704 1.81108 1.00904 1.85539 
Latency(us)/Energy(mJ): 27 0.324695 0.0897506 0.0448527 0.0874423 
Latency(us)/Energy(mJ): 713 5.39789 1.57004 0.719882 1.44574 
Latency(us)/Energy(mJ): 24 0 0 0 0 
Latency(us)/Energy(mJ): 32 0.206109 0.0617947 0.0267768 0.0553099 
Latency(us)/Energy(mJ): 592 4.56976 1.40588 0.58025 1.22816 
Latency(us)/Energy(mJ): 23 0.361745 0.111264 0.0451896 0.0985872 
Latency(us)/Energy(mJ): 0 0 0 0 0 
Latency(us)/Energy(mJ): 4693 42.6866 12.6178 4.62825 12.6209 
Latency(us)/Energy(mJ): 23 0.464168 0.133066 0.0455202 0.144285 
Latency(us)/Energy(mJ): 0 0 0 0 0 
Latency(us)/Energy(mJ): 2093 21.9298 6.29793 2.08547 6.90875 
Latency(us)/Energy(mJ): 30 0.298642 0.0849555 0.027621 0.0950274 
0.5948 - "n02085620 Chihuahua"
0.0656 - "n02110806 basenji"
0.0383 - "n02113023 Pembroke, Pembroke Welsh corgi"
0.0311 - "n02091244 Ibizan hound, Ibizan Podenco"
0.0298 - "n02389026 sorrel"
