loading weight: /home/nvidia/caffe-build/models/bvlc_alexnet/bvlc_alexnet.caffemodel
loading prototxt: /home/nvidia/caffe-build/models/bvlc_alexnet/deploy.prototxt
---------- Prediction for /home/nvidia/caffe-build/examples/images/cat.jpg ----------
Latency(us)/Energy(mJ): 6 0 0 0 0 
Latency(us)/Energy(mJ): 7888 21.3848 1.87737 8.79278 3.36779 
Latency(us)/Energy(mJ): 47 0 0 0 0 
Latency(us)/Energy(mJ): 673 2.02894 0.268393 0.751782 0.326919 
Latency(us)/Energy(mJ): 250 0.812528 0.106845 0.299279 0.133976 
Latency(us)/Energy(mJ): 9677 29.9708 5.27175 10.1066 4.94779 
Latency(us)/Energy(mJ): 36 0 0 0 0 
Latency(us)/Energy(mJ): 483 1.54717 0.327149 0.472867 0.255243 
Latency(us)/Energy(mJ): 191 0.637129 0.134721 0.194727 0.10511 
Latency(us)/Energy(mJ): 5878 19.3875 4.33751 5.82792 3.14578 
Latency(us)/Energy(mJ): 33 0.381532 0.095298 0.112656 0.0608092 
Latency(us)/Energy(mJ): 3926 13.2834 3.41092 3.87454 2.09139 
Latency(us)/Energy(mJ): 36 0.283979 0.0747914 0.0810784 0.0437644 
Latency(us)/Energy(mJ): 3753 12.7517 3.39355 3.67882 1.95241 
Latency(us)/Energy(mJ): 32 0.389064 0.1036 0.112308 0.0584727 
Latency(us)/Energy(mJ): 49 0 0 0 0 
Latency(us)/Energy(mJ): 6970 23.7462 6.05144 6.97826 3.65964 
Latency(us)/Energy(mJ): 35 0 0 0 0 
Latency(us)/Energy(mJ): 3 0 0 0 0 
Latency(us)/Energy(mJ): 33070 117.125 27.6651 31.0243 23.1171 
Latency(us)/Energy(mJ): 31 0.377085 0.0801818 0.0961342 0.0823858 
Latency(us)/Energy(mJ): 8 0 0 0 0 
Latency(us)/Energy(mJ): 14251 51.3227 10.8238 12.9772 11.2897 
Latency(us)/Energy(mJ): 229 1.13178 0.238139 0.285517 0.250918 
0.3094 - "n02124075 Egyptian cat"
0.1761 - "n02123159 tiger cat"
0.1221 - "n02123045 tabby, tabby cat"
0.1132 - "n02119022 red fox, Vulpes vulpes"
0.0421 - "n02085620 Chihuahua"
