loading weight: /home/nvidia/caffe-build/models/bvlc_alexnet/bvlc_alexnet.caffemodel
loading prototxt: /home/nvidia/caffe-build/models/bvlc_alexnet/deploy.prototxt
---------- Prediction for /home/nvidia/caffe-build/examples/images/cat.jpg ----------
Latency(us)/Energy(mJ): 0 0 0 0 0 
Latency(us)/Energy(mJ): 2642 9.54397 0.523186 1.1826 3.68951 
Latency(us)/Energy(mJ): 37 0 0 0 0 
Latency(us)/Energy(mJ): 202 0.903495 0.0881274 0.105661 0.338128 
Latency(us)/Energy(mJ): 100 0.447213 0.0434143 0.0520517 0.167634 
Latency(us)/Energy(mJ): 2335 9.99053 1.2251 1.09554 3.62785 
Latency(us)/Energy(mJ): 36 0 0 0 0 
Latency(us)/Energy(mJ): 157 0.501681 0.0784554 0.0523036 0.177238 
Latency(us)/Energy(mJ): 92 0.503918 0.0781119 0.0520746 0.176462 
Latency(us)/Energy(mJ): 1857 8.77479 1.48572 0.886184 3.0339 
Latency(us)/Energy(mJ): 35 0 0 0 0 
Latency(us)/Energy(mJ): 1540 7.03556 1.3846 0.679558 2.3475 
Latency(us)/Energy(mJ): 35 0.562115 0.114973 0.0530822 0.184049 
Latency(us)/Energy(mJ): 1094 5.00174 1.06863 0.469496 1.62786 
Latency(us)/Energy(mJ): 35 0.552697 0.11983 0.0513876 0.178174 
Latency(us)/Energy(mJ): 54 0 0 0 0 
Latency(us)/Energy(mJ): 1185 6.13335 1.32598 0.56863 2.00166 
Latency(us)/Energy(mJ): 38 0 0 0 0 
Latency(us)/Energy(mJ): 1 0 0 0 0 
Latency(us)/Energy(mJ): 4867 27.4612 6.1783 2.21784 9.41279 
Latency(us)/Energy(mJ): 38 0.704563 0.163197 0.0515479 0.245472 
Latency(us)/Energy(mJ): 0 0 0 0 0 
Latency(us)/Energy(mJ): 2143 13.8546 3.19437 0.974711 4.88119 
Latency(us)/Energy(mJ): 239 1.51907 0.361331 0.103076 0.537256 
0.3094 - "n02124075 Egyptian cat"
0.1761 - "n02123159 tiger cat"
0.1221 - "n02123045 tabby, tabby cat"
0.1132 - "n02119022 red fox, Vulpes vulpes"
0.0421 - "n02085620 Chihuahua"
