loading weight: /home/nvidia/caffe-build/models/bvlc_alexnet/bvlc_alexnet.caffemodel
loading prototxt: /home/nvidia/caffe-build/models/bvlc_alexnet/deploy.prototxt
---------- Prediction for /home/nvidia/Downloads/ILSVRC2012_img_train_t3/n02085620/n02085620_1152.JPEG ----------
Latency(us)/Energy(mJ): 0 0 0 0 0 
Latency(us)/Energy(mJ): 260 1.10663 0.0343794 0.305213 0.32879 
Latency(us)/Energy(mJ): 21 0.222557 0.0103462 0.0586436 0.0657821 
Latency(us)/Energy(mJ): 67 0.361414 0.0167216 0.09478 0.106317 
Latency(us)/Energy(mJ): 49 0.138297 0.00637994 0.0361623 0.0405642 
Latency(us)/Energy(mJ): 1704 9.05608 0.74265 2.24722 2.59625 
Latency(us)/Energy(mJ): 19 0 0 0 0 
Latency(us)/Energy(mJ): 42 0.15127 0.016897 0.0359269 0.0429904 
Latency(us)/Energy(mJ): 39 0.397079 0.0442372 0.0940584 0.112551 
Latency(us)/Energy(mJ): 2094 11.9833 1.72418 2.66648 3.27366 
Latency(us)/Energy(mJ): 30 0.166376 0.0280736 0.0345543 0.045563 
Latency(us)/Energy(mJ): 1638 9.98103 1.79764 1.96986 2.74576 
Latency(us)/Energy(mJ): 35 0.296746 0.05612 0.056166 0.081834 
Latency(us)/Energy(mJ): 1118 7.45155 1.48323 1.37795 2.08113 
Latency(us)/Energy(mJ): 35 0.305146 0.0620321 0.0551648 0.0855709 
Latency(us)/Energy(mJ): 49 0.191942 0.038801 0.0345055 0.0535244 
Latency(us)/Energy(mJ): 871 6.04276 1.25966 1.07558 1.71767 
Latency(us)/Energy(mJ): 26 0.314192 0.0655528 0.055238 0.0908872 
Latency(us)/Energy(mJ): 1 0 0 0 0 
Latency(us)/Energy(mJ): 5764 45.9122 9.11879 6.5736 14.7036 
Latency(us)/Energy(mJ): 29 0.396359 0.0757552 0.0516636 0.134922 
Latency(us)/Energy(mJ): 0 0 0 0 0 
Latency(us)/Energy(mJ): 2596 23.349 4.4767 2.96183 8.06531 
Latency(us)/Energy(mJ): 39 0.417064 0.0792254 0.0516865 0.145337 
0.5948 - "n02085620 Chihuahua"
0.0656 - "n02110806 basenji"
0.0383 - "n02113023 Pembroke, Pembroke Welsh corgi"
0.0311 - "n02091244 Ibizan hound, Ibizan Podenco"
0.0298 - "n02389026 sorrel"
