loading weight: /home/nvidia/caffe-build/models/bvlc_alexnet/bvlc_alexnet.caffemodel
loading prototxt: /home/nvidia/caffe-build/models/bvlc_alexnet/deploy.prototxt
---------- Prediction for /home/nvidia/Downloads/ILSVRC2012_img_train_t3/n02085620/n02085620_1152.JPEG ----------
Latency(us)/Energy(mJ): 0 0 0 0 0 
Latency(us)/Energy(mJ): 177 0.727478 0.0346202 0.149971 0.237201 
Latency(us)/Energy(mJ): 18 0.218735 0.0103279 0.0447392 0.0707619 
Latency(us)/Energy(mJ): 44 0.136082 0.00637536 0.0276173 0.043681 
Latency(us)/Energy(mJ): 38 0.220192 0.0136335 0.0443424 0.0701343 
Latency(us)/Energy(mJ): 1082 5.79334 0.689576 1.07949 1.75052 
Latency(us)/Energy(mJ): 17 0 0 0 0 
Latency(us)/Energy(mJ): 38 0.155714 0.025245 0.0273395 0.0453362 
Latency(us)/Energy(mJ): 34 0.41693 0.0671428 0.0727136 0.120579 
Latency(us)/Energy(mJ): 1251 7.50668 1.57609 1.22433 2.05983 
Latency(us)/Energy(mJ): 20 0 0 0 0 
Latency(us)/Energy(mJ): 1012 6.87062 1.76978 1.00654 1.83903 
Latency(us)/Energy(mJ): 27 0.325843 0.0900679 0.0450112 0.0868885 
Latency(us)/Energy(mJ): 718 5.39476 1.53963 0.720279 1.43284 
Latency(us)/Energy(mJ): 26 0.211122 0.062984 0.0272921 0.0558511 
Latency(us)/Energy(mJ): 34 0.348112 0.103327 0.0447734 0.091625 
Latency(us)/Energy(mJ): 593 4.60567 1.37599 0.581856 1.22726 
Latency(us)/Energy(mJ): 23 0.220506 0.0653606 0.0274111 0.0598009 
Latency(us)/Energy(mJ): 0 0 0 0 0 
Latency(us)/Energy(mJ): 4645 42.5808 12.3827 4.6008 12.5337 
Latency(us)/Energy(mJ): 22 0 0 0 0 
Latency(us)/Energy(mJ): 0 0 0 0 0 
Latency(us)/Energy(mJ): 2097 21.9333 6.23525 2.08409 6.90282 
Latency(us)/Energy(mJ): 30 0.485105 0.137999 0.0448668 0.15436 
0.5948 - "n02085620 Chihuahua"
0.0656 - "n02110806 basenji"
0.0383 - "n02113023 Pembroke, Pembroke Welsh corgi"
0.0311 - "n02091244 Ibizan hound, Ibizan Podenco"
0.0298 - "n02389026 sorrel"
