loading weight: /home/nvidia/caffe-build/models/bvlc_alexnet/bvlc_alexnet.caffemodel
loading prototxt: /home/nvidia/caffe-build/models/bvlc_alexnet/deploy.prototxt
---------- Prediction for /home/nvidia/Downloads/ILSVRC2012_img_train_t3/n02085620/n02085620_1152.JPEG ----------
Latency(us)/Energy(mJ): 0 0 0 0 0 
Latency(us)/Energy(mJ): 265 1.00908 0.0346074 0.17372 0.349033 
Latency(us)/Energy(mJ): 22 0.202402 0.00688256 0.0345486 0.0694142 
Latency(us)/Energy(mJ): 51 0.125875 0.00428032 0.0214861 0.0431693 
Latency(us)/Energy(mJ): 45 0.329886 0.0133982 0.0563094 0.113135 
Latency(us)/Energy(mJ): 3006 13.9578 1.17326 2.27958 4.65 
Latency(us)/Energy(mJ): 22 0.220938 0.0241368 0.0344876 0.0709188 
Latency(us)/Energy(mJ): 40 0.139015 0.015187 0.0216997 0.0446224 
Latency(us)/Energy(mJ): 41 0.220547 0.0240941 0.0344266 0.0707933 
Latency(us)/Energy(mJ): 3882 19.5498 2.84616 2.96218 6.02913 
Latency(us)/Energy(mJ): 23 0.232594 0.0378557 0.0344266 0.0707933 
Latency(us)/Energy(mJ): 2789 15.0191 2.61403 2.12706 4.58354 
Latency(us)/Energy(mJ): 29 0 0 0 0 
Latency(us)/Energy(mJ): 2087 11.9771 2.22821 1.60766 3.69978 
Latency(us)/Energy(mJ): 28 0 0 0 0 
Latency(us)/Energy(mJ): 34 0.421829 0.077964 0.055699 0.131254 
Latency(us)/Energy(mJ): 1854 10.6856 2.08368 1.39206 3.3326 
Latency(us)/Energy(mJ): 25 0.269579 0.0521206 0.0347623 0.085425 
Latency(us)/Energy(mJ): 0 0 0 0 0 
Latency(us)/Energy(mJ): 9565 65.2737 11.3343 7.2979 22.8393 
Latency(us)/Energy(mJ): 25 0 0 0 0 
Latency(us)/Energy(mJ): 0 0 0 0 0 
Latency(us)/Energy(mJ): 4216 31.8945 5.15345 3.21879 11.8423 
Latency(us)/Energy(mJ): 32 0.35104 0.0555832 0.0347167 0.130757 
0.5948 - "n02085620 Chihuahua"
0.0656 - "n02110806 basenji"
0.0383 - "n02113023 Pembroke, Pembroke Welsh corgi"
0.0311 - "n02091244 Ibizan hound, Ibizan Podenco"
0.0298 - "n02389026 sorrel"
