loading weight: /home/nvidia/caffe-build/models/bvlc_alexnet/bvlc_alexnet.caffemodel
loading prototxt: /home/nvidia/caffe-build/models/bvlc_alexnet/deploy.prototxt
---------- Prediction for /home/nvidia/Downloads/ILSVRC2012_img_train_t3/n02085620/n02085620_1152.JPEG ----------
Latency(us)/Energy(mJ): 0 0 0 0 0 
Latency(us)/Energy(mJ): 704 3.04784 0.260536 0.589462 0.909613 
Latency(us)/Energy(mJ): 82 0.342698 0.0530503 0.0606648 0.0954748 
Latency(us)/Energy(mJ): 162 0.838685 0.147468 0.144127 0.229575 
Latency(us)/Energy(mJ): 154 0.729858 0.132435 0.121447 0.198075 
Latency(us)/Energy(mJ): 821 4.60442 1.07112 0.705269 1.18912 
Latency(us)/Energy(mJ): 73 0.434282 0.125384 0.060945 0.104384 
Latency(us)/Energy(mJ): 125 0.607534 0.181196 0.0839839 0.145224 
Latency(us)/Energy(mJ): 124 0.902206 0.279281 0.12189 0.211528 
Latency(us)/Energy(mJ): 618 4.02026 1.29528 0.524711 0.940794 
Latency(us)/Energy(mJ): 88 0.679622 0.234485 0.0839503 0.159095 
Latency(us)/Energy(mJ): 1027 7.47773 2.72994 0.851067 1.73846 
Latency(us)/Energy(mJ): 80 0.569773 0.219722 0.0603695 0.132337 
Latency(us)/Energy(mJ): 660 5.62718 2.18197 0.586265 1.30426 
Latency(us)/Energy(mJ): 75 0.598355 0.238107 0.0608891 0.138141 
Latency(us)/Energy(mJ): 88 0.813202 0.317155 0.083029 0.187658 
Latency(us)/Energy(mJ): 1251 9.79577 3.72746 1.03324 2.29589 
Latency(us)/Energy(mJ): 85 0.580609 0.216064 0.0609226 0.140979 
Latency(us)/Energy(mJ): 3 0.363931 0.134394 0.0378944 0.0891286 
Latency(us)/Energy(mJ): 4511 42.7297 15.5679 3.76552 11.3889 
Latency(us)/Energy(mJ): 85 1.06697 0.384889 0.0834322 0.301333 
Latency(us)/Energy(mJ): 4 0 0 0 0 
Latency(us)/Energy(mJ): 1937 21.7516 7.8004 1.63757 6.2301 
Latency(us)/Energy(mJ): 105 0.830307 0.297656 0.0606323 0.241153 
0.5948 - "n02085620 Chihuahua"
0.0656 - "n02110806 basenji"
0.0383 - "n02113023 Pembroke, Pembroke Welsh corgi"
0.0311 - "n02091244 Ibizan hound, Ibizan Podenco"
0.0298 - "n02389026 sorrel"
