loading weight: /home/nvidia/caffe-build/models/bvlc_alexnet/bvlc_alexnet.caffemodel
loading prototxt: /home/nvidia/caffe-build/models/bvlc_alexnet/deploy.prototxt
---------- Prediction for /home/nvidia/Downloads/ILSVRC2012_img_train_t3/n02085620/n02085620_1152.JPEG ----------
Latency(us)/Energy(mJ): 0 0 0 0 0 
Latency(us)/Energy(mJ): 335 1.43194 0.0450042 0.406814 0.40859 
Latency(us)/Energy(mJ): 30 0.352565 0.011017 0.0995875 0.1014 
Latency(us)/Energy(mJ): 64 0.222893 0.0104424 0.0626544 0.0637944 
Latency(us)/Energy(mJ): 61 0.355553 0.0166575 0.0999448 0.101763 
Latency(us)/Energy(mJ): 2353 12.0916 0.957121 3.20304 3.35185 
Latency(us)/Energy(mJ): 23 0 0 0 0 
Latency(us)/Energy(mJ): 51 0.391597 0.040921 0.0943178 0.107262 
Latency(us)/Energy(mJ): 53 0.391382 0.0443348 0.094266 0.107203 
Latency(us)/Energy(mJ): 2974 16.4275 2.26241 3.82605 4.36587 
Latency(us)/Energy(mJ): 30 0.156549 0.0250161 0.03546 0.0413928 
Latency(us)/Energy(mJ): 2300 13.8928 2.3267 3.00684 3.75224 
Latency(us)/Energy(mJ): 47 0.281234 0.0482736 0.0586244 0.0769756 
Latency(us)/Energy(mJ): 1604 10.3072 1.87658 2.0441 2.84629 
Latency(us)/Energy(mJ): 41 0.292953 0.0550952 0.0551404 0.0811977 
Latency(us)/Energy(mJ): 51 0.176836 0.0332572 0.0332845 0.0490135 
Latency(us)/Energy(mJ): 1287 8.55262 1.59068 1.59199 2.39936 
Latency(us)/Energy(mJ): 31 0 0 0 0 
Latency(us)/Energy(mJ): 1 0.300216 0.0551684 0.0552136 0.0865059 
Latency(us)/Energy(mJ): 7620 57.8153 10.177 9.2807 18.6172 
Latency(us)/Energy(mJ): 29 0.224321 0.0373733 0.0332328 0.0771437 
Latency(us)/Energy(mJ): 1 0 0 0 0 
Latency(us)/Energy(mJ): 3371 28.552 4.84667 4.12062 9.92173 
Latency(us)/Energy(mJ): 37 0.234872 0.0394725 0.0332572 0.082407 
0.5948 - "n02085620 Chihuahua"
0.0656 - "n02110806 basenji"
0.0383 - "n02113023 Pembroke, Pembroke Welsh corgi"
0.0311 - "n02091244 Ibizan hound, Ibizan Podenco"
0.0298 - "n02389026 sorrel"
