loading weight: /home/nvidia/caffe-build/models/bvlc_alexnet/bvlc_alexnet.caffemodel
loading prototxt: /home/nvidia/caffe-build/models/bvlc_alexnet/deploy.prototxt
---------- Prediction for /home/nvidia/caffe-build/examples/images/cat.jpg ----------
Latency(us)/Energy(mJ): 2 0 0 0 0 
Latency(us)/Energy(mJ): 8873 31.6994 1.78946 14.3121 5.73339 
Latency(us)/Energy(mJ): 21 0.357653 0.0300425 0.150508 0.0641235 
Latency(us)/Energy(mJ): 203 0.414842 0.0348463 0.174574 0.0743768 
Latency(us)/Energy(mJ): 75 0.358561 0.0301187 0.15089 0.0642863 
Latency(us)/Energy(mJ): 12658 46.6921 4.75057 18.8386 8.57771 
Latency(us)/Energy(mJ): 20 0 0 0 0 
Latency(us)/Energy(mJ): 145 0.373666 0.0461664 0.146261 0.067536 
Latency(us)/Energy(mJ): 68 0.418335 0.0516853 0.163745 0.0756095 
Latency(us)/Energy(mJ): 10225 37.7328 4.93365 14.2892 6.67676 
Latency(us)/Energy(mJ): 21 0 0 0 0 
Latency(us)/Energy(mJ): 8154 29.343 4.33448 11.1609 4.83558 
Latency(us)/Energy(mJ): 18 0.356066 0.0529194 0.136263 0.0569825 
Latency(us)/Energy(mJ): 5004 17.6402 2.62173 6.69446 2.81249 
Latency(us)/Energy(mJ): 20 0.410141 0.0609561 0.148281 0.0633532 
Latency(us)/Energy(mJ): 38 0 0 0 0 
Latency(us)/Energy(mJ): 4121 14.8627 2.2189 5.39767 2.47105 
Latency(us)/Energy(mJ): 20 0 0 0 0 
Latency(us)/Energy(mJ): 3 0 0 0 0 
Latency(us)/Energy(mJ): 21831 90.5118 12.4051 28.3049 21.4133 
Latency(us)/Energy(mJ): 28 0.510921 0.0698373 0.148361 0.135788 
Latency(us)/Energy(mJ): 1 0 0 0 0 
Latency(us)/Energy(mJ): 9449 43.4017 5.78122 12.2815 11.9125 
Latency(us)/Energy(mJ): 133 0.584023 0.0765583 0.162639 0.165647 
0.3094 - "n02124075 Egyptian cat"
0.1761 - "n02123159 tiger cat"
0.1221 - "n02123045 tabby, tabby cat"
0.1132 - "n02119022 red fox, Vulpes vulpes"
0.0421 - "n02085620 Chihuahua"
