loading weight: /home/nvidia/caffe-build/models/bvlc_alexnet/bvlc_alexnet.caffemodel
loading prototxt: /home/nvidia/caffe-build/models/bvlc_alexnet/deploy.prototxt
---------- Prediction for /home/nvidia/Downloads/ILSVRC2012_img_train_t3/n02085620/n02085620_1152.JPEG ----------
Latency(us)/Energy(mJ): 0 0 0 0 0 
Latency(us)/Energy(mJ): 370 1.44006 0.0658309 0.141676 0.521195 
Latency(us)/Energy(mJ): 43 0.126977 0.00731884 0.0122087 0.0453193 
Latency(us)/Energy(mJ): 85 0.30952 0.0202009 0.0296432 0.110037 
Latency(us)/Energy(mJ): 87 0.310291 0.0235948 0.0295515 0.109696 
Latency(us)/Energy(mJ): 1353 5.98805 0.732215 0.527612 2.02839 
Latency(us)/Energy(mJ): 43 0.209145 0.0345181 0.0172364 0.0684934 
Latency(us)/Energy(mJ): 71 0.357481 0.0590257 0.0294742 0.117123 
Latency(us)/Energy(mJ): 75 0.152349 0.0249501 0.0124587 0.0495078 
Latency(us)/Energy(mJ): 1453 7.13628 1.42915 0.554523 2.23338 
Latency(us)/Energy(mJ): 45 0.39776 0.0883482 0.029398 0.122684 
Latency(us)/Energy(mJ): 1307 7.19931 1.70653 0.496573 2.2195 
Latency(us)/Energy(mJ): 59 0.450444 0.111534 0.0293065 0.138302 
Latency(us)/Energy(mJ): 863 5.09984 1.31579 0.321427 1.5716 
Latency(us)/Energy(mJ): 54 0.476481 0.128578 0.029177 0.146498 
Latency(us)/Energy(mJ): 60 0.284454 0.0762938 0.0173126 0.0877901 
Latency(us)/Energy(mJ): 831 5.31897 1.40945 0.322524 1.64998 
Latency(us)/Energy(mJ): 48 0.203363 0.0535601 0.0121539 0.0640871 
Latency(us)/Energy(mJ): 1 0 0 0 0 
Latency(us)/Energy(mJ): 5075 38.0794 9.5301 1.93523 13.0495 
Latency(us)/Energy(mJ): 47 0.267778 0.0654032 0.0121082 0.0954671 
Latency(us)/Energy(mJ): 0 0 0 0 0 
Latency(us)/Energy(mJ): 2263 19.9234 4.79103 0.871926 7.21904 
Latency(us)/Energy(mJ): 63 0.692608 0.164958 0.0294513 0.252926 
0.5948 - "n02085620 Chihuahua"
0.0656 - "n02110806 basenji"
0.0383 - "n02113023 Pembroke, Pembroke Welsh corgi"
0.0311 - "n02091244 Ibizan hound, Ibizan Podenco"
0.0298 - "n02389026 sorrel"
