loading weight: /home/nvidia/caffe-build/models/bvlc_alexnet/bvlc_alexnet.caffemodel
loading prototxt: /home/nvidia/caffe-build/models/bvlc_alexnet/deploy.prototxt
---------- Prediction for /home/nvidia/caffe-build/examples/images/cat.jpg ----------
Latency(us)/Energy(mJ): 0 0 0 0 0 
Latency(us)/Energy(mJ): 2946 9.68346 0.590238 4.1002 1.81969 
Latency(us)/Energy(mJ): 24 0.406548 0.0432233 0.155581 0.0780735 
Latency(us)/Energy(mJ): 265 0.938312 0.0997593 0.359081 0.180194 
Latency(us)/Energy(mJ): 131 0.411219 0.0437199 0.157369 0.0789705 
Latency(us)/Energy(mJ): 3252 12.5064 1.71761 4.50966 2.44985 
Latency(us)/Energy(mJ): 32 0 0 0 0 
Latency(us)/Energy(mJ): 205 0.76124 0.129877 0.259944 0.148404 
Latency(us)/Energy(mJ): 83 0.454647 0.0778714 0.155856 0.0889797 
Latency(us)/Energy(mJ): 2362 9.67056 1.79998 3.18832 1.88191 
Latency(us)/Energy(mJ): 19 0 0 0 0 
Latency(us)/Energy(mJ): 1654 7.35001 1.60625 2.20825 1.39383 
Latency(us)/Energy(mJ): 20 0 0 0 0 
Latency(us)/Energy(mJ): 1421 6.72512 1.5832 1.95738 1.25337 
Latency(us)/Energy(mJ): 21 0 0 0 0 
Latency(us)/Energy(mJ): 39 0 0 0 0 
Latency(us)/Energy(mJ): 2206 10.1282 2.42214 2.94101 1.92523 
Latency(us)/Energy(mJ): 21 0 0 0 0 
Latency(us)/Energy(mJ): 2 0 0 0 0 
Latency(us)/Energy(mJ): 8736 44.5443 10.5067 10.9639 10.5886 
Latency(us)/Energy(mJ): 21 0 0 0 0 
Latency(us)/Energy(mJ): 1 0 0 0 0 
Latency(us)/Energy(mJ): 3746 21.3712 5.05634 4.60348 5.82369 
Latency(us)/Energy(mJ): 167 0.443548 0.104279 0.092735 0.123495 
0.3094 - "n02124075 Egyptian cat"
0.1761 - "n02123159 tiger cat"
0.1221 - "n02123045 tabby, tabby cat"
0.1132 - "n02119022 red fox, Vulpes vulpes"
0.0421 - "n02085620 Chihuahua"
