loading weight: /home/nvidia/caffe-build/models/bvlc_alexnet/bvlc_alexnet.caffemodel
loading prototxt: /home/nvidia/caffe-build/models/bvlc_alexnet/deploy.prototxt
---------- Prediction for /home/nvidia/Downloads/ILSVRC2012_img_train_t3/n02085620/n02085620_1152.JPEG ----------
Latency(us)/Energy(mJ): 0 0 0 0 0 
Latency(us)/Energy(mJ): 442 1.73318 0.123327 0.169058 0.612991 
Latency(us)/Energy(mJ): 84 0.321794 0.0353942 0.029521 0.108115 
Latency(us)/Energy(mJ): 152 0.66964 0.0894461 0.0595462 0.21871 
Latency(us)/Energy(mJ): 156 0.686076 0.112025 0.0589155 0.219109 
Latency(us)/Energy(mJ): 1111 5.54093 1.24133 0.427109 1.66016 
Latency(us)/Energy(mJ): 88 0.427048 0.122414 0.0296723 0.11791 
Latency(us)/Energy(mJ): 121 0.609066 0.178262 0.0418033 0.166116 
Latency(us)/Energy(mJ): 146 0.879895 0.26709 0.0592531 0.237545 
Latency(us)/Energy(mJ): 597 3.61673 1.13895 0.235664 0.980053 
Latency(us)/Energy(mJ): 91 0.47766 0.159691 0.0295351 0.128993 
Latency(us)/Energy(mJ): 1057 7.19542 2.55225 0.409255 1.91229 
Latency(us)/Energy(mJ): 83 0.559599 0.207464 0.0296266 0.147277 
Latency(us)/Energy(mJ): 705 5.0835 1.90755 0.267226 1.34538 
Latency(us)/Energy(mJ): 89 0.576678 0.219869 0.0296951 0.15362 
Latency(us)/Energy(mJ): 111 0.904667 0.346701 0.0468249 0.239778 
Latency(us)/Energy(mJ): 1122 7.92241 2.92326 0.421554 2.13068 
Latency(us)/Energy(mJ): 104 0.898439 0.321201 0.0472135 0.249833 
Latency(us)/Energy(mJ): 0 0 0 0 0 
Latency(us)/Energy(mJ): 4529 39.3249 13.8728 1.73011 11.758 
Latency(us)/Energy(mJ): 95 1.06317 0.371457 0.041458 0.332485 
Latency(us)/Energy(mJ): 0 0 0 0 0 
Latency(us)/Energy(mJ): 1964 19.9043 6.88202 0.597311 6.29772 
Latency(us)/Energy(mJ): 120 1.28765 0.440503 0.0374163 0.410599 
0.5948 - "n02085620 Chihuahua"
0.0656 - "n02110806 basenji"
0.0383 - "n02113023 Pembroke, Pembroke Welsh corgi"
0.0311 - "n02091244 Ibizan hound, Ibizan Podenco"
0.0298 - "n02389026 sorrel"
