loading weight: /home/nvidia/caffe-build/models/bvlc_alexnet/bvlc_alexnet.caffemodel
loading prototxt: /home/nvidia/caffe-build/models/bvlc_alexnet/deploy.prototxt
---------- Prediction for /home/nvidia/Downloads/ILSVRC2012_img_train_t3/n02085620/n02085620_1152.JPEG ----------
Latency(us)/Energy(mJ): 0 0 0 0 0 
Latency(us)/Energy(mJ): 204 0.917546 0.0453191 0.172234 0.306993 
Latency(us)/Energy(mJ): 22 0.131328 0.00640284 0.0234864 0.043338 
Latency(us)/Energy(mJ): 46 0.215821 0.0139019 0.0382872 0.070649 
Latency(us)/Energy(mJ): 41 0.133527 0.008601 0.023688 0.04371 
Latency(us)/Energy(mJ): 1160 5.93067 0.696673 0.976852 1.84342 
Latency(us)/Energy(mJ): 21 0 0 0 0 
Latency(us)/Energy(mJ): 38 0.398361 0.0614651 0.0614651 0.119121 
Latency(us)/Energy(mJ): 39 0.245963 0.0412566 0.0377886 0.073235 
Latency(us)/Energy(mJ): 1333 7.60555 1.56294 1.09656 2.13433 
Latency(us)/Energy(mJ): 22 0.17066 0.0386088 0.0235927 0.047326 
Latency(us)/Energy(mJ): 1074 7.06604 1.76545 0.914661 1.94692 
Latency(us)/Energy(mJ): 30 0 0 0 0 
Latency(us)/Energy(mJ): 756 5.44984 1.49048 0.648497 1.49863 
Latency(us)/Energy(mJ): 28 0.203044 0.0573637 0.0233745 0.0559707 
Latency(us)/Energy(mJ): 34 0.329272 0.0929804 0.037906 0.0907666 
Latency(us)/Energy(mJ): 612 4.57342 1.30332 0.51528 1.26776 
Latency(us)/Energy(mJ): 26 0 0 0 0 
Latency(us)/Energy(mJ): 0 0 0 0 0 
Latency(us)/Energy(mJ): 4736 41.5195 11.4906 3.99259 12.7084 
Latency(us)/Energy(mJ): 25 0.269205 0.0723128 0.023397 0.0870825 
Latency(us)/Energy(mJ): 0 0 0 0 0 
Latency(us)/Energy(mJ): 2118 20.939 5.65631 1.76394 6.85383 
Latency(us)/Energy(mJ): 34 0.462672 0.124222 0.0379782 0.153499 
0.5948 - "n02085620 Chihuahua"
0.0656 - "n02110806 basenji"
0.0383 - "n02113023 Pembroke, Pembroke Welsh corgi"
0.0311 - "n02091244 Ibizan hound, Ibizan Podenco"
0.0298 - "n02389026 sorrel"
