loading weight: /home/nvidia/caffe-build/models/bvlc_alexnet/bvlc_alexnet.caffemodel
loading prototxt: /home/nvidia/caffe-build/models/bvlc_alexnet/deploy.prototxt
---------- Prediction for /home/nvidia/caffe-build/examples/images/cat.jpg ----------
Latency(us)/Energy(mJ): 1 0 0 0 0 
Latency(us)/Energy(mJ): 12586 22.4146 2.58818 4.8107 4.39236 
Latency(us)/Energy(mJ): 66 0 0 0 0 
Latency(us)/Energy(mJ): 785 1.65738 0.307586 0.307586 0.32369 
Latency(us)/Energy(mJ): 230 0.407021 0.0753304 0.0753304 0.0808694 
Latency(us)/Energy(mJ): 9819 22.8375 5.36818 3.78925 4.53752 
Latency(us)/Energy(mJ): 65 0 0 0 0 
Latency(us)/Energy(mJ): 452 1.30918 0.357003 0.19822 0.258412 
Latency(us)/Energy(mJ): 195 0.503717 0.137359 0.0762663 0.0994257 
Latency(us)/Energy(mJ): 5745 14.8371 4.26264 2.18622 2.85912 
Latency(us)/Energy(mJ): 57 0.311275 0.096306 0.0437963 0.0570957 
Latency(us)/Energy(mJ): 3848 10.3552 3.30462 1.44161 1.87938 
Latency(us)/Energy(mJ): 56 0.324372 0.10518 0.0438154 0.0571206 
Latency(us)/Energy(mJ): 3791 10.6135 3.45924 1.44104 1.87863 
Latency(us)/Energy(mJ): 53 0 0 0 0 
Latency(us)/Energy(mJ): 84 0.561217 0.181979 0.0758079 0.0988281 
Latency(us)/Energy(mJ): 6842 18.5315 5.85069 2.59015 3.42474 
Latency(us)/Energy(mJ): 65 0.249559 0.076146 0.0346283 0.0503108 
Latency(us)/Energy(mJ): 5 0 0 0 0 
Latency(us)/Energy(mJ): 33036 97.919 27.6169 12.5953 22.7973 
Latency(us)/Energy(mJ): 66 0.365159 0.0912598 0.0456299 0.0914987 
Latency(us)/Energy(mJ): 2 0 0 0 0 
Latency(us)/Energy(mJ): 14240 44.1979 11.4364 5.42799 11.2825 
Latency(us)/Energy(mJ): 412 1.62451 0.396019 0.19801 0.417272 
0.3094 - "n02124075 Egyptian cat"
0.1761 - "n02123159 tiger cat"
0.1221 - "n02123045 tabby, tabby cat"
0.1132 - "n02119022 red fox, Vulpes vulpes"
0.0421 - "n02085620 Chihuahua"
