loading weight: /home/nvidia/caffe-build/models/bvlc_alexnet/bvlc_alexnet.caffemodel
loading prototxt: /home/nvidia/caffe-build/models/bvlc_alexnet/deploy.prototxt
---------- Prediction for /home/nvidia/caffe-build/examples/images/cat.jpg ----------
Latency(us)/Energy(mJ): 0 0 0 0 0 
Latency(us)/Energy(mJ): 4989 11.0672 0.89782 1.86855 3.04953 
Latency(us)/Energy(mJ): 53 0.243654 0.0299053 0.0374551 0.0656935 
Latency(us)/Energy(mJ): 1009 2.15006 0.329972 0.329972 0.578746 
Latency(us)/Energy(mJ): 372 0.965044 0.14791 0.14791 0.260925 
Latency(us)/Energy(mJ): 3637 10.2189 1.84178 1.44125 2.73257 
Latency(us)/Energy(mJ): 48 0.229995 0.0537672 0.0298533 0.0598629 
Latency(us)/Energy(mJ): 723 1.08464 0.253562 0.140786 0.282309 
Latency(us)/Energy(mJ): 278 1.43986 0.336604 0.186893 0.374765 
Latency(us)/Energy(mJ): 2380 7.62401 1.86586 0.956814 1.97076 
Latency(us)/Energy(mJ): 34 0.223785 0.059262 0.0269501 0.0567928 
Latency(us)/Energy(mJ): 2039 6.54276 1.83732 0.775441 1.62081 
Latency(us)/Energy(mJ): 55 0 0 0 0 
Latency(us)/Energy(mJ): 1762 6.03538 1.85896 0.688116 1.45009 
Latency(us)/Energy(mJ): 38 0.285684 0.089796 0.032088 0.06762 
Latency(us)/Energy(mJ): 83 0.349963 0.11 0.0393078 0.0828345 
Latency(us)/Energy(mJ): 7519 24.064 7.01017 2.86542 5.78345 
Latency(us)/Energy(mJ): 53 0.232508 0.061572 0.0280006 0.0603992 
Latency(us)/Energy(mJ): 2 0 0 0 0 
Latency(us)/Energy(mJ): 8893 33.7322 9.10904 3.37505 10.0257 
Latency(us)/Energy(mJ): 62 0.504309 0.132591 0.0442356 0.162004 
Latency(us)/Energy(mJ): 0 0 0 0 0 
Latency(us)/Energy(mJ): 3747 16.7231 4.48441 1.402 5.49371 
Latency(us)/Energy(mJ): 335 1.78391 0.488243 0.143313 0.598078 
0.3094 - "n02124075 Egyptian cat"
0.1761 - "n02123159 tiger cat"
0.1221 - "n02123045 tabby, tabby cat"
0.1132 - "n02119022 red fox, Vulpes vulpes"
0.0421 - "n02085620 Chihuahua"
