loading weight: /home/nvidia/caffe-build/models/bvlc_alexnet/bvlc_alexnet.caffemodel
loading prototxt: /home/nvidia/caffe-build/models/bvlc_alexnet/deploy.prototxt
---------- Prediction for /home/nvidia/Downloads/ILSVRC2012_img_train_t3/n02085620/n02085620_1152.JPEG ----------
Latency(us)/Energy(mJ): 0 0 0 0 0 
Latency(us)/Energy(mJ): 76197 321.972 17.4383 78.3973 91.0534 
Latency(us)/Energy(mJ): 999 4.3387 0.236543 1.10421 1.20751 
Latency(us)/Energy(mJ): 85203 355.501 19.5001 91.0289 98.9494 
Latency(us)/Energy(mJ): 7067 29.3456 1.6243 7.10865 8.25256 
Latency(us)/Energy(mJ): 156508 646.449 35.8339 155.388 182.925 
Latency(us)/Energy(mJ): 639 2.64584 0.146849 0.636771 0.749633 
Latency(us)/Energy(mJ): 389466 1624.85 89.1621 445.124 433.289 
Latency(us)/Energy(mJ): 4033 16.692 0.925068 4.41097 4.51816 
Latency(us)/Energy(mJ): 98932 405.677 22.6545 98.4547 113.899 
Latency(us)/Energy(mJ): 223 0.893473 0.0500502 0.21703 0.251344 
Latency(us)/Energy(mJ): 76139 312.165 17.4284 75.5737 88.8223 
Latency(us)/Energy(mJ): 227 1.06566 0.0591461 0.256472 0.301929 
Latency(us)/Energy(mJ): 53429 220.427 12.2313 53.0378 62.4383 
Latency(us)/Energy(mJ): 149 0.522764 0.0290143 0.125813 0.148112 
Latency(us)/Energy(mJ): 978 4.09893 0.227498 0.986486 1.16133 
Latency(us)/Energy(mJ): 149177 699.063 34.1565 191.365 195.733 
Latency(us)/Energy(mJ): 15 0 0 0 0 
Latency(us)/Energy(mJ): 1 0 0 0 0 
Latency(us)/Energy(mJ): 66531 312.434 15.2326 86.34 87.9364 
Latency(us)/Energy(mJ): 15 0.189759 0.0092516 0.0524392 0.0534088 
Latency(us)/Energy(mJ): 5 0 0 0 0 
Latency(us)/Energy(mJ): 16297 76.4311 3.72636 21.1215 21.512 
Latency(us)/Energy(mJ): 151 0.809011 0.039443 0.223568 0.227701 
0.5948 - "n02085620 Chihuahua"
0.0656 - "n02110806 basenji"
0.0383 - "n02113023 Pembroke, Pembroke Welsh corgi"
0.0311 - "n02091244 Ibizan hound, Ibizan Podenco"
0.0298 - "n02389026 sorrel"
