loading weight: /home/nvidia/caffe-build/models/bvlc_alexnet/bvlc_alexnet.caffemodel
loading prototxt: /home/nvidia/caffe-build/models/bvlc_alexnet/deploy.prototxt
---------- Prediction for /home/nvidia/Downloads/ILSVRC2012_img_train_t3/n02085620/n02085620_1152.JPEG ----------
Latency(us)/Energy(mJ): 0 0 0 0 0 
Latency(us)/Energy(mJ): 652 2.34002 0.0963954 0.242257 0.838386 
Latency(us)/Energy(mJ): 61 0.300631 0.0123302 0.0309878 0.107241 
Latency(us)/Energy(mJ): 121 0.4348 0.017708 0.044503 0.154013 
Latency(us)/Energy(mJ): 113 0.303863 0.0123363 0.0310031 0.107294 
Latency(us)/Energy(mJ): 6791 26.791 2.47292 2.59452 9.05176 
Latency(us)/Energy(mJ): 62 0.331565 0.0368049 0.0306975 0.10929 
Latency(us)/Energy(mJ): 98 0.334866 0.0371713 0.0310031 0.110378 
Latency(us)/Energy(mJ): 105 0.520784 0.0578088 0.048216 0.171659 
Latency(us)/Energy(mJ): 8629 36.1555 4.94566 3.29609 11.5976 
Latency(us)/Energy(mJ): 65 0.354293 0.0510429 0.0319123 0.113614 
Latency(us)/Energy(mJ): 6281 27.8367 4.07414 2.40065 9.11943 
Latency(us)/Energy(mJ): 71 0.161383 0.0243885 0.0135255 0.053747 
Latency(us)/Energy(mJ): 4716 21.7997 3.26276 1.80948 7.29674 
Latency(us)/Energy(mJ): 71 0.1646 0.0244709 0.0135712 0.0552822 
Latency(us)/Energy(mJ): 85 0.585296 0.0870154 0.0482575 0.196576 
Latency(us)/Energy(mJ): 4116 19.0669 2.81221 1.55961 6.44419 
Latency(us)/Energy(mJ): 67 0.37886 0.0554134 0.0307315 0.131153 
Latency(us)/Energy(mJ): 1 0 0 0 0 
Latency(us)/Energy(mJ): 21518 115.082 14.738 8.19011 43.243 
Latency(us)/Energy(mJ): 65 0.45498 0.0498004 0.0311048 0.175639 
Latency(us)/Energy(mJ): 1 0 0 0 0 
Latency(us)/Energy(mJ): 9516 53.9058 5.81659 3.63299 21.0017 
Latency(us)/Energy(mJ): 78 0.461069 0.0494466 0.0308839 0.179872 
0.5948 - "n02085620 Chihuahua"
0.0656 - "n02110806 basenji"
0.0383 - "n02113023 Pembroke, Pembroke Welsh corgi"
0.0311 - "n02091244 Ibizan hound, Ibizan Podenco"
0.0298 - "n02389026 sorrel"
