loading weight: /home/nvidia/caffe-build/models/bvlc_alexnet/bvlc_alexnet.caffemodel
loading prototxt: /home/nvidia/caffe-build/models/bvlc_alexnet/deploy.prototxt
---------- Prediction for /home/nvidia/Downloads/ILSVRC2012_img_train_t3/n02085620/n02085620_1152.JPEG ----------
Latency(us)/Energy(mJ): 0 0 0 0 0 
Latency(us)/Energy(mJ): 465 1.66916 0.0684547 0.13736 0.621497 
Latency(us)/Energy(mJ): 55 0.139726 0.00567264 0.0113826 0.0515016 
Latency(us)/Energy(mJ): 113 0.754865 0.0366907 0.0614941 0.278236 
Latency(us)/Energy(mJ): 106 0.295186 0.0179536 0.023912 0.108192 
Latency(us)/Energy(mJ): 4130 16.5841 1.6206 1.26791 5.80663 
Latency(us)/Energy(mJ): 58 0.189174 0.0240407 0.0137311 0.0646937 
Latency(us)/Energy(mJ): 94 0.469784 0.0597012 0.034099 0.160657 
Latency(us)/Energy(mJ): 92 0.331622 0.0421433 0.0240706 0.113408 
Latency(us)/Energy(mJ): 5164 22.3914 3.54091 1.57981 7.3588 
Latency(us)/Energy(mJ): 56 0.14732 0.0253621 0.0101382 0.0477659 
Latency(us)/Energy(mJ): 3935 18.2776 3.20401 1.20075 6.02598 
Latency(us)/Energy(mJ): 66 0.379474 0.0661635 0.0240523 0.125387 
Latency(us)/Energy(mJ): 2870 13.9232 2.60206 0.868408 4.65848 
Latency(us)/Energy(mJ): 65 0.392851 0.0724922 0.0241377 0.131689 
Latency(us)/Energy(mJ): 82 0.391759 0.0722907 0.0240706 0.131323 
Latency(us)/Energy(mJ): 2377 11.9768 2.18875 0.728785 4.04489 
Latency(us)/Energy(mJ): 59 0.400428 0.0722174 0.0240462 0.138758 
Latency(us)/Energy(mJ): 1 0 0 0 0 
Latency(us)/Energy(mJ): 13159 77.2028 12.0632 4.00686 29.1636 
Latency(us)/Energy(mJ): 61 0.495857 0.0720288 0.0240096 0.194281 
Latency(us)/Energy(mJ): 0 0 0 0 0 
Latency(us)/Energy(mJ): 5791 37.0626 5.28279 1.76093 14.7275 
Latency(us)/Energy(mJ): 75 0.512214 0.0722484 0.0240828 0.205454 
0.5948 - "n02085620 Chihuahua"
0.0656 - "n02110806 basenji"
0.0383 - "n02113023 Pembroke, Pembroke Welsh corgi"
0.0311 - "n02091244 Ibizan hound, Ibizan Podenco"
0.0298 - "n02389026 sorrel"
