loading weight: /home/nvidia/caffe-build/models/bvlc_alexnet/bvlc_alexnet.caffemodel
loading prototxt: /home/nvidia/caffe-build/models/bvlc_alexnet/deploy.prototxt
---------- Prediction for /home/nvidia/Downloads/ILSVRC2012_img_train_t3/n02085620/n02085620_1152.JPEG ----------
Latency(us)/Energy(mJ): 0 0 0 0 0 
Latency(us)/Energy(mJ): 245 1.21538 0.0471561 0.408389 0.324572 
Latency(us)/Energy(mJ): 20 0.250182 0.013786 0.0828064 0.0658112 
Latency(us)/Energy(mJ): 60 0.15192 0.0083143 0.0499403 0.0402085 
Latency(us)/Energy(mJ): 46 0.407748 0.0276149 0.132783 0.106908 
Latency(us)/Energy(mJ): 1025 6.12586 0.737621 1.83501 1.53578 
Latency(us)/Energy(mJ): 19 0 0 0 0 
Latency(us)/Energy(mJ): 44 0.463868 0.0741046 0.127413 0.112675 
Latency(us)/Energy(mJ): 40 0.291624 0.048295 0.0793611 0.0701814 
Latency(us)/Energy(mJ): 1124 7.61278 1.59165 1.95246 1.76037 
Latency(us)/Energy(mJ): 24 0.323978 0.0757785 0.0792106 0.0744237 
Latency(us)/Energy(mJ): 1060 7.95241 2.04268 1.81382 1.83298 
Latency(us)/Energy(mJ): 38 0.363287 0.0997594 0.0756998 0.0846375 
Latency(us)/Energy(mJ): 644 5.39876 1.53812 1.0923 1.25785 
Latency(us)/Energy(mJ): 34 0.232105 0.0686595 0.0457821 0.054327 
Latency(us)/Energy(mJ): 40 0.385496 0.113527 0.0756998 0.0898286 
Latency(us)/Energy(mJ): 663 5.88009 1.75848 1.14108 1.3821 
Latency(us)/Energy(mJ): 26 0 0 0 0 
Latency(us)/Energy(mJ): 1 0 0 0 0 
Latency(us)/Energy(mJ): 4628 46.0117 13.5233 7.52992 12.2461 
Latency(us)/Energy(mJ): 27 0.496148 0.145655 0.0728504 0.141236 
Latency(us)/Energy(mJ): 1 0 0 0 0 
Latency(us)/Energy(mJ): 2053 23.1273 6.71991 3.2184 6.68765 
Latency(us)/Energy(mJ): 34 0 0 0 0 
0.5948 - "n02085620 Chihuahua"
0.0656 - "n02110806 basenji"
0.0383 - "n02113023 Pembroke, Pembroke Welsh corgi"
0.0311 - "n02091244 Ibizan hound, Ibizan Podenco"
0.0298 - "n02389026 sorrel"
