loading weight: /home/nvidia/caffe-build/models/bvlc_alexnet/bvlc_alexnet.caffemodel
loading prototxt: /home/nvidia/caffe-build/models/bvlc_alexnet/deploy.prototxt
---------- Prediction for /home/nvidia/Downloads/ILSVRC2012_img_train_t3/n02085620/n02085620_1152.JPEG ----------
Latency(us)/Energy(mJ): 0 0 0 0 0 
Latency(us)/Energy(mJ): 675 2.33319 0.120475 0.151772 0.855109 
Latency(us)/Energy(mJ): 91 0.308272 0.0258945 0.0194421 0.110625 
Latency(us)/Energy(mJ): 164 0.641005 0.0530212 0.0398094 0.22907 
Latency(us)/Energy(mJ): 162 0.634476 0.0615752 0.0388063 0.224026 
Latency(us)/Energy(mJ): 1658 6.60941 0.86479 0.374868 2.27822 
Latency(us)/Energy(mJ): 89 0.369363 0.0593018 0.0197673 0.124042 
Latency(us)/Energy(mJ): 138 0.738137 0.124189 0.039246 0.246273 
Latency(us)/Energy(mJ): 147 0.57335 0.100762 0.0302417 0.18977 
Latency(us)/Energy(mJ): 1603 7.21791 1.42284 0.363968 2.32333 
Latency(us)/Energy(mJ): 94 0.629118 0.130726 0.0301776 0.202877 
Latency(us)/Energy(mJ): 1726 8.75285 1.97749 0.39295 2.82858 
Latency(us)/Energy(mJ): 104 0.46591 0.112216 0.0198131 0.150631 
Latency(us)/Energy(mJ): 1067 5.97179 1.44707 0.24628 1.93811 
Latency(us)/Energy(mJ): 93 0.721656 0.183135 0.0289227 0.23518 
Latency(us)/Energy(mJ): 105 0.492894 0.124816 0.0197123 0.1614 
Latency(us)/Energy(mJ): 1332 7.48105 1.79473 0.306352 2.46039 
Latency(us)/Energy(mJ): 98 0.48417 0.110738 0.019552 0.162596 
Latency(us)/Energy(mJ): 2 0.229226 0.0522691 0.0092287 0.0778596 
Latency(us)/Energy(mJ): 5858 39.7109 8.71158 1.33439 14.4908 
Latency(us)/Energy(mJ): 99 0.661653 0.138871 0.0197767 0.25224 
Latency(us)/Energy(mJ): 1 0 0 0 0 
Latency(us)/Energy(mJ): 2525 19.9818 4.19369 0.576329 7.70371 
Latency(us)/Energy(mJ): 117 1.00981 0.208451 0.0283404 0.394031 
0.5948 - "n02085620 Chihuahua"
0.0656 - "n02110806 basenji"
0.0383 - "n02113023 Pembroke, Pembroke Welsh corgi"
0.0311 - "n02091244 Ibizan hound, Ibizan Podenco"
0.0298 - "n02389026 sorrel"
