loading weight: /home/nvidia/caffe-build/models/bvlc_alexnet/bvlc_alexnet.caffemodel
loading prototxt: /home/nvidia/caffe-build/models/bvlc_alexnet/deploy.prototxt
---------- Prediction for /home/nvidia/caffe-build/examples/images/cat.jpg ----------
Latency(us)/Energy(mJ): 1 0 0 0 0 
Latency(us)/Energy(mJ): 11183 26.1391 2.21007 9.27242 4.51648 
Latency(us)/Energy(mJ): 42 0.281283 0.0350598 0.0878218 0.048394 
Latency(us)/Energy(mJ): 704 1.62432 0.202459 0.507143 0.292072 
Latency(us)/Energy(mJ): 213 0.748048 0.0932385 0.233555 0.134508 
Latency(us)/Energy(mJ): 15573 39.7225 5.71254 11.9054 7.1626 
Latency(us)/Energy(mJ): 38 0 0 0 0 
Latency(us)/Energy(mJ): 575 1.49643 0.263602 0.43972 0.270242 
Latency(us)/Energy(mJ): 209 0.75595 0.133163 0.222133 0.139269 
Latency(us)/Energy(mJ): 11571 29.9461 5.27513 8.79956 5.26234 
Latency(us)/Energy(mJ): 39 0.23829 0.0419757 0.0700206 0.0385846 
Latency(us)/Energy(mJ): 8675 22.6454 4.3837 6.3523 3.60425 
Latency(us)/Energy(mJ): 32 0 0 0 0 
Latency(us)/Energy(mJ): 6194 15.9723 3.33535 4.2892 2.50619 
Latency(us)/Energy(mJ): 33 0 0 0 0 
Latency(us)/Energy(mJ): 58 0.288737 0.0602945 0.0775376 0.0431641 
Latency(us)/Energy(mJ): 7398 18.6274 3.46461 5.06048 3.01735 
Latency(us)/Energy(mJ): 42 0.20826 0.0366858 0.0551088 0.036846 
Latency(us)/Energy(mJ): 3 0 0 0 0 
Latency(us)/Energy(mJ): 36012 101.542 16.4653 24.7338 22.2611 
Latency(us)/Energy(mJ): 36 0.315195 0.0490518 0.0736848 0.0759339 
Latency(us)/Energy(mJ): 2 0.340652 0.0530135 0.079636 0.0820667 
Latency(us)/Energy(mJ): 15530 46.1586 7.08947 10.6497 11.1954 
Latency(us)/Energy(mJ): 288 0.875963 0.132889 0.199623 0.216742 
0.3094 - "n02124075 Egyptian cat"
0.1761 - "n02123159 tiger cat"
0.1221 - "n02123045 tabby, tabby cat"
0.1132 - "n02119022 red fox, Vulpes vulpes"
0.0421 - "n02085620 Chihuahua"
