loading weight: /home/nvidia/caffe-build/models/bvlc_alexnet/bvlc_alexnet.caffemodel
loading prototxt: /home/nvidia/caffe-build/models/bvlc_alexnet/deploy.prototxt
---------- Prediction for /home/nvidia/caffe-build/examples/images/cat.jpg ----------
Latency(us)/Energy(mJ): 1 0 0 0 0 
Latency(us)/Energy(mJ): 12865 22.4831 2.39884 4.90698 4.42014 
Latency(us)/Energy(mJ): 65 0.210697 0.0329553 0.0412751 0.0434361 
Latency(us)/Energy(mJ): 558 0.976656 0.151082 0.189224 0.199131 
Latency(us)/Energy(mJ): 233 0.407639 0.0625402 0.0783291 0.0824301 
Latency(us)/Energy(mJ): 10240 22.4803 4.36319 3.95175 4.70355 
Latency(us)/Energy(mJ): 64 0 0 0 0 
Latency(us)/Energy(mJ): 439 1.17696 0.270014 0.192795 0.245849 
Latency(us)/Energy(mJ): 161 0.259901 0.0596257 0.0425739 0.0555021 
Latency(us)/Energy(mJ): 6285 15.1807 3.58984 2.41076 3.14283 
Latency(us)/Energy(mJ): 58 0.267883 0.0658658 0.0411796 0.0536844 
Latency(us)/Energy(mJ): 4153 10.2638 2.72493 1.5628 2.03737 
Latency(us)/Energy(mJ): 58 0.29463 0.07912 0.04393 0.05727 
Latency(us)/Energy(mJ): 4036 10.1631 2.72919 1.51534 1.97549 
Latency(us)/Energy(mJ): 56 0.298985 0.0802896 0.0445794 0.0581166 
Latency(us)/Energy(mJ): 81 0.218923 0.0587896 0.0326419 0.0425541 
Latency(us)/Energy(mJ): 6776 16.7388 4.32394 2.56225 3.32735 
Latency(us)/Energy(mJ): 66 0.298723 0.0723424 0.0452288 0.0634624 
Latency(us)/Energy(mJ): 5 0 0 0 0 
Latency(us)/Energy(mJ): 33257 90.6835 20.3152 12.7011 22.8195 
Latency(us)/Energy(mJ): 63 0.238118 0.0514462 0.0321644 0.0644972 
Latency(us)/Energy(mJ): 2 0 0 0 0 
Latency(us)/Energy(mJ): 14487 41.7635 8.89121 5.55883 11.4357 
Latency(us)/Energy(mJ): 399 1.1803 0.248249 0.155207 0.327072 
0.3094 - "n02124075 Egyptian cat"
0.1761 - "n02123159 tiger cat"
0.1221 - "n02123045 tabby, tabby cat"
0.1132 - "n02119022 red fox, Vulpes vulpes"
0.0421 - "n02085620 Chihuahua"
