loading weight: /home/nvidia/caffe-build/models/bvlc_alexnet/bvlc_alexnet.caffemodel
loading prototxt: /home/nvidia/caffe-build/models/bvlc_alexnet/deploy.prototxt
---------- Prediction for /home/nvidia/caffe-build/examples/images/cat.jpg ----------
Latency(us)/Energy(mJ): 1 0 0 0 0 
Latency(us)/Energy(mJ): 12749 20.6969 2.39684 3.35502 4.03272 
Latency(us)/Energy(mJ): 80 0.171206 0.0284565 0.0284565 0.0339612 
Latency(us)/Energy(mJ): 571 1.0013 0.165783 0.165783 0.20818 
Latency(us)/Energy(mJ): 254 0.383871 0.0625098 0.0625098 0.0784959 
Latency(us)/Energy(mJ): 10239 20.9991 4.37051 3.13572 4.50447 
Latency(us)/Energy(mJ): 79 0.189355 0.0464915 0.0265045 0.039974 
Latency(us)/Energy(mJ): 452 0.907336 0.222774 0.127002 0.195461 
Latency(us)/Energy(mJ): 200 0.463364 0.113768 0.0648582 0.101859 
Latency(us)/Energy(mJ): 6213 14.1048 3.55312 1.90375 2.98982 
Latency(us)/Energy(mJ): 71 0.316919 0.0830349 0.0414495 0.0650961 
Latency(us)/Energy(mJ): 4206 9.85145 2.7473 1.26604 1.98831 
Latency(us)/Energy(mJ): 73 0.277035 0.07912 0.035075 0.055085 
Latency(us)/Energy(mJ): 4126 10.0408 2.86194 1.26874 1.99254 
Latency(us)/Energy(mJ): 70 0.222065 0.062436 0.0276788 0.0434693 
Latency(us)/Energy(mJ): 106 0.262099 0.0748544 0.033184 0.0521152 
Latency(us)/Energy(mJ): 6522 15.363 4.14817 1.96954 3.15216 
Latency(us)/Energy(mJ): 79 0.219942 0.0557843 0.0278465 0.0489368 
Latency(us)/Energy(mJ): 5 0 0 0 0 
Latency(us)/Energy(mJ): 33208 87.2074 20.3347 10.1507 22.6493 
Latency(us)/Energy(mJ): 82 0.245979 0.0553566 0.027633 0.0693996 
Latency(us)/Energy(mJ): 2 0 0 0 0 
Latency(us)/Energy(mJ): 14250 39.3311 8.70733 4.34654 11.2134 
Latency(us)/Energy(mJ): 505 1.39877 0.306325 0.152912 0.403587 
0.3094 - "n02124075 Egyptian cat"
0.1761 - "n02123159 tiger cat"
0.1221 - "n02123045 tabby, tabby cat"
0.1132 - "n02119022 red fox, Vulpes vulpes"
0.0421 - "n02085620 Chihuahua"
