loading weight: /home/nvidia/caffe-build/models/bvlc_alexnet/bvlc_alexnet.caffemodel
loading prototxt: /home/nvidia/caffe-build/models/bvlc_alexnet/deploy.prototxt
---------- Prediction for /home/nvidia/caffe-build/examples/images/cat.jpg ----------
Latency(us)/Energy(mJ): 0 0 0 0 0 
Latency(us)/Energy(mJ): 3104 11.2767 0.57912 1.38169 4.38172 
Latency(us)/Energy(mJ): 31 0.44231 0.0346175 0.051983 0.169683 
Latency(us)/Energy(mJ): 178 0.741551 0.0574773 0.0863101 0.281733 
Latency(us)/Energy(mJ): 80 0.293354 0.0227378 0.0341439 0.111452 
Latency(us)/Energy(mJ): 2792 11.3298 1.2324 1.25325 4.21749 
Latency(us)/Energy(mJ): 30 0.319026 0.0451529 0.0338462 0.116097 
Latency(us)/Energy(mJ): 155 0.500556 0.0708455 0.0531051 0.182157 
Latency(us)/Energy(mJ): 73 0.322912 0.0457028 0.0342584 0.117511 
Latency(us)/Energy(mJ): 2198 9.9471 1.48699 1.0294 3.57005 
Latency(us)/Energy(mJ): 29 0 0 0 0 
Latency(us)/Energy(mJ): 1820 8.58847 1.50117 0.857742 2.98003 
Latency(us)/Energy(mJ): 29 0 0 0 0 
Latency(us)/Energy(mJ): 1229 5.80982 1.09319 0.568034 1.9968 
Latency(us)/Energy(mJ): 28 0 0 0 0 
Latency(us)/Energy(mJ): 43 0.353468 0.0683794 0.0341897 0.120187 
Latency(us)/Energy(mJ): 1370 6.25027 1.21205 0.606026 2.14972 
Latency(us)/Energy(mJ): 31 0 0 0 0 
Latency(us)/Energy(mJ): 0 0.547365 0.104195 0.0520975 0.191441 
Latency(us)/Energy(mJ): 5491 29.5751 5.80589 2.49321 10.6082 
Latency(us)/Energy(mJ): 30 0.445732 0.0913918 0.0342813 0.16467 
Latency(us)/Energy(mJ): 0 0 0 0 0 
Latency(us)/Energy(mJ): 2394 14.5939 2.9451 1.08272 5.42514 
Latency(us)/Energy(mJ): 192 1.20073 0.24429 0.0860759 0.450533 
0.3094 - "n02124075 Egyptian cat"
0.1761 - "n02123159 tiger cat"
0.1221 - "n02123045 tabby, tabby cat"
0.1132 - "n02119022 red fox, Vulpes vulpes"
0.0421 - "n02085620 Chihuahua"
