loading weight: /home/nvidia/caffe-build/models/bvlc_alexnet/bvlc_alexnet.caffemodel
loading prototxt: /home/nvidia/caffe-build/models/bvlc_alexnet/deploy.prototxt
---------- Prediction for /home/nvidia/Downloads/ILSVRC2012_img_train_t3/n02085620/n02085620_1152.JPEG ----------
Latency(us)/Energy(mJ): 0 0 0 0 0 
Latency(us)/Energy(mJ): 258 1.0965 0.0420781 0.254785 0.333438 
Latency(us)/Energy(mJ): 22 0.212078 0.0104241 0.0486609 0.0645474 
Latency(us)/Energy(mJ): 72 0.14448 0.00704404 0.0328824 0.0436177 
Latency(us)/Energy(mJ): 54 0.365022 0.0236253 0.0828047 0.109838 
Latency(us)/Energy(mJ): 1144 5.8944 0.678504 1.23775 1.69651 
Latency(us)/Energy(mJ): 21 0 0 0 0 
Latency(us)/Energy(mJ): 47 0.416931 0.0647708 0.0824496 0.116881 
Latency(us)/Energy(mJ): 48 0.24924 0.038292 0.0487435 0.069099 
Latency(us)/Energy(mJ): 1308 7.5214 1.52663 1.40171 2.02046 
Latency(us)/Energy(mJ): 27 0.191416 0.0438536 0.0341119 0.0507846 
Latency(us)/Energy(mJ): 1138 7.228 1.7973 1.19777 1.92843 
Latency(us)/Energy(mJ): 37 0.216529 0.0583404 0.031625 0.057926 
Latency(us)/Energy(mJ): 722 5.18175 1.42029 0.732284 1.39113 
Latency(us)/Energy(mJ): 36 0.229535 0.0655267 0.0315534 0.0615149 
Latency(us)/Energy(mJ): 45 0.328434 0.0932686 0.0449121 0.0884193 
Latency(us)/Energy(mJ): 688 5.09577 1.44779 0.688666 1.37962 
Latency(us)/Energy(mJ): 27 0.236677 0.0654856 0.0315336 0.0651355 
Latency(us)/Energy(mJ): 1 0 0 0 0 
Latency(us)/Energy(mJ): 4803 41.2419 11.2845 4.73679 12.4172 
Latency(us)/Energy(mJ): 29 0.439863 0.118622 0.045342 0.140194 
Latency(us)/Energy(mJ): 1 0 0 0 0 
Latency(us)/Energy(mJ): 2119 20.9612 5.56747 1.9334 6.78455 
Latency(us)/Energy(mJ): 37 0.505092 0.132344 0.0453892 0.166262 
0.5948 - "n02085620 Chihuahua"
0.0656 - "n02110806 basenji"
0.0383 - "n02113023 Pembroke, Pembroke Welsh corgi"
0.0311 - "n02091244 Ibizan hound, Ibizan Podenco"
0.0298 - "n02389026 sorrel"
