loading weight: /home/nvidia/caffe-build/models/bvlc_alexnet/bvlc_alexnet.caffemodel
loading prototxt: /home/nvidia/caffe-build/models/bvlc_alexnet/deploy.prototxt
---------- Prediction for /home/nvidia/caffe-build/examples/images/cat.jpg ----------
Latency(us)/Energy(mJ): 1 0 0 0 0 
Latency(us)/Energy(mJ): 18726 31.5318 3.5322 5.70193 5.87123 
Latency(us)/Energy(mJ): 110 0.232635 0.0455726 0.0363865 0.0434252 
Latency(us)/Energy(mJ): 2934 5.24835 1.01725 0.8122 1.0033 
Latency(us)/Energy(mJ): 873 2.26148 0.438631 0.350216 0.42916 
Latency(us)/Energy(mJ): 11002 23.7544 5.50355 3.35081 4.61661 
Latency(us)/Energy(mJ): 71 0.213892 0.062092 0.0275263 0.041515 
Latency(us)/Energy(mJ): 1833 4.2047 1.13186 0.542565 0.816104 
Latency(us)/Energy(mJ): 599 1.78958 0.468881 0.234057 0.353004 
Latency(us)/Energy(mJ): 6096 14.771 4.11195 1.87172 2.82293 
Latency(us)/Energy(mJ): 78 0.197425 0.059783 0.0238662 0.035995 
Latency(us)/Energy(mJ): 4895 12.2846 3.86634 1.48846 2.24489 
Latency(us)/Energy(mJ): 79 0.19487 0.062958 0.0228598 0.034477 
Latency(us)/Energy(mJ): 4684 12.1726 3.96976 1.4414 2.17391 
Latency(us)/Energy(mJ): 74 0.20085 0.06489 0.0235612 0.035535 
Latency(us)/Energy(mJ): 147 0.50258 0.162372 0.0589565 0.088918 
Latency(us)/Energy(mJ): 20581 46.6037 12.5398 6.27504 8.41285 
Latency(us)/Energy(mJ): 94 0.175365 0.0423185 0.0241255 0.036386 
Latency(us)/Energy(mJ): 4 0 0 0 0 
Latency(us)/Energy(mJ): 33098 87.555 21.7979 10.0994 21.2356 
Latency(us)/Energy(mJ): 113 0.334511 0.0879746 0.0351207 0.086017 
Latency(us)/Energy(mJ): 4 0 0 0 0 
Latency(us)/Energy(mJ): 13930 41.2308 10.6454 4.24979 10.7905 
Latency(us)/Energy(mJ): 666 2.04296 0.516999 0.206393 0.538859 
0.3094 - "n02124075 Egyptian cat"
0.1761 - "n02123159 tiger cat"
0.1221 - "n02123045 tabby, tabby cat"
0.1132 - "n02119022 red fox, Vulpes vulpes"
0.0421 - "n02085620 Chihuahua"
