loading weight: /home/nvidia/caffe-build/models/bvlc_alexnet/bvlc_alexnet.caffemodel
loading prototxt: /home/nvidia/caffe-build/models/bvlc_alexnet/deploy.prototxt
---------- Prediction for /home/nvidia/Downloads/ILSVRC2012_img_train_t3/n02085620/n02085620_1152.JPEG ----------
Latency(us)/Energy(mJ): 0 0 0 0 0 
Latency(us)/Energy(mJ): 243 1.18324 0.035115 0.352768 0.336365 
Latency(us)/Energy(mJ): 17 0 0 0 0 
Latency(us)/Energy(mJ): 49 0.384975 0.0171017 0.114036 0.108734 
Latency(us)/Energy(mJ): 51 0.229191 0.0101813 0.0678904 0.0655785 
Latency(us)/Energy(mJ): 1973 10.6895 0.824349 2.95954 2.95585 
Latency(us)/Energy(mJ): 17 0 0 0 0 
Latency(us)/Energy(mJ): 44 0.253954 0.0276086 0.065627 0.0693836 
Latency(us)/Energy(mJ): 33 0.169452 0.018422 0.04379 0.0462966 
Latency(us)/Energy(mJ): 2506 14.6606 2.00646 3.61875 3.87712 
Latency(us)/Energy(mJ): 21 0.178711 0.0272853 0.0409727 0.0468472 
Latency(us)/Energy(mJ): 1873 11.719 1.9926 2.57677 3.13918 
Latency(us)/Energy(mJ): 33 0 0 0 0 
Latency(us)/Energy(mJ): 1335 8.91096 1.67209 1.85116 2.44197 
Latency(us)/Energy(mJ): 33 0.311224 0.0597197 0.0632678 0.0855245 
Latency(us)/Energy(mJ): 39 0.201404 0.0386467 0.0409429 0.0553459 
Latency(us)/Energy(mJ): 1107 7.69025 1.51759 1.49045 2.14122 
Latency(us)/Energy(mJ): 23 0 0 0 0 
Latency(us)/Energy(mJ): 1 0 0 0 0 
Latency(us)/Energy(mJ): 6526 51.5775 9.64318 8.45634 16.3526 
Latency(us)/Energy(mJ): 24 0.389788 0.0689458 0.058631 0.131558 
Latency(us)/Energy(mJ): 0 0 0 0 0 
Latency(us)/Energy(mJ): 2902 25.8656 4.67464 3.63899 8.87281 
Latency(us)/Energy(mJ): 33 0.269634 0.047744 0.036375 0.093071 
0.5948 - "n02085620 Chihuahua"
0.0656 - "n02110806 basenji"
0.0383 - "n02113023 Pembroke, Pembroke Welsh corgi"
0.0311 - "n02091244 Ibizan hound, Ibizan Podenco"
0.0298 - "n02389026 sorrel"
