loading weight: /home/nvidia/caffe-build/models/bvlc_alexnet/bvlc_alexnet.caffemodel
loading prototxt: /home/nvidia/caffe-build/models/bvlc_alexnet/deploy.prototxt
---------- Prediction for /home/nvidia/Downloads/ILSVRC2012_img_train_t3/n02085620/n02085620_1152.JPEG ----------
Latency(us)/Energy(mJ): 0 0 0 0 0 
Latency(us)/Energy(mJ): 235 1.00538 0.0525097 0.157529 0.347878 
Latency(us)/Energy(mJ): 24 0 0 0 0 
Latency(us)/Energy(mJ): 54 0.33259 0.0226188 0.0509479 0.113465 
Latency(us)/Energy(mJ): 51 0.205116 0.0171907 0.0309974 0.0690336 
Latency(us)/Energy(mJ): 1030 5.09372 0.722828 0.704436 1.61277 
Latency(us)/Energy(mJ): 22 0.15096 0.0282125 0.0195383 0.0457031 
Latency(us)/Energy(mJ): 46 0.243029 0.0450963 0.031231 0.0730542 
Latency(us)/Energy(mJ): 43 0.153688 0.0304807 0.019607 0.0458638 
Latency(us)/Energy(mJ): 1123 6.62703 1.59727 0.78591 1.87643 
Latency(us)/Energy(mJ): 25 0.1742 0.0478851 0.0195647 0.0485696 
Latency(us)/Energy(mJ): 1002 6.567 1.92643 0.684381 1.79933 
Latency(us)/Energy(mJ): 35 0.198876 0.0629978 0.0195373 0.0539411 
Latency(us)/Energy(mJ): 681 5.11982 1.65844 0.483507 1.38389 
Latency(us)/Energy(mJ): 36 0.213999 0.0716557 0.0195373 0.0577574 
Latency(us)/Energy(mJ): 39 0.342257 0.114025 0.0310895 0.091909 
Latency(us)/Energy(mJ): 671 5.07349 1.71753 0.45571 1.37164 
Latency(us)/Energy(mJ): 29 0.219438 0.0738202 0.0195373 0.0604915 
Latency(us)/Energy(mJ): 0 0 0 0 0 
Latency(us)/Energy(mJ): 4682 41.9085 13.5891 3.09064 12.4942 
Latency(us)/Energy(mJ): 31 0.45252 0.144933 0.0275999 0.141353 
Latency(us)/Energy(mJ): 0 0 0 0 0 
Latency(us)/Energy(mJ): 2050 21.1177 6.67381 1.2474 6.68815 
Latency(us)/Energy(mJ): 36 0.303536 0.0956474 0.017393 0.0972754 
0.5948 - "n02085620 Chihuahua"
0.0656 - "n02110806 basenji"
0.0383 - "n02113023 Pembroke, Pembroke Welsh corgi"
0.0311 - "n02091244 Ibizan hound, Ibizan Podenco"
0.0298 - "n02389026 sorrel"
