loading weight: /home/nvidia/caffe-build/models/bvlc_alexnet/bvlc_alexnet.caffemodel
loading prototxt: /home/nvidia/caffe-build/models/bvlc_alexnet/deploy.prototxt
---------- Prediction for /home/nvidia/Downloads/ILSVRC2012_img_train_t3/n02085620/n02085620_1152.JPEG ----------
Latency(us)/Energy(mJ): 0 0 0 0 0 
Latency(us)/Energy(mJ): 371 1.38242 0.0543826 0.136672 0.511085 
Latency(us)/Energy(mJ): 38 0.120885 0.00471504 0.0118496 0.0445757 
Latency(us)/Energy(mJ): 73 0.296951 0.0174498 0.0291084 0.109499 
Latency(us)/Energy(mJ): 76 0.298121 0.0175185 0.029223 0.109931 
Latency(us)/Energy(mJ): 3000 12.5343 1.21266 1.15494 4.43048 
Latency(us)/Energy(mJ): 38 0 0 0 0 
Latency(us)/Energy(mJ): 70 0.331241 0.040616 0.0290549 0.115155 
Latency(us)/Energy(mJ): 64 0.334945 0.0409258 0.0292765 0.116033 
Latency(us)/Energy(mJ): 3763 17.1084 2.7838 1.43524 5.63999 
Latency(us)/Energy(mJ): 42 0.211929 0.0379008 0.0171907 0.0683117 
Latency(us)/Energy(mJ): 2841 14.0843 2.66878 1.08968 4.59709 
Latency(us)/Energy(mJ): 49 0.155761 0.0301965 0.0115976 0.0512305 
Latency(us)/Energy(mJ): 2081 10.8744 2.18437 0.791489 3.57518 
Latency(us)/Energy(mJ): 46 0.40512 0.080933 0.0288722 0.133373 
Latency(us)/Energy(mJ): 56 0.163374 0.0326381 0.0116434 0.0537856 
Latency(us)/Energy(mJ): 1723 9.36995 1.93763 0.66025 3.10912 
Latency(us)/Energy(mJ): 43 0.249765 0.0485086 0.017305 0.0842995 
Latency(us)/Energy(mJ): 1 0 0 0 0 
Latency(us)/Energy(mJ): 9544 60.9721 11.2197 3.64128 22.5898 
Latency(us)/Energy(mJ): 43 0.214739 0.0377224 0.0117805 0.0828347 
Latency(us)/Energy(mJ): 0 0 0 0 0 
Latency(us)/Energy(mJ): 4197 29.8343 5.11524 1.59746 11.6832 
Latency(us)/Energy(mJ): 51 0.55245 0.092964 0.0290322 0.217246 
0.5948 - "n02085620 Chihuahua"
0.0656 - "n02110806 basenji"
0.0383 - "n02113023 Pembroke, Pembroke Welsh corgi"
0.0311 - "n02091244 Ibizan hound, Ibizan Podenco"
0.0298 - "n02389026 sorrel"
