loading weight: /home/nvidia/caffe-build/models/bvlc_alexnet/bvlc_alexnet.caffemodel
loading prototxt: /home/nvidia/caffe-build/models/bvlc_alexnet/deploy.prototxt
---------- Prediction for /home/nvidia/Downloads/ILSVRC2012_img_train_t3/n02085620/n02085620_1152.JPEG ----------
Latency(us)/Energy(mJ): 0 0 0 0 0 
Latency(us)/Energy(mJ): 656 2.21442 0.107698 0.189539 0.801196 
Latency(us)/Energy(mJ): 89 0.310283 0.0194742 0.0259372 0.110807 
Latency(us)/Energy(mJ): 145 0.629364 0.0422128 0.0522038 0.223021 
Latency(us)/Energy(mJ): 152 0.63925 0.0523441 0.0523441 0.224375 
Latency(us)/Energy(mJ): 2342 9.22903 1.0947 0.703202 3.14317 
Latency(us)/Energy(mJ): 88 0.366168 0.0527537 0.0263337 0.121555 
Latency(us)/Energy(mJ): 125 0.7241 0.110287 0.0518439 0.241032 
Latency(us)/Energy(mJ): 138 0.563116 0.0904092 0.040138 0.186609 
Latency(us)/Energy(mJ): 2551 11.4227 2.07605 0.778689 3.6535 
Latency(us)/Energy(mJ): 94 0.397842 0.0778783 0.0259311 0.127105 
Latency(us)/Energy(mJ): 2359 11.8184 2.44506 0.726595 3.80414 
Latency(us)/Energy(mJ): 104 0.44149 0.097325 0.025925 0.14331 
Latency(us)/Energy(mJ): 1572 8.37493 1.87031 0.479259 2.7197 
Latency(us)/Energy(mJ): 101 0.461255 0.103516 0.0258579 0.150824 
Latency(us)/Energy(mJ): 124 0.71408 0.159658 0.0398818 0.232622 
Latency(us)/Energy(mJ): 1206 6.77927 1.52515 0.377718 2.23263 
Latency(us)/Energy(mJ): 95 0.472518 0.103907 0.0259555 0.159562 
Latency(us)/Energy(mJ): 1 0 0 0 0 
Latency(us)/Energy(mJ): 7566 49.6784 9.99521 2.30895 18.1918 
Latency(us)/Energy(mJ): 94 0.62466 0.118298 0.0262788 0.239008 
Latency(us)/Energy(mJ): 1 0 0 0 0 
Latency(us)/Energy(mJ): 3303 24.8638 4.68737 1.01449 9.64848 
Latency(us)/Energy(mJ): 114 0.654788 0.124296 0.0261812 0.256983 
0.5948 - "n02085620 Chihuahua"
0.0656 - "n02110806 basenji"
0.0383 - "n02113023 Pembroke, Pembroke Welsh corgi"
0.0311 - "n02091244 Ibizan hound, Ibizan Podenco"
0.0298 - "n02389026 sorrel"
