loading weight: /home/nvidia/caffe-build/models/bvlc_alexnet/bvlc_alexnet.caffemodel
loading prototxt: /home/nvidia/caffe-build/models/bvlc_alexnet/deploy.prototxt
---------- Prediction for /home/nvidia/Downloads/ILSVRC2012_img_train_t3/n02085620/n02085620_1152.JPEG ----------
Latency(us)/Energy(mJ): 0 0 0 0 0 
Latency(us)/Energy(mJ): 412 1.63255 0.103751 0.237166 0.557786 
Latency(us)/Energy(mJ): 52 0.329567 0.0319943 0.0457517 0.109025 
Latency(us)/Energy(mJ): 109 0.470377 0.0534968 0.0637517 0.151919 
Latency(us)/Energy(mJ): 98 0.343971 0.0457028 0.0457028 0.108909 
Latency(us)/Energy(mJ): 968 4.83238 0.902522 0.554521 1.46319 
Latency(us)/Energy(mJ): 49 0.40958 0.09769 0.0402209 0.116897 
Latency(us)/Energy(mJ): 98 0.405871 0.101153 0.0393238 0.114289 
Latency(us)/Energy(mJ): 90 0.68545 0.173795 0.0653402 0.190776 
Latency(us)/Energy(mJ): 832 5.01105 1.45752 0.450119 1.34408 
Latency(us)/Energy(mJ): 59 0.288242 0.0907878 0.0244358 0.0762819 
Latency(us)/Energy(mJ): 1005 6.73254 2.24592 0.530123 1.76475 
Latency(us)/Energy(mJ): 62 0.544141 0.194141 0.0399966 0.140995 
Latency(us)/Energy(mJ): 613 4.48851 1.63215 0.318841 1.16352 
Latency(us)/Energy(mJ): 54 0.584353 0.217565 0.0401034 0.150876 
Latency(us)/Energy(mJ): 62 0.584236 0.222143 0.0398258 0.150974 
Latency(us)/Energy(mJ): 843 6.3316 2.31832 0.440336 1.6493 
Latency(us)/Energy(mJ): 60 0.578402 0.210729 0.0398898 0.15433 
Latency(us)/Energy(mJ): 1 0 0 0 0 
Latency(us)/Energy(mJ): 4611 41.974 14.7823 2.46624 12.1642 
Latency(us)/Energy(mJ): 64 0.461862 0.159667 0.0242941 0.140386 
Latency(us)/Energy(mJ): 1 0 0 0 0 
Latency(us)/Energy(mJ): 1983 21.1589 7.24981 1.072 6.52044 
Latency(us)/Energy(mJ): 76 0.814273 0.274635 0.0400603 0.254567 
0.5948 - "n02085620 Chihuahua"
0.0656 - "n02110806 basenji"
0.0383 - "n02113023 Pembroke, Pembroke Welsh corgi"
0.0311 - "n02091244 Ibizan hound, Ibizan Podenco"
0.0298 - "n02389026 sorrel"
