loading weight: /home/nvidia/caffe-build/models/bvlc_alexnet/bvlc_alexnet.caffemodel
loading prototxt: /home/nvidia/caffe-build/models/bvlc_alexnet/deploy.prototxt
---------- Prediction for /home/nvidia/Downloads/ILSVRC2012_img_train_t3/n02085620/n02085620_1152.JPEG ----------
Latency(us)/Energy(mJ): 0 0 0 0 0 
Latency(us)/Energy(mJ): 97527 401.818 23.5286 87.8684 117.775 
Latency(us)/Energy(mJ): 637 2.67357 0.151172 0.604688 0.771704 
Latency(us)/Energy(mJ): 93825 369.931 21.4801 73.4147 109.555 
Latency(us)/Energy(mJ): 7047 27.6788 1.61079 5.37398 8.22275 
Latency(us)/Energy(mJ): 203483 823.656 46.5801 172.982 241.428 
Latency(us)/Energy(mJ): 388 1.66479 0.0941327 0.348726 0.488339 
Latency(us)/Energy(mJ): 364281 1406.98 83.3957 305.922 408.307 
Latency(us)/Energy(mJ): 3491 13.5649 0.804967 2.95272 3.97124 
Latency(us)/Energy(mJ): 134126 541.302 30.7063 112.635 157.11 
Latency(us)/Energy(mJ): 133 0.405913 0.0231748 0.085008 0.118303 
Latency(us)/Energy(mJ): 102583 415.399 23.4894 86.1619 121.811 
Latency(us)/Energy(mJ): 135 0.595998 0.0336996 0.123614 0.174826 
Latency(us)/Energy(mJ): 69230 280.253 15.8464 58.1266 82.2076 
Latency(us)/Energy(mJ): 90 0.480654 0.0271777 0.0996912 0.140992 
Latency(us)/Energy(mJ): 835 3.36231 0.190116 0.697368 0.986278 
Latency(us)/Energy(mJ): 176074 740.62 40.3104 147.864 231.381 
Latency(us)/Energy(mJ): 9 0 0 0 0 
Latency(us)/Energy(mJ): 0 0 0 0 0 
Latency(us)/Energy(mJ): 79821 335.364 18.2757 67.0375 104.293 
Latency(us)/Energy(mJ): 9 0 0 0 0 
Latency(us)/Energy(mJ): 1 0 0 0 0 
Latency(us)/Energy(mJ): 19437 81.6333 4.44884 16.3189 25.3137 
Latency(us)/Energy(mJ): 90 0.497349 0.0271044 0.0994224 0.154223 
0.5948 - "n02085620 Chihuahua"
0.0656 - "n02110806 basenji"
0.0383 - "n02113023 Pembroke, Pembroke Welsh corgi"
0.0311 - "n02091244 Ibizan hound, Ibizan Podenco"
0.0298 - "n02389026 sorrel"
