loading weight: /home/nvidia/caffe-build/models/bvlc_alexnet/bvlc_alexnet.caffemodel
loading prototxt: /home/nvidia/caffe-build/models/bvlc_alexnet/deploy.prototxt
---------- Prediction for /home/nvidia/Downloads/ILSVRC2012_img_train_t3/n02085620/n02085620_1152.JPEG ----------
Latency(us)/Energy(mJ): 0 0 0 0 0 
Latency(us)/Energy(mJ): 701 2.46867 0.120422 0.161367 0.904783 
Latency(us)/Energy(mJ): 90 0.305786 0.0197032 0.0197032 0.110475 
Latency(us)/Energy(mJ): 158 0.466587 0.0297379 0.0297379 0.16674 
Latency(us)/Energy(mJ): 159 0.629912 0.0433009 0.0398323 0.223339 
Latency(us)/Energy(mJ): 2973 11.4598 1.32274 0.678761 3.95249 
Latency(us)/Energy(mJ): 87 0.518358 0.0774748 0.0290372 0.174984 
Latency(us)/Energy(mJ): 144 0.542031 0.080762 0.0302692 0.182408 
Latency(us)/Energy(mJ): 143 0.521526 0.0772304 0.0289456 0.174432 
Latency(us)/Energy(mJ): 3397 14.6077 2.59864 0.778458 4.74101 
Latency(us)/Energy(mJ): 94 0.590219 0.110914 0.0302372 0.19225 
Latency(us)/Energy(mJ): 2963 14.0365 2.80839 0.678408 4.60396 
Latency(us)/Energy(mJ): 106 0.419612 0.0841613 0.0194284 0.139049 
Latency(us)/Energy(mJ): 2026 10.2592 2.16023 0.463821 3.41236 
Latency(us)/Energy(mJ): 99 0.637158 0.141522 0.0283044 0.212839 
Latency(us)/Energy(mJ): 119 0.448969 0.0989738 0.0197948 0.14885 
Latency(us)/Energy(mJ): 1476 7.89898 1.68345 0.346605 2.65613 
Latency(us)/Energy(mJ): 94 0.457019 0.0919548 0.0197169 0.156444 
Latency(us)/Energy(mJ): 2 0 0 0 0 
Latency(us)/Energy(mJ): 9495 59.1989 11.0777 2.17125 22.2505 
Latency(us)/Energy(mJ): 93 0.587372 0.105506 0.0197174 0.230807 
Latency(us)/Energy(mJ): 1 0 0 0 0 
Latency(us)/Energy(mJ): 4149 29.0991 5.08418 0.950158 11.5531 
Latency(us)/Energy(mJ): 114 0.772863 0.132858 0.0248292 0.310474 
0.5948 - "n02085620 Chihuahua"
0.0656 - "n02110806 basenji"
0.0383 - "n02113023 Pembroke, Pembroke Welsh corgi"
0.0311 - "n02091244 Ibizan hound, Ibizan Podenco"
0.0298 - "n02389026 sorrel"
