loading weight: /home/nvidia/caffe-build/models/bvlc_alexnet/bvlc_alexnet.caffemodel
loading prototxt: /home/nvidia/caffe-build/models/bvlc_alexnet/deploy.prototxt
---------- Prediction for /home/nvidia/Downloads/ILSVRC2012_img_train_t3/n02085620/n02085620_1152.JPEG ----------
Latency(us)/Energy(mJ): 0 0 0 0 0 
Latency(us)/Energy(mJ): 279 1.46821 0.0408181 0.491965 0.396097 
Latency(us)/Energy(mJ): 20 0.149793 0.00414048 0.0499037 0.040179 
Latency(us)/Energy(mJ): 41 0.250864 0.00693424 0.0835758 0.0672895 
Latency(us)/Energy(mJ): 38 0.152872 0.0063662 0.0509296 0.041561 
Latency(us)/Energy(mJ): 3009 16.9455 1.1782 5.34429 4.49007 
Latency(us)/Energy(mJ): 17 0.262134 0.0241261 0.0793361 0.0684025 
Latency(us)/Energy(mJ): 37 0.161992 0.0149093 0.0490275 0.0422709 
Latency(us)/Energy(mJ): 36 0.26607 0.024329 0.0800034 0.0698435 
Latency(us)/Energy(mJ): 3920 23.1858 2.85662 6.51466 5.88991 
Latency(us)/Energy(mJ): 20 0.272601 0.0379228 0.0724556 0.0692916 
Latency(us)/Energy(mJ): 2834 17.4947 2.61644 4.49194 4.51946 
Latency(us)/Energy(mJ): 30 0.295511 0.0456653 0.0738202 0.0775526 
Latency(us)/Energy(mJ): 2080 13.4868 2.18944 3.25814 3.58312 
Latency(us)/Energy(mJ): 30 0.299817 0.0485086 0.0693109 0.0799392 
Latency(us)/Energy(mJ): 35 0.184168 0.0297972 0.0425754 0.049104 
Latency(us)/Energy(mJ): 1833 12.1677 2.08235 2.78968 3.28313 
Latency(us)/Energy(mJ): 22 0.303563 0.0517088 0.0689752 0.0838912 
Latency(us)/Energy(mJ): 0 0 0 0 0 
Latency(us)/Energy(mJ): 9565 72.7023 11.3211 14.5934 22.6103 
Latency(us)/Energy(mJ): 23 0 0 0 0 
Latency(us)/Energy(mJ): 0 0 0 0 0 
Latency(us)/Energy(mJ): 4218 35.2013 5.16537 6.19776 11.8169 
Latency(us)/Energy(mJ): 30 0.22885 0.033108 0.0393277 0.0779492 
0.5948 - "n02085620 Chihuahua"
0.0656 - "n02110806 basenji"
0.0383 - "n02113023 Pembroke, Pembroke Welsh corgi"
0.0311 - "n02091244 Ibizan hound, Ibizan Podenco"
0.0298 - "n02389026 sorrel"
