loading weight: /home/nvidia/caffe-build/models/bvlc_alexnet/bvlc_alexnet.caffemodel
loading prototxt: /home/nvidia/caffe-build/models/bvlc_alexnet/deploy.prototxt
---------- Prediction for /home/nvidia/Downloads/ILSVRC2012_img_train_t3/n02085620/n02085620_1152.JPEG ----------
Latency(us)/Energy(mJ): 0 0 0 0 0 
Latency(us)/Energy(mJ): 221 1.09594 0.0338545 0.381333 0.297165 
Latency(us)/Energy(mJ): 19 0.15869 0.00656314 0.0546833 0.0428467 
Latency(us)/Energy(mJ): 45 0.248189 0.0102684 0.0855547 0.0670358 
Latency(us)/Energy(mJ): 43 0.15653 0.00647612 0.0539582 0.0422786 
Latency(us)/Energy(mJ): 1357 8.06402 0.647788 2.53725 2.11689 
Latency(us)/Energy(mJ): 16 0 0 0 0 
Latency(us)/Energy(mJ): 40 0.178109 0.0200038 0.053392 0.0463061 
Latency(us)/Energy(mJ): 39 0.446739 0.050174 0.133919 0.116146 
Latency(us)/Energy(mJ): 1627 10.2208 1.49749 2.84492 2.56089 
Latency(us)/Energy(mJ): 26 0.191246 0.0311215 0.0511407 0.0479353 
Latency(us)/Energy(mJ): 1288 9.04944 1.66904 2.25754 2.2869 
Latency(us)/Energy(mJ): 32 0.210302 0.0422237 0.0489305 0.054121 
Latency(us)/Energy(mJ): 861 6.38434 1.32174 1.44828 1.64604 
Latency(us)/Energy(mJ): 32 0.220367 0.0467172 0.048964 0.0575138 
Latency(us)/Energy(mJ): 35 0.343372 0.0724292 0.0759127 0.089168 
Latency(us)/Energy(mJ): 685 5.13843 1.11766 1.12057 1.34648 
Latency(us)/Energy(mJ): 26 0.229409 0.0492032 0.0492032 0.0611739 
Latency(us)/Energy(mJ): 1 0 0 0 0 
Latency(us)/Energy(mJ): 5091 45.1802 9.73707 8.12515 13.366 
Latency(us)/Energy(mJ): 30 0.274138 0.0582542 0.0431314 0.0866875 
Latency(us)/Energy(mJ): 0 0 0 0 0 
Latency(us)/Energy(mJ): 2223 22.2356 4.7179 3.39669 7.14513 
Latency(us)/Energy(mJ): 35 0.461651 0.096409 0.0688701 0.150537 
0.5948 - "n02085620 Chihuahua"
0.0656 - "n02110806 basenji"
0.0383 - "n02113023 Pembroke, Pembroke Welsh corgi"
0.0311 - "n02091244 Ibizan hound, Ibizan Podenco"
0.0298 - "n02389026 sorrel"
