loading weight: /home/nvidia/caffe-build/models/bvlc_alexnet/bvlc_alexnet.caffemodel
loading prototxt: /home/nvidia/caffe-build/models/bvlc_alexnet/deploy.prototxt
---------- Prediction for /home/nvidia/Downloads/ILSVRC2012_img_train_t3/n02085620/n02085620_1152.JPEG ----------
Latency(us)/Energy(mJ): 0 0 0 0 0 
Latency(us)/Energy(mJ): 241 1.03895 0.0588089 0.177535 0.344657 
Latency(us)/Energy(mJ): 27 0 0 0 0 
Latency(us)/Energy(mJ): 56 0.349279 0.0288493 0.0577744 0.113201 
Latency(us)/Energy(mJ): 53 0.348048 0.0339378 0.0565383 0.110779 
Latency(us)/Energy(mJ): 950 4.88235 0.838944 0.714046 1.4495 
Latency(us)/Energy(mJ): 26 0.164528 0.0377686 0.0222186 0.0462426 
Latency(us)/Energy(mJ): 48 0.260533 0.0590135 0.0347165 0.072254 
Latency(us)/Energy(mJ): 47 0.166741 0.0399818 0.0222186 0.0462426 
Latency(us)/Energy(mJ): 978 6.31456 1.81955 0.770966 1.63454 
Latency(us)/Energy(mJ): 29 0.194063 0.0620722 0.0221728 0.048908 
Latency(us)/Energy(mJ): 937 6.74493 2.31649 0.713259 1.67215 
Latency(us)/Energy(mJ): 37 0.221904 0.0812448 0.0219456 0.0545472 
Latency(us)/Energy(mJ): 628 5.11863 1.91657 0.485775 1.24722 
Latency(us)/Energy(mJ): 38 0.239689 0.0923168 0.0219761 0.0579396 
Latency(us)/Energy(mJ): 42 0.377754 0.144813 0.0344729 0.0917467 
Latency(us)/Energy(mJ): 668 5.68163 2.1981 0.511607 1.37918 
Latency(us)/Energy(mJ): 32 0.247318 0.0949019 0.0220675 0.0609318 
Latency(us)/Energy(mJ): 0 0 0 0 0 
Latency(us)/Energy(mJ): 4540 45.2093 16.8701 3.47061 12.1348 
Latency(us)/Energy(mJ): 30 0.318705 0.116825 0.0220386 0.0903262 
Latency(us)/Energy(mJ): 0 0 0 0 0 
Latency(us)/Energy(mJ): 2001 22.7208 8.30316 1.51996 6.53878 
Latency(us)/Energy(mJ): 39 0.531895 0.193876 0.0346255 0.154973 
0.5948 - "n02085620 Chihuahua"
0.0656 - "n02110806 basenji"
0.0383 - "n02113023 Pembroke, Pembroke Welsh corgi"
0.0311 - "n02091244 Ibizan hound, Ibizan Podenco"
0.0298 - "n02389026 sorrel"
