loading weight: /home/nvidia/caffe-build/models/bvlc_alexnet/bvlc_alexnet.caffemodel
loading prototxt: /home/nvidia/caffe-build/models/bvlc_alexnet/deploy.prototxt
---------- Prediction for /home/nvidia/caffe-build/examples/images/cat.jpg ----------
Latency(us)/Energy(mJ): 0 0 0 0 0 
Latency(us)/Energy(mJ): 4145 14.3898 0.770288 1.58238 5.66975 
Latency(us)/Energy(mJ): 85 0.292786 0.024339 0.0304836 0.11164 
Latency(us)/Energy(mJ): 429 1.4452 0.119499 0.149668 0.555572 
Latency(us)/Energy(mJ): 209 0.717155 0.058743 0.0735732 0.2747 
Latency(us)/Energy(mJ): 2755 10.8812 1.25131 0.89295 4.06018 
Latency(us)/Energy(mJ): 66 0.314776 0.041118 0.023485 0.115115 
Latency(us)/Energy(mJ): 455 1.8775 0.244519 0.139659 0.684561 
Latency(us)/Energy(mJ): 192 0.80065 0.118565 0.0591853 0.290105 
Latency(us)/Energy(mJ): 2107 9.17836 1.41223 0.66583 3.28697 
Latency(us)/Energy(mJ): 67 0 0 0 0 
Latency(us)/Energy(mJ): 2122 9.15814 1.62805 0.642726 3.19045 
Latency(us)/Energy(mJ): 93 0.839421 0.159096 0.057767 0.286752 
Latency(us)/Energy(mJ): 1487 6.51716 1.25345 0.446688 2.21733 
Latency(us)/Energy(mJ): 71 0.364923 0.0741502 0.0246897 0.122558 
Latency(us)/Energy(mJ): 148 0.502875 0.10305 0.0343125 0.170325 
Latency(us)/Energy(mJ): 1950 9.02099 1.747 0.61517 3.07352 
Latency(us)/Energy(mJ): 84 0.368222 0.0729594 0.0242932 0.126643 
Latency(us)/Energy(mJ): 1 0 0 0 0 
Latency(us)/Energy(mJ): 5448 28.39 5.64369 1.65758 10.2064 
Latency(us)/Energy(mJ): 70 0.459967 0.0912912 0.024339 0.169495 
Latency(us)/Energy(mJ): 1 0 0 0 0 
Latency(us)/Energy(mJ): 2348 14.2983 2.90292 0.728538 5.33614 
Latency(us)/Energy(mJ): 594 3.64068 0.759783 0.178669 1.37093 
0.3094 - "n02124075 Egyptian cat"
0.1761 - "n02123159 tiger cat"
0.1221 - "n02123045 tabby, tabby cat"
0.1132 - "n02119022 red fox, Vulpes vulpes"
0.0421 - "n02085620 Chihuahua"
