loading weight: /home/nvidia/caffe-build/models/bvlc_alexnet/bvlc_alexnet.caffemodel
loading prototxt: /home/nvidia/caffe-build/models/bvlc_alexnet/deploy.prototxt
---------- Prediction for /home/nvidia/Downloads/ILSVRC2012_img_train_t3/n02085620/n02085620_1152.JPEG ----------
Latency(us)/Energy(mJ): 0 0 0 0 0 
Latency(us)/Energy(mJ): 277 1.30777 0.0411677 0.364481 0.379763 
Latency(us)/Energy(mJ): 24 0.135593 0.00635246 0.0360065 0.0393353 
Latency(us)/Energy(mJ): 60 0.220938 0.0103508 0.0586696 0.0640936 
Latency(us)/Energy(mJ): 57 0.35825 0.0167033 0.0946761 0.103429 
Latency(us)/Energy(mJ): 1517 7.70971 0.661893 1.93004 2.15869 
Latency(us)/Energy(mJ): 21 0.244469 0.0274988 0.0584688 0.0673946 
Latency(us)/Energy(mJ): 47 0.150542 0.0169336 0.0360047 0.0415012 
Latency(us)/Energy(mJ): 42 0.398653 0.04453 0.094681 0.110522 
Latency(us)/Energy(mJ): 1805 10.2397 1.55061 2.33097 2.74018 
Latency(us)/Energy(mJ): 24 0.164848 0.0276371 0.0361344 0.0437681 
Latency(us)/Energy(mJ): 1462 9.08597 1.69971 1.82077 2.45555 
Latency(us)/Energy(mJ): 35 0.293731 0.0586829 0.0552869 0.0805531 
Latency(us)/Energy(mJ): 984 6.5242 1.35453 1.19182 1.80142 
Latency(us)/Energy(mJ): 42 0.310571 0.0655238 0.0552136 0.0856467 
Latency(us)/Energy(mJ): 45 0.190381 0.0401663 0.0338461 0.0525017 
Latency(us)/Energy(mJ): 755 5.40031 1.1765 0.945838 1.51285 
Latency(us)/Energy(mJ): 28 0.195958 0.042334 0.0338672 0.0557698 
Latency(us)/Energy(mJ): 1 0 0 0 0 
Latency(us)/Energy(mJ): 5386 43.982 9.18211 6.55989 13.8749 
Latency(us)/Energy(mJ): 28 0 0 0 0 
Latency(us)/Energy(mJ): 0 0 0 0 0 
Latency(us)/Energy(mJ): 2409 22.2286 4.49615 2.75239 7.56161 
Latency(us)/Energy(mJ): 36 0.688978 0.138802 0.0833247 0.237671 
0.5948 - "n02085620 Chihuahua"
0.0656 - "n02110806 basenji"
0.0383 - "n02113023 Pembroke, Pembroke Welsh corgi"
0.0311 - "n02091244 Ibizan hound, Ibizan Podenco"
0.0298 - "n02389026 sorrel"
