loading weight: /home/nvidia/caffe-build/models/bvlc_alexnet/bvlc_alexnet.caffemodel
loading prototxt: /home/nvidia/caffe-build/models/bvlc_alexnet/deploy.prototxt
---------- Prediction for /home/nvidia/caffe-build/examples/images/cat.jpg ----------
Latency(us)/Energy(mJ): 0 0 0 0 0 
Latency(us)/Energy(mJ): 2873 10.5767 0.615196 4.80169 1.89232 
Latency(us)/Energy(mJ): 26 0 0 0 0 
Latency(us)/Energy(mJ): 343 1.45943 0.143059 0.629534 0.26552 
Latency(us)/Energy(mJ): 116 0.444063 0.0435289 0.19155 0.0829556 
Latency(us)/Energy(mJ): 3286 13.4772 1.67302 5.27419 2.52334 
Latency(us)/Energy(mJ): 23 0 0 0 0 
Latency(us)/Energy(mJ): 223 0.807279 0.128469 0.299948 0.150535 
Latency(us)/Energy(mJ): 87 0.816129 0.129877 0.303236 0.152185 
Latency(us)/Energy(mJ): 2353 10.4655 1.81229 3.75664 1.95667 
Latency(us)/Energy(mJ): 20 0 0 0 0 
Latency(us)/Energy(mJ): 1677 7.7509 1.58295 2.58659 1.40862 
Latency(us)/Energy(mJ): 19 0 0 0 0 
Latency(us)/Energy(mJ): 1424 6.55857 1.45449 2.13979 1.1813 
Latency(us)/Energy(mJ): 18 0 0 0 0 
Latency(us)/Energy(mJ): 32 0.531504 0.119995 0.171406 0.0946268 
Latency(us)/Energy(mJ): 2138 9.72914 2.21541 3.16501 1.77314 
Latency(us)/Energy(mJ): 23 0.373565 0.083571 0.119488 0.07199 
Latency(us)/Energy(mJ): 2 0 0 0 0 
Latency(us)/Energy(mJ): 8645 45.9736 10.3547 12.7787 10.4091 
Latency(us)/Energy(mJ): 20 0 0 0 0 
Latency(us)/Energy(mJ): 3 0 0 0 0 
Latency(us)/Energy(mJ): 3605 21.8319 4.97333 5.34478 5.687 
Latency(us)/Energy(mJ): 153 0.45323 0.103181 0.103256 0.122194 
0.3094 - "n02124075 Egyptian cat"
0.1761 - "n02123159 tiger cat"
0.1221 - "n02123045 tabby, tabby cat"
0.1132 - "n02119022 red fox, Vulpes vulpes"
0.0421 - "n02085620 Chihuahua"
