loading weight: /home/nvidia/caffe-build/models/bvlc_alexnet/bvlc_alexnet.caffemodel
loading prototxt: /home/nvidia/caffe-build/models/bvlc_alexnet/deploy.prototxt
---------- Prediction for /home/nvidia/Downloads/ILSVRC2012_img_train_t3/n02085620/n02085620_1152.JPEG ----------
Latency(us)/Energy(mJ): 0 0 0 0 0 
Latency(us)/Energy(mJ): 433 1.52413 0.0742055 0.124373 0.558432 
Latency(us)/Energy(mJ): 59 0.303858 0.0206965 0.024156 0.109296 
Latency(us)/Energy(mJ): 101 0.30737 0.0241926 0.0241926 0.109462 
Latency(us)/Energy(mJ): 103 0.492561 0.0418238 0.0383141 0.175742 
Latency(us)/Energy(mJ): 1354 5.78096 0.761106 0.416478 1.97138 
Latency(us)/Energy(mJ): 55 0.205204 0.0347318 0.0138836 0.067142 
Latency(us)/Energy(mJ): 91 0.357758 0.0602617 0.0240889 0.118075 
Latency(us)/Energy(mJ): 91 0.51514 0.0920133 0.0343613 0.168427 
Latency(us)/Energy(mJ): 1373 6.6076 1.38553 0.418478 2.07922 
Latency(us)/Energy(mJ): 60 0.169943 0.0383117 0.0102053 0.0532014 
Latency(us)/Energy(mJ): 1318 7.21102 1.76115 0.405754 2.24928 
Latency(us)/Energy(mJ): 67 0.452937 0.116916 0.0240584 0.140962 
Latency(us)/Energy(mJ): 861 5.11319 1.36545 0.262806 1.59534 
Latency(us)/Energy(mJ): 63 0.4796 0.131835 0.0239486 0.150209 
Latency(us)/Energy(mJ): 74 0.483321 0.132037 0.0239852 0.150438 
Latency(us)/Energy(mJ): 920 5.54751 1.48641 0.277233 1.75086 
Latency(us)/Energy(mJ): 62 0.208896 0.0541156 0.0103029 0.0672222 
Latency(us)/Energy(mJ): 1 0.280877 0.0727628 0.0138531 0.0912488 
Latency(us)/Energy(mJ): 5078 37.2913 9.38067 1.54648 12.9858 
Latency(us)/Energy(mJ): 60 0.278966 0.0693958 0.0102846 0.101295 
Latency(us)/Energy(mJ): 0 0 0 0 0 
Latency(us)/Energy(mJ): 2225 19.4241 4.71378 0.6903 7.14862 
Latency(us)/Energy(mJ): 77 0.700878 0.169098 0.0241347 0.260779 
0.5948 - "n02085620 Chihuahua"
0.0656 - "n02110806 basenji"
0.0383 - "n02113023 Pembroke, Pembroke Welsh corgi"
0.0311 - "n02091244 Ibizan hound, Ibizan Podenco"
0.0298 - "n02389026 sorrel"
