loading weight: /home/nvidia/caffe-build/models/bvlc_alexnet/bvlc_alexnet.caffemodel
loading prototxt: /home/nvidia/caffe-build/models/bvlc_alexnet/deploy.prototxt
---------- Prediction for /home/nvidia/Downloads/ILSVRC2012_img_train_t3/n02085620/n02085620_1152.JPEG ----------
Latency(us)/Energy(mJ): 0 0 0 0 0 
Latency(us)/Energy(mJ): 569 1.95498 0.0822381 0.165017 0.724882 
Latency(us)/Energy(mJ): 61 0.293457 0.0122846 0.0246501 0.10838 
Latency(us)/Energy(mJ): 119 0.430007 0.0268388 0.035746 0.157165 
Latency(us)/Energy(mJ): 113 0.462661 0.0288769 0.0384605 0.1691 
Latency(us)/Energy(mJ): 4138 16.213 1.63356 1.26075 5.66493 
Latency(us)/Energy(mJ): 61 0.146143 0.0189143 0.0108031 0.0502256 
Latency(us)/Energy(mJ): 99 0.52656 0.0681491 0.0389241 0.180965 
Latency(us)/Energy(mJ): 105 0.484708 0.0623392 0.0356057 0.165537 
Latency(us)/Energy(mJ): 5130 21.8346 3.48072 1.55512 7.15384 
Latency(us)/Energy(mJ): 66 0.366614 0.0634358 0.0253577 0.119472 
Latency(us)/Energy(mJ): 3938 18.1541 3.19947 1.19828 5.96888 
Latency(us)/Energy(mJ): 73 0.38593 0.0678248 0.0246562 0.128374 
Latency(us)/Energy(mJ): 2869 13.998 2.61134 0.87571 4.66643 
Latency(us)/Energy(mJ): 74 0.40268 0.0743059 0.0247416 0.134984 
Latency(us)/Energy(mJ): 87 0.407544 0.0752036 0.0250405 0.136614 
Latency(us)/Energy(mJ): 2340 11.7619 2.15562 0.717757 3.97579 
Latency(us)/Energy(mJ): 67 0.410881 0.0744158 0.0247782 0.142982 
Latency(us)/Energy(mJ): 1 0 0 0 0 
Latency(us)/Energy(mJ): 13165 76.9805 12.0873 4.00518 29.1715 
Latency(us)/Energy(mJ): 65 0.507699 0.073749 0.024583 0.199592 
Latency(us)/Energy(mJ): 1 0 0 0 0 
Latency(us)/Energy(mJ): 5788 37.2175 5.30759 1.7692 14.8159 
Latency(us)/Energy(mJ): 80 0.52895 0.0746091 0.0248697 0.212167 
0.5948 - "n02085620 Chihuahua"
0.0656 - "n02110806 basenji"
0.0383 - "n02113023 Pembroke, Pembroke Welsh corgi"
0.0311 - "n02091244 Ibizan hound, Ibizan Podenco"
0.0298 - "n02389026 sorrel"
