loading weight: /home/nvidia/caffe-build/models/bvlc_alexnet/bvlc_alexnet.caffemodel
loading prototxt: /home/nvidia/caffe-build/models/bvlc_alexnet/deploy.prototxt
---------- Prediction for /home/nvidia/Downloads/ILSVRC2012_img_train_t3/n02085620/n02085620_1152.JPEG ----------
Latency(us)/Energy(mJ): 0 0 0 0 0 
Latency(us)/Energy(mJ): 332 1.24835 0.0467035 0.145177 0.453209 
Latency(us)/Energy(mJ): 27 0.185759 0.00690688 0.0208115 0.067024 
Latency(us)/Energy(mJ): 56 0.12125 0.00450832 0.0135843 0.0437485 
Latency(us)/Energy(mJ): 52 0.30472 0.0113301 0.0341393 0.109947 
Latency(us)/Energy(mJ): 4161 17.8537 1.57015 1.97929 6.12484 
Latency(us)/Energy(mJ): 26 0.20258 0.0242009 0.0207566 0.0677534 
Latency(us)/Energy(mJ): 45 0.130256 0.0155608 0.0133461 0.0435643 
Latency(us)/Energy(mJ): 45 0.203117 0.024265 0.0208115 0.0679328 
Latency(us)/Energy(mJ): 5396 24.6887 3.60618 2.46124 7.89796 
Latency(us)/Energy(mJ): 27 0.212868 0.0345792 0.0207566 0.066847 
Latency(us)/Energy(mJ): 3849 18.9012 3.15097 1.77254 6.00488 
Latency(us)/Energy(mJ): 35 0.148004 0.024633 0.0134469 0.0471815 
Latency(us)/Energy(mJ): 2897 14.8471 2.63558 1.32636 4.76588 
Latency(us)/Energy(mJ): 35 0.234873 0.0414215 0.0207108 0.0761053 
Latency(us)/Energy(mJ): 40 0.152392 0.0268754 0.0134377 0.0493792 
Latency(us)/Energy(mJ): 2604 13.6582 2.38363 1.19182 4.43677 
Latency(us)/Energy(mJ): 30 0.240983 0.0415864 0.0207932 0.079904 
Latency(us)/Energy(mJ): 0 0 0 0 0 
Latency(us)/Energy(mJ): 13192 80.3583 12.2943 6.14001 29.3325 
Latency(us)/Energy(mJ): 33 0.296627 0.0415959 0.0207752 0.113059 
Latency(us)/Energy(mJ): 0 0.188703 0.0264618 0.0132164 0.071924 
Latency(us)/Energy(mJ): 5793 38.3437 5.28116 2.63769 14.7496 
Latency(us)/Energy(mJ): 36 0.195167 0.0265899 0.0132804 0.0756141 
0.5948 - "n02085620 Chihuahua"
0.0656 - "n02110806 basenji"
0.0383 - "n02113023 Pembroke, Pembroke Welsh corgi"
0.0311 - "n02091244 Ibizan hound, Ibizan Podenco"
0.0298 - "n02389026 sorrel"
