loading weight: /home/nvidia/caffe-build/models/bvlc_alexnet/bvlc_alexnet.caffemodel
loading prototxt: /home/nvidia/caffe-build/models/bvlc_alexnet/deploy.prototxt
---------- Prediction for /home/nvidia/caffe-build/examples/images/cat.jpg ----------
Latency(us)/Energy(mJ): 1 0 0 0 0 
Latency(us)/Energy(mJ): 12476 21.9001 2.35609 4.74669 4.33188 
Latency(us)/Energy(mJ): 67 0.233391 0.035807 0.0448468 0.0471948 
Latency(us)/Energy(mJ): 549 0.975114 0.149602 0.187371 0.197181 
Latency(us)/Energy(mJ): 230 0.649232 0.0977372 0.122412 0.131051 
Latency(us)/Energy(mJ): 9971 22.0446 4.50976 3.80424 4.58666 
Latency(us)/Energy(mJ): 65 0.200147 0.0451807 0.0322599 0.0420561 
Latency(us)/Energy(mJ): 411 0.980514 0.218788 0.156219 0.203657 
Latency(us)/Energy(mJ): 171 0.277276 0.0615785 0.0439682 0.0573198 
Latency(us)/Energy(mJ): 6055 15.016 3.76886 2.33392 3.04266 
Latency(us)/Energy(mJ): 58 0 0 0 0 
Latency(us)/Energy(mJ): 3959 10.3059 2.88253 1.52695 1.99063 
Latency(us)/Energy(mJ): 57 0.214074 0.0619986 0.0309993 0.0404127 
Latency(us)/Energy(mJ): 3877 10.2277 2.96207 1.48103 1.93077 
Latency(us)/Energy(mJ): 55 0 0 0 0 
Latency(us)/Energy(mJ): 85 0.312339 0.0904576 0.0452288 0.0589632 
Latency(us)/Energy(mJ): 6527 16.8635 4.65873 2.49853 3.30652 
Latency(us)/Energy(mJ): 66 0.26676 0.0705888 0.0391932 0.056943 
Latency(us)/Energy(mJ): 2 0 0 0 0 
Latency(us)/Energy(mJ): 33243 93.7212 22.8986 12.714 22.9642 
Latency(us)/Energy(mJ): 72 0 0 0 0 
Latency(us)/Energy(mJ): 2 0.34584 0.0819064 0.0454771 0.0934543 
Latency(us)/Energy(mJ): 14286 42.2046 9.82664 5.45607 11.3381 
Latency(us)/Energy(mJ): 415 1.18629 0.27379 0.152017 0.32035 
0.3094 - "n02124075 Egyptian cat"
0.1761 - "n02123159 tiger cat"
0.1221 - "n02123045 tabby, tabby cat"
0.1132 - "n02119022 red fox, Vulpes vulpes"
0.0421 - "n02085620 Chihuahua"
