loading weight: /home/nvidia/caffe-build/models/bvlc_alexnet/bvlc_alexnet.caffemodel
loading prototxt: /home/nvidia/caffe-build/models/bvlc_alexnet/deploy.prototxt
---------- Prediction for /home/nvidia/Downloads/ILSVRC2012_img_train_t3/n02085620/n02085620_1152.JPEG ----------
Latency(us)/Energy(mJ): 0 0 0 0 0 
Latency(us)/Energy(mJ): 434 1.53911 0.117127 0.122415 0.551151 
Latency(us)/Energy(mJ): 56 0.329618 0.0393265 0.0244976 0.112368 
Latency(us)/Energy(mJ): 108 0.327539 0.0443729 0.0238998 0.109626 
Latency(us)/Energy(mJ): 108 0.540397 0.0824966 0.0381799 0.17663 
Latency(us)/Energy(mJ): 933 4.65312 1.05727 0.29377 1.41433 
Latency(us)/Energy(mJ): 55 0.178986 0.0514904 0.0102846 0.0510521 
Latency(us)/Energy(mJ): 89 0.42831 0.127118 0.0241865 0.12006 
Latency(us)/Energy(mJ): 97 0.686341 0.213096 0.0380823 0.189038 
Latency(us)/Energy(mJ): 740 4.34014 1.46463 0.225901 1.14997 
Latency(us)/Energy(mJ): 63 0.283104 0.101311 0.0139629 0.0745756 
Latency(us)/Energy(mJ): 985 6.6125 2.49151 0.298375 1.7019 
Latency(us)/Energy(mJ): 66 0.577085 0.228979 0.0241072 0.145836 
Latency(us)/Energy(mJ): 587 4.55574 1.84307 0.182744 1.14605 
Latency(us)/Energy(mJ): 57 0.266377 0.110633 0.0102907 0.0665015 
Latency(us)/Energy(mJ): 64 0.628906 0.260484 0.0242292 0.156576 
Latency(us)/Energy(mJ): 891 7.02551 2.85098 0.277227 1.7763 
Latency(us)/Energy(mJ): 62 0.262998 0.105659 0.010309 0.0679042 
Latency(us)/Energy(mJ): 1 0.361081 0.144359 0.0140849 0.093653 
Latency(us)/Energy(mJ): 4496 41.362 16.0533 1.36365 11.6377 
Latency(us)/Energy(mJ): 66 0.827751 0.31585 0.024247 0.244145 
Latency(us)/Energy(mJ): 0 0 0 0 0 
Latency(us)/Energy(mJ): 1949 21.0599 7.96642 0.594521 6.30903 
Latency(us)/Energy(mJ): 79 0.88574 0.333536 0.0242166 0.26889 
0.5948 - "n02085620 Chihuahua"
0.0656 - "n02110806 basenji"
0.0383 - "n02113023 Pembroke, Pembroke Welsh corgi"
0.0311 - "n02091244 Ibizan hound, Ibizan Podenco"
0.0298 - "n02389026 sorrel"
