loading weight: /home/nvidia/caffe-build/models/bvlc_alexnet/bvlc_alexnet.caffemodel
loading prototxt: /home/nvidia/caffe-build/models/bvlc_alexnet/deploy.prototxt
---------- Prediction for /home/nvidia/caffe-build/examples/images/cat.jpg ----------
Latency(us)/Energy(mJ): 0 0 0 0 0 
Latency(us)/Energy(mJ): 2864 9.565 0.560173 1.0789 3.57613 
Latency(us)/Energy(mJ): 166 0 0 0 0 
Latency(us)/Energy(mJ): 685 3.01343 0.316277 0.316277 1.09812 
Latency(us)/Energy(mJ): 405 1.81402 0.186932 0.186932 0.65828 
Latency(us)/Energy(mJ): 2998 11.6052 1.52204 1.14709 4.13558 
Latency(us)/Energy(mJ): 164 0.767318 0.12895 0.0717014 0.266159 
Latency(us)/Energy(mJ): 212 0.304556 0.0511815 0.028459 0.105641 
Latency(us)/Energy(mJ): 134 1.05389 0.177109 0.0984796 0.36556 
Latency(us)/Energy(mJ): 1874 8.10456 1.45144 0.729085 2.74747 
Latency(us)/Energy(mJ): 49 0 0 0 0 
Latency(us)/Energy(mJ): 1596 7.39288 1.53021 0.632042 2.42645 
Latency(us)/Energy(mJ): 43 0 0 0 0 
Latency(us)/Energy(mJ): 1150 5.61208 1.26703 0.464896 1.80346 
Latency(us)/Energy(mJ): 49 0 0 0 0 
Latency(us)/Energy(mJ): 46 0.338389 0.0776094 0.0276606 0.108537 
Latency(us)/Energy(mJ): 1500 6.87058 1.57496 0.561327 2.21247 
Latency(us)/Energy(mJ): 53 0.545907 0.12224 0.0435673 0.179644 
Latency(us)/Energy(mJ): 2 0 0 0 0 
Latency(us)/Energy(mJ): 5176 27.948 6.54028 1.94902 9.55373 
Latency(us)/Energy(mJ): 120 1.14154 0.271875 0.0714375 0.401813 
Latency(us)/Energy(mJ): 4 0 0 0 0 
Latency(us)/Energy(mJ): 2094 13.0094 3.08646 0.78486 4.63216 
Latency(us)/Energy(mJ): 824 5.5485 1.32897 0.322917 1.98708 
0.3094 - "n02124075 Egyptian cat"
0.1761 - "n02123159 tiger cat"
0.1221 - "n02123045 tabby, tabby cat"
0.1132 - "n02119022 red fox, Vulpes vulpes"
0.0421 - "n02085620 Chihuahua"
