loading weight: /home/nvidia/caffe-build/models/bvlc_alexnet/bvlc_alexnet.caffemodel
loading prototxt: /home/nvidia/caffe-build/models/bvlc_alexnet/deploy.prototxt
---------- Prediction for /home/nvidia/Downloads/ILSVRC2012_img_train_t3/n02085620/n02085620_1152.JPEG ----------
Latency(us)/Energy(mJ): 0 0 0 0 0 
Latency(us)/Energy(mJ): 717 2.44182 0.120121 0.161033 0.902909 
Latency(us)/Energy(mJ): 88 0.306355 0.0197398 0.0197398 0.110681 
Latency(us)/Energy(mJ): 163 0.623157 0.039933 0.039933 0.223904 
Latency(us)/Energy(mJ): 158 0.62147 0.0424691 0.0394017 0.220925 
Latency(us)/Energy(mJ): 2978 11.58 1.33344 0.679942 3.99683 
Latency(us)/Energy(mJ): 86 0.357477 0.052937 0.0198406 0.121209 
Latency(us)/Energy(mJ): 132 0.523507 0.0775237 0.0290555 0.177505 
Latency(us)/Energy(mJ): 145 0.696875 0.102501 0.038417 0.234696 
Latency(us)/Energy(mJ): 3409 14.7084 2.60854 0.778554 4.7941 
Latency(us)/Energy(mJ): 95 0.387598 0.0722232 0.0196894 0.126821 
Latency(us)/Energy(mJ): 2971 14.079 2.79795 0.678252 4.63193 
Latency(us)/Energy(mJ): 101 0.652667 0.130428 0.0301089 0.216679 
Latency(us)/Energy(mJ): 2031 10.248 2.14086 0.461843 3.40796 
Latency(us)/Energy(mJ): 101 0.449593 0.0924461 0.0198222 0.149195 
Latency(us)/Energy(mJ): 121 0.686231 0.141104 0.0302555 0.227786 
Latency(us)/Energy(mJ): 1616 8.53222 1.79515 0.374955 2.86627 
Latency(us)/Energy(mJ): 94 0.453009 0.0918053 0.0196848 0.156189 
Latency(us)/Energy(mJ): 2 0 0 0 0 
Latency(us)/Energy(mJ): 9523 59.1496 10.904 2.17709 22.2067 
Latency(us)/Energy(mJ): 95 0.586652 0.0993678 0.0198041 0.231776 
Latency(us)/Energy(mJ): 1 0 0 0 0 
Latency(us)/Energy(mJ): 4144 28.9924 5.05903 0.94977 11.5525 
Latency(us)/Energy(mJ): 118 0.664279 0.114192 0.0213408 0.266854 
0.5948 - "n02085620 Chihuahua"
0.0656 - "n02110806 basenji"
0.0383 - "n02113023 Pembroke, Pembroke Welsh corgi"
0.0311 - "n02091244 Ibizan hound, Ibizan Podenco"
0.0298 - "n02389026 sorrel"
