loading weight: /home/nvidia/caffe-build/models/bvlc_alexnet/bvlc_alexnet.caffemodel
loading prototxt: /home/nvidia/caffe-build/models/bvlc_alexnet/deploy.prototxt
---------- Prediction for /home/nvidia/caffe-build/examples/images/cat.jpg ----------
Latency(us)/Energy(mJ): 3 0 0 0 0 
Latency(us)/Energy(mJ): 2743 10.216 0.531015 1.64179 3.61345 
Latency(us)/Energy(mJ): 39 0.329905 0.0250862 0.0502548 0.113505 
Latency(us)/Energy(mJ): 290 1.2464 0.117977 0.189196 0.4332 
Latency(us)/Energy(mJ): 127 0.353565 0.0332613 0.0533403 0.123791 
Latency(us)/Energy(mJ): 2325 10.0914 1.21484 1.44453 3.42666 
Latency(us)/Energy(mJ): 49 0 0 0 0 
Latency(us)/Energy(mJ): 245 1.42002 0.216405 0.192465 0.470925 
Latency(us)/Energy(mJ): 133 0.380024 0.0579141 0.0515073 0.126029 
Latency(us)/Energy(mJ): 1836 8.7488 1.46057 1.15696 2.85558 
Latency(us)/Energy(mJ): 39 0 0 0 0 
Latency(us)/Energy(mJ): 1626 8.00934 1.54964 1.01756 2.53646 
Latency(us)/Energy(mJ): 38 0 0 0 0 
Latency(us)/Energy(mJ): 1197 5.84826 1.23393 0.723149 1.81965 
Latency(us)/Energy(mJ): 38 0.575845 0.122927 0.0703261 0.178635 
Latency(us)/Energy(mJ): 57 0 0 0 0 
Latency(us)/Energy(mJ): 1629 8.23394 1.76733 1.01108 2.57505 
Latency(us)/Energy(mJ): 39 0 0 0 0 
Latency(us)/Energy(mJ): 3 0 0 0 0 
Latency(us)/Energy(mJ): 5011 29.296 6.41633 3.11747 9.67419 
Latency(us)/Energy(mJ): 39 0 0 0 0 
Latency(us)/Energy(mJ): 1 0 0 0 0 
Latency(us)/Energy(mJ): 2144 14.2278 3.22423 1.32263 4.86684 
Latency(us)/Energy(mJ): 291 2.12104 0.475266 0.190107 0.733312 
0.3094 - "n02124075 Egyptian cat"
0.1761 - "n02123159 tiger cat"
0.1221 - "n02123045 tabby, tabby cat"
0.1132 - "n02119022 red fox, Vulpes vulpes"
0.0421 - "n02085620 Chihuahua"
