loading weight: /home/nvidia/caffe-build/models/bvlc_alexnet/bvlc_alexnet.caffemodel
loading prototxt: /home/nvidia/caffe-build/models/bvlc_alexnet/deploy.prototxt
---------- Prediction for /home/nvidia/caffe-build/examples/images/cat.jpg ----------
Latency(us)/Energy(mJ): 7 0 0 0 0 
Latency(us)/Energy(mJ): 12427 23.7974 2.40494 6.59862 4.23968 
Latency(us)/Energy(mJ): 85 0.234058 0.034587 0.0519372 0.0434322 
Latency(us)/Energy(mJ): 759 1.59207 0.235262 0.353278 0.301216 
Latency(us)/Energy(mJ): 273 0.570376 0.0831735 0.124897 0.109625 
Latency(us)/Energy(mJ): 15353 33.9696 5.67776 7.04796 6.6463 
Latency(us)/Energy(mJ): 68 0.185011 0.0369377 0.0369377 0.035486 
Latency(us)/Energy(mJ): 558 1.33499 0.266533 0.266533 0.256058 
Latency(us)/Energy(mJ): 230 0.441251 0.0880963 0.0880963 0.084634 
Latency(us)/Energy(mJ): 11194 25.8753 5.13759 5.13759 4.9024 
Latency(us)/Energy(mJ): 77 0.262583 0.0515708 0.0515708 0.0474046 
Latency(us)/Energy(mJ): 8753 20.1772 4.4501 4.01838 3.55852 
Latency(us)/Energy(mJ): 75 0 0 0 0 
Latency(us)/Energy(mJ): 6219 14.4369 3.36694 2.88235 2.41035 
Latency(us)/Energy(mJ): 65 0.182717 0.0426127 0.0364797 0.0305059 
Latency(us)/Energy(mJ): 105 0.260828 0.0608295 0.0520746 0.0435471 
Latency(us)/Energy(mJ): 7965 17.9357 3.72943 3.63402 3.13328 
Latency(us)/Energy(mJ): 69 0.185394 0.036411 0.036411 0.03657 
Latency(us)/Energy(mJ): 10 0 0 0 0 
Latency(us)/Energy(mJ): 35892 92.5981 16.4666 16.4666 21.9913 
Latency(us)/Energy(mJ): 72 0.307881 0.0519372 0.0519372 0.0804006 
Latency(us)/Energy(mJ): 8 0 0 0 0 
Latency(us)/Energy(mJ): 15377 42.1385 7.02132 7.02132 11.1547 
Latency(us)/Energy(mJ): 468 1.39905 0.229664 0.229664 0.374583 
0.3094 - "n02124075 Egyptian cat"
0.1761 - "n02123159 tiger cat"
0.1221 - "n02123045 tabby, tabby cat"
0.1132 - "n02119022 red fox, Vulpes vulpes"
0.0421 - "n02085620 Chihuahua"
