loading weight: /home/nvidia/caffe-build/models/bvlc_alexnet/bvlc_alexnet.caffemodel
loading prototxt: /home/nvidia/caffe-build/models/bvlc_alexnet/deploy.prototxt
---------- Prediction for /home/nvidia/caffe-build/examples/images/cat.jpg ----------
Latency(us)/Energy(mJ): 1 0 0 0 0 
Latency(us)/Energy(mJ): 4679 8.74221 0.850517 1.39556 2.07756 
Latency(us)/Energy(mJ): 95 0.463037 0.0724894 0.0648125 0.109863 
Latency(us)/Energy(mJ): 465 0.949 0.164279 0.131165 0.230507 
Latency(us)/Energy(mJ): 231 0.47976 0.0819963 0.0654682 0.116943 
Latency(us)/Energy(mJ): 3221 7.88866 1.63894 0.977632 1.91252 
Latency(us)/Energy(mJ): 90 0.305599 0.0785696 0.034831 0.0743442 
Latency(us)/Energy(mJ): 352 1.16745 0.29584 0.13115 0.27993 
Latency(us)/Energy(mJ): 205 0.2734 0.0692816 0.0307135 0.0655557 
Latency(us)/Energy(mJ): 2302 6.66644 1.78557 0.716232 1.59048 
Latency(us)/Energy(mJ): 88 0.330352 0.09429 0.0342363 0.0774525 
Latency(us)/Energy(mJ): 1900 5.84948 1.76881 0.58836 1.33317 
Latency(us)/Energy(mJ): 88 0.317318 0.100541 0.0308812 0.0717862 
Latency(us)/Energy(mJ): 1674 5.10488 1.64608 0.492834 1.13127 
Latency(us)/Energy(mJ): 88 0.320198 0.106633 0.0304237 0.0707228 
Latency(us)/Energy(mJ): 126 0.372681 0.124111 0.0354105 0.0823149 
Latency(us)/Energy(mJ): 2452 7.86743 2.5153 0.75486 1.79091 
Latency(us)/Energy(mJ): 90 0.375047 0.113301 0.0348005 0.0918505 
Latency(us)/Energy(mJ): 2 0 0 0 0 
Latency(us)/Energy(mJ): 8597 33.3887 10.0258 2.61321 9.48342 
Latency(us)/Energy(mJ): 93 0.437103 0.129151 0.0303475 0.13532 
Latency(us)/Energy(mJ): 1 0 0 0 0 
Latency(us)/Energy(mJ): 3720 17.2902 4.99156 1.14613 5.49409 
Latency(us)/Energy(mJ): 577 3.07142 0.880391 0.195429 0.999401 
0.3094 - "n02124075 Egyptian cat"
0.1761 - "n02123159 tiger cat"
0.1221 - "n02123045 tabby, tabby cat"
0.1132 - "n02119022 red fox, Vulpes vulpes"
0.0421 - "n02085620 Chihuahua"
