loading weight: /home/nvidia/caffe-build/models/bvlc_alexnet/bvlc_alexnet.caffemodel
loading prototxt: /home/nvidia/caffe-build/models/bvlc_alexnet/deploy.prototxt
---------- Prediction for /home/nvidia/Downloads/ILSVRC2012_img_train_t3/n02085620/n02085620_1152.JPEG ----------
Latency(us)/Energy(mJ): 0 0 0 0 0 
Latency(us)/Energy(mJ): 369 1.6559 0.0554405 0.389907 0.510271 
Latency(us)/Energy(mJ): 23 0 0 0 0 
Latency(us)/Energy(mJ): 57 0.38724 0.0129534 0.0911002 0.119223 
Latency(us)/Energy(mJ): 57 0.215022 0.00719264 0.0505851 0.0662007 
Latency(us)/Energy(mJ): 4196 19.9585 1.54905 4.35564 5.9413 
Latency(us)/Energy(mJ): 21 0 0 0 0 
Latency(us)/Energy(mJ): 44 0.225118 0.0244038 0.0453344 0.0665392 
Latency(us)/Energy(mJ): 42 0.193493 0.0209755 0.0389658 0.0571917 
Latency(us)/Energy(mJ): 5401 27.185 3.60416 5.34316 7.73612 
Latency(us)/Energy(mJ): 25 0.203043 0.0302758 0.0363469 0.0577741 
Latency(us)/Energy(mJ): 3879 20.552 3.13113 3.54548 5.93535 
Latency(us)/Energy(mJ): 42 0.213853 0.0328552 0.0358706 0.0630476 
Latency(us)/Energy(mJ): 2891 16.2741 2.64799 2.68644 4.80646 
Latency(us)/Energy(mJ): 39 0.2204 0.0359412 0.0359805 0.0653619 
Latency(us)/Energy(mJ): 46 0.255862 0.041724 0.0417696 0.0758784 
Latency(us)/Energy(mJ): 2571 14.4533 2.33019 2.33274 4.32551 
Latency(us)/Energy(mJ): 27 0.223658 0.0357399 0.035779 0.0687456 
Latency(us)/Energy(mJ): 1 0 0 0 0 
Latency(us)/Energy(mJ): 13192 85.8046 12.0631 12.0659 29.2737 
Latency(us)/Energy(mJ): 27 0.269334 0.035685 0.035685 0.096993 
Latency(us)/Energy(mJ): 0 0 0 0 0 
Latency(us)/Energy(mJ): 5824 41.0844 5.33756 5.33756 14.9099 
Latency(us)/Energy(mJ): 35 0.327354 0.0419802 0.0419802 0.11938 
0.5948 - "n02085620 Chihuahua"
0.0656 - "n02110806 basenji"
0.0383 - "n02113023 Pembroke, Pembroke Welsh corgi"
0.0311 - "n02091244 Ibizan hound, Ibizan Podenco"
0.0298 - "n02389026 sorrel"
