loading weight: /home/nvidia/caffe-build/models/bvlc_alexnet/bvlc_alexnet.caffemodel
loading prototxt: /home/nvidia/caffe-build/models/bvlc_alexnet/deploy.prototxt
---------- Prediction for /home/nvidia/Downloads/ILSVRC2012_img_train_t3/n02085620/n02085620_1152.JPEG ----------
Latency(us)/Energy(mJ): 0 0 0 0 0 
Latency(us)/Energy(mJ): 265 1.00086 0.041172 0.160236 0.339597 
Latency(us)/Energy(mJ): 29 0.197543 0.0138348 0.0311623 0.066906 
Latency(us)/Energy(mJ): 59 0.334275 0.0230824 0.0519922 0.111628 
Latency(us)/Energy(mJ): 57 0.134821 0.0092781 0.0208985 0.0448695 
Latency(us)/Energy(mJ): 1161 5.62962 0.71014 0.805659 1.77529 
Latency(us)/Energy(mJ): 29 0.153203 0.0251197 0.0205688 0.046407 
Latency(us)/Energy(mJ): 52 0.233642 0.0383087 0.0313684 0.070773 
Latency(us)/Energy(mJ): 52 0.390557 0.0690847 0.0518135 0.116901 
Latency(us)/Energy(mJ): 1270 6.99968 1.5133 0.877395 2.01894 
Latency(us)/Energy(mJ): 31 0.167732 0.0399543 0.0199917 0.0473166 
Latency(us)/Energy(mJ): 1098 6.74476 1.75891 0.752741 1.91559 
Latency(us)/Energy(mJ): 42 0.196794 0.0551928 0.0206898 0.055977 
Latency(us)/Energy(mJ): 745 5.0736 1.44247 0.516105 1.43757 
Latency(us)/Energy(mJ): 39 0.315442 0.0935198 0.0311581 0.0895228 
Latency(us)/Energy(mJ): 45 0.212842 0.0627583 0.0209093 0.0600761 
Latency(us)/Energy(mJ): 665 4.82053 1.41801 0.466686 1.37415 
Latency(us)/Energy(mJ): 35 0.326847 0.0972706 0.0312542 0.0949926 
Latency(us)/Energy(mJ): 0 0 0 0 0 
Latency(us)/Energy(mJ): 4752 39.6924 11.2461 3.24684 12.4714 
Latency(us)/Energy(mJ): 34 0.281044 0.077959 0.0206486 0.092708 
Latency(us)/Energy(mJ): 0 0 0 0 0 
Latency(us)/Energy(mJ): 2113 20.335 5.57297 1.44118 6.78889 
Latency(us)/Energy(mJ): 43 0.750601 0.206836 0.0516901 0.253212 
0.5948 - "n02085620 Chihuahua"
0.0656 - "n02110806 basenji"
0.0383 - "n02113023 Pembroke, Pembroke Welsh corgi"
0.0311 - "n02091244 Ibizan hound, Ibizan Podenco"
0.0298 - "n02389026 sorrel"
