loading weight: /home/nvidia/caffe-build/models/bvlc_alexnet/bvlc_alexnet.caffemodel
loading prototxt: /home/nvidia/caffe-build/models/bvlc_alexnet/deploy.prototxt
---------- Prediction for /home/nvidia/Downloads/ILSVRC2012_img_train_t3/n02085620/n02085620_1152.JPEG ----------
Latency(us)/Energy(mJ): 0 0 0 0 0 
Latency(us)/Energy(mJ): 269 0.9556 0.0353856 0.124315 0.34338 
Latency(us)/Energy(mJ): 26 0.186578 0.00687344 0.0241475 0.0666995 
Latency(us)/Energy(mJ): 57 0.310468 0.0148474 0.039815 0.109976 
Latency(us)/Energy(mJ): 53 0.122755 0.00675092 0.0157423 0.043483 
Latency(us)/Energy(mJ): 1980 8.85109 0.840434 1.06752 3.00591 
Latency(us)/Energy(mJ): 26 0 0 0 0 
Latency(us)/Energy(mJ): 47 0.357284 0.0467048 0.040819 0.118482 
Latency(us)/Energy(mJ): 48 0.359508 0.0467659 0.0408724 0.118637 
Latency(us)/Energy(mJ): 2410 11.9009 1.95131 1.29285 3.76055 
Latency(us)/Energy(mJ): 28 0.148086 0.026509 0.015454 0.0459567 
Latency(us)/Energy(mJ): 1844 9.96436 1.97365 0.988455 3.10563 
Latency(us)/Energy(mJ): 34 0 0 0 0 
Latency(us)/Energy(mJ): 1350 7.94875 1.71954 0.735799 2.49885 
Latency(us)/Energy(mJ): 35 0.170883 0.0374574 0.0154219 0.0536013 
Latency(us)/Energy(mJ): 42 0.267685 0.0586763 0.0241582 0.084825 
Latency(us)/Energy(mJ): 1103 6.71755 1.51201 0.595592 2.13427 
Latency(us)/Energy(mJ): 29 0.177742 0.0397072 0.0154433 0.0575508 
Latency(us)/Energy(mJ): 0 0 0 0 0 
Latency(us)/Energy(mJ): 6489 46.2598 9.60656 3.46444 16.3231 
Latency(us)/Energy(mJ): 29 0.226439 0.0461408 0.0153899 0.0838086 
Latency(us)/Energy(mJ): 0 0 0 0 0 
Latency(us)/Energy(mJ): 2908 23.3548 4.62554 1.54062 8.75835 
Latency(us)/Energy(mJ): 38 0.374198 0.072704 0.0242195 0.142591 
0.5948 - "n02085620 Chihuahua"
0.0656 - "n02110806 basenji"
0.0383 - "n02113023 Pembroke, Pembroke Welsh corgi"
0.0311 - "n02091244 Ibizan hound, Ibizan Podenco"
0.0298 - "n02389026 sorrel"
