loading weight: /home/nvidia/caffe-build/models/bvlc_alexnet/bvlc_alexnet.caffemodel
loading prototxt: /home/nvidia/caffe-build/models/bvlc_alexnet/deploy.prototxt
---------- Prediction for /home/nvidia/caffe-build/examples/images/cat.jpg ----------
Latency(us)/Energy(mJ): 0 0 0 0 0 
Latency(us)/Energy(mJ): 5029 11.1784 0.909241 1.88045 3.05634 
Latency(us)/Energy(mJ): 63 0.275338 0.0423256 0.0423256 0.074236 
Latency(us)/Energy(mJ): 1001 2.21908 0.336427 0.336427 0.590069 
Latency(us)/Energy(mJ): 352 1.27534 0.195164 0.195164 0.352521 
Latency(us)/Energy(mJ): 3572 9.74609 1.78212 1.36238 2.58709 
Latency(us)/Energy(mJ): 49 0 0 0 0 
Latency(us)/Energy(mJ): 699 1.1304 0.26089 0.144854 0.290467 
Latency(us)/Energy(mJ): 266 0 0 0 0 
Latency(us)/Energy(mJ): 2479 9.31638 2.22981 1.16823 2.38461 
Latency(us)/Energy(mJ): 49 0.311649 0.08253 0.0375315 0.0771262 
Latency(us)/Energy(mJ): 2051 6.67507 1.8209 0.78988 1.63978 
Latency(us)/Energy(mJ): 55 0.318867 0.0952287 0.0366338 0.0771995 
Latency(us)/Energy(mJ): 1736 5.61503 1.6343 0.63985 1.34838 
Latency(us)/Energy(mJ): 39 0.302689 0.088377 0.033998 0.071645 
Latency(us)/Energy(mJ): 79 0.331597 0.0968175 0.037245 0.0784875 
Latency(us)/Energy(mJ): 7498 24.0165 6.67108 2.86462 5.79873 
Latency(us)/Energy(mJ): 62 0.233776 0.061908 0.0281534 0.0607288 
Latency(us)/Energy(mJ): 2 0 0 0 0 
Latency(us)/Energy(mJ): 8854 33.6884 8.84633 3.36737 9.97911 
Latency(us)/Energy(mJ): 63 0.499519 0.131331 0.0438154 0.160465 
Latency(us)/Energy(mJ): 0 0 0 0 0 
Latency(us)/Energy(mJ): 3762 17.1644 4.51171 1.43715 5.62997 
Latency(us)/Energy(mJ): 359 1.42926 0.368861 0.115005 0.479941 
0.3094 - "n02124075 Egyptian cat"
0.1761 - "n02123159 tiger cat"
0.1221 - "n02123045 tabby, tabby cat"
0.1132 - "n02119022 red fox, Vulpes vulpes"
0.0421 - "n02085620 Chihuahua"
