loading weight: /home/nvidia/caffe-build/models/bvlc_alexnet/bvlc_alexnet.caffemodel
loading prototxt: /home/nvidia/caffe-build/models/bvlc_alexnet/deploy.prototxt
---------- Prediction for /home/nvidia/caffe-build/examples/images/cat.jpg ----------
Latency(us)/Energy(mJ): 2 0 0 0 0 
Latency(us)/Energy(mJ): 12082 18.8983 2.49667 2.76054 3.32998 
Latency(us)/Energy(mJ): 119 0.21809 0.0454007 0.0272166 0.0410033 
Latency(us)/Energy(mJ): 621 1.10838 0.226927 0.136037 0.209226 
Latency(us)/Energy(mJ): 311 0.624271 0.127321 0.0763257 0.121321 
Latency(us)/Energy(mJ): 9575 20.3943 5.23428 2.20319 4.00462 
Latency(us)/Energy(mJ): 115 0.258269 0.076196 0.0253617 0.050945 
Latency(us)/Energy(mJ): 531 1.34895 0.397974 0.132465 0.266087 
Latency(us)/Energy(mJ): 272 0.527382 0.155591 0.0517884 0.104029 
Latency(us)/Energy(mJ): 5977 11.5055 3.46933 1.10039 2.29961 
Latency(us)/Energy(mJ): 121 0 0 0 0 
Latency(us)/Energy(mJ): 4923 15.9292 5.41978 1.90993 2.99952 
Latency(us)/Energy(mJ): 108 0.317088 0.110223 0.036661 0.0575758 
Latency(us)/Energy(mJ): 5305 13.9507 4.84942 1.61295 2.60432 
Latency(us)/Energy(mJ): 108 0.321572 0.111782 0.0371795 0.0607062 
Latency(us)/Energy(mJ): 207 0.260766 0.0906455 0.0301492 0.0492273 
Latency(us)/Energy(mJ): 6224 16.5839 5.49415 1.93728 3.27287 
Latency(us)/Energy(mJ): 116 0.29018 0.0924 0.03355 0.06105 
Latency(us)/Energy(mJ): 6 0.285036 0.090762 0.0329553 0.0599678 
Latency(us)/Energy(mJ): 32777 92.5297 27.3574 9.9765 22.4266 
Latency(us)/Energy(mJ): 119 0.335527 0.088242 0.0352275 0.088473 
Latency(us)/Energy(mJ): 2 0 0 0 0 
Latency(us)/Energy(mJ): 14289 42.2112 10.91 4.35543 11.1386 
Latency(us)/Energy(mJ): 760 2.3696 0.607304 0.242445 0.639895 
0.3094 - "n02124075 Egyptian cat"
0.1761 - "n02123159 tiger cat"
0.1221 - "n02123045 tabby, tabby cat"
0.1132 - "n02119022 red fox, Vulpes vulpes"
0.0421 - "n02085620 Chihuahua"
