loading weight: /home/nvidia/caffe-build/models/bvlc_alexnet/bvlc_alexnet.caffemodel
loading prototxt: /home/nvidia/caffe-build/models/bvlc_alexnet/deploy.prototxt
---------- Prediction for /home/nvidia/Downloads/ILSVRC2012_img_train_t3/n02085620/n02085620_1152.JPEG ----------
Latency(us)/Energy(mJ): 0 0 0 0 0 
Latency(us)/Energy(mJ): 448 1.56021 0.0625845 0.157285 0.559966 
Latency(us)/Energy(mJ): 47 0.301551 0.0180773 0.0301551 0.107358 
Latency(us)/Energy(mJ): 93 0.30639 0.0182879 0.0305065 0.110207 
Latency(us)/Energy(mJ): 89 0.308103 0.0182834 0.0304989 0.110179 
Latency(us)/Energy(mJ): 3001 12.299 1.23634 1.14588 4.18738 
Latency(us)/Energy(mJ): 47 0.346135 0.0424423 0.0303614 0.114213 
Latency(us)/Energy(mJ): 77 0.344568 0.0448434 0.0302238 0.113695 
Latency(us)/Energy(mJ): 81 0.3457 0.0485012 0.0303232 0.114069 
Latency(us)/Energy(mJ): 3703 16.8242 2.76802 1.41408 5.34835 
Latency(us)/Energy(mJ): 47 0.212774 0.0380067 0.0172593 0.0668175 
Latency(us)/Energy(mJ): 2862 14.0851 2.67446 1.08778 4.48329 
Latency(us)/Energy(mJ): 57 0.232516 0.0450765 0.0173126 0.0748851 
Latency(us)/Energy(mJ): 2080 10.8759 2.18014 0.788365 3.50178 
Latency(us)/Energy(mJ): 56 0.419233 0.0837526 0.029878 0.136529 
Latency(us)/Energy(mJ): 67 0.421753 0.0836458 0.0298399 0.136355 
Latency(us)/Energy(mJ): 1653 8.99064 1.83104 0.629496 2.92743 
Latency(us)/Energy(mJ): 50 0.253171 0.0488503 0.0174269 0.0840244 
Latency(us)/Energy(mJ): 1 0 0 0 0 
Latency(us)/Energy(mJ): 9534 61.0851 11.1128 3.6238 22.3237 
Latency(us)/Energy(mJ): 52 0.544953 0.0952088 0.0297332 0.209069 
Latency(us)/Energy(mJ): 0 0 0 0 0 
Latency(us)/Energy(mJ): 4186 30.0256 5.11863 1.59852 11.6488 
Latency(us)/Energy(mJ): 62 0.240796 0.0403088 0.0125882 0.094197 
0.5948 - "n02085620 Chihuahua"
0.0656 - "n02110806 basenji"
0.0383 - "n02113023 Pembroke, Pembroke Welsh corgi"
0.0311 - "n02091244 Ibizan hound, Ibizan Podenco"
0.0298 - "n02389026 sorrel"
