loading weight: /home/nvidia/caffe-build/models/bvlc_alexnet/bvlc_alexnet.caffemodel
loading prototxt: /home/nvidia/caffe-build/models/bvlc_alexnet/deploy.prototxt
---------- Prediction for /home/nvidia/Downloads/ILSVRC2012_img_train_t3/n02085620/n02085620_1152.JPEG ----------
Latency(us)/Energy(mJ): 0 0 0 0 0 
Latency(us)/Energy(mJ): 264 1.00101 0.0343307 0.172331 0.346243 
Latency(us)/Energy(mJ): 23 0.20006 0.00686128 0.0344418 0.0691996 
Latency(us)/Energy(mJ): 48 0.125426 0.0043016 0.0215929 0.0433839 
Latency(us)/Energy(mJ): 46 0.331138 0.0112602 0.056523 0.113565 
Latency(us)/Energy(mJ): 3009 13.9696 1.15361 2.28027 4.64787 
Latency(us)/Energy(mJ): 22 0.221133 0.0241582 0.0345181 0.0719316 
Latency(us)/Energy(mJ): 38 0.137842 0.0150588 0.0215166 0.044838 
Latency(us)/Energy(mJ): 41 0.222208 0.0242756 0.034686 0.0722814 
Latency(us)/Energy(mJ): 3881 19.5724 2.81887 2.96796 6.09723 
Latency(us)/Energy(mJ): 24 0 0 0 0 
Latency(us)/Energy(mJ): 2792 15.1577 2.60633 2.14838 4.63515 
Latency(us)/Energy(mJ): 29 0.156155 0.0277958 0.0213793 0.0477181 
Latency(us)/Energy(mJ): 2086 11.8505 2.18559 1.59157 3.65692 
Latency(us)/Energy(mJ): 27 0.16292 0.0299894 0.021425 0.0499543 
Latency(us)/Energy(mJ): 37 0.262018 0.0482309 0.0344571 0.0803396 
Latency(us)/Energy(mJ): 1854 10.8584 2.07883 1.41396 3.369 
Latency(us)/Energy(mJ): 25 0 0 0 0 
Latency(us)/Energy(mJ): 0 0 0 0 0 
Latency(us)/Energy(mJ): 9571 65.2093 11.2695 7.30697 22.7138 
Latency(us)/Energy(mJ): 24 0.204605 0.0340868 0.0212903 0.0753821 
Latency(us)/Energy(mJ): 0 0 0 0 0 
Latency(us)/Energy(mJ): 4214 31.6482 5.13625 3.20805 11.76 
Latency(us)/Energy(mJ): 32 0.347116 0.0552416 0.0345034 0.129954 
0.5948 - "n02085620 Chihuahua"
0.0656 - "n02110806 basenji"
0.0383 - "n02113023 Pembroke, Pembroke Welsh corgi"
0.0311 - "n02091244 Ibizan hound, Ibizan Podenco"
0.0298 - "n02389026 sorrel"
