loading weight: /home/nvidia/caffe-build/models/bvlc_alexnet/bvlc_alexnet.caffemodel
loading prototxt: /home/nvidia/caffe-build/models/bvlc_alexnet/deploy.prototxt
---------- Prediction for /home/nvidia/Downloads/ILSVRC2012_img_train_t3/n02085620/n02085620_1152.JPEG ----------
Latency(us)/Energy(mJ): 0 0 0 0 0 
Latency(us)/Energy(mJ): 323 1.32864 0.0611309 0.27469 0.4093 
Latency(us)/Energy(mJ): 31 0.20706 0.0137799 0.0413849 0.0623484 
Latency(us)/Energy(mJ): 69 0.340571 0.0259595 0.067729 0.102037 
Latency(us)/Energy(mJ): 59 0.134086 0.0109652 0.0263625 0.0402632 
Latency(us)/Energy(mJ): 1005 5.22899 0.75308 0.946265 1.48695 
Latency(us)/Energy(mJ): 25 0 0 0 0 
Latency(us)/Energy(mJ): 62 0.400672 0.0749407 0.0672161 0.109703 
Latency(us)/Energy(mJ): 54 0.401941 0.080211 0.0669779 0.109314 
Latency(us)/Energy(mJ): 1057 6.10977 1.49013 0.949082 1.57666 
Latency(us)/Energy(mJ): 30 0.27663 0.0746483 0.0406809 0.0706914 
Latency(us)/Energy(mJ): 1052 7.0891 2.0796 0.970065 1.80122 
Latency(us)/Energy(mJ): 45 0.322787 0.100071 0.0413946 0.0822011 
Latency(us)/Energy(mJ): 663 4.90588 1.58918 0.608201 1.24408 
Latency(us)/Energy(mJ): 47 0.218924 0.0722092 0.0262605 0.0554484 
Latency(us)/Energy(mJ): 53 0.564799 0.185932 0.0676185 0.14332 
Latency(us)/Energy(mJ): 718 5.67222 1.87994 0.675508 1.44625 
Latency(us)/Energy(mJ): 36 0.350138 0.113774 0.0413763 0.0917062 
Latency(us)/Energy(mJ): 1 0 0 0 0 
Latency(us)/Energy(mJ): 4623 41.6403 13.249 3.86866 11.9526 
Latency(us)/Energy(mJ): 35 0.456496 0.141177 0.0378944 0.138418 
Latency(us)/Energy(mJ): 1 0 0 0 0 
Latency(us)/Energy(mJ): 2054 21.0812 6.53829 1.69566 6.50118 
Latency(us)/Energy(mJ): 45 0.793166 0.242529 0.0620217 0.248087 
0.5948 - "n02085620 Chihuahua"
0.0656 - "n02110806 basenji"
0.0383 - "n02113023 Pembroke, Pembroke Welsh corgi"
0.0311 - "n02091244 Ibizan hound, Ibizan Podenco"
0.0298 - "n02389026 sorrel"
