loading weight: /home/nvidia/caffe-build/models/bvlc_alexnet/bvlc_alexnet.caffemodel
loading prototxt: /home/nvidia/caffe-build/models/bvlc_alexnet/deploy.prototxt
---------- Prediction for /home/nvidia/caffe-build/examples/images/cat.jpg ----------
Latency(us)/Energy(mJ): 0 0 0 0 0 
Latency(us)/Energy(mJ): 5782 11.2549 0.951421 1.59663 3.08431 
Latency(us)/Energy(mJ): 74 0.267131 0.0349378 0.0349378 0.0723956 
Latency(us)/Energy(mJ): 1333 3.30051 0.425704 0.425704 0.907291 
Latency(us)/Energy(mJ): 480 0.914275 0.131307 0.116708 0.252708 
Latency(us)/Energy(mJ): 4071 10.4233 1.8143 1.25187 2.84924 
Latency(us)/Energy(mJ): 70 0.31453 0.0698068 0.0348463 0.083174 
Latency(us)/Energy(mJ): 940 2.58423 0.551606 0.286807 0.689558 
Latency(us)/Energy(mJ): 381 1.03072 0.223058 0.114192 0.279677 
Latency(us)/Energy(mJ): 2852 8.06767 1.84077 0.87349 2.14983 
Latency(us)/Energy(mJ): 67 0.336399 0.0796704 0.035319 0.0887028 
Latency(us)/Energy(mJ): 2474 7.33914 1.85813 0.758886 1.87904 
Latency(us)/Energy(mJ): 50 0 0 0 0 
Latency(us)/Energy(mJ): 2002 6.24765 1.73044 0.628315 1.57091 
Latency(us)/Energy(mJ): 49 0 0 0 0 
Latency(us)/Energy(mJ): 102 0.342231 0.094038 0.0341448 0.0857537 
Latency(us)/Energy(mJ): 8260 23.998 6.16945 2.52702 6.03264 
Latency(us)/Energy(mJ): 83 0.349181 0.0826976 0.036661 0.094357 
Latency(us)/Energy(mJ): 4 0 0 0 0 
Latency(us)/Energy(mJ): 8953 31.2356 7.33968 2.72513 9.75903 
Latency(us)/Energy(mJ): 57 0.298968 0.068929 0.0229512 0.10234 
Latency(us)/Energy(mJ): 0 0 0 0 0 
Latency(us)/Energy(mJ): 3703 15.5828 3.70372 1.13533 5.41468 
Latency(us)/Energy(mJ): 415 1.68257 0.410496 0.11712 0.5952 
0.3094 - "n02124075 Egyptian cat"
0.1761 - "n02123159 tiger cat"
0.1221 - "n02123045 tabby, tabby cat"
0.1132 - "n02119022 red fox, Vulpes vulpes"
0.0421 - "n02085620 Chihuahua"
