loading weight: /home/nvidia/caffe-build/models/bvlc_alexnet/bvlc_alexnet.caffemodel
loading prototxt: /home/nvidia/caffe-build/models/bvlc_alexnet/deploy.prototxt
---------- Prediction for /home/nvidia/caffe-build/examples/images/cat.jpg ----------
Latency(us)/Energy(mJ): 0 0 0 0 0 
Latency(us)/Energy(mJ): 8552 40.5185 1.79042 12.5409 12.029 
Latency(us)/Energy(mJ): 20 0 0 0 0 
Latency(us)/Energy(mJ): 169 0.903212 0.0572485 0.272353 0.266159 
Latency(us)/Energy(mJ): 70 0.548568 0.03477 0.165414 0.161652 
Latency(us)/Energy(mJ): 12660 61.9732 4.84958 17.5808 18.1622 
Latency(us)/Energy(mJ): 19 0 0 0 0 
Latency(us)/Energy(mJ): 120 0.925595 0.0860582 0.258175 0.270012 
Latency(us)/Energy(mJ): 57 0 0 0 0 
Latency(us)/Energy(mJ): 10862 53.764 5.34445 14.3886 15.4553 
Latency(us)/Energy(mJ): 20 0 0 0 0 
Latency(us)/Energy(mJ): 8111 40.0029 4.36553 10.6113 11.3096 
Latency(us)/Energy(mJ): 20 0 0 0 0 
Latency(us)/Energy(mJ): 4945 24.2437 2.64856 6.43789 6.7454 
Latency(us)/Energy(mJ): 20 0 0 0 0 
Latency(us)/Energy(mJ): 31 0 0 0 0 
Latency(us)/Energy(mJ): 3900 19.2717 2.10393 5.11406 5.47825 
Latency(us)/Energy(mJ): 21 0 0 0 0 
Latency(us)/Energy(mJ): 1 0 0 0 0 
Latency(us)/Energy(mJ): 21761 118.836 12.6034 28.1994 37.4253 
Latency(us)/Energy(mJ): 19 0.609543 0.0645075 0.137158 0.200291 
Latency(us)/Energy(mJ): 0 0 0 0 0 
Latency(us)/Energy(mJ): 9464 55.5774 5.74647 12.2183 18.4772 
Latency(us)/Energy(mJ): 131 1.1141 0.113399 0.241112 0.373473 
0.3094 - "n02124075 Egyptian cat"
0.1761 - "n02123159 tiger cat"
0.1221 - "n02123045 tabby, tabby cat"
0.1132 - "n02119022 red fox, Vulpes vulpes"
0.0421 - "n02085620 Chihuahua"
