loading weight: /home/nvidia/caffe-build/models/bvlc_alexnet/bvlc_alexnet.caffemodel
loading prototxt: /home/nvidia/caffe-build/models/bvlc_alexnet/deploy.prototxt
---------- Prediction for /home/nvidia/Downloads/ILSVRC2012_img_train_t3/n02085620/n02085620_1152.JPEG ----------
Latency(us)/Energy(mJ): 0 0 0 0 0 
Latency(us)/Energy(mJ): 68861 306.685 15.7627 84.7298 82.665 
Latency(us)/Energy(mJ): 894 3.94439 0.205615 1.09721 1.04962 
Latency(us)/Energy(mJ): 79674 350.197 18.2432 97.4933 92.7744 
Latency(us)/Energy(mJ): 6561 28.4927 1.49836 7.86511 7.64881 
Latency(us)/Energy(mJ): 141212 614.797 32.3269 172.274 165.022 
Latency(us)/Energy(mJ): 574 2.59244 0.136319 0.727432 0.695882 
Latency(us)/Energy(mJ): 354091 1568.33 81.0637 485.507 394.602 
Latency(us)/Energy(mJ): 3693 16.2921 0.850703 4.93494 4.19419 
Latency(us)/Energy(mJ): 89217 384.407 20.4246 109.237 102.416 
Latency(us)/Energy(mJ): 203 0.757212 0.0405238 0.216245 0.203504 
Latency(us)/Energy(mJ): 69674 300.887 15.9539 85.134 81.3161 
Latency(us)/Energy(mJ): 201 0.964072 0.0511403 0.272897 0.261061 
Latency(us)/Energy(mJ): 48543 211.165 11.1098 59.2844 56.7132 
Latency(us)/Energy(mJ): 167 0.775538 0.0407803 0.217614 0.208176 
Latency(us)/Energy(mJ): 1028 4.53538 0.238485 1.27262 1.21742 
Latency(us)/Energy(mJ): 137344 681.738 31.4435 216.864 178.642 
Latency(us)/Energy(mJ): 16 0 0 0 0 
Latency(us)/Energy(mJ): 1 0 0 0 0 
Latency(us)/Energy(mJ): 60930 304.824 13.9526 97.7289 80.5036 
Latency(us)/Energy(mJ): 15 0 0 0 0 
Latency(us)/Energy(mJ): 4 0 0 0 0 
Latency(us)/Energy(mJ): 14919 74.6955 3.419 23.9479 19.7376 
Latency(us)/Energy(mJ): 140 0.745847 0.0341393 0.239124 0.197084 
0.5948 - "n02085620 Chihuahua"
0.0656 - "n02110806 basenji"
0.0383 - "n02113023 Pembroke, Pembroke Welsh corgi"
0.0311 - "n02091244 Ibizan hound, Ibizan Podenco"
0.0298 - "n02389026 sorrel"
