loading weight: /home/nvidia/caffe-build/models/bvlc_alexnet/bvlc_alexnet.caffemodel
loading prototxt: /home/nvidia/caffe-build/models/bvlc_alexnet/deploy.prototxt
---------- Prediction for /home/nvidia/caffe-build/examples/images/cat.jpg ----------
Latency(us)/Energy(mJ): 2 0 0 0 0 
Latency(us)/Energy(mJ): 8477 22.5449 1.7824 9.23902 3.55851 
Latency(us)/Energy(mJ): 37 0 0 0 0 
Latency(us)/Energy(mJ): 683 1.86651 0.202428 0.710159 0.305302 
Latency(us)/Energy(mJ): 257 0.864802 0.093269 0.327206 0.142806 
Latency(us)/Energy(mJ): 9921 29.5225 4.58945 10.0249 5.01456 
Latency(us)/Energy(mJ): 36 0 0 0 0 
Latency(us)/Energy(mJ): 528 1.80203 0.355633 0.577976 0.306133 
Latency(us)/Energy(mJ): 167 0.602172 0.11884 0.193138 0.104252 
Latency(us)/Energy(mJ): 5979 18.5939 3.75422 5.88576 3.17701 
Latency(us)/Energy(mJ): 30 0.258084 0.0552348 0.0798372 0.0430944 
Latency(us)/Energy(mJ): 3994 12.8947 2.91843 3.95964 2.11155 
Latency(us)/Energy(mJ): 28 0.263946 0.0613492 0.0797379 0.0415151 
Latency(us)/Energy(mJ): 3879 12.7133 2.96352 3.8518 2.00542 
Latency(us)/Energy(mJ): 36 0 0 0 0 
Latency(us)/Energy(mJ): 51 0.372088 0.0864848 0.112408 0.0585244 
Latency(us)/Energy(mJ): 7255 22.9331 5.16106 6.74441 3.71028 
Latency(us)/Energy(mJ): 38 0 0 0 0 
Latency(us)/Energy(mJ): 6 0 0 0 0 
Latency(us)/Energy(mJ): 33189 111.744 22.7818 30.499 22.9867 
Latency(us)/Energy(mJ): 34 0 0 0 0 
Latency(us)/Energy(mJ): 6 0 0 0 0 
Latency(us)/Energy(mJ): 14417 50.2086 9.8952 13.2277 11.3703 
Latency(us)/Energy(mJ): 232 1.08012 0.211046 0.281395 0.247296 
0.3094 - "n02124075 Egyptian cat"
0.1761 - "n02123159 tiger cat"
0.1221 - "n02123045 tabby, tabby cat"
0.1132 - "n02119022 red fox, Vulpes vulpes"
0.0421 - "n02085620 Chihuahua"
