loading weight: /home/nvidia/caffe-build/models/bvlc_alexnet/bvlc_alexnet.caffemodel
loading prototxt: /home/nvidia/caffe-build/models/bvlc_alexnet/deploy.prototxt
---------- Prediction for /home/nvidia/caffe-build/examples/images/cat.jpg ----------
Latency(us)/Energy(mJ): 1 0 0 0 0 
Latency(us)/Energy(mJ): 12169 20.2665 2.52817 3.72566 3.95417 
Latency(us)/Energy(mJ): 83 0 0 0 0 
Latency(us)/Energy(mJ): 508 1.04618 0.204943 0.163633 0.205479 
Latency(us)/Energy(mJ): 256 0.585487 0.114695 0.0915762 0.11673 
Latency(us)/Energy(mJ): 9753 21.4786 5.32011 2.98653 4.34697 
Latency(us)/Energy(mJ): 82 0.219099 0.0625736 0.0277398 0.0435651 
Latency(us)/Energy(mJ): 434 0.999735 0.28552 0.126575 0.198785 
Latency(us)/Energy(mJ): 211 0.487943 0.139354 0.0617777 0.0970214 
Latency(us)/Energy(mJ): 5822 14.4953 4.34402 1.78437 2.90352 
Latency(us)/Energy(mJ): 69 0 0 0 0 
Latency(us)/Energy(mJ): 3903 10.316 3.43457 1.20204 1.96267 
Latency(us)/Energy(mJ): 68 0.236291 0.0809711 0.0269315 0.0439734 
Latency(us)/Energy(mJ): 3813 10.2891 3.51656 1.16963 1.88896 
Latency(us)/Energy(mJ): 70 0 0 0 0 
Latency(us)/Energy(mJ): 103 0.552972 0.187939 0.0625098 0.0981711 
Latency(us)/Energy(mJ): 6252 16.2964 5.38931 1.89588 3.12386 
Latency(us)/Energy(mJ): 80 0.245202 0.078078 0.0283497 0.0498212 
Latency(us)/Energy(mJ): 3 0 0 0 0 
Latency(us)/Energy(mJ): 32814 94.2016 27.4826 10.0146 22.597 
Latency(us)/Energy(mJ): 82 0.345647 0.0885858 0.0353648 0.0910207 
Latency(us)/Energy(mJ): 2 0 0 0 0 
Latency(us)/Energy(mJ): 14318 42.902 10.9189 4.359 11.3478 
Latency(us)/Energy(mJ): 506 1.50663 0.381274 0.15221 0.401735 
0.3094 - "n02124075 Egyptian cat"
0.1761 - "n02123159 tiger cat"
0.1221 - "n02123045 tabby, tabby cat"
0.1132 - "n02119022 red fox, Vulpes vulpes"
0.0421 - "n02085620 Chihuahua"
