loading weight: /home/nvidia/caffe-build/models/bvlc_alexnet/bvlc_alexnet.caffemodel
loading prototxt: /home/nvidia/caffe-build/models/bvlc_alexnet/deploy.prototxt
---------- Prediction for /home/nvidia/caffe-build/examples/images/cat.jpg ----------
Latency(us)/Energy(mJ): 0 0 0 0 0 
Latency(us)/Energy(mJ): 4978 11.3698 0.946472 1.89151 3.12843 
Latency(us)/Energy(mJ): 35 0 0 0 0 
Latency(us)/Energy(mJ): 258 0.765504 0.0939553 0.117675 0.208649 
Latency(us)/Energy(mJ): 107 0.193954 0.0238053 0.0298151 0.0538545 
Latency(us)/Energy(mJ): 4256 11.5047 1.91081 1.62896 3.12589 
Latency(us)/Energy(mJ): 34 0.220682 0.047047 0.029414 0.058982 
Latency(us)/Energy(mJ): 196 0.560665 0.117923 0.073726 0.147838 
Latency(us)/Energy(mJ): 88 0 0 0 0 
Latency(us)/Energy(mJ): 3105 9.54853 2.07741 1.22616 2.55751 
Latency(us)/Energy(mJ): 33 0 0 0 0 
Latency(us)/Energy(mJ): 2501 7.66639 1.87787 0.943502 1.98827 
Latency(us)/Energy(mJ): 33 0 0 0 0 
Latency(us)/Energy(mJ): 1782 6.00254 1.58579 0.721159 1.51972 
Latency(us)/Energy(mJ): 32 0 0 0 0 
Latency(us)/Energy(mJ): 48 0 0 0 0 
Latency(us)/Energy(mJ): 2172 7.06072 1.85098 0.841756 1.80646 
Latency(us)/Energy(mJ): 37 0.2554 0.065268 0.0296814 0.0684537 
Latency(us)/Energy(mJ): 2 0 0 0 0 
Latency(us)/Energy(mJ): 9215 35.2772 8.54338 3.50573 10.8155 
Latency(us)/Energy(mJ): 36 0.330553 0.076632 0.0295095 0.111008 
Latency(us)/Energy(mJ): 0 0 0 0 0 
Latency(us)/Energy(mJ): 3932 17.7157 4.10573 1.51277 6.04155 
Latency(us)/Energy(mJ): 224 0.877214 0.202843 0.0722947 0.304928 
0.3094 - "n02124075 Egyptian cat"
0.1761 - "n02123159 tiger cat"
0.1221 - "n02123045 tabby, tabby cat"
0.1132 - "n02119022 red fox, Vulpes vulpes"
0.0421 - "n02085620 Chihuahua"
