loading weight: /home/nvidia/caffe-build/models/bvlc_alexnet/bvlc_alexnet.caffemodel
loading prototxt: /home/nvidia/caffe-build/models/bvlc_alexnet/deploy.prototxt
---------- Prediction for /home/nvidia/Downloads/ILSVRC2012_img_train_t3/n02085620/n02085620_1152.JPEG ----------
Latency(us)/Energy(mJ): 0 0 0 0 0 
Latency(us)/Energy(mJ): 89376 383.047 21.7245 94.0315 108.51 
Latency(us)/Energy(mJ): 583 2.4517 0.133612 0.623719 0.682065 
Latency(us)/Energy(mJ): 87178 356.415 19.9602 81.2852 101.893 
Latency(us)/Energy(mJ): 6933 27.9848 1.58235 6.3294 8.07758 
Latency(us)/Energy(mJ): 190149 802.805 43.5356 197.935 225.709 
Latency(us)/Energy(mJ): 378 1.5281 0.0832781 0.361114 0.432028 
Latency(us)/Energy(mJ): 332467 1334.4 76.1182 330.067 372.748 
Latency(us)/Energy(mJ): 3173 12.6104 0.719967 3.12195 3.55267 
Latency(us)/Energy(mJ): 122522 513.147 28.0511 121.636 144.845 
Latency(us)/Energy(mJ): 121 0.610214 0.0332554 0.144203 0.171143 
Latency(us)/Energy(mJ): 93513 392.901 21.4122 92.8487 111.082 
Latency(us)/Energy(mJ): 122 0.497349 0.0271044 0.117531 0.140612 
Latency(us)/Energy(mJ): 63243 266.913 14.4802 62.7897 75.1199 
Latency(us)/Energy(mJ): 81 0.305822 0.0166666 0.0722705 0.0864626 
Latency(us)/Energy(mJ): 763 3.25159 0.177205 0.768403 0.919298 
Latency(us)/Energy(mJ): 167418 727.885 38.3292 154.401 220.134 
Latency(us)/Energy(mJ): 8 0 0 0 0 
Latency(us)/Energy(mJ): 0 0 0 0 0 
Latency(us)/Energy(mJ): 75352 328.018 17.2512 69.0046 99.5896 
Latency(us)/Energy(mJ): 8 0 0 0 0 
Latency(us)/Energy(mJ): 1 0 0 0 0 
Latency(us)/Energy(mJ): 18343 79.8927 4.20102 16.8041 24.2522 
Latency(us)/Energy(mJ): 81 0.317218 0.0166804 0.0667214 0.0962945 
0.5948 - "n02085620 Chihuahua"
0.0656 - "n02110806 basenji"
0.0383 - "n02113023 Pembroke, Pembroke Welsh corgi"
0.0311 - "n02091244 Ibizan hound, Ibizan Podenco"
0.0298 - "n02389026 sorrel"
