loading weight: /home/nvidia/caffe-build/models/bvlc_alexnet/bvlc_alexnet.caffemodel
loading prototxt: /home/nvidia/caffe-build/models/bvlc_alexnet/deploy.prototxt
---------- Prediction for /home/nvidia/caffe-build/examples/images/cat.jpg ----------
Latency(us)/Energy(mJ): 0 0 0 0 0 
Latency(us)/Energy(mJ): 5106 11.5754 0.954099 1.93225 3.14149 
Latency(us)/Energy(mJ): 61 0.203228 0.0307701 0.0307701 0.0539685 
Latency(us)/Energy(mJ): 1048 2.08021 0.314959 0.314959 0.552415 
Latency(us)/Energy(mJ): 342 1.40582 0.212411 0.212411 0.374042 
Latency(us)/Energy(mJ): 3704 10.0735 1.85097 1.41004 2.68463 
Latency(us)/Energy(mJ): 60 0 0 0 0 
Latency(us)/Energy(mJ): 640 1.92974 0.445996 0.247632 0.49656 
Latency(us)/Energy(mJ): 293 0.988018 0.230342 0.127894 0.256457 
Latency(us)/Energy(mJ): 2427 7.63706 1.88059 0.950072 1.95237 
Latency(us)/Energy(mJ): 58 0 0 0 0 
Latency(us)/Energy(mJ): 2082 6.71251 1.85687 0.790167 1.64773 
Latency(us)/Energy(mJ): 42 0.308892 0.091207 0.0350867 0.0739392 
Latency(us)/Energy(mJ): 1817 6.27116 1.8714 0.709126 1.49436 
Latency(us)/Energy(mJ): 31 0 0 0 0 
Latency(us)/Energy(mJ): 86 0.39646 0.123202 0.0440255 0.0927763 
Latency(us)/Energy(mJ): 7472 23.8112 6.72513 2.81809 5.69751 
Latency(us)/Energy(mJ): 60 0.361928 0.09471 0.0430705 0.092906 
Latency(us)/Energy(mJ): 2 0 0 0 0 
Latency(us)/Energy(mJ): 8858 33.9876 8.95243 3.38798 10.0498 
Latency(us)/Energy(mJ): 40 0.319657 0.084043 0.0280388 0.102687 
Latency(us)/Energy(mJ): 0 0 0 0 0 
Latency(us)/Energy(mJ): 3749 16.9793 4.47618 1.42038 5.54543 
Latency(us)/Energy(mJ): 352 1.79159 0.480172 0.14358 0.596193 
0.3094 - "n02124075 Egyptian cat"
0.1761 - "n02123159 tiger cat"
0.1221 - "n02123045 tabby, tabby cat"
0.1132 - "n02119022 red fox, Vulpes vulpes"
0.0421 - "n02085620 Chihuahua"
