loading weight: /home/nvidia/caffe-build/models/bvlc_alexnet/bvlc_alexnet.caffemodel
loading prototxt: /home/nvidia/caffe-build/models/bvlc_alexnet/deploy.prototxt
---------- Prediction for /home/nvidia/caffe-build/examples/images/cat.jpg ----------
Latency(us)/Energy(mJ): 0 0 0 0 0 
Latency(us)/Energy(mJ): 2937 11.2643 0.592484 2.01779 3.95619 
Latency(us)/Energy(mJ): 39 0 0 0 0 
Latency(us)/Energy(mJ): 317 1.06191 0.0998982 0.180131 0.365411 
Latency(us)/Energy(mJ): 158 0.779167 0.0730186 0.131664 0.268118 
Latency(us)/Energy(mJ): 2377 10.4061 1.24495 1.66793 3.50935 
Latency(us)/Energy(mJ): 39 0 0 0 0 
Latency(us)/Energy(mJ): 222 1.36504 0.207371 0.207371 0.447491 
Latency(us)/Energy(mJ): 103 0.339586 0.0513189 0.0513189 0.111676 
Latency(us)/Energy(mJ): 1860 8.68308 1.44753 1.2851 2.81072 
Latency(us)/Energy(mJ): 41 0 0 0 0 
Latency(us)/Energy(mJ): 1584 7.80867 1.52438 1.01672 2.45945 
Latency(us)/Energy(mJ): 39 0.364524 0.073408 0.045214 0.113442 
Latency(us)/Energy(mJ): 1154 5.58294 1.17348 0.687681 1.72539 
Latency(us)/Energy(mJ): 36 0 0 0 0 
Latency(us)/Energy(mJ): 56 0.543826 0.116092 0.0664157 0.166637 
Latency(us)/Energy(mJ): 1886 9.68053 2.06914 1.18375 2.999 
Latency(us)/Energy(mJ): 40 0 0 0 0 
Latency(us)/Energy(mJ): 5 0 0 0 0 
Latency(us)/Energy(mJ): 4968 28.7391 6.28683 3.047 9.47601 
Latency(us)/Energy(mJ): 39 0.472706 0.107518 0.0452315 0.158903 
Latency(us)/Energy(mJ): 1 0 0 0 0 
Latency(us)/Energy(mJ): 2172 14.3153 3.24271 1.32529 4.9019 
Latency(us)/Energy(mJ): 256 1.80935 0.403362 0.161345 0.623778 
0.3094 - "n02124075 Egyptian cat"
0.1761 - "n02123159 tiger cat"
0.1221 - "n02123045 tabby, tabby cat"
0.1132 - "n02119022 red fox, Vulpes vulpes"
0.0421 - "n02085620 Chihuahua"
