loading weight: /home/nvidia/caffe-build/models/bvlc_alexnet/bvlc_alexnet.caffemodel
loading prototxt: /home/nvidia/caffe-build/models/bvlc_alexnet/deploy.prototxt
---------- Prediction for /home/nvidia/caffe-build/examples/images/cat.jpg ----------
Latency(us)/Energy(mJ): 2 0 0 0 0 
Latency(us)/Energy(mJ): 17274 25.9794 3.15622 3.9359 4.72953 
Latency(us)/Energy(mJ): 121 0.383783 0.068015 0.051067 0.076935 
Latency(us)/Energy(mJ): 819 1.41529 0.2501 0.18778 0.2829 
Latency(us)/Energy(mJ): 354 0.583636 0.101199 0.0759822 0.120775 
Latency(us)/Energy(mJ): 15619 29.7363 5.76823 3.58888 6.20345 
Latency(us)/Energy(mJ): 113 0.216692 0.049922 0.024961 0.045889 
Latency(us)/Energy(mJ): 597 1.15117 0.260236 0.130118 0.239212 
Latency(us)/Energy(mJ): 293 0.669897 0.151438 0.0757189 0.139204 
Latency(us)/Energy(mJ): 11354 22.9791 5.19468 2.59734 4.72273 
Latency(us)/Energy(mJ): 112 0.218302 0.0493495 0.0246748 0.0433155 
Latency(us)/Energy(mJ): 8892 18.1086 4.52681 2.04682 3.46109 
Latency(us)/Energy(mJ): 109 0.221746 0.0585557 0.025064 0.0419194 
Latency(us)/Energy(mJ): 6447 12.9504 3.41977 1.46379 2.41899 
Latency(us)/Energy(mJ): 107 0.214655 0.0566832 0.0242626 0.0385658 
Latency(us)/Energy(mJ): 167 0.456964 0.120669 0.0516509 0.0821002 
Latency(us)/Energy(mJ): 7687 15.3809 3.58598 1.76142 3.00286 
Latency(us)/Energy(mJ): 114 0.228794 0.0507693 0.0253846 0.050991 
Latency(us)/Energy(mJ): 3 0 0 0 0 
Latency(us)/Energy(mJ): 36025 83.935 16.5191 8.25955 21.8901 
Latency(us)/Energy(mJ): 117 0.275288 0.051525 0.0257625 0.0797625 
Latency(us)/Energy(mJ): 2 0 0 0 0 
Latency(us)/Energy(mJ): 15384 38.6399 7.06529 3.53265 11.0987 
Latency(us)/Energy(mJ): 732 1.70164 0.308898 0.154449 0.491 
0.3094 - "n02124075 Egyptian cat"
0.1761 - "n02123159 tiger cat"
0.1221 - "n02123045 tabby, tabby cat"
0.1132 - "n02119022 red fox, Vulpes vulpes"
0.0421 - "n02085620 Chihuahua"
