loading weight: /home/nvidia/caffe-build/models/bvlc_alexnet/bvlc_alexnet.caffemodel
loading prototxt: /home/nvidia/caffe-build/models/bvlc_alexnet/deploy.prototxt
---------- Prediction for /home/nvidia/Downloads/ILSVRC2012_img_train_t3/n02085620/n02085620_1152.JPEG ----------
Latency(us)/Energy(mJ): 0 0 0 0 0 
Latency(us)/Energy(mJ): 186 0.711071 0.0369531 0.13958 0.236494 
Latency(us)/Energy(mJ): 19 0.214117 0.0137921 0.0414215 0.0701814 
Latency(us)/Energy(mJ): 45 0.130617 0.0083448 0.0250618 0.0424627 
Latency(us)/Energy(mJ): 40 0.217502 0.0172212 0.0414032 0.0701504 
Latency(us)/Energy(mJ): 986 5.11084 0.72225 0.889234 1.54966 
Latency(us)/Energy(mJ): 18 0.255154 0.0482309 0.0413666 0.0742882 
Latency(us)/Energy(mJ): 35 0.156192 0.0314142 0.0251534 0.0451717 
Latency(us)/Energy(mJ): 36 0.25996 0.0519376 0.0415864 0.074683 
Latency(us)/Energy(mJ): 1085 6.74954 1.70553 0.995517 1.81101 
Latency(us)/Energy(mJ): 21 0.180999 0.0522899 0.0250893 0.0466963 
Latency(us)/Energy(mJ): 938 6.65134 2.04059 0.861729 1.71322 
Latency(us)/Energy(mJ): 29 0 0 0 0 
Latency(us)/Energy(mJ): 654 5.07527 1.70459 0.547118 1.29163 
Latency(us)/Energy(mJ): 28 0.36377 0.127464 0.0378776 0.0925244 
Latency(us)/Energy(mJ): 34 0.220748 0.076986 0.0228774 0.0558831 
Latency(us)/Energy(mJ): 592 4.81732 1.6974 0.489593 1.22373 
Latency(us)/Energy(mJ): 23 0.379925 0.131768 0.038129 0.098371 
Latency(us)/Energy(mJ): 0 0 0 0 0 
Latency(us)/Energy(mJ): 4593 44.3091 15.1752 3.84678 12.3885 
Latency(us)/Energy(mJ): 23 0 0 0 0 
Latency(us)/Energy(mJ): 0 0 0 0 0 
Latency(us)/Energy(mJ): 2028 22.3542 7.4517 1.69715 6.6781 
Latency(us)/Energy(mJ): 30 0.826289 0.271619 0.0609503 0.249409 
0.5948 - "n02085620 Chihuahua"
0.0656 - "n02110806 basenji"
0.0383 - "n02113023 Pembroke, Pembroke Welsh corgi"
0.0311 - "n02091244 Ibizan hound, Ibizan Podenco"
0.0298 - "n02389026 sorrel"
