loading weight: /home/nvidia/caffe-build/models/bvlc_alexnet/bvlc_alexnet.caffemodel
loading prototxt: /home/nvidia/caffe-build/models/bvlc_alexnet/deploy.prototxt
---------- Prediction for /home/nvidia/caffe-build/examples/images/cat.jpg ----------
Latency(us)/Energy(mJ): 2 0 0 0 0 
Latency(us)/Energy(mJ): 18359 29.9446 3.25051 6.98856 4.85934 
Latency(us)/Energy(mJ): 156 0.41315 0.0686708 0.0860073 0.0731738 
Latency(us)/Energy(mJ): 899 1.67702 0.276559 0.346379 0.310628 
Latency(us)/Energy(mJ): 415 0.841071 0.13696 0.171537 0.159132 
Latency(us)/Energy(mJ): 15281 30.8781 5.56363 5.82116 5.98591 
Latency(us)/Energy(mJ): 145 0.228124 0.0487999 0.0407021 0.0448576 
Latency(us)/Energy(mJ): 733 1.70028 0.363721 0.303365 0.334337 
Latency(us)/Energy(mJ): 353 0.951139 0.203466 0.169704 0.187029 
Latency(us)/Energy(mJ): 11459 24.4977 5.20247 4.33918 4.67667 
Latency(us)/Energy(mJ): 148 0.49289 0.1036 0.0864084 0.0888262 
Latency(us)/Energy(mJ): 9090 19.6041 4.32561 3.46082 3.46374 
Latency(us)/Energy(mJ): 141 0.491473 0.120669 0.0861601 0.0821002 
Latency(us)/Energy(mJ): 6513 13.8481 3.45725 2.46854 2.35222 
Latency(us)/Energy(mJ): 138 0.224805 0.056175 0.04011 0.03822 
Latency(us)/Energy(mJ): 223 0.483652 0.120856 0.0862938 0.0822276 
Latency(us)/Energy(mJ): 8074 17.3103 3.77398 3.11861 3.09823 
Latency(us)/Energy(mJ): 147 0.255379 0.0536776 0.0447704 0.051568 
Latency(us)/Energy(mJ): 4 0 0 0 0 
Latency(us)/Energy(mJ): 39683 98.4539 18.2058 15.1848 24.0892 
Latency(us)/Energy(mJ): 151 0.29835 0.0525555 0.0438345 0.0791775 
Latency(us)/Energy(mJ): 2 0 0 0 0 
Latency(us)/Energy(mJ): 15289 40.4517 6.99742 5.83627 10.9394 
Latency(us)/Energy(mJ): 953 2.71507 0.464687 0.387577 0.738629 
0.3094 - "n02124075 Egyptian cat"
0.1761 - "n02123159 tiger cat"
0.1221 - "n02123045 tabby, tabby cat"
0.1132 - "n02119022 red fox, Vulpes vulpes"
0.0421 - "n02085620 Chihuahua"
