loading weight: /home/nvidia/caffe-build/models/bvlc_alexnet/bvlc_alexnet.caffemodel
loading prototxt: /home/nvidia/caffe-build/models/bvlc_alexnet/deploy.prototxt
---------- Prediction for /home/nvidia/caffe-build/examples/images/cat.jpg ----------
Latency(us)/Energy(mJ): 1 0 0 0 0 
Latency(us)/Energy(mJ): 12559 22.227 2.55478 4.77876 4.35231 
Latency(us)/Energy(mJ): 65 0.183657 0.0346283 0.0346283 0.0364413 
Latency(us)/Energy(mJ): 765 1.65636 0.307968 0.307968 0.324092 
Latency(us)/Energy(mJ): 245 0.412078 0.0762663 0.0762663 0.0840526 
Latency(us)/Energy(mJ): 9823 22.4653 5.27865 3.74278 4.48837 
Latency(us)/Energy(mJ): 77 0.282793 0.0782944 0.0434716 0.0566724 
Latency(us)/Energy(mJ): 478 1.24214 0.342865 0.19037 0.248178 
Latency(us)/Energy(mJ): 202 0.501951 0.136878 0.0759989 0.0990771 
Latency(us)/Energy(mJ): 5724 14.6658 4.20667 2.1736 2.85033 
Latency(us)/Energy(mJ): 63 0.306536 0.096222 0.0437581 0.0570459 
Latency(us)/Energy(mJ): 3886 10.7366 3.45072 1.50835 1.96638 
Latency(us)/Energy(mJ): 59 0 0 0 0 
Latency(us)/Energy(mJ): 3807 10.8302 3.55961 1.48285 1.93314 
Latency(us)/Energy(mJ): 57 0 0 0 0 
Latency(us)/Energy(mJ): 97 0.329499 0.108298 0.0451142 0.0588138 
Latency(us)/Energy(mJ): 7007 18.7062 5.85692 2.65293 3.46775 
Latency(us)/Energy(mJ): 75 0.321456 0.099456 0.0452288 0.0634624 
Latency(us)/Energy(mJ): 2 0.229553 0.071022 0.0322981 0.0453188 
Latency(us)/Energy(mJ): 33013 96.9396 27.5107 12.6089 22.7406 
Latency(us)/Energy(mJ): 77 0 0 0 0 
Latency(us)/Energy(mJ): 2 0 0 0 0 
Latency(us)/Energy(mJ): 14222 44.0139 10.9419 5.45634 11.2844 
Latency(us)/Energy(mJ): 452 1.22416 0.302086 0.151043 0.318297 
0.3094 - "n02124075 Egyptian cat"
0.1761 - "n02123159 tiger cat"
0.1221 - "n02123045 tabby, tabby cat"
0.1132 - "n02119022 red fox, Vulpes vulpes"
0.0421 - "n02085620 Chihuahua"
