loading weight: /home/nvidia/caffe-build/models/bvlc_alexnet/bvlc_alexnet.caffemodel
loading prototxt: /home/nvidia/caffe-build/models/bvlc_alexnet/deploy.prototxt
---------- Prediction for /home/nvidia/caffe-build/examples/images/cat.jpg ----------
Latency(us)/Energy(mJ): 0 0 0 0 0 
Latency(us)/Energy(mJ): 3171 9.35324 0.638375 3.35579 1.93562 
Latency(us)/Energy(mJ): 26 0.238059 0.0286691 0.0803035 0.0502835 
Latency(us)/Energy(mJ): 311 0.96621 0.114982 0.32207 0.20167 
Latency(us)/Energy(mJ): 137 0.240429 0.0286118 0.080143 0.050183 
Latency(us)/Energy(mJ): 3276 11.3554 1.67495 3.32628 2.41453 
Latency(us)/Energy(mJ): 25 0.271599 0.0513876 0.0742764 0.0572968 
Latency(us)/Energy(mJ): 199 0.690689 0.129328 0.186932 0.147776 
Latency(us)/Energy(mJ): 89 0.416615 0.0780088 0.112755 0.0891368 
Latency(us)/Energy(mJ): 2382 8.77817 1.78156 2.31662 1.8592 
Latency(us)/Energy(mJ): 36 0 0 0 0 
Latency(us)/Energy(mJ): 1672 6.69041 1.56546 1.68145 1.38599 
Latency(us)/Energy(mJ): 32 0.459068 0.112443 0.112557 0.0934004 
Latency(us)/Energy(mJ): 1450 5.66312 1.45252 1.38151 1.14639 
Latency(us)/Energy(mJ): 37 0.466238 0.120797 0.112209 0.093112 
Latency(us)/Energy(mJ): 35 0 0 0 0 
Latency(us)/Energy(mJ): 2245 9.2252 2.3906 2.24224 1.89211 
Latency(us)/Energy(mJ): 24 0 0 0 0 
Latency(us)/Energy(mJ): 3 0 0 0 0 
Latency(us)/Energy(mJ): 8690 41.2696 10.3906 8.3586 10.4468 
Latency(us)/Energy(mJ): 24 0 0 0 0 
Latency(us)/Energy(mJ): 1 0 0 0 0 
Latency(us)/Energy(mJ): 3753 20.117 5.02762 3.43862 5.78151 
Latency(us)/Energy(mJ): 192 1.03555 0.258037 0.172025 0.305926 
0.3094 - "n02124075 Egyptian cat"
0.1761 - "n02123159 tiger cat"
0.1221 - "n02123045 tabby, tabby cat"
0.1132 - "n02119022 red fox, Vulpes vulpes"
0.0421 - "n02085620 Chihuahua"
