loading weight: /home/nvidia/caffe-build/models/bvlc_alexnet/bvlc_alexnet.caffemodel
loading prototxt: /home/nvidia/caffe-build/models/bvlc_alexnet/deploy.prototxt
---------- Prediction for /home/nvidia/caffe-build/examples/images/cat.jpg ----------
Latency(us)/Energy(mJ): 1 0 0 0 0 
Latency(us)/Energy(mJ): 3682 13.2698 0.696088 1.96301 4.77079 
Latency(us)/Energy(mJ): 58 0.279433 0.0279433 0.0390621 0.0980942 
Latency(us)/Energy(mJ): 455 1.43883 0.142429 0.199102 0.505684 
Latency(us)/Energy(mJ): 205 1.16519 0.114638 0.160253 0.410405 
Latency(us)/Energy(mJ): 2322 9.5118 1.1774 1.23327 3.25579 
Latency(us)/Energy(mJ): 73 0.495163 0.0781119 0.0607158 0.163387 
Latency(us)/Energy(mJ): 301 1.13268 0.178242 0.138546 0.377759 
Latency(us)/Energy(mJ): 190 0.819075 0.128091 0.0995643 0.271471 
Latency(us)/Energy(mJ): 1790 8.37521 1.42228 0.994976 2.73768 
Latency(us)/Energy(mJ): 62 0 0 0 0 
Latency(us)/Energy(mJ): 1703 8.33832 1.60544 0.9557 2.65324 
Latency(us)/Energy(mJ): 70 0.349695 0.072664 0.0391155 0.109509 
Latency(us)/Energy(mJ): 1234 5.91372 1.24948 0.657354 1.84034 
Latency(us)/Energy(mJ): 68 0.35502 0.0781776 0.0390888 0.109434 
Latency(us)/Energy(mJ): 88 0.54902 0.120898 0.0604488 0.169234 
Latency(us)/Energy(mJ): 2085 9.87898 2.08079 1.09425 3.08178 
Latency(us)/Energy(mJ): 77 0.360091 0.0780708 0.0390354 0.114694 
Latency(us)/Energy(mJ): 4 0 0 0 0 
Latency(us)/Energy(mJ): 4950 27.8022 6.0828 2.64843 9.22524 
Latency(us)/Energy(mJ): 59 0.45205 0.100366 0.0390354 0.155264 
Latency(us)/Energy(mJ): 5 0 0 0 0 
Latency(us)/Energy(mJ): 2147 13.899 3.16334 1.15488 4.81263 
Latency(us)/Energy(mJ): 432 2.98094 0.679769 0.23803 1.04038 
0.3094 - "n02124075 Egyptian cat"
0.1761 - "n02123159 tiger cat"
0.1221 - "n02123045 tabby, tabby cat"
0.1132 - "n02119022 red fox, Vulpes vulpes"
0.0421 - "n02085620 Chihuahua"
