loading weight: /home/nvidia/caffe-build/models/bvlc_alexnet/bvlc_alexnet.caffemodel
loading prototxt: /home/nvidia/caffe-build/models/bvlc_alexnet/deploy.prototxt
---------- Prediction for /home/nvidia/Downloads/ILSVRC2012_img_train_t3/n02085620/n02085620_1152.JPEG ----------
Latency(us)/Energy(mJ): 0 0 0 0 0 
Latency(us)/Energy(mJ): 436 1.49615 0.061183 0.122769 0.551162 
Latency(us)/Energy(mJ): 47 0.295701 0.014452 0.0240889 0.108992 
Latency(us)/Energy(mJ): 94 0.301932 0.0183887 0.0244915 0.110814 
Latency(us)/Energy(mJ): 89 0.30014 0.0181734 0.0242048 0.109517 
Latency(us)/Energy(mJ): 2997 12.0175 1.2228 0.912462 4.1775 
Latency(us)/Energy(mJ): 47 0.332155 0.0418229 0.0238876 0.112546 
Latency(us)/Energy(mJ): 77 0.336651 0.0423889 0.0242109 0.114069 
Latency(us)/Energy(mJ): 78 0.333157 0.0478169 0.0238693 0.11246 
Latency(us)/Energy(mJ): 3704 16.4158 2.75537 1.12859 5.32845 
Latency(us)/Energy(mJ): 49 0.204263 0.0374304 0.0135908 0.065726 
Latency(us)/Energy(mJ): 2858 13.9023 2.67652 0.876027 4.50163 
Latency(us)/Energy(mJ): 57 0.223518 0.0439853 0.0135237 0.0730723 
Latency(us)/Energy(mJ): 2077 10.7599 2.19106 0.636023 3.53237 
Latency(us)/Energy(mJ): 57 0.239574 0.0485513 0.0138653 0.0792822 
Latency(us)/Energy(mJ): 68 0.413379 0.0837739 0.0239242 0.136799 
Latency(us)/Energy(mJ): 1659 8.87725 1.8505 0.50763 2.94274 
Latency(us)/Energy(mJ): 50 0.183406 0.0361198 0.0103151 0.0621273 
Latency(us)/Energy(mJ): 1 0 0 0 0 
Latency(us)/Energy(mJ): 9536 60.3567 11.1825 2.9124 22.4099 
Latency(us)/Energy(mJ): 51 0.226781 0.0402844 0.0100711 0.0884606 
Latency(us)/Energy(mJ): 0 0 0 0 0 
Latency(us)/Energy(mJ): 4189 29.7601 5.14196 1.28549 11.716 
Latency(us)/Energy(mJ): 61 0.560661 0.0948428 0.0237107 0.221637 
0.5948 - "n02085620 Chihuahua"
0.0656 - "n02110806 basenji"
0.0383 - "n02113023 Pembroke, Pembroke Welsh corgi"
0.0311 - "n02091244 Ibizan hound, Ibizan Podenco"
0.0298 - "n02389026 sorrel"
