loading weight: /home/nvidia/caffe-build/models/bvlc_alexnet/bvlc_alexnet.caffemodel
loading prototxt: /home/nvidia/caffe-build/models/bvlc_alexnet/deploy.prototxt
---------- Prediction for /home/nvidia/caffe-build/examples/images/cat.jpg ----------
Latency(us)/Energy(mJ): 6 0 0 0 0 
Latency(us)/Energy(mJ): 7994 21.3101 1.70865 8.92087 3.37152 
Latency(us)/Energy(mJ): 86 0.230454 0.025193 0.088382 0.037996 
Latency(us)/Energy(mJ): 669 1.9634 0.21382 0.750124 0.322483 
Latency(us)/Energy(mJ): 370 1.10009 0.127411 0.41623 0.184796 
Latency(us)/Energy(mJ): 9786 28.9472 4.5507 10.0176 4.94637 
Latency(us)/Energy(mJ): 36 0 0 0 0 
Latency(us)/Energy(mJ): 485 1.5028 0.296579 0.482002 0.256506 
Latency(us)/Energy(mJ): 168 0.606661 0.119725 0.194578 0.105029 
Latency(us)/Energy(mJ): 6022 18.9439 3.85533 6.03406 3.25706 
Latency(us)/Energy(mJ): 35 0 0 0 0 
Latency(us)/Energy(mJ): 4034 12.827 2.91454 3.75795 2.12894 
Latency(us)/Energy(mJ): 37 0.353816 0.0831996 0.0998613 0.0563013 
Latency(us)/Energy(mJ): 3891 12.7213 2.99244 3.59171 2.02499 
Latency(us)/Energy(mJ): 40 0.26853 0.0631446 0.07579 0.0427301 
Latency(us)/Energy(mJ): 58 0 0 0 0 
Latency(us)/Energy(mJ): 7349 23.2126 5.28414 6.8322 3.79758 
Latency(us)/Energy(mJ): 36 0 0 0 0 
Latency(us)/Energy(mJ): 3 0 0 0 0 
Latency(us)/Energy(mJ): 33205 110.049 22.8085 28.6378 23.0245 
Latency(us)/Energy(mJ): 36 0.280242 0.0566088 0.069216 0.0631184 
Latency(us)/Energy(mJ): 2 0 0 0 0 
Latency(us)/Energy(mJ): 14428 49.3866 9.85931 12.055 11.3541 
Latency(us)/Energy(mJ): 223 1.07435 0.212214 0.259476 0.248665 
0.3094 - "n02124075 Egyptian cat"
0.1761 - "n02123159 tiger cat"
0.1221 - "n02123045 tabby, tabby cat"
0.1132 - "n02119022 red fox, Vulpes vulpes"
0.0421 - "n02085620 Chihuahua"
