loading weight: /home/nvidia/caffe-build/models/bvlc_alexnet/bvlc_alexnet.caffemodel
loading prototxt: /home/nvidia/caffe-build/models/bvlc_alexnet/deploy.prototxt
---------- Prediction for /home/nvidia/Downloads/ILSVRC2012_img_train_t3/n02085620/n02085620_1152.JPEG ----------
Latency(us)/Energy(mJ): 0 0 0 0 0 
Latency(us)/Energy(mJ): 317 1.33149 0.0463357 0.279233 0.420679 
Latency(us)/Energy(mJ): 24 0 0 0 0 
Latency(us)/Energy(mJ): 63 0.327806 0.0113422 0.0683519 0.102976 
Latency(us)/Energy(mJ): 54 0.326912 0.0169826 0.0679306 0.102341 
Latency(us)/Energy(mJ): 3008 13.8789 1.18807 2.7474 4.23363 
Latency(us)/Energy(mJ): 25 0.21731 0.0241154 0.0413666 0.065753 
Latency(us)/Energy(mJ): 44 0.144918 0.0159559 0.0273701 0.0435053 
Latency(us)/Energy(mJ): 44 0.219123 0.0241261 0.0413849 0.0657821 
Latency(us)/Energy(mJ): 3846 19.2989 2.82311 3.27684 5.58977 
Latency(us)/Energy(mJ): 27 0 0 0 0 
Latency(us)/Energy(mJ): 2886 15.778 2.72367 2.45489 4.59618 
Latency(us)/Energy(mJ): 44 0.249559 0.0444218 0.0375704 0.0737974 
Latency(us)/Energy(mJ): 2056 11.7262 2.165 1.7249 3.48049 
Latency(us)/Energy(mJ): 44 0.262366 0.048295 0.0379396 0.0778688 
Latency(us)/Energy(mJ): 50 0.172668 0.0317837 0.0249686 0.0518122 
Latency(us)/Energy(mJ): 1742 10.3789 1.97241 1.48412 3.12498 
Latency(us)/Energy(mJ): 31 0.178412 0.0319973 0.0251364 0.0550365 
Latency(us)/Energy(mJ): 1 0 0 0 0 
Latency(us)/Energy(mJ): 9555 65.0786 11.1769 7.6913 22.2875 
Latency(us)/Energy(mJ): 31 0.332864 0.0551684 0.0344576 0.121144 
Latency(us)/Energy(mJ): 0 0 0 0 0 
Latency(us)/Energy(mJ): 4203 31.7381 5.12278 3.19964 11.662 
Latency(us)/Energy(mJ): 39 0.229147 0.0362828 0.0226619 0.0847887 
0.5948 - "n02085620 Chihuahua"
0.0656 - "n02110806 basenji"
0.0383 - "n02113023 Pembroke, Pembroke Welsh corgi"
0.0311 - "n02091244 Ibizan hound, Ibizan Podenco"
0.0298 - "n02389026 sorrel"
