loading weight: /home/nvidia/caffe-build/models/bvlc_alexnet/bvlc_alexnet.caffemodel
loading prototxt: /home/nvidia/caffe-build/models/bvlc_alexnet/deploy.prototxt
---------- Prediction for /home/nvidia/Downloads/ILSVRC2012_img_train_t3/n02085620/n02085620_1152.JPEG ----------
Latency(us)/Energy(mJ): 0 0 0 0 0 
Latency(us)/Energy(mJ): 280 1.30876 0.0744927 0.331284 0.375505 
Latency(us)/Energy(mJ): 26 0.138098 0.0105994 0.033996 0.0389202 
Latency(us)/Energy(mJ): 66 0.367791 0.0334157 0.0891571 0.102071 
Latency(us)/Energy(mJ): 59 0.2318 0.0241902 0.0553566 0.0633747 
Latency(us)/Energy(mJ): 940 5.31981 0.875273 1.15936 1.38479 
Latency(us)/Energy(mJ): 23 0.167662 0.0360566 0.0339438 0.0420892 
Latency(us)/Energy(mJ): 50 0.276692 0.0621969 0.0553113 0.0685842 
Latency(us)/Energy(mJ): 51 0.170736 0.0381419 0.0339194 0.0420589 
Latency(us)/Energy(mJ): 965 6.59874 1.79918 1.21338 1.53085 
Latency(us)/Energy(mJ): 30 0.195817 0.0592526 0.0338428 0.0446614 
Latency(us)/Energy(mJ): 961 7.19344 2.32663 1.15754 1.63041 
Latency(us)/Energy(mJ): 44 0.591012 0.205747 0.0890112 0.133125 
Latency(us)/Energy(mJ): 617 4.90641 1.75385 0.712041 1.10565 
Latency(us)/Energy(mJ): 41 0.633047 0.233737 0.0890114 0.143019 
Latency(us)/Energy(mJ): 46 0.394117 0.144448 0.0550257 0.0889709 
Latency(us)/Energy(mJ): 733 6.39008 2.35843 0.880862 1.45021 
Latency(us)/Energy(mJ): 32 0.243954 0.089024 0.0317983 0.0569475 
Latency(us)/Energy(mJ): 1 0 0 0 0 
Latency(us)/Energy(mJ): 4520 45.9247 16.4666 5.16505 11.8138 
Latency(us)/Energy(mJ): 31 1.66395 0.58891 0.168161 0.455418 
Latency(us)/Energy(mJ): 0 0 0 0 0 
Latency(us)/Energy(mJ): 1905 22.1749 7.81523 2.11641 6.16845 
Latency(us)/Energy(mJ): 40 0.540469 0.189246 0.0481593 0.15316 
0.5948 - "n02085620 Chihuahua"
0.0656 - "n02110806 basenji"
0.0383 - "n02113023 Pembroke, Pembroke Welsh corgi"
0.0311 - "n02091244 Ibizan hound, Ibizan Podenco"
0.0298 - "n02389026 sorrel"
