loading weight: /home/nvidia/caffe-build/models/bvlc_alexnet/bvlc_alexnet.caffemodel
loading prototxt: /home/nvidia/caffe-build/models/bvlc_alexnet/deploy.prototxt
---------- Prediction for /home/nvidia/caffe-build/examples/images/cat.jpg ----------
Latency(us)/Energy(mJ): 0 0 0 0 0 
Latency(us)/Energy(mJ): 2996 11.0341 0.616953 5.07634 1.97657 
Latency(us)/Energy(mJ): 20 0 0 0 0 
Latency(us)/Energy(mJ): 274 1.02658 0.100163 0.441599 0.189825 
Latency(us)/Energy(mJ): 105 0.742928 0.0719328 0.317373 0.137446 
Latency(us)/Energy(mJ): 3258 13.2025 1.68453 5.31523 2.47261 
Latency(us)/Energy(mJ): 19 0 0 0 0 
Latency(us)/Energy(mJ): 221 1.30524 0.207027 0.483365 0.242587 
Latency(us)/Energy(mJ): 90 0.322696 0.0513532 0.119899 0.0601738 
Latency(us)/Energy(mJ): 2351 10.4968 1.86025 3.80036 1.95446 
Latency(us)/Energy(mJ): 18 0 0 0 0 
Latency(us)/Energy(mJ): 1658 7.78389 1.60874 2.71694 1.4136 
Latency(us)/Energy(mJ): 21 0 0 0 0 
Latency(us)/Energy(mJ): 1421 6.54182 1.46557 2.20102 1.17198 
Latency(us)/Energy(mJ): 21 0 0 0 0 
Latency(us)/Energy(mJ): 29 0.536712 0.121058 0.173085 0.0955541 
Latency(us)/Energy(mJ): 2236 10.0823 2.29104 3.27335 1.84355 
Latency(us)/Energy(mJ): 19 0.539939 0.120791 0.172704 0.104052 
Latency(us)/Energy(mJ): 2 0 0 0 0 
Latency(us)/Energy(mJ): 8704 46.0841 10.4272 12.9145 10.5727 
Latency(us)/Energy(mJ): 19 0 0 0 0 
Latency(us)/Energy(mJ): 2 0 0 0 0 
Latency(us)/Energy(mJ): 3765 22.0014 5.03317 5.42967 5.79816 
Latency(us)/Energy(mJ): 138 1.1287 0.256957 0.271367 0.304306 
0.3094 - "n02124075 Egyptian cat"
0.1761 - "n02123159 tiger cat"
0.1221 - "n02123045 tabby, tabby cat"
0.1132 - "n02119022 red fox, Vulpes vulpes"
0.0421 - "n02085620 Chihuahua"
