loading weight: /home/nvidia/caffe-build/models/bvlc_alexnet/bvlc_alexnet.caffemodel
loading prototxt: /home/nvidia/caffe-build/models/bvlc_alexnet/deploy.prototxt
---------- Prediction for /home/nvidia/caffe-build/examples/images/cat.jpg ----------
Latency(us)/Energy(mJ): 3 0 0 0 0 
Latency(us)/Energy(mJ): 3107 11.4911 0.588159 2.07515 4.05225 
Latency(us)/Energy(mJ): 54 0.454446 0.0431673 0.0778371 0.156354 
Latency(us)/Energy(mJ): 290 1.05362 0.0993838 0.179204 0.364929 
Latency(us)/Energy(mJ): 154 0.759173 0.0714184 0.128778 0.262243 
Latency(us)/Energy(mJ): 2407 10.3821 1.23257 1.59959 3.52549 
Latency(us)/Energy(mJ): 52 0 0 0 0 
Latency(us)/Energy(mJ): 246 1.36254 0.207646 0.184675 0.451864 
Latency(us)/Energy(mJ): 111 0.33269 0.0507006 0.0450918 0.110331 
Latency(us)/Energy(mJ): 1847 8.63304 1.4276 1.14288 2.82266 
Latency(us)/Energy(mJ): 49 0.536475 0.095172 0.0692263 0.171536 
Latency(us)/Energy(mJ): 1613 7.5541 1.4729 0.959789 2.39247 
Latency(us)/Energy(mJ): 52 0 0 0 0 
Latency(us)/Energy(mJ): 1234 6.46876 1.36025 0.799371 2.00562 
Latency(us)/Energy(mJ): 34 0 0 0 0 
Latency(us)/Energy(mJ): 65 0.576095 0.12298 0.0703566 0.176525 
Latency(us)/Energy(mJ): 1709 8.44736 1.81117 1.03616 2.62987 
Latency(us)/Energy(mJ): 38 0.382195 0.080367 0.0459777 0.122582 
Latency(us)/Energy(mJ): 3 0 0 0 0 
Latency(us)/Energy(mJ): 4929 27.9691 6.19949 2.9766 9.26295 
Latency(us)/Energy(mJ): 51 0.717348 0.16414 0.069052 0.244738 
Latency(us)/Energy(mJ): 1 0 0 0 0 
Latency(us)/Energy(mJ): 2139 14.0221 3.19104 1.30467 4.83629 
Latency(us)/Energy(mJ): 275 2.04904 0.467822 0.183641 0.71194 
0.3094 - "n02124075 Egyptian cat"
0.1761 - "n02123159 tiger cat"
0.1221 - "n02123045 tabby, tabby cat"
0.1132 - "n02119022 red fox, Vulpes vulpes"
0.0421 - "n02085620 Chihuahua"
