loading weight: /home/nvidia/caffe-build/models/bvlc_alexnet/bvlc_alexnet.caffemodel
loading prototxt: /home/nvidia/caffe-build/models/bvlc_alexnet/deploy.prototxt
---------- Prediction for /home/nvidia/caffe-build/examples/images/cat.jpg ----------
Latency(us)/Energy(mJ): 0 0 0 0 0 
Latency(us)/Energy(mJ): 4340 9.82477 0.803944 1.63769 2.71848 
Latency(us)/Energy(mJ): 38 0.187964 0.0227225 0.028459 0.051405 
Latency(us)/Energy(mJ): 283 0.778931 0.117274 0.117274 0.21183 
Latency(us)/Energy(mJ): 129 0.197402 0.0294331 0.0294331 0.0531645 
Latency(us)/Energy(mJ): 3218 8.85448 1.62331 1.2174 2.36904 
Latency(us)/Energy(mJ): 40 0.338194 0.0780536 0.0433379 0.0890583 
Latency(us)/Energy(mJ): 215 0.57678 0.131442 0.0729811 0.149974 
Latency(us)/Energy(mJ): 106 0.230501 0.0525288 0.0291657 0.0599348 
Latency(us)/Energy(mJ): 2364 7.62048 1.85297 0.931201 1.95858 
Latency(us)/Energy(mJ): 37 0 0 0 0 
Latency(us)/Energy(mJ): 1705 5.6028 1.55293 0.645198 1.37885 
Latency(us)/Energy(mJ): 37 0.388054 0.113301 0.0435862 0.0940184 
Latency(us)/Energy(mJ): 1478 4.7799 1.44697 0.532451 1.14853 
Latency(us)/Energy(mJ): 37 0.394927 0.121385 0.0433761 0.0935652 
Latency(us)/Energy(mJ): 56 0.265545 0.0816182 0.0291657 0.0629124 
Latency(us)/Energy(mJ): 2125 7.20552 2.18675 0.794713 1.75994 
Latency(us)/Energy(mJ): 42 0 0 0 0 
Latency(us)/Energy(mJ): 2 0 0 0 0 
Latency(us)/Energy(mJ): 8686 36.1468 10.3773 3.33791 10.4476 
Latency(us)/Energy(mJ): 42 0.382322 0.107345 0.0315087 0.11884 
Latency(us)/Energy(mJ): 0 0 0 0 0 
Latency(us)/Energy(mJ): 3756 18.0211 5.00229 1.42656 5.74563 
Latency(us)/Energy(mJ): 256 0.942049 0.259892 0.0720661 0.306046 
0.3094 - "n02124075 Egyptian cat"
0.1761 - "n02123159 tiger cat"
0.1221 - "n02123045 tabby, tabby cat"
0.1132 - "n02119022 red fox, Vulpes vulpes"
0.0421 - "n02085620 Chihuahua"
