loading weight: /home/nvidia/caffe-build/models/bvlc_alexnet/bvlc_alexnet.caffemodel
loading prototxt: /home/nvidia/caffe-build/models/bvlc_alexnet/deploy.prototxt
---------- Prediction for /home/nvidia/Downloads/ILSVRC2012_img_train_t3/n02085620/n02085620_1152.JPEG ----------
Latency(us)/Energy(mJ): 0 0 0 0 0 
Latency(us)/Energy(mJ): 239 0.922912 0.0357153 0.145589 0.320847 
Latency(us)/Energy(mJ): 25 0.138555 0.00722266 0.021668 0.0477516 
Latency(us)/Energy(mJ): 52 0.199003 0.0103737 0.0311211 0.0685842 
Latency(us)/Energy(mJ): 47 0.340821 0.0176101 0.0528303 0.116427 
Latency(us)/Energy(mJ): 1515 7.03735 0.675756 1.02676 2.31657 
Latency(us)/Energy(mJ): 25 0.224869 0.027633 0.0311211 0.072027 
Latency(us)/Energy(mJ): 43 0.156068 0.0191784 0.0215993 0.0499896 
Latency(us)/Energy(mJ): 42 0.227436 0.031231 0.031231 0.0722814 
Latency(us)/Energy(mJ): 1823 9.63378 1.60309 1.26251 2.94895 
Latency(us)/Energy(mJ): 27 0 0 0 0 
Latency(us)/Energy(mJ): 1398 8.13275 1.65756 1.04493 2.45188 
Latency(us)/Energy(mJ): 33 0.27444 0.0586503 0.0345029 0.0830691 
Latency(us)/Energy(mJ): 1011 6.2119 1.3789 0.759002 1.88204 
Latency(us)/Energy(mJ): 31 0.200377 0.0452957 0.0238514 0.0609883 
Latency(us)/Energy(mJ): 40 0.290886 0.0657556 0.0346249 0.0885364 
Latency(us)/Energy(mJ): 782 5.21685 1.21002 0.60834 1.59353 
Latency(us)/Energy(mJ): 29 0 0 0 0 
Latency(us)/Energy(mJ): 0 0 0 0 0 
Latency(us)/Energy(mJ): 5379 41.7668 9.20046 4.11105 14.0405 
Latency(us)/Energy(mJ): 28 0.298858 0.0637224 0.0265481 0.105983 
Latency(us)/Energy(mJ): 0 0 0 0 0 
Latency(us)/Energy(mJ): 2380 21.0046 4.43855 1.80352 7.49902 
Latency(us)/Energy(mJ): 37 0.389466 0.0817578 0.0327203 0.141316 
0.5948 - "n02085620 Chihuahua"
0.0656 - "n02110806 basenji"
0.0383 - "n02113023 Pembroke, Pembroke Welsh corgi"
0.0311 - "n02091244 Ibizan hound, Ibizan Podenco"
0.0298 - "n02389026 sorrel"
