loading weight: /home/nvidia/caffe-build/models/bvlc_alexnet/bvlc_alexnet.caffemodel
loading prototxt: /home/nvidia/caffe-build/models/bvlc_alexnet/deploy.prototxt
---------- Prediction for /home/nvidia/Downloads/ILSVRC2012_img_train_t3/n02085620/n02085620_1152.JPEG ----------
Latency(us)/Energy(mJ): 0 0 0 0 0 
Latency(us)/Energy(mJ): 433 1.48402 0.0595262 0.119444 0.547876 
Latency(us)/Energy(mJ): 45 0.29223 0.011628 0.0233325 0.107023 
Latency(us)/Energy(mJ): 89 0.298036 0.0178666 0.0237961 0.10915 
Latency(us)/Energy(mJ): 84 0.299381 0.0177658 0.0236619 0.108534 
Latency(us)/Energy(mJ): 3012 12.4426 1.22893 0.925114 4.29546 
Latency(us)/Energy(mJ): 44 0.14531 0.0179744 0.0102663 0.049009 
Latency(us)/Energy(mJ): 74 0.33577 0.0411714 0.0235155 0.112258 
Latency(us)/Energy(mJ): 76 0.33699 0.0472792 0.0236009 0.112665 
Latency(us)/Energy(mJ): 3718 16.7653 2.76319 1.1327 5.41685 
Latency(us)/Energy(mJ): 45 0.359861 0.0648816 0.0235582 0.115474 
Latency(us)/Energy(mJ): 2857 13.8674 2.65273 0.863571 4.46645 
Latency(us)/Energy(mJ): 53 0.391997 0.0765626 0.0235399 0.126961 
Latency(us)/Energy(mJ): 2079 10.773 2.18696 0.630209 3.51697 
Latency(us)/Energy(mJ): 55 0.168476 0.0338983 0.0096807 0.0552593 
Latency(us)/Energy(mJ): 65 0.406487 0.0817874 0.0233569 0.133326 
Latency(us)/Energy(mJ): 1681 9.05768 1.88934 0.514309 2.99525 
Latency(us)/Energy(mJ): 50 0.422354 0.0825991 0.0235887 0.142074 
Latency(us)/Energy(mJ): 1 0 0 0 0 
Latency(us)/Energy(mJ): 9541 60.4291 11.159 2.90236 22.4015 
Latency(us)/Energy(mJ): 47 0.533696 0.0942816 0.0235704 0.207033 
Latency(us)/Energy(mJ): 0 0 0 0 0 
Latency(us)/Energy(mJ): 4194 29.421 5.06837 1.26709 11.5604 
Latency(us)/Energy(mJ): 60 0.557632 0.0943304 0.0235826 0.221045 
0.5948 - "n02085620 Chihuahua"
0.0656 - "n02110806 basenji"
0.0383 - "n02113023 Pembroke, Pembroke Welsh corgi"
0.0311 - "n02091244 Ibizan hound, Ibizan Podenco"
0.0298 - "n02389026 sorrel"
