loading weight: /home/nvidia/caffe-build/models/bvlc_alexnet/bvlc_alexnet.caffemodel
loading prototxt: /home/nvidia/caffe-build/models/bvlc_alexnet/deploy.prototxt
---------- Prediction for /home/nvidia/Downloads/ILSVRC2012_img_train_t3/n02085620/n02085620_1152.JPEG ----------
Latency(us)/Energy(mJ): 0 0 0 0 0 
Latency(us)/Energy(mJ): 654 2.37815 0.135876 0.200287 0.846466 
Latency(us)/Energy(mJ): 88 0.324874 0.0293457 0.0261995 0.111928 
Latency(us)/Energy(mJ): 164 0.509456 0.0507754 0.0405406 0.174024 
Latency(us)/Energy(mJ): 161 0.676924 0.0760528 0.0528504 0.229076 
Latency(us)/Energy(mJ): 1310 5.66047 0.848906 0.407901 1.85333 
Latency(us)/Energy(mJ): 90 0.403196 0.0751296 0.0272792 0.126826 
Latency(us)/Energy(mJ): 138 0.610457 0.119103 0.0408395 0.18987 
Latency(us)/Energy(mJ): 147 0.587316 0.116735 0.0388692 0.181485 
Latency(us)/Energy(mJ): 1124 5.41457 1.20369 0.34365 1.65064 
Latency(us)/Energy(mJ): 92 0.439838 0.106154 0.0265167 0.134931 
Latency(us)/Energy(mJ): 1386 7.77652 1.96373 0.436052 2.38532 
Latency(us)/Energy(mJ): 96 0.495567 0.130748 0.0261324 0.152425 
Latency(us)/Energy(mJ): 817 4.88522 1.32806 0.250307 1.5014 
Latency(us)/Energy(mJ): 87 0.531396 0.146073 0.026535 0.163125 
Latency(us)/Energy(mJ): 108 0.531523 0.147047 0.0267119 0.163437 
Latency(us)/Energy(mJ): 1267 7.74395 2.05444 0.398659 2.40225 
Latency(us)/Energy(mJ): 95 0.521506 0.132396 0.0264618 0.166749 
Latency(us)/Energy(mJ): 1 0 0 0 0 
Latency(us)/Energy(mJ): 5042 36.2121 8.97211 1.52959 12.5295 
Latency(us)/Energy(mJ): 94 1.08006 0.262205 0.0403698 0.39258 
Latency(us)/Energy(mJ): 1 0 0 0 0 
Latency(us)/Energy(mJ): 2199 18.7508 4.49629 0.674349 6.8839 
Latency(us)/Energy(mJ): 115 0.751544 0.176782 0.0261136 0.279433 
0.5948 - "n02085620 Chihuahua"
0.0656 - "n02110806 basenji"
0.0383 - "n02113023 Pembroke, Pembroke Welsh corgi"
0.0311 - "n02091244 Ibizan hound, Ibizan Podenco"
0.0298 - "n02389026 sorrel"
