loading weight: /home/nvidia/caffe-build/models/bvlc_alexnet/bvlc_alexnet.caffemodel
loading prototxt: /home/nvidia/caffe-build/models/bvlc_alexnet/deploy.prototxt
---------- Prediction for /home/nvidia/caffe-build/examples/images/cat.jpg ----------
Latency(us)/Energy(mJ): 0 0 0 0 0 
Latency(us)/Energy(mJ): 2531 12.0446 0.511056 3.63323 3.58761 
Latency(us)/Energy(mJ): 22 0 0 0 0 
Latency(us)/Energy(mJ): 168 1.05262 0.0646752 0.307685 0.31235 
Latency(us)/Energy(mJ): 72 0 0 0 0 
Latency(us)/Energy(mJ): 3040 15.3966 1.33019 4.3185 4.5156 
Latency(us)/Energy(mJ): 20 0.855138 0.096868 0.23026 0.24614 
Latency(us)/Energy(mJ): 132 0.527192 0.059719 0.141955 0.153605 
Latency(us)/Energy(mJ): 60 0.642161 0.0727425 0.172912 0.187103 
Latency(us)/Energy(mJ): 2478 13.3493 1.62996 3.44998 3.84559 
Latency(us)/Energy(mJ): 22 0 0 0 0 
Latency(us)/Energy(mJ): 1792 10.3556 1.49852 2.52005 2.91255 
Latency(us)/Energy(mJ): 21 0 0 0 0 
Latency(us)/Energy(mJ): 1202 6.76548 1.07979 1.62146 1.88629 
Latency(us)/Energy(mJ): 19 0 0 0 0 
Latency(us)/Energy(mJ): 30 0.669489 0.106277 0.15959 0.186653 
Latency(us)/Energy(mJ): 1362 8.01775 1.27734 1.90643 2.24181 
Latency(us)/Energy(mJ): 21 0 0 0 0 
Latency(us)/Energy(mJ): 1 0 0 0 0 
Latency(us)/Energy(mJ): 5531 35.3407 5.99582 7.41196 10.7039 
Latency(us)/Energy(mJ): 19 0 0 0 0 
Latency(us)/Energy(mJ): 0 0 0 0 0 
Latency(us)/Energy(mJ): 2378 16.8576 2.98909 3.07221 5.41789 
Latency(us)/Energy(mJ): 135 1.57656 0.278899 0.278899 0.51271 
0.3094 - "n02124075 Egyptian cat"
0.1761 - "n02123159 tiger cat"
0.1221 - "n02123045 tabby, tabby cat"
0.1132 - "n02119022 red fox, Vulpes vulpes"
0.0421 - "n02085620 Chihuahua"
