loading weight: /home/nvidia/caffe-build/models/bvlc_alexnet/bvlc_alexnet.caffemodel
loading prototxt: /home/nvidia/caffe-build/models/bvlc_alexnet/deploy.prototxt
---------- Prediction for /home/nvidia/caffe-build/examples/images/cat.jpg ----------
Latency(us)/Energy(mJ): 1 0 0 0 0 
Latency(us)/Energy(mJ): 8057 18.8648 1.87092 6.49669 3.20228 
Latency(us)/Energy(mJ): 45 0.274262 0.0408931 0.0817862 0.047102 
Latency(us)/Energy(mJ): 747 1.98145 0.295439 0.590878 0.348029 
Latency(us)/Energy(mJ): 258 0.730885 0.107877 0.215754 0.129904 
Latency(us)/Energy(mJ): 9722 26.7654 5.30713 7.3925 4.78554 
Latency(us)/Energy(mJ): 37 0.322847 0.0754736 0.0838108 0.0567149 
Latency(us)/Energy(mJ): 636 1.96195 0.458655 0.509321 0.344658 
Latency(us)/Energy(mJ): 160 0.320493 0.0749232 0.0831996 0.0563013 
Latency(us)/Energy(mJ): 5818 17.6053 4.38259 4.49335 3.05618 
Latency(us)/Energy(mJ): 33 0 0 0 0 
Latency(us)/Energy(mJ): 3798 11.7575 3.32318 2.60942 1.95491 
Latency(us)/Energy(mJ): 35 0.262166 0.0757074 0.0568632 0.0427301 
Latency(us)/Energy(mJ): 3803 12.0262 3.52642 2.60845 1.96013 
Latency(us)/Energy(mJ): 54 0.254077 0.0795393 0.0551088 0.0414117 
Latency(us)/Energy(mJ): 54 0 0 0 0 
Latency(us)/Energy(mJ): 7030 21.9374 6.16876 5.23881 3.61114 
Latency(us)/Energy(mJ): 38 0.247835 0.067242 0.0550744 0.0444278 
Latency(us)/Energy(mJ): 3 0 0 0 0 
Latency(us)/Energy(mJ): 32962 108.513 27.5786 22.9572 22.8347 
Latency(us)/Energy(mJ): 39 0.3817 0.086714 0.078088 0.086941 
Latency(us)/Energy(mJ): 2 0 0 0 0 
Latency(us)/Energy(mJ): 14219 48.1689 11.3955 9.73252 11.2463 
Latency(us)/Energy(mJ): 310 1.33145 0.295706 0.26629 0.311575 
0.3094 - "n02124075 Egyptian cat"
0.1761 - "n02123159 tiger cat"
0.1221 - "n02123045 tabby, tabby cat"
0.1132 - "n02119022 red fox, Vulpes vulpes"
0.0421 - "n02085620 Chihuahua"
