loading weight: /home/nvidia/caffe-build/models/bvlc_alexnet/bvlc_alexnet.caffemodel
loading prototxt: /home/nvidia/caffe-build/models/bvlc_alexnet/deploy.prototxt
---------- Prediction for /home/nvidia/Downloads/ILSVRC2012_img_train_t3/n02085620/n02085620_1152.JPEG ----------
Latency(us)/Energy(mJ): 0 0 0 0 0 
Latency(us)/Energy(mJ): 823 2.84819 0.164979 0.183736 1.03594 
Latency(us)/Energy(mJ): 114 0.491583 0.0438076 0.0302692 0.172231 
Latency(us)/Energy(mJ): 207 0.812645 0.0819008 0.0490976 0.283437 
Latency(us)/Energy(mJ): 202 0.666695 0.0791516 0.0395758 0.229242 
Latency(us)/Energy(mJ): 1445 6.09296 0.904111 0.336401 2.03927 
Latency(us)/Energy(mJ): 111 0.381927 0.069523 0.0199093 0.123281 
Latency(us)/Energy(mJ): 175 0.96527 0.182952 0.0498762 0.30884 
Latency(us)/Energy(mJ): 186 0.783481 0.156428 0.0398781 0.246931 
Latency(us)/Energy(mJ): 1183 5.41869 1.15266 0.266052 1.69774 
Latency(us)/Energy(mJ): 118 0.650077 0.14166 0.0303746 0.204979 
Latency(us)/Energy(mJ): 1576 8.35752 1.98618 0.364408 2.65087 
Latency(us)/Energy(mJ): 120 0.731735 0.180275 0.0300677 0.233583 
Latency(us)/Energy(mJ): 918 5.16027 1.3074 0.206975 1.63416 
Latency(us)/Energy(mJ): 110 0.767493 0.190559 0.0300952 0.243062 
Latency(us)/Energy(mJ): 135 0.737202 0.184237 0.0290967 0.233409 
Latency(us)/Energy(mJ): 1528 8.66875 2.08557 0.353109 2.77767 
Latency(us)/Energy(mJ): 120 0.757463 0.171178 0.0302234 0.250843 
Latency(us)/Energy(mJ): 2 0 0 0 0 
Latency(us)/Energy(mJ): 5330 36.8452 8.26634 1.21508 13.2199 
Latency(us)/Energy(mJ): 117 1.02756 0.224218 0.0300139 0.38531 
Latency(us)/Energy(mJ): 2 0 0 0 0 
Latency(us)/Energy(mJ): 2306 18.5427 4.08519 0.524965 7.09647 
Latency(us)/Energy(mJ): 139 1.04683 0.232502 0.0289834 0.408564 
0.5948 - "n02085620 Chihuahua"
0.0656 - "n02110806 basenji"
0.0383 - "n02113023 Pembroke, Pembroke Welsh corgi"
0.0311 - "n02091244 Ibizan hound, Ibizan Podenco"
0.0298 - "n02389026 sorrel"
