loading weight: /home/nvidia/caffe-build/models/bvlc_alexnet/bvlc_alexnet.caffemodel
loading prototxt: /home/nvidia/caffe-build/models/bvlc_alexnet/deploy.prototxt
---------- Prediction for /home/nvidia/caffe-build/examples/images/cat.jpg ----------
Latency(us)/Energy(mJ): 1 0 0 0 0 
Latency(us)/Energy(mJ): 8099 22.5639 1.90549 9.68365 3.3387 
Latency(us)/Energy(mJ): 56 0.335796 0.0435862 0.130759 0.052486 
Latency(us)/Energy(mJ): 730 2.05848 0.26421 0.792631 0.318159 
Latency(us)/Energy(mJ): 231 0.600373 0.0769348 0.230804 0.092644 
Latency(us)/Energy(mJ): 9813 30.9804 5.30483 11.075 4.91807 
Latency(us)/Energy(mJ): 34 0 0 0 0 
Latency(us)/Energy(mJ): 536 1.99077 0.416082 0.648046 0.313121 
Latency(us)/Energy(mJ): 164 0.661016 0.138156 0.215177 0.103969 
Latency(us)/Energy(mJ): 5835 19.585 4.3318 6.26558 3.13113 
Latency(us)/Energy(mJ): 52 0 0 0 0 
Latency(us)/Energy(mJ): 3909 13.661 3.46799 4.22695 2.04399 
Latency(us)/Energy(mJ): 49 0.311342 0.0811118 0.09466 0.0457803 
Latency(us)/Energy(mJ): 3814 13.1669 3.43028 4.00324 1.93609 
Latency(us)/Energy(mJ): 26 0.312748 0.0814782 0.0950875 0.0459871 
Latency(us)/Energy(mJ): 49 0 0 0 0 
Latency(us)/Energy(mJ): 7485 25.9564 6.36049 8.10306 3.84699 
Latency(us)/Energy(mJ): 33 0 0 0 0 
Latency(us)/Energy(mJ): 5 0 0 0 0 
Latency(us)/Energy(mJ): 33059 119.357 27.2215 33.8928 22.8312 
Latency(us)/Energy(mJ): 35 0 0 0 0 
Latency(us)/Energy(mJ): 2 0 0 0 0 
Latency(us)/Energy(mJ): 14324 53.3163 11.0003 14.2975 11.4025 
Latency(us)/Energy(mJ): 211 0.745848 0.153717 0.199792 0.161966 
0.3094 - "n02124075 Egyptian cat"
0.1761 - "n02123159 tiger cat"
0.1221 - "n02123045 tabby, tabby cat"
0.1132 - "n02119022 red fox, Vulpes vulpes"
0.0421 - "n02085620 Chihuahua"
