loading weight: /home/nvidia/caffe-build/models/bvlc_alexnet/bvlc_alexnet.caffemodel
loading prototxt: /home/nvidia/caffe-build/models/bvlc_alexnet/deploy.prototxt
---------- Prediction for /home/nvidia/caffe-build/examples/images/cat.jpg ----------
Latency(us)/Energy(mJ): 0 0 0 0 0 
Latency(us)/Energy(mJ): 4263 9.65537 0.8004 1.598 2.65857 
Latency(us)/Energy(mJ): 38 0.286991 0.0434525 0.0434525 0.0784875 
Latency(us)/Energy(mJ): 298 0.684601 0.102529 0.102529 0.185196 
Latency(us)/Energy(mJ): 123 0.290915 0.0433761 0.0433761 0.0783495 
Latency(us)/Energy(mJ): 3249 9.10372 1.6638 1.24622 2.44046 
Latency(us)/Energy(mJ): 34 0 0 0 0 
Latency(us)/Energy(mJ): 203 0.576478 0.131297 0.0729429 0.149896 
Latency(us)/Energy(mJ): 95 0.570147 0.129087 0.0717778 0.149015 
Latency(us)/Energy(mJ): 2346 7.07146 1.73027 0.859863 1.82412 
Latency(us)/Energy(mJ): 33 0.367299 0.094962 0.0431851 0.0931532 
Latency(us)/Energy(mJ): 1675 5.63887 1.59522 0.644701 1.39282 
Latency(us)/Energy(mJ): 32 0 0 0 0 
Latency(us)/Energy(mJ): 1441 5.21091 1.61429 0.573745 1.25468 
Latency(us)/Energy(mJ): 31 0 0 0 0 
Latency(us)/Energy(mJ): 47 0.264052 0.0860646 0.0286882 0.0633093 
Latency(us)/Energy(mJ): 2073 7.2802 2.22722 0.79265 1.77713 
Latency(us)/Energy(mJ): 36 0 0 0 0 
Latency(us)/Energy(mJ): 1 0 0 0 0 
Latency(us)/Energy(mJ): 8673 36.0209 10.5007 3.6367 10.4299 
Latency(us)/Energy(mJ): 36 0.470093 0.130968 0.0462122 0.14691 
Latency(us)/Energy(mJ): 0 0 0 0 0 
Latency(us)/Energy(mJ): 3730 18.1706 5.1052 1.71828 5.79874 
Latency(us)/Energy(mJ): 231 0.943066 0.258999 0.086333 0.306501 
0.3094 - "n02124075 Egyptian cat"
0.1761 - "n02123159 tiger cat"
0.1221 - "n02123045 tabby, tabby cat"
0.1132 - "n02119022 red fox, Vulpes vulpes"
0.0421 - "n02085620 Chihuahua"
