loading weight: /home/nvidia/caffe-build/models/bvlc_alexnet/bvlc_alexnet.caffemodel
loading prototxt: /home/nvidia/caffe-build/models/bvlc_alexnet/deploy.prototxt
---------- Prediction for /home/nvidia/Downloads/ILSVRC2012_img_train_t3/n02085620/n02085620_1152.JPEG ----------
Latency(us)/Energy(mJ): 0 0 0 0 0 
Latency(us)/Energy(mJ): 302 1.10378 0.0422286 0.127242 0.404506 
Latency(us)/Energy(mJ): 29 0.115614 0.0044232 0.0133278 0.0423696 
Latency(us)/Energy(mJ): 58 0.300344 0.0171475 0.034295 0.109025 
Latency(us)/Energy(mJ): 58 0.183624 0.0104836 0.0209672 0.0666557 
Latency(us)/Energy(mJ): 2376 10.0533 0.9608 1.08033 3.48802 
Latency(us)/Energy(mJ): 28 0.204032 0.0241688 0.0207291 0.0693836 
Latency(us)/Energy(mJ): 47 0.339092 0.0459594 0.0344508 0.115312 
Latency(us)/Energy(mJ): 51 0.133256 0.0180612 0.0135385 0.0453155 
Latency(us)/Energy(mJ): 2977 14.023 2.32188 1.35323 4.5348 
Latency(us)/Energy(mJ): 29 0.146347 0.027425 0.0137125 0.0464669 
Latency(us)/Energy(mJ): 2232 11.5906 2.26506 0.929423 3.70347 
Latency(us)/Energy(mJ): 37 0 0 0 0 
Latency(us)/Energy(mJ): 1642 9.08759 1.9138 0.650177 2.9309 
Latency(us)/Energy(mJ): 37 0.254291 0.0553357 0.0172669 0.0823464 
Latency(us)/Energy(mJ): 44 0.168218 0.0366056 0.0114224 0.0544737 
Latency(us)/Energy(mJ): 1357 7.73558 1.65546 0.556042 2.51675 
Latency(us)/Energy(mJ): 32 0.439095 0.0924053 0.0288341 0.145344 
Latency(us)/Energy(mJ): 0 0 0 0 0 
Latency(us)/Energy(mJ): 7614 51.2349 10.1497 3.14396 18.6679 
Latency(us)/Energy(mJ): 32 0.340502 0.0631394 0.0175336 0.130329 
Latency(us)/Energy(mJ): 0 0 0 0 0 
Latency(us)/Energy(mJ): 3363 25.4211 4.77831 1.35592 9.84049 
Latency(us)/Energy(mJ): 41 0.586843 0.109208 0.0344669 0.229428 
0.5948 - "n02085620 Chihuahua"
0.0656 - "n02110806 basenji"
0.0383 - "n02113023 Pembroke, Pembroke Welsh corgi"
0.0311 - "n02091244 Ibizan hound, Ibizan Podenco"
0.0298 - "n02389026 sorrel"
