loading weight: /home/nvidia/caffe-build/models/bvlc_alexnet/bvlc_alexnet.caffemodel
loading prototxt: /home/nvidia/caffe-build/models/bvlc_alexnet/deploy.prototxt
---------- Prediction for /home/nvidia/Downloads/ILSVRC2012_img_train_t3/n02085620/n02085620_1152.JPEG ----------
Latency(us)/Energy(mJ): 0 0 0 0 0 
Latency(us)/Energy(mJ): 262 1.17867 0.0534365 0.376853 0.317159 
Latency(us)/Energy(mJ): 24 0.241679 0.0136884 0.0753535 0.0636398 
Latency(us)/Energy(mJ): 58 0.389001 0.0253602 0.120754 0.101983 
Latency(us)/Energy(mJ): 57 0.148976 0.0103937 0.0458031 0.0392014 
Latency(us)/Energy(mJ): 978 6.01548 0.802186 1.70358 1.50411 
Latency(us)/Energy(mJ): 21 0 0 0 0 
Latency(us)/Energy(mJ): 53 0.460088 0.0828714 0.121627 0.111051 
Latency(us)/Energy(mJ): 44 0.289604 0.0551196 0.0758572 0.0692609 
Latency(us)/Energy(mJ): 1041 7.11081 1.65616 1.69636 1.62321 
Latency(us)/Energy(mJ): 25 0 0 0 0 
Latency(us)/Energy(mJ): 995 7.78633 2.18406 1.62477 1.75508 
Latency(us)/Energy(mJ): 39 0.36688 0.110145 0.0723012 0.0829589 
Latency(us)/Energy(mJ): 632 5.50293 1.72248 1.04412 1.24729 
Latency(us)/Energy(mJ): 40 0.237319 0.076986 0.04368 0.0538083 
Latency(us)/Energy(mJ): 45 0.394117 0.127295 0.072224 0.0889709 
Latency(us)/Energy(mJ): 706 6.37857 2.06433 1.15907 1.4557 
Latency(us)/Energy(mJ): 29 0.242151 0.0768459 0.043616 0.0563192 
Latency(us)/Energy(mJ): 0 0 0 0 0 
Latency(us)/Energy(mJ): 4594 46.3921 14.7221 6.94877 11.9957 
Latency(us)/Energy(mJ): 29 0.499521 0.156215 0.0645651 0.13743 
Latency(us)/Energy(mJ): 0 0 0 0 0 
Latency(us)/Energy(mJ): 2024 23.4221 7.34202 2.9361 6.58315 
Latency(us)/Energy(mJ): 36 0.320072 0.100805 0.0390998 0.0915845 
0.5948 - "n02085620 Chihuahua"
0.0656 - "n02110806 basenji"
0.0383 - "n02113023 Pembroke, Pembroke Welsh corgi"
0.0311 - "n02091244 Ibizan hound, Ibizan Podenco"
0.0298 - "n02389026 sorrel"
