loading weight: /home/nvidia/caffe-build/models/bvlc_alexnet/bvlc_alexnet.caffemodel
loading prototxt: /home/nvidia/caffe-build/models/bvlc_alexnet/deploy.prototxt
---------- Prediction for /home/nvidia/Downloads/ILSVRC2012_img_train_t3/n02085620/n02085620_1152.JPEG ----------
Latency(us)/Energy(mJ): 0 0 0 0 0 
Latency(us)/Energy(mJ): 173866 651.066 40.0486 106.845 203.018 
Latency(us)/Energy(mJ): 1142 4.30573 0.266057 0.709872 1.33609 
Latency(us)/Energy(mJ): 172818 628.27 39.555 92.7355 198.638 
Latency(us)/Energy(mJ): 12560 46.1014 2.88274 6.72221 14.4767 
Latency(us)/Energy(mJ): 363581 1353.68 83.2359 221.625 424.565 
Latency(us)/Energy(mJ): 702 2.68987 0.166167 0.443354 0.843256 
Latency(us)/Energy(mJ): 659515 2369.91 150.988 352.708 733.367 
Latency(us)/Energy(mJ): 6283 22.5487 1.43714 3.35123 7.07968 
Latency(us)/Energy(mJ): 240157 889.189 54.9801 146.413 277.959 
Latency(us)/Energy(mJ): 242 0.811908 0.0501602 0.133833 0.251896 
Latency(us)/Energy(mJ): 183489 680.06 42.0158 112.103 214.155 
Latency(us)/Energy(mJ): 241 0.907622 0.0560684 0.149597 0.282093 
Latency(us)/Energy(mJ): 122733 455.085 28.0968 74.9656 143.415 
Latency(us)/Energy(mJ): 162 0.639802 0.03953 0.105471 0.201793 
Latency(us)/Energy(mJ): 1490 5.53058 0.341654 0.911575 1.71986 
Latency(us)/Energy(mJ): 262018 1019.18 59.981 160.037 330.081 
Latency(us)/Energy(mJ): 13 0.110207 0.00647612 0.0172791 0.0357742 
Latency(us)/Energy(mJ): 1 0 0 0 0 
Latency(us)/Energy(mJ): 116748 454.889 26.7307 71.3208 146.378 
Latency(us)/Energy(mJ): 11 0 0 0 0 
Latency(us)/Energy(mJ): 1 0 0 0 0 
Latency(us)/Energy(mJ): 28416 110.703 6.50524 17.3568 35.6943 
Latency(us)/Energy(mJ): 163 0.674259 0.0396216 0.105715 0.217419 
0.5948 - "n02085620 Chihuahua"
0.0656 - "n02110806 basenji"
0.0383 - "n02113023 Pembroke, Pembroke Welsh corgi"
0.0311 - "n02091244 Ibizan hound, Ibizan Podenco"
0.0298 - "n02389026 sorrel"
