loading weight: /home/nvidia/caffe-build/models/bvlc_alexnet/bvlc_alexnet.caffemodel
loading prototxt: /home/nvidia/caffe-build/models/bvlc_alexnet/deploy.prototxt
---------- Prediction for /home/nvidia/caffe-build/examples/images/cat.jpg ----------
Latency(us)/Energy(mJ): 0 0 0 0 0 
Latency(us)/Energy(mJ): 8459 42.4622 1.77885 14.4431 12.0543 
Latency(us)/Energy(mJ): 27 0 0 0 0 
Latency(us)/Energy(mJ): 186 0.962744 0.058072 0.319872 0.271456 
Latency(us)/Energy(mJ): 68 0.55996 0.0336263 0.18522 0.158429 
Latency(us)/Energy(mJ): 12662 64.7142 4.81315 20.0711 18.1938 
Latency(us)/Energy(mJ): 18 0 0 0 0 
Latency(us)/Energy(mJ): 132 0.968109 0.0860124 0.286771 0.269869 
Latency(us)/Energy(mJ): 68 0 0 0 0 
Latency(us)/Energy(mJ): 10623 54.8091 5.17931 16.3007 15.2048 
Latency(us)/Energy(mJ): 26 0 0 0 0 
Latency(us)/Energy(mJ): 8110 41.5557 4.36537 12.3461 11.344 
Latency(us)/Energy(mJ): 24 0 0 0 0 
Latency(us)/Energy(mJ): 4963 25.135 2.64266 7.18071 6.82267 
Latency(us)/Energy(mJ): 18 0 0 0 0 
Latency(us)/Energy(mJ): 34 0 0 0 0 
Latency(us)/Energy(mJ): 3873 20.0004 2.10028 5.70693 5.48597 
Latency(us)/Energy(mJ): 18 0 0 0 0 
Latency(us)/Energy(mJ): 1 0 0 0 0 
Latency(us)/Energy(mJ): 21762 123.063 12.6332 31.5784 37.5315 
Latency(us)/Energy(mJ): 20 0.442159 0.0452925 0.107662 0.14063 
Latency(us)/Energy(mJ): 0 0 0 0 0 
Latency(us)/Energy(mJ): 9464 56.7941 5.71854 13.5932 18.457 
Latency(us)/Energy(mJ): 125 1.15422 0.114558 0.27231 0.380858 
0.3094 - "n02124075 Egyptian cat"
0.1761 - "n02123159 tiger cat"
0.1221 - "n02123045 tabby, tabby cat"
0.1132 - "n02119022 red fox, Vulpes vulpes"
0.0421 - "n02085620 Chihuahua"
