loading weight: /home/nvidia/caffe-build/models/bvlc_alexnet/bvlc_alexnet.caffemodel
loading prototxt: /home/nvidia/caffe-build/models/bvlc_alexnet/deploy.prototxt
---------- Prediction for /home/nvidia/caffe-build/examples/images/cat.jpg ----------
Latency(us)/Energy(mJ): 0 0 0 0 0 
Latency(us)/Energy(mJ): 2445 10.3434 0.485262 2.54443 3.35338 
Latency(us)/Energy(mJ): 22 0.33504 0.0224785 0.0787853 0.105907 
Latency(us)/Energy(mJ): 224 0.876242 0.0734377 0.20605 0.280644 
Latency(us)/Energy(mJ): 94 0.518909 0.0431292 0.121011 0.164819 
Latency(us)/Energy(mJ): 2412 11.6528 1.23599 2.60018 3.64932 
Latency(us)/Energy(mJ): 21 0 0 0 0 
Latency(us)/Energy(mJ): 166 0.936311 0.128572 0.200063 0.286901 
Latency(us)/Energy(mJ): 91 0.369001 0.0502884 0.0782508 0.112216 
Latency(us)/Energy(mJ): 1820 9.61498 1.43351 2.00021 2.90223 
Latency(us)/Energy(mJ): 21 0 0 0 0 
Latency(us)/Energy(mJ): 1522 7.96045 1.38816 1.52554 2.34239 
Latency(us)/Energy(mJ): 25 0 0 0 0 
Latency(us)/Energy(mJ): 1072 6.10116 1.1721 1.10985 1.76387 
Latency(us)/Energy(mJ): 23 0 0 0 0 
Latency(us)/Energy(mJ): 42 0.621662 0.120737 0.112146 0.179523 
Latency(us)/Energy(mJ): 1400 7.59176 1.47523 1.37025 2.20347 
Latency(us)/Energy(mJ): 24 0 0 0 0 
Latency(us)/Energy(mJ): 3 0 0 0 0 
Latency(us)/Energy(mJ): 4989 31.4428 6.47673 5.00444 9.72874 
Latency(us)/Energy(mJ): 24 0 0 0 0 
Latency(us)/Energy(mJ): 3 0 0 0 0 
Latency(us)/Energy(mJ): 2181 15.2173 3.23446 2.14569 4.941 
Latency(us)/Energy(mJ): 169 1.35031 0.298373 0.184574 0.444037 
0.3094 - "n02124075 Egyptian cat"
0.1761 - "n02123159 tiger cat"
0.1221 - "n02123045 tabby, tabby cat"
0.1132 - "n02119022 red fox, Vulpes vulpes"
0.0421 - "n02085620 Chihuahua"
