loading weight: /home/nvidia/caffe-build/models/bvlc_alexnet/bvlc_alexnet.caffemodel
loading prototxt: /home/nvidia/caffe-build/models/bvlc_alexnet/deploy.prototxt
---------- Prediction for /home/nvidia/Downloads/ILSVRC2012_img_train_t3/n02085620/n02085620_1152.JPEG ----------
Latency(us)/Energy(mJ): 0 0 0 0 0 
Latency(us)/Energy(mJ): 299 1.10589 0.0492214 0.108839 0.407768 
Latency(us)/Energy(mJ): 35 0.12167 0.00708068 0.0118114 0.044432 
Latency(us)/Energy(mJ): 70 0.305365 0.0176009 0.0293605 0.110448 
Latency(us)/Energy(mJ): 64 0.305959 0.0232654 0.029139 0.109614 
Latency(us)/Energy(mJ): 1353 5.75596 0.674578 0.509189 1.98131 
Latency(us)/Energy(mJ): 35 0.140056 0.0209947 0.0116434 0.0468485 
Latency(us)/Energy(mJ): 56 0.34772 0.0519509 0.0288112 0.115925 
Latency(us)/Energy(mJ): 58 0.210255 0.0347165 0.0173355 0.0697515 
Latency(us)/Energy(mJ): 1535 7.5454 1.48941 0.587121 2.39454 
Latency(us)/Energy(mJ): 35 0.234037 0.051983 0.0172974 0.073094 
Latency(us)/Energy(mJ): 1278 7.10706 1.67634 0.492061 2.21938 
Latency(us)/Energy(mJ): 43 0.178934 0.044718 0.01175 0.0561288 
Latency(us)/Energy(mJ): 883 5.30463 1.36402 0.33624 1.65494 
Latency(us)/Energy(mJ): 40 0.186015 0.0481882 0.0114605 0.0581146 
Latency(us)/Energy(mJ): 48 0.280488 0.0756893 0.0171755 0.0870946 
Latency(us)/Energy(mJ): 731 4.53826 1.20908 0.274366 1.42194 
Latency(us)/Energy(mJ): 37 0.48857 0.127897 0.0290398 0.156022 
Latency(us)/Energy(mJ): 1 0 0 0 0 
Latency(us)/Energy(mJ): 5047 37.7473 9.52192 1.91065 13.017 
Latency(us)/Energy(mJ): 38 0.643241 0.157108 0.0290855 0.232226 
Latency(us)/Energy(mJ): 0 0.38945 0.0951208 0.0176098 0.140601 
Latency(us)/Energy(mJ): 2210 19.2084 4.64833 0.838619 7.01983 
Latency(us)/Energy(mJ): 47 0.278298 0.066251 0.0118339 0.102809 
0.5948 - "n02085620 Chihuahua"
0.0656 - "n02110806 basenji"
0.0383 - "n02113023 Pembroke, Pembroke Welsh corgi"
0.0311 - "n02091244 Ibizan hound, Ibizan Podenco"
0.0298 - "n02389026 sorrel"
