loading weight: /home/nvidia/caffe-build/models/bvlc_alexnet/bvlc_alexnet.caffemodel
loading prototxt: /home/nvidia/caffe-build/models/bvlc_alexnet/deploy.prototxt
---------- Prediction for /home/nvidia/Downloads/ILSVRC2012_img_train_t3/n02085620/n02085620_1152.JPEG ----------
Latency(us)/Energy(mJ): 0 0 0 0 0 
Latency(us)/Energy(mJ): 325 1.63777 0.0452413 0.567897 0.433364 
Latency(us)/Energy(mJ): 20 0.250162 0.00686736 0.0862034 0.0657821 
Latency(us)/Energy(mJ): 48 0.152378 0.00418304 0.0525082 0.0400691 
Latency(us)/Energy(mJ): 44 0.40254 0.0110504 0.138712 0.105851 
Latency(us)/Energy(mJ): 4162 23.4251 1.57413 7.57504 6.06034 
Latency(us)/Energy(mJ): 18 0.262018 0.0241154 0.079301 0.0675142 
Latency(us)/Energy(mJ): 42 0.159787 0.0147064 0.0483602 0.0411723 
Latency(us)/Energy(mJ): 39 0.257493 0.0236989 0.0779313 0.0663481 
Latency(us)/Energy(mJ): 5429 31.6161 3.64289 9.24067 7.92316 
Latency(us)/Energy(mJ): 20 0.269815 0.0347928 0.0765624 0.06726 
Latency(us)/Energy(mJ): 3906 23.858 3.19861 6.49397 6.09259 
Latency(us)/Energy(mJ): 37 0.169612 0.0228711 0.0436705 0.0443248 
Latency(us)/Energy(mJ): 2872 18.1083 2.62066 4.59793 4.74973 
Latency(us)/Energy(mJ): 34 0.174165 0.0249978 0.0437666 0.0459796 
Latency(us)/Energy(mJ): 36 0.287385 0.0412482 0.0722182 0.0758696 
Latency(us)/Energy(mJ): 2590 16.718 2.38595 4.17738 4.45861 
Latency(us)/Energy(mJ): 22 0.1758 0.0249429 0.0436705 0.0479776 
Latency(us)/Energy(mJ): 1 0 0 0 0 
Latency(us)/Energy(mJ): 13194 95.4455 12.4551 21.1164 29.4357 
Latency(us)/Energy(mJ): 26 0 0 0 0 
Latency(us)/Energy(mJ): 0 0 0 0 0 
Latency(us)/Energy(mJ): 5824 45.5809 5.36779 9.39804 15.0512 
Latency(us)/Energy(mJ): 30 0 0 0 0 
0.5948 - "n02085620 Chihuahua"
0.0656 - "n02110806 basenji"
0.0383 - "n02113023 Pembroke, Pembroke Welsh corgi"
0.0311 - "n02091244 Ibizan hound, Ibizan Podenco"
0.0298 - "n02389026 sorrel"
