loading weight: /home/nvidia/caffe-build/models/bvlc_alexnet/bvlc_alexnet.caffemodel
loading prototxt: /home/nvidia/caffe-build/models/bvlc_alexnet/deploy.prototxt
---------- Prediction for /home/nvidia/Downloads/ILSVRC2012_img_train_t3/n02085620/n02085620_1152.JPEG ----------
Latency(us)/Energy(mJ): 0 0 0 0 0 
Latency(us)/Energy(mJ): 371 0.831084 0.0302358 0.106223 0.297385 
Latency(us)/Energy(mJ): 31 0.117488 0.00640284 0.0149306 0.0418002 
Latency(us)/Energy(mJ): 182 0.80975 0.0438764 0.102314 0.286301 
Latency(us)/Energy(mJ): 126 0.430981 0.0230649 0.0537845 0.151657 
Latency(us)/Energy(mJ): 1868 8.47907 0.839119 1.00424 2.87989 
Latency(us)/Energy(mJ): 37 0.215217 0.027996 0.0244679 0.0718916 
Latency(us)/Energy(mJ): 127 0.471023 0.0609167 0.0532398 0.156429 
Latency(us)/Energy(mJ): 107 0.699213 0.090058 0.078733 0.231333 
Latency(us)/Energy(mJ): 2300 11.29 1.86579 1.21819 3.58621 
Latency(us)/Energy(mJ): 33 0.142969 0.025593 0.01492 0.0448996 
Latency(us)/Energy(mJ): 1906 10.3649 2.04601 1.02704 3.26662 
Latency(us)/Energy(mJ): 38 0.156659 0.0319405 0.0149093 0.0496697 
Latency(us)/Energy(mJ): 1366 7.93436 1.70572 0.733887 2.52673 
Latency(us)/Energy(mJ): 51 0.432296 0.0947588 0.039014 0.136988 
Latency(us)/Energy(mJ): 49 0.269579 0.0590913 0.024329 0.0862906 
Latency(us)/Energy(mJ): 2108 12.4689 2.68953 1.1278 4.01751 
Latency(us)/Energy(mJ): 36 0.164612 0.034188 0.014952 0.054096 
Latency(us)/Energy(mJ): 0 0 0 0 0 
Latency(us)/Energy(mJ): 6590 45.2077 8.98756 3.04921 16.1597 
Latency(us)/Energy(mJ): 39 0.557302 0.111417 0.0333884 0.208294 
Latency(us)/Energy(mJ): 0 0 0 0 0 
Latency(us)/Energy(mJ): 2890 22.7649 4.39648 1.3175 8.62033 
Latency(us)/Energy(mJ): 53 0.348032 0.065331 0.0195779 0.131947 
0.5948 - "n02085620 Chihuahua"
0.0656 - "n02110806 basenji"
0.0383 - "n02113023 Pembroke, Pembroke Welsh corgi"
0.0311 - "n02091244 Ibizan hound, Ibizan Podenco"
0.0298 - "n02389026 sorrel"
