loading weight: /home/nvidia/caffe-build/models/bvlc_alexnet/bvlc_alexnet.caffemodel
loading prototxt: /home/nvidia/caffe-build/models/bvlc_alexnet/deploy.prototxt
---------- Prediction for /home/nvidia/caffe-build/examples/images/cat.jpg ----------
Latency(us)/Energy(mJ): 1 0 0 0 0 
Latency(us)/Energy(mJ): 18214 29.5931 3.16107 5.42828 5.55042 
Latency(us)/Energy(mJ): 93 0.145532 0.0236985 0.0236985 0.0282828 
Latency(us)/Energy(mJ): 3273 6.29667 1.0199 1.0199 1.23192 
Latency(us)/Energy(mJ): 1102 2.01952 0.325099 0.325099 0.406744 
Latency(us)/Energy(mJ): 11272 22.7436 4.31506 3.42567 4.6659 
Latency(us)/Energy(mJ): 94 0.422181 0.103656 0.0590938 0.08525 
Latency(us)/Energy(mJ): 2397 5.10579 1.16084 0.722576 1.05019 
Latency(us)/Energy(mJ): 894 2.06917 0.442634 0.294767 0.425238 
Latency(us)/Energy(mJ): 6273 13.6647 3.17844 1.90375 2.81535 
Latency(us)/Energy(mJ): 107 0.278377 0.0741448 0.0370117 0.055821 
Latency(us)/Energy(mJ): 5415 12.3163 3.19011 1.65444 2.39249 
Latency(us)/Energy(mJ): 96 0.240662 0.0630552 0.031476 0.045408 
Latency(us)/Energy(mJ): 5165 12.0752 3.18578 1.59029 2.29418 
Latency(us)/Energy(mJ): 96 0 0 0 0 
Latency(us)/Energy(mJ): 131 0.446228 0.116915 0.0583618 0.084194 
Latency(us)/Energy(mJ): 21058 43.8929 9.71286 6.42576 8.37493 
Latency(us)/Energy(mJ): 114 0.229104 0.042402 0.033855 0.04884 
Latency(us)/Energy(mJ): 7 0.161302 0.0298533 0.0238357 0.034386 
Latency(us)/Energy(mJ): 33203 81.5519 16.0847 10.0987 21.0965 
Latency(us)/Energy(mJ): 106 0.516334 0.103228 0.0588497 0.144134 
Latency(us)/Energy(mJ): 4 0 0 0 0 
Latency(us)/Energy(mJ): 15051 40.8312 8.00582 4.56407 11.5062 
Latency(us)/Energy(mJ): 671 2.14491 0.416979 0.237717 0.611829 
0.3094 - "n02124075 Egyptian cat"
0.1761 - "n02123159 tiger cat"
0.1221 - "n02123045 tabby, tabby cat"
0.1132 - "n02119022 red fox, Vulpes vulpes"
0.0421 - "n02085620 Chihuahua"
