loading weight: /home/nvidia/caffe-build/models/bvlc_alexnet/bvlc_alexnet.caffemodel
loading prototxt: /home/nvidia/caffe-build/models/bvlc_alexnet/deploy.prototxt
---------- Prediction for /home/nvidia/caffe-build/examples/images/cat.jpg ----------
Latency(us)/Energy(mJ): 0 0 0 0 0 
Latency(us)/Energy(mJ): 4361 9.93922 0.815727 1.6431 2.73183 
Latency(us)/Energy(mJ): 38 0.192505 0.0232715 0.0291466 0.052647 
Latency(us)/Energy(mJ): 314 0.788465 0.118248 0.118248 0.21359 
Latency(us)/Energy(mJ): 118 0.198171 0.0295477 0.0295477 0.0533715 
Latency(us)/Energy(mJ): 3244 9.31501 1.71393 1.27053 2.48794 
Latency(us)/Energy(mJ): 35 0 0 0 0 
Latency(us)/Energy(mJ): 203 0.588822 0.133197 0.0739552 0.151976 
Latency(us)/Energy(mJ): 100 0.238293 0.0536296 0.0297769 0.0611908 
Latency(us)/Energy(mJ): 2366 7.70012 1.87071 0.932768 1.97919 
Latency(us)/Energy(mJ): 34 0 0 0 0 
Latency(us)/Energy(mJ): 1691 5.70472 1.5783 0.649362 1.40072 
Latency(us)/Energy(mJ): 32 0 0 0 0 
Latency(us)/Energy(mJ): 1450 5.25884 1.58074 0.578042 1.25762 
Latency(us)/Energy(mJ): 30 0 0 0 0 
Latency(us)/Energy(mJ): 48 0 0 0 0 
Latency(us)/Energy(mJ): 2108 7.70271 2.34827 0.839139 1.87574 
Latency(us)/Energy(mJ): 35 0 0 0 0 
Latency(us)/Energy(mJ): 1 0 0 0 0 
Latency(us)/Energy(mJ): 8698 36.1512 10.3912 3.31685 10.4527 
Latency(us)/Energy(mJ): 36 0.357112 0.0994917 0.0292036 0.111602 
Latency(us)/Energy(mJ): 0 0 0 0 0 
Latency(us)/Energy(mJ): 3740 17.8489 4.9704 1.40858 5.71314 
Latency(us)/Energy(mJ): 222 1.33055 0.365415 0.101327 0.433233 
0.3094 - "n02124075 Egyptian cat"
0.1761 - "n02123159 tiger cat"
0.1221 - "n02123045 tabby, tabby cat"
0.1132 - "n02119022 red fox, Vulpes vulpes"
0.0421 - "n02085620 Chihuahua"
