loading weight: /home/nvidia/caffe-build/models/bvlc_alexnet/bvlc_alexnet.caffemodel
loading prototxt: /home/nvidia/caffe-build/models/bvlc_alexnet/deploy.prototxt
---------- Prediction for /home/nvidia/Downloads/ILSVRC2012_img_train_t3/n02085620/n02085620_1152.JPEG ----------
Latency(us)/Energy(mJ): 0 0 0 0 0 
Latency(us)/Energy(mJ): 201615 727.406 46.1506 105.342 233.771 
Latency(us)/Energy(mJ): 1291 4.70331 0.299766 0.699017 1.50537 
Latency(us)/Energy(mJ): 197981 703.723 45.3296 90.7821 226.874 
Latency(us)/Energy(mJ): 14337 50.8581 3.27701 6.55403 16.4566 
Latency(us)/Energy(mJ): 416690 1498.05 95.3995 214.568 479.232 
Latency(us)/Energy(mJ): 814 2.92398 0.18636 0.434569 0.93587 
Latency(us)/Energy(mJ): 769746 2677.53 176.228 352.589 855.331 
Latency(us)/Energy(mJ): 7222 25.1129 1.65349 3.30699 8.02198 
Latency(us)/Energy(mJ): 278820 1000.86 63.8334 129.376 320.389 
Latency(us)/Energy(mJ): 283 0.936911 0.059714 0.119428 0.299874 
Latency(us)/Energy(mJ): 212975 765.165 48.7678 97.5356 244.904 
Latency(us)/Energy(mJ): 283 0.948768 0.0604697 0.120939 0.303669 
Latency(us)/Energy(mJ): 141411 508.271 32.3791 65.0113 163.142 
Latency(us)/Energy(mJ): 189 0.669376 0.0426627 0.0853254 0.214245 
Latency(us)/Energy(mJ): 1776 6.35616 0.405188 0.810376 2.03479 
Latency(us)/Energy(mJ): 278545 1061.47 63.773 142.653 351.353 
Latency(us)/Energy(mJ): 18 0 0 0 0 
Latency(us)/Energy(mJ): 1 0 0 0 0 
Latency(us)/Energy(mJ): 126084 478.851 28.8682 64.2966 159.469 
Latency(us)/Energy(mJ): 18 0.122164 0.00732342 0.0170773 0.0404547 
Latency(us)/Energy(mJ): 2 0 0 0 0 
Latency(us)/Energy(mJ): 30568 116.385 6.99905 15.8734 38.6629 
Latency(us)/Energy(mJ): 187 0.749971 0.0454107 0.105892 0.25085 
0.5948 - "n02085620 Chihuahua"
0.0656 - "n02110806 basenji"
0.0383 - "n02113023 Pembroke, Pembroke Welsh corgi"
0.0311 - "n02091244 Ibizan hound, Ibizan Podenco"
0.0298 - "n02389026 sorrel"
