loading weight: /home/nvidia/caffe-build/models/bvlc_alexnet/bvlc_alexnet.caffemodel
loading prototxt: /home/nvidia/caffe-build/models/bvlc_alexnet/deploy.prototxt
---------- Prediction for /home/nvidia/Downloads/ILSVRC2012_img_train_t3/n02085620/n02085620_1152.JPEG ----------
Latency(us)/Energy(mJ): 0 0 0 0 0 
Latency(us)/Energy(mJ): 200 0.932145 0.0297768 0.194333 0.304037 
Latency(us)/Energy(mJ): 18 0 0 0 0 
Latency(us)/Energy(mJ): 40 0.128612 0.00616926 0.0267245 0.0418109 
Latency(us)/Energy(mJ): 39 0.349447 0.01663 0.072039 0.112706 
Latency(us)/Energy(mJ): 1979 9.89533 0.814275 1.9446 3.0825 
Latency(us)/Energy(mJ): 17 0 0 0 0 
Latency(us)/Energy(mJ): 31 0.383135 0.044225 0.07192 0.116725 
Latency(us)/Energy(mJ): 34 0 0 0 0 
Latency(us)/Energy(mJ): 2513 13.9893 2.02518 2.52002 4.09272 
Latency(us)/Energy(mJ): 19 0 0 0 0 
Latency(us)/Energy(mJ): 1817 10.795 1.93035 1.79943 3.1272 
Latency(us)/Energy(mJ): 24 0.27964 0.0517317 0.0448582 0.0813056 
Latency(us)/Energy(mJ): 1347 8.46406 1.66247 1.32396 2.48241 
Latency(us)/Energy(mJ): 26 0.293602 0.058657 0.0448979 0.0857224 
Latency(us)/Energy(mJ): 29 0.178393 0.03564 0.02728 0.0526075 
Latency(us)/Energy(mJ): 1173 7.6812 1.57947 1.15754 2.27311 
Latency(us)/Energy(mJ): 21 0 0 0 0 
Latency(us)/Energy(mJ): 0 0 0 0 0 
Latency(us)/Energy(mJ): 6534 50.4402 9.73199 6.51551 16.6778 
Latency(us)/Energy(mJ): 20 0 0 0 0 
Latency(us)/Energy(mJ): 0 0 0 0 0 
Latency(us)/Energy(mJ): 2890 25.025 4.64339 2.87596 8.85964 
Latency(us)/Energy(mJ): 26 0.237613 0.043168 0.0267102 0.0851759 
0.5948 - "n02085620 Chihuahua"
0.0656 - "n02110806 basenji"
0.0383 - "n02113023 Pembroke, Pembroke Welsh corgi"
0.0311 - "n02091244 Ibizan hound, Ibizan Podenco"
0.0298 - "n02389026 sorrel"
