loading weight: /home/nvidia/caffe-build/models/bvlc_alexnet/bvlc_alexnet.caffemodel
loading prototxt: /home/nvidia/caffe-build/models/bvlc_alexnet/deploy.prototxt
---------- Prediction for /home/nvidia/Downloads/ILSVRC2012_img_train_t3/n02085620/n02085620_1152.JPEG ----------
Latency(us)/Energy(mJ): 0 0 0 0 0 
Latency(us)/Energy(mJ): 264 0.961288 0.0349874 0.14064 0.343676 
Latency(us)/Energy(mJ): 24 0.190435 0.00688864 0.0276905 0.0676174 
Latency(us)/Energy(mJ): 52 0.122362 0.00442624 0.0177923 0.043447 
Latency(us)/Energy(mJ): 48 0.314937 0.0170055 0.0453729 0.110796 
Latency(us)/Energy(mJ): 2379 10.5514 0.949303 1.36734 3.57092 
Latency(us)/Energy(mJ): 23 0.213714 0.024297 0.024297 0.070525 
Latency(us)/Energy(mJ): 41 0.133677 0.0151976 0.0151976 0.044113 
Latency(us)/Energy(mJ): 42 0.213056 0.027715 0.0242222 0.070308 
Latency(us)/Energy(mJ): 3018 14.8029 2.34405 1.74078 4.66396 
Latency(us)/Energy(mJ): 24 0.147088 0.0265274 0.0154646 0.0454382 
Latency(us)/Energy(mJ): 2215 11.8003 2.22583 1.19082 3.6663 
Latency(us)/Energy(mJ): 31 0.250071 0.0482522 0.0241261 0.0786584 
Latency(us)/Energy(mJ): 1640 9.24017 1.88717 0.869779 2.89717 
Latency(us)/Energy(mJ): 30 0.166982 0.0351404 0.0153685 0.0522933 
Latency(us)/Energy(mJ): 37 0.262599 0.0552625 0.0241688 0.0822374 
Latency(us)/Energy(mJ): 1406 8.29994 1.71582 0.750409 2.6213 
Latency(us)/Energy(mJ): 27 0.171879 0.0350183 0.0153151 0.0554098 
Latency(us)/Energy(mJ): 0 0 0 0 0 
Latency(us)/Energy(mJ): 7636 53.1184 10.2075 4.31722 18.7293 
Latency(us)/Energy(mJ): 26 0.219992 0.0395685 0.0154006 0.0810981 
Latency(us)/Energy(mJ): 0 0 0 0 0 
Latency(us)/Energy(mJ): 3372 26.3261 4.80634 1.8732 9.88787 
Latency(us)/Energy(mJ): 34 0.229753 0.0417314 0.0175802 0.0871229 
0.5948 - "n02085620 Chihuahua"
0.0656 - "n02110806 basenji"
0.0383 - "n02113023 Pembroke, Pembroke Welsh corgi"
0.0311 - "n02091244 Ibizan hound, Ibizan Podenco"
0.0298 - "n02389026 sorrel"
