loading weight: /home/nvidia/caffe-build/models/bvlc_alexnet/bvlc_alexnet.caffemodel
loading prototxt: /home/nvidia/caffe-build/models/bvlc_alexnet/deploy.prototxt
---------- Prediction for /home/nvidia/caffe-build/examples/images/cat.jpg ----------
Latency(us)/Energy(mJ): 2 0 0 0 0 
Latency(us)/Energy(mJ): 11425 19.3557 2.20536 4.37012 3.08389 
Latency(us)/Energy(mJ): 159 0.373414 0.0595665 0.0746046 0.0673785 
Latency(us)/Energy(mJ): 1132 2.26301 0.355111 0.444763 0.401684 
Latency(us)/Energy(mJ): 472 0.986068 0.153079 0.191726 0.178996 
Latency(us)/Energy(mJ): 10113 21.6723 4.29335 3.8566 4.09072 
Latency(us)/Energy(mJ): 167 0.631882 0.147366 0.105222 0.121198 
Latency(us)/Energy(mJ): 876 2.0412 0.475321 0.339388 0.390918 
Latency(us)/Energy(mJ): 371 0.890187 0.207607 0.148235 0.170742 
Latency(us)/Energy(mJ): 6242 14.6744 3.49459 2.36934 2.84375 
Latency(us)/Energy(mJ): 120 0.472271 0.117923 0.073726 0.08878 
Latency(us)/Energy(mJ): 4560 11.1393 2.96524 1.73779 2.08486 
Latency(us)/Energy(mJ): 128 0.481469 0.1333 0.0740125 0.089125 
Latency(us)/Energy(mJ): 4447 10.891 3.0153 1.67419 1.96168 
Latency(us)/Energy(mJ): 129 0.481717 0.133369 0.0740507 0.085294 
Latency(us)/Energy(mJ): 254 0.683872 0.189338 0.105126 0.121088 
Latency(us)/Energy(mJ): 9134 21.6391 5.36799 3.4843 3.94407 
Latency(us)/Energy(mJ): 122 0.46855 0.104057 0.074299 0.0931655 
Latency(us)/Energy(mJ): 46 0 0 0 0 
Latency(us)/Energy(mJ): 33031 89.2615 19.174 12.745 21.8769 
Latency(us)/Energy(mJ): 114 0.227795 0.0430943 0.0307701 0.0601708 
Latency(us)/Energy(mJ): 14 0 0 0 0 
Latency(us)/Energy(mJ): 14327 41.0041 8.51177 5.47416 11.0891 
Latency(us)/Energy(mJ): 952 3.15323 0.66321 0.414642 0.852078 
0.3094 - "n02124075 Egyptian cat"
0.1761 - "n02123159 tiger cat"
0.1221 - "n02123045 tabby, tabby cat"
0.1132 - "n02119022 red fox, Vulpes vulpes"
0.0421 - "n02085620 Chihuahua"
