loading weight: /home/nvidia/caffe-build/models/bvlc_alexnet/bvlc_alexnet.caffemodel
loading prototxt: /home/nvidia/caffe-build/models/bvlc_alexnet/deploy.prototxt
---------- Prediction for /home/nvidia/caffe-build/examples/images/cat.jpg ----------
Latency(us)/Energy(mJ): 6 0 0 0 0 
Latency(us)/Energy(mJ): 8350 17.5242 1.95887 4.88647 3.18096 
Latency(us)/Energy(mJ): 54 0.218742 0.0358316 0.050183 0.0394898 
Latency(us)/Energy(mJ): 797 1.82537 0.29901 0.418771 0.33875 
Latency(us)/Energy(mJ): 303 0.691438 0.113263 0.158628 0.13046 
Latency(us)/Energy(mJ): 9803 24.9108 5.34747 5.26809 4.69759 
Latency(us)/Energy(mJ): 51 0.250459 0.063468 0.0493538 0.0459405 
Latency(us)/Energy(mJ): 563 1.337 0.338806 0.263461 0.24524 
Latency(us)/Energy(mJ): 246 0.779612 0.197559 0.153625 0.14475 
Latency(us)/Energy(mJ): 5718 15.9942 4.25812 3.08053 2.97689 
Latency(us)/Energy(mJ): 49 0 0 0 0 
Latency(us)/Energy(mJ): 3964 11.6289 3.48972 2.14203 2.06996 
Latency(us)/Energy(mJ): 48 0 0 0 0 
Latency(us)/Energy(mJ): 3860 11.573 3.57598 2.08631 1.94418 
Latency(us)/Energy(mJ): 47 0.337896 0.103942 0.0606422 0.0564483 
Latency(us)/Energy(mJ): 84 0.242951 0.0747355 0.0436025 0.040587 
Latency(us)/Energy(mJ): 7353 20.8998 6.08186 3.91965 3.64119 
Latency(us)/Energy(mJ): 52 0.233722 0.0623042 0.0436293 0.0437108 
Latency(us)/Energy(mJ): 17 0 0 0 0 
Latency(us)/Energy(mJ): 32849 101.202 26.3924 17.5749 22.5527 
Latency(us)/Energy(mJ): 53 0.257566 0.0620368 0.043442 0.0621992 
Latency(us)/Energy(mJ): 8 0 0 0 0 
Latency(us)/Energy(mJ): 14191 45.8165 10.8734 7.6142 11.2038 
Latency(us)/Energy(mJ): 382 1.26825 0.298227 0.208837 0.314232 
0.3094 - "n02124075 Egyptian cat"
0.1761 - "n02123159 tiger cat"
0.1221 - "n02123045 tabby, tabby cat"
0.1132 - "n02119022 red fox, Vulpes vulpes"
0.0421 - "n02085620 Chihuahua"
