loading weight: /home/nvidia/caffe-build/models/bvlc_alexnet/bvlc_alexnet.caffemodel
loading prototxt: /home/nvidia/caffe-build/models/bvlc_alexnet/deploy.prototxt
---------- Prediction for /home/nvidia/caffe-build/examples/images/cat.jpg ----------
Latency(us)/Energy(mJ): 1 0 0 0 0 
Latency(us)/Energy(mJ): 6261 12.0843 1.10871 2.37352 2.51535 
Latency(us)/Energy(mJ): 197 0.408889 0.0572332 0.0716823 0.0898844 
Latency(us)/Energy(mJ): 871 2.05092 0.286075 0.358297 0.452842 
Latency(us)/Energy(mJ): 464 1.10501 0.157537 0.186378 0.246533 
Latency(us)/Energy(mJ): 3577 8.6964 1.60861 1.36214 1.97188 
Latency(us)/Energy(mJ): 121 0.494889 0.114624 0.0716632 0.113585 
Latency(us)/Energy(mJ): 719 1.6808 0.389299 0.243391 0.389161 
Latency(us)/Energy(mJ): 431 1.29771 0.297924 0.186263 0.298899 
Latency(us)/Energy(mJ): 3076 8.45879 1.97304 1.17576 1.926 
Latency(us)/Energy(mJ): 177 0.533219 0.128002 0.0710711 0.117584 
Latency(us)/Energy(mJ): 2556 7.62457 1.96383 1.0033 1.66845 
Latency(us)/Energy(mJ): 129 0.337449 0.095088 0.0432424 0.0736932 
Latency(us)/Energy(mJ): 2010 6.19666 1.73485 0.788945 1.33241 
Latency(us)/Energy(mJ): 175 0.569184 0.157584 0.0716632 0.122128 
Latency(us)/Energy(mJ): 259 0.790525 0.219954 0.100027 0.170464 
Latency(us)/Energy(mJ): 3804 11.1134 2.97942 1.43271 2.41658 
Latency(us)/Energy(mJ): 121 0.575468 0.143097 0.0715486 0.139913 
Latency(us)/Energy(mJ): 5 0 0 0 0 
Latency(us)/Energy(mJ): 8747 32.6381 8.12139 3.36874 9.36612 
Latency(us)/Energy(mJ): 131 0.785564 0.185454 0.0714149 0.2507 
Latency(us)/Energy(mJ): 4 0 0 0 0 
Latency(us)/Energy(mJ): 3751 16.4457 3.96762 1.43328 5.38509 
Latency(us)/Energy(mJ): 948 4.2802 1.00213 0.357356 1.43805 
0.3094 - "n02124075 Egyptian cat"
0.1761 - "n02123159 tiger cat"
0.1221 - "n02123045 tabby, tabby cat"
0.1132 - "n02119022 red fox, Vulpes vulpes"
0.0421 - "n02085620 Chihuahua"
