loading weight: /home/nvidia/caffe-build/models/bvlc_alexnet/bvlc_alexnet.caffemodel
loading prototxt: /home/nvidia/caffe-build/models/bvlc_alexnet/deploy.prototxt
---------- Prediction for /home/nvidia/Downloads/ILSVRC2012_img_train_t3/n02085620/n02085620_1152.JPEG ----------
Latency(us)/Energy(mJ): 0 0 0 0 0 
Latency(us)/Energy(mJ): 430 1.57999 0.115827 0.154962 0.558621 
Latency(us)/Energy(mJ): 57 0.331895 0.0391157 0.0304912 0.111668 
Latency(us)/Energy(mJ): 99 0.33854 0.0450894 0.0303766 0.111248 
Latency(us)/Energy(mJ): 110 0.54331 0.0888978 0.0474186 0.175458 
Latency(us)/Energy(mJ): 930 4.58923 1.01144 0.35862 1.38491 
Latency(us)/Energy(mJ): 55 0.243294 0.0689899 0.0172136 0.0684025 
Latency(us)/Energy(mJ): 92 0.431126 0.124322 0.0301752 0.119909 
Latency(us)/Energy(mJ): 95 0.618833 0.185171 0.0425958 0.169265 
Latency(us)/Energy(mJ): 742 4.44694 1.46763 0.286863 1.1717 
Latency(us)/Energy(mJ): 62 0.212214 0.0749868 0.0129159 0.0552231 
Latency(us)/Energy(mJ): 983 6.96926 2.61505 0.389443 1.78747 
Latency(us)/Energy(mJ): 66 0.332611 0.135034 0.017305 0.0851625 
Latency(us)/Energy(mJ): 583 4.47158 1.82831 0.223556 1.12778 
Latency(us)/Energy(mJ): 57 0.359065 0.149038 0.0173279 0.0905052 
Latency(us)/Energy(mJ): 65 0.627035 0.265759 0.0301981 0.15686 
Latency(us)/Energy(mJ): 869 6.71584 2.76924 0.330624 1.70495 
Latency(us)/Energy(mJ): 62 0.617504 0.250777 0.0301523 0.161354 
Latency(us)/Energy(mJ): 1 0 0 0 0 
Latency(us)/Energy(mJ): 4496 41.3222 16.182 1.70208 11.66 
Latency(us)/Energy(mJ): 63 0.823817 0.314186 0.0301644 0.24449 
Latency(us)/Energy(mJ): 0 0 0 0 0 
Latency(us)/Energy(mJ): 1979 21.4616 8.15747 0.757104 6.4433 
Latency(us)/Energy(mJ): 77 0.875955 0.329852 0.0299364 0.266159 
0.5948 - "n02085620 Chihuahua"
0.0656 - "n02110806 basenji"
0.0383 - "n02113023 Pembroke, Pembroke Welsh corgi"
0.0311 - "n02091244 Ibizan hound, Ibizan Podenco"
0.0298 - "n02389026 sorrel"
