loading weight: /home/nvidia/caffe-build/models/bvlc_alexnet/bvlc_alexnet.caffemodel
loading prototxt: /home/nvidia/caffe-build/models/bvlc_alexnet/deploy.prototxt
---------- Prediction for /home/nvidia/caffe-build/examples/images/cat.jpg ----------
Latency(us)/Energy(mJ): 1 0 0 0 0 
Latency(us)/Energy(mJ): 10975 35.3205 2.15464 2.49433 14 
Latency(us)/Energy(mJ): 92 0.355805 0.032269 0.0242282 0.137857 
Latency(us)/Energy(mJ): 464 1.84589 0.165539 0.12429 0.717515 
Latency(us)/Energy(mJ): 221 0.771517 0.0691893 0.0519486 0.299896 
Latency(us)/Energy(mJ): 12241 43.4616 4.68448 2.79056 16.5216 
Latency(us)/Energy(mJ): 92 0.397903 0.0496701 0.0248351 0.147492 
Latency(us)/Energy(mJ): 366 1.19334 0.148964 0.0744822 0.448845 
Latency(us)/Energy(mJ): 202 0.795893 0.0983326 0.0491663 0.296286 
Latency(us)/Energy(mJ): 10268 38.2527 5.0565 2.36306 14.1426 
Latency(us)/Energy(mJ): 90 0.372739 0.0536937 0.0230259 0.136748 
Latency(us)/Energy(mJ): 8305 30.8637 4.44598 1.90661 11.1999 
Latency(us)/Energy(mJ): 96 0.377743 0.0544146 0.0233351 0.136648 
Latency(us)/Energy(mJ): 5149 18.8407 2.70815 1.16136 6.80081 
Latency(us)/Energy(mJ): 91 0.427117 0.0609027 0.0261174 0.152941 
Latency(us)/Energy(mJ): 132 0.798409 0.114463 0.0490862 0.287443 
Latency(us)/Energy(mJ): 4694 17.4308 2.49605 1.0704 6.34502 
Latency(us)/Energy(mJ): 90 0.416407 0.0581793 0.0249496 0.154491 
Latency(us)/Energy(mJ): 2 0 0 0 0 
Latency(us)/Energy(mJ): 21697 93.8742 12.3443 4.95096 36.8611 
Latency(us)/Energy(mJ): 98 0.535083 0.0701428 0.0262892 0.217431 
Latency(us)/Energy(mJ): 1 0.478685 0.0627497 0.0235183 0.194514 
Latency(us)/Energy(mJ): 9391 44.9607 5.73521 2.14953 18.3814 
Latency(us)/Energy(mJ): 573 2.67374 0.334217 0.125263 1.09892 
0.3094 - "n02124075 Egyptian cat"
0.1761 - "n02123159 tiger cat"
0.1221 - "n02123045 tabby, tabby cat"
0.1132 - "n02119022 red fox, Vulpes vulpes"
0.0421 - "n02085620 Chihuahua"
