loading weight: /home/nvidia/caffe-build/models/bvlc_alexnet/bvlc_alexnet.caffemodel
loading prototxt: /home/nvidia/caffe-build/models/bvlc_alexnet/deploy.prototxt
---------- Prediction for /home/nvidia/caffe-build/examples/images/cat.jpg ----------
Latency(us)/Energy(mJ): 0 0 0 0 0 
Latency(us)/Energy(mJ): 2902 10.5934 0.562595 1.30328 4.13523 
Latency(us)/Energy(mJ): 35 0 0 0 0 
Latency(us)/Energy(mJ): 210 1.19211 0.115537 0.138751 0.45291 
Latency(us)/Energy(mJ): 95 0.299366 0.0287084 0.0345103 0.112648 
Latency(us)/Energy(mJ): 2354 9.85052 1.21329 1.07969 3.63592 
Latency(us)/Energy(mJ): 34 0 0 0 0 
Latency(us)/Energy(mJ): 165 0.834231 0.130461 0.0869742 0.298333 
Latency(us)/Energy(mJ): 82 0.333508 0.0516967 0.0344645 0.118218 
Latency(us)/Energy(mJ): 1800 8.13485 1.36474 0.822431 2.86485 
Latency(us)/Energy(mJ): 30 0.336291 0.060606 0.0330447 0.116162 
Latency(us)/Energy(mJ): 1517 7.07626 1.40036 0.686107 2.41186 
Latency(us)/Energy(mJ): 32 0 0 0 0 
Latency(us)/Energy(mJ): 1078 5.45242 1.17589 0.448054 1.81075 
Latency(us)/Energy(mJ): 32 0 0 0 0 
Latency(us)/Energy(mJ): 49 0.563042 0.122072 0.0435483 0.186195 
Latency(us)/Energy(mJ): 1309 6.46585 1.4009 0.551413 2.1415 
Latency(us)/Energy(mJ): 35 0 0 0 0 
Latency(us)/Energy(mJ): 1 0 0 0 0 
Latency(us)/Energy(mJ): 5006 28.6175 6.44314 2.01855 9.89369 
Latency(us)/Energy(mJ): 34 0 0 0 0 
Latency(us)/Energy(mJ): 0 0 0 0 0 
Latency(us)/Energy(mJ): 2190 14.5563 3.35904 0.854545 5.18609 
Latency(us)/Energy(mJ): 217 1.26261 0.295409 0.071628 0.453268 
0.3094 - "n02124075 Egyptian cat"
0.1761 - "n02123159 tiger cat"
0.1221 - "n02123045 tabby, tabby cat"
0.1132 - "n02119022 red fox, Vulpes vulpes"
0.0421 - "n02085620 Chihuahua"
