loading weight: /home/nvidia/caffe-build/models/bvlc_alexnet/bvlc_alexnet.caffemodel
loading prototxt: /home/nvidia/caffe-build/models/bvlc_alexnet/deploy.prototxt
---------- Prediction for /home/nvidia/Downloads/ILSVRC2012_img_train_t3/n02085620/n02085620_1152.JPEG ----------
Latency(us)/Energy(mJ): 0 0 0 0 0 
Latency(us)/Energy(mJ): 224 0.865502 0.0304122 0.137455 0.302921 
Latency(us)/Energy(mJ): 21 0.123682 0.0065036 0.0195108 0.0429976 
Latency(us)/Energy(mJ): 49 0.199198 0.0104745 0.0314234 0.0692504 
Latency(us)/Energy(mJ): 44 0.121598 0.00633872 0.0190162 0.0424334 
Latency(us)/Energy(mJ): 1522 7.14182 0.665721 1.0547 2.38386 
Latency(us)/Energy(mJ): 21 0.22364 0.027694 0.0311898 0.0720952 
Latency(us)/Energy(mJ): 39 0.138421 0.017141 0.0193047 0.0446228 
Latency(us)/Energy(mJ): 39 0.223837 0.0277184 0.0312173 0.0721587 
Latency(us)/Energy(mJ): 1847 9.49852 1.58142 1.25959 2.93927 
Latency(us)/Energy(mJ): 23 0.153257 0.0282323 0.019552 0.0468167 
Latency(us)/Energy(mJ): 1393 7.98231 1.64026 0.959821 2.43713 
Latency(us)/Energy(mJ): 29 0.271243 0.0587022 0.0310936 0.0831426 
Latency(us)/Energy(mJ): 1009 6.04682 1.36182 0.671219 1.85435 
Latency(us)/Energy(mJ): 29 0.2877 0.06583 0.0311444 0.0885754 
Latency(us)/Energy(mJ): 36 0.177436 0.0406 0.019208 0.054628 
Latency(us)/Energy(mJ): 809 5.23141 1.22599 0.553931 1.61337 
Latency(us)/Energy(mJ): 25 0.299289 0.0691435 0.0311032 0.0936724 
Latency(us)/Energy(mJ): 0 0 0 0 0 
Latency(us)/Energy(mJ): 5460 41.708 9.27211 3.73705 14.192 
Latency(us)/Energy(mJ): 26 0.382911 0.082744 0.0310346 0.136761 
Latency(us)/Energy(mJ): 0 0 0 0 0 
Latency(us)/Energy(mJ): 2383 20.7843 4.44646 1.63009 7.53667 
Latency(us)/Energy(mJ): 32 0.412108 0.087249 0.0314188 0.150728 
0.5948 - "n02085620 Chihuahua"
0.0656 - "n02110806 basenji"
0.0383 - "n02113023 Pembroke, Pembroke Welsh corgi"
0.0311 - "n02091244 Ibizan hound, Ibizan Podenco"
0.0298 - "n02389026 sorrel"
