loading weight: /home/nvidia/caffe-build/models/bvlc_alexnet/bvlc_alexnet.caffemodel
loading prototxt: /home/nvidia/caffe-build/models/bvlc_alexnet/deploy.prototxt
---------- Prediction for /home/nvidia/caffe-build/examples/images/cat.jpg ----------
Latency(us)/Energy(mJ): 1 0 0 0 0 
Latency(us)/Energy(mJ): 13538 24.0153 2.72461 5.1646 4.65793 
Latency(us)/Energy(mJ): 72 0.169475 0.0319543 0.0319543 0.0320379 
Latency(us)/Energy(mJ): 568 1.07039 0.199576 0.199576 0.210025 
Latency(us)/Energy(mJ): 238 0.595464 0.110207 0.110207 0.115977 
Latency(us)/Energy(mJ): 9784 22.5221 5.31184 3.75275 4.50214 
Latency(us)/Energy(mJ): 66 0 0 0 0 
Latency(us)/Energy(mJ): 440 1.21479 0.335434 0.186244 0.2428 
Latency(us)/Energy(mJ): 190 0.505483 0.137841 0.0765337 0.0997743 
Latency(us)/Energy(mJ): 5831 15.0503 4.34334 2.22796 2.90883 
Latency(us)/Energy(mJ): 57 0 0 0 0 
Latency(us)/Energy(mJ): 3873 10.582 3.40778 1.48558 1.9367 
Latency(us)/Energy(mJ): 56 0.284822 0.0935798 0.0389831 0.0508209 
Latency(us)/Energy(mJ): 3767 10.5609 3.47025 1.44562 1.88461 
Latency(us)/Energy(mJ): 53 0.275373 0.0905079 0.0377034 0.0491526 
Latency(us)/Energy(mJ): 87 0 0 0 0 
Latency(us)/Energy(mJ): 6672 18.1312 5.77083 2.54721 3.37178 
Latency(us)/Energy(mJ): 65 0.287926 0.089082 0.0405111 0.0568428 
Latency(us)/Energy(mJ): 3 0 0 0 0 
Latency(us)/Energy(mJ): 33074 98.0329 27.6912 12.6469 22.9113 
Latency(us)/Energy(mJ): 64 0.261374 0.065322 0.032661 0.065493 
Latency(us)/Energy(mJ): 2 0 0 0 0 
Latency(us)/Energy(mJ): 14269 44.4351 10.9164 5.45819 11.3508 
Latency(us)/Energy(mJ): 400 1.24812 0.304263 0.152132 0.320591 
0.3094 - "n02124075 Egyptian cat"
0.1761 - "n02123159 tiger cat"
0.1221 - "n02123045 tabby, tabby cat"
0.1132 - "n02119022 red fox, Vulpes vulpes"
0.0421 - "n02085620 Chihuahua"
