loading weight: /home/nvidia/caffe-build/models/bvlc_alexnet/bvlc_alexnet.caffemodel
loading prototxt: /home/nvidia/caffe-build/models/bvlc_alexnet/deploy.prototxt
---------- Prediction for /home/nvidia/Downloads/ILSVRC2012_img_train_t3/n02085620/n02085620_1152.JPEG ----------
Latency(us)/Energy(mJ): 0 0 0 0 0 
Latency(us)/Energy(mJ): 444 1.55626 0.0617515 0.186067 0.559265 
Latency(us)/Energy(mJ): 48 0.303009 0.011935 0.0359622 0.108358 
Latency(us)/Energy(mJ): 94 0.307863 0.018091 0.036182 0.10902 
Latency(us)/Energy(mJ): 90 0.306616 0.0180177 0.0360354 0.108578 
Latency(us)/Energy(mJ): 2994 12.5987 1.23545 1.38667 4.29893 
Latency(us)/Energy(mJ): 46 0.145496 0.0176861 0.015169 0.048852 
Latency(us)/Energy(mJ): 78 0.345993 0.0420578 0.0360721 0.116171 
Latency(us)/Energy(mJ): 81 0.345817 0.0480979 0.0360538 0.116112 
Latency(us)/Energy(mJ): 3703 16.8576 2.74614 1.68919 5.4119 
Latency(us)/Energy(mJ): 48 0.371698 0.0658615 0.035953 0.117357 
Latency(us)/Energy(mJ): 2861 14.2611 2.68245 1.31466 4.56331 
Latency(us)/Energy(mJ): 57 0.170321 0.0327757 0.0151323 0.0549786 
Latency(us)/Energy(mJ): 2077 11.0338 2.19513 0.955635 3.57005 
Latency(us)/Energy(mJ): 57 0.422938 0.0838807 0.0359713 0.136738 
Latency(us)/Energy(mJ): 66 0.179393 0.0353294 0.0151506 0.0582208 
Latency(us)/Energy(mJ): 1655 9.01882 1.85328 0.755856 2.9432 
Latency(us)/Energy(mJ): 51 0.434498 0.083838 0.035953 0.144831 
Latency(us)/Energy(mJ): 1 0 0 0 0 
Latency(us)/Energy(mJ): 9533 61.4724 11.2103 4.36087 22.4597 
Latency(us)/Energy(mJ): 51 0.232255 0.0403576 0.0151176 0.0886213 
Latency(us)/Energy(mJ): 0 0 0 0 0 
Latency(us)/Energy(mJ): 4188 30.2097 5.12856 1.9142 11.687 
Latency(us)/Energy(mJ): 62 0.574563 0.0957212 0.0358562 0.223689 
0.5948 - "n02085620 Chihuahua"
0.0656 - "n02110806 basenji"
0.0383 - "n02113023 Pembroke, Pembroke Welsh corgi"
0.0311 - "n02091244 Ibizan hound, Ibizan Podenco"
0.0298 - "n02389026 sorrel"
