loading weight: /home/nvidia/caffe-build/models/bvlc_alexnet/bvlc_alexnet.caffemodel
loading prototxt: /home/nvidia/caffe-build/models/bvlc_alexnet/deploy.prototxt
---------- Prediction for /home/nvidia/Downloads/ILSVRC2012_img_train_t3/n02085620/n02085620_1152.JPEG ----------
Latency(us)/Energy(mJ): 0 0 0 0 0 
Latency(us)/Energy(mJ): 273 0.948856 0.0564859 0.108454 0.340282 
Latency(us)/Energy(mJ): 35 0.188228 0.0139141 0.020894 0.0655559 
Latency(us)/Energy(mJ): 64 0.319058 0.0290322 0.0348996 0.110947 
Latency(us)/Energy(mJ): 62 0.325047 0.0325186 0.0349179 0.111005 
Latency(us)/Energy(mJ): 979 4.46492 0.759116 0.431912 1.41407 
Latency(us)/Energy(mJ): 33 0.233934 0.0519601 0.020784 0.0704298 
Latency(us)/Energy(mJ): 54 0.401591 0.0916563 0.0352568 0.119473 
Latency(us)/Energy(mJ): 59 0.166901 0.0389499 0.0146102 0.0495088 
Latency(us)/Energy(mJ): 986 5.58844 1.57565 0.452 1.55385 
Latency(us)/Energy(mJ): 36 0.451603 0.137618 0.0344233 0.12302 
Latency(us)/Energy(mJ): 975 6.24255 2.07723 0.437021 1.67278 
Latency(us)/Energy(mJ): 43 0.214099 0.0748411 0.0140116 0.0563224 
Latency(us)/Energy(mJ): 634 4.747 1.71803 0.298183 1.24971 
Latency(us)/Energy(mJ): 42 0.231846 0.0866047 0.0140299 0.0605097 
Latency(us)/Energy(mJ): 50 0.577384 0.215242 0.0348691 0.151837 
Latency(us)/Energy(mJ): 641 4.69323 1.75403 0.280369 1.23629 
Latency(us)/Energy(mJ): 39 0.35401 0.128976 0.020894 0.0944575 
Latency(us)/Energy(mJ): 1 0.23771 0.0866047 0.0140299 0.0640095 
Latency(us)/Energy(mJ): 4594 41.2373 14.7809 2.07469 11.9877 
Latency(us)/Energy(mJ): 39 0.458919 0.159246 0.0172748 0.140017 
Latency(us)/Energy(mJ): 0 0 0 0 0 
Latency(us)/Energy(mJ): 2017 20.9338 7.28361 0.834888 6.48972 
Latency(us)/Energy(mJ): 48 0.819691 0.284599 0.0347928 0.257522 
0.5948 - "n02085620 Chihuahua"
0.0656 - "n02110806 basenji"
0.0383 - "n02113023 Pembroke, Pembroke Welsh corgi"
0.0311 - "n02091244 Ibizan hound, Ibizan Podenco"
0.0298 - "n02389026 sorrel"
