loading weight: /home/nvidia/caffe-build/models/bvlc_alexnet/bvlc_alexnet.caffemodel
loading prototxt: /home/nvidia/caffe-build/models/bvlc_alexnet/deploy.prototxt
---------- Prediction for /home/nvidia/caffe-build/examples/images/cat.jpg ----------
Latency(us)/Energy(mJ): 1 0 0 0 0 
Latency(us)/Energy(mJ): 8373 20.2143 1.91121 7.00573 3.41381 
Latency(us)/Energy(mJ): 51 0.20826 0.0305982 0.067284 0.035244 
Latency(us)/Energy(mJ): 668 1.81989 0.264592 0.581826 0.31636 
Latency(us)/Energy(mJ): 323 1.02025 0.147738 0.32487 0.177905 
Latency(us)/Energy(mJ): 9902 27.6926 5.28096 7.96025 4.89605 
Latency(us)/Energy(mJ): 57 0.237735 0.054868 0.060929 0.0412307 
Latency(us)/Energy(mJ): 678 2.06345 0.476234 0.528841 0.357867 
Latency(us)/Energy(mJ): 234 0.812621 0.187549 0.208266 0.140934 
Latency(us)/Energy(mJ): 5765 17.5467 4.23724 4.42188 3.05305 
Latency(us)/Energy(mJ): 38 0 0 0 0 
Latency(us)/Energy(mJ): 3948 12.4929 3.44587 3.033 2.05244 
Latency(us)/Energy(mJ): 35 0.254874 0.0727304 0.0606616 0.0410498 
Latency(us)/Energy(mJ): 3830 12.3787 3.53237 2.94621 1.99371 
Latency(us)/Energy(mJ): 38 0 0 0 0 
Latency(us)/Energy(mJ): 57 0 0 0 0 
Latency(us)/Energy(mJ): 7449 23.4774 6.28323 5.74692 3.78993 
Latency(us)/Energy(mJ): 41 0 0 0 0 
Latency(us)/Energy(mJ): 7 0 0 0 0 
Latency(us)/Energy(mJ): 33016 109.722 26.9018 24.9687 22.7351 
Latency(us)/Energy(mJ): 38 0.386014 0.086714 0.078088 0.086941 
Latency(us)/Energy(mJ): 2 0 0 0 0 
Latency(us)/Energy(mJ): 14222 48.7726 10.8707 9.78935 11.186 
Latency(us)/Energy(mJ): 261 0.697804 0.154977 0.139561 0.163294 
0.3094 - "n02124075 Egyptian cat"
0.1761 - "n02123159 tiger cat"
0.1221 - "n02123045 tabby, tabby cat"
0.1132 - "n02119022 red fox, Vulpes vulpes"
0.0421 - "n02085620 Chihuahua"
