loading weight: /home/nvidia/caffe-build/models/bvlc_alexnet/bvlc_alexnet.caffemodel
loading prototxt: /home/nvidia/caffe-build/models/bvlc_alexnet/deploy.prototxt
---------- Prediction for /home/nvidia/Downloads/ILSVRC2012_img_train_t3/n02085620/n02085620_1152.JPEG ----------
Latency(us)/Energy(mJ): 0 0 0 0 0 
Latency(us)/Energy(mJ): 519 1.86817 0.0832423 0.154421 0.678948 
Latency(us)/Energy(mJ): 60 0.1714 0.0104836 0.0139629 0.061391 
Latency(us)/Energy(mJ): 117 0.442722 0.0268892 0.0358131 0.15746 
Latency(us)/Energy(mJ): 113 0.477364 0.0289044 0.0384971 0.169261 
Latency(us)/Energy(mJ): 2351 9.55669 1.04929 0.717018 3.27578 
Latency(us)/Energy(mJ): 59 0.3486 0.0495277 0.0247233 0.116483 
Latency(us)/Energy(mJ): 102 0.354339 0.0501509 0.0250344 0.117949 
Latency(us)/Energy(mJ): 103 0.508619 0.0717925 0.0358375 0.168848 
Latency(us)/Energy(mJ): 2738 12.3367 2.17429 0.830112 3.94155 
Latency(us)/Energy(mJ): 64 0.382493 0.0739945 0.0246379 0.120766 
Latency(us)/Energy(mJ): 2308 11.5408 2.35021 0.702604 3.68942 
Latency(us)/Energy(mJ): 72 0.426199 0.0932717 0.0248453 0.138019 
Latency(us)/Energy(mJ): 1604 8.52599 1.87046 0.483462 2.76729 
Latency(us)/Energy(mJ): 71 0.446409 0.0991208 0.0247599 0.145962 
Latency(us)/Energy(mJ): 83 0.449804 0.0994871 0.0248514 0.146501 
Latency(us)/Energy(mJ): 1219 6.82241 1.49627 0.373088 2.24126 
Latency(us)/Energy(mJ): 67 0.462782 0.0996336 0.024888 0.155421 
Latency(us)/Energy(mJ): 1 0 0 0 0 
Latency(us)/Energy(mJ): 7582 50.185 10.1016 2.30936 18.5176 
Latency(us)/Energy(mJ): 67 0.596059 0.112257 0.0249551 0.231714 
Latency(us)/Energy(mJ): 1 0 0 0 0 
Latency(us)/Energy(mJ): 3325 24.9587 4.74828 1.01372 9.781 
Latency(us)/Energy(mJ): 78 0.622479 0.117578 0.024766 0.24701 
0.5948 - "n02085620 Chihuahua"
0.0656 - "n02110806 basenji"
0.0383 - "n02113023 Pembroke, Pembroke Welsh corgi"
0.0311 - "n02091244 Ibizan hound, Ibizan Podenco"
0.0298 - "n02389026 sorrel"
