loading weight: /home/nvidia/caffe-build/models/bvlc_alexnet/bvlc_alexnet.caffemodel
loading prototxt: /home/nvidia/caffe-build/models/bvlc_alexnet/deploy.prototxt
---------- Prediction for /home/nvidia/caffe-build/examples/images/cat.jpg ----------
Latency(us)/Energy(mJ): 2 0 0 0 0 
Latency(us)/Energy(mJ): 8006 17.5274 1.86985 5.03853 3.14688 
Latency(us)/Energy(mJ): 44 0.200502 0.0323172 0.0516906 0.037224 
Latency(us)/Energy(mJ): 684 1.67895 0.266235 0.425836 0.306658 
Latency(us)/Energy(mJ): 315 0.675604 0.107132 0.171355 0.127272 
Latency(us)/Energy(mJ): 9643 25.2209 5.24527 5.92471 4.75104 
Latency(us)/Energy(mJ): 49 0.229338 0.0565536 0.0502242 0.0424974 
Latency(us)/Energy(mJ): 510 1.41062 0.347853 0.308922 0.261395 
Latency(us)/Energy(mJ): 194 0.548514 0.135261 0.120123 0.101642 
Latency(us)/Energy(mJ): 5767 16.3107 4.24122 3.51603 2.97726 
Latency(us)/Energy(mJ): 39 0.325796 0.094206 0.0685237 0.0579816 
Latency(us)/Energy(mJ): 3910 11.2779 3.32806 2.16879 1.97406 
Latency(us)/Energy(mJ): 36 0.342506 0.104034 0.0606958 0.0586537 
Latency(us)/Energy(mJ): 3807 11.4776 3.48578 2.03396 1.96553 
Latency(us)/Energy(mJ): 43 0 0 0 0 
Latency(us)/Energy(mJ): 62 0.341902 0.103737 0.0605888 0.0585503 
Latency(us)/Energy(mJ): 6989 20.5242 5.92212 3.77162 3.57738 
Latency(us)/Energy(mJ): 45 0 0 0 0 
Latency(us)/Energy(mJ): 9 0 0 0 0 
Latency(us)/Energy(mJ): 32876 102.679 27.3617 17.6072 22.7437 
Latency(us)/Energy(mJ): 41 0.267232 0.063603 0.0445388 0.0637695 
Latency(us)/Energy(mJ): 2 0 0 0 0 
Latency(us)/Energy(mJ): 14151 45.9269 11.1066 7.54829 11.1977 
Latency(us)/Energy(mJ): 290 1.02406 0.238024 0.166679 0.250798 
0.3094 - "n02124075 Egyptian cat"
0.1761 - "n02123159 tiger cat"
0.1221 - "n02123045 tabby, tabby cat"
0.1132 - "n02119022 red fox, Vulpes vulpes"
0.0421 - "n02085620 Chihuahua"
