loading weight: /home/nvidia/caffe-build/models/bvlc_alexnet/bvlc_alexnet.caffemodel
loading prototxt: /home/nvidia/caffe-build/models/bvlc_alexnet/deploy.prototxt
---------- Prediction for /home/nvidia/Downloads/ILSVRC2012_img_train_t3/n02085620/n02085620_1152.JPEG ----------
Latency(us)/Energy(mJ): 0 0 0 0 0 
Latency(us)/Energy(mJ): 738 2.71984 0.108865 0.328029 0.946843 
Latency(us)/Energy(mJ): 76 0.313622 0.0124792 0.0376018 0.108536 
Latency(us)/Energy(mJ): 145 0.626744 0.0248672 0.0749288 0.216279 
Latency(us)/Energy(mJ): 137 0.456365 0.0270815 0.0541631 0.15634 
Latency(us)/Energy(mJ): 6785 27.4512 2.50006 3.1058 9.07573 
Latency(us)/Energy(mJ): 75 0.347169 0.03784 0.03784 0.114016 
Latency(us)/Energy(mJ): 120 0.538024 0.0586423 0.0586423 0.176695 
Latency(us)/Energy(mJ): 128 0.499366 0.0544287 0.0544287 0.163999 
Latency(us)/Energy(mJ): 8518 36.6126 4.90317 3.91509 11.5527 
Latency(us)/Energy(mJ): 81 0.354497 0.0497354 0.0372812 0.112332 
Latency(us)/Energy(mJ): 6322 28.4679 4.0888 2.88349 9.13917 
Latency(us)/Energy(mJ): 88 0.375318 0.0557981 0.0371988 0.122967 
Latency(us)/Energy(mJ): 4703 22.211 3.25039 2.16693 7.27799 
Latency(us)/Energy(mJ): 87 0.385713 0.055963 0.0373087 0.126426 
Latency(us)/Energy(mJ): 108 0.557215 0.0808462 0.0538974 0.182639 
Latency(us)/Energy(mJ): 3990 18.9731 2.74499 1.82999 6.29973 
Latency(us)/Energy(mJ): 83 0.391504 0.0558943 0.0372629 0.132291 
Latency(us)/Energy(mJ): 2 0 0 0 0 
Latency(us)/Energy(mJ): 21505 116.973 14.7222 9.83679 43.251 
Latency(us)/Energy(mJ): 90 0.724589 0.0780434 0.0585965 0.276606 
Latency(us)/Energy(mJ): 1 0 0 0 0 
Latency(us)/Energy(mJ): 9489 54.5018 6.35783 4.34691 20.959 
Latency(us)/Energy(mJ): 102 0.469881 0.0497272 0.0373362 0.182442 
0.5948 - "n02085620 Chihuahua"
0.0656 - "n02110806 basenji"
0.0383 - "n02113023 Pembroke, Pembroke Welsh corgi"
0.0311 - "n02091244 Ibizan hound, Ibizan Podenco"
0.0298 - "n02389026 sorrel"
