loading weight: /home/nvidia/caffe-build/models/bvlc_alexnet/bvlc_alexnet.caffemodel
loading prototxt: /home/nvidia/caffe-build/models/bvlc_alexnet/deploy.prototxt
---------- Prediction for /home/nvidia/caffe-build/examples/images/cat.jpg ----------
Latency(us)/Energy(mJ): 0 0 0 0 0 
Latency(us)/Energy(mJ): 4857 11.1136 0.917473 1.85006 3.07701 
Latency(us)/Energy(mJ): 36 0 0 0 0 
Latency(us)/Energy(mJ): 255 0.66772 0.0819535 0.102643 0.183888 
Latency(us)/Energy(mJ): 103 0.28573 0.0345413 0.0432615 0.0781425 
Latency(us)/Energy(mJ): 4203 11.3516 1.8493 1.60587 3.1075 
Latency(us)/Energy(mJ): 34 0 0 0 0 
Latency(us)/Energy(mJ): 195 0.552851 0.103201 0.0736878 0.149243 
Latency(us)/Energy(mJ): 91 0.32231 0.0593583 0.0423829 0.0870957 
Latency(us)/Energy(mJ): 3133 9.48068 2.00971 1.21837 2.50372 
Latency(us)/Energy(mJ): 33 0 0 0 0 
Latency(us)/Energy(mJ): 2492 7.82118 1.88134 0.962086 2.0124 
Latency(us)/Energy(mJ): 32 0 0 0 0 
Latency(us)/Energy(mJ): 1775 5.74671 1.51313 0.688116 1.45009 
Latency(us)/Energy(mJ): 33 0 0 0 0 
Latency(us)/Energy(mJ): 49 0.239947 0.06279 0.0285545 0.0601738 
Latency(us)/Energy(mJ): 2178 7.06445 1.84372 0.838452 1.81153 
Latency(us)/Energy(mJ): 36 0 0 0 0 
Latency(us)/Energy(mJ): 1 0 0 0 0 
Latency(us)/Energy(mJ): 9225 35.4317 8.50803 3.52498 10.8612 
Latency(us)/Energy(mJ): 35 0.350664 0.0812944 0.0313049 0.116205 
Latency(us)/Energy(mJ): 0 0 0 0 0 
Latency(us)/Energy(mJ): 3976 17.7578 4.08762 1.51686 6.02545 
Latency(us)/Energy(mJ): 226 0.877445 0.202896 0.0723138 0.305009 
0.3094 - "n02124075 Egyptian cat"
0.1761 - "n02123159 tiger cat"
0.1221 - "n02123045 tabby, tabby cat"
0.1132 - "n02119022 red fox, Vulpes vulpes"
0.0421 - "n02085620 Chihuahua"
