loading weight: /home/nvidia/caffe-build/models/bvlc_alexnet/bvlc_alexnet.caffemodel
loading prototxt: /home/nvidia/caffe-build/models/bvlc_alexnet/deploy.prototxt
---------- Prediction for /home/nvidia/caffe-build/examples/images/cat.jpg ----------
Latency(us)/Energy(mJ): 1 0 0 0 0 
Latency(us)/Energy(mJ): 11504 31.5702 2.30007 14.0557 4.7158 
Latency(us)/Energy(mJ): 32 0.31815 0.0343125 0.128925 0.0495 
Latency(us)/Energy(mJ): 602 1.63685 0.176534 0.663305 0.254672 
Latency(us)/Energy(mJ): 217 0.771478 0.083204 0.312629 0.120032 
Latency(us)/Energy(mJ): 15453 45.2301 5.69515 17.5368 7.14225 
Latency(us)/Energy(mJ): 33 0.3373 0.0518227 0.12107 0.052049 
Latency(us)/Energy(mJ): 395 1.15216 0.177017 0.413555 0.179956 
Latency(us)/Energy(mJ): 164 0.237735 0.0365255 0.0853325 0.0382003 
Latency(us)/Energy(mJ): 11324 33.9494 5.21598 12.1858 5.24824 
Latency(us)/Energy(mJ): 31 0.3373 0.0518227 0.12107 0.049786 
Latency(us)/Energy(mJ): 8626 25.6436 4.47661 9.20451 3.60704 
Latency(us)/Energy(mJ): 44 0 0 0 0 
Latency(us)/Energy(mJ): 6115 18.1728 3.3028 6.60559 2.48173 
Latency(us)/Energy(mJ): 28 0 0 0 0 
Latency(us)/Energy(mJ): 51 0.335061 0.0609097 0.121819 0.0457677 
Latency(us)/Energy(mJ): 7541 21.9102 3.58138 8.07513 3.10611 
Latency(us)/Energy(mJ): 35 0 0 0 0 
Latency(us)/Energy(mJ): 3 0 0 0 0 
Latency(us)/Energy(mJ): 36263 115.285 16.6293 38.6038 22.4647 
Latency(us)/Energy(mJ): 36 0 0 0 0 
Latency(us)/Energy(mJ): 2 0 0 0 0 
Latency(us)/Energy(mJ): 15544 51.8044 7.12927 15.4571 11.24 
Latency(us)/Energy(mJ): 281 0.988554 0.134629 0.299569 0.219581 
0.3094 - "n02124075 Egyptian cat"
0.1761 - "n02123159 tiger cat"
0.1221 - "n02123045 tabby, tabby cat"
0.1132 - "n02119022 red fox, Vulpes vulpes"
0.0421 - "n02085620 Chihuahua"
