loading weight: /home/nvidia/caffe-build/models/bvlc_alexnet/bvlc_alexnet.caffemodel
loading prototxt: /home/nvidia/caffe-build/models/bvlc_alexnet/deploy.prototxt
---------- Prediction for /home/nvidia/Downloads/ILSVRC2012_img_train_t3/n02085620/n02085620_1152.JPEG ----------
Latency(us)/Energy(mJ): 0 0 0 0 0 
Latency(us)/Energy(mJ): 480 1.77399 0.103526 0.143405 0.629513 
Latency(us)/Energy(mJ): 62 0.140794 0.0109129 0.0109129 0.0486608 
Latency(us)/Energy(mJ): 118 0.507865 0.045086 0.038857 0.173264 
Latency(us)/Energy(mJ): 117 0.479195 0.0446608 0.0357521 0.159419 
Latency(us)/Energy(mJ): 1052 4.71934 0.713571 0.373571 1.49849 
Latency(us)/Energy(mJ): 61 0.391492 0.0800742 0.0307543 0.117528 
Latency(us)/Energy(mJ): 97 0.399643 0.0837902 0.0249368 0.119043 
Latency(us)/Energy(mJ): 104 0.627091 0.138398 0.0385276 0.185458 
Latency(us)/Energy(mJ): 936 4.87454 1.23527 0.283083 1.39393 
Latency(us)/Energy(mJ): 65 0.452803 0.124461 0.0248758 0.128815 
Latency(us)/Energy(mJ): 1103 6.58383 1.94835 0.362294 1.8638 
Latency(us)/Energy(mJ): 71 0.522129 0.16442 0.0309296 0.146822 
Latency(us)/Energy(mJ): 665 4.30894 1.38813 0.243699 1.20719 
Latency(us)/Energy(mJ): 63 0.557478 0.185145 0.0308305 0.15566 
Latency(us)/Energy(mJ): 74 0.56436 0.186518 0.0310591 0.156621 
Latency(us)/Energy(mJ): 993 6.62656 2.13413 0.348054 1.86275 
Latency(us)/Energy(mJ): 68 0.553776 0.173187 0.0308915 0.160673 
Latency(us)/Energy(mJ): 1 0 0 0 0 
Latency(us)/Energy(mJ): 4685 37.7613 11.5865 1.76832 11.8794 
Latency(us)/Energy(mJ): 68 0.739099 0.222102 0.030861 0.244863 
Latency(us)/Energy(mJ): 1 0 0 0 0 
Latency(us)/Energy(mJ): 2036 19.6583 5.89484 0.788923 6.58933 
Latency(us)/Energy(mJ): 81 0.786654 0.232446 0.0305216 0.267385 
0.5948 - "n02085620 Chihuahua"
0.0656 - "n02110806 basenji"
0.0383 - "n02113023 Pembroke, Pembroke Welsh corgi"
0.0311 - "n02091244 Ibizan hound, Ibizan Podenco"
0.0298 - "n02389026 sorrel"
