loading weight: /home/nvidia/caffe-build/models/bvlc_alexnet/bvlc_alexnet.caffemodel
loading prototxt: /home/nvidia/caffe-build/models/bvlc_alexnet/deploy.prototxt
---------- Prediction for /home/nvidia/caffe-build/examples/images/cat.jpg ----------
Latency(us)/Energy(mJ): 0 0 0 0 0 
Latency(us)/Energy(mJ): 4009 13.7724 0.761759 1.21245 5.46371 
Latency(us)/Energy(mJ): 46 0 0 0 0 
Latency(us)/Energy(mJ): 246 1.14237 0.0956022 0.0956022 0.444472 
Latency(us)/Energy(mJ): 119 0.310764 0.0258335 0.0258335 0.120105 
Latency(us)/Energy(mJ): 3640 14.1496 1.60321 1.11811 5.37346 
Latency(us)/Energy(mJ): 47 0.339593 0.0447759 0.0255742 0.125356 
Latency(us)/Energy(mJ): 201 0.81405 0.107334 0.061305 0.300495 
Latency(us)/Energy(mJ): 106 0.461295 0.0608226 0.0347395 0.170281 
Latency(us)/Energy(mJ): 3093 12.5286 1.93872 0.923067 4.5783 
Latency(us)/Energy(mJ): 45 0.475036 0.0776653 0.0344803 0.171158 
Latency(us)/Energy(mJ): 2466 10.4528 1.81815 0.747204 3.7069 
Latency(us)/Energy(mJ): 46 0 0 0 0 
Latency(us)/Energy(mJ): 1598 6.8738 1.29423 0.480955 2.38743 
Latency(us)/Energy(mJ): 46 0.499484 0.095508 0.0346785 0.172142 
Latency(us)/Energy(mJ): 68 0.368792 0.070518 0.0256047 0.1271 
Latency(us)/Energy(mJ): 1762 7.84045 1.49831 0.544029 2.73963 
Latency(us)/Energy(mJ): 47 0 0 0 0 
Latency(us)/Energy(mJ): 2 0 0 0 0 
Latency(us)/Energy(mJ): 6619 33.6865 6.41121 2.01937 12.41 
Latency(us)/Energy(mJ): 47 0.479436 0.0912072 0.026047 0.18139 
Latency(us)/Energy(mJ): 0 0 0 0 0 
Latency(us)/Energy(mJ): 2849 16.6848 3.20528 0.876799 6.37105 
Latency(us)/Energy(mJ): 299 1.67466 0.319062 0.0850645 0.644039 
0.3094 - "n02124075 Egyptian cat"
0.1761 - "n02123159 tiger cat"
0.1221 - "n02123045 tabby, tabby cat"
0.1132 - "n02119022 red fox, Vulpes vulpes"
0.0421 - "n02085620 Chihuahua"
