loading weight: /home/nvidia/caffe-build/models/bvlc_alexnet/bvlc_alexnet.caffemodel
loading prototxt: /home/nvidia/caffe-build/models/bvlc_alexnet/deploy.prototxt
---------- Prediction for /home/nvidia/Downloads/ILSVRC2012_img_train_t3/n02085620/n02085620_1152.JPEG ----------
Latency(us)/Energy(mJ): 0 0 0 0 0 
Latency(us)/Energy(mJ): 216 0.903619 0.0333849 0.165262 0.30534 
Latency(us)/Energy(mJ): 19 0.1263 0.00625628 0.0229488 0.0424006 
Latency(us)/Energy(mJ): 47 0.209886 0.0104012 0.0381528 0.0704918 
Latency(us)/Energy(mJ): 40 0.129388 0.006412 0.02352 0.043456 
Latency(us)/Energy(mJ): 1520 7.48244 0.671441 1.28142 2.40994 
Latency(us)/Energy(mJ): 21 0.233109 0.0275842 0.0379848 0.0735277 
Latency(us)/Energy(mJ): 37 0.144649 0.0171166 0.0235704 0.0456256 
Latency(us)/Energy(mJ): 38 0.234873 0.0275842 0.0379848 0.0735277 
Latency(us)/Energy(mJ): 1841 9.99837 1.59092 1.54659 3.00338 
Latency(us)/Energy(mJ): 21 0 0 0 0 
Latency(us)/Energy(mJ): 1385 8.1743 1.59474 1.15691 2.41981 
Latency(us)/Energy(mJ): 31 0.279517 0.0586244 0.0379228 0.0830324 
Latency(us)/Energy(mJ): 1005 6.50469 1.39519 0.85375 1.93823 
Latency(us)/Energy(mJ): 28 0.183239 0.0404561 0.0234249 0.0544719 
Latency(us)/Energy(mJ): 33 0 0 0 0 
Latency(us)/Energy(mJ): 819 5.6682 1.27239 0.711153 1.70395 
Latency(us)/Energy(mJ): 23 0.189497 0.0425475 0.0234081 0.0581715 
Latency(us)/Energy(mJ): 0 0 0 0 0 
Latency(us)/Energy(mJ): 5497 43.0797 9.2417 4.60244 14.319 
Latency(us)/Energy(mJ): 23 0.24234 0.051212 0.023464 0.084644 
Latency(us)/Energy(mJ): 0 0 0 0 0 
Latency(us)/Energy(mJ): 2415 21.3363 4.40013 2.00538 7.55666 
Latency(us)/Energy(mJ): 32 0.671133 0.139716 0.0614924 0.240099 
0.5948 - "n02085620 Chihuahua"
0.0656 - "n02110806 basenji"
0.0383 - "n02113023 Pembroke, Pembroke Welsh corgi"
0.0311 - "n02091244 Ibizan hound, Ibizan Podenco"
0.0298 - "n02389026 sorrel"
