loading weight: /home/nvidia/caffe-build/models/bvlc_alexnet/bvlc_alexnet.caffemodel
loading prototxt: /home/nvidia/caffe-build/models/bvlc_alexnet/deploy.prototxt
---------- Prediction for /home/nvidia/caffe-build/examples/images/cat.jpg ----------
Latency(us)/Energy(mJ): 1 0 0 0 0 
Latency(us)/Energy(mJ): 7484 19.0122 1.5374 7.81657 3.01455 
Latency(us)/Energy(mJ): 56 0.325175 0.0355478 0.124708 0.053613 
Latency(us)/Energy(mJ): 792 3.44194 0.375836 1.31851 0.566835 
Latency(us)/Energy(mJ): 359 0 0 0 0 
Latency(us)/Energy(mJ): 9893 32.0048 4.82728 10.9971 5.43487 
Latency(us)/Energy(mJ): 56 0 0 0 0 
Latency(us)/Energy(mJ): 431 1.28822 0.257475 0.395544 0.217864 
Latency(us)/Energy(mJ): 160 0.643804 0.128677 0.19312 0.10888 
Latency(us)/Energy(mJ): 5982 18.5157 3.79603 5.50686 3.18685 
Latency(us)/Energy(mJ): 39 0.307759 0.0674634 0.0900494 0.0507694 
Latency(us)/Energy(mJ): 3998 12.6441 2.90108 3.65755 2.06211 
Latency(us)/Energy(mJ): 32 0 0 0 0 
Latency(us)/Energy(mJ): 3907 12.602 2.99935 3.6 2.02966 
Latency(us)/Energy(mJ): 39 0.369632 0.0879746 0.105593 0.0595325 
Latency(us)/Energy(mJ): 48 0 0 0 0 
Latency(us)/Energy(mJ): 7150 22.0703 5.07959 6.2046 3.65465 
Latency(us)/Energy(mJ): 35 0.312386 0.0693183 0.084756 0.0559995 
Latency(us)/Energy(mJ): 3 0 0 0 0 
Latency(us)/Energy(mJ): 33252 109.127 22.7379 27.8807 22.9857 
Latency(us)/Energy(mJ): 37 0.392967 0.0713953 0.098154 0.0895071 
Latency(us)/Energy(mJ): 56 0 0 0 0 
Latency(us)/Energy(mJ): 14167 48.2987 9.62752 11.9085 11.2449 
Latency(us)/Energy(mJ): 262 1.04954 0.209604 0.256284 0.245606 
0.3094 - "n02124075 Egyptian cat"
0.1761 - "n02123159 tiger cat"
0.1221 - "n02123045 tabby, tabby cat"
0.1132 - "n02119022 red fox, Vulpes vulpes"
0.0421 - "n02085620 Chihuahua"
