loading weight: /home/nvidia/caffe-build/models/bvlc_alexnet/bvlc_alexnet.caffemodel
loading prototxt: /home/nvidia/caffe-build/models/bvlc_alexnet/deploy.prototxt
---------- Prediction for /home/nvidia/Downloads/ILSVRC2012_img_train_t3/n02085620/n02085620_1152.JPEG ----------
Latency(us)/Energy(mJ): 0 0 0 0 0 
Latency(us)/Energy(mJ): 1064 3.51163 0.291215 0.214491 1.25024 
Latency(us)/Energy(mJ): 76 0.356764 0.0531203 0.0199093 0.119977 
Latency(us)/Energy(mJ): 480 2.40751 0.414864 0.130315 0.792157 
Latency(us)/Energy(mJ): 403 1.85664 0.327922 0.0984196 0.609428 
Latency(us)/Energy(mJ): 1495 6.73013 1.46225 0.337564 2.11168 
Latency(us)/Energy(mJ): 125 0.800601 0.217752 0.0362919 0.233106 
Latency(us)/Energy(mJ): 400 1.98178 0.541466 0.0902443 0.576781 
Latency(us)/Energy(mJ): 343 1.74655 0.479663 0.0799439 0.513383 
Latency(us)/Energy(mJ): 970 4.85394 1.32318 0.217903 1.42462 
Latency(us)/Energy(mJ): 132 0.86522 0.253196 0.036182 0.254114 
Latency(us)/Energy(mJ): 1340 7.9048 2.46646 0.308249 2.29932 
Latency(us)/Energy(mJ): 140 0.782304 0.25042 0.0287782 0.224545 
Latency(us)/Energy(mJ): 1199 7.38361 2.42542 0.272737 2.1296 
Latency(us)/Energy(mJ): 127 0.712702 0.240175 0.0259099 0.204966 
Latency(us)/Energy(mJ): 160 1.288 0.425431 0.0470866 0.37046 
Latency(us)/Energy(mJ): 5210 28.5206 8.15502 1.1837 8.57606 
Latency(us)/Energy(mJ): 147 0.845911 0.211668 0.0363102 0.271512 
Latency(us)/Energy(mJ): 3 0 0 0 0 
Latency(us)/Energy(mJ): 4684 32.3259 8.73119 1.07315 10.9012 
Latency(us)/Energy(mJ): 137 1.29183 0.362697 0.0361745 0.447736 
Latency(us)/Energy(mJ): 1 0 0 0 0 
Latency(us)/Energy(mJ): 1977 17.0609 4.80876 0.453027 5.9746 
Latency(us)/Energy(mJ): 201 1.84085 0.517833 0.0466442 0.648886 
0.5948 - "n02085620 Chihuahua"
0.0656 - "n02110806 basenji"
0.0383 - "n02113023 Pembroke, Pembroke Welsh corgi"
0.0311 - "n02091244 Ibizan hound, Ibizan Podenco"
0.0298 - "n02389026 sorrel"
