loading weight: /home/nvidia/caffe-build/models/bvlc_alexnet/bvlc_alexnet.caffemodel
loading prototxt: /home/nvidia/caffe-build/models/bvlc_alexnet/deploy.prototxt
---------- Prediction for /home/nvidia/caffe-build/examples/images/cat.jpg ----------
Latency(us)/Energy(mJ): 3 0 0 0 0 
Latency(us)/Energy(mJ): 3224 8.58662 0.645516 2.46042 1.85622 
Latency(us)/Energy(mJ): 37 0 0 0 0 
Latency(us)/Energy(mJ): 320 1.08329 0.143403 0.286806 0.239417 
Latency(us)/Energy(mJ): 127 0.329863 0.0433761 0.0867522 0.0739211 
Latency(us)/Energy(mJ): 3283 10.2693 1.68073 2.50611 2.28877 
Latency(us)/Energy(mJ): 34 0 0 0 0 
Latency(us)/Energy(mJ): 229 1.01529 0.207405 0.230652 0.225519 
Latency(us)/Energy(mJ): 108 0.256597 0.0524181 0.0582932 0.0569961 
Latency(us)/Energy(mJ): 2353 8.19549 1.78279 1.80633 1.80533 
Latency(us)/Energy(mJ): 31 0.273068 0.06384 0.058064 0.058216 
Latency(us)/Energy(mJ): 1711 6.22306 1.57629 1.29742 1.32735 
Latency(us)/Energy(mJ): 30 0 0 0 0 
Latency(us)/Energy(mJ): 1484 5.69282 1.55511 1.1523 1.21045 
Latency(us)/Energy(mJ): 29 0 0 0 0 
Latency(us)/Energy(mJ): 48 0.432806 0.121118 0.0865612 0.0912065 
Latency(us)/Energy(mJ): 2332 8.55813 2.35365 1.72729 1.85126 
Latency(us)/Energy(mJ): 30 0.291162 0.0806561 0.0576438 0.0664715 
Latency(us)/Energy(mJ): 8 0 0 0 0 
Latency(us)/Energy(mJ): 8681 38.6389 10.2591 6.26623 10.2005 
Latency(us)/Energy(mJ): 30 0 0 0 0 
Latency(us)/Energy(mJ): 4 0 0 0 0 
Latency(us)/Energy(mJ): 3725 19.2827 5.02895 2.59143 5.70958 
Latency(us)/Energy(mJ): 214 0.993922 0.259136 0.129568 0.30093 
0.3094 - "n02124075 Egyptian cat"
0.1761 - "n02123159 tiger cat"
0.1221 - "n02123045 tabby, tabby cat"
0.1132 - "n02119022 red fox, Vulpes vulpes"
0.0421 - "n02085620 Chihuahua"
