loading weight: /home/nvidia/caffe-build/models/bvlc_alexnet/bvlc_alexnet.caffemodel
loading prototxt: /home/nvidia/caffe-build/models/bvlc_alexnet/deploy.prototxt
---------- Prediction for /home/nvidia/Downloads/ILSVRC2012_img_train_t3/n02085620/n02085620_1152.JPEG ----------
Latency(us)/Energy(mJ): 0 0 0 0 0 
Latency(us)/Energy(mJ): 248 0.983312 0.0352032 0.141508 0.347637 
Latency(us)/Energy(mJ): 24 0 0 0 0 
Latency(us)/Energy(mJ): 53 0.320497 0.0171521 0.0457639 0.113399 
Latency(us)/Energy(mJ): 49 0.194869 0.0103371 0.0275805 0.068342 
Latency(us)/Energy(mJ): 1704 7.92055 0.746073 1.0576 2.67699 
Latency(us)/Energy(mJ): 24 0 0 0 0 
Latency(us)/Energy(mJ): 42 0.219138 0.0277794 0.0278249 0.0723175 
Latency(us)/Energy(mJ): 42 0.140553 0.0176778 0.0177068 0.0460202 
Latency(us)/Energy(mJ): 2092 10.7391 1.73465 1.29317 3.37263 
Latency(us)/Energy(mJ): 25 0.147876 0.0278355 0.0171166 0.0456256 
Latency(us)/Energy(mJ): 1580 8.65151 1.72498 0.947354 2.68348 
Latency(us)/Energy(mJ): 33 0.431226 0.0901586 0.0450424 0.134167 
Latency(us)/Energy(mJ): 1098 6.64311 1.44829 0.674843 2.07393 
Latency(us)/Energy(mJ): 31 0.453821 0.101382 0.0450424 0.141256 
Latency(us)/Energy(mJ): 37 0 0 0 0 
Latency(us)/Energy(mJ): 932 6.04835 1.37957 0.587674 1.89536 
Latency(us)/Energy(mJ): 28 0 0 0 0 
Latency(us)/Energy(mJ): 0 0 0 0 0 
Latency(us)/Energy(mJ): 5846 43.6024 9.32352 3.58127 15.1019 
Latency(us)/Energy(mJ): 27 0.235418 0.0481347 0.0175192 0.0857292 
Latency(us)/Energy(mJ): 0 0 0 0 0 
Latency(us)/Energy(mJ): 2612 22.2257 4.52482 1.60143 8.17798 
Latency(us)/Energy(mJ): 35 0.248745 0.0503812 0.0175314 0.0929164 
0.5948 - "n02085620 Chihuahua"
0.0656 - "n02110806 basenji"
0.0383 - "n02113023 Pembroke, Pembroke Welsh corgi"
0.0311 - "n02091244 Ibizan hound, Ibizan Podenco"
0.0298 - "n02389026 sorrel"
