loading weight: /home/nvidia/caffe-build/models/bvlc_alexnet/bvlc_alexnet.caffemodel
loading prototxt: /home/nvidia/caffe-build/models/bvlc_alexnet/deploy.prototxt
---------- Prediction for /home/nvidia/caffe-build/examples/images/cat.jpg ----------
Latency(us)/Energy(mJ): 1 0 0 0 0 
Latency(us)/Energy(mJ): 4106 9.36307 0.791036 2.197 2.07563 
Latency(us)/Energy(mJ): 67 0 0 0 0 
Latency(us)/Energy(mJ): 434 1.10104 0.166705 0.233474 0.25093 
Latency(us)/Energy(mJ): 205 0.554201 0.0831996 0.116523 0.125235 
Latency(us)/Energy(mJ): 3236 9.21756 1.67202 1.7712 2.11078 
Latency(us)/Energy(mJ): 70 0 0 0 0 
Latency(us)/Energy(mJ): 334 1.29409 0.294911 0.229328 0.295768 
Latency(us)/Energy(mJ): 171 0.350959 0.07998 0.0621938 0.0802125 
Latency(us)/Energy(mJ): 2367 7.70694 1.87252 1.31153 1.74402 
Latency(us)/Energy(mJ): 62 0 0 0 0 
Latency(us)/Energy(mJ): 1855 6.39864 1.77982 1.02963 1.40107 
Latency(us)/Energy(mJ): 55 0 0 0 0 
Latency(us)/Energy(mJ): 1610 5.56038 1.63309 0.86226 1.18963 
Latency(us)/Energy(mJ): 58 0.349139 0.106152 0.0531255 0.0741771 
Latency(us)/Energy(mJ): 85 0.401527 0.12208 0.061097 0.0853074 
Latency(us)/Energy(mJ): 2770 9.60334 2.82262 1.49046 2.0897 
Latency(us)/Energy(mJ): 58 0 0 0 0 
Latency(us)/Energy(mJ): 6 0 0 0 0 
Latency(us)/Energy(mJ): 8677 36.1188 10.0873 4.60199 9.87724 
Latency(us)/Energy(mJ): 58 0 0 0 0 
Latency(us)/Energy(mJ): 2 0 0 0 0 
Latency(us)/Energy(mJ): 3689 17.9802 4.91198 1.7107 5.54885 
Latency(us)/Energy(mJ): 394 2.15079 0.590683 0.196894 0.678584 
0.3094 - "n02124075 Egyptian cat"
0.1761 - "n02123159 tiger cat"
0.1221 - "n02123045 tabby, tabby cat"
0.1132 - "n02119022 red fox, Vulpes vulpes"
0.0421 - "n02085620 Chihuahua"
