loading weight: /home/nvidia/caffe-build/models/bvlc_alexnet/bvlc_alexnet.caffemodel
loading prototxt: /home/nvidia/caffe-build/models/bvlc_alexnet/deploy.prototxt
---------- Prediction for /home/nvidia/caffe-build/examples/images/cat.jpg ----------
Latency(us)/Energy(mJ): 2 0 0 0 0 
Latency(us)/Energy(mJ): 3155 10.6529 0.623233 4.55035 2.04795 
Latency(us)/Energy(mJ): 22 0 0 0 0 
Latency(us)/Energy(mJ): 275 0.932442 0.0797728 0.379509 0.184028 
Latency(us)/Energy(mJ): 125 0.674586 0.0572638 0.272425 0.133115 
Latency(us)/Energy(mJ): 3570 13.4037 1.60529 4.92003 2.70604 
Latency(us)/Energy(mJ): 35 0 0 0 0 
Latency(us)/Energy(mJ): 195 0.737812 0.114562 0.257812 0.150938 
Latency(us)/Energy(mJ): 88 0.44741 0.0694707 0.156337 0.0915285 
Latency(us)/Energy(mJ): 2782 11.2982 1.84365 3.87214 2.30838 
Latency(us)/Energy(mJ): 19 0 0 0 0 
Latency(us)/Energy(mJ): 1943 8.09983 1.55892 2.5741 1.60569 
Latency(us)/Energy(mJ): 21 0 0 0 0 
Latency(us)/Energy(mJ): 1551 6.86408 1.41145 2.09457 1.34291 
Latency(us)/Energy(mJ): 28 0 0 0 0 
Latency(us)/Energy(mJ): 42 0.317288 0.0679214 0.0963208 0.0625085 
Latency(us)/Energy(mJ): 2221 9.2678 1.89807 2.82513 1.84348 
Latency(us)/Energy(mJ): 24 0.320321 0.062328 0.0963858 0.06678 
Latency(us)/Energy(mJ): 1 0 0 0 0 
Latency(us)/Energy(mJ): 8936 43.2188 8.88442 11.1113 10.6736 
Latency(us)/Energy(mJ): 21 0 0 0 0 
Latency(us)/Energy(mJ): 1 0 0 0 0 
Latency(us)/Energy(mJ): 3810 20.7624 4.26962 4.67798 5.86466 
Latency(us)/Energy(mJ): 145 1.04773 0.215145 0.22083 0.303376 
0.3094 - "n02124075 Egyptian cat"
0.1761 - "n02123159 tiger cat"
0.1221 - "n02123045 tabby, tabby cat"
0.1132 - "n02119022 red fox, Vulpes vulpes"
0.0421 - "n02085620 Chihuahua"
