loading weight: /home/nvidia/caffe-build/models/bvlc_alexnet/bvlc_alexnet.caffemodel
loading prototxt: /home/nvidia/caffe-build/models/bvlc_alexnet/deploy.prototxt
---------- Prediction for /home/nvidia/caffe-build/examples/images/cat.jpg ----------
Latency(us)/Energy(mJ): 1 0 0 0 0 
Latency(us)/Energy(mJ): 3475 12.4259 0.651045 1.83482 4.51707 
Latency(us)/Energy(mJ): 61 0.436435 0.0436435 0.0610095 0.15538 
Latency(us)/Energy(mJ): 400 1.19668 0.118458 0.165593 0.421736 
Latency(us)/Energy(mJ): 181 0.821066 0.0809076 0.113101 0.292284 
Latency(us)/Energy(mJ): 2382 10.0238 1.24868 1.30502 3.46513 
Latency(us)/Energy(mJ): 64 0.419828 0.0668108 0.0519315 0.141596 
Latency(us)/Energy(mJ): 297 0.915636 0.145713 0.113261 0.308818 
Latency(us)/Energy(mJ): 157 0.91783 0.145472 0.113074 0.310161 
Latency(us)/Energy(mJ): 1821 8.00063 1.4111 0.964591 2.67933 
Latency(us)/Energy(mJ): 57 0.43953 0.0819 0.052065 0.145762 
Latency(us)/Energy(mJ): 1691 7.79784 1.55659 0.907533 2.54445 
Latency(us)/Energy(mJ): 53 0 0 0 0 
Latency(us)/Energy(mJ): 1229 6.01175 1.30271 0.679702 1.9209 
Latency(us)/Energy(mJ): 60 0.53063 0.118708 0.0593541 0.168281 
Latency(us)/Energy(mJ): 87 0 0 0 0 
Latency(us)/Energy(mJ): 1907 9.52509 2.10878 1.07006 3.05142 
Latency(us)/Energy(mJ): 59 0 0 0 0 
Latency(us)/Energy(mJ): 12 0 0 0 0 
Latency(us)/Energy(mJ): 5038 28.0945 6.32435 2.55628 9.51644 
Latency(us)/Energy(mJ): 57 0 0 0 0 
Latency(us)/Energy(mJ): 2 0 0 0 0 
Latency(us)/Energy(mJ): 2158 14.1436 3.2965 1.02165 4.98568 
Latency(us)/Energy(mJ): 398 2.77875 0.645533 0.193448 0.992005 
0.3094 - "n02124075 Egyptian cat"
0.1761 - "n02123159 tiger cat"
0.1221 - "n02123045 tabby, tabby cat"
0.1132 - "n02119022 red fox, Vulpes vulpes"
0.0421 - "n02085620 Chihuahua"
