loading weight: /home/nvidia/caffe-build/models/bvlc_alexnet/bvlc_alexnet.caffemodel
loading prototxt: /home/nvidia/caffe-build/models/bvlc_alexnet/deploy.prototxt
---------- Prediction for /home/nvidia/caffe-build/examples/images/cat.jpg ----------
Latency(us)/Energy(mJ): 0 0 0 0 0 
Latency(us)/Energy(mJ): 2827 10.2905 0.574305 1.07134 4.02488 
Latency(us)/Energy(mJ): 36 0 0 0 0 
Latency(us)/Energy(mJ): 210 1.05804 0.103713 0.103713 0.400462 
Latency(us)/Energy(mJ): 101 0.443284 0.0434525 0.0434525 0.170056 
Latency(us)/Energy(mJ): 2354 9.41026 1.184 0.87203 3.47838 
Latency(us)/Energy(mJ): 34 0.332625 0.0529334 0.0294331 0.119582 
Latency(us)/Energy(mJ): 173 0.846612 0.133553 0.0742608 0.301709 
Latency(us)/Energy(mJ): 90 0 0 0 0 
Latency(us)/Energy(mJ): 1819 8.47372 1.50534 0.723402 2.98647 
Latency(us)/Energy(mJ): 33 0 0 0 0 
Latency(us)/Energy(mJ): 1519 7.08764 1.46016 0.580758 2.42364 
Latency(us)/Energy(mJ): 34 0 0 0 0 
Latency(us)/Energy(mJ): 1083 5.45918 1.23462 0.435007 1.82145 
Latency(us)/Energy(mJ): 33 0 0 0 0 
Latency(us)/Energy(mJ): 49 0.549747 0.129786 0.0431863 0.182494 
Latency(us)/Energy(mJ): 1347 6.47666 1.47079 0.508902 2.15081 
Latency(us)/Energy(mJ): 35 0 0 0 0 
Latency(us)/Energy(mJ): 1 0 0 0 0 
Latency(us)/Energy(mJ): 5039 27.997 6.51529 1.90767 9.71541 
Latency(us)/Energy(mJ): 35 0.70343 0.164938 0.0433387 0.248089 
Latency(us)/Energy(mJ): 0 0 0 0 0 
Latency(us)/Energy(mJ): 2169 13.8033 3.28769 0.819493 4.92759 
Latency(us)/Energy(mJ): 218 1.25311 0.302378 0.0719137 0.45149 
0.3094 - "n02124075 Egyptian cat"
0.1761 - "n02123159 tiger cat"
0.1221 - "n02123045 tabby, tabby cat"
0.1132 - "n02119022 red fox, Vulpes vulpes"
0.0421 - "n02085620 Chihuahua"
