loading weight: /home/nvidia/caffe-build/models/bvlc_alexnet/bvlc_alexnet.caffemodel
loading prototxt: /home/nvidia/caffe-build/models/bvlc_alexnet/deploy.prototxt
---------- Prediction for /home/nvidia/Downloads/ILSVRC2012_img_train_t3/n02085620/n02085620_1152.JPEG ----------
Latency(us)/Energy(mJ): 0 0 0 0 0 
Latency(us)/Energy(mJ): 305 1.62137 0.0451288 0.543921 0.437927 
Latency(us)/Energy(mJ): 17 0 0 0 0 
Latency(us)/Energy(mJ): 52 0.398216 0.0110838 0.133589 0.107557 
Latency(us)/Energy(mJ): 43 0.245854 0.00684304 0.0824766 0.0664045 
Latency(us)/Energy(mJ): 4156 23.3217 1.58096 7.34476 6.13412 
Latency(us)/Energy(mJ): 19 0 0 0 0 
Latency(us)/Energy(mJ): 37 0.160099 0.0149306 0.0469448 0.0418002 
Latency(us)/Energy(mJ): 33 0.258472 0.0241048 0.0757901 0.0674843 
Latency(us)/Energy(mJ): 5442 31.4207 3.66072 8.90974 7.98641 
Latency(us)/Energy(mJ): 19 0 0 0 0 
Latency(us)/Energy(mJ): 3859 23.2414 3.15684 6.13961 6.01647 
Latency(us)/Energy(mJ): 32 0.277553 0.0378892 0.0689142 0.0725721 
Latency(us)/Energy(mJ): 2913 18.152 2.67284 4.45766 4.82124 
Latency(us)/Energy(mJ): 31 0.170272 0.024888 0.0415072 0.0457776 
Latency(us)/Energy(mJ): 41 0.282076 0.0412299 0.0687616 0.075836 
Latency(us)/Energy(mJ): 2619 16.6442 2.44957 4.01594 4.49534 
Latency(us)/Energy(mJ): 23 0 0 0 0 
Latency(us)/Energy(mJ): 1 0 0 0 0 
Latency(us)/Energy(mJ): 13190 94.0796 12.4155 20.1136 29.4 
Latency(us)/Energy(mJ): 22 0.340444 0.0412482 0.068747 0.112114 
Latency(us)/Energy(mJ): 0 0 0 0 0 
Latency(us)/Energy(mJ): 5829 44.4675 5.30993 8.41097 14.862 
Latency(us)/Energy(mJ): 30 0.349829 0.0413397 0.0654658 0.118417 
0.5948 - "n02085620 Chihuahua"
0.0656 - "n02110806 basenji"
0.0383 - "n02113023 Pembroke, Pembroke Welsh corgi"
0.0311 - "n02091244 Ibizan hound, Ibizan Podenco"
0.0298 - "n02389026 sorrel"
