loading weight: /home/nvidia/caffe-build/models/bvlc_alexnet/bvlc_alexnet.caffemodel
loading prototxt: /home/nvidia/caffe-build/models/bvlc_alexnet/deploy.prototxt
---------- Prediction for /home/nvidia/Downloads/ILSVRC2012_img_train_t3/n02085620/n02085620_1152.JPEG ----------
Latency(us)/Energy(mJ): 0 0 0 0 0 
Latency(us)/Energy(mJ): 323 0.743015 0.0459848 0.0808645 0.263957 
Latency(us)/Energy(mJ): 44 0.195992 0.0172974 0.0207932 0.067873 
Latency(us)/Energy(mJ): 191 0.772019 0.0832534 0.0799027 0.261349 
Latency(us)/Energy(mJ): 140 0.675832 0.0889864 0.0677016 0.223713 
Latency(us)/Energy(mJ): 865 4.34558 0.793792 0.401153 1.36223 
Latency(us)/Energy(mJ): 42 0.237782 0.0550915 0.020665 0.0716506 
Latency(us)/Energy(mJ): 147 0.791235 0.18552 0.0674817 0.233976 
Latency(us)/Energy(mJ): 117 0.558092 0.139488 0.0464962 0.161214 
Latency(us)/Energy(mJ): 859 5.11436 1.47485 0.401161 1.41763 
Latency(us)/Energy(mJ): 45 0.276815 0.0829809 0.0207112 0.0754125 
Latency(us)/Energy(mJ): 1023 6.96001 2.30636 0.479749 1.8773 
Latency(us)/Energy(mJ): 47 0.320642 0.113718 0.0206473 0.0855709 
Latency(us)/Energy(mJ): 654 4.86359 1.76175 0.301081 1.29403 
Latency(us)/Energy(mJ): 42 0.215415 0.079665 0.0129057 0.0572707 
Latency(us)/Energy(mJ): 60 0.56777 0.21067 0.0337814 0.14991 
Latency(us)/Energy(mJ): 2102 15.3491 5.48301 0.955477 4.14189 
Latency(us)/Energy(mJ): 40 0.205176 0.069784 0.0130702 0.0574574 
Latency(us)/Energy(mJ): 1 0 0 0 0 
Latency(us)/Energy(mJ): 4701 40.0906 13.6221 2.15638 11.9902 
Latency(us)/Energy(mJ): 50 0.434293 0.148141 0.0206655 0.134982 
Latency(us)/Energy(mJ): 0 0 0 0 0 
Latency(us)/Energy(mJ): 2002 19.9009 6.7521 0.90783 6.25691 
Latency(us)/Energy(mJ): 57 0.774176 0.260763 0.0340191 0.246396 
0.5948 - "n02085620 Chihuahua"
0.0656 - "n02110806 basenji"
0.0383 - "n02113023 Pembroke, Pembroke Welsh corgi"
0.0311 - "n02091244 Ibizan hound, Ibizan Podenco"
0.0298 - "n02389026 sorrel"
