loading weight: /home/nvidia/caffe-build/models/bvlc_alexnet/bvlc_alexnet.caffemodel
loading prototxt: /home/nvidia/caffe-build/models/bvlc_alexnet/deploy.prototxt
---------- Prediction for /home/nvidia/Downloads/ILSVRC2012_img_train_t3/n02085620/n02085620_1152.JPEG ----------
Latency(us)/Energy(mJ): 0 0 0 0 0 
Latency(us)/Energy(mJ): 302 1.19193 0.046723 0.19541 0.408498 
Latency(us)/Energy(mJ): 33 0.129859 0.00701198 0.0210359 0.0439397 
Latency(us)/Energy(mJ): 70 0.326317 0.0174635 0.0523906 0.110882 
Latency(us)/Energy(mJ): 65 0.326193 0.0173948 0.0521845 0.110446 
Latency(us)/Energy(mJ): 1511 6.92329 0.702376 1.03888 2.25399 
Latency(us)/Energy(mJ): 33 0 0 0 0 
Latency(us)/Energy(mJ): 59 0.36707 0.0463844 0.0522395 0.116341 
Latency(us)/Energy(mJ): 59 0.368115 0.0521433 0.0521433 0.116127 
Latency(us)/Energy(mJ): 1754 8.86974 1.52439 1.19388 2.69276 
Latency(us)/Energy(mJ): 35 0.243029 0.0450963 0.031231 0.0730542 
Latency(us)/Energy(mJ): 1426 8.1063 1.68159 0.985927 2.44687 
Latency(us)/Energy(mJ): 41 0.179048 0.0392472 0.0207886 0.0544075 
Latency(us)/Energy(mJ): 999 5.99802 1.36839 0.674261 1.82841 
Latency(us)/Energy(mJ): 43 0.473632 0.109707 0.0519028 0.145313 
Latency(us)/Energy(mJ): 50 0.285345 0.065685 0.0310758 0.0875196 
Latency(us)/Energy(mJ): 762 4.87366 1.16102 0.522183 1.50254 
Latency(us)/Energy(mJ): 37 0.198882 0.046482 0.0209093 0.0623926 
Latency(us)/Energy(mJ): 1 0 0 0 0 
Latency(us)/Energy(mJ): 5439 41.34 9.23782 3.73342 14.0526 
Latency(us)/Energy(mJ): 37 0.382035 0.0829269 0.0311032 0.136201 
Latency(us)/Energy(mJ): 0 0 0 0 0 
Latency(us)/Energy(mJ): 2370 20.699 4.39224 1.62715 7.46775 
Latency(us)/Energy(mJ): 47 0.409409 0.0866775 0.031213 0.148876 
0.5948 - "n02085620 Chihuahua"
0.0656 - "n02110806 basenji"
0.0383 - "n02113023 Pembroke, Pembroke Welsh corgi"
0.0311 - "n02091244 Ibizan hound, Ibizan Podenco"
0.0298 - "n02389026 sorrel"
