loading weight: /home/nvidia/caffe-build/models/bvlc_alexnet/bvlc_alexnet.caffemodel
loading prototxt: /home/nvidia/caffe-build/models/bvlc_alexnet/deploy.prototxt
---------- Prediction for /home/nvidia/caffe-build/examples/images/cat.jpg ----------
Latency(us)/Energy(mJ): 0 0 0 0 0 
Latency(us)/Energy(mJ): 4473 10.0367 0.828579 1.66848 2.75097 
Latency(us)/Energy(mJ): 37 0.288883 0.043739 0.043739 0.076715 
Latency(us)/Energy(mJ): 275 0.690431 0.104076 0.104076 0.186389 
Latency(us)/Energy(mJ): 119 0.289122 0.0431087 0.0431087 0.0778665 
Latency(us)/Energy(mJ): 3244 9.16493 1.6997 1.25554 2.4292 
Latency(us)/Energy(mJ): 34 0 0 0 0 
Latency(us)/Energy(mJ): 209 0.587648 0.133919 0.0743563 0.1528 
Latency(us)/Energy(mJ): 100 0.335713 0.0765056 0.0424784 0.087292 
Latency(us)/Energy(mJ): 2354 7.34329 1.79769 0.89197 1.87212 
Latency(us)/Energy(mJ): 31 0.373568 0.104103 0.0434143 0.0936476 
Latency(us)/Energy(mJ): 1682 5.28182 1.5059 0.603866 1.29541 
Latency(us)/Energy(mJ): 33 0.38614 0.111464 0.0428795 0.092494 
Latency(us)/Energy(mJ): 1452 4.84697 1.49067 0.53268 1.14903 
Latency(us)/Energy(mJ): 31 0.399066 0.121331 0.043357 0.093524 
Latency(us)/Energy(mJ): 48 0 0 0 0 
Latency(us)/Energy(mJ): 2152 7.58372 2.31011 0.825502 1.81565 
Latency(us)/Energy(mJ): 35 0 0 0 0 
Latency(us)/Energy(mJ): 2 0 0 0 0 
Latency(us)/Energy(mJ): 8671 36.0822 10.3773 3.31335 10.3775 
Latency(us)/Energy(mJ): 37 0.533918 0.148686 0.0436435 0.164608 
Latency(us)/Energy(mJ): 0 0 0 0 0 
Latency(us)/Energy(mJ): 3736 17.6737 4.92486 1.54613 5.6201 
Latency(us)/Energy(mJ): 230 1.51691 0.416597 0.115519 0.49084 
0.3094 - "n02124075 Egyptian cat"
0.1761 - "n02123159 tiger cat"
0.1221 - "n02123045 tabby, tabby cat"
0.1132 - "n02119022 red fox, Vulpes vulpes"
0.0421 - "n02085620 Chihuahua"
