loading weight: /home/nvidia/caffe-build/models/bvlc_alexnet/bvlc_alexnet.caffemodel
loading prototxt: /home/nvidia/caffe-build/models/bvlc_alexnet/deploy.prototxt
---------- Prediction for /home/nvidia/caffe-build/examples/images/cat.jpg ----------
Latency(us)/Energy(mJ): 1 0 0 0 0 
Latency(us)/Energy(mJ): 13012 22.8339 2.41519 4.96501 4.48265 
Latency(us)/Energy(mJ): 66 0.2067 0.03233 0.040492 0.042612 
Latency(us)/Energy(mJ): 553 0.977897 0.150029 0.187906 0.197744 
Latency(us)/Energy(mJ): 244 0.599879 0.0920337 0.115268 0.121304 
Latency(us)/Energy(mJ): 10267 22.2339 4.34708 3.92606 4.67233 
Latency(us)/Energy(mJ): 63 0 0 0 0 
Latency(us)/Energy(mJ): 431 1.17081 0.270362 0.193044 0.242063 
Latency(us)/Energy(mJ): 185 0.467216 0.107187 0.0765337 0.0959677 
Latency(us)/Energy(mJ): 6271 14.7626 3.52706 2.37142 3.09153 
Latency(us)/Energy(mJ): 57 0.240785 0.0601224 0.0375888 0.0490032 
Latency(us)/Energy(mJ): 4156 10.3955 2.77729 1.59638 2.07744 
Latency(us)/Energy(mJ): 58 0 0 0 0 
Latency(us)/Energy(mJ): 4066 10.3243 2.80498 1.55741 1.96199 
Latency(us)/Energy(mJ): 58 0.29399 0.078948 0.0438345 0.0549653 
Latency(us)/Energy(mJ): 84 0.214183 0.0575168 0.0319352 0.0400444 
Latency(us)/Energy(mJ): 6745 16.8245 4.36623 2.58694 3.33518 
Latency(us)/Energy(mJ): 66 0 0 0 0 
Latency(us)/Energy(mJ): 5 0.215464 0.0521794 0.0326228 0.0457744 
Latency(us)/Energy(mJ): 33232 90.846 20.2776 12.6776 22.7769 
Latency(us)/Energy(mJ): 64 0.321968 0.0695623 0.0434907 0.0872091 
Latency(us)/Energy(mJ): 2 0 0 0 0 
Latency(us)/Energy(mJ): 14343 41.3459 8.75459 5.47341 11.3594 
Latency(us)/Energy(mJ): 413 1.15198 0.242292 0.151482 0.319223 
0.3094 - "n02124075 Egyptian cat"
0.1761 - "n02123159 tiger cat"
0.1221 - "n02123045 tabby, tabby cat"
0.1132 - "n02119022 red fox, Vulpes vulpes"
0.0421 - "n02085620 Chihuahua"
