loading weight: /home/nvidia/caffe-build/models/bvlc_alexnet/bvlc_alexnet.caffemodel
loading prototxt: /home/nvidia/caffe-build/models/bvlc_alexnet/deploy.prototxt
---------- Prediction for /home/nvidia/Downloads/ILSVRC2012_img_train_t3/n02085620/n02085620_1152.JPEG ----------
Latency(us)/Energy(mJ): 0 0 0 0 0 
Latency(us)/Energy(mJ): 203 0.907904 0.0548121 0.152615 0.308023 
Latency(us)/Energy(mJ): 21 0 0 0 0 
Latency(us)/Energy(mJ): 48 0.344374 0.0281102 0.0562941 0.114507 
Latency(us)/Energy(mJ): 43 0.135042 0.0130622 0.0217608 0.044263 
Latency(us)/Energy(mJ): 951 4.99539 0.83141 0.725872 1.51737 
Latency(us)/Energy(mJ): 20 0 0 0 0 
Latency(us)/Energy(mJ): 40 0.421942 0.0953295 0.0560805 0.120908 
Latency(us)/Energy(mJ): 38 0.262134 0.0585985 0.0344723 0.0743211 
Latency(us)/Energy(mJ): 1015 6.17336 1.74044 0.747114 1.62907 
Latency(us)/Energy(mJ): 23 0.303966 0.0966754 0.0345334 0.0779377 
Latency(us)/Energy(mJ): 924 6.54612 2.21912 0.690287 1.64839 
Latency(us)/Energy(mJ): 32 0.348112 0.127453 0.0344272 0.0864293 
Latency(us)/Energy(mJ): 633 5.29148 1.98316 0.500924 1.30587 
Latency(us)/Energy(mJ): 29 0.233299 0.0894359 0.0212903 0.0571932 
Latency(us)/Energy(mJ): 37 0 0 0 0 
Latency(us)/Energy(mJ): 617 5.40935 2.09211 0.483367 1.32579 
Latency(us)/Energy(mJ): 25 0.240214 0.0913628 0.0212446 0.0602766 
Latency(us)/Energy(mJ): 0 0 0 0 0 
Latency(us)/Energy(mJ): 4533 45.082 16.8955 3.44591 12.2027 
Latency(us)/Energy(mJ): 25 0.502236 0.183466 0.0346103 0.142716 
Latency(us)/Energy(mJ): 0 0 0 0 0 
Latency(us)/Energy(mJ): 2044 23.2747 8.53262 1.55564 6.73025 
Latency(us)/Energy(mJ): 33 0.333165 0.121439 0.0216885 0.0976125 
0.5948 - "n02085620 Chihuahua"
0.0656 - "n02110806 basenji"
0.0383 - "n02113023 Pembroke, Pembroke Welsh corgi"
0.0311 - "n02091244 Ibizan hound, Ibizan Podenco"
0.0298 - "n02389026 sorrel"
