loading weight: /home/nvidia/caffe-build/models/bvlc_alexnet/bvlc_alexnet.caffemodel
loading prototxt: /home/nvidia/caffe-build/models/bvlc_alexnet/deploy.prototxt
---------- Prediction for /home/nvidia/Downloads/ILSVRC2012_img_train_t3/n02085620/n02085620_1152.JPEG ----------
Latency(us)/Energy(mJ): 0 0 0 0 0 
Latency(us)/Energy(mJ): 307 1.37936 0.061718 0.323415 0.414951 
Latency(us)/Energy(mJ): 27 0 0 0 0 
Latency(us)/Energy(mJ): 69 0.34523 0.0245668 0.0785715 0.102827 
Latency(us)/Energy(mJ): 65 0.349221 0.0280111 0.0785929 0.102854 
Latency(us)/Energy(mJ): 1087 5.63762 0.801436 1.17385 1.58524 
Latency(us)/Energy(mJ): 27 0.250223 0.0451558 0.0486154 0.0680524 
Latency(us)/Energy(mJ): 56 0.154466 0.0278752 0.0300108 0.0420095 
Latency(us)/Energy(mJ): 53 0.40656 0.0782417 0.0782417 0.109524 
Latency(us)/Energy(mJ): 1141 6.77042 1.55609 1.2141 1.74866 
Latency(us)/Energy(mJ): 32 0.175336 0.0430027 0.0279546 0.0448062 
Latency(us)/Energy(mJ): 1091 7.32009 1.99668 1.08985 1.87489 
Latency(us)/Energy(mJ): 50 0.319349 0.0931492 0.0448328 0.0822011 
Latency(us)/Energy(mJ): 690 5.02297 1.50156 0.681491 1.29018 
Latency(us)/Energy(mJ): 39 0.340234 0.103555 0.0448725 0.087481 
Latency(us)/Energy(mJ): 52 0.211758 0.0641275 0.0277876 0.0541733 
Latency(us)/Energy(mJ): 748 5.89864 1.81086 0.771117 1.52446 
Latency(us)/Energy(mJ): 35 0.214042 0.0641732 0.0278075 0.0569057 
Latency(us)/Energy(mJ): 1 0 0 0 0 
Latency(us)/Energy(mJ): 4736 42.0447 12.3594 4.69124 12.2536 
Latency(us)/Energy(mJ): 34 0.27698 0.079045 0.0277794 0.0853585 
Latency(us)/Energy(mJ): 1 0 0 0 0 
Latency(us)/Energy(mJ): 2064 21.407 6.12564 1.95017 6.72346 
Latency(us)/Energy(mJ): 43 0.297126 0.0839322 0.0258014 0.0946145 
0.5948 - "n02085620 Chihuahua"
0.0656 - "n02110806 basenji"
0.0383 - "n02113023 Pembroke, Pembroke Welsh corgi"
0.0311 - "n02091244 Ibizan hound, Ibizan Podenco"
0.0298 - "n02389026 sorrel"
