loading weight: /home/nvidia/caffe-build/models/bvlc_alexnet/bvlc_alexnet.caffemodel
loading prototxt: /home/nvidia/caffe-build/models/bvlc_alexnet/deploy.prototxt
---------- Prediction for /home/nvidia/Downloads/ILSVRC2012_img_train_t3/n02085620/n02085620_1152.JPEG ----------
Latency(us)/Energy(mJ): 0 0 0 0 0 
Latency(us)/Energy(mJ): 476 1.74826 0.102967 0.142606 0.625161 
Latency(us)/Energy(mJ): 61 0.141617 0.0110837 0.0110837 0.0494224 
Latency(us)/Energy(mJ): 118 0.498795 0.0482956 0.0386618 0.172394 
Latency(us)/Energy(mJ): 113 0.473976 0.0541173 0.0360388 0.161427 
Latency(us)/Energy(mJ): 1139 4.99202 0.809275 0.347303 1.62673 
Latency(us)/Energy(mJ): 59 0.38341 0.0806893 0.0248087 0.119976 
Latency(us)/Energy(mJ): 99 0.393378 0.0817408 0.025132 0.12154 
Latency(us)/Energy(mJ): 104 0.612165 0.135486 0.0386923 0.187118 
Latency(us)/Energy(mJ): 1035 5.16402 1.28028 0.308776 1.52854 
Latency(us)/Energy(mJ): 65 0.437093 0.118175 0.0248575 0.129585 
Latency(us)/Energy(mJ): 1165 6.86954 1.95449 0.360736 2.03023 
Latency(us)/Energy(mJ): 71 0.22114 0.0654766 0.0109068 0.0656911 
Latency(us)/Energy(mJ): 708 4.68258 1.449 0.223358 1.38425 
Latency(us)/Energy(mJ): 64 0.534323 0.168996 0.0246257 0.157524 
Latency(us)/Energy(mJ): 74 0.302606 0.0973589 0.0139019 0.0889266 
Latency(us)/Energy(mJ): 998 6.62345 2.0583 0.31038 1.97232 
Latency(us)/Energy(mJ): 66 0.538076 0.16217 0.0249429 0.164973 
Latency(us)/Energy(mJ): 1 0 0 0 0 
Latency(us)/Energy(mJ): 4762 37.3906 10.8809 1.45125 12.238 
Latency(us)/Energy(mJ): 66 0.316474 0.0899867 0.0108771 0.108843 
Latency(us)/Energy(mJ): 1 0 0 0 0 
Latency(us)/Energy(mJ): 2104 19.3947 5.44998 0.724347 6.73637 
Latency(us)/Energy(mJ): 80 0.770257 0.217279 0.0310515 0.271313 
0.5948 - "n02085620 Chihuahua"
0.0656 - "n02110806 basenji"
0.0383 - "n02113023 Pembroke, Pembroke Welsh corgi"
0.0311 - "n02091244 Ibizan hound, Ibizan Podenco"
0.0298 - "n02389026 sorrel"
