loading weight: /home/nvidia/caffe-build/models/bvlc_alexnet/bvlc_alexnet.caffemodel
loading prototxt: /home/nvidia/caffe-build/models/bvlc_alexnet/deploy.prototxt
---------- Prediction for /home/nvidia/caffe-build/examples/images/cat.jpg ----------
Latency(us)/Energy(mJ): 0 0 0 0 0 
Latency(us)/Energy(mJ): 2870 10.795 0.61943 4.97388 1.94397 
Latency(us)/Energy(mJ): 22 0 0 0 0 
Latency(us)/Energy(mJ): 259 1.10186 0.106375 0.469335 0.203258 
Latency(us)/Energy(mJ): 98 0.445175 0.0426911 0.188356 0.0837013 
Latency(us)/Energy(mJ): 3310 13.4082 1.69825 5.40443 2.52422 
Latency(us)/Energy(mJ): 22 0.495163 0.0781119 0.182375 0.0936888 
Latency(us)/Energy(mJ): 204 0.857891 0.134652 0.314384 0.161504 
Latency(us)/Energy(mJ): 107 0.361105 0.0564714 0.131849 0.0677328 
Latency(us)/Energy(mJ): 2328 10.5078 1.80328 3.7759 1.98604 
Latency(us)/Energy(mJ): 20 0 0 0 0 
Latency(us)/Energy(mJ): 1643 7.80632 1.56431 2.70202 1.44679 
Latency(us)/Energy(mJ): 19 0 0 0 0 
Latency(us)/Energy(mJ): 1449 6.90057 1.50999 2.33494 1.25481 
Latency(us)/Energy(mJ): 19 0 0 0 0 
Latency(us)/Energy(mJ): 32 0 0 0 0 
Latency(us)/Energy(mJ): 2153 10.2543 2.30472 3.30086 1.89305 
Latency(us)/Energy(mJ): 22 0.545681 0.121111 0.173162 0.106483 
Latency(us)/Energy(mJ): 1 0 0 0 0 
Latency(us)/Energy(mJ): 8735 46.6876 10.4135 12.9864 10.7129 
Latency(us)/Energy(mJ): 20 0 0 0 0 
Latency(us)/Energy(mJ): 1 0 0 0 0 
Latency(us)/Energy(mJ): 3768 22.1922 5.00901 5.42568 5.83225 
Latency(us)/Energy(mJ): 143 1.21554 0.274257 0.289637 0.329188 
0.3094 - "n02124075 Egyptian cat"
0.1761 - "n02123159 tiger cat"
0.1221 - "n02123045 tabby, tabby cat"
0.1132 - "n02119022 red fox, Vulpes vulpes"
0.0421 - "n02085620 Chihuahua"
