loading weight: /home/nvidia/caffe-build/models/bvlc_alexnet/bvlc_alexnet.caffemodel
loading prototxt: /home/nvidia/caffe-build/models/bvlc_alexnet/deploy.prototxt
---------- Prediction for /home/nvidia/Downloads/ILSVRC2012_img_train_t3/n02085620/n02085620_1152.JPEG ----------
Latency(us)/Energy(mJ): 0 0 0 0 0 
Latency(us)/Energy(mJ): 239 1.25125 0.0342851 0.430368 0.334322 
Latency(us)/Energy(mJ): 20 0 0 0 0 
Latency(us)/Energy(mJ): 54 0.40616 0.0166895 0.139055 0.108737 
Latency(us)/Energy(mJ): 48 0.254515 0.0103874 0.0865469 0.0676771 
Latency(us)/Energy(mJ): 1685 9.91505 0.7294 3.17155 2.57088 
Latency(us)/Energy(mJ): 16 0 0 0 0 
Latency(us)/Energy(mJ): 41 0.272601 0.027572 0.0828064 0.07006 
Latency(us)/Energy(mJ): 35 0.167662 0.016958 0.0509296 0.04309 
Latency(us)/Energy(mJ): 2104 13.2153 1.73955 3.80033 3.29414 
Latency(us)/Energy(mJ): 19 0 0 0 0 
Latency(us)/Energy(mJ): 1598 10.7575 1.78236 2.81655 2.72481 
Latency(us)/Energy(mJ): 33 0.313914 0.055144 0.0758908 0.0804108 
Latency(us)/Energy(mJ): 1137 7.96132 1.47103 1.8854 2.07416 
Latency(us)/Energy(mJ): 31 0.325982 0.0620144 0.0758456 0.0864676 
Latency(us)/Energy(mJ): 39 0.201359 0.0383062 0.0468498 0.053411 
Latency(us)/Energy(mJ): 921 6.9633 1.35941 1.59467 1.85357 
Latency(us)/Energy(mJ): 23 0 0 0 0 
Latency(us)/Energy(mJ): 1 0 0 0 0 
Latency(us)/Energy(mJ): 5769 48.7752 9.18164 9.32183 14.7625 
Latency(us)/Energy(mJ): 23 0.417064 0.0757887 0.072352 0.134982 
Latency(us)/Energy(mJ): 0 0 0 0 0 
Latency(us)/Energy(mJ): 2601 24.4253 4.49493 4.00166 8.03809 
Latency(us)/Energy(mJ): 30 0.435818 0.0791904 0.0688396 0.146132 
0.5948 - "n02085620 Chihuahua"
0.0656 - "n02110806 basenji"
0.0383 - "n02113023 Pembroke, Pembroke Welsh corgi"
0.0311 - "n02091244 Ibizan hound, Ibizan Podenco"
0.0298 - "n02389026 sorrel"
