loading weight: /home/nvidia/caffe-build/models/bvlc_alexnet/bvlc_alexnet.caffemodel
loading prototxt: /home/nvidia/caffe-build/models/bvlc_alexnet/deploy.prototxt
---------- Prediction for /home/nvidia/caffe-build/examples/images/cat.jpg ----------
Latency(us)/Energy(mJ): 0 0 0 0 0 
Latency(us)/Energy(mJ): 3068 11.5907 0.597646 1.87119 4.14824 
Latency(us)/Energy(mJ): 67 0 0 0 0 
Latency(us)/Energy(mJ): 255 1.31367 0.100848 0.202027 0.462579 
Latency(us)/Energy(mJ): 149 0.403507 0.030683 0.0614666 0.140739 
Latency(us)/Energy(mJ): 2766 11.753 1.24242 1.71364 4.05878 
Latency(us)/Energy(mJ): 47 0 0 0 0 
Latency(us)/Energy(mJ): 210 0.956576 0.133045 0.133045 0.321181 
Latency(us)/Energy(mJ): 106 0.493114 0.0685847 0.0685847 0.167814 
Latency(us)/Energy(mJ): 2183 10.1172 1.48375 1.37787 3.39183 
Latency(us)/Energy(mJ): 49 0 0 0 0 
Latency(us)/Energy(mJ): 1902 8.8565 1.52209 1.16652 2.89053 
Latency(us)/Energy(mJ): 41 0 0 0 0 
Latency(us)/Energy(mJ): 1297 6.59995 1.22294 0.847946 2.1114 
Latency(us)/Energy(mJ): 37 0 0 0 0 
Latency(us)/Energy(mJ): 63 0.468208 0.0891268 0.0594503 0.149161 
Latency(us)/Energy(mJ): 1620 7.6647 1.45365 0.974728 2.45387 
Latency(us)/Energy(mJ): 38 0.484156 0.0907298 0.0605195 0.159471 
Latency(us)/Energy(mJ): 2 0 0 0 0 
Latency(us)/Energy(mJ): 5459 29.6914 5.65931 3.29902 10.1949 
Latency(us)/Energy(mJ): 38 0.58561 0.111082 0.059231 0.208085 
Latency(us)/Energy(mJ): 1 0 0 0 0 
Latency(us)/Energy(mJ): 2355 14.5738 2.88366 1.42096 5.21702 
Latency(us)/Energy(mJ): 285 2.11171 0.422952 0.198921 0.763286 
0.3094 - "n02124075 Egyptian cat"
0.1761 - "n02123159 tiger cat"
0.1221 - "n02123045 tabby, tabby cat"
0.1132 - "n02119022 red fox, Vulpes vulpes"
0.0421 - "n02085620 Chihuahua"
