loading weight: /home/nvidia/caffe-build/models/bvlc_alexnet/bvlc_alexnet.caffemodel
loading prototxt: /home/nvidia/caffe-build/models/bvlc_alexnet/deploy.prototxt
---------- Prediction for /home/nvidia/caffe-build/examples/images/cat.jpg ----------
Latency(us)/Energy(mJ): 0 0 0 0 0 
Latency(us)/Energy(mJ): 2465 12.2239 0.484902 4.19983 3.45186 
Latency(us)/Energy(mJ): 20 0 0 0 0 
Latency(us)/Energy(mJ): 166 1.05189 0.060878 0.350498 0.29441 
Latency(us)/Energy(mJ): 61 0.599199 0.0346785 0.199657 0.169982 
Latency(us)/Energy(mJ): 2813 15.524 1.28893 4.87649 4.35013 
Latency(us)/Energy(mJ): 18 0 0 0 0 
Latency(us)/Energy(mJ): 135 0.637189 0.069235 0.190566 0.178309 
Latency(us)/Energy(mJ): 60 0.471576 0.05124 0.141036 0.131964 
Latency(us)/Energy(mJ): 2216 12.4417 1.46421 3.65602 3.43668 
Latency(us)/Energy(mJ): 22 0 0 0 0 
Latency(us)/Energy(mJ): 1803 11.1126 1.5321 3.18691 3.01736 
Latency(us)/Energy(mJ): 19 0 0 0 0 
Latency(us)/Energy(mJ): 1202 7.09283 1.09196 1.94332 1.89631 
Latency(us)/Energy(mJ): 20 0 0 0 0 
Latency(us)/Energy(mJ): 26 0.50551 0.0771802 0.135213 0.133948 
Latency(us)/Energy(mJ): 1379 8.26426 1.2643 2.21495 2.22786 
Latency(us)/Energy(mJ): 18 0 0 0 0 
Latency(us)/Energy(mJ): 1 0 0 0 0 
Latency(us)/Energy(mJ): 5442 36.2359 5.91269 8.68444 10.6282 
Latency(us)/Energy(mJ): 20 0 0 0 0 
Latency(us)/Energy(mJ): 0 0 0 0 0 
Latency(us)/Energy(mJ): 2407 17.3703 2.97392 3.60518 5.42294 
Latency(us)/Energy(mJ): 123 1.49039 0.255766 0.300959 0.472061 
0.3094 - "n02124075 Egyptian cat"
0.1761 - "n02123159 tiger cat"
0.1221 - "n02123045 tabby, tabby cat"
0.1132 - "n02119022 red fox, Vulpes vulpes"
0.0421 - "n02085620 Chihuahua"
