loading weight: /home/nvidia/caffe-build/models/bvlc_alexnet/bvlc_alexnet.caffemodel
loading prototxt: /home/nvidia/caffe-build/models/bvlc_alexnet/deploy.prototxt
---------- Prediction for /home/nvidia/Downloads/ILSVRC2012_img_train_t3/n02085620/n02085620_1152.JPEG ----------
Latency(us)/Energy(mJ): 0 0 0 0 0 
Latency(us)/Energy(mJ): 343 1.22197 0.0512362 0.122584 0.452199 
Latency(us)/Energy(mJ): 40 0.175585 0.0104195 0.017381 0.064428 
Latency(us)/Energy(mJ): 78 0.297965 0.0175093 0.0292077 0.108332 
Latency(us)/Energy(mJ): 74 0.299603 0.0175048 0.0292001 0.109097 
Latency(us)/Energy(mJ): 1697 7.12697 0.765203 0.592464 2.49989 
Latency(us)/Energy(mJ): 38 0.142888 0.0196986 0.0098332 0.0487146 
Latency(us)/Energy(mJ): 67 0.343902 0.0472425 0.0235826 0.116831 
Latency(us)/Energy(mJ): 68 0.345531 0.0496532 0.0235765 0.1168 
Latency(us)/Energy(mJ): 1977 9.23113 1.64965 0.738768 3.00698 
Latency(us)/Energy(mJ): 41 0.154676 0.0311488 0.0119634 0.0498632 
Latency(us)/Energy(mJ): 1617 8.47196 1.80211 0.617388 2.72528 
Latency(us)/Energy(mJ): 48 0.425468 0.0945054 0.0294894 0.137695 
Latency(us)/Energy(mJ): 1135 6.3931 1.48333 0.345699 2.06794 
Latency(us)/Energy(mJ): 51 0.186296 0.0437987 0.0097295 0.0610247 
Latency(us)/Energy(mJ): 56 0.453067 0.106517 0.0236619 0.148411 
Latency(us)/Energy(mJ): 846 5.04797 1.2174 0.259159 1.65021 
Latency(us)/Energy(mJ): 43 0.275411 0.065801 0.0138409 0.0911684 
Latency(us)/Energy(mJ): 1 0 0 0 0 
Latency(us)/Energy(mJ): 5822 41.126 9.13308 1.95707 14.7813 
Latency(us)/Energy(mJ): 43 0.615178 0.130672 0.0296875 0.231111 
Latency(us)/Energy(mJ): 0 0 0 0 0 
Latency(us)/Energy(mJ): 2593 21.0796 4.43799 0.974247 8.03252 
Latency(us)/Energy(mJ): 52 0.268536 0.0563765 0.012253 0.103362 
0.5948 - "n02085620 Chihuahua"
0.0656 - "n02110806 basenji"
0.0383 - "n02113023 Pembroke, Pembroke Welsh corgi"
0.0311 - "n02091244 Ibizan hound, Ibizan Podenco"
0.0298 - "n02389026 sorrel"
