loading weight: /home/nvidia/caffe-build/models/bvlc_alexnet/bvlc_alexnet.caffemodel
loading prototxt: /home/nvidia/caffe-build/models/bvlc_alexnet/deploy.prototxt
---------- Prediction for /home/nvidia/caffe-build/examples/images/cat.jpg ----------
Latency(us)/Energy(mJ): 0 0 0 0 0 
Latency(us)/Energy(mJ): 4138 9.48176 0.787408 1.57285 2.60759 
Latency(us)/Energy(mJ): 35 0 0 0 0 
Latency(us)/Energy(mJ): 259 0.687689 0.103656 0.103656 0.187231 
Latency(us)/Energy(mJ): 115 0.288225 0.042975 0.042975 0.077625 
Latency(us)/Energy(mJ): 3267 9.18091 1.66835 1.25432 2.45475 
Latency(us)/Energy(mJ): 34 0 0 0 0 
Latency(us)/Energy(mJ): 188 0.58795 0.133988 0.0743945 0.152879 
Latency(us)/Energy(mJ): 96 0.332543 0.0757832 0.0420773 0.0864677 
Latency(us)/Energy(mJ): 2351 7.38273 1.77004 0.895312 1.89896 
Latency(us)/Energy(mJ): 33 0.372417 0.095172 0.0432806 0.0933592 
Latency(us)/Energy(mJ): 1673 5.27603 1.47485 0.605336 1.30575 
Latency(us)/Energy(mJ): 34 0.390096 0.112606 0.0433188 0.0934416 
Latency(us)/Energy(mJ): 1441 4.86142 1.452 0.534265 1.15961 
Latency(us)/Energy(mJ): 32 0 0 0 0 
Latency(us)/Energy(mJ): 50 0.399945 0.121599 0.0434525 0.09373 
Latency(us)/Energy(mJ): 2073 7.34803 2.1873 0.799087 1.77323 
Latency(us)/Energy(mJ): 36 0 0 0 0 
Latency(us)/Energy(mJ): 2 0 0 0 0 
Latency(us)/Energy(mJ): 8699 36.2387 10.3042 3.31729 10.4055 
Latency(us)/Energy(mJ): 35 0.354702 0.0987778 0.0289941 0.110802 
Latency(us)/Energy(mJ): 0 0 0 0 0 
Latency(us)/Energy(mJ): 3728 17.8644 4.95111 1.4088 5.69351 
Latency(us)/Energy(mJ): 223 1.3323 0.365896 0.10146 0.433803 
0.3094 - "n02124075 Egyptian cat"
0.1761 - "n02123159 tiger cat"
0.1221 - "n02123045 tabby, tabby cat"
0.1132 - "n02119022 red fox, Vulpes vulpes"
0.0421 - "n02085620 Chihuahua"
