loading weight: /home/nvidia/caffe-build/models/bvlc_alexnet/bvlc_alexnet.caffemodel
loading prototxt: /home/nvidia/caffe-build/models/bvlc_alexnet/deploy.prototxt
---------- Prediction for /home/nvidia/Downloads/ILSVRC2012_img_train_t3/n02085620/n02085620_1152.JPEG ----------
Latency(us)/Energy(mJ): 0 0 0 0 0 
Latency(us)/Energy(mJ): 341 1.26655 0.0551756 0.123745 0.457589 
Latency(us)/Energy(mJ): 40 0.181089 0.0104378 0.0174116 0.0646324 
Latency(us)/Energy(mJ): 79 0.309076 0.0177154 0.0295515 0.109696 
Latency(us)/Energy(mJ): 75 0.30612 0.0208684 0.0291542 0.108222 
Latency(us)/Energy(mJ): 1501 6.42202 0.699991 0.56868 2.18333 
Latency(us)/Energy(mJ): 39 0.208297 0.0277638 0.0173126 0.0687962 
Latency(us)/Energy(mJ): 66 0.353441 0.0529814 0.0293827 0.11676 
Latency(us)/Energy(mJ): 69 0.355725 0.0528853 0.0293294 0.116548 
Latency(us)/Energy(mJ): 1701 8.19745 1.49924 0.643806 2.59741 
Latency(us)/Energy(mJ): 41 0.159785 0.0312083 0.0119863 0.0500214 
Latency(us)/Energy(mJ): 1432 7.86955 1.72103 0.555666 2.47903 
Latency(us)/Energy(mJ): 49 0.258576 0.0589616 0.0173203 0.0817371 
Latency(us)/Energy(mJ): 991 5.85029 1.39974 0.3802 1.85595 
Latency(us)/Energy(mJ): 49 0.191906 0.046139 0.0121234 0.0608717 
Latency(us)/Energy(mJ): 57 0.460286 0.110664 0.0290779 0.146596 
Latency(us)/Energy(mJ): 834 5.00663 1.24754 0.311475 1.59982 
Latency(us)/Energy(mJ): 44 0.195993 0.048069 0.0120015 0.0632835 
Latency(us)/Energy(mJ): 0 0 0 0 0 
Latency(us)/Energy(mJ): 5405 39.569 9.11719 2.06414 13.8712 
Latency(us)/Energy(mJ): 43 0.257593 0.0577232 0.0120244 0.0942066 
Latency(us)/Energy(mJ): 0 0.370718 0.0830732 0.017305 0.136442 
Latency(us)/Energy(mJ): 2382 20.0998 4.43245 0.90681 7.4534 
Latency(us)/Energy(mJ): 53 0.274699 0.060198 0.0120396 0.102163 
0.5948 - "n02085620 Chihuahua"
0.0656 - "n02110806 basenji"
0.0383 - "n02113023 Pembroke, Pembroke Welsh corgi"
0.0311 - "n02091244 Ibizan hound, Ibizan Podenco"
0.0298 - "n02389026 sorrel"
