loading weight: /home/nvidia/caffe-build/models/bvlc_alexnet/bvlc_alexnet.caffemodel
loading prototxt: /home/nvidia/caffe-build/models/bvlc_alexnet/deploy.prototxt
---------- Prediction for /home/nvidia/Downloads/ILSVRC2012_img_train_t3/n02085620/n02085620_1152.JPEG ----------
Latency(us)/Energy(mJ): 0 0 0 0 0 
Latency(us)/Energy(mJ): 406 1.13574 0.0775246 0.12813 0.409085 
Latency(us)/Energy(mJ): 44 0.314431 0.0306373 0.0341485 0.109827 
Latency(us)/Energy(mJ): 96 0.314967 0.0357178 0.0280235 0.108059 
Latency(us)/Energy(mJ): 92 0.528847 0.0677833 0.0458648 0.179607 
Latency(us)/Energy(mJ): 985 4.78257 0.921475 0.376603 1.52018 
Latency(us)/Energy(mJ): 48 0.238309 0.0586503 0.0172288 0.0709502 
Latency(us)/Energy(mJ): 164 0.947456 0.242536 0.0672694 0.279825 
Latency(us)/Energy(mJ): 136 0.661511 0.178007 0.0458343 0.191036 
Latency(us)/Energy(mJ): 803 4.68339 1.40103 0.307475 1.30796 
Latency(us)/Energy(mJ): 48 0.174417 0.0551794 0.0110185 0.0486724 
Latency(us)/Energy(mJ): 1032 6.73236 2.28276 0.391554 1.84389 
Latency(us)/Energy(mJ): 60 0.524609 0.18807 0.0284683 0.14207 
Latency(us)/Energy(mJ): 643 4.87028 1.78896 0.253662 1.31376 
Latency(us)/Energy(mJ): 56 0.344282 0.127961 0.0172822 0.0919901 
Latency(us)/Energy(mJ): 56 0.564132 0.214668 0.0282321 0.151131 
Latency(us)/Energy(mJ): 2335 16.6934 5.97397 0.885383 4.56274 
Latency(us)/Energy(mJ): 56 0.51758 0.17522 0.0282397 0.148043 
Latency(us)/Energy(mJ): 0 0 0 0 0 
Latency(us)/Energy(mJ): 4677 39.238 13.2229 1.78229 11.899 
Latency(us)/Energy(mJ): 53 0.433333 0.145536 0.0173279 0.136622 
Latency(us)/Energy(mJ): 1 0 0 0 0 
Latency(us)/Energy(mJ): 2020 19.8633 6.68696 0.760021 6.31706 
Latency(us)/Energy(mJ): 66 0.766438 0.261044 0.0283176 0.246661 
0.5948 - "n02085620 Chihuahua"
0.0656 - "n02110806 basenji"
0.0383 - "n02113023 Pembroke, Pembroke Welsh corgi"
0.0311 - "n02091244 Ibizan hound, Ibizan Podenco"
0.0298 - "n02389026 sorrel"
