loading weight: /home/nvidia/caffe-build/models/bvlc_alexnet/bvlc_alexnet.caffemodel
loading prototxt: /home/nvidia/caffe-build/models/bvlc_alexnet/deploy.prototxt
---------- Prediction for /home/nvidia/Downloads/ILSVRC2012_img_train_t3/n02085620/n02085620_1152.JPEG ----------
Latency(us)/Energy(mJ): 0 0 0 0 0 
Latency(us)/Energy(mJ): 413 1.5599 0.094249 0.155184 0.559388 
Latency(us)/Energy(mJ): 79 0.329137 0.0311353 0.031217 0.114326 
Latency(us)/Energy(mJ): 182 0.636773 0.0708618 0.059103 0.219393 
Latency(us)/Energy(mJ): 162 0.83302 0.0933749 0.0751547 0.278977 
Latency(us)/Energy(mJ): 1181 5.50224 0.927961 0.451119 1.74954 
Latency(us)/Energy(mJ): 83 0.391686 0.0889665 0.0296037 0.117638 
Latency(us)/Energy(mJ): 130 0.627437 0.144653 0.0469316 0.186495 
Latency(us)/Energy(mJ): 142 0.801399 0.191724 0.0587502 0.233459 
Latency(us)/Energy(mJ): 757 4.13079 1.07462 0.291823 1.19727 
Latency(us)/Energy(mJ): 100 0.623061 0.173066 0.0417347 0.181125 
Latency(us)/Energy(mJ): 1133 6.87721 2.05704 0.373891 1.99033 
Latency(us)/Energy(mJ): 91 0.715219 0.226832 0.0332389 0.205797 
Latency(us)/Energy(mJ): 698 4.65775 1.51204 0.212555 1.34117 
Latency(us)/Energy(mJ): 83 0.526484 0.170899 0.0235643 0.150734 
Latency(us)/Energy(mJ): 106 0.525429 0.17112 0.0235948 0.150929 
Latency(us)/Energy(mJ): 1085 7.35315 2.34464 0.338654 2.13829 
Latency(us)/Energy(mJ): 95 0.734724 0.227732 0.033367 0.219782 
Latency(us)/Energy(mJ): 1 0 0 0 0 
Latency(us)/Energy(mJ): 4649 37.2637 11.3812 1.41573 11.9847 
Latency(us)/Energy(mJ): 95 0.987491 0.298768 0.0331238 0.331456 
Latency(us)/Energy(mJ): 0 0 0 0 0 
Latency(us)/Energy(mJ): 2018 18.8928 5.64115 0.610237 6.42543 
Latency(us)/Energy(mJ): 109 1.06079 0.316256 0.0332211 0.365271 
0.5948 - "n02085620 Chihuahua"
0.0656 - "n02110806 basenji"
0.0383 - "n02113023 Pembroke, Pembroke Welsh corgi"
0.0311 - "n02091244 Ibizan hound, Ibizan Podenco"
0.0298 - "n02389026 sorrel"
