loading weight: /home/nvidia/caffe-build/models/bvlc_alexnet/bvlc_alexnet.caffemodel
loading prototxt: /home/nvidia/caffe-build/models/bvlc_alexnet/deploy.prototxt
---------- Prediction for /home/nvidia/Downloads/ILSVRC2012_img_train_t3/n02085620/n02085620_1152.JPEG ----------
Latency(us)/Energy(mJ): 0 0 0 0 0 
Latency(us)/Energy(mJ): 192 0 0 0 0 
Latency(us)/Energy(mJ): 28 0.625957 0.0390583 0.127036 0.201182 
Latency(us)/Energy(mJ): 129 0.488106 0.035475 0.0977517 0.154806 
Latency(us)/Energy(mJ): 99 0.740164 0.0689369 0.144911 0.229492 
Latency(us)/Energy(mJ): 929 4.9861 0.773308 0.896431 1.46444 
Latency(us)/Energy(mJ): 18 0.156862 0.0307278 0.0266451 0.0441847 
Latency(us)/Energy(mJ): 100 0.695842 0.1401 0.116659 0.194825 
Latency(us)/Energy(mJ): 84 0.43192 0.0916661 0.0716621 0.120207 
Latency(us)/Energy(mJ): 1003 6.39994 1.63882 0.991167 1.6786 
Latency(us)/Energy(mJ): 23 0.213837 0.0607189 0.0315853 0.0548285 
Latency(us)/Energy(mJ): 989 7.1934 2.18166 0.991234 1.84114 
Latency(us)/Energy(mJ): 36 0.313053 0.100138 0.0375516 0.080069 
Latency(us)/Energy(mJ): 663 5.10792 1.69173 0.589223 1.29255 
Latency(us)/Energy(mJ): 35 0.257152 0.0860518 0.0286944 0.0647898 
Latency(us)/Energy(mJ): 44 0.591767 0.202645 0.0657519 0.149055 
Latency(us)/Energy(mJ): 1580 12.8561 4.29204 1.44555 3.27611 
Latency(us)/Energy(mJ): 26 0 0 0 0 
Latency(us)/Energy(mJ): 0 0 0 0 0 
Latency(us)/Energy(mJ): 4689 43.6617 14.1621 4.30091 12.3191 
Latency(us)/Energy(mJ): 31 0.465612 0.15113 0.0412214 0.138051 
Latency(us)/Energy(mJ): 0 0 0 0 0 
Latency(us)/Energy(mJ): 1994 21.3903 6.95278 1.82158 6.40723 
Latency(us)/Energy(mJ): 37 0.301846 0.0974647 0.0248701 0.0911995 
0.5948 - "n02085620 Chihuahua"
0.0656 - "n02110806 basenji"
0.0383 - "n02113023 Pembroke, Pembroke Welsh corgi"
0.0311 - "n02091244 Ibizan hound, Ibizan Podenco"
0.0298 - "n02389026 sorrel"
