loading weight: /home/nvidia/caffe-build/models/bvlc_alexnet/bvlc_alexnet.caffemodel
loading prototxt: /home/nvidia/caffe-build/models/bvlc_alexnet/deploy.prototxt
---------- Prediction for /home/nvidia/Downloads/ILSVRC2012_img_train_t3/n02085620/n02085620_1152.JPEG ----------
Latency(us)/Energy(mJ): 0 0 0 0 0 
Latency(us)/Energy(mJ): 463 2.12786 0.0665699 0.601757 0.604385 
Latency(us)/Energy(mJ): 26 0.220742 0.00686432 0.0620498 0.0623208 
Latency(us)/Energy(mJ): 64 0.353109 0.0109805 0.0992578 0.0996912 
Latency(us)/Energy(mJ): 58 0.135104 0.00420128 0.0379774 0.0381432 
Latency(us)/Energy(mJ): 6811 34.2064 2.41612 9.12794 9.43043 
Latency(us)/Energy(mJ): 23 0 0 0 0 
Latency(us)/Energy(mJ): 51 0.371699 0.0332691 0.0942867 0.103004 
Latency(us)/Energy(mJ): 48 0.231288 0.0207016 0.0586696 0.0640936 
Latency(us)/Energy(mJ): 8862 45.5912 5.0313 11.2392 12.2077 
Latency(us)/Energy(mJ): 29 0.141866 0.0167872 0.0336294 0.0379776 
Latency(us)/Energy(mJ): 6260 33.2875 4.06566 7.63633 9.1251 
Latency(us)/Energy(mJ): 42 0.394035 0.0499174 0.0887179 0.110007 
Latency(us)/Energy(mJ): 4739 25.9513 3.24515 5.76759 7.28985 
Latency(us)/Energy(mJ): 44 0.250272 0.0310524 0.0551892 0.0710092 
Latency(us)/Energy(mJ): 48 0.152489 0.01892 0.0336263 0.0432653 
Latency(us)/Energy(mJ): 4321 24.2199 2.99507 5.32459 6.90803 
Latency(us)/Energy(mJ): 30 0 0 0 0 
Latency(us)/Energy(mJ): 2 0 0 0 0 
Latency(us)/Energy(mJ): 21555 134.734 14.8038 26.349 43.5467 
Latency(us)/Energy(mJ): 28 0 0 0 0 
Latency(us)/Energy(mJ): 0 0 0 0 0 
Latency(us)/Energy(mJ): 9550 62.6623 6.44039 11.6818 21.1713 
Latency(us)/Energy(mJ): 41 0.181395 0.0167628 0.0335531 0.0609781 
0.5948 - "n02085620 Chihuahua"
0.0656 - "n02110806 basenji"
0.0383 - "n02113023 Pembroke, Pembroke Welsh corgi"
0.0311 - "n02091244 Ibizan hound, Ibizan Podenco"
0.0298 - "n02389026 sorrel"
