loading weight: /home/nvidia/caffe-build/models/bvlc_alexnet/bvlc_alexnet.caffemodel
loading prototxt: /home/nvidia/caffe-build/models/bvlc_alexnet/deploy.prototxt
---------- Prediction for /home/nvidia/caffe-build/examples/images/cat.jpg ----------
Latency(us)/Energy(mJ): 0 0 0 0 0 
Latency(us)/Energy(mJ): 4411 10.0719 0.818098 1.66628 2.78589 
Latency(us)/Energy(mJ): 36 0 0 0 0 
Latency(us)/Energy(mJ): 304 0.970963 0.145886 0.145886 0.263511 
Latency(us)/Energy(mJ): 120 0.291043 0.0433952 0.0433952 0.0805424 
Latency(us)/Energy(mJ): 3245 9.08109 1.69647 1.24717 2.46013 
Latency(us)/Energy(mJ): 34 0 0 0 0 
Latency(us)/Energy(mJ): 206 0.57844 0.131821 0.0731912 0.151928 
Latency(us)/Energy(mJ): 98 0.342506 0.0780536 0.0433379 0.0913272 
Latency(us)/Energy(mJ): 2350 7.29825 1.79465 0.890347 1.90266 
Latency(us)/Energy(mJ): 31 0 0 0 0 
Latency(us)/Energy(mJ): 1683 5.61913 1.5911 0.646554 1.39466 
Latency(us)/Energy(mJ): 31 0.392332 0.113252 0.0435671 0.0961441 
Latency(us)/Energy(mJ): 1448 4.83358 1.47 0.53247 1.17147 
Latency(us)/Energy(mJ): 31 0.398363 0.121118 0.0432806 0.0955119 
Latency(us)/Energy(mJ): 48 0 0 0 0 
Latency(us)/Energy(mJ): 2164 7.562 2.3092 0.825177 1.83814 
Latency(us)/Energy(mJ): 36 0 0 0 0 
Latency(us)/Energy(mJ): 1 0 0 0 0 
Latency(us)/Energy(mJ): 8697 36.3631 10.5591 3.56546 10.5293 
Latency(us)/Energy(mJ): 35 0.349268 0.0980639 0.0287845 0.110001 
Latency(us)/Energy(mJ): 0 0 0 0 0 
Latency(us)/Energy(mJ): 3750 18.1289 5.09336 1.62869 5.81824 
Latency(us)/Energy(mJ): 229 0.949319 0.260717 0.0722947 0.308534 
0.3094 - "n02124075 Egyptian cat"
0.1761 - "n02123159 tiger cat"
0.1221 - "n02123045 tabby, tabby cat"
0.1132 - "n02119022 red fox, Vulpes vulpes"
0.0421 - "n02085620 Chihuahua"
