loading weight: /home/nvidia/caffe-build/models/bvlc_alexnet/bvlc_alexnet.caffemodel
loading prototxt: /home/nvidia/caffe-build/models/bvlc_alexnet/deploy.prototxt
---------- Prediction for /home/nvidia/caffe-build/examples/images/cat.jpg ----------
Latency(us)/Energy(mJ): 4 0 0 0 0 
Latency(us)/Energy(mJ): 7883 20.9311 1.88444 8.34597 3.27409 
Latency(us)/Energy(mJ): 39 0.228785 0.0309038 0.0803337 0.037214 
Latency(us)/Energy(mJ): 654 1.63416 0.220739 0.573805 0.265811 
Latency(us)/Energy(mJ): 259 0.868479 0.117312 0.30495 0.141266 
Latency(us)/Energy(mJ): 9672 29.22 5.29687 9.64099 4.88214 
Latency(us)/Energy(mJ): 35 0.612196 0.132591 0.191649 0.099781 
Latency(us)/Energy(mJ): 548 1.84198 0.398941 0.55423 0.300222 
Latency(us)/Energy(mJ): 159 0.610769 0.132282 0.176568 0.0995483 
Latency(us)/Energy(mJ): 5863 18.7391 4.31116 5.33671 3.1157 
Latency(us)/Energy(mJ): 40 0.310621 0.07938 0.0866565 0.0488565 
Latency(us)/Energy(mJ): 3856 12.9551 3.39588 3.5547 2.00412 
Latency(us)/Energy(mJ): 42 0 0 0 0 
Latency(us)/Energy(mJ): 3795 12.8163 3.45185 3.45562 1.94826 
Latency(us)/Energy(mJ): 34 0.328537 0.0884856 0.0885822 0.0499422 
Latency(us)/Energy(mJ): 48 0 0 0 0 
Latency(us)/Energy(mJ): 7172 23.7688 6.19267 6.64921 3.71172 
Latency(us)/Energy(mJ): 36 0 0 0 0 
Latency(us)/Energy(mJ): 5 0 0 0 0 
Latency(us)/Energy(mJ): 32991 114.573 27.4816 29.6417 22.9476 
Latency(us)/Energy(mJ): 32 0.283787 0.0610054 0.067074 0.0626822 
Latency(us)/Energy(mJ): 25 0 0 0 0 
Latency(us)/Energy(mJ): 14245 51.5963 11.07 12.026 11.4145 
Latency(us)/Energy(mJ): 225 0.701691 0.147643 0.16233 0.155566 
0.3094 - "n02124075 Egyptian cat"
0.1761 - "n02123159 tiger cat"
0.1221 - "n02123045 tabby, tabby cat"
0.1132 - "n02119022 red fox, Vulpes vulpes"
0.0421 - "n02085620 Chihuahua"
