loading weight: /home/nvidia/caffe-build/models/bvlc_alexnet/bvlc_alexnet.caffemodel
loading prototxt: /home/nvidia/caffe-build/models/bvlc_alexnet/deploy.prototxt
---------- Prediction for /home/nvidia/Downloads/ILSVRC2012_img_train_t3/n02085620/n02085620_1152.JPEG ----------
Latency(us)/Energy(mJ): 0 0 0 0 0 
Latency(us)/Energy(mJ): 348 1.25642 0.0518382 0.124081 0.454423 
Latency(us)/Energy(mJ): 39 0.17669 0.0103829 0.0173199 0.0634307 
Latency(us)/Energy(mJ): 81 0.304727 0.0178025 0.0296967 0.108758 
Latency(us)/Energy(mJ): 75 0.30575 0.0177933 0.0296814 0.110179 
Latency(us)/Energy(mJ): 1691 7.16324 0.771623 0.648407 2.46837 
Latency(us)/Energy(mJ): 38 0.142861 0.0195276 0.0121768 0.0477802 
Latency(us)/Energy(mJ): 64 0.349018 0.0477069 0.0297485 0.11673 
Latency(us)/Energy(mJ): 68 0.351714 0.0500961 0.0297256 0.11664 
Latency(us)/Energy(mJ): 1979 9.35327 1.66236 0.75294 2.9947 
Latency(us)/Energy(mJ): 40 0.158749 0.0317242 0.0121844 0.0501766 
Latency(us)/Energy(mJ): 1619 8.51512 1.80371 0.616466 2.70018 
Latency(us)/Energy(mJ): 47 0.250846 0.0553357 0.0172669 0.0797632 
Latency(us)/Energy(mJ): 1142 6.56165 1.50875 0.437746 2.0899 
Latency(us)/Energy(mJ): 48 0.185541 0.0433319 0.0120244 0.059175 
Latency(us)/Energy(mJ): 57 0.447862 0.104595 0.0290246 0.144285 
Latency(us)/Energy(mJ): 866 5.04831 1.20338 0.322471 1.63207 
Latency(us)/Energy(mJ): 43 0.465492 0.111215 0.0292227 0.153226 
Latency(us)/Energy(mJ): 1 0 0 0 0 
Latency(us)/Energy(mJ): 5781 41.0538 9.06109 2.19028 14.6184 
Latency(us)/Energy(mJ): 42 0.612586 0.129498 0.0294208 0.229035 
Latency(us)/Energy(mJ): 0 0 0 0 0 
Latency(us)/Energy(mJ): 2586 21.1251 4.42241 0.981555 7.97963 
Latency(us)/Energy(mJ): 53 0.266767 0.0555 0.0120625 0.101755 
0.5948 - "n02085620 Chihuahua"
0.0656 - "n02110806 basenji"
0.0383 - "n02113023 Pembroke, Pembroke Welsh corgi"
0.0311 - "n02091244 Ibizan hound, Ibizan Podenco"
0.0298 - "n02389026 sorrel"
