loading weight: /home/nvidia/caffe-build/models/bvlc_alexnet/bvlc_alexnet.caffemodel
loading prototxt: /home/nvidia/caffe-build/models/bvlc_alexnet/deploy.prototxt
---------- Prediction for /home/nvidia/Downloads/ILSVRC2012_img_train_t3/n02085620/n02085620_1152.JPEG ----------
Latency(us)/Energy(mJ): 0 0 0 0 0 
Latency(us)/Energy(mJ): 569 1.88444 0.144666 0.149718 0.67802 
Latency(us)/Energy(mJ): 84 0.315893 0.0380019 0.0236985 0.108702 
Latency(us)/Energy(mJ): 218 0.825876 0.115142 0.0603534 0.280594 
Latency(us)/Energy(mJ): 277 1.33419 0.216966 0.0937204 0.442741 
Latency(us)/Energy(mJ): 1039 4.80121 0.95141 0.315742 1.54 
Latency(us)/Energy(mJ): 88 0.383816 0.0944077 0.0235826 0.117062 
Latency(us)/Energy(mJ): 282 1.55399 0.408832 0.0933422 0.463345 
Latency(us)/Energy(mJ): 234 1.20741 0.335414 0.0705526 0.354614 
Latency(us)/Energy(mJ): 681 3.51198 0.984677 0.201428 1.03724 
Latency(us)/Energy(mJ): 89 0.615923 0.182987 0.0337086 0.181501 
Latency(us)/Energy(mJ): 1193 7.23558 2.28174 0.366397 2.10886 
Latency(us)/Energy(mJ): 95 0.496365 0.164814 0.0235338 0.144675 
Latency(us)/Energy(mJ): 825 5.52552 1.85699 0.258823 1.6103 
Latency(us)/Energy(mJ): 90 0.513743 0.176542 0.0235338 0.148327 
Latency(us)/Energy(mJ): 103 0.762313 0.254468 0.0350872 0.220072 
Latency(us)/Energy(mJ): 3812 22.816 6.92837 1.15613 6.80741 
Latency(us)/Energy(mJ): 101 0.685651 0.188075 0.035807 0.214121 
Latency(us)/Energy(mJ): 1 0 0 0 0 
Latency(us)/Energy(mJ): 4745 34.446 9.83455 1.35047 11.4557 
Latency(us)/Energy(mJ): 100 0.64618 0.188242 0.017597 0.222973 
Latency(us)/Energy(mJ): 0 0.26439 0.0768773 0.0096136 0.0910613 
Latency(us)/Energy(mJ): 1985 17.3856 5.05393 0.514472 6.04704 
Latency(us)/Energy(mJ): 127 1.14199 0.332024 0.0378602 0.400272 
0.5948 - "n02085620 Chihuahua"
0.0656 - "n02110806 basenji"
0.0383 - "n02113023 Pembroke, Pembroke Welsh corgi"
0.0311 - "n02091244 Ibizan hound, Ibizan Podenco"
0.0298 - "n02389026 sorrel"
