loading weight: /home/nvidia/caffe-build/models/bvlc_alexnet/bvlc_alexnet.caffemodel
loading prototxt: /home/nvidia/caffe-build/models/bvlc_alexnet/deploy.prototxt
---------- Prediction for /home/nvidia/Downloads/ILSVRC2012_img_train_t3/n02085620/n02085620_1152.JPEG ----------
Latency(us)/Energy(mJ): 0 0 0 0 0 
Latency(us)/Energy(mJ): 344 1.57914 0.0522819 0.393834 0.467786 
Latency(us)/Energy(mJ): 27 0.128094 0.00634788 0.0317394 0.0376992 
Latency(us)/Energy(mJ): 64 0.208962 0.0103554 0.0517769 0.0614992 
Latency(us)/Energy(mJ): 59 0.339516 0.0167399 0.0836995 0.100322 
Latency(us)/Energy(mJ): 2387 11.5783 0.976983 2.70547 3.3339 
Latency(us)/Energy(mJ): 25 0.233109 0.0275842 0.0517769 0.0658403 
Latency(us)/Energy(mJ): 58 0.375387 0.0444202 0.0833789 0.106026 
Latency(us)/Energy(mJ): 50 0.142175 0.0168238 0.0315791 0.0406805 
Latency(us)/Energy(mJ): 2948 15.8214 2.30557 3.24474 4.36948 
Latency(us)/Energy(mJ): 29 0.152655 0.0252633 0.0294554 0.0417561 
Latency(us)/Energy(mJ): 2278 13.3179 2.32858 2.45749 3.70714 
Latency(us)/Energy(mJ): 46 0.165167 0.0315286 0.0294341 0.0463835 
Latency(us)/Energy(mJ): 1626 10.1079 1.93688 1.75789 2.87245 
Latency(us)/Energy(mJ): 47 0.1724 0.0336263 0.0294127 0.0489937 
Latency(us)/Energy(mJ): 50 0.455603 0.0888644 0.077729 0.130858 
Latency(us)/Energy(mJ): 1289 8.14195 1.57584 1.36939 2.3516 
Latency(us)/Energy(mJ): 33 0.177863 0.0336476 0.0294554 0.0522365 
Latency(us)/Energy(mJ): 1 0 0 0 0 
Latency(us)/Energy(mJ): 7621 56.5159 10.2861 7.96641 18.6005 
Latency(us)/Energy(mJ): 33 0 0 0 0 
Latency(us)/Energy(mJ): 1 0 0 0 0 
Latency(us)/Energy(mJ): 3361 28.0666 4.89009 3.36189 9.93241 
Latency(us)/Energy(mJ): 40 0.231884 0.039849 0.0272723 0.083193 
0.5948 - "n02085620 Chihuahua"
0.0656 - "n02110806 basenji"
0.0383 - "n02113023 Pembroke, Pembroke Welsh corgi"
0.0311 - "n02091244 Ibizan hound, Ibizan Podenco"
0.0298 - "n02389026 sorrel"
