loading weight: /home/nvidia/caffe-build/models/bvlc_alexnet/bvlc_alexnet.caffemodel
loading prototxt: /home/nvidia/caffe-build/models/bvlc_alexnet/deploy.prototxt
---------- Prediction for /home/nvidia/caffe-build/examples/images/cat.jpg ----------
Latency(us)/Energy(mJ): 0 0 0 0 0 
Latency(us)/Energy(mJ): 2327 11.092 0.477676 3.4979 3.28489 
Latency(us)/Energy(mJ): 22 0 0 0 0 
Latency(us)/Energy(mJ): 194 0.948212 0.0716661 0.287229 0.277447 
Latency(us)/Energy(mJ): 85 0.541655 0.0409385 0.164076 0.158489 
Latency(us)/Energy(mJ): 2453 13.1799 1.29226 3.80323 3.81748 
Latency(us)/Energy(mJ): 25 0 0 0 0 
Latency(us)/Energy(mJ): 164 1.02291 0.128297 0.270788 0.293384 
Latency(us)/Energy(mJ): 72 0 0 0 0 
Latency(us)/Energy(mJ): 1893 10.9962 1.50209 2.85461 3.10699 
Latency(us)/Energy(mJ): 21 0 0 0 0 
Latency(us)/Energy(mJ): 1490 8.60198 1.39262 2.16115 2.37532 
Latency(us)/Energy(mJ): 21 0 0 0 0 
Latency(us)/Energy(mJ): 1062 6.5788 1.17411 1.62168 1.79727 
Latency(us)/Energy(mJ): 18 0 0 0 0 
Latency(us)/Energy(mJ): 30 0 0 0 0 
Latency(us)/Energy(mJ): 1365 8.21097 1.47966 2.0089 2.24568 
Latency(us)/Energy(mJ): 22 0 0 0 0 
Latency(us)/Energy(mJ): 1 0 0 0 0 
Latency(us)/Energy(mJ): 4951 33.4423 6.42679 7.07221 9.84463 
Latency(us)/Energy(mJ): 19 0 0 0 0 
Latency(us)/Energy(mJ): 1 0 0 0 0 
Latency(us)/Energy(mJ): 2149 16.0517 3.22887 2.95813 4.979 
Latency(us)/Energy(mJ): 135 0.620946 0.129681 0.111213 0.195291 
0.3094 - "n02124075 Egyptian cat"
0.1761 - "n02123159 tiger cat"
0.1221 - "n02123045 tabby, tabby cat"
0.1132 - "n02119022 red fox, Vulpes vulpes"
0.0421 - "n02085620 Chihuahua"
