loading weight: /home/nvidia/caffe-build/models/bvlc_alexnet/bvlc_alexnet.caffemodel
loading prototxt: /home/nvidia/caffe-build/models/bvlc_alexnet/deploy.prototxt
---------- Prediction for /home/nvidia/caffe-build/examples/images/cat.jpg ----------
Latency(us)/Energy(mJ): 0 0 0 0 0 
Latency(us)/Energy(mJ): 6077 12.9384 1.0765 1.83482 3.54138 
Latency(us)/Energy(mJ): 73 0 0 0 0 
Latency(us)/Energy(mJ): 1272 2.77317 0.44417 0.354639 0.734858 
Latency(us)/Energy(mJ): 401 1.29758 0.207292 0.165508 0.346494 
Latency(us)/Energy(mJ): 3607 9.57353 1.77014 1.11667 2.53663 
Latency(us)/Energy(mJ): 55 0.236445 0.05676 0.0251625 0.0616275 
Latency(us)/Energy(mJ): 860 2.41174 0.542789 0.256657 0.621343 
Latency(us)/Energy(mJ): 310 0.530926 0.127452 0.0565013 0.138382 
Latency(us)/Energy(mJ): 2447 7.75962 1.93508 0.798261 1.98167 
Latency(us)/Energy(mJ): 65 0 0 0 0 
Latency(us)/Energy(mJ): 2132 6.87597 1.92351 0.67039 1.68533 
Latency(us)/Energy(mJ): 66 0 0 0 0 
Latency(us)/Energy(mJ): 1833 6.22675 1.84217 0.584807 1.47579 
Latency(us)/Energy(mJ): 57 0 0 0 0 
Latency(us)/Energy(mJ): 91 0.311443 0.0940867 0.0288988 0.0725785 
Latency(us)/Energy(mJ): 8282 25.6176 7.14072 2.52903 6.13315 
Latency(us)/Energy(mJ): 46 0.230192 0.0575292 0.0229665 0.0591105 
Latency(us)/Energy(mJ): 1 0 0 0 0 
Latency(us)/Energy(mJ): 8901 32.839 8.64648 2.70131 9.74193 
Latency(us)/Energy(mJ): 63 0.401623 0.108431 0.0288835 0.128792 
Latency(us)/Energy(mJ): 0 0 0 0 0 
Latency(us)/Energy(mJ): 3675 16.558 4.40523 1.13401 5.4313 
Latency(us)/Energy(mJ): 427 1.76217 0.462038 0.115321 0.591449 
0.3094 - "n02124075 Egyptian cat"
0.1761 - "n02123159 tiger cat"
0.1221 - "n02123045 tabby, tabby cat"
0.1132 - "n02119022 red fox, Vulpes vulpes"
0.0421 - "n02085620 Chihuahua"
