loading weight: /home/nvidia/caffe-build/models/bvlc_alexnet/bvlc_alexnet.caffemodel
loading prototxt: /home/nvidia/caffe-build/models/bvlc_alexnet/deploy.prototxt
---------- Prediction for /home/nvidia/caffe-build/examples/images/cat.jpg ----------
Latency(us)/Energy(mJ): 2 0 0 0 0 
Latency(us)/Energy(mJ): 8284 16.7928 1.70482 4.43127 3.04202 
Latency(us)/Energy(mJ): 63 0.174647 0.0244457 0.0428802 0.0322203 
Latency(us)/Energy(mJ): 739 1.69958 0.236863 0.415481 0.324795 
Latency(us)/Energy(mJ): 293 0.679067 0.0934215 0.163871 0.128952 
Latency(us)/Energy(mJ): 10124 23.927 4.32145 5.42549 4.77166 
Latency(us)/Energy(mJ): 76 0.278444 0.0599468 0.0599468 0.0558009 
Latency(us)/Energy(mJ): 486 1.15888 0.249497 0.249497 0.232242 
Latency(us)/Energy(mJ): 223 0.481966 0.103763 0.103763 0.0965871 
Latency(us)/Energy(mJ): 6197 15.7789 3.52224 3.31671 3.12583 
Latency(us)/Energy(mJ): 70 0.29471 0.0692569 0.0606422 0.0564483 
Latency(us)/Energy(mJ): 4216 11.0364 2.74696 2.23544 2.08084 
Latency(us)/Energy(mJ): 64 0.302789 0.0778472 0.0605352 0.0563487 
Latency(us)/Energy(mJ): 4118 11.0827 2.84935 2.2157 2.06093 
Latency(us)/Energy(mJ): 63 0.302923 0.0778816 0.060562 0.0542228 
Latency(us)/Energy(mJ): 74 0.222376 0.0571728 0.0444585 0.0398049 
Latency(us)/Energy(mJ): 7835 20.2818 4.98872 4.18403 3.76637 
Latency(us)/Energy(mJ): 89 0.2223 0.0522405 0.039159 0.0442035 
Latency(us)/Energy(mJ): 3 0 0 0 0 
Latency(us)/Energy(mJ): 33135 94.0425 20.2651 15.1905 22.6154 
Latency(us)/Energy(mJ): 48 0 0 0 0 
Latency(us)/Energy(mJ): 3 0 0 0 0 
Latency(us)/Energy(mJ): 14480 43.1992 8.86417 6.6445 11.4002 
Latency(us)/Energy(mJ): 430 1.475 0.302323 0.226618 0.398314 
0.3094 - "n02124075 Egyptian cat"
0.1761 - "n02123159 tiger cat"
0.1221 - "n02123045 tabby, tabby cat"
0.1132 - "n02119022 red fox, Vulpes vulpes"
0.0421 - "n02085620 Chihuahua"
