loading weight: /home/nvidia/caffe-build/models/bvlc_alexnet/bvlc_alexnet.caffemodel
loading prototxt: /home/nvidia/caffe-build/models/bvlc_alexnet/deploy.prototxt
---------- Prediction for /home/nvidia/Downloads/ILSVRC2012_img_train_t3/n02085620/n02085620_1152.JPEG ----------
Latency(us)/Energy(mJ): 0 0 0 0 0 
Latency(us)/Energy(mJ): 292 1.11878 0.0517775 0.128112 0.407272 
Latency(us)/Energy(mJ): 32 0.121176 0.00685168 0.0137034 0.0435635 
Latency(us)/Energy(mJ): 68 0.30699 0.0228201 0.0342676 0.108938 
Latency(us)/Energy(mJ): 67 0.312654 0.0230275 0.034579 0.111363 
Latency(us)/Energy(mJ): 1249 5.52802 0.699197 0.566738 1.87323 
Latency(us)/Energy(mJ): 31 0.14063 0.0226611 0.0136026 0.0460944 
Latency(us)/Energy(mJ): 57 0.357668 0.057164 0.0343134 0.116276 
Latency(us)/Energy(mJ): 58 0.218465 0.0380906 0.0207932 0.0704608 
Latency(us)/Energy(mJ): 1387 6.96367 1.44735 0.627588 2.15856 
Latency(us)/Energy(mJ): 37 0.401698 0.0917459 0.0344141 0.122403 
Latency(us)/Energy(mJ): 1183 6.65564 1.66577 0.532636 2.0257 
Latency(us)/Energy(mJ): 43 0.179483 0.0476755 0.0136301 0.0546691 
Latency(us)/Energy(mJ): 796 5.1393 1.37948 0.37506 1.56103 
Latency(us)/Energy(mJ): 42 0.294203 0.0800175 0.0208483 0.0890046 
Latency(us)/Energy(mJ): 51 0.193053 0.052199 0.0136003 0.058657 
Latency(us)/Energy(mJ): 744 4.91636 1.37213 0.342659 1.49694 
Latency(us)/Energy(mJ): 39 0.300879 0.0829356 0.0207112 0.0936311 
Latency(us)/Energy(mJ): 1 0 0 0 0 
Latency(us)/Energy(mJ): 4928 38.5006 10.1774 2.17244 12.9159 
Latency(us)/Energy(mJ): 39 0.393943 0.103144 0.0206198 0.138112 
Latency(us)/Energy(mJ): 0 0 0 0 0 
Latency(us)/Energy(mJ): 2188 19.8084 5.07331 0.925923 7.03618 
Latency(us)/Energy(mJ): 47 0.423476 0.10752 0.0173507 0.152468 
0.5948 - "n02085620 Chihuahua"
0.0656 - "n02110806 basenji"
0.0383 - "n02113023 Pembroke, Pembroke Welsh corgi"
0.0311 - "n02091244 Ibizan hound, Ibizan Podenco"
0.0298 - "n02389026 sorrel"
