loading weight: /home/nvidia/caffe-build/models/bvlc_alexnet/bvlc_alexnet.caffemodel
loading prototxt: /home/nvidia/caffe-build/models/bvlc_alexnet/deploy.prototxt
---------- Prediction for /home/nvidia/caffe-build/examples/images/cat.jpg ----------
Latency(us)/Energy(mJ): 0 0 0 0 0 
Latency(us)/Energy(mJ): 3413 8.82657 0.651794 2.57388 1.94058 
Latency(us)/Energy(mJ): 35 0 0 0 0 
Latency(us)/Energy(mJ): 285 0.865296 0.0950075 0.237986 0.196868 
Latency(us)/Energy(mJ): 119 0.3182 0.0347853 0.0871342 0.0742465 
Latency(us)/Energy(mJ): 3609 10.8515 1.61176 2.7682 2.52792 
Latency(us)/Energy(mJ): 29 0.316025 0.060153 0.0752158 0.0735422 
Latency(us)/Energy(mJ): 220 0.686298 0.130632 0.163343 0.159709 
Latency(us)/Energy(mJ): 96 0.373965 0.0711815 0.089006 0.0870255 
Latency(us)/Energy(mJ): 2778 9.15511 1.84837 2.11758 2.10099 
Latency(us)/Energy(mJ): 28 0 0 0 0 
Latency(us)/Energy(mJ): 1982 6.98135 1.61486 1.47787 1.56473 
Latency(us)/Energy(mJ): 29 0 0 0 0 
Latency(us)/Energy(mJ): 1578 5.72517 1.42065 1.1023 1.25906 
Latency(us)/Energy(mJ): 33 0 0 0 0 
Latency(us)/Energy(mJ): 46 0.352473 0.0898596 0.0673947 0.0770085 
Latency(us)/Energy(mJ): 2328 8.38993 2.0691 1.60728 1.87918 
Latency(us)/Energy(mJ): 29 0 0 0 0 
Latency(us)/Energy(mJ): 1 0 0 0 0 
Latency(us)/Energy(mJ): 8879 37.3113 8.82188 6.07373 10.323 
Latency(us)/Energy(mJ): 32 0.465434 0.106793 0.0686313 0.141658 
Latency(us)/Energy(mJ): 1 0 0 0 0 
Latency(us)/Energy(mJ): 3827 18.5783 4.25993 2.62894 5.82026 
Latency(us)/Energy(mJ): 213 1.06314 0.243312 0.145987 0.341487 
0.3094 - "n02124075 Egyptian cat"
0.1761 - "n02123159 tiger cat"
0.1221 - "n02123045 tabby, tabby cat"
0.1132 - "n02119022 red fox, Vulpes vulpes"
0.0421 - "n02085620 Chihuahua"
