loading weight: /home/nvidia/caffe-build/models/bvlc_alexnet/bvlc_alexnet.caffemodel
loading prototxt: /home/nvidia/caffe-build/models/bvlc_alexnet/deploy.prototxt
---------- Prediction for /home/nvidia/caffe-build/examples/images/cat.jpg ----------
Latency(us)/Energy(mJ): 1 0 0 0 0 
Latency(us)/Energy(mJ): 8182 21.7996 1.8045 8.83519 3.50538 
Latency(us)/Energy(mJ): 63 0.315828 0.0432424 0.121124 0.052072 
Latency(us)/Energy(mJ): 670 1.87483 0.253667 0.710534 0.314386 
Latency(us)/Energy(mJ): 242 0.54948 0.0742226 0.19294 0.0930697 
Latency(us)/Energy(mJ): 9824 29.1839 4.65822 9.8234 5.06389 
Latency(us)/Energy(mJ): 49 0 0 0 0 
Latency(us)/Energy(mJ): 490 1.75991 0.351753 0.57167 0.308575 
Latency(us)/Energy(mJ): 212 0.590612 0.118045 0.191848 0.103555 
Latency(us)/Energy(mJ): 5945 18.4708 3.78638 5.70448 3.17931 
Latency(us)/Energy(mJ): 29 0.255663 0.0553722 0.0739102 0.0432016 
Latency(us)/Energy(mJ): 4029 12.797 2.9306 3.66085 2.1309 
Latency(us)/Energy(mJ): 43 0.261869 0.0615784 0.0739102 0.0416702 
Latency(us)/Energy(mJ): 3890 12.6165 2.96676 3.56089 2.00761 
Latency(us)/Energy(mJ): 45 0 0 0 0 
Latency(us)/Energy(mJ): 45 0.368112 0.0865612 0.103896 0.0585761 
Latency(us)/Energy(mJ): 7297 22.8338 5.18141 6.65669 3.71012 
Latency(us)/Energy(mJ): 35 0.355552 0.0779401 0.104034 0.0629647 
Latency(us)/Energy(mJ): 3 0 0 0 0 
Latency(us)/Energy(mJ): 33223 111.048 22.7593 30.4773 23.0956 
Latency(us)/Energy(mJ): 34 0 0 0 0 
Latency(us)/Energy(mJ): 2 0 0 0 0 
Latency(us)/Energy(mJ): 14417 50.057 9.67107 13.2566 11.4646 
Latency(us)/Energy(mJ): 221 0.675601 0.118687 0.178127 0.156371 
0.3094 - "n02124075 Egyptian cat"
0.1761 - "n02123159 tiger cat"
0.1221 - "n02123045 tabby, tabby cat"
0.1132 - "n02119022 red fox, Vulpes vulpes"
0.0421 - "n02085620 Chihuahua"
