loading weight: /home/nvidia/caffe-build/models/bvlc_alexnet/bvlc_alexnet.caffemodel
loading prototxt: /home/nvidia/caffe-build/models/bvlc_alexnet/deploy.prototxt
---------- Prediction for /home/nvidia/Downloads/ILSVRC2012_img_train_t3/n02085620/n02085620_1152.JPEG ----------
Latency(us)/Energy(mJ): 0 0 0 0 0 
Latency(us)/Energy(mJ): 293 1.13117 0.0458338 0.127599 0.410935 
Latency(us)/Energy(mJ): 28 0.120269 0.00673718 0.0134744 0.0433945 
Latency(us)/Energy(mJ): 63 0.306736 0.01712 0.0342401 0.110271 
Latency(us)/Energy(mJ): 60 0.189631 0.0105248 0.0210497 0.067791 
Latency(us)/Energy(mJ): 1973 8.58745 0.83215 0.896911 2.96299 
Latency(us)/Energy(mJ): 30 0.209239 0.0276661 0.0207382 0.0702746 
Latency(us)/Energy(mJ): 50 0.135303 0.0178901 0.0134102 0.0454426 
Latency(us)/Energy(mJ): 54 0.349984 0.0458983 0.034405 0.116586 
Latency(us)/Energy(mJ): 2429 11.9064 1.97349 1.12045 3.80858 
Latency(us)/Energy(mJ): 30 0 0 0 0 
Latency(us)/Energy(mJ): 1855 9.89097 1.97077 0.849682 3.11989 
Latency(us)/Energy(mJ): 40 0.41608 0.085411 0.0341943 0.131402 
Latency(us)/Energy(mJ): 1351 7.66468 1.6724 0.611659 2.43835 
Latency(us)/Energy(mJ): 40 0.266201 0.0587282 0.0207382 0.0849 
Latency(us)/Energy(mJ): 45 0.17202 0.0379502 0.0134011 0.0548625 
Latency(us)/Energy(mJ): 1076 6.5086 1.47756 0.498579 2.0891 
Latency(us)/Energy(mJ): 33 0.1794 0.0405859 0.0135385 0.0588244 
Latency(us)/Energy(mJ): 0 0 0 0 0 
Latency(us)/Energy(mJ): 6515 46.2073 9.69466 2.97898 16.4299 
Latency(us)/Energy(mJ): 35 0.35467 0.0726214 0.0207295 0.131907 
Latency(us)/Energy(mJ): 0 0 0 0 0 
Latency(us)/Energy(mJ): 2900 23.4266 4.65801 1.32989 8.83976 
Latency(us)/Energy(mJ): 43 0.37321 0.072512 0.0207112 0.142214 
0.5948 - "n02085620 Chihuahua"
0.0656 - "n02110806 basenji"
0.0383 - "n02113023 Pembroke, Pembroke Welsh corgi"
0.0311 - "n02091244 Ibizan hound, Ibizan Podenco"
0.0298 - "n02389026 sorrel"
