loading weight: /home/nvidia/caffe-build/models/bvlc_alexnet/bvlc_alexnet.caffemodel
loading prototxt: /home/nvidia/caffe-build/models/bvlc_alexnet/deploy.prototxt
---------- Prediction for /home/nvidia/Downloads/ILSVRC2012_img_train_t3/n02085620/n02085620_1152.JPEG ----------
Latency(us)/Energy(mJ): 0 0 0 0 0 
Latency(us)/Energy(mJ): 462 1.61789 0.119336 0.130613 0.572115 
Latency(us)/Energy(mJ): 63 0.325149 0.037327 0.0248575 0.11084 
Latency(us)/Energy(mJ): 111 0.528118 0.072166 0.0391681 0.175584 
Latency(us)/Energy(mJ): 111 0.488057 0.0763362 0.0351055 0.158838 
Latency(us)/Energy(mJ): 962 4.37961 0.913303 0.286554 1.3509 
Latency(us)/Energy(mJ): 60 0.408938 0.107446 0.0244549 0.118265 
Latency(us)/Energy(mJ): 94 0.419725 0.114828 0.0247294 0.119593 
Latency(us)/Energy(mJ): 104 0.615206 0.172017 0.0356057 0.172191 
Latency(us)/Energy(mJ): 766 4.31652 1.33225 0.236277 1.17603 
Latency(us)/Energy(mJ): 67 0.205647 0.0667418 0.0106689 0.0556182 
Latency(us)/Energy(mJ): 1022 6.76138 2.35966 0.321696 1.80583 
Latency(us)/Energy(mJ): 70 0.563519 0.204783 0.0248148 0.147831 
Latency(us)/Energy(mJ): 609 4.35184 1.63972 0.185239 1.14408 
Latency(us)/Energy(mJ): 60 0.312694 0.12179 0.0128222 0.0812213 
Latency(us)/Energy(mJ): 73 0.600255 0.231253 0.0246806 0.156337 
Latency(us)/Energy(mJ): 910 6.50869 2.44331 0.273506 1.71712 
Latency(us)/Energy(mJ): 68 0.598816 0.218723 0.0250039 0.16314 
Latency(us)/Energy(mJ): 1 0 0 0 0 
Latency(us)/Energy(mJ): 4498 39.1766 14.0524 1.36946 11.5358 
Latency(us)/Energy(mJ): 68 0.796787 0.276627 0.0245389 0.24555 
Latency(us)/Energy(mJ): 1 0 0 0 0 
Latency(us)/Energy(mJ): 1971 20.3729 7.09814 0.605063 6.36728 
Latency(us)/Energy(mJ): 84 0.86044 0.297517 0.0247456 0.272527 
0.5948 - "n02085620 Chihuahua"
0.0656 - "n02110806 basenji"
0.0383 - "n02113023 Pembroke, Pembroke Welsh corgi"
0.0311 - "n02091244 Ibizan hound, Ibizan Podenco"
0.0298 - "n02389026 sorrel"
