loading weight: /home/nvidia/caffe-build/models/bvlc_alexnet/bvlc_alexnet.caffemodel
loading prototxt: /home/nvidia/caffe-build/models/bvlc_alexnet/deploy.prototxt
---------- Prediction for /home/nvidia/Downloads/ILSVRC2012_img_train_t3/n02085620/n02085620_1152.JPEG ----------
Latency(us)/Energy(mJ): 0 0 0 0 0 
Latency(us)/Energy(mJ): 371 1.51362 0.0528291 0.238774 0.526206 
Latency(us)/Energy(mJ): 22 0.123246 0.0043016 0.0194421 0.0428462 
Latency(us)/Energy(mJ): 49 0.198501 0.00692816 0.0313135 0.0690081 
Latency(us)/Energy(mJ): 45 0.123943 0.00432592 0.019552 0.0430884 
Latency(us)/Energy(mJ): 6789 30.4731 2.41386 4.67341 9.97606 
Latency(us)/Energy(mJ): 22 0.207013 0.0206833 0.0310249 0.066611 
Latency(us)/Energy(mJ): 40 0.131469 0.0131354 0.0197032 0.042303 
Latency(us)/Energy(mJ): 42 0.206188 0.0206008 0.0309013 0.0663455 
Latency(us)/Energy(mJ): 8901 41.2687 5.10016 6.12441 12.583 
Latency(us)/Energy(mJ): 23 0 0 0 0 
Latency(us)/Energy(mJ): 6201 29.7681 4.04413 4.24698 9.12683 
Latency(us)/Energy(mJ): 30 0.361962 0.0504808 0.0504808 0.112645 
Latency(us)/Energy(mJ): 4746 23.6064 3.25389 3.25389 7.36672 
Latency(us)/Energy(mJ): 29 0.140684 0.0193184 0.0193184 0.0441765 
Latency(us)/Energy(mJ): 33 0.226336 0.0310799 0.0310799 0.071072 
Latency(us)/Energy(mJ): 4425 22.1954 3.02501 3.02501 7.00487 
Latency(us)/Energy(mJ): 24 0.143634 0.0194284 0.0194284 0.0466054 
Latency(us)/Energy(mJ): 0 0 0 0 0 
Latency(us)/Energy(mJ): 21558 123.476 14.7895 14.8046 43.6072 
Latency(us)/Energy(mJ): 24 0.269404 0.0275964 0.0310799 0.0978089 
Latency(us)/Energy(mJ): 0 0 0 0 0 
Latency(us)/Energy(mJ): 9556 57.6319 6.48642 6.56581 21.1935 
Latency(us)/Energy(mJ): 31 0 0 0 0 
0.5948 - "n02085620 Chihuahua"
0.0656 - "n02110806 basenji"
0.0383 - "n02113023 Pembroke, Pembroke Welsh corgi"
0.0311 - "n02091244 Ibizan hound, Ibizan Podenco"
0.0298 - "n02389026 sorrel"
