loading weight: /home/nvidia/caffe-build/models/bvlc_alexnet/bvlc_alexnet.caffemodel
loading prototxt: /home/nvidia/caffe-build/models/bvlc_alexnet/deploy.prototxt
---------- Prediction for /home/nvidia/Downloads/ILSVRC2012_img_train_t3/n02085620/n02085620_1152.JPEG ----------
Latency(us)/Energy(mJ): 0 0 0 0 0 
Latency(us)/Energy(mJ): 229 0.960306 0.0480128 0.121538 0.340262 
Latency(us)/Energy(mJ): 24 0 0 0 0 
Latency(us)/Energy(mJ): 51 0.31894 0.0225334 0.0394519 0.110451 
Latency(us)/Energy(mJ): 48 0.199807 0.0174803 0.0244999 0.0694623 
Latency(us)/Energy(mJ): 1087 5.0499 0.725608 0.568646 1.65132 
Latency(us)/Energy(mJ): 24 0.229876 0.0414582 0.0241688 0.0719634 
Latency(us)/Energy(mJ): 43 0.149007 0.028887 0.0155501 0.0463008 
Latency(us)/Energy(mJ): 44 0.381811 0.0738048 0.0397296 0.118296 
Latency(us)/Energy(mJ): 1209 6.51425 1.54893 0.631049 1.91124 
Latency(us)/Energy(mJ): 26 0.262018 0.0689142 0.0241154 0.0752817 
Latency(us)/Energy(mJ): 1035 6.45119 1.83241 0.551729 1.83321 
Latency(us)/Energy(mJ): 36 0.190672 0.0569518 0.0153365 0.0533043 
Latency(us)/Energy(mJ): 722 5.08293 1.58543 0.394733 1.42899 
Latency(us)/Energy(mJ): 34 0 0 0 0 
Latency(us)/Energy(mJ): 39 0.526414 0.169284 0.0395267 0.147847 
Latency(us)/Energy(mJ): 628 4.32816 1.39286 0.31867 1.22009 
Latency(us)/Energy(mJ): 29 0.322412 0.103499 0.0233892 0.0921552 
Latency(us)/Energy(mJ): 0 0 0 0 0 
Latency(us)/Energy(mJ): 4685 40.1701 12.39 2.49811 12.4498 
Latency(us)/Energy(mJ): 29 0.437358 0.132359 0.0243688 0.141732 
Latency(us)/Energy(mJ): 0 0 0 0 0 
Latency(us)/Energy(mJ): 2079 20.4371 6.10201 1.10247 6.72222 
Latency(us)/Energy(mJ): 35 0.291501 0.0872984 0.0152758 0.0970714 
0.5948 - "n02085620 Chihuahua"
0.0656 - "n02110806 basenji"
0.0383 - "n02113023 Pembroke, Pembroke Welsh corgi"
0.0311 - "n02091244 Ibizan hound, Ibizan Podenco"
0.0298 - "n02389026 sorrel"
