loading weight: /home/nvidia/caffe-build/models/bvlc_alexnet/bvlc_alexnet.caffemodel
loading prototxt: /home/nvidia/caffe-build/models/bvlc_alexnet/deploy.prototxt
---------- Prediction for /home/nvidia/Downloads/ILSVRC2012_img_train_t3/n02085620/n02085620_1152.JPEG ----------
Latency(us)/Energy(mJ): 0 0 0 0 0 
Latency(us)/Energy(mJ): 840 3.0219 0.272379 0.245446 1.04314 
Latency(us)/Energy(mJ): 120 0.567997 0.0966123 0.0413702 0.180963 
Latency(us)/Energy(mJ): 219 0.935151 0.177458 0.0655994 0.291701 
Latency(us)/Energy(mJ): 208 0.980188 0.190806 0.0668804 0.30348 
Latency(us)/Energy(mJ): 1042 5.05845 1.2637 0.317914 1.46979 
Latency(us)/Energy(mJ): 115 0.689991 0.212034 0.0390827 0.184137 
Latency(us)/Energy(mJ): 175 0.946964 0.293187 0.0532591 0.254247 
Latency(us)/Energy(mJ): 193 1.19054 0.371049 0.0667828 0.318806 
Latency(us)/Energy(mJ): 632 3.42715 1.117 0.185952 0.91978 
Latency(us)/Energy(mJ): 114 0.767 0.261057 0.0391132 0.205646 
Latency(us)/Energy(mJ): 1114 7.31329 2.66359 0.343534 1.91056 
Latency(us)/Energy(mJ): 115 0.586307 0.226282 0.0266265 0.155307 
Latency(us)/Energy(mJ): 897 6.25111 2.4315 0.278904 1.63849 
Latency(us)/Energy(mJ): 113 0.894064 0.352202 0.0391193 0.232261 
Latency(us)/Energy(mJ): 136 0.913295 0.361813 0.0401868 0.236904 
Latency(us)/Energy(mJ): 1570 10.3091 3.8918 0.472408 2.73375 
Latency(us)/Energy(mJ): 123 0.865725 0.312887 0.0390949 0.239563 
Latency(us)/Energy(mJ): 2 0 0 0 0 
Latency(us)/Energy(mJ): 4507 37.3966 13.2838 1.37565 11.1868 
Latency(us)/Energy(mJ): 120 1.2066 0.420163 0.0387053 0.378397 
Latency(us)/Energy(mJ): 2 0 0 0 0 
Latency(us)/Energy(mJ): 1935 19.3958 6.74054 0.596466 6.16712 
Latency(us)/Energy(mJ): 149 1.35699 0.467968 0.0403104 0.436387 
0.5948 - "n02085620 Chihuahua"
0.0656 - "n02110806 basenji"
0.0383 - "n02113023 Pembroke, Pembroke Welsh corgi"
0.0311 - "n02091244 Ibizan hound, Ibizan Podenco"
0.0298 - "n02389026 sorrel"
