loading weight: /home/nvidia/caffe-build/models/bvlc_alexnet/bvlc_alexnet.caffemodel
loading prototxt: /home/nvidia/caffe-build/models/bvlc_alexnet/deploy.prototxt
---------- Prediction for /home/nvidia/Downloads/ILSVRC2012_img_train_t3/n02085620/n02085620_1152.JPEG ----------
Latency(us)/Energy(mJ): 0 0 0 0 0 
Latency(us)/Energy(mJ): 363 1.50696 0.05244 0.31602 0.4692 
Latency(us)/Energy(mJ): 30 0.123004 0.004256 0.025648 0.03808 
Latency(us)/Energy(mJ): 69 0.323447 0.0167124 0.0668497 0.100712 
Latency(us)/Energy(mJ): 60 0.332311 0.0171704 0.0686817 0.103472 
Latency(us)/Energy(mJ): 2342 10.9248 0.967272 2.13848 3.28864 
Latency(us)/Energy(mJ): 28 0.141672 0.0153578 0.0263442 0.0418746 
Latency(us)/Energy(mJ): 48 0.222655 0.027572 0.0414032 0.0658112 
Latency(us)/Energy(mJ): 60 0.364228 0.0451034 0.067729 0.107657 
Latency(us)/Energy(mJ): 2962 15.1255 2.3007 2.68431 4.3303 
Latency(us)/Energy(mJ): 31 0.15234 0.0262892 0.0240793 0.0434518 
Latency(us)/Energy(mJ): 2289 12.7206 2.29986 1.92237 3.68121 
Latency(us)/Energy(mJ): 49 0.427397 0.081172 0.0620524 0.125954 
Latency(us)/Energy(mJ): 1627 9.61548 1.90981 1.36158 2.8282 
Latency(us)/Energy(mJ): 49 0.272722 0.0552136 0.0379396 0.0804464 
Latency(us)/Energy(mJ): 55 0.17309 0.0350427 0.0240793 0.0510573 
Latency(us)/Energy(mJ): 1278 7.97715 1.6 1.09169 2.37746 
Latency(us)/Energy(mJ): 35 0.178696 0.0350671 0.0240961 0.0543957 
Latency(us)/Energy(mJ): 1 0 0 0 0 
Latency(us)/Energy(mJ): 7638 54.9794 10.2593 6.42303 18.5693 
Latency(us)/Energy(mJ): 37 0.21921 0.0382788 0.0234081 0.0784548 
Latency(us)/Energy(mJ): 1 0 0 0 0 
Latency(us)/Energy(mJ): 3353 27.1497 4.83761 2.82497 9.85509 
Latency(us)/Energy(mJ): 47 0.236345 0.0415576 0.0240506 0.0867601 
0.5948 - "n02085620 Chihuahua"
0.0656 - "n02110806 basenji"
0.0383 - "n02113023 Pembroke, Pembroke Welsh corgi"
0.0311 - "n02091244 Ibizan hound, Ibizan Podenco"
0.0298 - "n02389026 sorrel"
