loading weight: /home/nvidia/caffe-build/models/bvlc_alexnet/bvlc_alexnet.caffemodel
loading prototxt: /home/nvidia/caffe-build/models/bvlc_alexnet/deploy.prototxt
---------- Prediction for /home/nvidia/Downloads/ILSVRC2012_img_train_t3/n02085620/n02085620_1152.JPEG ----------
Latency(us)/Energy(mJ): 0 0 0 0 0 
Latency(us)/Energy(mJ): 287 1.20748 0.0479909 0.191549 0.421733 
Latency(us)/Energy(mJ): 31 0 0 0 0 
Latency(us)/Energy(mJ): 76 0.517182 0.0270495 0.0811484 0.178834 
Latency(us)/Energy(mJ): 54 0.12195 0.00635704 0.0190711 0.0420286 
Latency(us)/Energy(mJ): 1971 9.20874 0.866266 1.36555 3.06822 
Latency(us)/Energy(mJ): 27 0.133763 0.0168238 0.0189475 0.043797 
Latency(us)/Energy(mJ): 61 0.35793 0.045018 0.0507006 0.117194 
Latency(us)/Energy(mJ): 56 0.2226 0.0277794 0.031286 0.0723175 
Latency(us)/Energy(mJ): 2414 12.1542 1.95338 1.53294 3.77901 
Latency(us)/Energy(mJ): 36 0.2368 0.0448979 0.0276539 0.0727328 
Latency(us)/Energy(mJ): 1861 10.3143 2.01433 1.14019 3.18725 
Latency(us)/Energy(mJ): 38 0.158279 0.0335287 0.0167506 0.0493731 
Latency(us)/Energy(mJ): 1335 7.92674 1.68763 0.818437 2.47482 
Latency(us)/Energy(mJ): 37 0.165973 0.0356934 0.0167872 0.0521229 
Latency(us)/Energy(mJ): 47 0.437922 0.0939547 0.0441884 0.137201 
Latency(us)/Energy(mJ): 1067 6.4921 1.44217 0.64477 2.04525 
Latency(us)/Energy(mJ): 31 0.171976 0.0379497 0.0168604 0.0555288 
Latency(us)/Energy(mJ): 0 0 0 0 0 
Latency(us)/Energy(mJ): 6521 47.2421 9.74187 3.98701 16.515 
Latency(us)/Energy(mJ): 37 0.358254 0.0723012 0.0275476 0.131325 
Latency(us)/Energy(mJ): 1 0 0 0 0 
Latency(us)/Energy(mJ): 2888 23.43 4.59997 1.75327 8.70948 
Latency(us)/Energy(mJ): 44 0.228885 0.044064 0.0167994 0.0858973 
0.5948 - "n02085620 Chihuahua"
0.0656 - "n02110806 basenji"
0.0383 - "n02113023 Pembroke, Pembroke Welsh corgi"
0.0311 - "n02091244 Ibizan hound, Ibizan Podenco"
0.0298 - "n02389026 sorrel"
