loading weight: /home/nvidia/caffe-build/models/bvlc_alexnet/bvlc_alexnet.caffemodel
loading prototxt: /home/nvidia/caffe-build/models/bvlc_alexnet/deploy.prototxt
---------- Prediction for /home/nvidia/caffe-build/examples/images/cat.jpg ----------
Latency(us)/Energy(mJ): 1 0 0 0 0 
Latency(us)/Energy(mJ): 8368 17.4523 1.95463 4.82609 3.117 
Latency(us)/Energy(mJ): 70 0.228024 0.0379708 0.053179 0.0418474 
Latency(us)/Energy(mJ): 780 1.77134 0.294369 0.412271 0.324423 
Latency(us)/Energy(mJ): 254 0.674764 0.110532 0.154802 0.127314 
Latency(us)/Energy(mJ): 9720 24.3357 5.22769 5.18049 4.59663 
Latency(us)/Energy(mJ): 52 0.276297 0.071036 0.0552388 0.0514185 
Latency(us)/Energy(mJ): 581 1.56452 0.39646 0.308294 0.286972 
Latency(us)/Energy(mJ): 263 0.832419 0.210941 0.164031 0.152687 
Latency(us)/Energy(mJ): 5701 15.7327 4.18992 3.0472 2.94468 
Latency(us)/Energy(mJ): 53 0 0 0 0 
Latency(us)/Energy(mJ): 4035 11.7103 3.51997 2.17157 2.0985 
Latency(us)/Energy(mJ): 48 0.338592 0.105501 0.0615518 0.0594808 
Latency(us)/Energy(mJ): 3946 11.6321 3.6244 2.11456 1.97352 
Latency(us)/Energy(mJ): 47 0 0 0 0 
Latency(us)/Energy(mJ): 105 0.573444 0.178677 0.104245 0.0970353 
Latency(us)/Energy(mJ): 7416 20.9603 6.1717 3.96649 3.66774 
Latency(us)/Energy(mJ): 54 0 0 0 0 
Latency(us)/Energy(mJ): 8 0 0 0 0 
Latency(us)/Energy(mJ): 32814 100.85 26.6793 17.6055 22.6702 
Latency(us)/Energy(mJ): 49 0 0 0 0 
Latency(us)/Energy(mJ): 3 0 0 0 0 
Latency(us)/Energy(mJ): 14033 45.1677 10.9334 7.32069 11.2063 
Latency(us)/Energy(mJ): 353 1.2611 0.296547 0.20766 0.312461 
0.3094 - "n02124075 Egyptian cat"
0.1761 - "n02123159 tiger cat"
0.1221 - "n02123045 tabby, tabby cat"
0.1132 - "n02119022 red fox, Vulpes vulpes"
0.0421 - "n02085620 Chihuahua"
