loading weight: /home/nvidia/caffe-build/models/bvlc_alexnet/bvlc_alexnet.caffemodel
loading prototxt: /home/nvidia/caffe-build/models/bvlc_alexnet/deploy.prototxt
---------- Prediction for /home/nvidia/caffe-build/examples/images/cat.jpg ----------
Latency(us)/Energy(mJ): 1 0 0 0 0 
Latency(us)/Energy(mJ): 12228 18.8434 2.50743 2.80438 3.36864 
Latency(us)/Energy(mJ): 120 0.224359 0.0466804 0.0279838 0.042159 
Latency(us)/Energy(mJ): 563 1.04054 0.216613 0.129854 0.197866 
Latency(us)/Energy(mJ): 692 1.29083 0.264115 0.158331 0.25167 
Latency(us)/Energy(mJ): 9274 19.5604 5.11737 2.13236 3.88926 
Latency(us)/Energy(mJ): 118 0.256125 0.0768152 0.0255678 0.051359 
Latency(us)/Energy(mJ): 497 1.03964 0.311802 0.103783 0.208472 
Latency(us)/Energy(mJ): 258 0.568815 0.169042 0.0562653 0.113022 
Latency(us)/Energy(mJ): 5758 13.9731 4.33176 1.33946 2.7868 
Latency(us)/Energy(mJ): 106 0.262416 0.088704 0.0241824 0.0505824 
Latency(us)/Energy(mJ): 4028 10.1904 3.50005 0.921301 1.92709 
Latency(us)/Energy(mJ): 107 0.27664 0.0975688 0.0243656 0.0509656 
Latency(us)/Energy(mJ): 3917 10.2289 3.60766 0.900932 1.88448 
Latency(us)/Energy(mJ): 107 0.27703 0.0977063 0.0244 0.0510374 
Latency(us)/Energy(mJ): 160 0.29965 0.105684 0.0263922 0.0552048 
Latency(us)/Energy(mJ): 6007 15.4781 5.23866 1.39571 3.02841 
Latency(us)/Energy(mJ): 126 0.297961 0.097692 0.0266327 0.0623368 
Latency(us)/Energy(mJ): 5 0 0 0 0 
Latency(us)/Energy(mJ): 32621 90.6217 27.2736 7.4655 22.2585 
Latency(us)/Energy(mJ): 114 0.319272 0.0851096 0.0255106 0.0853324 
Latency(us)/Energy(mJ): 2 0 0 0 0 
Latency(us)/Energy(mJ): 14227 41.5692 10.8829 3.26202 11.1499 
Latency(us)/Energy(mJ): 741 2.33601 0.606425 0.181769 0.638969 
0.3094 - "n02124075 Egyptian cat"
0.1761 - "n02123159 tiger cat"
0.1221 - "n02123045 tabby, tabby cat"
0.1132 - "n02119022 red fox, Vulpes vulpes"
0.0421 - "n02085620 Chihuahua"
