loading weight: /home/nvidia/caffe-build/models/bvlc_alexnet/bvlc_alexnet.caffemodel
loading prototxt: /home/nvidia/caffe-build/models/bvlc_alexnet/deploy.prototxt
---------- Prediction for /home/nvidia/Downloads/ILSVRC2012_img_train_t3/n02085620/n02085620_1152.JPEG ----------
Latency(us)/Energy(mJ): 0 0 0 0 0 
Latency(us)/Energy(mJ): 203 0.90886 0.0548609 0.152768 0.307796 
Latency(us)/Energy(mJ): 21 0 0 0 0 
Latency(us)/Energy(mJ): 47 0.345007 0.0315817 0.0562178 0.114351 
Latency(us)/Energy(mJ): 42 0.134569 0.0130164 0.0216845 0.0441078 
Latency(us)/Energy(mJ): 948 4.9926 0.84512 0.725872 1.51358 
Latency(us)/Energy(mJ): 20 0 0 0 0 
Latency(us)/Energy(mJ): 38 0.419708 0.0954592 0.0561568 0.119674 
Latency(us)/Energy(mJ): 37 0 0 0 0 
Latency(us)/Energy(mJ): 1018 6.42826 1.83337 0.782243 1.70099 
Latency(us)/Energy(mJ): 23 0.3041 0.0967181 0.0345486 0.0779722 
Latency(us)/Energy(mJ): 918 6.53983 2.24137 0.689817 1.64507 
Latency(us)/Energy(mJ): 31 0.349984 0.127509 0.0344424 0.0864676 
Latency(us)/Energy(mJ): 633 4.93271 1.85017 0.467136 1.21402 
Latency(us)/Energy(mJ): 29 0.378589 0.145133 0.0345491 0.092811 
Latency(us)/Energy(mJ): 35 0.238051 0.0908444 0.0216256 0.0580939 
Latency(us)/Energy(mJ): 620 5.42963 2.1097 0.484083 1.32932 
Latency(us)/Energy(mJ): 26 0.244417 0.0946887 0.0215189 0.0610549 
Latency(us)/Energy(mJ): 0 0 0 0 0 
Latency(us)/Energy(mJ): 4553 45.2582 17.0282 3.45404 12.2403 
Latency(us)/Energy(mJ): 25 0.497377 0.185114 0.0342754 0.142191 
Latency(us)/Energy(mJ): 0 0 0 0 0 
Latency(us)/Energy(mJ): 1997 22.8846 8.40095 1.5237 6.60729 
Latency(us)/Energy(mJ): 33 0 0 0 0 
0.5948 - "n02085620 Chihuahua"
0.0656 - "n02110806 basenji"
0.0383 - "n02113023 Pembroke, Pembroke Welsh corgi"
0.0311 - "n02091244 Ibizan hound, Ibizan Podenco"
0.0298 - "n02389026 sorrel"
