loading weight: /home/nvidia/caffe-build/models/bvlc_alexnet/bvlc_alexnet.caffemodel
loading prototxt: /home/nvidia/caffe-build/models/bvlc_alexnet/deploy.prototxt
---------- Prediction for /home/nvidia/caffe-build/examples/images/cat.jpg ----------
Latency(us)/Energy(mJ): 0 0 0 0 0 
Latency(us)/Energy(mJ): 8827 32.4203 1.82062 14.7495 5.88464 
Latency(us)/Energy(mJ): 21 0 0 0 0 
Latency(us)/Energy(mJ): 199 0.990881 0.0815265 0.428749 0.179091 
Latency(us)/Energy(mJ): 87 0 0 0 0 
Latency(us)/Energy(mJ): 12664 48.1125 4.80835 19.8314 8.69484 
Latency(us)/Energy(mJ): 19 0 0 0 0 
Latency(us)/Energy(mJ): 154 0.71217 0.0862185 0.287646 0.126128 
Latency(us)/Energy(mJ): 68 0 0 0 0 
Latency(us)/Energy(mJ): 10434 39.3056 4.9969 15.251 6.80124 
Latency(us)/Energy(mJ): 21 0.306569 0.0441618 0.119998 0.0506951 
Latency(us)/Energy(mJ): 8143 29.8858 4.32262 11.7456 4.8352 
Latency(us)/Energy(mJ): 19 0 0 0 0 
Latency(us)/Energy(mJ): 4995 18.3193 2.66626 6.93022 2.87098 
Latency(us)/Energy(mJ): 22 0.277927 0.0404505 0.104156 0.0435563 
Latency(us)/Energy(mJ): 30 0 0 0 0 
Latency(us)/Energy(mJ): 4178 15.1539 2.21201 5.69573 2.48443 
Latency(us)/Energy(mJ): 29 0.425619 0.0606891 0.156269 0.0761455 
Latency(us)/Energy(mJ): 1 0 0 0 0 
Latency(us)/Energy(mJ): 21826 92.0483 12.4507 29.887 21.4179 
Latency(us)/Energy(mJ): 20 0.493468 0.066324 0.149148 0.128957 
Latency(us)/Energy(mJ): 1 0 0 0 0 
Latency(us)/Energy(mJ): 9458 43.9321 5.75461 12.9408 11.857 
Latency(us)/Energy(mJ): 136 0.89089 0.11496 0.258518 0.245159 
0.3094 - "n02124075 Egyptian cat"
0.1761 - "n02123159 tiger cat"
0.1221 - "n02123045 tabby, tabby cat"
0.1132 - "n02119022 red fox, Vulpes vulpes"
0.0421 - "n02085620 Chihuahua"
