loading weight: /home/nvidia/caffe-build/models/bvlc_alexnet/bvlc_alexnet.caffemodel
loading prototxt: /home/nvidia/caffe-build/models/bvlc_alexnet/deploy.prototxt
---------- Prediction for /home/nvidia/caffe-build/examples/images/cat.jpg ----------
Latency(us)/Energy(mJ): 0 0 0 0 0 
Latency(us)/Energy(mJ): 3625 13.4238 0.719223 1.64695 5.23487 
Latency(us)/Energy(mJ): 31 0 0 0 0 
Latency(us)/Energy(mJ): 171 0.743548 0.058194 0.0873864 0.285246 
Latency(us)/Energy(mJ): 79 0.446819 0.0346328 0.0520059 0.169757 
Latency(us)/Energy(mJ): 3621 14.9092 1.59074 1.66357 5.57748 
Latency(us)/Energy(mJ): 29 0 0 0 0 
Latency(us)/Energy(mJ): 141 0.493583 0.0615969 0.0528303 0.181215 
Latency(us)/Energy(mJ): 68 0.318144 0.0397029 0.0340523 0.116804 
Latency(us)/Energy(mJ): 3017 13.0694 1.92116 1.37187 4.70569 
Latency(us)/Energy(mJ): 29 0.501702 0.0777684 0.0518456 0.177837 
Latency(us)/Energy(mJ): 2386 10.4241 1.74125 1.06224 3.64362 
Latency(us)/Energy(mJ): 29 0 0 0 0 
Latency(us)/Energy(mJ): 1529 7.36519 1.35353 0.737998 2.53143 
Latency(us)/Energy(mJ): 29 0 0 0 0 
Latency(us)/Energy(mJ): 44 0.346032 0.062874 0.0342813 0.117589 
Latency(us)/Energy(mJ): 1548 6.92581 1.26088 0.687481 2.38719 
Latency(us)/Energy(mJ): 31 0 0 0 0 
Latency(us)/Energy(mJ): 1 0.536397 0.095928 0.0523036 0.187859 
Latency(us)/Energy(mJ): 6562 34.7286 6.44951 3.00031 12.6256 
Latency(us)/Energy(mJ): 30 0 0 0 0 
Latency(us)/Energy(mJ): 0 0 0 0 0 
Latency(us)/Energy(mJ): 2891 17.2688 3.25691 1.32103 6.52656 
Latency(us)/Energy(mJ): 185 1.16445 0.215415 0.0862414 0.44307 
0.3094 - "n02124075 Egyptian cat"
0.1761 - "n02123159 tiger cat"
0.1221 - "n02123045 tabby, tabby cat"
0.1132 - "n02119022 red fox, Vulpes vulpes"
0.0421 - "n02085620 Chihuahua"
