loading weight: /home/nvidia/caffe-build/models/bvlc_alexnet/bvlc_alexnet.caffemodel
loading prototxt: /home/nvidia/caffe-build/models/bvlc_alexnet/deploy.prototxt
---------- Prediction for /home/nvidia/Downloads/ILSVRC2012_img_train_t3/n02085620/n02085620_1152.JPEG ----------
Latency(us)/Energy(mJ): 0 0 0 0 0 
Latency(us)/Energy(mJ): 570 2.09614 0.125839 0.169647 0.741554 
Latency(us)/Energy(mJ): 75 0.324945 0.0312953 0.0250527 0.111012 
Latency(us)/Energy(mJ): 145 0.474 0.0539616 0.0359351 0.160235 
Latency(us)/Energy(mJ): 139 0.673724 0.0841424 0.0500322 0.223824 
Latency(us)/Energy(mJ): 1129 5.11201 0.884182 0.348237 1.63436 
Latency(us)/Energy(mJ): 75 0.392948 0.0872129 0.0249063 0.120449 
Latency(us)/Energy(mJ): 116 0.402191 0.0882595 0.0252052 0.121894 
Latency(us)/Energy(mJ): 124 0.812145 0.184942 0.0501969 0.243485 
Latency(us)/Energy(mJ): 935 4.63618 1.17198 0.273371 1.36868 
Latency(us)/Energy(mJ): 80 0.449434 0.119799 0.0251991 0.133018 
Latency(us)/Energy(mJ): 1180 6.95426 1.9927 0.361937 2.04639 
Latency(us)/Energy(mJ): 81 0.741216 0.225907 0.036112 0.218194 
Latency(us)/Energy(mJ): 704 4.53378 1.415 0.213634 1.32754 
Latency(us)/Energy(mJ): 73 0.545843 0.175152 0.02501 0.159128 
Latency(us)/Energy(mJ): 90 0.544132 0.168756 0.0249978 0.158347 
Latency(us)/Energy(mJ): 1152 7.38995 2.24828 0.348206 2.18061 
Latency(us)/Energy(mJ): 81 0.538742 0.156946 0.0251015 0.163777 
Latency(us)/Energy(mJ): 2 0 0 0 0 
Latency(us)/Energy(mJ): 4760 37.4732 10.7069 1.65023 12.2615 
Latency(us)/Energy(mJ): 83 0.728228 0.20618 0.0312344 0.249383 
Latency(us)/Energy(mJ): 1 0 0 0 0 
Latency(us)/Energy(mJ): 2059 19.0289 5.28315 0.78659 6.59686 
Latency(us)/Energy(mJ): 99 0.78282 0.219039 0.031303 0.273511 
0.5948 - "n02085620 Chihuahua"
0.0656 - "n02110806 basenji"
0.0383 - "n02113023 Pembroke, Pembroke Welsh corgi"
0.0311 - "n02091244 Ibizan hound, Ibizan Podenco"
0.0298 - "n02389026 sorrel"
