loading weight: /home/nvidia/caffe-build/models/bvlc_alexnet/bvlc_alexnet.caffemodel
loading prototxt: /home/nvidia/caffe-build/models/bvlc_alexnet/deploy.prototxt
---------- Prediction for /home/nvidia/Downloads/ILSVRC2012_img_train_t3/n02085620/n02085620_1152.JPEG ----------
Latency(us)/Energy(mJ): 0 0 0 0 0 
Latency(us)/Energy(mJ): 395 1.44435 0.0620562 0.168846 0.519594 
Latency(us)/Energy(mJ): 45 0.127692 0.00736006 0.0147201 0.0455745 
Latency(us)/Energy(mJ): 95 0.493594 0.0281807 0.0563615 0.174499 
Latency(us)/Energy(mJ): 87 0.315333 0.0213107 0.0356599 0.110405 
Latency(us)/Energy(mJ): 1682 7.27518 0.792936 0.773141 2.45151 
Latency(us)/Energy(mJ): 44 0.145472 0.019552 0.014656 0.04784 
Latency(us)/Energy(mJ): 74 0.353133 0.0498793 0.0355774 0.116132 
Latency(us)/Energy(mJ): 78 0.356924 0.0535036 0.035669 0.116431 
Latency(us)/Energy(mJ): 1933 9.43554 1.67216 0.898807 2.96047 
Latency(us)/Energy(mJ): 46 0.161614 0.0318035 0.0146835 0.0497571 
Latency(us)/Energy(mJ): 1633 8.59338 1.81083 0.73847 2.68263 
Latency(us)/Energy(mJ): 57 0.431127 0.0944566 0.0354309 0.136154 
Latency(us)/Energy(mJ): 1127 6.64436 1.52771 0.528239 2.09518 
Latency(us)/Energy(mJ): 57 0.26946 0.0625264 0.0208573 0.0845222 
Latency(us)/Energy(mJ): 65 0.460321 0.106133 0.0354034 0.144328 
Latency(us)/Energy(mJ): 936 5.55538 1.30106 0.423311 1.76719 
Latency(us)/Energy(mJ): 49 0.196067 0.0440733 0.0147018 0.0632691 
Latency(us)/Energy(mJ): 1 0 0 0 0 
Latency(us)/Energy(mJ): 5821 41.635 9.06108 2.65877 14.6741 
Latency(us)/Energy(mJ): 49 0.616554 0.129699 0.0353444 0.227844 
Latency(us)/Energy(mJ): 0 0 0 0 0 
Latency(us)/Energy(mJ): 2599 21.3805 4.40969 1.1893 8.01069 
Latency(us)/Energy(mJ): 65 0.653352 0.135928 0.0354358 0.24774 
0.5948 - "n02085620 Chihuahua"
0.0656 - "n02110806 basenji"
0.0383 - "n02113023 Pembroke, Pembroke Welsh corgi"
0.0311 - "n02091244 Ibizan hound, Ibizan Podenco"
0.0298 - "n02389026 sorrel"
