loading weight: /home/nvidia/caffe-build/models/bvlc_alexnet/bvlc_alexnet.caffemodel
loading prototxt: /home/nvidia/caffe-build/models/bvlc_alexnet/deploy.prototxt
---------- Prediction for /home/nvidia/caffe-build/examples/images/cat.jpg ----------
Latency(us)/Energy(mJ): 1 0 0 0 0 
Latency(us)/Energy(mJ): 15578 27.1878 2.91302 5.91825 5.3977 
Latency(us)/Energy(mJ): 63 0.218828 0.0349073 0.0437199 0.0438344 
Latency(us)/Energy(mJ): 524 0.943763 0.150548 0.188555 0.189049 
Latency(us)/Energy(mJ): 238 0.623707 0.0975542 0.122183 0.126404 
Latency(us)/Energy(mJ): 15495 32.2317 5.7208 5.89751 6.64872 
Latency(us)/Energy(mJ): 62 0.231955 0.0487541 0.0406639 0.046838 
Latency(us)/Energy(mJ): 387 0.874215 0.18375 0.153258 0.176528 
Latency(us)/Energy(mJ): 184 0.435683 0.0907069 0.0756551 0.087142 
Latency(us)/Energy(mJ): 11641 25.8415 5.33847 4.45261 5.0687 
Latency(us)/Energy(mJ): 58 0.186339 0.0384949 0.0321071 0.0353851 
Latency(us)/Energy(mJ): 8629 18.9623 4.38116 3.2673 3.43173 
Latency(us)/Energy(mJ): 59 0.254955 0.061525 0.04393 0.044045 
Latency(us)/Energy(mJ): 6161 13.575 3.27589 2.33904 2.34517 
Latency(us)/Energy(mJ): 58 0.257726 0.0621938 0.0444075 0.0445238 
Latency(us)/Energy(mJ): 84 0.184122 0.0444317 0.0317251 0.0318082 
Latency(us)/Energy(mJ): 6618 14.5661 3.12658 2.51669 2.71429 
Latency(us)/Energy(mJ): 62 0.226051 0.0458916 0.0382764 0.046092 
Latency(us)/Energy(mJ): 2 0 0 0 0 
Latency(us)/Energy(mJ): 36018 90.4868 16.4704 13.7373 22.2871 
Latency(us)/Energy(mJ): 61 0.298754 0.0518685 0.0432615 0.0802942 
Latency(us)/Energy(mJ): 1 0 0 0 0 
Latency(us)/Energy(mJ): 15606 41.7921 7.15023 5.96373 11.3069 
Latency(us)/Energy(mJ): 397 1.08233 0.182582 0.152284 0.297792 
0.3094 - "n02124075 Egyptian cat"
0.1761 - "n02123159 tiger cat"
0.1221 - "n02123045 tabby, tabby cat"
0.1132 - "n02119022 red fox, Vulpes vulpes"
0.0421 - "n02085620 Chihuahua"
