loading weight: /home/nvidia/caffe-build/models/bvlc_alexnet/bvlc_alexnet.caffemodel
loading prototxt: /home/nvidia/caffe-build/models/bvlc_alexnet/deploy.prototxt
---------- Prediction for /home/nvidia/caffe-build/examples/images/cat.jpg ----------
Latency(us)/Energy(mJ): 1 0 0 0 0 
Latency(us)/Energy(mJ): 5733 19.1782 1.02039 2.19648 7.1191 
Latency(us)/Energy(mJ): 127 0.263008 0.022326 0.0279624 0.0939888 
Latency(us)/Energy(mJ): 644 2.43533 0.206363 0.258461 0.883761 
Latency(us)/Energy(mJ): 318 1.3705 0.137292 0.142983 0.494825 
Latency(us)/Energy(mJ): 2910 11.0132 1.33416 1.10066 3.90887 
Latency(us)/Energy(mJ): 122 0.751862 0.114532 0.0716059 0.262243 
Latency(us)/Energy(mJ): 525 2.24596 0.342129 0.213901 0.78337 
Latency(us)/Energy(mJ): 305 1.21561 0.183392 0.114657 0.422062 
Latency(us)/Energy(mJ): 2372 9.54572 1.51622 0.885763 3.29154 
Latency(us)/Energy(mJ): 124 0.786404 0.142795 0.0714913 0.26753 
Latency(us)/Energy(mJ): 2300 9.56173 1.75669 0.857857 3.20715 
Latency(us)/Energy(mJ): 120 0.810101 0.15708 0.071434 0.268719 
Latency(us)/Energy(mJ): 1767 7.80783 1.50927 0.686358 2.58193 
Latency(us)/Energy(mJ): 132 0.324423 0.062034 0.0282107 0.106122 
Latency(us)/Energy(mJ): 174 0.821711 0.157122 0.0714531 0.268791 
Latency(us)/Energy(mJ): 2886 12.6726 2.45196 1.11494 4.19639 
Latency(us)/Energy(mJ): 120 0.83589 0.15708 0.071247 0.285273 
Latency(us)/Energy(mJ): 11 0 0 0 0 
Latency(us)/Energy(mJ): 5408 27.868 5.41444 2.06725 9.84594 
Latency(us)/Energy(mJ): 137 0.420059 0.0844844 0.0281369 0.152574 
Latency(us)/Energy(mJ): 11 0 0 0 0 
Latency(us)/Energy(mJ): 2271 13.9462 2.77806 0.898341 5.1266 
Latency(us)/Energy(mJ): 795 5.04951 1.00458 0.313468 1.88052 
0.3094 - "n02124075 Egyptian cat"
0.1761 - "n02123159 tiger cat"
0.1221 - "n02123045 tabby, tabby cat"
0.1132 - "n02119022 red fox, Vulpes vulpes"
0.0421 - "n02085620 Chihuahua"
