loading weight: /home/nvidia/caffe-build/models/bvlc_alexnet/bvlc_alexnet.caffemodel
loading prototxt: /home/nvidia/caffe-build/models/bvlc_alexnet/deploy.prototxt
---------- Prediction for /home/nvidia/Downloads/ILSVRC2012_img_train_t3/n02085620/n02085620_1152.JPEG ----------
Latency(us)/Energy(mJ): 1 0 0 0 0 
Latency(us)/Energy(mJ): 427 1.80965 0.0668647 0.381844 0.559009 
Latency(us)/Energy(mJ): 39 0.122125 0.0063662 0.0254648 0.0372798 
Latency(us)/Energy(mJ): 87 0.320601 0.0167124 0.0668497 0.0978662 
Latency(us)/Energy(mJ): 78 0.526256 0.0271915 0.108766 0.161486 
Latency(us)/Energy(mJ): 2380 11.1012 1.01108 2.16867 3.29975 
Latency(us)/Energy(mJ): 40 0.222557 0.0275598 0.0413849 0.0649237 
Latency(us)/Energy(mJ): 64 0.356938 0.0442006 0.0663734 0.104125 
Latency(us)/Energy(mJ): 66 0.356839 0.0441884 0.066355 0.104096 
Latency(us)/Energy(mJ): 2855 14.6165 2.25115 2.60534 4.14781 
Latency(us)/Energy(mJ): 50 0.147669 0.0254831 0.0254831 0.0415909 
Latency(us)/Energy(mJ): 2376 13.4698 2.45186 2.20573 3.87102 
Latency(us)/Energy(mJ): 66 0.426437 0.0835349 0.0668863 0.124353 
Latency(us)/Energy(mJ): 1568 9.42643 1.84829 1.44561 2.77153 
Latency(us)/Energy(mJ): 62 0.169802 0.0339438 0.0254648 0.0499844 
Latency(us)/Energy(mJ): 71 0.446495 0.0892551 0.0669596 0.131434 
Latency(us)/Energy(mJ): 1166 7.20252 1.42518 1.0683 2.14567 
Latency(us)/Energy(mJ): 42 0.456604 0.0890597 0.0667401 0.138675 
Latency(us)/Energy(mJ): 1 0 0 0 0 
Latency(us)/Energy(mJ): 7621 55.183 10.1786 6.76939 18.6294 
Latency(us)/Energy(mJ): 49 0.218534 0.037977 0.0232235 0.0778362 
Latency(us)/Energy(mJ): 1 0 0 0 0 
Latency(us)/Energy(mJ): 3344 27.1679 4.81055 2.81309 9.85399 
Latency(us)/Energy(mJ): 56 0.602936 0.10553 0.0610734 0.220316 
0.5948 - "n02085620 Chihuahua"
0.0656 - "n02110806 basenji"
0.0383 - "n02113023 Pembroke, Pembroke Welsh corgi"
0.0311 - "n02091244 Ibizan hound, Ibizan Podenco"
0.0298 - "n02389026 sorrel"
