loading weight: /home/nvidia/caffe-build/models/bvlc_alexnet/bvlc_alexnet.caffemodel
loading prototxt: /home/nvidia/caffe-build/models/bvlc_alexnet/deploy.prototxt
---------- Prediction for /home/nvidia/Downloads/ILSVRC2012_img_train_t3/n02085620/n02085620_1152.JPEG ----------
Latency(us)/Energy(mJ): 0 0 0 0 0 
Latency(us)/Energy(mJ): 226 1.25475 0.056277 0.4235 0.329369 
Latency(us)/Energy(mJ): 18 0 0 0 0 
Latency(us)/Energy(mJ): 54 0.41993 0.0275082 0.137758 0.107939 
Latency(us)/Energy(mJ): 44 0.26479 0.0205833 0.0859363 0.0673348 
Latency(us)/Energy(mJ): 950 6.0095 0.819866 1.79734 1.45511 
Latency(us)/Energy(mJ): 17 0.186237 0.0334524 0.0523174 0.0435978 
Latency(us)/Energy(mJ): 55 0.30735 0.0549 0.08586 0.07155 
Latency(us)/Energy(mJ): 38 0.187496 0.0353808 0.0520884 0.043407 
Latency(us)/Energy(mJ): 994 7.48054 1.78806 1.86846 1.63979 
Latency(us)/Energy(mJ): 20 0 0 0 0 
Latency(us)/Energy(mJ): 941 7.79799 2.28364 1.72946 1.67947 
Latency(us)/Energy(mJ): 32 0.395864 0.124413 0.0829269 0.085874 
Latency(us)/Energy(mJ): 636 5.93116 1.95406 1.1489 1.28373 
Latency(us)/Energy(mJ): 31 0.257812 0.088 0.0482075 0.05577 
Latency(us)/Energy(mJ): 37 0.425468 0.14464 0.0792356 0.0916656 
Latency(us)/Energy(mJ): 658 6.207 2.15401 1.14611 1.35302 
Latency(us)/Energy(mJ): 24 0.262874 0.0900245 0.048145 0.0583675 
Latency(us)/Energy(mJ): 0 0 0 0 0 
Latency(us)/Energy(mJ): 4529 48.8659 16.7056 7.51294 12.0434 
Latency(us)/Energy(mJ): 23 0.536512 0.182211 0.0721976 0.140916 
Latency(us)/Energy(mJ): 0 0 0 0 0 
Latency(us)/Energy(mJ): 2021 24.8924 8.46854 3.25091 6.67531 
Latency(us)/Energy(mJ): 31 0.337137 0.114312 0.0428903 0.091927 
0.5948 - "n02085620 Chihuahua"
0.0656 - "n02110806 basenji"
0.0383 - "n02113023 Pembroke, Pembroke Welsh corgi"
0.0311 - "n02091244 Ibizan hound, Ibizan Podenco"
0.0298 - "n02389026 sorrel"
