loading weight: /home/nvidia/caffe-build/models/bvlc_alexnet/bvlc_alexnet.caffemodel
loading prototxt: /home/nvidia/caffe-build/models/bvlc_alexnet/deploy.prototxt
---------- Prediction for /home/nvidia/caffe-build/examples/images/cat.jpg ----------
Latency(us)/Energy(mJ): 1 0 0 0 0 
Latency(us)/Energy(mJ): 3703 13.1583 0.675807 1.94349 4.72333 
Latency(us)/Energy(mJ): 63 0.332722 0.0265655 0.0465114 0.116801 
Latency(us)/Energy(mJ): 420 1.83032 0.181183 0.253276 0.639876 
Latency(us)/Energy(mJ): 181 0.732246 0.0717778 0.100339 0.255544 
Latency(us)/Energy(mJ): 2415 10.0669 1.25991 1.30187 3.42867 
Latency(us)/Energy(mJ): 58 0 0 0 0 
Latency(us)/Energy(mJ): 301 1.63944 0.258621 0.201024 0.540959 
Latency(us)/Energy(mJ): 161 0.368868 0.0581889 0.0452298 0.121714 
Latency(us)/Energy(mJ): 1907 8.88318 1.51652 1.05564 2.89604 
Latency(us)/Energy(mJ): 63 0.38787 0.070476 0.0448026 0.123753 
Latency(us)/Energy(mJ): 1676 7.8374 1.56273 0.895384 2.48025 
Latency(us)/Energy(mJ): 61 0 0 0 0 
Latency(us)/Energy(mJ): 1233 6.26454 1.35046 0.696416 1.9497 
Latency(us)/Energy(mJ): 57 0 0 0 0 
Latency(us)/Energy(mJ): 88 0.503915 0.110965 0.0554826 0.15533 
Latency(us)/Energy(mJ): 2058 10.2907 2.2341 1.13825 3.2083 
Latency(us)/Energy(mJ): 57 0 0 0 0 
Latency(us)/Energy(mJ): 2 0 0 0 0 
Latency(us)/Energy(mJ): 5058 28.2051 6.25933 2.69203 9.3526 
Latency(us)/Energy(mJ): 62 0.652721 0.14492 0.0563637 0.224188 
Latency(us)/Energy(mJ): 2 0 0 0 0 
Latency(us)/Energy(mJ): 2112 13.7661 3.16365 1.14153 4.75703 
Latency(us)/Energy(mJ): 386 2.50334 0.570045 0.199609 0.870447 
0.3094 - "n02124075 Egyptian cat"
0.1761 - "n02123159 tiger cat"
0.1221 - "n02123045 tabby, tabby cat"
0.1132 - "n02119022 red fox, Vulpes vulpes"
0.0421 - "n02085620 Chihuahua"
