loading weight: /home/nvidia/caffe-build/models/bvlc_alexnet/bvlc_alexnet.caffemodel
loading prototxt: /home/nvidia/caffe-build/models/bvlc_alexnet/deploy.prototxt
---------- Prediction for /home/nvidia/caffe-build/examples/images/cat.jpg ----------
Latency(us)/Energy(mJ): 0 0 0 0 0 
Latency(us)/Energy(mJ): 4408 9.98884 0.800892 1.65836 2.76887 
Latency(us)/Energy(mJ): 36 0.283042 0.0347395 0.0435098 0.076313 
Latency(us)/Energy(mJ): 249 0.484668 0.0585905 0.0733822 0.132549 
Latency(us)/Energy(mJ): 105 0.190991 0.0230885 0.0289174 0.052233 
Latency(us)/Energy(mJ): 3597 10.1098 1.66833 1.40738 2.74135 
Latency(us)/Energy(mJ): 34 0 0 0 0 
Latency(us)/Energy(mJ): 194 0.563437 0.116976 0.0731339 0.150288 
Latency(us)/Energy(mJ): 89 0.226317 0.0469859 0.0293758 0.0603665 
Latency(us)/Energy(mJ): 2734 8.40218 1.81028 1.05398 2.21347 
Latency(us)/Energy(mJ): 33 0.239124 0.0582932 0.0291466 0.0614215 
Latency(us)/Energy(mJ): 1960 6.04133 1.50382 0.723202 1.52403 
Latency(us)/Energy(mJ): 32 0 0 0 0 
Latency(us)/Energy(mJ): 1557 5.34102 1.42904 0.619871 1.31917 
Latency(us)/Energy(mJ): 31 0.253864 0.0699366 0.0291657 0.0629124 
Latency(us)/Energy(mJ): 49 0 0 0 0 
Latency(us)/Energy(mJ): 2100 6.92884 1.87238 0.796394 1.74264 
Latency(us)/Energy(mJ): 35 0 0 0 0 
Latency(us)/Energy(mJ): 1 0 0 0 0 
Latency(us)/Energy(mJ): 8931 35.4868 8.96789 3.43168 10.7281 
Latency(us)/Energy(mJ): 35 0.341042 0.0822596 0.0293949 0.110577 
Latency(us)/Energy(mJ): 0 0 0 0 0 
Latency(us)/Energy(mJ): 3804 17.3048 4.21722 1.43569 5.76445 
Latency(us)/Energy(mJ): 223 0.900943 0.217149 0.0722567 0.304768 
0.3094 - "n02124075 Egyptian cat"
0.1761 - "n02123159 tiger cat"
0.1221 - "n02123045 tabby, tabby cat"
0.1132 - "n02119022 red fox, Vulpes vulpes"
0.0421 - "n02085620 Chihuahua"
