loading weight: /home/nvidia/caffe-build/models/bvlc_alexnet/bvlc_alexnet.caffemodel
loading prototxt: /home/nvidia/caffe-build/models/bvlc_alexnet/deploy.prototxt
---------- Prediction for /home/nvidia/caffe-build/examples/images/cat.jpg ----------
Latency(us)/Energy(mJ): 0 0 0 0 0 
Latency(us)/Energy(mJ): 2523 9.85855 0.498881 1.893 3.40616 
Latency(us)/Energy(mJ): 31 0 0 0 0 
Latency(us)/Energy(mJ): 252 1.27047 0.106615 0.230995 0.428732 
Latency(us)/Energy(mJ): 104 0.313259 0.0284035 0.0569562 0.105712 
Latency(us)/Energy(mJ): 2371 10.6205 1.20789 1.82673 3.51486 
Latency(us)/Energy(mJ): 31 0.356567 0.0525555 0.0583695 0.115821 
Latency(us)/Energy(mJ): 168 0.565612 0.0833674 0.0925901 0.183724 
Latency(us)/Energy(mJ): 87 0.345846 0.0509754 0.0566146 0.112339 
Latency(us)/Energy(mJ): 1830 9.15768 1.47109 1.45722 2.91833 
Latency(us)/Energy(mJ): 44 0 0 0 0 
Latency(us)/Energy(mJ): 1535 7.56707 1.43887 1.15766 2.33315 
Latency(us)/Energy(mJ): 43 0.59018 0.11527 0.0886606 0.180342 
Latency(us)/Energy(mJ): 1093 5.26417 1.07756 0.784288 1.5953 
Latency(us)/Energy(mJ): 30 0.570561 0.11732 0.0838156 0.170487 
Latency(us)/Energy(mJ): 60 0 0 0 0 
Latency(us)/Energy(mJ): 1459 7.86067 1.62122 1.15823 2.38443 
Latency(us)/Energy(mJ): 29 0 0 0 0 
Latency(us)/Energy(mJ): 2 0 0 0 0 
Latency(us)/Energy(mJ): 4983 29.7617 6.41758 3.61189 9.57664 
Latency(us)/Energy(mJ): 28 0 0 0 0 
Latency(us)/Energy(mJ): 1 0 0 0 0 
Latency(us)/Energy(mJ): 2141 14.069 3.1311 1.43436 4.73169 
Latency(us)/Energy(mJ): 222 2.11502 0.477452 0.208201 0.717742 
0.3094 - "n02124075 Egyptian cat"
0.1761 - "n02123159 tiger cat"
0.1221 - "n02123045 tabby, tabby cat"
0.1132 - "n02119022 red fox, Vulpes vulpes"
0.0421 - "n02085620 Chihuahua"
