loading weight: /home/nvidia/caffe-build/models/bvlc_alexnet/bvlc_alexnet.caffemodel
loading prototxt: /home/nvidia/caffe-build/models/bvlc_alexnet/deploy.prototxt
---------- Prediction for /home/nvidia/Downloads/ILSVRC2012_img_train_t3/n02085620/n02085620_1152.JPEG ----------
Latency(us)/Energy(mJ): 0 0 0 0 0 
Latency(us)/Energy(mJ): 725 2.46673 0.116941 0.16145 0.905246 
Latency(us)/Energy(mJ): 91 0.296333 0.019094 0.019094 0.10706 
Latency(us)/Energy(mJ): 164 0.624457 0.0399193 0.0399193 0.223827 
Latency(us)/Energy(mJ): 165 0.623124 0.0459074 0.0394246 0.221053 
Latency(us)/Energy(mJ): 2966 11.568 1.32939 0.676329 3.99032 
Latency(us)/Energy(mJ): 89 0.517084 0.0763506 0.0286158 0.174819 
Latency(us)/Energy(mJ): 140 0.546317 0.0801632 0.0300448 0.183549 
Latency(us)/Energy(mJ): 148 0.52025 0.0763383 0.0286113 0.174791 
Latency(us)/Energy(mJ): 3385 14.8521 2.62459 0.782493 4.8177 
Latency(us)/Energy(mJ): 93 0.386286 0.0717024 0.0195474 0.125026 
Latency(us)/Energy(mJ): 2962 14.2409 2.81478 0.682713 4.65978 
Latency(us)/Energy(mJ): 102 0.424455 0.0841613 0.0194284 0.139562 
Latency(us)/Energy(mJ): 2037 10.4492 2.17172 0.469166 3.45778 
Latency(us)/Energy(mJ): 108 0.440555 0.0905878 0.0194238 0.14606 
Latency(us)/Energy(mJ): 119 0.678544 0.139524 0.0299166 0.226576 
Latency(us)/Energy(mJ): 1594 8.32276 1.75309 0.364499 2.79236 
Latency(us)/Energy(mJ): 94 0.465618 0.093685 0.0200879 0.159387 
Latency(us)/Energy(mJ): 2 0.240983 0.0484872 0.0103966 0.0824918 
Latency(us)/Energy(mJ): 9490 58.9081 10.841 2.16159 22.1405 
Latency(us)/Energy(mJ): 93 0.843566 0.151524 0.0283176 0.332732 
Latency(us)/Energy(mJ): 1 0 0 0 0 
Latency(us)/Energy(mJ): 4143 28.7156 5.01725 0.93765 11.421 
Latency(us)/Energy(mJ): 134 1.24152 0.212866 0.0397814 0.497442 
0.5948 - "n02085620 Chihuahua"
0.0656 - "n02110806 basenji"
0.0383 - "n02113023 Pembroke, Pembroke Welsh corgi"
0.0311 - "n02091244 Ibizan hound, Ibizan Podenco"
0.0298 - "n02389026 sorrel"
