loading weight: /home/nvidia/caffe-build/models/bvlc_alexnet/bvlc_alexnet.caffemodel
loading prototxt: /home/nvidia/caffe-build/models/bvlc_alexnet/deploy.prototxt
---------- Prediction for /home/nvidia/caffe-build/examples/images/cat.jpg ----------
Latency(us)/Energy(mJ): 0 0 0 0 0 
Latency(us)/Energy(mJ): 3191 11.8997 0.618821 1.46058 4.62684 
Latency(us)/Energy(mJ): 31 0 0 0 0 
Latency(us)/Energy(mJ): 192 0.748146 0.0583313 0.0875925 0.285919 
Latency(us)/Energy(mJ): 97 0.454886 0.035258 0.0529448 0.172822 
Latency(us)/Energy(mJ): 2779 11.6121 1.30524 1.28616 4.31272 
Latency(us)/Energy(mJ): 34 0 0 0 0 
Latency(us)/Energy(mJ): 160 0.818503 0.115846 0.0868368 0.297862 
Latency(us)/Energy(mJ): 78 0.33294 0.046711 0.0350141 0.120103 
Latency(us)/Energy(mJ): 2230 9.95239 1.51818 1.02723 3.54486 
Latency(us)/Energy(mJ): 28 0 0 0 0 
Latency(us)/Energy(mJ): 1841 8.60406 1.5264 0.857605 2.97727 
Latency(us)/Energy(mJ): 28 0 0 0 0 
Latency(us)/Energy(mJ): 1275 6.13433 1.20165 0.600827 2.09105 
Latency(us)/Energy(mJ): 28 0 0 0 0 
Latency(us)/Energy(mJ): 47 0 0 0 0 
Latency(us)/Energy(mJ): 1401 6.71562 1.30741 0.653703 2.30028 
Latency(us)/Energy(mJ): 32 0.3609 0.0687 0.03435 0.1248 
Latency(us)/Energy(mJ): 0 0 0 0 0 
Latency(us)/Energy(mJ): 5487 29.27 5.84487 2.48202 10.5346 
Latency(us)/Energy(mJ): 34 0.681934 0.14072 0.0527845 0.25355 
Latency(us)/Energy(mJ): 0 0 0 0 0 
Latency(us)/Energy(mJ): 2422 14.9363 3.04412 1.1113 5.56908 
Latency(us)/Energy(mJ): 213 1.19914 0.244549 0.0861674 0.451012 
0.3094 - "n02124075 Egyptian cat"
0.1761 - "n02123159 tiger cat"
0.1221 - "n02123045 tabby, tabby cat"
0.1132 - "n02119022 red fox, Vulpes vulpes"
0.0421 - "n02085620 Chihuahua"
