loading weight: /home/nvidia/caffe-build/models/bvlc_alexnet/bvlc_alexnet.caffemodel
loading prototxt: /home/nvidia/caffe-build/models/bvlc_alexnet/deploy.prototxt
---------- Prediction for /home/nvidia/Downloads/ILSVRC2012_img_train_t3/n02085620/n02085620_1152.JPEG ----------
Latency(us)/Energy(mJ): 0 0 0 0 0 
Latency(us)/Energy(mJ): 224 0.889587 0.0363725 0.138843 0.305979 
Latency(us)/Energy(mJ): 22 0.125071 0.00646238 0.0193871 0.0427251 
Latency(us)/Energy(mJ): 51 0.20419 0.0104607 0.0313822 0.0700274 
Latency(us)/Energy(mJ): 44 0.126322 0.00647154 0.0194146 0.0433226 
Latency(us)/Energy(mJ): 1260 6.21084 0.667526 0.887659 2.01984 
Latency(us)/Energy(mJ): 21 0.144548 0.021715 0.019552 0.0458206 
Latency(us)/Energy(mJ): 42 0.374564 0.0558516 0.0502884 0.117852 
Latency(us)/Energy(mJ): 40 0.380336 0.0562941 0.0506869 0.118786 
Latency(us)/Energy(mJ): 1405 7.59944 1.45226 0.957857 2.26211 
Latency(us)/Energy(mJ): 24 0 0 0 0 
Latency(us)/Energy(mJ): 1156 7.06668 1.64952 0.805681 2.07633 
Latency(us)/Energy(mJ): 28 0.287632 0.0723143 0.030966 0.0837798 
Latency(us)/Energy(mJ): 816 5.28994 1.36685 0.553712 1.5544 
Latency(us)/Energy(mJ): 30 0.189922 0.0493225 0.0192903 0.0559588 
Latency(us)/Energy(mJ): 34 0.30727 0.0827892 0.0310346 0.0900276 
Latency(us)/Energy(mJ): 644 4.2965 1.14322 0.425608 1.26842 
Latency(us)/Energy(mJ): 26 0.320337 0.0865397 0.0311307 0.0954795 
Latency(us)/Energy(mJ): 0 0 0 0 0 
Latency(us)/Energy(mJ): 4913 40.2474 10.3363 3.36987 13.0258 
Latency(us)/Energy(mJ): 26 0.256846 0.064437 0.0193452 0.086856 
Latency(us)/Energy(mJ): 0 0 0 0 0 
Latency(us)/Energy(mJ): 2198 20.666 5.12805 1.50866 7.10978 
Latency(us)/Energy(mJ): 34 0.438904 0.107473 0.0311812 0.153266 
0.5948 - "n02085620 Chihuahua"
0.0656 - "n02110806 basenji"
0.0383 - "n02113023 Pembroke, Pembroke Welsh corgi"
0.0311 - "n02091244 Ibizan hound, Ibizan Podenco"
0.0298 - "n02389026 sorrel"
