loading weight: /home/nvidia/caffe-build/models/bvlc_alexnet/bvlc_alexnet.caffemodel
loading prototxt: /home/nvidia/caffe-build/models/bvlc_alexnet/deploy.prototxt
---------- Prediction for /home/nvidia/Downloads/ILSVRC2012_img_train_t3/n02085620/n02085620_1152.JPEG ----------
Latency(us)/Energy(mJ): 1 0 0 0 0 
Latency(us)/Energy(mJ): 545 2.20639 0.0788789 0.439819 0.691608 
Latency(us)/Energy(mJ): 46 0.313308 0.0111294 0.0615048 0.098188 
Latency(us)/Energy(mJ): 119 0.508264 0.027109 0.0994392 0.158748 
Latency(us)/Energy(mJ): 93 0.436794 0.0231702 0.0849912 0.135682 
Latency(us)/Energy(mJ): 4150 18.7365 1.63246 3.47605 5.63729 
Latency(us)/Energy(mJ): 41 0.132864 0.014984 0.0235704 0.0392559 
Latency(us)/Energy(mJ): 83 0.560245 0.0631829 0.0993888 0.16553 
Latency(us)/Energy(mJ): 79 0.346507 0.0390781 0.0614712 0.102379 
Latency(us)/Energy(mJ): 5209 25.2886 3.55393 4.37761 7.30743 
Latency(us)/Energy(mJ): 51 0.223479 0.0343503 0.0378168 0.0646937 
Latency(us)/Energy(mJ): 3966 20.5266 3.24152 3.23531 6.03746 
Latency(us)/Energy(mJ): 70 0.390579 0.066923 0.0557448 0.116165 
Latency(us)/Energy(mJ): 2850 15.4468 2.61326 2.17676 4.64415 
Latency(us)/Energy(mJ): 63 0.4026 0.0670878 0.0558821 0.121871 
Latency(us)/Energy(mJ): 81 0.399522 0.0665749 0.0554548 0.12094 
Latency(us)/Energy(mJ): 2357 12.9265 2.1408 1.78392 3.9435 
Latency(us)/Energy(mJ): 53 0.40616 0.0666852 0.0556074 0.126884 
Latency(us)/Energy(mJ): 2 0 0 0 0 
Latency(us)/Energy(mJ): 13166 83.9991 12.1822 10.0352 29.1906 
Latency(us)/Energy(mJ): 52 0.491741 0.066246 0.0552412 0.180059 
Latency(us)/Energy(mJ): 1 0 0 0 0 
Latency(us)/Energy(mJ): 5792 40.0286 5.28294 4.40533 14.7487 
Latency(us)/Energy(mJ): 33 0.519835 0.0677466 0.0564925 0.192652 
0.5948 - "n02085620 Chihuahua"
0.0656 - "n02110806 basenji"
0.0383 - "n02113023 Pembroke, Pembroke Welsh corgi"
0.0311 - "n02091244 Ibizan hound, Ibizan Podenco"
0.0298 - "n02389026 sorrel"
