loading weight: /home/nvidia/caffe-build/models/bvlc_alexnet/bvlc_alexnet.caffemodel
loading prototxt: /home/nvidia/caffe-build/models/bvlc_alexnet/deploy.prototxt
---------- Prediction for /home/nvidia/caffe-build/examples/images/cat.jpg ----------
Latency(us)/Energy(mJ): 2 0 0 0 0 
Latency(us)/Energy(mJ): 13553 21.5192 2.72116 4.09838 3.69672 
Latency(us)/Energy(mJ): 125 0.219328 0.0447322 0.0357155 0.0403995 
Latency(us)/Energy(mJ): 732 1.47471 0.297253 0.237336 0.272657 
Latency(us)/Energy(mJ): 349 0.65008 0.12988 0.1037 0.12376 
Latency(us)/Energy(mJ): 9609 20.4997 5.17629 2.91066 3.96551 
Latency(us)/Energy(mJ): 118 0.52035 0.152323 0.067527 0.101844 
Latency(us)/Energy(mJ): 600 1.36168 0.39529 0.175238 0.264293 
Latency(us)/Energy(mJ): 311 0.797386 0.231478 0.102617 0.154767 
Latency(us)/Energy(mJ): 5709 13.8697 4.19266 1.73737 2.71586 
Latency(us)/Energy(mJ): 107 0.29393 0.09786 0.0355325 0.0558035 
Latency(us)/Energy(mJ): 4102 10.7129 3.60856 1.26761 1.99077 
Latency(us)/Energy(mJ): 108 0.276858 0.0962391 0.0320097 0.050271 
Latency(us)/Energy(mJ): 4001 10.3854 3.61009 1.20074 1.88575 
Latency(us)/Energy(mJ): 107 0.298754 0.10385 0.0345413 0.0542467 
Latency(us)/Energy(mJ): 157 0.576667 0.200456 0.066673 0.104709 
Latency(us)/Energy(mJ): 7079 18.0339 5.84774 2.15734 3.37351 
Latency(us)/Energy(mJ): 118 0.29668 0.0884712 0.035319 0.0598686 
Latency(us)/Energy(mJ): 3 0 0 0 0 
Latency(us)/Energy(mJ): 32680 92.0733 26.5248 9.96639 22.1446 
Latency(us)/Energy(mJ): 120 0.315637 0.081939 0.0327112 0.0821535 
Latency(us)/Energy(mJ): 2 0 0 0 0 
Latency(us)/Energy(mJ): 14058 41.9773 10.8967 4.3073 11.0872 
Latency(us)/Energy(mJ): 750 2.30148 0.589846 0.235475 0.6215 
0.3094 - "n02124075 Egyptian cat"
0.1761 - "n02123159 tiger cat"
0.1221 - "n02123045 tabby, tabby cat"
0.1132 - "n02119022 red fox, Vulpes vulpes"
0.0421 - "n02085620 Chihuahua"
