loading weight: /home/nvidia/caffe-build/models/bvlc_alexnet/bvlc_alexnet.caffemodel
loading prototxt: /home/nvidia/caffe-build/models/bvlc_alexnet/deploy.prototxt
---------- Prediction for /home/nvidia/Downloads/ILSVRC2012_img_train_t3/n02085620/n02085620_1152.JPEG ----------
Latency(us)/Energy(mJ): 0 0 0 0 0 
Latency(us)/Energy(mJ): 192 0 0 0 0 
Latency(us)/Energy(mJ): 20 0 0 0 0 
Latency(us)/Energy(mJ): 152 1.2198 0.0817217 0.204438 0.409948 
Latency(us)/Energy(mJ): 106 0.461089 0.0358636 0.0704664 0.154318 
Latency(us)/Energy(mJ): 1116 5.58661 0.719021 0.771735 1.78126 
Latency(us)/Energy(mJ): 22 0.143148 0.022955 0.0187963 0.0444874 
Latency(us)/Energy(mJ): 117 0.618354 0.104302 0.0808324 0.191315 
Latency(us)/Energy(mJ): 90 0.530245 0.0934 0.0684939 0.162112 
Latency(us)/Energy(mJ): 1225 6.83464 1.46955 0.838016 1.99631 
Latency(us)/Energy(mJ): 35 0.263618 0.0619772 0.0310112 0.0759706 
Latency(us)/Energy(mJ): 1123 6.87832 1.75647 0.757794 1.97844 
Latency(us)/Energy(mJ): 46 0.475555 0.127095 0.0497076 0.135862 
Latency(us)/Energy(mJ): 770 5.2073 1.46967 0.524721 1.49093 
Latency(us)/Energy(mJ): 37 0.190357 0.0561283 0.0187004 0.0547653 
Latency(us)/Energy(mJ): 51 0.317349 0.0930668 0.0310072 0.0908068 
Latency(us)/Energy(mJ): 1745 12.1875 3.45536 1.20847 3.52669 
Latency(us)/Energy(mJ): 35 0.310765 0.083265 0.031213 0.092274 
Latency(us)/Energy(mJ): 1 0 0 0 0 
Latency(us)/Energy(mJ): 4924 39.3869 10.5001 3.36037 12.5682 
Latency(us)/Energy(mJ): 39 0.408329 0.110636 0.0311307 0.136322 
Latency(us)/Energy(mJ): 0 0 0 0 0 
Latency(us)/Energy(mJ): 2096 19.7063 5.2574 1.44364 6.65341 
Latency(us)/Energy(mJ): 49 0.44741 0.11971 0.0316607 0.15211 
0.5948 - "n02085620 Chihuahua"
0.0656 - "n02110806 basenji"
0.0383 - "n02113023 Pembroke, Pembroke Welsh corgi"
0.0311 - "n02091244 Ibizan hound, Ibizan Podenco"
0.0298 - "n02389026 sorrel"
