loading weight: /home/nvidia/caffe-build/models/bvlc_alexnet/bvlc_alexnet.caffemodel
loading prototxt: /home/nvidia/caffe-build/models/bvlc_alexnet/deploy.prototxt
---------- Prediction for /home/nvidia/Downloads/ILSVRC2012_img_train_t3/n02085620/n02085620_1152.JPEG ----------
Latency(us)/Energy(mJ): 0 0 0 0 0 
Latency(us)/Energy(mJ): 214 0.891667 0.0358246 0.15173 0.301931 
Latency(us)/Energy(mJ): 22 0.124511 0.00632498 0.0210741 0.0423415 
Latency(us)/Energy(mJ): 50 0.206843 0.0104195 0.0347165 0.0697515 
Latency(us)/Energy(mJ): 44 0.126793 0.00633414 0.0211046 0.0424028 
Latency(us)/Energy(mJ): 1243 6.08777 0.652854 0.950423 1.95079 
Latency(us)/Energy(mJ): 21 0.23508 0.0345334 0.0345334 0.0728686 
Latency(us)/Energy(mJ): 40 0.147406 0.0216539 0.0216539 0.0456918 
Latency(us)/Energy(mJ): 41 0.238684 0.0348081 0.0348081 0.0734482 
Latency(us)/Energy(mJ): 1464 8.09713 1.51489 1.11868 2.39288 
Latency(us)/Energy(mJ): 24 0.1635 0.0344078 0.0215013 0.0469761 
Latency(us)/Energy(mJ): 1146 7.01323 1.61816 0.873437 2.02162 
Latency(us)/Energy(mJ): 32 0.181604 0.0451123 0.0214861 0.052265 
Latency(us)/Energy(mJ): 814 5.3522 1.35189 0.614688 1.54085 
Latency(us)/Energy(mJ): 30 0.310846 0.079386 0.0345334 0.0892075 
Latency(us)/Energy(mJ): 36 0.193403 0.0493926 0.0214861 0.0555034 
Latency(us)/Energy(mJ): 641 4.65145 1.2182 0.506573 1.34521 
Latency(us)/Energy(mJ): 27 0 0 0 0 
Latency(us)/Energy(mJ): 0 0 0 0 0 
Latency(us)/Energy(mJ): 4892 40.6057 10.3193 3.74258 12.9372 
Latency(us)/Energy(mJ): 26 0 0 0 0 
Latency(us)/Energy(mJ): 0 0 0 0 0 
Latency(us)/Energy(mJ): 2176 20.8304 5.13071 1.67438 7.07928 
Latency(us)/Energy(mJ): 33 0.442532 0.107095 0.034519 0.151865 
0.5948 - "n02085620 Chihuahua"
0.0656 - "n02110806 basenji"
0.0383 - "n02113023 Pembroke, Pembroke Welsh corgi"
0.0311 - "n02091244 Ibizan hound, Ibizan Podenco"
0.0298 - "n02389026 sorrel"
