loading weight: /home/nvidia/caffe-build/models/bvlc_alexnet/bvlc_alexnet.caffemodel
loading prototxt: /home/nvidia/caffe-build/models/bvlc_alexnet/deploy.prototxt
---------- Prediction for /home/nvidia/Downloads/ILSVRC2012_img_train_t3/n02085620/n02085620_1152.JPEG ----------
Latency(us)/Energy(mJ): 0 0 0 0 0 
Latency(us)/Energy(mJ): 225 0.864249 0.0306006 0.138307 0.304798 
Latency(us)/Energy(mJ): 22 0.122689 0.00431984 0.0195245 0.0430279 
Latency(us)/Energy(mJ): 48 0.197717 0.0103966 0.0311898 0.0687356 
Latency(us)/Energy(mJ): 45 0.122201 0.00642574 0.0192772 0.0424828 
Latency(us)/Energy(mJ): 1519 7.15851 0.671386 1.06012 2.39185 
Latency(us)/Energy(mJ): 21 0 0 0 0 
Latency(us)/Energy(mJ): 38 0.362983 0.0452986 0.0510166 0.117925 
Latency(us)/Energy(mJ): 39 0.222163 0.027511 0.0309837 0.0716188 
Latency(us)/Energy(mJ): 1833 9.24527 1.54411 1.23058 2.86789 
Latency(us)/Energy(mJ): 23 0.243294 0.0448186 0.0310387 0.0743211 
Latency(us)/Energy(mJ): 1387 7.9241 1.62273 0.957912 2.42552 
Latency(us)/Energy(mJ): 30 0.167812 0.0365495 0.0193597 0.0517667 
Latency(us)/Energy(mJ): 1010 6.33149 1.41759 0.706334 1.94347 
Latency(us)/Energy(mJ): 30 0 0 0 0 
Latency(us)/Energy(mJ): 36 0.287193 0.065714 0.0310895 0.0884193 
Latency(us)/Energy(mJ): 805 5.2483 1.22922 0.516568 1.62293 
Latency(us)/Energy(mJ): 26 0.187308 0.0435235 0.0195784 0.0589636 
Latency(us)/Energy(mJ): 0 0 0 0 0 
Latency(us)/Energy(mJ): 5463 41.4831 9.197 3.31709 14.124 
Latency(us)/Energy(mJ): 25 0.382372 0.083 0.0276818 0.137184 
Latency(us)/Energy(mJ): 0 0 0 0 0 
Latency(us)/Energy(mJ): 2427 21.1102 4.4826 1.47817 7.65458 
Latency(us)/Energy(mJ): 32 0.253892 0.0542163 0.0173321 0.0931211 
0.5948 - "n02085620 Chihuahua"
0.0656 - "n02110806 basenji"
0.0383 - "n02113023 Pembroke, Pembroke Welsh corgi"
0.0311 - "n02091244 Ibizan hound, Ibizan Podenco"
0.0298 - "n02389026 sorrel"
