loading weight: /home/nvidia/caffe-build/models/bvlc_alexnet/bvlc_alexnet.caffemodel
loading prototxt: /home/nvidia/caffe-build/models/bvlc_alexnet/deploy.prototxt
---------- Prediction for /home/nvidia/caffe-build/examples/images/cat.jpg ----------
Latency(us)/Energy(mJ): 1 0 0 0 0 
Latency(us)/Energy(mJ): 5770 18.4258 1.03254 1.3183 7.35411 
Latency(us)/Energy(mJ): 111 0.394686 0.0353953 0.0265755 0.153418 
Latency(us)/Energy(mJ): 504 1.53402 0.136366 0.102386 0.593233 
Latency(us)/Energy(mJ): 276 1.14945 0.101184 0.0759708 0.447039 
Latency(us)/Energy(mJ): 3670 13.4185 1.56423 0.839422 5.08428 
Latency(us)/Energy(mJ): 106 0.425069 0.0588201 0.0252243 0.156193 
Latency(us)/Energy(mJ): 428 1.66902 0.230955 0.0990425 0.613285 
Latency(us)/Energy(mJ): 234 0.832386 0.115184 0.0493953 0.309961 
Latency(us)/Energy(mJ): 3024 11.9395 1.88679 0.692439 4.34513 
Latency(us)/Energy(mJ): 108 0.427773 0.0732686 0.0244228 0.153256 
Latency(us)/Energy(mJ): 2759 11.4909 2.05992 0.647887 4.06556 
Latency(us)/Energy(mJ): 113 0.460462 0.0851508 0.0255564 0.160369 
Latency(us)/Energy(mJ): 1891 8.03654 1.56246 0.444237 2.7999 
Latency(us)/Energy(mJ): 111 0.427226 0.086184 0.0234954 0.149386 
Latency(us)/Energy(mJ): 166 0.46616 0.094038 0.0256366 0.162999 
Latency(us)/Energy(mJ): 2546 10.7119 2.03493 0.59066 3.75803 
Latency(us)/Energy(mJ): 113 0.498931 0.0889658 0.0267014 0.178398 
Latency(us)/Energy(mJ): 4 0 0 0 0 
Latency(us)/Energy(mJ): 6525 31.6901 6.09259 1.48651 11.8552 
Latency(us)/Energy(mJ): 125 1.17181 0.231542 0.0496472 0.450081 
Latency(us)/Energy(mJ): 2 0 0 0 0 
Latency(us)/Energy(mJ): 2804 15.7012 3.04933 0.639746 6.09549 
Latency(us)/Energy(mJ): 712 4.43095 0.867095 0.173571 1.73023 
0.3094 - "n02124075 Egyptian cat"
0.1761 - "n02123159 tiger cat"
0.1221 - "n02123045 tabby, tabby cat"
0.1132 - "n02119022 red fox, Vulpes vulpes"
0.0421 - "n02085620 Chihuahua"
