loading weight: /home/nvidia/caffe-build/models/bvlc_alexnet/bvlc_alexnet.caffemodel
loading prototxt: /home/nvidia/caffe-build/models/bvlc_alexnet/deploy.prototxt
---------- Prediction for /home/nvidia/Downloads/ILSVRC2012_img_train_t3/n02085620/n02085620_1152.JPEG ----------
Latency(us)/Energy(mJ): 0 0 0 0 0 
Latency(us)/Energy(mJ): 290 1.13146 0.0575594 0.128139 0.40736 
Latency(us)/Energy(mJ): 33 0.124028 0.0091683 0.0137675 0.0437674 
Latency(us)/Energy(mJ): 69 0.314266 0.0252023 0.0344416 0.11092 
Latency(us)/Energy(mJ): 67 0.321892 0.0312341 0.0347622 0.111952 
Latency(us)/Energy(mJ): 1085 4.83436 0.773937 0.480717 1.5913 
Latency(us)/Energy(mJ): 34 0.373449 0.0749754 0.0346156 0.117149 
Latency(us)/Energy(mJ): 59 0.227336 0.0485299 0.0208115 0.0712954 
Latency(us)/Energy(mJ): 59 0.378741 0.0804845 0.0345149 0.11824 
Latency(us)/Energy(mJ): 1131 6.02949 1.54129 0.51383 1.77852 
Latency(us)/Energy(mJ): 34 0.170526 0.048028 0.0137308 0.0493171 
Latency(us)/Energy(mJ): 1064 6.39623 1.90992 0.479648 1.83883 
Latency(us)/Energy(mJ): 44 0.489744 0.155084 0.0344212 0.139794 
Latency(us)/Energy(mJ): 704 4.56361 1.48027 0.308393 1.29852 
Latency(us)/Energy(mJ): 42 0.526259 0.174333 0.0343664 0.149648 
Latency(us)/Energy(mJ): 51 0.319456 0.107562 0.0207935 0.090545 
Latency(us)/Energy(mJ): 745 5.32447 1.77473 0.343518 1.51584 
Latency(us)/Energy(mJ): 37 0.21405 0.07089 0.01371 0.06255 
Latency(us)/Energy(mJ): 0 0 0 0 0 
Latency(us)/Energy(mJ): 4666 39.2589 12.393 2.13703 12.31 
Latency(us)/Energy(mJ): 37 0.281062 0.0867921 0.0137009 0.0923384 
Latency(us)/Energy(mJ): 0 0 0 0 0 
Latency(us)/Energy(mJ): 2072 20.0053 6.09597 0.941667 6.67118 
Latency(us)/Energy(mJ): 47 0.755032 0.229547 0.0344395 0.253737 
0.5948 - "n02085620 Chihuahua"
0.0656 - "n02110806 basenji"
0.0383 - "n02113023 Pembroke, Pembroke Welsh corgi"
0.0311 - "n02091244 Ibizan hound, Ibizan Podenco"
0.0298 - "n02389026 sorrel"
