loading weight: /home/nvidia/caffe-build/models/bvlc_alexnet/bvlc_alexnet.caffemodel
loading prototxt: /home/nvidia/caffe-build/models/bvlc_alexnet/deploy.prototxt
---------- Prediction for /home/nvidia/Downloads/ILSVRC2012_img_train_t3/n02085620/n02085620_1152.JPEG ----------
Latency(us)/Energy(mJ): 0 0 0 0 0 
Latency(us)/Energy(mJ): 103955 452.026 23.7938 126.723 121.506 
Latency(us)/Energy(mJ): 1382 5.95185 0.315722 1.68477 1.5855 
Latency(us)/Energy(mJ): 119650 518.187 27.3984 146.55 137.59 
Latency(us)/Energy(mJ): 10170 44.2963 2.3307 12.4372 11.7044 
Latency(us)/Energy(mJ): 216869 929.226 49.6489 249.219 249.342 
Latency(us)/Energy(mJ): 888 3.84708 0.205885 1.03008 1.03392 
Latency(us)/Energy(mJ): 544952 2374.25 124.761 707.893 605.738 
Latency(us)/Energy(mJ): 5398 23.2014 1.2323 6.86867 5.97854 
Latency(us)/Energy(mJ): 136634 580.409 31.2858 157.478 156.723 
Latency(us)/Energy(mJ): 310 1.23642 0.0667627 0.334105 0.335271 
Latency(us)/Energy(mJ): 105574 449.077 24.1738 120.975 121.397 
Latency(us)/Energy(mJ): 310 1.36269 0.0729823 0.36523 0.366505 
Latency(us)/Energy(mJ): 74184 318.046 16.9799 85.266 86.2648 
Latency(us)/Energy(mJ): 207 0.935389 0.0500594 0.25047 0.25139 
Latency(us)/Energy(mJ): 1288 5.39582 0.288769 1.44511 1.45015 
Latency(us)/Energy(mJ): 197646 953.776 45.2492 284.832 252.679 
Latency(us)/Energy(mJ): 21 0.218347 0.0103096 0.065324 0.0578057 
Latency(us)/Energy(mJ): 1 0 0 0 0 
Latency(us)/Energy(mJ): 88654 429.962 20.3013 128.634 113.829 
Latency(us)/Energy(mJ): 21 0 0 0 0 
Latency(us)/Energy(mJ): 7 0.134151 0.00633414 0.0401347 0.0355154 
Latency(us)/Energy(mJ): 21775 105.421 4.97761 31.5393 27.9094 
Latency(us)/Energy(mJ): 211 1.06021 0.0500594 0.317189 0.280682 
0.5948 - "n02085620 Chihuahua"
0.0656 - "n02110806 basenji"
0.0383 - "n02113023 Pembroke, Pembroke Welsh corgi"
0.0311 - "n02091244 Ibizan hound, Ibizan Podenco"
0.0298 - "n02389026 sorrel"
