loading weight: /home/nvidia/caffe-build/models/bvlc_alexnet/bvlc_alexnet.caffemodel
loading prototxt: /home/nvidia/caffe-build/models/bvlc_alexnet/deploy.prototxt
---------- Prediction for /home/nvidia/Downloads/ILSVRC2012_img_train_t3/n02085620/n02085620_1152.JPEG ----------
Latency(us)/Energy(mJ): 0 0 0 0 0 
Latency(us)/Energy(mJ): 666 2.32066 0.131655 0.239354 0.810253 
Latency(us)/Energy(mJ): 89 0.51129 0.0467742 0.0502865 0.174028 
Latency(us)/Energy(mJ): 163 0.500525 0.0546758 0.0482772 0.167074 
Latency(us)/Energy(mJ): 162 0.702759 0.0825883 0.0663076 0.231902 
Latency(us)/Energy(mJ): 1208 5.26891 0.839787 0.461371 1.68981 
Latency(us)/Energy(mJ): 85 0.403656 0.0793622 0.0330098 0.124502 
Latency(us)/Energy(mJ): 140 0.820102 0.169028 0.0662559 0.249894 
Latency(us)/Energy(mJ): 147 0.633238 0.134687 0.0503987 0.190086 
Latency(us)/Energy(mJ): 978 4.95019 1.14825 0.377762 1.46689 
Latency(us)/Energy(mJ): 92 0.459488 0.113513 0.0333451 0.135831 
Latency(us)/Energy(mJ): 1283 7.26723 1.94043 0.492648 2.16747 
Latency(us)/Energy(mJ): 96 0.518525 0.144831 0.0328651 0.155095 
Latency(us)/Energy(mJ): 745 4.53133 1.30615 0.280683 1.35219 
Latency(us)/Energy(mJ): 85 0.543352 0.157856 0.0328651 0.161737 
Latency(us)/Energy(mJ): 106 0.798885 0.232643 0.0484175 0.237499 
Latency(us)/Energy(mJ): 1269 7.7032 2.16858 0.479984 2.31634 
Latency(us)/Energy(mJ): 95 0.54246 0.147282 0.0334213 0.168603 
Latency(us)/Energy(mJ): 2 0 0 0 0 
Latency(us)/Energy(mJ): 4846 36.2203 9.51052 1.85071 12.1937 
Latency(us)/Energy(mJ): 92 1.0558 0.269202 0.0475259 0.372349 
Latency(us)/Energy(mJ): 3 0 0 0 0 
Latency(us)/Energy(mJ): 2117 18.6285 4.74862 0.8058 6.65225 
Latency(us)/Energy(mJ): 111 0.783268 0.197241 0.0328879 0.283204 
0.5948 - "n02085620 Chihuahua"
0.0656 - "n02110806 basenji"
0.0383 - "n02113023 Pembroke, Pembroke Welsh corgi"
0.0311 - "n02091244 Ibizan hound, Ibizan Podenco"
0.0298 - "n02389026 sorrel"
