loading weight: /home/nvidia/caffe-build/models/bvlc_alexnet/bvlc_alexnet.caffemodel
loading prototxt: /home/nvidia/caffe-build/models/bvlc_alexnet/deploy.prototxt
---------- Prediction for /home/nvidia/caffe-build/examples/images/cat.jpg ----------
Latency(us)/Energy(mJ): 0 0 0 0 0 
Latency(us)/Energy(mJ): 2913 8.69752 0.60058 3.10439 1.78002 
Latency(us)/Energy(mJ): 32 0 0 0 0 
Latency(us)/Energy(mJ): 286 0.894349 0.106807 0.299172 0.187332 
Latency(us)/Energy(mJ): 104 0.364656 0.0433952 0.121552 0.076112 
Latency(us)/Energy(mJ): 3256 11.2238 1.63353 3.29456 2.37289 
Latency(us)/Energy(mJ): 28 0 0 0 0 
Latency(us)/Energy(mJ): 214 1.13647 0.212798 0.307582 0.237269 
Latency(us)/Energy(mJ): 85 0.310948 0.0582233 0.0841568 0.0649185 
Latency(us)/Energy(mJ): 2365 9.01878 1.80101 2.36508 1.89116 
Latency(us)/Energy(mJ): 23 0 0 0 0 
Latency(us)/Energy(mJ): 1671 6.77311 1.57069 1.69361 1.38267 
Latency(us)/Energy(mJ): 25 0 0 0 0 
Latency(us)/Energy(mJ): 1436 5.67675 1.42208 1.37789 1.13419 
Latency(us)/Energy(mJ): 27 0.353186 0.0915064 0.0850008 0.0705344 
Latency(us)/Energy(mJ): 37 0 0 0 0 
Latency(us)/Energy(mJ): 2145 8.97654 2.23451 2.16042 1.82418 
Latency(us)/Energy(mJ): 28 0 0 0 0 
Latency(us)/Energy(mJ): 1 0 0 0 0 
Latency(us)/Energy(mJ): 8697 41.3614 10.2822 8.14107 10.3449 
Latency(us)/Energy(mJ): 25 0 0 0 0 
Latency(us)/Energy(mJ): 3 0.589779 0.147274 0.104012 0.163171 
Latency(us)/Energy(mJ): 3739 19.6799 4.8728 3.35045 5.61737 
Latency(us)/Energy(mJ): 173 1.09577 0.271915 0.181276 0.321785 
0.3094 - "n02124075 Egyptian cat"
0.1761 - "n02123159 tiger cat"
0.1221 - "n02123045 tabby, tabby cat"
0.1132 - "n02119022 red fox, Vulpes vulpes"
0.0421 - "n02085620 Chihuahua"
