loading weight: /home/nvidia/caffe-build/models/bvlc_alexnet/bvlc_alexnet.caffemodel
loading prototxt: /home/nvidia/caffe-build/models/bvlc_alexnet/deploy.prototxt
---------- Prediction for /home/nvidia/Downloads/ILSVRC2012_img_train_t3/n02085620/n02085620_1152.JPEG ----------
Latency(us)/Energy(mJ): 0 0 0 0 0 
Latency(us)/Energy(mJ): 316 1.41173 0.0456851 0.367284 0.420483 
Latency(us)/Energy(mJ): 22 0 0 0 0 
Latency(us)/Energy(mJ): 58 0.345358 0.0111416 0.0895726 0.102547 
Latency(us)/Energy(mJ): 47 0.347644 0.0168132 0.0897192 0.102715 
Latency(us)/Energy(mJ): 3020 14.809 1.18991 3.54962 4.23807 
Latency(us)/Energy(mJ): 21 0 0 0 0 
Latency(us)/Energy(mJ): 45 0.37395 0.0390247 0.0836766 0.106404 
Latency(us)/Energy(mJ): 41 0.232903 0.0241261 0.0517311 0.0657821 
Latency(us)/Energy(mJ): 3866 20.5676 2.84663 4.438 5.65492 
Latency(us)/Energy(mJ): 30 0.152799 0.0234752 0.0320371 0.0418301 
Latency(us)/Energy(mJ): 2870 16.2046 2.66198 3.16157 4.51487 
Latency(us)/Energy(mJ): 37 0.263851 0.0448186 0.0482522 0.0743211 
Latency(us)/Energy(mJ): 2074 12.4429 2.19033 2.22377 3.54462 
Latency(us)/Energy(mJ): 38 0.274076 0.0482309 0.0482309 0.0786236 
Latency(us)/Energy(mJ): 44 0.171267 0.030139 0.030139 0.049131 
Latency(us)/Energy(mJ): 1766 10.8285 1.99073 1.88135 3.13245 
Latency(us)/Energy(mJ): 26 0.281359 0.0517317 0.048295 0.0830691 
Latency(us)/Energy(mJ): 0 0 0 0 0 
Latency(us)/Energy(mJ): 9559 67.9712 11.3028 10.2189 22.5266 
Latency(us)/Energy(mJ): 26 0 0 0 0 
Latency(us)/Energy(mJ): 0 0 0 0 0 
Latency(us)/Energy(mJ): 4211 33.0827 5.15633 4.51261 11.7697 
Latency(us)/Energy(mJ): 33 0.224173 0.0343064 0.030004 0.0801701 
0.5948 - "n02085620 Chihuahua"
0.0656 - "n02110806 basenji"
0.0383 - "n02113023 Pembroke, Pembroke Welsh corgi"
0.0311 - "n02091244 Ibizan hound, Ibizan Podenco"
0.0298 - "n02389026 sorrel"
