loading weight: /home/nvidia/caffe-build/models/bvlc_alexnet/bvlc_alexnet.caffemodel
loading prototxt: /home/nvidia/caffe-build/models/bvlc_alexnet/deploy.prototxt
---------- Prediction for /home/nvidia/Downloads/ILSVRC2012_img_train_t3/n02085620/n02085620_1152.JPEG ----------
Latency(us)/Energy(mJ): 0 0 0 0 0 
Latency(us)/Energy(mJ): 434 2.09456 0.0636363 0.607476 0.601614 
Latency(us)/Energy(mJ): 32 0.139984 0.00425296 0.040599 0.0402073 
Latency(us)/Energy(mJ): 58 0.36622 0.0111264 0.106213 0.105188 
Latency(us)/Energy(mJ): 55 0.228737 0.00694944 0.0663397 0.0656996 
Latency(us)/Energy(mJ): 6778 34.4486 2.42871 9.08647 9.62306 
Latency(us)/Energy(mJ): 24 0.142897 0.0126958 0.0359806 0.0398336 
Latency(us)/Energy(mJ): 47 0.233315 0.0207291 0.0587475 0.0650386 
Latency(us)/Energy(mJ): 42 0.143 0.0127049 0.0360065 0.0398624 
Latency(us)/Energy(mJ): 8884 45.8926 5.0973 11.0719 12.3656 
Latency(us)/Energy(mJ): 23 0 0 0 0 
Latency(us)/Energy(mJ): 6228 33.2568 4.09398 7.62889 9.1628 
Latency(us)/Energy(mJ): 36 0.150976 0.0191261 0.0339926 0.0421498 
Latency(us)/Energy(mJ): 4732 26.0034 3.25733 5.78922 7.34944 
Latency(us)/Energy(mJ): 36 0.250071 0.0310387 0.0551648 0.0709778 
Latency(us)/Energy(mJ): 41 0.153762 0.0190849 0.0339194 0.0436424 
Latency(us)/Energy(mJ): 4367 24.2573 3.00672 5.34412 6.9264 
Latency(us)/Energy(mJ): 25 0 0 0 0 
Latency(us)/Energy(mJ): 1 0.251119 0.0309112 0.0550183 0.0732676 
Latency(us)/Energy(mJ): 21559 134.076 14.7622 25.9113 43.4458 
Latency(us)/Energy(mJ): 27 0.291366 0.0309935 0.0551648 0.0976792 
Latency(us)/Energy(mJ): 0 0 0 0 0 
Latency(us)/Energy(mJ): 9553 62.3207 6.55823 11.5175 21.1882 
Latency(us)/Energy(mJ): 34 0.295991 0.0309386 0.0550671 0.100934 
0.5948 - "n02085620 Chihuahua"
0.0656 - "n02110806 basenji"
0.0383 - "n02113023 Pembroke, Pembroke Welsh corgi"
0.0311 - "n02091244 Ibizan hound, Ibizan Podenco"
0.0298 - "n02389026 sorrel"
