loading weight: /home/nvidia/caffe-build/models/bvlc_alexnet/bvlc_alexnet.caffemodel
loading prototxt: /home/nvidia/caffe-build/models/bvlc_alexnet/deploy.prototxt
---------- Prediction for /home/nvidia/Downloads/ILSVRC2012_img_train_t3/n02085620/n02085620_1152.JPEG ----------
Latency(us)/Energy(mJ): 0 0 0 0 0 
Latency(us)/Energy(mJ): 668 2.41282 0.171058 0.153192 0.863078 
Latency(us)/Energy(mJ): 89 0.328233 0.0391407 0.0195703 0.112978 
Latency(us)/Energy(mJ): 167 0.683201 0.0822505 0.0393651 0.228132 
Latency(us)/Energy(mJ): 161 0.698789 0.0978165 0.0391315 0.22915 
Latency(us)/Energy(mJ): 1041 4.53756 0.840899 0.234363 1.43742 
Latency(us)/Energy(mJ): 87 0.408868 0.0976456 0.0195291 0.122547 
Latency(us)/Energy(mJ): 140 0.608626 0.149828 0.0286662 0.179884 
Latency(us)/Energy(mJ): 146 0.843954 0.217484 0.0390124 0.245556 
Latency(us)/Energy(mJ): 747 3.97662 1.08332 0.17579 1.14559 
Latency(us)/Energy(mJ): 92 0.47041 0.134095 0.0196665 0.134917 
Latency(us)/Energy(mJ): 1151 6.86588 2.11087 0.263977 1.95983 
Latency(us)/Energy(mJ): 90 0.548341 0.17658 0.0195533 0.155826 
Latency(us)/Energy(mJ): 692 4.50349 1.48842 0.157115 1.2749 
Latency(us)/Energy(mJ): 87 0.574442 0.190276 0.0196126 0.16207 
Latency(us)/Energy(mJ): 104 0.844594 0.28088 0.0289514 0.238088 
Latency(us)/Energy(mJ): 1299 8.28139 2.66945 0.29329 2.37176 
Latency(us)/Energy(mJ): 95 0.563956 0.178515 0.0197676 0.167504 
Latency(us)/Energy(mJ): 2 0 0 0 0 
Latency(us)/Energy(mJ): 4652 36.4321 11.1619 1.05892 11.6862 
Latency(us)/Energy(mJ): 95 1.18741 0.354358 0.0303012 0.39759 
Latency(us)/Energy(mJ): 1 0 0 0 0 
Latency(us)/Energy(mJ): 2039 18.9479 5.67698 0.46548 6.4348 
Latency(us)/Energy(mJ): 113 1.19097 0.360427 0.028386 0.408979 
0.5948 - "n02085620 Chihuahua"
0.0656 - "n02110806 basenji"
0.0383 - "n02113023 Pembroke, Pembroke Welsh corgi"
0.0311 - "n02091244 Ibizan hound, Ibizan Podenco"
0.0298 - "n02389026 sorrel"
