loading weight: /home/nvidia/caffe-build/models/bvlc_alexnet/bvlc_alexnet.caffemodel
loading prototxt: /home/nvidia/caffe-build/models/bvlc_alexnet/deploy.prototxt
---------- Prediction for /home/nvidia/caffe-build/examples/images/cat.jpg ----------
Latency(us)/Energy(mJ): 1 0 0 0 0 
Latency(us)/Energy(mJ): 8448 19.6644 1.92803 6.6482 3.3847 
Latency(us)/Energy(mJ): 75 0.287622 0.043548 0.087096 0.05016 
Latency(us)/Energy(mJ): 728 1.97365 0.295401 0.590801 0.350241 
Latency(us)/Energy(mJ): 252 0.714926 0.106597 0.213194 0.128363 
Latency(us)/Energy(mJ): 9644 26.3506 5.22038 7.34105 4.76319 
Latency(us)/Energy(mJ): 38 0.234434 0.0555216 0.0616548 0.0417219 
Latency(us)/Energy(mJ): 471 1.46557 0.347096 0.385438 0.260826 
Latency(us)/Energy(mJ): 174 0.562263 0.133162 0.147872 0.100065 
Latency(us)/Energy(mJ): 5789 17.1405 4.25884 4.24583 3.07147 
Latency(us)/Energy(mJ): 33 0.245324 0.06741 0.055212 0.0414892 
Latency(us)/Energy(mJ): 3852 11.7916 3.31159 2.60914 1.96064 
Latency(us)/Energy(mJ): 36 0.25487 0.0736006 0.0552808 0.041541 
Latency(us)/Energy(mJ): 3723 11.6934 3.37679 2.53628 1.90589 
Latency(us)/Energy(mJ): 30 0.35685 0.10305 0.0774 0.0581625 
Latency(us)/Energy(mJ): 64 0 0 0 0 
Latency(us)/Energy(mJ): 7344 22.4575 6.2009 5.07266 3.75076 
Latency(us)/Energy(mJ): 40 0.322882 0.0817098 0.0735816 0.0593572 
Latency(us)/Energy(mJ): 3 0 0 0 0 
Latency(us)/Energy(mJ): 32949 106.746 27.1607 22.637 22.7392 
Latency(us)/Energy(mJ): 40 0 0 0 0 
Latency(us)/Energy(mJ): 2 0.377055 0.0866376 0.0780192 0.089019 
Latency(us)/Energy(mJ): 14138 47.6245 10.8892 9.68398 11.1431 
Latency(us)/Energy(mJ): 252 1.05482 0.236955 0.213383 0.249671 
0.3094 - "n02124075 Egyptian cat"
0.1761 - "n02123159 tiger cat"
0.1221 - "n02123045 tabby, tabby cat"
0.1132 - "n02119022 red fox, Vulpes vulpes"
0.0421 - "n02085620 Chihuahua"
