loading weight: /home/nvidia/caffe-build/models/bvlc_alexnet/bvlc_alexnet.caffemodel
loading prototxt: /home/nvidia/caffe-build/models/bvlc_alexnet/deploy.prototxt
---------- Prediction for /home/nvidia/Downloads/ILSVRC2012_img_train_t3/n02085620/n02085620_1152.JPEG ----------
Latency(us)/Energy(mJ): 0 0 0 0 0 
Latency(us)/Energy(mJ): 896 3.15572 0.143613 0.268376 1.12982 
Latency(us)/Energy(mJ): 115 0.487911 0.0305623 0.0407053 0.171363 
Latency(us)/Energy(mJ): 195 0.634884 0.0396262 0.0527772 0.222183 
Latency(us)/Energy(mJ): 191 0.792713 0.0489831 0.0652395 0.278712 
Latency(us)/Energy(mJ): 4115 16.2601 1.74342 1.25406 5.50091 
Latency(us)/Energy(mJ): 116 0.553312 0.0709579 0.0405284 0.183374 
Latency(us)/Energy(mJ): 165 0.528412 0.0677646 0.0387045 0.175122 
Latency(us)/Energy(mJ): 184 0.922488 0.131418 0.0674416 0.305146 
Latency(us)/Energy(mJ): 4753 20.5155 3.33185 1.44995 6.58419 
Latency(us)/Energy(mJ): 123 0.594152 0.101418 0.0405406 0.189352 
Latency(us)/Energy(mJ): 4076 19.0342 3.32936 1.24308 6.18333 
Latency(us)/Energy(mJ): 131 0.642528 0.111151 0.0404064 0.210643 
Latency(us)/Energy(mJ): 2814 13.7635 2.54981 0.852225 4.54345 
Latency(us)/Energy(mJ): 132 0.660496 0.12093 0.0402661 0.219681 
Latency(us)/Energy(mJ): 152 0.86672 0.158688 0.0528382 0.288271 
Latency(us)/Energy(mJ): 1979 9.96487 1.81513 0.604382 3.34151 
Latency(us)/Energy(mJ): 119 0.651701 0.116662 0.0388448 0.223371 
Latency(us)/Energy(mJ): 2 0 0 0 0 
Latency(us)/Energy(mJ): 13102 77.2551 11.9742 3.99045 29.0515 
Latency(us)/Energy(mJ): 119 0.842314 0.121622 0.0405406 0.328889 
Latency(us)/Energy(mJ): 1 0 0 0 0 
Latency(us)/Energy(mJ): 5739 36.9753 5.24238 1.74746 14.6243 
Latency(us)/Energy(mJ): 143 1.13183 0.158716 0.0529053 0.451343 
0.5948 - "n02085620 Chihuahua"
0.0656 - "n02110806 basenji"
0.0383 - "n02113023 Pembroke, Pembroke Welsh corgi"
0.0311 - "n02091244 Ibizan hound, Ibizan Podenco"
0.0298 - "n02389026 sorrel"
