loading weight: /home/nvidia/caffe-build/models/bvlc_alexnet/bvlc_alexnet.caffemodel
loading prototxt: /home/nvidia/caffe-build/models/bvlc_alexnet/deploy.prototxt
---------- Prediction for /home/nvidia/Downloads/ILSVRC2012_img_train_t3/n02085620/n02085620_1152.JPEG ----------
Latency(us)/Energy(mJ): 0 0 0 0 0 
Latency(us)/Energy(mJ): 611 1.88195 0.0853553 0.185446 0.697606 
Latency(us)/Energy(mJ): 60 0.181167 0.0105432 0.0175873 0.0661595 
Latency(us)/Energy(mJ): 249 1.01091 0.0712925 0.096371 0.365363 
Latency(us)/Energy(mJ): 184 0.793472 0.0682825 0.0741386 0.28258 
Latency(us)/Energy(mJ): 1357 5.91129 0.720466 0.519708 2.05111 
Latency(us)/Energy(mJ): 60 0.340303 0.0516899 0.0286664 0.115117 
Latency(us)/Energy(mJ): 181 0.674462 0.103739 0.0562966 0.226073 
Latency(us)/Energy(mJ): 153 0.688659 0.114175 0.0570128 0.228949 
Latency(us)/Energy(mJ): 1476 7.14695 1.36983 0.517161 2.31298 
Latency(us)/Energy(mJ): 51 0.375353 0.0795233 0.0227103 0.120216 
Latency(us)/Energy(mJ): 1511 8.17933 1.81617 0.464771 2.63461 
Latency(us)/Energy(mJ): 66 0.167127 0.0383653 0.0090219 0.0543385 
Latency(us)/Energy(mJ): 1003 6.05388 1.46909 0.317621 1.96301 
Latency(us)/Energy(mJ): 66 0.265969 0.064351 0.0135359 0.0857422 
Latency(us)/Energy(mJ): 73 0.625789 0.159345 0.0318481 0.203158 
Latency(us)/Energy(mJ): 2681 15.3144 3.58919 0.811703 5.01628 
Latency(us)/Energy(mJ): 62 0.423298 0.0914773 0.0228506 0.143322 
Latency(us)/Energy(mJ): 1 0 0 0 0 
Latency(us)/Energy(mJ): 5508 37.4964 8.10755 1.68196 13.5637 
Latency(us)/Energy(mJ): 62 0.352735 0.0767731 0.0139629 0.132258 
Latency(us)/Energy(mJ): 0 0 0 0 0 
Latency(us)/Energy(mJ): 2373 19.1083 4.06274 0.726687 7.25839 
Latency(us)/Energy(mJ): 75 0.621302 0.13165 0.0229055 0.238518 
0.5948 - "n02085620 Chihuahua"
0.0656 - "n02110806 basenji"
0.0383 - "n02113023 Pembroke, Pembroke Welsh corgi"
0.0311 - "n02091244 Ibizan hound, Ibizan Podenco"
0.0298 - "n02389026 sorrel"
