loading weight: /home/nvidia/caffe-build/models/bvlc_alexnet/bvlc_alexnet.caffemodel
loading prototxt: /home/nvidia/caffe-build/models/bvlc_alexnet/deploy.prototxt
---------- Prediction for /home/nvidia/caffe-build/examples/images/cat.jpg ----------
Latency(us)/Energy(mJ): 1 0 0 0 0 
Latency(us)/Energy(mJ): 9053 17.6336 2.04966 4.41579 3.08715 
Latency(us)/Energy(mJ): 82 0.176281 0.0309038 0.0370522 0.0309847 
Latency(us)/Energy(mJ): 993 2.12235 0.372068 0.446092 0.391548 
Latency(us)/Energy(mJ): 323 0.856781 0.148369 0.177887 0.156137 
Latency(us)/Energy(mJ): 9809 23.5796 5.23835 4.49216 4.45437 
Latency(us)/Energy(mJ): 75 0.21008 0.0555904 0.0370064 0.0387032 
Latency(us)/Energy(mJ): 636 1.80986 0.478917 0.318814 0.344503 
Latency(us)/Energy(mJ): 294 0.71721 0.189785 0.126339 0.137373 
Latency(us)/Energy(mJ): 5764 15.5237 4.27665 2.66613 2.89898 
Latency(us)/Energy(mJ): 76 0 0 0 0 
Latency(us)/Energy(mJ): 4054 11.3499 3.51412 1.86388 2.02666 
Latency(us)/Energy(mJ): 76 0.323858 0.103621 0.051754 0.056274 
Latency(us)/Energy(mJ): 3991 11.282 3.63196 1.814 1.97243 
Latency(us)/Energy(mJ): 67 0.324145 0.103713 0.0517998 0.0563238 
Latency(us)/Energy(mJ): 116 0.231573 0.0740936 0.0370064 0.0402384 
Latency(us)/Energy(mJ): 7823 21.575 6.40512 3.60398 3.79786 
Latency(us)/Energy(mJ): 68 0.222637 0.0618076 0.0370522 0.0418253 
Latency(us)/Energy(mJ): 15 0 0 0 0 
Latency(us)/Energy(mJ): 32984 98.7817 25.8148 15.1093 22.4869 
Latency(us)/Energy(mJ): 69 0.602482 0.148674 0.0891268 0.149064 
Latency(us)/Energy(mJ): 8 0 0 0 0 
Latency(us)/Energy(mJ): 14124 44.3818 10.7476 6.44296 11.1062 
Latency(us)/Energy(mJ): 478 1.47768 0.355909 0.213359 0.375009 
0.3094 - "n02124075 Egyptian cat"
0.1761 - "n02123159 tiger cat"
0.1221 - "n02123045 tabby, tabby cat"
0.1132 - "n02119022 red fox, Vulpes vulpes"
0.0421 - "n02085620 Chihuahua"
