loading weight: /home/nvidia/caffe-build/models/bvlc_alexnet/bvlc_alexnet.caffemodel
loading prototxt: /home/nvidia/caffe-build/models/bvlc_alexnet/deploy.prototxt
---------- Prediction for /home/nvidia/Downloads/ILSVRC2012_img_train_t3/n02085620/n02085620_1152.JPEG ----------
Latency(us)/Energy(mJ): 0 0 0 0 0 
Latency(us)/Energy(mJ): 275 1.39521 0.0499632 0.451908 0.376359 
Latency(us)/Energy(mJ): 21 0.14366 0.00624254 0.0457695 0.0381367 
Latency(us)/Energy(mJ): 66 0.239815 0.0137799 0.0758572 0.0632068 
Latency(us)/Energy(mJ): 55 0.386227 0.0220942 0.121627 0.102201 
Latency(us)/Energy(mJ): 1167 6.59152 0.702529 1.86632 1.68933 
Latency(us)/Energy(mJ): 21 0.163489 0.0228879 0.0437298 0.0413019 
Latency(us)/Energy(mJ): 52 0.272239 0.0378725 0.0723594 0.068342 
Latency(us)/Energy(mJ): 44 0.164284 0.0228544 0.0436657 0.0412414 
Latency(us)/Energy(mJ): 1290 8.31087 1.5161 2.08953 2.01946 
Latency(us)/Energy(mJ): 39 0.301578 0.0620047 0.0723463 0.0727076 
Latency(us)/Energy(mJ): 1120 7.86196 1.77452 1.75151 1.92213 
Latency(us)/Energy(mJ): 43 0.538528 0.132931 0.110776 0.132533 
Latency(us)/Energy(mJ): 741 5.54334 1.39922 1.10465 1.37349 
Latency(us)/Energy(mJ): 35 0.355294 0.0930628 0.0689605 0.0882242 
Latency(us)/Energy(mJ): 51 0.214182 0.0561011 0.0415715 0.0537295 
Latency(us)/Energy(mJ): 714 5.75206 1.50913 1.10431 1.44341 
Latency(us)/Energy(mJ): 37 0.360931 0.0927335 0.0687165 0.0922378 
Latency(us)/Energy(mJ): 0 0.216169 0.0552779 0.0409615 0.0554928 
Latency(us)/Energy(mJ): 4844 44.446 11.3282 7.15089 12.6146 
Latency(us)/Energy(mJ): 31 0.277612 0.0711975 0.0397925 0.0841775 
Latency(us)/Energy(mJ): 0 0 0 0 0 
Latency(us)/Energy(mJ): 2112 21.9435 5.52793 3.04663 6.74823 
Latency(us)/Energy(mJ): 42 0.482536 0.120093 0.0652308 0.150928 
0.5948 - "n02085620 Chihuahua"
0.0656 - "n02110806 basenji"
0.0383 - "n02113023 Pembroke, Pembroke Welsh corgi"
0.0311 - "n02091244 Ibizan hound, Ibizan Podenco"
0.0298 - "n02389026 sorrel"
