loading weight: /home/nvidia/caffe-build/models/bvlc_alexnet/bvlc_alexnet.caffemodel
loading prototxt: /home/nvidia/caffe-build/models/bvlc_alexnet/deploy.prototxt
---------- Prediction for /home/nvidia/Downloads/ILSVRC2012_img_train_t3/n02085620/n02085620_1152.JPEG ----------
Latency(us)/Energy(mJ): 0 0 0 0 0 
Latency(us)/Energy(mJ): 327 1.45825 0.080142 0.425694 0.400969 
Latency(us)/Energy(mJ): 37 0.368825 0.0294437 0.104271 0.0991944 
Latency(us)/Energy(mJ): 81 0.386747 0.0358507 0.106894 0.103134 
Latency(us)/Energy(mJ): 76 0.387679 0.040985 0.105618 0.101903 
Latency(us)/Energy(mJ): 890 5.05225 0.836617 1.20873 1.26584 
Latency(us)/Energy(mJ): 32 0.449499 0.095523 0.0989658 0.10776 
Latency(us)/Energy(mJ): 50 0.284211 0.0619498 0.0619498 0.0674544 
Latency(us)/Energy(mJ): 56 0.174141 0.0398185 0.03773 0.0410826 
Latency(us)/Energy(mJ): 920 6.42866 1.7403 1.29523 1.44462 
Latency(us)/Energy(mJ): 38 0.325405 0.0997603 0.0619498 0.0716506 
Latency(us)/Energy(mJ): 1006 7.92771 2.58935 1.3955 1.7549 
Latency(us)/Energy(mJ): 44 0.222569 0.0775549 0.0367422 0.0491949 
Latency(us)/Energy(mJ): 567 4.9928 1.80533 0.796638 1.10631 
Latency(us)/Energy(mJ): 43 0.401512 0.148075 0.0620144 0.0890892 
Latency(us)/Energy(mJ): 48 0.648382 0.241268 0.0996072 0.143952 
Latency(us)/Energy(mJ): 702 6.05256 2.21892 0.933042 1.35141 
Latency(us)/Energy(mJ): 39 0.404813 0.144576 0.061987 0.0924835 
Latency(us)/Energy(mJ): 1 0 0 0 0 
Latency(us)/Energy(mJ): 4545 46.764 16.6874 5.88095 11.8263 
Latency(us)/Energy(mJ): 34 0.829839 0.292957 0.0939962 0.223731 
Latency(us)/Energy(mJ): 4 0 0 0 0 
Latency(us)/Energy(mJ): 2001 23.6558 8.28972 2.59347 6.48202 
Latency(us)/Energy(mJ): 45 0.332934 0.116837 0.0354541 0.0923231 
0.5948 - "n02085620 Chihuahua"
0.0656 - "n02110806 basenji"
0.0383 - "n02113023 Pembroke, Pembroke Welsh corgi"
0.0311 - "n02091244 Ibizan hound, Ibizan Podenco"
0.0298 - "n02389026 sorrel"
