loading weight: /home/nvidia/caffe-build/models/bvlc_alexnet/bvlc_alexnet.caffemodel
loading prototxt: /home/nvidia/caffe-build/models/bvlc_alexnet/deploy.prototxt
---------- Prediction for /home/nvidia/Downloads/ILSVRC2012_img_train_t3/n02085620/n02085620_1152.JPEG ----------
Latency(us)/Energy(mJ): 0 0 0 0 0 
Latency(us)/Energy(mJ): 160096 574.357 36.8043 73.2938 186.93 
Latency(us)/Energy(mJ): 937 3.40767 0.217188 0.434376 1.09068 
Latency(us)/Energy(mJ): 145350 511.64 33.2733 66.5465 167.093 
Latency(us)/Energy(mJ): 10630 37.3863 2.43105 4.86211 12.2084 
Latency(us)/Energy(mJ): 308272 1107.09 70.5819 141.164 360.093 
Latency(us)/Energy(mJ): 605 2.16169 0.137776 0.275551 0.701883 
Latency(us)/Energy(mJ): 566450 1953.4 129.683 259.367 629.63 
Latency(us)/Energy(mJ): 5361 18.6102 1.23207 2.46413 5.9774 
Latency(us)/Energy(mJ): 205294 736.016 46.9974 93.9949 239.217 
Latency(us)/Energy(mJ): 205 0.703725 0.0448519 0.0897039 0.225239 
Latency(us)/Energy(mJ): 157068 564.216 35.9603 71.9206 183.567 
Latency(us)/Energy(mJ): 205 0.812018 0.051754 0.103508 0.264194 
Latency(us)/Energy(mJ): 104570 375.576 23.9373 47.8747 122.195 
Latency(us)/Energy(mJ): 143 0.548076 0.0349317 0.0698633 0.178319 
Latency(us)/Energy(mJ): 1314 4.74479 0.302596 0.605192 1.54469 
Latency(us)/Energy(mJ): 224553 851.507 51.4079 102.816 287.255 
Latency(us)/Energy(mJ): 13 0 0 0 0 
Latency(us)/Energy(mJ): 1 0 0 0 0 
Latency(us)/Energy(mJ): 101483 383.799 23.239 46.4781 130.301 
Latency(us)/Energy(mJ): 14 0 0 0 0 
Latency(us)/Energy(mJ): 2 0 0 0 0 
Latency(us)/Energy(mJ): 24934 94.3062 5.71024 11.4205 32.0172 
Latency(us)/Energy(mJ): 138 0.568888 0.0344462 0.0688924 0.193139 
0.5948 - "n02085620 Chihuahua"
0.0656 - "n02110806 basenji"
0.0383 - "n02113023 Pembroke, Pembroke Welsh corgi"
0.0311 - "n02091244 Ibizan hound, Ibizan Podenco"
0.0298 - "n02389026 sorrel"
