loading weight: /home/nvidia/caffe-build/models/bvlc_alexnet/bvlc_alexnet.caffemodel
loading prototxt: /home/nvidia/caffe-build/models/bvlc_alexnet/deploy.prototxt
---------- Prediction for /home/nvidia/caffe-build/examples/images/cat.jpg ----------
Latency(us)/Energy(mJ): 5 0 0 0 0 
Latency(us)/Energy(mJ): 11767 22.4998 2.3166 5.38828 4.11872 
Latency(us)/Energy(mJ): 113 0.211616 0.0318572 0.0478381 0.0400044 
Latency(us)/Energy(mJ): 667 1.35339 0.200629 0.301272 0.264436 
Latency(us)/Energy(mJ): 265 0.684835 0.101199 0.151964 0.133384 
Latency(us)/Energy(mJ): 15291 33.3404 5.64343 7.01173 6.69877 
Latency(us)/Energy(mJ): 72 0.234286 0.0475633 0.0475633 0.045694 
Latency(us)/Energy(mJ): 484 0.98779 0.200535 0.200535 0.19473 
Latency(us)/Energy(mJ): 231 0.524633 0.106508 0.106508 0.106973 
Latency(us)/Energy(mJ): 11583 26.1438 5.30756 5.30756 5.0944 
Latency(us)/Energy(mJ): 84 0.23609 0.0479297 0.0479297 0.0440576 
Latency(us)/Energy(mJ): 8756 19.7038 4.37023 4.00015 3.46547 
Latency(us)/Energy(mJ): 94 0.257071 0.0609633 0.0521891 0.0436428 
Latency(us)/Energy(mJ): 6288 14.255 3.3805 2.89396 2.42006 
Latency(us)/Energy(mJ): 66 0.255492 0.0605888 0.0518685 0.0433748 
Latency(us)/Energy(mJ): 113 0.235752 0.0559075 0.047861 0.0400235 
Latency(us)/Energy(mJ): 7420 16.4622 3.46765 3.39188 2.95268 
Latency(us)/Energy(mJ): 105 0.262778 0.0524639 0.0524639 0.052693 
Latency(us)/Energy(mJ): 10 0 0 0 0 
Latency(us)/Energy(mJ): 35759 90.736 16.3797 15.5257 22.0473 
Latency(us)/Energy(mJ): 70 0.278705 0.0477007 0.0397853 0.0738424 
Latency(us)/Energy(mJ): 9 0 0 0 0 
Latency(us)/Energy(mJ): 15513 41.7481 7.09662 6.46505 11.137 
Latency(us)/Energy(mJ): 462 1.49759 0.252633 0.252633 0.401565 
0.3094 - "n02124075 Egyptian cat"
0.1761 - "n02123159 tiger cat"
0.1221 - "n02123045 tabby, tabby cat"
0.1132 - "n02119022 red fox, Vulpes vulpes"
0.0421 - "n02085620 Chihuahua"
