loading weight: /home/nvidia/caffe-build/models/bvlc_alexnet/bvlc_alexnet.caffemodel
loading prototxt: /home/nvidia/caffe-build/models/bvlc_alexnet/deploy.prototxt
---------- Prediction for /home/nvidia/Downloads/ILSVRC2012_img_train_t3/n02085620/n02085620_1152.JPEG ----------
Latency(us)/Energy(mJ): 0 0 0 0 0 
Latency(us)/Energy(mJ): 423 2.03184 0.0631834 0.539553 0.60523 
Latency(us)/Energy(mJ): 26 0.13442 0.00418 0.035695 0.04004 
Latency(us)/Energy(mJ): 61 0.220938 0.0068704 0.0586696 0.0658112 
Latency(us)/Energy(mJ): 48 0.35526 0.0110474 0.0943386 0.104441 
Latency(us)/Energy(mJ): 6773 33.7213 2.40252 8.47037 9.6031 
Latency(us)/Energy(mJ): 19 0.143634 0.0129522 0.0345582 0.0406384 
Latency(us)/Energy(mJ): 40 0.232618 0.0209764 0.0559676 0.0658146 
Latency(us)/Energy(mJ): 46 0.143634 0.0129522 0.0345582 0.0406384 
Latency(us)/Energy(mJ): 8900 45.1609 5.06876 10.358 12.3692 
Latency(us)/Energy(mJ): 24 0.231391 0.0275842 0.0517769 0.0624036 
Latency(us)/Energy(mJ): 6262 32.9049 4.09655 7.17972 9.19358 
Latency(us)/Energy(mJ): 35 0.241746 0.0310661 0.0517769 0.0684631 
Latency(us)/Energy(mJ): 4718 25.3694 3.22966 5.38276 7.27785 
Latency(us)/Energy(mJ): 35 0.153254 0.0194146 0.0323577 0.0443399 
Latency(us)/Energy(mJ): 47 0.392734 0.0497525 0.0829209 0.113627 
Latency(us)/Energy(mJ): 4350 23.5981 2.97655 4.96092 6.8636 
Latency(us)/Energy(mJ): 26 0.248555 0.0310524 0.051754 0.0734952 
Latency(us)/Energy(mJ): 1 0 0 0 0 
Latency(us)/Energy(mJ): 21566 132.239 14.7814 23.9627 43.4713 
Latency(us)/Energy(mJ): 24 0.288915 0.0310895 0.0518461 0.0979818 
Latency(us)/Energy(mJ): 0 0 0 0 0 
Latency(us)/Energy(mJ): 9555 61.4374 6.54482 10.7745 21.0119 
Latency(us)/Energy(mJ): 31 0.177219 0.0188513 0.0314371 0.0609781 
0.5948 - "n02085620 Chihuahua"
0.0656 - "n02110806 basenji"
0.0383 - "n02113023 Pembroke, Pembroke Welsh corgi"
0.0311 - "n02091244 Ibizan hound, Ibizan Podenco"
0.0298 - "n02389026 sorrel"
