loading weight: /home/nvidia/caffe-build/models/bvlc_alexnet/bvlc_alexnet.caffemodel
loading prototxt: /home/nvidia/caffe-build/models/bvlc_alexnet/deploy.prototxt
---------- Prediction for /home/nvidia/caffe-build/examples/images/cat.jpg ----------
Latency(us)/Energy(mJ): 2 0 0 0 0 
Latency(us)/Energy(mJ): 8474 17.6502 1.94488 4.8929 3.17541 
Latency(us)/Energy(mJ): 66 0.182717 0.0304263 0.0426127 0.0335327 
Latency(us)/Energy(mJ): 782 1.79293 0.296107 0.414705 0.330031 
Latency(us)/Energy(mJ): 293 0.718256 0.117656 0.16478 0.13552 
Latency(us)/Energy(mJ): 9753 24.666 5.27103 5.22853 4.64592 
Latency(us)/Energy(mJ): 57 0.299057 0.0757832 0.0589302 0.0548547 
Latency(us)/Energy(mJ): 520 1.27008 0.321846 0.250273 0.232964 
Latency(us)/Energy(mJ): 215 0.83527 0.211663 0.164593 0.15321 
Latency(us)/Energy(mJ): 5799 15.8611 4.21956 3.05242 2.94972 
Latency(us)/Energy(mJ): 52 0.324574 0.09513 0.0605888 0.0585503 
Latency(us)/Energy(mJ): 4012 11.8174 3.54544 2.17638 2.10316 
Latency(us)/Energy(mJ): 52 0 0 0 0 
Latency(us)/Energy(mJ): 3895 11.6652 3.62233 2.11336 1.97237 
Latency(us)/Energy(mJ): 52 0 0 0 0 
Latency(us)/Energy(mJ): 82 0.338344 0.104079 0.0607225 0.056523 
Latency(us)/Energy(mJ): 7560 21.3927 6.27815 4.04099 3.72349 
Latency(us)/Energy(mJ): 57 0.228644 0.0617694 0.0432547 0.0433356 
Latency(us)/Energy(mJ): 3 0 0 0 0 
Latency(us)/Energy(mJ): 32896 101.539 26.5546 17.6271 22.6495 
Latency(us)/Energy(mJ): 52 0 0 0 0 
Latency(us)/Energy(mJ): 6 0 0 0 0 
Latency(us)/Energy(mJ): 14170 45.9902 10.8961 7.63014 11.357 
Latency(us)/Energy(mJ): 351 1.26337 0.297081 0.208035 0.313024 
0.3094 - "n02124075 Egyptian cat"
0.1761 - "n02123159 tiger cat"
0.1221 - "n02123045 tabby, tabby cat"
0.1132 - "n02119022 red fox, Vulpes vulpes"
0.0421 - "n02085620 Chihuahua"
