loading weight: /home/nvidia/caffe-build/models/bvlc_alexnet/bvlc_alexnet.caffemodel
loading prototxt: /home/nvidia/caffe-build/models/bvlc_alexnet/deploy.prototxt
---------- Prediction for /home/nvidia/caffe-build/examples/images/cat.jpg ----------
Latency(us)/Energy(mJ): 0 0 0 0 0 
Latency(us)/Energy(mJ): 2603 13.2076 0.52768 4.63071 3.71725 
Latency(us)/Energy(mJ): 21 0 0 0 0 
Latency(us)/Energy(mJ): 163 0.992331 0.0570198 0.328284 0.278015 
Latency(us)/Energy(mJ): 63 0.391465 0.0224937 0.129505 0.110256 
Latency(us)/Energy(mJ): 2837 15.384 1.26822 4.92207 4.29265 
Latency(us)/Energy(mJ): 18 0 0 0 0 
Latency(us)/Energy(mJ): 121 1.05537 0.113643 0.327143 0.292677 
Latency(us)/Energy(mJ): 68 0 0 0 0 
Latency(us)/Energy(mJ): 2192 12.8794 1.49123 3.87636 3.53058 
Latency(us)/Energy(mJ): 18 0 0 0 0 
Latency(us)/Energy(mJ): 1796 11.0081 1.5063 3.12773 2.96193 
Latency(us)/Energy(mJ): 16 0 0 0 0 
Latency(us)/Energy(mJ): 1202 7.38206 1.126 2.06618 1.96637 
Latency(us)/Energy(mJ): 18 0 0 0 0 
Latency(us)/Energy(mJ): 26 0 0 0 0 
Latency(us)/Energy(mJ): 1405 8.30099 1.26005 2.31215 2.21846 
Latency(us)/Energy(mJ): 18 0 0 0 0 
Latency(us)/Energy(mJ): 3 0.690204 0.103395 0.189727 0.188371 
Latency(us)/Energy(mJ): 5488 36.5651 5.95765 8.99576 10.7019 
Latency(us)/Energy(mJ): 19 0 0 0 0 
Latency(us)/Energy(mJ): 0 0 0 0 0 
Latency(us)/Energy(mJ): 2407 17.886 3.04566 3.88044 5.55946 
Latency(us)/Energy(mJ): 127 0.858429 0.146578 0.181186 0.270535 
0.3094 - "n02124075 Egyptian cat"
0.1761 - "n02123159 tiger cat"
0.1221 - "n02123045 tabby, tabby cat"
0.1132 - "n02119022 red fox, Vulpes vulpes"
0.0421 - "n02085620 Chihuahua"
