loading weight: /home/nvidia/caffe-build/models/bvlc_alexnet/bvlc_alexnet.caffemodel
loading prototxt: /home/nvidia/caffe-build/models/bvlc_alexnet/deploy.prototxt
---------- Prediction for /home/nvidia/caffe-build/examples/images/cat.jpg ----------
Latency(us)/Energy(mJ): 0 0 0 0 0 
Latency(us)/Energy(mJ): 8968 23.2179 1.84565 6.82875 5.04558 
Latency(us)/Energy(mJ): 29 0 0 0 0 
Latency(us)/Energy(mJ): 237 0.836518 0.095343 0.238826 0.181907 
Latency(us)/Energy(mJ): 103 0.227192 0.0258945 0.0648636 0.0504306 
Latency(us)/Energy(mJ): 12625 35.4121 4.74375 8.74097 7.90002 
Latency(us)/Energy(mJ): 28 0 0 0 0 
Latency(us)/Energy(mJ): 199 0.572762 0.0908214 0.13643 0.123718 
Latency(us)/Energy(mJ): 114 0.575916 0.0907985 0.136396 0.125294 
Latency(us)/Energy(mJ): 10015 29.0169 4.8088 6.87976 6.14643 
Latency(us)/Energy(mJ): 28 0 0 0 0 
Latency(us)/Energy(mJ): 8179 23.6456 4.39452 5.65127 4.694 
Latency(us)/Energy(mJ): 29 0.276282 0.051574 0.0663232 0.053502 
Latency(us)/Energy(mJ): 5013 14.2096 2.65253 3.4111 2.75169 
Latency(us)/Energy(mJ): 28 0.280008 0.0522695 0.0672176 0.0542235 
Latency(us)/Energy(mJ): 43 0 0 0 0 
Latency(us)/Energy(mJ): 4192 12.2447 2.27856 2.93019 2.47533 
Latency(us)/Energy(mJ): 28 0 0 0 0 
Latency(us)/Energy(mJ): 2 0 0 0 0 
Latency(us)/Energy(mJ): 21832 76.0068 12.4649 15.0429 21.37 
Latency(us)/Energy(mJ): 29 0 0 0 0 
Latency(us)/Energy(mJ): 3 0 0 0 0 
Latency(us)/Energy(mJ): 9439 36.9915 5.77117 6.48902 11.7791 
Latency(us)/Energy(mJ): 200 0.795983 0.121253 0.136335 0.25858 
0.3094 - "n02124075 Egyptian cat"
0.1761 - "n02123159 tiger cat"
0.1221 - "n02123045 tabby, tabby cat"
0.1132 - "n02119022 red fox, Vulpes vulpes"
0.0421 - "n02085620 Chihuahua"
