loading weight: /home/nvidia/caffe-build/models/bvlc_alexnet/bvlc_alexnet.caffemodel
loading prototxt: /home/nvidia/caffe-build/models/bvlc_alexnet/deploy.prototxt
---------- Prediction for /home/nvidia/Downloads/ILSVRC2012_img_train_t3/n02085620/n02085620_1152.JPEG ----------
Latency(us)/Energy(mJ): 0 0 0 0 0 
Latency(us)/Energy(mJ): 286 1.34232 0.0407299 0.409175 0.374876 
Latency(us)/Energy(mJ): 21 0.135805 0.00409488 0.0411374 0.0376891 
Latency(us)/Energy(mJ): 61 0.366818 0.0166162 0.110799 0.10289 
Latency(us)/Energy(mJ): 52 0.229774 0.01036 0.0690815 0.0641503 
Latency(us)/Energy(mJ): 1699 9.08112 0.733481 2.48732 2.48032 
Latency(us)/Energy(mJ): 20 0 0 0 0 
Latency(us)/Energy(mJ): 47 0.820389 0.0896822 0.213179 0.222588 
Latency(us)/Energy(mJ): 46 0.253617 0.027572 0.06554 0.0684328 
Latency(us)/Energy(mJ): 2010 11.5735 1.65224 2.88237 3.03353 
Latency(us)/Energy(mJ): 28 0.273446 0.0449773 0.065743 0.0712291 
Latency(us)/Energy(mJ): 1638 10.2724 1.80782 2.24234 2.72421 
Latency(us)/Energy(mJ): 39 0.296254 0.0550708 0.0619772 0.0803041 
Latency(us)/Energy(mJ): 1115 7.52811 1.4641 1.53534 2.04348 
Latency(us)/Energy(mJ): 36 0.310571 0.0620871 0.0620871 0.0856467 
Latency(us)/Energy(mJ): 46 0.189915 0.0377575 0.0377575 0.052085 
Latency(us)/Energy(mJ): 881 6.40874 1.3128 1.25965 1.77769 
Latency(us)/Energy(mJ): 27 0.195309 0.0398765 0.037785 0.0552877 
Latency(us)/Energy(mJ): 1 0 0 0 0 
Latency(us)/Energy(mJ): 5860 47.5189 9.27232 7.70465 14.908 
Latency(us)/Energy(mJ): 27 0.24446 0.0461235 0.0356384 0.0816243 
Latency(us)/Energy(mJ): 0 0 0 0 0 
Latency(us)/Energy(mJ): 2602 23.6168 4.45063 3.35351 8.01891 
Latency(us)/Energy(mJ): 35 0.256581 0.048145 0.0355866 0.0883207 
0.5948 - "n02085620 Chihuahua"
0.0656 - "n02110806 basenji"
0.0383 - "n02113023 Pembroke, Pembroke Welsh corgi"
0.0311 - "n02091244 Ibizan hound, Ibizan Podenco"
0.0298 - "n02389026 sorrel"
