loading weight: /home/nvidia/caffe-build/models/bvlc_alexnet/bvlc_alexnet.caffemodel
loading prototxt: /home/nvidia/caffe-build/models/bvlc_alexnet/deploy.prototxt
---------- Prediction for /home/nvidia/Downloads/ILSVRC2012_img_train_t3/n02085620/n02085620_1152.JPEG ----------
Latency(us)/Energy(mJ): 0 0 0 0 0 
Latency(us)/Energy(mJ): 272 1.35042 0.0501106 0.39177 0.37773 
Latency(us)/Energy(mJ): 27 0.139571 0.0083814 0.0398735 0.0384445 
Latency(us)/Energy(mJ): 64 0.231084 0.0137738 0.0655272 0.0640369 
Latency(us)/Energy(mJ): 53 0.373519 0.0221613 0.10543 0.103032 
Latency(us)/Energy(mJ): 1168 6.40336 0.710006 1.68596 1.69444 
Latency(us)/Energy(mJ): 23 0.159555 0.0230725 0.039875 0.0411125 
Latency(us)/Energy(mJ): 57 0.263618 0.0378725 0.065453 0.068342 
Latency(us)/Energy(mJ): 43 0.161184 0.025254 0.04002 0.0417864 
Latency(us)/Energy(mJ): 1272 8.04508 1.54138 1.89602 2.00284 
Latency(us)/Energy(mJ): 26 0 0 0 0 
Latency(us)/Energy(mJ): 1117 7.73431 1.81609 1.57545 1.92946 
Latency(us)/Energy(mJ): 39 0.197142 0.0502884 0.03773 0.049409 
Latency(us)/Energy(mJ): 757 5.71056 1.49991 1.0596 1.44276 
Latency(us)/Energy(mJ): 41 0.210075 0.0566773 0.0378124 0.0532073 
Latency(us)/Energy(mJ): 46 0.554838 0.149411 0.0996798 0.140263 
Latency(us)/Energy(mJ): 714 5.61609 1.52004 0.997559 1.43539 
Latency(us)/Energy(mJ): 29 0 0 0 0 
Latency(us)/Energy(mJ): 1 0 0 0 0 
Latency(us)/Energy(mJ): 4768 43.1545 11.3488 6.32142 12.4354 
Latency(us)/Energy(mJ): 37 0.447416 0.116453 0.0582491 0.137684 
Latency(us)/Energy(mJ): 0 0 0 0 0 
Latency(us)/Energy(mJ): 2128 21.8853 5.62781 2.76365 6.84461 
Latency(us)/Energy(mJ): 40 0.47695 0.120458 0.0584888 0.15133 
0.5948 - "n02085620 Chihuahua"
0.0656 - "n02110806 basenji"
0.0383 - "n02113023 Pembroke, Pembroke Welsh corgi"
0.0311 - "n02091244 Ibizan hound, Ibizan Podenco"
0.0298 - "n02389026 sorrel"
