loading weight: /home/nvidia/caffe-build/models/bvlc_alexnet/bvlc_alexnet.caffemodel
loading prototxt: /home/nvidia/caffe-build/models/bvlc_alexnet/deploy.prototxt
---------- Prediction for /home/nvidia/Downloads/ILSVRC2012_img_train_t3/n02085620/n02085620_1152.JPEG ----------
Latency(us)/Energy(mJ): 0 0 0 0 0 
Latency(us)/Energy(mJ): 385 1.42389 0.0822977 0.115015 0.518486 
Latency(us)/Energy(mJ): 48 0.131173 0.0128245 0.0102663 0.0470903 
Latency(us)/Energy(mJ): 92 0.318166 0.0306781 0.0245586 0.112647 
Latency(us)/Energy(mJ): 92 0.498119 0.0565264 0.0376431 0.172665 
Latency(us)/Energy(mJ): 1078 4.66581 0.724327 0.321683 1.53604 
Latency(us)/Energy(mJ): 50 0.373136 0.0741102 0.0238388 0.116849 
Latency(us)/Energy(mJ): 79 0.379867 0.0780506 0.0239974 0.117627 
Latency(us)/Energy(mJ): 82 0.385565 0.0842438 0.0240584 0.11856 
Latency(us)/Energy(mJ): 1026 5.30126 1.32634 0.310594 1.56176 
Latency(us)/Energy(mJ): 52 0.432657 0.11976 0.0239364 0.126353 
Latency(us)/Energy(mJ): 1079 6.34455 1.87563 0.324935 1.83611 
Latency(us)/Energy(mJ): 63 0.498803 0.155547 0.0239242 0.143435 
Latency(us)/Energy(mJ): 682 4.36682 1.40414 0.201385 1.24695 
Latency(us)/Energy(mJ): 55 0.539186 0.176728 0.0240218 0.153661 
Latency(us)/Energy(mJ): 65 0.313118 0.103738 0.0138287 0.0884583 
Latency(us)/Energy(mJ): 855 5.91291 1.93187 0.264014 1.69256 
Latency(us)/Energy(mJ): 53 0.22788 0.0733942 0.0101199 0.0666586 
Latency(us)/Energy(mJ): 1 0 0 0 0 
Latency(us)/Energy(mJ): 4682 38.2641 11.8759 1.43053 12.1056 
Latency(us)/Energy(mJ): 53 0.718005 0.220389 0.0237667 0.237824 
Latency(us)/Energy(mJ): 0 0 0 0 0 
Latency(us)/Energy(mJ): 2047 19.4196 5.85809 0.620117 6.53058 
Latency(us)/Energy(mJ): 65 0.777121 0.234749 0.0240282 0.263985 
0.5948 - "n02085620 Chihuahua"
0.0656 - "n02110806 basenji"
0.0383 - "n02113023 Pembroke, Pembroke Welsh corgi"
0.0311 - "n02091244 Ibizan hound, Ibizan Podenco"
0.0298 - "n02389026 sorrel"
