loading weight: /home/nvidia/caffe-build/models/bvlc_alexnet/bvlc_alexnet.caffemodel
loading prototxt: /home/nvidia/caffe-build/models/bvlc_alexnet/deploy.prototxt
---------- Prediction for /home/nvidia/caffe-build/examples/images/cat.jpg ----------
Latency(us)/Energy(mJ): 1 0 0 0 0 
Latency(us)/Energy(mJ): 2301 11.7131 0.480147 4.05369 3.28651 
Latency(us)/Energy(mJ): 22 0 0 0 0 
Latency(us)/Energy(mJ): 188 1.00451 0.0715899 0.329952 0.277153 
Latency(us)/Energy(mJ): 73 0.608108 0.0433387 0.199745 0.170056 
Latency(us)/Energy(mJ): 2402 13.576 1.25983 4.27639 3.72761 
Latency(us)/Energy(mJ): 18 0 0 0 0 
Latency(us)/Energy(mJ): 135 0.427897 0.0505925 0.129505 0.115861 
Latency(us)/Energy(mJ): 64 0.656496 0.0776209 0.198691 0.177759 
Latency(us)/Energy(mJ): 1915 11.454 1.50206 3.37794 3.08135 
Latency(us)/Energy(mJ): 19 0 0 0 0 
Latency(us)/Energy(mJ): 1479 9.07893 1.43136 2.51078 2.37769 
Latency(us)/Energy(mJ): 21 0 0 0 0 
Latency(us)/Energy(mJ): 1040 6.4719 1.12632 1.75716 1.68495 
Latency(us)/Energy(mJ): 17 0 0 0 0 
Latency(us)/Energy(mJ): 27 0.45825 0.0842556 0.123658 0.118577 
Latency(us)/Energy(mJ): 1350 8.16298 1.41217 2.19773 2.12568 
Latency(us)/Energy(mJ): 20 0 0 0 0 
Latency(us)/Energy(mJ): 1 0 0 0 0 
Latency(us)/Energy(mJ): 5010 34.8814 6.49497 8.30561 9.80778 
Latency(us)/Energy(mJ): 18 0 0 0 0 
Latency(us)/Energy(mJ): 0 0 0 0 0 
Latency(us)/Energy(mJ): 2196 17.1949 3.37492 3.57895 5.13811 
Latency(us)/Energy(mJ): 143 1.47361 0.298266 0.298453 0.449169 
0.3094 - "n02124075 Egyptian cat"
0.1761 - "n02123159 tiger cat"
0.1221 - "n02123045 tabby, tabby cat"
0.1132 - "n02119022 red fox, Vulpes vulpes"
0.0421 - "n02085620 Chihuahua"
