loading weight: /home/nvidia/caffe-build/models/bvlc_alexnet/bvlc_alexnet.caffemodel
loading prototxt: /home/nvidia/caffe-build/models/bvlc_alexnet/deploy.prototxt
---------- Prediction for /home/nvidia/caffe-build/examples/images/cat.jpg ----------
Latency(us)/Energy(mJ): 1 0 0 0 0 
Latency(us)/Energy(mJ): 9841 35.7971 2.01005 5.25635 12.9629 
Latency(us)/Energy(mJ): 60 0 0 0 0 
Latency(us)/Energy(mJ): 379 1.59425 0.129838 0.227324 0.570864 
Latency(us)/Energy(mJ): 172 0.792792 0.0645837 0.113074 0.283957 
Latency(us)/Energy(mJ): 12397 48.2254 4.75636 6.61909 17.0589 
Latency(us)/Energy(mJ): 55 0 0 0 0 
Latency(us)/Energy(mJ): 305 1.29639 0.149445 0.174244 0.450294 
Latency(us)/Energy(mJ): 158 0.847808 0.0972334 0.113368 0.292974 
Latency(us)/Energy(mJ): 10517 42.0738 5.08563 5.2234 14.4979 
Latency(us)/Energy(mJ): 62 0 0 0 0 
Latency(us)/Energy(mJ): 8202 33.2398 4.42534 3.79551 11.2302 
Latency(us)/Energy(mJ): 62 0 0 0 0 
Latency(us)/Energy(mJ): 5054 20.376 2.72241 2.33495 6.83662 
Latency(us)/Energy(mJ): 60 0.456853 0.0608226 0.0521662 0.15274 
Latency(us)/Energy(mJ): 83 0.395485 0.0526524 0.0451588 0.132223 
Latency(us)/Energy(mJ): 4604 18.2816 2.4434 2.09565 6.24472 
Latency(us)/Energy(mJ): 54 0.40369 0.0527325 0.0452275 0.140027 
Latency(us)/Energy(mJ): 2 0 0 0 0 
Latency(us)/Energy(mJ): 21730 99.7289 12.4094 9.9244 36.9956 
Latency(us)/Energy(mJ): 57 0.555653 0.068808 0.0516624 0.213643 
Latency(us)/Energy(mJ): 2 0 0 0 0 
Latency(us)/Energy(mJ): 9451 47.6723 5.76355 4.32739 18.5095 
Latency(us)/Energy(mJ): 380 1.67357 0.198037 0.14869 0.652222 
0.3094 - "n02124075 Egyptian cat"
0.1761 - "n02123159 tiger cat"
0.1221 - "n02123045 tabby, tabby cat"
0.1132 - "n02119022 red fox, Vulpes vulpes"
0.0421 - "n02085620 Chihuahua"
