loading weight: /home/nvidia/caffe-build/models/bvlc_alexnet/bvlc_alexnet.caffemodel
loading prototxt: /home/nvidia/caffe-build/models/bvlc_alexnet/deploy.prototxt
---------- Prediction for /home/nvidia/Downloads/ILSVRC2012_img_train_t3/n02085620/n02085620_1152.JPEG ----------
Latency(us)/Energy(mJ): 0 0 0 0 0 
Latency(us)/Energy(mJ): 830 2.92913 0.171061 0.243695 1.03162 
Latency(us)/Energy(mJ): 117 0.511273 0.0503937 0.0402722 0.172913 
Latency(us)/Energy(mJ): 208 0.840918 0.0910542 0.0650443 0.28193 
Latency(us)/Energy(mJ): 206 0.889164 0.110918 0.0670817 0.29407 
Latency(us)/Energy(mJ): 1289 5.62396 0.893764 0.394804 1.81595 
Latency(us)/Energy(mJ): 117 0.397836 0.0791607 0.0263581 0.12341 
Latency(us)/Energy(mJ): 172 0.992991 0.19834 0.0650077 0.306282 
Latency(us)/Energy(mJ): 190 0.816582 0.171437 0.0527101 0.248342 
Latency(us)/Energy(mJ): 958 4.63902 1.03033 0.288621 1.40605 
Latency(us)/Energy(mJ): 121 0.680289 0.161123 0.0402478 0.207309 
Latency(us)/Energy(mJ): 1429 7.8583 1.96198 0.432594 2.39918 
Latency(us)/Energy(mJ): 119 0.78415 0.20308 0.0405894 0.240164 
Latency(us)/Energy(mJ): 899 5.41954 1.44896 0.276489 1.66659 
Latency(us)/Energy(mJ): 116 0.799416 0.223475 0.0405955 0.251209 
Latency(us)/Energy(mJ): 136 0.756758 0.212931 0.0386801 0.237787 
Latency(us)/Energy(mJ): 1555 8.90884 2.37069 0.470475 2.8292 
Latency(us)/Energy(mJ): 123 0.770276 0.200394 0.0400526 0.252856 
Latency(us)/Energy(mJ): 3 0 0 0 0 
Latency(us)/Energy(mJ): 5044 35.9591 8.86139 1.53687 12.6148 
Latency(us)/Energy(mJ): 123 1.07903 0.263116 0.0405101 0.39303 
Latency(us)/Energy(mJ): 1 0.33301 0.0808248 0.012444 0.121013 
Latency(us)/Energy(mJ): 2178 18.0708 4.31275 0.700399 6.67057 
Latency(us)/Energy(mJ): 146 1.52284 0.358586 0.0531432 0.566803 
0.5948 - "n02085620 Chihuahua"
0.0656 - "n02110806 basenji"
0.0383 - "n02113023 Pembroke, Pembroke Welsh corgi"
0.0311 - "n02091244 Ibizan hound, Ibizan Podenco"
0.0298 - "n02389026 sorrel"
