loading weight: /home/nvidia/caffe-build/models/bvlc_alexnet/bvlc_alexnet.caffemodel
loading prototxt: /home/nvidia/caffe-build/models/bvlc_alexnet/deploy.prototxt
---------- Prediction for /home/nvidia/Downloads/ILSVRC2012_img_train_t3/n02085620/n02085620_1152.JPEG ----------
Latency(us)/Energy(mJ): 0 0 0 0 0 
Latency(us)/Energy(mJ): 550 2.22325 0.0911631 0.508325 0.677128 
Latency(us)/Energy(mJ): 56 0.321763 0.0166254 0.0720192 0.0959772 
Latency(us)/Energy(mJ): 118 0.643661 0.0440359 0.143225 0.19087 
Latency(us)/Energy(mJ): 113 0.52978 0.0358436 0.11658 0.157594 
Latency(us)/Energy(mJ): 1650 7.76069 0.811339 1.61002 2.23714 
Latency(us)/Energy(mJ): 49 0.363518 0.0499174 0.0720787 0.103032 
Latency(us)/Energy(mJ): 89 0.366884 0.0499999 0.0721978 0.103202 
Latency(us)/Energy(mJ): 89 0.595984 0.0808462 0.116739 0.16687 
Latency(us)/Energy(mJ): 1823 9.58253 1.58129 1.6931 2.6345 
Latency(us)/Energy(mJ): 56 0.399412 0.0720787 0.0665566 0.110007 
Latency(us)/Energy(mJ): 1707 9.85186 1.93488 1.55148 2.76486 
Latency(us)/Energy(mJ): 86 0.444785 0.0944475 0.0666303 0.12678 
Latency(us)/Energy(mJ): 1099 7.1058 1.52644 1.03706 2.03618 
Latency(us)/Energy(mJ): 76 0.467513 0.105284 0.0664839 0.134857 
Latency(us)/Energy(mJ): 83 0.468584 0.105284 0.0664839 0.134857 
Latency(us)/Energy(mJ): 1073 6.99053 1.52388 0.99713 2.02988 
Latency(us)/Energy(mJ): 62 0.472802 0.0997073 0.0664473 0.13978 
Latency(us)/Energy(mJ): 2 0 0 0 0 
Latency(us)/Energy(mJ): 5832 44.2064 8.95699 5.33469 14.4956 
Latency(us)/Energy(mJ): 61 0.606956 0.121275 0.0662094 0.210423 
Latency(us)/Energy(mJ): 3 0 0 0 0 
Latency(us)/Energy(mJ): 2558 21.9494 4.28539 2.3237 7.7514 
Latency(us)/Energy(mJ): 81 0.644195 0.127128 0.0662833 0.230324 
0.5948 - "n02085620 Chihuahua"
0.0656 - "n02110806 basenji"
0.0383 - "n02113023 Pembroke, Pembroke Welsh corgi"
0.0311 - "n02091244 Ibizan hound, Ibizan Podenco"
0.0298 - "n02389026 sorrel"
