loading weight: /home/nvidia/caffe-build/models/bvlc_alexnet/bvlc_alexnet.caffemodel
loading prototxt: /home/nvidia/caffe-build/models/bvlc_alexnet/deploy.prototxt
---------- Prediction for /home/nvidia/caffe-build/examples/images/cat.jpg ----------
Latency(us)/Energy(mJ): 1 0 0 0 0 
Latency(us)/Energy(mJ): 12526 22.3344 2.56655 4.78449 4.41347 
Latency(us)/Energy(mJ): 67 0 0 0 0 
Latency(us)/Energy(mJ): 582 1.25596 0.233211 0.233211 0.245421 
Latency(us)/Energy(mJ): 249 0.619097 0.114581 0.114581 0.126279 
Latency(us)/Energy(mJ): 9760 22.3593 5.2381 3.71568 4.49524 
Latency(us)/Energy(mJ): 63 0.223277 0.0618168 0.0343227 0.0447453 
Latency(us)/Energy(mJ): 432 1.01589 0.277023 0.153812 0.20052 
Latency(us)/Energy(mJ): 181 0.493625 0.134607 0.0747383 0.0974337 
Latency(us)/Energy(mJ): 5806 15.1007 4.32957 2.23266 2.99949 
Latency(us)/Energy(mJ): 56 0 0 0 0 
Latency(us)/Energy(mJ): 3832 10.6182 3.40245 1.48609 1.98364 
Latency(us)/Energy(mJ): 55 0 0 0 0 
Latency(us)/Energy(mJ): 3756 10.6527 3.49886 1.45754 1.90014 
Latency(us)/Energy(mJ): 53 0.22525 0.0730391 0.0304263 0.0396657 
Latency(us)/Energy(mJ): 84 0.32643 0.107289 0.044694 0.058266 
Latency(us)/Energy(mJ): 6656 17.9295 5.69107 2.51089 3.31929 
Latency(us)/Energy(mJ): 69 0.294985 0.091266 0.0415043 0.0603008 
Latency(us)/Energy(mJ): 2 0 0 0 0 
Latency(us)/Energy(mJ): 32837 97.2686 27.4993 12.5503 22.6638 
Latency(us)/Energy(mJ): 66 0.279716 0.069906 0.034953 0.070089 
Latency(us)/Energy(mJ): 2 0 0 0 0 
Latency(us)/Energy(mJ): 14216 44.4199 11.3859 5.46098 11.3168 
Latency(us)/Energy(mJ): 403 1.25329 0.305524 0.152762 0.32192 
0.3094 - "n02124075 Egyptian cat"
0.1761 - "n02123159 tiger cat"
0.1221 - "n02123045 tabby, tabby cat"
0.1132 - "n02119022 red fox, Vulpes vulpes"
0.0421 - "n02085620 Chihuahua"
