loading weight: /home/nvidia/caffe-build/models/bvlc_alexnet/bvlc_alexnet.caffemodel
loading prototxt: /home/nvidia/caffe-build/models/bvlc_alexnet/deploy.prototxt
---------- Prediction for /home/nvidia/caffe-build/examples/images/cat.jpg ----------
Latency(us)/Energy(mJ): 0 0 0 0 0 
Latency(us)/Energy(mJ): 3224 8.45351 0.644221 2.45508 1.83775 
Latency(us)/Energy(mJ): 30 0 0 0 0 
Latency(us)/Energy(mJ): 348 1.10126 0.147357 0.294713 0.243794 
Latency(us)/Energy(mJ): 154 0.543107 0.072389 0.144778 0.119764 
Latency(us)/Energy(mJ): 3252 9.89892 1.64558 2.44121 2.22241 
Latency(us)/Energy(mJ): 45 0.35112 0.0725472 0.0806784 0.0788832 
Latency(us)/Energy(mJ): 246 0.89642 0.185215 0.205974 0.201391 
Latency(us)/Energy(mJ): 134 0.348128 0.0719289 0.0799908 0.0782109 
Latency(us)/Energy(mJ): 2328 8.03602 1.78596 1.77863 1.78729 
Latency(us)/Energy(mJ): 32 0 0 0 0 
Latency(us)/Energy(mJ): 1714 6.50113 1.64847 1.36779 1.40539 
Latency(us)/Energy(mJ): 29 0 0 0 0 
Latency(us)/Energy(mJ): 1485 5.64006 1.55836 1.12167 1.19658 
Latency(us)/Energy(mJ): 30 0 0 0 0 
Latency(us)/Energy(mJ): 50 0.307701 0.086108 0.0553379 0.0648428 
Latency(us)/Energy(mJ): 2367 8.89024 2.50235 1.6173 1.91051 
Latency(us)/Energy(mJ): 29 0.307176 0.0850924 0.0546852 0.0701276 
Latency(us)/Energy(mJ): 5 0 0 0 0 
Latency(us)/Energy(mJ): 8658 38.1859 10.261 5.91686 10.0873 
Latency(us)/Energy(mJ): 30 0.509595 0.134175 0.0710701 0.146692 
Latency(us)/Energy(mJ): 3 0 0 0 0 
Latency(us)/Energy(mJ): 3736 19.072 5.0129 2.57127 5.69019 
Latency(us)/Energy(mJ): 233 0.985754 0.257007 0.128503 0.300589 
0.3094 - "n02124075 Egyptian cat"
0.1761 - "n02123159 tiger cat"
0.1221 - "n02123045 tabby, tabby cat"
0.1132 - "n02119022 red fox, Vulpes vulpes"
0.0421 - "n02085620 Chihuahua"
