loading weight: /home/nvidia/caffe-build/models/bvlc_alexnet/bvlc_alexnet.caffemodel
loading prototxt: /home/nvidia/caffe-build/models/bvlc_alexnet/deploy.prototxt
---------- Prediction for /home/nvidia/Downloads/ILSVRC2012_img_train_t3/n02085620/n02085620_1152.JPEG ----------
Latency(us)/Energy(mJ): 0 0 0 0 0 
Latency(us)/Energy(mJ): 257 0.956345 0.035191 0.123632 0.341492 
Latency(us)/Energy(mJ): 27 0.187713 0.0103233 0.0240727 0.0673946 
Latency(us)/Energy(mJ): 56 0.124631 0.00679214 0.0158384 0.0443417 
Latency(us)/Energy(mJ): 53 0.311788 0.0169918 0.0396228 0.110929 
Latency(us)/Energy(mJ): 1507 6.66721 0.669365 0.795019 2.25897 
Latency(us)/Energy(mJ): 26 0.214401 0.0276661 0.0241795 0.070184 
Latency(us)/Energy(mJ): 47 0.141292 0.0182322 0.0159346 0.046252 
Latency(us)/Energy(mJ): 47 0.361201 0.0485011 0.0404024 0.118711 
Latency(us)/Energy(mJ): 1799 8.95819 1.55943 0.954322 2.81502 
Latency(us)/Energy(mJ): 27 0.237114 0.0449574 0.0242009 0.0736903 
Latency(us)/Energy(mJ): 1402 7.62202 1.61711 0.733118 2.35974 
Latency(us)/Energy(mJ): 34 0.264552 0.0587541 0.0241902 0.0823101 
Latency(us)/Energy(mJ): 1001 5.99801 1.38762 0.532911 1.86968 
Latency(us)/Energy(mJ): 35 0.280754 0.06583 0.0242436 0.0877128 
Latency(us)/Energy(mJ): 42 0.182181 0.042717 0.0157316 0.0569167 
Latency(us)/Energy(mJ): 771 5.01588 1.20654 0.424231 1.5729 
Latency(us)/Energy(mJ): 30 0.189859 0.044896 0.015721 0.0602637 
Latency(us)/Energy(mJ): 1 0 0 0 0 
Latency(us)/Energy(mJ): 5482 41.1537 9.34361 2.92913 14.1993 
Latency(us)/Energy(mJ): 30 0.249496 0.0549066 0.0160007 0.0901801 
Latency(us)/Energy(mJ): 0 0 0 0 0 
Latency(us)/Energy(mJ): 2388 20.4726 4.44704 1.27057 7.50381 
Latency(us)/Energy(mJ): 38 0.399794 0.086106 0.0240916 0.147894 
0.5948 - "n02085620 Chihuahua"
0.0656 - "n02110806 basenji"
0.0383 - "n02113023 Pembroke, Pembroke Welsh corgi"
0.0311 - "n02091244 Ibizan hound, Ibizan Podenco"
0.0298 - "n02389026 sorrel"
