loading weight: /home/nvidia/caffe-build/models/bvlc_alexnet/bvlc_alexnet.caffemodel
loading prototxt: /home/nvidia/caffe-build/models/bvlc_alexnet/deploy.prototxt
---------- Prediction for /home/nvidia/caffe-build/examples/images/cat.jpg ----------
Latency(us)/Energy(mJ): 3 0 0 0 0 
Latency(us)/Energy(mJ): 4041 9.84312 0.780752 2.71832 2.15112 
Latency(us)/Energy(mJ): 45 0.303057 0.0345413 0.077916 0.0672705 
Latency(us)/Energy(mJ): 360 1.01287 0.115443 0.260408 0.228425 
Latency(us)/Energy(mJ): 145 0.203242 0.0231648 0.0522536 0.0465573 
Latency(us)/Energy(mJ): 4220 12.3181 1.90196 2.79692 2.83095 
Latency(us)/Energy(mJ): 38 0.232026 0.0405306 0.0463749 0.0538131 
Latency(us)/Energy(mJ): 254 0.578843 0.101113 0.115693 0.134249 
Latency(us)/Energy(mJ): 114 0.581344 0.101033 0.115601 0.134143 
Latency(us)/Energy(mJ): 3265 10.1421 2.05213 1.96605 2.31518 
Latency(us)/Energy(mJ): 38 0.368112 0.0778371 0.0692263 0.0824824 
Latency(us)/Energy(mJ): 2560 8.32796 1.90529 1.55206 1.84927 
Latency(us)/Energy(mJ): 40 0 0 0 0 
Latency(us)/Energy(mJ): 1870 6.32909 1.59092 1.1572 1.3788 
Latency(us)/Energy(mJ): 43 0 0 0 0 
Latency(us)/Energy(mJ): 61 0.38086 0.09513 0.0691958 0.082446 
Latency(us)/Energy(mJ): 2435 8.25477 2.06686 1.5034 1.8448 
Latency(us)/Energy(mJ): 40 0.261268 0.063798 0.0464055 0.0625828 
Latency(us)/Energy(mJ): 2 0 0 0 0 
Latency(us)/Energy(mJ): 9170 36.3617 8.38987 5.57305 10.3105 
Latency(us)/Energy(mJ): 41 0.499043 0.111699 0.0687986 0.157527 
Latency(us)/Energy(mJ): 1 0 0 0 0 
Latency(us)/Energy(mJ): 3902 17.9209 3.97681 2.3683 5.71139 
Latency(us)/Energy(mJ): 267 1.44867 0.323426 0.184858 0.468952 
0.3094 - "n02124075 Egyptian cat"
0.1761 - "n02123159 tiger cat"
0.1221 - "n02123045 tabby, tabby cat"
0.1132 - "n02119022 red fox, Vulpes vulpes"
0.0421 - "n02085620 Chihuahua"
