loading weight: /home/nvidia/caffe-build/models/bvlc_alexnet/bvlc_alexnet.caffemodel
loading prototxt: /home/nvidia/caffe-build/models/bvlc_alexnet/deploy.prototxt
---------- Prediction for /home/nvidia/Downloads/ILSVRC2012_img_train_t3/n02085620/n02085620_1152.JPEG ----------
Latency(us)/Energy(mJ): 0 0 0 0 0 
Latency(us)/Energy(mJ): 243 0.968813 0.0407046 0.123119 0.346635 
Latency(us)/Energy(mJ): 25 0 0 0 0 
Latency(us)/Energy(mJ): 55 0.315106 0.0170147 0.0396762 0.11249 
Latency(us)/Energy(mJ): 49 0.193411 0.0103508 0.0241368 0.0684328 
Latency(us)/Energy(mJ): 1511 6.81513 0.680436 0.802709 2.31673 
Latency(us)/Energy(mJ): 24 0.216167 0.0276208 0.0241795 0.0719952 
Latency(us)/Energy(mJ): 44 0.138489 0.0175558 0.0153685 0.0457602 
Latency(us)/Energy(mJ): 44 0.355607 0.0472797 0.0394626 0.117501 
Latency(us)/Energy(mJ): 1814 8.98329 1.54287 0.988441 2.82728 
Latency(us)/Energy(mJ): 25 0.240944 0.0453542 0.0244145 0.0744779 
Latency(us)/Energy(mJ): 1395 7.83924 1.64021 0.770653 2.42711 
Latency(us)/Energy(mJ): 32 0.169198 0.0373277 0.0153685 0.0522933 
Latency(us)/Energy(mJ): 1007 6.0837 1.39339 0.552086 1.88541 
Latency(us)/Energy(mJ): 31 0.177576 0.041383 0.0174094 0.0551393 
Latency(us)/Energy(mJ): 37 0.281608 0.065627 0.0241688 0.0874423 
Latency(us)/Energy(mJ): 793 5.18654 1.23808 0.435285 1.61966 
Latency(us)/Energy(mJ): 28 0.186696 0.0438895 0.0153685 0.0589127 
Latency(us)/Energy(mJ): 0 0 0 0 0 
Latency(us)/Energy(mJ): 5447 41.0274 9.26584 3.00907 14.0946 
Latency(us)/Energy(mJ): 28 0.2404 0.0524191 0.0174826 0.0866392 
Latency(us)/Energy(mJ): 0 0 0 0 0 
Latency(us)/Energy(mJ): 2422 21.0139 4.52832 1.29679 7.6702 
Latency(us)/Energy(mJ): 35 0.402578 0.0863346 0.0241556 0.148287 
0.5948 - "n02085620 Chihuahua"
0.0656 - "n02110806 basenji"
0.0383 - "n02113023 Pembroke, Pembroke Welsh corgi"
0.0311 - "n02091244 Ibizan hound, Ibizan Podenco"
0.0298 - "n02389026 sorrel"
