loading weight: /home/nvidia/caffe-build/models/bvlc_alexnet/bvlc_alexnet.caffemodel
loading prototxt: /home/nvidia/caffe-build/models/bvlc_alexnet/deploy.prototxt
---------- Prediction for /home/nvidia/Downloads/ILSVRC2012_img_train_t3/n02085620/n02085620_1152.JPEG ----------
Latency(us)/Energy(mJ): 0 0 0 0 0 
Latency(us)/Energy(mJ): 345 1.52394 0.052668 0.264534 0.529788 
Latency(us)/Energy(mJ): 21 0 0 0 0 
Latency(us)/Energy(mJ): 44 0.125426 0.0043016 0.0215929 0.0428462 
Latency(us)/Energy(mJ): 41 0.326904 0.0112115 0.0562789 0.111673 
Latency(us)/Energy(mJ): 6797 30.8265 2.39715 5.18597 10.0012 
Latency(us)/Energy(mJ): 20 0 0 0 0 
Latency(us)/Energy(mJ): 36 0.210304 0.020665 0.0344266 0.066552 
Latency(us)/Energy(mJ): 36 0.129949 0.012769 0.0212724 0.041123 
Latency(us)/Energy(mJ): 8917 41.6874 5.08907 6.80095 12.5997 
Latency(us)/Energy(mJ): 22 0.212586 0.0276539 0.0345334 0.0633187 
Latency(us)/Energy(mJ): 6194 29.9648 4.0302 4.70562 9.08961 
Latency(us)/Energy(mJ): 28 0.224472 0.0310661 0.0345029 0.0691866 
Latency(us)/Energy(mJ): 4747 23.8707 3.2632 3.62419 7.38257 
Latency(us)/Energy(mJ): 27 0.141704 0.0191673 0.0212877 0.0437751 
Latency(us)/Energy(mJ): 33 0.229672 0.0310661 0.0345029 0.0709502 
Latency(us)/Energy(mJ): 4436 22.4831 3.03257 3.36805 7.02195 
Latency(us)/Energy(mJ): 23 0.232005 0.0311486 0.0345944 0.0745843 
Latency(us)/Energy(mJ): 0 0 0 0 0 
Latency(us)/Energy(mJ): 21559 124.518 14.7955 16.45 43.6553 
Latency(us)/Energy(mJ): 23 0 0 0 0 
Latency(us)/Energy(mJ): 0 0 0 0 0 
Latency(us)/Energy(mJ): 9558 58.1312 6.54312 7.29605 21.1709 
Latency(us)/Energy(mJ): 29 0.276448 0.0276086 0.0345334 0.101292 
0.5948 - "n02085620 Chihuahua"
0.0656 - "n02110806 basenji"
0.0383 - "n02113023 Pembroke, Pembroke Welsh corgi"
0.0311 - "n02091244 Ibizan hound, Ibizan Podenco"
0.0298 - "n02389026 sorrel"
