loading weight: /home/nvidia/caffe-build/models/bvlc_alexnet/bvlc_alexnet.caffemodel
loading prototxt: /home/nvidia/caffe-build/models/bvlc_alexnet/deploy.prototxt
---------- Prediction for /home/nvidia/Downloads/ILSVRC2012_img_train_t3/n02085620/n02085620_1152.JPEG ----------
Latency(us)/Energy(mJ): 0 0 0 0 0 
Latency(us)/Energy(mJ): 393 1.41573 0.0729821 0.114948 0.520094 
Latency(us)/Energy(mJ): 48 0.12974 0.0102541 0.0102541 0.0463956 
Latency(us)/Energy(mJ): 98 0.490419 0.0440253 0.0380152 0.174371 
Latency(us)/Energy(mJ): 90 0.314963 0.030038 0.0240462 0.110297 
Latency(us)/Energy(mJ): 1141 4.94142 0.76709 0.345925 1.64251 
Latency(us)/Energy(mJ): 47 0.369508 0.0724006 0.0241072 0.118165 
Latency(us)/Energy(mJ): 82 0.372135 0.0783283 0.0240828 0.118045 
Latency(us)/Energy(mJ): 82 0.374123 0.0781101 0.0240157 0.117716 
Latency(us)/Energy(mJ): 1134 5.77834 1.41022 0.348926 1.7427 
Latency(us)/Energy(mJ): 51 0.177594 0.0456443 0.0101321 0.0528198 
Latency(us)/Energy(mJ): 1136 6.60247 1.87115 0.349707 1.95601 
Latency(us)/Energy(mJ): 58 0.205768 0.0613019 0.0102114 0.0608332 
Latency(us)/Energy(mJ): 726 4.78493 1.46826 0.229482 1.41086 
Latency(us)/Energy(mJ): 55 0.216973 0.0680705 0.0100833 0.0638719 
Latency(us)/Energy(mJ): 63 0.519601 0.16262 0.0240889 0.153217 
Latency(us)/Energy(mJ): 896 6.00684 1.8707 0.279209 1.78191 
Latency(us)/Energy(mJ): 53 0.221266 0.0664702 0.0102236 0.0673417 
Latency(us)/Energy(mJ): 1 0 0 0 0 
Latency(us)/Energy(mJ): 4747 37.4895 11.0037 1.45311 12.2706 
Latency(us)/Energy(mJ): 53 0.297546 0.0846046 0.0102266 0.102333 
Latency(us)/Energy(mJ): 0 0 0 0 0 
Latency(us)/Energy(mJ): 2125 19.5516 5.53982 0.647429 6.78059 
Latency(us)/Energy(mJ): 65 0.741336 0.209121 0.0238458 0.260275 
0.5948 - "n02085620 Chihuahua"
0.0656 - "n02110806 basenji"
0.0383 - "n02113023 Pembroke, Pembroke Welsh corgi"
0.0311 - "n02091244 Ibizan hound, Ibizan Podenco"
0.0298 - "n02389026 sorrel"
