loading weight: /home/nvidia/caffe-build/models/bvlc_alexnet/bvlc_alexnet.caffemodel
loading prototxt: /home/nvidia/caffe-build/models/bvlc_alexnet/deploy.prototxt
---------- Prediction for /home/nvidia/Downloads/ILSVRC2012_img_train_t3/n02085620/n02085620_1152.JPEG ----------
Latency(us)/Energy(mJ): 0 0 0 0 0 
Latency(us)/Energy(mJ): 390 1.39435 0.0629323 0.1141 0.514658 
Latency(us)/Energy(mJ): 48 0.127075 0.0076944 0.010248 0.046368 
Latency(us)/Energy(mJ): 94 0.48062 0.0287074 0.0382348 0.172997 
Latency(us)/Energy(mJ): 88 0.306327 0.0242109 0.0242109 0.11041 
Latency(us)/Energy(mJ): 1497 6.23684 0.72782 0.457732 2.15772 
Latency(us)/Energy(mJ): 47 0.153702 0.0238252 0.0105774 0.051153 
Latency(us)/Energy(mJ): 78 0.346671 0.0537371 0.0238571 0.115374 
Latency(us)/Energy(mJ): 81 0.353398 0.0543142 0.0241133 0.116614 
Latency(us)/Energy(mJ): 1637 7.76264 1.48383 0.504494 2.48708 
Latency(us)/Energy(mJ): 51 0.225414 0.0488717 0.0139568 0.071889 
Latency(us)/Energy(mJ): 1451 7.6516 1.71893 0.44361 2.43142 
Latency(us)/Energy(mJ): 56 0.438539 0.102463 0.024095 0.140541 
Latency(us)/Energy(mJ): 984 5.43151 1.33498 0.289177 1.73595 
Latency(us)/Energy(mJ): 57 0.462894 0.113854 0.0239486 0.147863 
Latency(us)/Energy(mJ): 67 0.468863 0.117444 0.0241682 0.150081 
Latency(us)/Energy(mJ): 850 5.02315 1.25416 0.256169 1.61194 
Latency(us)/Energy(mJ): 53 0.203918 0.04872 0.010248 0.066864 
Latency(us)/Energy(mJ): 1 0 0 0 0 
Latency(us)/Energy(mJ): 5377 38.837 9.04071 1.64968 13.7563 
Latency(us)/Energy(mJ): 52 0.269937 0.061671 0.0102785 0.100595 
Latency(us)/Energy(mJ): 0 0 0 0 0 
Latency(us)/Energy(mJ): 2390 20.0343 4.4416 0.736038 7.55444 
Latency(us)/Energy(mJ): 64 0.290189 0.0647319 0.0103639 0.110537 
0.5948 - "n02085620 Chihuahua"
0.0656 - "n02110806 basenji"
0.0383 - "n02113023 Pembroke, Pembroke Welsh corgi"
0.0311 - "n02091244 Ibizan hound, Ibizan Podenco"
0.0298 - "n02389026 sorrel"
