loading weight: /home/nvidia/caffe-build/models/bvlc_alexnet/bvlc_alexnet.caffemodel
loading prototxt: /home/nvidia/caffe-build/models/bvlc_alexnet/deploy.prototxt
---------- Prediction for /home/nvidia/caffe-build/examples/images/cat.jpg ----------
Latency(us)/Energy(mJ): 0 0 0 0 0 
Latency(us)/Energy(mJ): 4048 14.1728 0.746779 1.51543 5.61783 
Latency(us)/Energy(mJ): 45 0.295374 0.0298342 0.0298342 0.113714 
Latency(us)/Energy(mJ): 928 1.84239 0.184239 0.184239 0.702229 
Latency(us)/Energy(mJ): 296 2.18752 0.218752 0.218752 0.833778 
Latency(us)/Energy(mJ): 2802 12.0107 1.45845 1.14682 4.51749 
Latency(us)/Energy(mJ): 58 0.312986 0.0507006 0.0281916 0.11439 
Latency(us)/Energy(mJ): 634 2.46423 0.399181 0.221961 0.899103 
Latency(us)/Energy(mJ): 255 0.775043 0.125549 0.0698105 0.283263 
Latency(us)/Energy(mJ): 1960 8.97865 1.54657 0.678843 3.202 
Latency(us)/Energy(mJ): 49 0.329439 0.061908 0.0224785 0.115635 
Latency(us)/Energy(mJ): 1821 8.13481 1.62139 0.547872 2.81839 
Latency(us)/Energy(mJ): 52 0.450049 0.0965712 0.0296917 0.152742 
Latency(us)/Energy(mJ): 1395 6.28914 1.37168 0.412878 2.1416 
Latency(us)/Energy(mJ): 60 0.526288 0.119728 0.03416 0.177856 
Latency(us)/Energy(mJ): 81 0.348901 0.0793732 0.0226462 0.117909 
Latency(us)/Energy(mJ): 6433 28.807 5.98114 1.93785 9.88884 
Latency(us)/Energy(mJ): 60 0.535746 0.098994 0.0359442 0.189385 
Latency(us)/Energy(mJ): 3 0 0 0 0 
Latency(us)/Energy(mJ): 5114 26.835 5.61729 1.57378 9.72873 
Latency(us)/Energy(mJ): 38 0.543067 0.121399 0.028548 0.200585 
Latency(us)/Energy(mJ): 0 0 0 0 0 
Latency(us)/Energy(mJ): 2058 12.4755 2.78282 0.627919 4.60661 
Latency(us)/Energy(mJ): 339 2.37879 0.546577 0.11497 0.883406 
0.3094 - "n02124075 Egyptian cat"
0.1761 - "n02123159 tiger cat"
0.1221 - "n02123045 tabby, tabby cat"
0.1132 - "n02119022 red fox, Vulpes vulpes"
0.0421 - "n02085620 Chihuahua"
