loading weight: /home/nvidia/caffe-build/models/bvlc_alexnet/bvlc_alexnet.caffemodel
loading prototxt: /home/nvidia/caffe-build/models/bvlc_alexnet/deploy.prototxt
---------- Prediction for /home/nvidia/Downloads/ILSVRC2012_img_train_t3/n02085620/n02085620_1152.JPEG ----------
Latency(us)/Energy(mJ): 0 0 0 0 0 
Latency(us)/Energy(mJ): 296 1.46643 0.0557061 0.448205 0.405058 
Latency(us)/Energy(mJ): 29 0 0 0 0 
Latency(us)/Energy(mJ): 68 0.365383 0.0185232 0.109852 0.100644 
Latency(us)/Energy(mJ): 59 0.37653 0.0223809 0.112051 0.102659 
Latency(us)/Energy(mJ): 1231 6.72564 0.683437 1.84055 1.78288 
Latency(us)/Energy(mJ): 26 0.258586 0.0344571 0.065482 0.0675142 
Latency(us)/Energy(mJ): 52 0.155167 0.02054 0.039034 0.0402454 
Latency(us)/Energy(mJ): 47 0.413625 0.0547529 0.104052 0.107281 
Latency(us)/Energy(mJ): 1409 8.3649 1.42782 2.00088 2.09247 
Latency(us)/Energy(mJ): 31 0.46032 0.0886934 0.105328 0.114117 
Latency(us)/Energy(mJ): 1205 8.07876 1.71339 1.74616 2.02962 
Latency(us)/Energy(mJ): 45 0.192797 0.0439909 0.0397895 0.0488513 
Latency(us)/Energy(mJ): 798 5.77024 1.35742 1.15659 1.47349 
Latency(us)/Energy(mJ): 44 0.539127 0.133078 0.105371 0.137732 
Latency(us)/Energy(mJ): 50 0.336049 0.0826794 0.0654658 0.0864293 
Latency(us)/Energy(mJ): 709 5.10682 1.24469 0.935947 1.31882 
Latency(us)/Energy(mJ): 30 0.547193 0.131687 0.0988011 0.143709 
Latency(us)/Energy(mJ): 1 0 0 0 0 
Latency(us)/Energy(mJ): 4924 42.941 10.1864 6.73325 12.6053 
Latency(us)/Energy(mJ): 34 0.265155 0.0628375 0.0377025 0.0831325 
Latency(us)/Energy(mJ): 0 0 0 0 0 
Latency(us)/Energy(mJ): 2175 21.6575 5.03981 2.98198 6.90196 
Latency(us)/Energy(mJ): 44 0.742398 0.171619 0.0996991 0.240703 
0.5948 - "n02085620 Chihuahua"
0.0656 - "n02110806 basenji"
0.0383 - "n02113023 Pembroke, Pembroke Welsh corgi"
0.0311 - "n02091244 Ibizan hound, Ibizan Podenco"
0.0298 - "n02389026 sorrel"
