loading weight: /home/nvidia/caffe-build/models/bvlc_alexnet/bvlc_alexnet.caffemodel
loading prototxt: /home/nvidia/caffe-build/models/bvlc_alexnet/deploy.prototxt
---------- Prediction for /home/nvidia/Downloads/ILSVRC2012_img_train_t3/n02085620/n02085620_1152.JPEG ----------
Latency(us)/Energy(mJ): 0 0 0 0 0 
Latency(us)/Energy(mJ): 308 1.39836 0.0510434 0.365036 0.412234 
Latency(us)/Energy(mJ): 25 0 0 0 0 
Latency(us)/Energy(mJ): 68 0.346697 0.0167674 0.0894748 0.101572 
Latency(us)/Energy(mJ): 53 0.34812 0.0166987 0.0891082 0.102015 
Latency(us)/Energy(mJ): 1503 7.6069 0.683503 1.83962 2.16473 
Latency(us)/Energy(mJ): 24 0.147456 0.0169458 0.0339194 0.0415311 
Latency(us)/Energy(mJ): 49 0.240134 0.0275964 0.055238 0.0676338 
Latency(us)/Energy(mJ): 43 0.14735 0.0169336 0.033895 0.0415012 
Latency(us)/Energy(mJ): 1786 10.0096 1.55475 2.06976 2.71461 
Latency(us)/Energy(mJ): 30 0.160124 0.0275578 0.0318081 0.0431146 
Latency(us)/Energy(mJ): 1464 8.92511 1.70133 1.67144 2.4385 
Latency(us)/Energy(mJ): 48 0.468662 0.0947117 0.0836035 0.130009 
Latency(us)/Energy(mJ): 965 6.24591 1.31979 1.08591 1.73741 
Latency(us)/Energy(mJ): 37 0.304876 0.0654079 0.0516402 0.0854952 
Latency(us)/Energy(mJ): 48 0.187896 0.0403112 0.0318261 0.0526911 
Latency(us)/Energy(mJ): 775 5.49544 1.21609 0.918998 1.55517 
Latency(us)/Energy(mJ): 31 0.313636 0.068869 0.051663 0.0907264 
Latency(us)/Energy(mJ): 1 0 0 0 0 
Latency(us)/Energy(mJ): 5433 43.5972 9.15619 5.90297 13.8949 
Latency(us)/Energy(mJ): 30 0 0 0 0 
Latency(us)/Energy(mJ): 0 0 0 0 0 
Latency(us)/Energy(mJ): 2406 21.9511 4.46848 2.57104 7.54145 
Latency(us)/Energy(mJ): 39 0.681601 0.138992 0.077891 0.237469 
0.5948 - "n02085620 Chihuahua"
0.0656 - "n02110806 basenji"
0.0383 - "n02113023 Pembroke, Pembroke Welsh corgi"
0.0311 - "n02091244 Ibizan hound, Ibizan Podenco"
0.0298 - "n02389026 sorrel"
