loading weight: /home/nvidia/caffe-build/models/bvlc_alexnet/bvlc_alexnet.caffemodel
loading prototxt: /home/nvidia/caffe-build/models/bvlc_alexnet/deploy.prototxt
---------- Prediction for /home/nvidia/caffe-build/examples/images/cat.jpg ----------
Latency(us)/Energy(mJ): 1 0 0 0 0 
Latency(us)/Energy(mJ): 12382 21.2599 2.54318 3.78376 4.2202 
Latency(us)/Energy(mJ): 74 0 0 0 0 
Latency(us)/Energy(mJ): 708 1.44428 0.277523 0.221583 0.292053 
Latency(us)/Energy(mJ): 228 0.648421 0.122259 0.0976153 0.130869 
Latency(us)/Energy(mJ): 9628 21.4146 5.2083 2.91748 4.39394 
Latency(us)/Energy(mJ): 70 0.253876 0.07138 0.0316437 0.0516675 
Latency(us)/Energy(mJ): 425 0.993849 0.279431 0.123876 0.202263 
Latency(us)/Energy(mJ): 183 0.492336 0.138426 0.061366 0.100198 
Latency(us)/Energy(mJ): 5814 14.7569 4.34559 1.7846 2.99609 
Latency(us)/Energy(mJ): 57 0 0 0 0 
Latency(us)/Energy(mJ): 3866 10.4305 3.4195 1.19127 2.01381 
Latency(us)/Energy(mJ): 56 0.228637 0.0761568 0.0253302 0.0429368 
Latency(us)/Energy(mJ): 3785 10.3958 3.46378 1.15208 1.88715 
Latency(us)/Energy(mJ): 59 0.319094 0.106326 0.0353648 0.0577431 
Latency(us)/Energy(mJ): 87 0.236483 0.0787703 0.0261995 0.0427782 
Latency(us)/Energy(mJ): 6506 17.3255 5.62342 1.9809 3.31802 
Latency(us)/Energy(mJ): 70 0.271748 0.085302 0.0309728 0.0563603 
Latency(us)/Energy(mJ): 2 0 0 0 0 
Latency(us)/Energy(mJ): 32923 95.3018 27.5494 10.0388 22.5605 
Latency(us)/Energy(mJ): 70 0.259049 0.0663916 0.0265045 0.0665654 
Latency(us)/Energy(mJ): 2 0 0 0 0 
Latency(us)/Energy(mJ): 14165 42.9023 11.0635 4.31601 11.1534 
Latency(us)/Energy(mJ): 431 1.25261 0.313049 0.124974 0.329849 
0.3094 - "n02124075 Egyptian cat"
0.1761 - "n02123159 tiger cat"
0.1221 - "n02123045 tabby, tabby cat"
0.1132 - "n02119022 red fox, Vulpes vulpes"
0.0421 - "n02085620 Chihuahua"
