loading weight: /home/nvidia/caffe-build/models/bvlc_alexnet/bvlc_alexnet.caffemodel
loading prototxt: /home/nvidia/caffe-build/models/bvlc_alexnet/deploy.prototxt
---------- Prediction for /home/nvidia/caffe-build/examples/images/cat.jpg ----------
Latency(us)/Energy(mJ): 1 0 0 0 0 
Latency(us)/Energy(mJ): 8268 21.97 1.93354 8.86739 3.46157 
Latency(us)/Energy(mJ): 59 0.22525 0.0304263 0.0852255 0.036639 
Latency(us)/Energy(mJ): 785 2.19456 0.295439 0.827538 0.355764 
Latency(us)/Energy(mJ): 282 0.882011 0.11756 0.320472 0.141565 
Latency(us)/Energy(mJ): 9784 29.3486 5.27439 9.66139 4.90541 
Latency(us)/Energy(mJ): 63 0.359546 0.0778714 0.112557 0.0586019 
Latency(us)/Energy(mJ): 515 1.83643 0.397739 0.574897 0.308805 
Latency(us)/Energy(mJ): 166 0.612672 0.132694 0.191798 0.103528 
Latency(us)/Energy(mJ): 5821 18.8058 4.29337 5.77161 3.11539 
Latency(us)/Energy(mJ): 35 0 0 0 0 
Latency(us)/Energy(mJ): 3955 13.2796 3.43536 3.66677 2.12243 
Latency(us)/Energy(mJ): 35 0.385163 0.103737 0.10385 0.060702 
Latency(us)/Energy(mJ): 3906 13.1865 3.55156 3.55544 2.00822 
Latency(us)/Energy(mJ): 47 0.27344 0.0736464 0.0737268 0.0415668 
Latency(us)/Energy(mJ): 51 0 0 0 0 
Latency(us)/Energy(mJ): 7399 24.2328 6.14449 6.77379 3.7811 
Latency(us)/Energy(mJ): 65 0.37291 0.0866758 0.104034 0.0629647 
Latency(us)/Energy(mJ): 9 0 0 0 0 
Latency(us)/Energy(mJ): 32992 115.134 26.6733 30.2574 23.0004 
Latency(us)/Energy(mJ): 37 0 0 0 0 
Latency(us)/Energy(mJ): 2 0 0 0 0 
Latency(us)/Energy(mJ): 14367 52.2646 11.0419 13.2388 11.4911 
Latency(us)/Energy(mJ): 289 0.995802 0.209527 0.251213 0.220771 
0.3094 - "n02124075 Egyptian cat"
0.1761 - "n02123159 tiger cat"
0.1221 - "n02123045 tabby, tabby cat"
0.1132 - "n02119022 red fox, Vulpes vulpes"
0.0421 - "n02085620 Chihuahua"
