loading weight: /home/nvidia/caffe-build/models/bvlc_alexnet/bvlc_alexnet.caffemodel
loading prototxt: /home/nvidia/caffe-build/models/bvlc_alexnet/deploy.prototxt
---------- Prediction for /home/nvidia/caffe-build/examples/images/cat.jpg ----------
Latency(us)/Energy(mJ): 5 0 0 0 0 
Latency(us)/Energy(mJ): 11271 29.1951 2.24874 12.0144 4.60612 
Latency(us)/Energy(mJ): 59 0.302923 0.034526 0.112408 0.049808 
Latency(us)/Energy(mJ): 719 1.76201 0.200827 0.653841 0.289718 
Latency(us)/Energy(mJ): 230 0.822201 0.0937112 0.305099 0.13519 
Latency(us)/Energy(mJ): 15434 42.7551 5.68099 15.2961 7.11876 
Latency(us)/Energy(mJ): 44 0.319988 0.0518227 0.112358 0.052049 
Latency(us)/Energy(mJ): 472 1.31205 0.212489 0.460702 0.217059 
Latency(us)/Energy(mJ): 166 0.550187 0.0891039 0.193188 0.0931894 
Latency(us)/Energy(mJ): 11307 31.7559 5.14293 10.3056 5.1807 
Latency(us)/Energy(mJ): 33 0.320837 0.0519601 0.104034 0.049918 
Latency(us)/Energy(mJ): 8730 24.5518 4.4071 7.96112 3.65281 
Latency(us)/Energy(mJ): 33 0.225674 0.042693 0.0731766 0.0320796 
Latency(us)/Energy(mJ): 6114 17.0748 3.26096 5.58934 2.45029 
Latency(us)/Energy(mJ): 33 0.221944 0.0425592 0.0729473 0.0319791 
Latency(us)/Energy(mJ): 51 0 0 0 0 
Latency(us)/Energy(mJ): 7482 20.723 3.55203 6.90327 3.11503 
Latency(us)/Energy(mJ): 38 0 0 0 0 
Latency(us)/Energy(mJ): 6 0 0 0 0 
Latency(us)/Energy(mJ): 36098 109.932 16.5547 33.1456 22.4512 
Latency(us)/Energy(mJ): 34 0.256139 0.0369835 0.0740477 0.0572518 
Latency(us)/Energy(mJ): 2 0 0 0 0 
Latency(us)/Energy(mJ): 15616 49.9177 7.15224 14.3201 11.3134 
Latency(us)/Energy(mJ): 242 0.621135 0.088623 0.17744 0.140868 
0.3094 - "n02124075 Egyptian cat"
0.1761 - "n02123159 tiger cat"
0.1221 - "n02123045 tabby, tabby cat"
0.1132 - "n02119022 red fox, Vulpes vulpes"
0.0421 - "n02085620 Chihuahua"
