loading weight: /home/nvidia/caffe-build/models/bvlc_alexnet/bvlc_alexnet.caffemodel
loading prototxt: /home/nvidia/caffe-build/models/bvlc_alexnet/deploy.prototxt
---------- Prediction for /home/nvidia/caffe-build/examples/images/cat.jpg ----------
Latency(us)/Energy(mJ): 0 0 0 0 0 
Latency(us)/Energy(mJ): 2736 9.95182 0.537131 1.22581 3.8318 
Latency(us)/Energy(mJ): 34 0 0 0 0 
Latency(us)/Energy(mJ): 192 0.756504 0.0734395 0.0880505 0.283569 
Latency(us)/Energy(mJ): 96 0.744827 0.0720261 0.0863559 0.279628 
Latency(us)/Energy(mJ): 2380 9.94312 1.20347 1.09102 3.6317 
Latency(us)/Energy(mJ): 33 0 0 0 0 
Latency(us)/Energy(mJ): 162 0.840161 0.131389 0.0875925 0.296438 
Latency(us)/Energy(mJ): 85 0.337602 0.052796 0.0351973 0.119118 
Latency(us)/Energy(mJ): 1830 8.2161 1.38832 0.833125 2.85193 
Latency(us)/Energy(mJ): 32 0.352273 0.064008 0.0348996 0.119558 
Latency(us)/Energy(mJ): 1514 7.14802 1.41695 0.694145 2.39956 
Latency(us)/Energy(mJ): 31 0 0 0 0 
Latency(us)/Energy(mJ): 1081 5.14562 1.09801 0.487014 1.69435 
Latency(us)/Energy(mJ): 31 0.371732 0.0812214 0.0348309 0.122212 
Latency(us)/Energy(mJ): 48 0 0 0 0 
Latency(us)/Energy(mJ): 1260 6.15861 1.34151 0.575294 2.02848 
Latency(us)/Energy(mJ): 33 0.385231 0.082236 0.035266 0.129591 
Latency(us)/Energy(mJ): 0 0 0 0 0 
Latency(us)/Energy(mJ): 4968 27.8218 6.28376 2.25604 9.6175 
Latency(us)/Energy(mJ): 34 0.722685 0.168417 0.0530806 0.25553 
Latency(us)/Energy(mJ): 0 0 0 0 0 
Latency(us)/Energy(mJ): 2160 13.9863 3.23503 0.986343 4.97009 
Latency(us)/Energy(mJ): 214 1.27134 0.303259 0.0865101 0.454251 
0.3094 - "n02124075 Egyptian cat"
0.1761 - "n02123159 tiger cat"
0.1221 - "n02123045 tabby, tabby cat"
0.1132 - "n02119022 red fox, Vulpes vulpes"
0.0421 - "n02085620 Chihuahua"
