loading weight: /home/nvidia/caffe-build/models/bvlc_alexnet/bvlc_alexnet.caffemodel
loading prototxt: /home/nvidia/caffe-build/models/bvlc_alexnet/deploy.prototxt
---------- Prediction for /home/nvidia/caffe-build/examples/images/cat.jpg ----------
Latency(us)/Energy(mJ): 1 0 0 0 0 
Latency(us)/Energy(mJ): 12670 20.6275 2.38353 3.84138 4.06961 
Latency(us)/Energy(mJ): 82 0.168086 0.027938 0.027938 0.0350828 
Latency(us)/Energy(mJ): 555 0.992372 0.162885 0.162885 0.204541 
Latency(us)/Energy(mJ): 252 0.384246 0.0625707 0.0625707 0.0785725 
Latency(us)/Energy(mJ): 10240 21.3451 4.38534 3.1453 4.54192 
Latency(us)/Energy(mJ): 81 0 0 0 0 
Latency(us)/Energy(mJ): 454 1.20391 0.285503 0.162763 0.255618 
Latency(us)/Energy(mJ): 205 0.465977 0.110504 0.0629977 0.0989375 
Latency(us)/Energy(mJ): 6312 14.6869 3.61286 1.93756 3.0965 
Latency(us)/Energy(mJ): 73 0 0 0 0 
Latency(us)/Energy(mJ): 4231 10.2564 2.79515 1.29878 2.05893 
Latency(us)/Energy(mJ): 71 0.277123 0.077916 0.0345413 0.0563985 
Latency(us)/Energy(mJ): 4116 10.0902 2.83697 1.25767 1.97516 
Latency(us)/Energy(mJ): 69 0 0 0 0 
Latency(us)/Energy(mJ): 109 0.503593 0.14159 0.062769 0.0985782 
Latency(us)/Energy(mJ): 6572 15.6891 4.21415 1.99969 3.21301 
Latency(us)/Energy(mJ): 83 0.271012 0.0687375 0.0343125 0.0603 
Latency(us)/Energy(mJ): 2 0 0 0 0 
Latency(us)/Energy(mJ): 33091 86.9723 20.1671 10.067 22.5043 
Latency(us)/Energy(mJ): 82 0.312361 0.0702955 0.0350903 0.0881283 
Latency(us)/Energy(mJ): 2 0 0 0 0 
Latency(us)/Energy(mJ): 14373 39.8084 8.78236 4.38399 11.253 
Latency(us)/Energy(mJ): 505 1.46294 0.320378 0.159927 0.422102 
0.3094 - "n02124075 Egyptian cat"
0.1761 - "n02123159 tiger cat"
0.1221 - "n02123045 tabby, tabby cat"
0.1132 - "n02119022 red fox, Vulpes vulpes"
0.0421 - "n02085620 Chihuahua"
