loading weight: /home/nvidia/caffe-build/models/bvlc_alexnet/bvlc_alexnet.caffemodel
loading prototxt: /home/nvidia/caffe-build/models/bvlc_alexnet/deploy.prototxt
---------- Prediction for /home/nvidia/Downloads/ILSVRC2012_img_train_t3/n02085620/n02085620_1152.JPEG ----------
Latency(us)/Energy(mJ): 0 0 0 0 0 
Latency(us)/Energy(mJ): 843 2.91059 0.127662 0.192333 1.07841 
Latency(us)/Energy(mJ): 91 0.302306 0.013069 0.0196894 0.110398 
Latency(us)/Energy(mJ): 167 0.606932 0.0363576 0.03953 0.221644 
Latency(us)/Energy(mJ): 159 0.608682 0.03953 0.03953 0.221644 
Latency(us)/Energy(mJ): 6779 25.3232 2.51944 1.54318 8.86947 
Latency(us)/Energy(mJ): 88 0.515485 0.059998 0.029999 0.17816 
Latency(us)/Energy(mJ): 147 0.502736 0.0585141 0.029257 0.173754 
Latency(us)/Energy(mJ): 146 0.680829 0.0786844 0.0393422 0.233648 
Latency(us)/Energy(mJ): 8415 33.7236 4.85744 1.91742 11.2014 
Latency(us)/Energy(mJ): 97 0.539125 0.0805787 0.0302005 0.179357 
Latency(us)/Energy(mJ): 6362 27.1141 4.11535 1.45438 9.19354 
Latency(us)/Energy(mJ): 105 0.554221 0.0866719 0.0288906 0.19024 
Latency(us)/Energy(mJ): 4685 20.7914 3.21589 1.07196 7.18423 
Latency(us)/Energy(mJ): 105 0.383884 0.0589996 0.0196665 0.133286 
Latency(us)/Energy(mJ): 126 0.564919 0.0868231 0.028941 0.196142 
Latency(us)/Energy(mJ): 3876 17.4346 2.65596 0.885319 6.07869 
Latency(us)/Energy(mJ): 99 0.601884 0.0906977 0.0302326 0.214925 
Latency(us)/Energy(mJ): 2 0 0 0 0 
Latency(us)/Energy(mJ): 21488 111.785 14.7311 4.92145 43.1888 
Latency(us)/Energy(mJ): 97 0.471259 0.053009 0.0199001 0.187878 
Latency(us)/Energy(mJ): 1 0 0 0 0 
Latency(us)/Energy(mJ): 9485 52.0678 5.78308 2.17103 20.8741 
Latency(us)/Energy(mJ): 116 0.730952 0.0805566 0.0302417 0.293041 
0.5948 - "n02085620 Chihuahua"
0.0656 - "n02110806 basenji"
0.0383 - "n02113023 Pembroke, Pembroke Welsh corgi"
0.0311 - "n02091244 Ibizan hound, Ibizan Podenco"
0.0298 - "n02389026 sorrel"
