loading weight: /home/nvidia/caffe-build/models/bvlc_alexnet/bvlc_alexnet.caffemodel
loading prototxt: /home/nvidia/caffe-build/models/bvlc_alexnet/deploy.prototxt
---------- Prediction for /home/nvidia/Downloads/ILSVRC2012_img_train_t3/n02085620/n02085620_1152.JPEG ----------
Latency(us)/Energy(mJ): 0 0 0 0 0 
Latency(us)/Energy(mJ): 281 1.12865 0.0460785 0.128341 0.408 
Latency(us)/Energy(mJ): 29 0.121005 0.0067784 0.0135568 0.0430976 
Latency(us)/Energy(mJ): 61 0.18723 0.0104882 0.0209764 0.0666848 
Latency(us)/Energy(mJ): 57 0.309146 0.0172208 0.0344416 0.110355 
Latency(us)/Energy(mJ): 1704 7.36624 0.726243 0.767736 2.52892 
Latency(us)/Energy(mJ): 30 0.211703 0.0277516 0.0208024 0.0704918 
Latency(us)/Energy(mJ): 51 0.139211 0.0182567 0.013685 0.0463738 
Latency(us)/Energy(mJ): 52 0.350357 0.0459472 0.0344416 0.11671 
Latency(us)/Energy(mJ): 2051 10.1322 1.70294 0.945807 3.22045 
Latency(us)/Energy(mJ): 30 0.151873 0.0294426 0.0135934 0.0477848 
Latency(us)/Energy(mJ): 1590 8.46238 1.74027 0.718272 2.67741 
Latency(us)/Energy(mJ): 37 0.255945 0.0553113 0.0207474 0.0814494 
Latency(us)/Energy(mJ): 1144 6.68469 1.49897 0.525317 2.12971 
Latency(us)/Energy(mJ): 37 0.27 0.0622518 0.0207657 0.0867354 
Latency(us)/Energy(mJ): 45 0.175355 0.040174 0.0134011 0.0559744 
Latency(us)/Energy(mJ): 890 5.47608 1.28347 0.41194 1.75827 
Latency(us)/Energy(mJ): 33 0.281981 0.065714 0.0207112 0.091909 
Latency(us)/Energy(mJ): 0 0 0 0 0 
Latency(us)/Energy(mJ): 5849 42.5071 9.24992 2.67403 14.9987 
Latency(us)/Energy(mJ): 34 0.289245 0.0602714 0.0164246 0.106598 
Latency(us)/Energy(mJ): 0 0 0 0 0 
Latency(us)/Energy(mJ): 2591 21.4275 4.42374 1.18018 8.01867 
Latency(us)/Energy(mJ): 41 0.300801 0.0620211 0.0161687 0.113711 
0.5948 - "n02085620 Chihuahua"
0.0656 - "n02110806 basenji"
0.0383 - "n02113023 Pembroke, Pembroke Welsh corgi"
0.0311 - "n02091244 Ibizan hound, Ibizan Podenco"
0.0298 - "n02389026 sorrel"
