loading weight: /home/nvidia/caffe-build/models/bvlc_alexnet/bvlc_alexnet.caffemodel
loading prototxt: /home/nvidia/caffe-build/models/bvlc_alexnet/deploy.prototxt
---------- Prediction for /home/nvidia/Downloads/ILSVRC2012_img_train_t3/n02085620/n02085620_1152.JPEG ----------
Latency(us)/Energy(mJ): 0 0 0 0 0 
Latency(us)/Energy(mJ): 311 1.468 0.0582697 0.42996 0.405893 
Latency(us)/Energy(mJ): 28 0.227853 0.013786 0.0655852 0.062376 
Latency(us)/Energy(mJ): 72 0.368024 0.025537 0.105139 0.0999948 
Latency(us)/Energy(mJ): 66 0.372496 0.0276073 0.105094 0.0999948 
Latency(us)/Energy(mJ): 1063 5.76852 0.766934 1.51026 1.50179 
Latency(us)/Energy(mJ): 27 0.264908 0.0446995 0.065337 0.0673647 
Latency(us)/Energy(mJ): 57 0.427473 0.0752728 0.105009 0.108268 
Latency(us)/Energy(mJ): 55 0.161179 0.0290923 0.039498 0.0407238 
Latency(us)/Energy(mJ): 1159 7.29423 1.56677 1.68093 1.7639 
Latency(us)/Energy(mJ): 37 0.298233 0.0723784 0.065511 0.0718362 
Latency(us)/Energy(mJ): 1073 7.64811 1.97171 1.56623 1.85172 
Latency(us)/Energy(mJ): 44 0.203057 0.0561834 0.0374829 0.0496041 
Latency(us)/Energy(mJ): 698 5.57149 1.57681 0.994879 1.36074 
Latency(us)/Energy(mJ): 45 0.356668 0.102824 0.0616851 0.0868627 
Latency(us)/Energy(mJ): 59 0.212446 0.0612459 0.0367422 0.0522478 
Latency(us)/Energy(mJ): 782 6.37529 1.85876 1.09546 1.56952 
Latency(us)/Energy(mJ): 35 0.361732 0.103236 0.0619595 0.0915845 
Latency(us)/Energy(mJ): 1 0 0 0 0 
Latency(us)/Energy(mJ): 4689 43.6462 12.3318 6.44169 12.2074 
Latency(us)/Energy(mJ): 33 0.277079 0.0761717 0.0350168 0.0827694 
Latency(us)/Energy(mJ): 1 0 0 0 0 
Latency(us)/Energy(mJ): 2069 21.907 6.05726 2.6755 6.64176 
Latency(us)/Energy(mJ): 43 0.294819 0.0803141 0.0350156 0.091111 
0.5948 - "n02085620 Chihuahua"
0.0656 - "n02110806 basenji"
0.0383 - "n02113023 Pembroke, Pembroke Welsh corgi"
0.0311 - "n02091244 Ibizan hound, Ibizan Podenco"
0.0298 - "n02389026 sorrel"
