loading weight: /home/nvidia/caffe-build/models/bvlc_alexnet/bvlc_alexnet.caffemodel
loading prototxt: /home/nvidia/caffe-build/models/bvlc_alexnet/deploy.prototxt
---------- Prediction for /home/nvidia/caffe-build/examples/images/cat.jpg ----------
Latency(us)/Energy(mJ): 0 0 0 0 0 
Latency(us)/Energy(mJ): 2460 10.7244 0.52113 2.64185 3.47341 
Latency(us)/Energy(mJ): 23 0 0 0 0 
Latency(us)/Energy(mJ): 208 0.855856 0.0714756 0.200544 0.273146 
Latency(us)/Energy(mJ): 89 0.497364 0.0413385 0.115986 0.157976 
Latency(us)/Energy(mJ): 2427 11.6998 1.28464 2.60756 3.67695 
Latency(us)/Energy(mJ): 26 0 0 0 0 
Latency(us)/Energy(mJ): 178 0.945182 0.129225 0.201079 0.291931 
Latency(us)/Energy(mJ): 80 0.397488 0.0545821 0.0849321 0.123306 
Latency(us)/Energy(mJ): 1853 9.63938 1.44507 2.00427 2.92055 
Latency(us)/Energy(mJ): 21 0 0 0 0 
Latency(us)/Energy(mJ): 1507 7.98634 1.42164 1.60128 2.35461 
Latency(us)/Energy(mJ): 21 0.593276 0.116839 0.116839 0.171867 
Latency(us)/Energy(mJ): 1071 5.52414 1.08034 1.08034 1.60334 
Latency(us)/Energy(mJ): 22 0 0 0 0 
Latency(us)/Energy(mJ): 35 0.610454 0.126236 0.117747 0.175297 
Latency(us)/Energy(mJ): 1406 7.63132 1.49899 1.47875 2.20954 
Latency(us)/Energy(mJ): 24 0 0 0 0 
Latency(us)/Energy(mJ): 2 0 0 0 0 
Latency(us)/Energy(mJ): 4973 31.3887 6.4905 5.20492 9.6879 
Latency(us)/Energy(mJ): 25 0 0 0 0 
Latency(us)/Energy(mJ): 1 0 0 0 0 
Latency(us)/Energy(mJ): 2460 17.5675 3.80591 2.47393 5.71032 
Latency(us)/Energy(mJ): 160 1.3722 0.300856 0.18611 0.449218 
0.3094 - "n02124075 Egyptian cat"
0.1761 - "n02123159 tiger cat"
0.1221 - "n02123045 tabby, tabby cat"
0.1132 - "n02119022 red fox, Vulpes vulpes"
0.0421 - "n02085620 Chihuahua"
