loading weight: /home/nvidia/caffe-build/models/bvlc_alexnet/bvlc_alexnet.caffemodel
loading prototxt: /home/nvidia/caffe-build/models/bvlc_alexnet/deploy.prototxt
---------- Prediction for /home/nvidia/Downloads/ILSVRC2012_img_train_t3/n02085620/n02085620_1152.JPEG ----------
Latency(us)/Energy(mJ): 0 0 0 0 0 
Latency(us)/Energy(mJ): 344 1.57565 0.0470683 0.472851 0.450865 
Latency(us)/Energy(mJ): 24 0.226581 0.00673056 0.0676156 0.0644717 
Latency(us)/Energy(mJ): 52 0.151668 0.00450528 0.0452603 0.0431558 
Latency(us)/Energy(mJ): 52 0.383059 0.0113787 0.114311 0.108996 
Latency(us)/Energy(mJ): 4132 21.7948 1.55225 5.99315 6.05828 
Latency(us)/Energy(mJ): 17 0 0 0 0 
Latency(us)/Energy(mJ): 44 0.169735 0.0168317 0.0433085 0.0471224 
Latency(us)/Energy(mJ): 37 0.405255 0.0400714 0.103105 0.112185 
Latency(us)/Energy(mJ): 5412 29.487 3.62989 7.23459 7.89711 
Latency(us)/Energy(mJ): 24 0.251621 0.034686 0.0589616 0.0670535 
Latency(us)/Energy(mJ): 3854 21.8323 3.11495 4.96144 5.93539 
Latency(us)/Energy(mJ): 39 0.439051 0.063076 0.0975085 0.12104 
Latency(us)/Energy(mJ): 2878 16.9202 2.59956 3.57627 4.7135 
Latency(us)/Energy(mJ): 39 0.183506 0.0280173 0.037387 0.0515335 
Latency(us)/Energy(mJ): 38 0.456786 0.0697413 0.0930646 0.128278 
Latency(us)/Energy(mJ): 2593 15.5531 2.36026 3.14644 4.39434 
Latency(us)/Energy(mJ): 25 0.276692 0.0414495 0.0553113 0.079728 
Latency(us)/Energy(mJ): 1 0 0 0 0 
Latency(us)/Energy(mJ): 13196 90.441 12.2945 16.0855 29.3111 
Latency(us)/Energy(mJ): 25 0.22185 0.027999 0.037332 0.0755208 
Latency(us)/Energy(mJ): 0 0 0 0 0 
Latency(us)/Energy(mJ): 5826 43.1863 5.34442 7.1259 14.9251 
Latency(us)/Energy(mJ): 33 0 0 0 0 
0.5948 - "n02085620 Chihuahua"
0.0656 - "n02110806 basenji"
0.0383 - "n02113023 Pembroke, Pembroke Welsh corgi"
0.0311 - "n02091244 Ibizan hound, Ibizan Podenco"
0.0298 - "n02389026 sorrel"
