loading weight: /home/nvidia/caffe-build/models/bvlc_alexnet/bvlc_alexnet.caffemodel
loading prototxt: /home/nvidia/caffe-build/models/bvlc_alexnet/deploy.prototxt
---------- Prediction for /home/nvidia/caffe-build/examples/images/cat.jpg ----------
Latency(us)/Energy(mJ): 0 0 0 0 0 
Latency(us)/Energy(mJ): 3152 9.43492 0.640592 3.37735 1.92549 
Latency(us)/Energy(mJ): 25 0 0 0 0 
Latency(us)/Energy(mJ): 293 0.86991 0.103522 0.28997 0.180015 
Latency(us)/Energy(mJ): 106 0.343631 0.0408931 0.114543 0.0717235 
Latency(us)/Energy(mJ): 3278 11.3267 1.70921 3.47037 2.3756 
Latency(us)/Energy(mJ): 37 0 0 0 0 
Latency(us)/Energy(mJ): 236 1.09024 0.204142 0.29507 0.227617 
Latency(us)/Energy(mJ): 93 0.299574 0.0560936 0.0810784 0.0625439 
Latency(us)/Energy(mJ): 2394 9.27212 1.87876 2.43469 1.92803 
Latency(us)/Energy(mJ): 36 0 0 0 0 
Latency(us)/Energy(mJ): 1677 6.70027 1.60831 1.6813 1.36299 
Latency(us)/Energy(mJ): 37 0 0 0 0 
Latency(us)/Energy(mJ): 1462 6.15693 1.59162 1.50008 1.21607 
Latency(us)/Energy(mJ): 26 0 0 0 0 
Latency(us)/Energy(mJ): 48 0 0 0 0 
Latency(us)/Energy(mJ): 2325 9.70339 2.54005 2.35947 1.95255 
Latency(us)/Energy(mJ): 27 0.30418 0.0780905 0.0725387 0.064357 
Latency(us)/Energy(mJ): 2 0 0 0 0 
Latency(us)/Energy(mJ): 8701 40.9027 10.3423 8.38705 10.2652 
Latency(us)/Energy(mJ): 26 0 0 0 0 
Latency(us)/Energy(mJ): 1 0.587441 0.146691 0.1036 0.162298 
Latency(us)/Energy(mJ): 3748 20.1045 5.03179 3.43147 5.75051 
Latency(us)/Energy(mJ): 199 1.03708 0.25735 0.171567 0.30455 
0.3094 - "n02124075 Egyptian cat"
0.1761 - "n02123159 tiger cat"
0.1221 - "n02123045 tabby, tabby cat"
0.1132 - "n02119022 red fox, Vulpes vulpes"
0.0421 - "n02085620 Chihuahua"
