loading weight: /home/nvidia/caffe-build/models/bvlc_alexnet/bvlc_alexnet.caffemodel
loading prototxt: /home/nvidia/caffe-build/models/bvlc_alexnet/deploy.prototxt
---------- Prediction for /home/nvidia/caffe-build/examples/images/cat.jpg ----------
Latency(us)/Energy(mJ): 0 0 0 0 0 
Latency(us)/Energy(mJ): 2778 10.3308 0.558948 1.2671 4.01769 
Latency(us)/Energy(mJ): 30 0 0 0 0 
Latency(us)/Energy(mJ): 192 0.759733 0.0733249 0.0879131 0.286965 
Latency(us)/Energy(mJ): 86 0.28983 0.0278669 0.0334111 0.10906 
Latency(us)/Energy(mJ): 2375 10.1871 1.24132 1.11376 3.75631 
Latency(us)/Energy(mJ): 29 0 0 0 0 
Latency(us)/Energy(mJ): 148 0.841858 0.130496 0.0869971 0.298411 
Latency(us)/Energy(mJ): 76 0 0 0 0 
Latency(us)/Energy(mJ): 1902 9.03514 1.55516 0.910802 3.16063 
Latency(us)/Energy(mJ): 28 0 0 0 0 
Latency(us)/Energy(mJ): 1498 7.07824 1.41998 0.684412 2.40066 
Latency(us)/Energy(mJ): 28 0 0 0 0 
Latency(us)/Energy(mJ): 1063 5.45523 1.18298 0.513418 1.80481 
Latency(us)/Energy(mJ): 28 0 0 0 0 
Latency(us)/Energy(mJ): 43 0.36945 0.085875 0.03435 0.12075 
Latency(us)/Energy(mJ): 1256 6.13814 1.32897 0.569912 2.03095 
Latency(us)/Energy(mJ): 30 0 0 0 0 
Latency(us)/Energy(mJ): 0 0 0 0 0 
Latency(us)/Energy(mJ): 5015 28.7445 6.54818 2.32057 9.9222 
Latency(us)/Energy(mJ): 30 0 0 0 0 
Latency(us)/Energy(mJ): 0 0 0 0 0 
Latency(us)/Energy(mJ): 2203 14.5892 3.40505 1.02756 5.17305 
Latency(us)/Energy(mJ): 195 1.25775 0.300695 0.0857789 0.451121 
0.3094 - "n02124075 Egyptian cat"
0.1761 - "n02123159 tiger cat"
0.1221 - "n02123045 tabby, tabby cat"
0.1132 - "n02119022 red fox, Vulpes vulpes"
0.0421 - "n02085620 Chihuahua"
