loading weight: /home/nvidia/caffe-build/models/bvlc_alexnet/bvlc_alexnet.caffemodel
loading prototxt: /home/nvidia/caffe-build/models/bvlc_alexnet/deploy.prototxt
---------- Prediction for /home/nvidia/Downloads/ILSVRC2012_img_train_t3/n02085620/n02085620_1152.JPEG ----------
Latency(us)/Energy(mJ): 0 0 0 0 0 
Latency(us)/Energy(mJ): 506 2.46962 0.0773984 0.699641 0.692512 
Latency(us)/Energy(mJ): 32 0 0 0 0 
Latency(us)/Energy(mJ): 71 0.348715 0.0109288 0.0987906 0.097784 
Latency(us)/Energy(mJ): 56 0.351334 0.0110109 0.0995326 0.0985184 
Latency(us)/Energy(mJ): 6817 34.15 2.44292 9.1826 9.31971 
Latency(us)/Energy(mJ): 28 0.231288 0.0207016 0.0586696 0.0632348 
Latency(us)/Energy(mJ): 54 0.14041 0.0125675 0.0356171 0.0383886 
Latency(us)/Energy(mJ): 55 0.372825 0.0333699 0.0945723 0.101931 
Latency(us)/Energy(mJ): 8849 45.6748 5.05816 11.4905 12.1197 
Latency(us)/Energy(mJ): 30 0.231029 0.0271328 0.057735 0.0613824 
Latency(us)/Energy(mJ): 6280 33.5791 4.09729 8.02136 9.1394 
Latency(us)/Energy(mJ): 51 0.246837 0.0310524 0.0551892 0.0684328 
Latency(us)/Energy(mJ): 4717 26.049 3.23981 5.75809 7.26391 
Latency(us)/Energy(mJ): 45 0.561201 0.0691809 0.122955 0.156286 
Latency(us)/Energy(mJ): 58 0.404377 0.0498487 0.0885958 0.112613 
Latency(us)/Energy(mJ): 4188 23.5051 2.88758 5.13604 6.62865 
Latency(us)/Energy(mJ): 36 0.255719 0.0310484 0.0552625 0.0735928 
Latency(us)/Energy(mJ): 1 0 0 0 0 
Latency(us)/Energy(mJ): 21554 135.394 14.7679 26.3208 43.4946 
Latency(us)/Energy(mJ): 31 0.178003 0.0167384 0.0335042 0.0593253 
Latency(us)/Energy(mJ): 1 0 0 0 0 
Latency(us)/Energy(mJ): 9547 62.8311 6.52009 11.6614 21.131 
Latency(us)/Energy(mJ): 41 0.181131 0.0167384 0.0335042 0.0614107 
0.5948 - "n02085620 Chihuahua"
0.0656 - "n02110806 basenji"
0.0383 - "n02113023 Pembroke, Pembroke Welsh corgi"
0.0311 - "n02091244 Ibizan hound, Ibizan Podenco"
0.0298 - "n02389026 sorrel"
