loading weight: /home/nvidia/caffe-build/models/bvlc_alexnet/bvlc_alexnet.caffemodel
loading prototxt: /home/nvidia/caffe-build/models/bvlc_alexnet/deploy.prototxt
---------- Prediction for /home/nvidia/Downloads/ILSVRC2012_img_train_t3/n02085620/n02085620_1152.JPEG ----------
Latency(us)/Energy(mJ): 0 0 0 0 0 
Latency(us)/Energy(mJ): 103930 420.864 24.639 87.1789 125.05 
Latency(us)/Energy(mJ): 698 2.92614 0.167697 0.615132 0.856059 
Latency(us)/Energy(mJ): 100382 391.79 22.9825 77.1083 116.85 
Latency(us)/Energy(mJ): 7556 29.4119 1.72834 5.76615 8.82143 
Latency(us)/Energy(mJ): 213625 858.029 48.9063 178.788 253.532 
Latency(us)/Energy(mJ): 391 1.48659 0.0840567 0.30833 0.436067 
Latency(us)/Energy(mJ): 361948 1391.96 82.8662 285.121 404.462 
Latency(us)/Energy(mJ): 3459 13.4552 0.79856 2.66419 3.94049 
Latency(us)/Energy(mJ): 134028 536.322 30.6832 112.514 156.809 
Latency(us)/Energy(mJ): 134 0.476106 0.0271823 0.099708 0.13876 
Latency(us)/Energy(mJ): 102496 410.962 23.4631 86.0654 121.526 
Latency(us)/Energy(mJ): 139 0.590981 0.0337409 0.123766 0.17504 
Latency(us)/Energy(mJ): 68878 277.546 15.7661 57.8318 81.7907 
Latency(us)/Energy(mJ): 89 0.475384 0.0271411 0.0995568 0.140802 
Latency(us)/Energy(mJ): 836 3.33611 0.190468 0.698662 0.988107 
Latency(us)/Energy(mJ): 175361 735.046 40.1427 134.906 230.416 
Latency(us)/Energy(mJ): 8 0.190014 0.0103554 0.0345481 0.0597808 
Latency(us)/Energy(mJ): 0 0 0 0 0 
Latency(us)/Energy(mJ): 78983 331.645 18.0815 60.3244 103.512 
Latency(us)/Energy(mJ): 8 0 0 0 0 
Latency(us)/Energy(mJ): 1 0 0 0 0 
Latency(us)/Energy(mJ): 19600 82.3689 4.48893 14.9762 25.5441 
Latency(us)/Energy(mJ): 89 0.306158 0.0166849 0.055665 0.0949366 
0.5948 - "n02085620 Chihuahua"
0.0656 - "n02110806 basenji"
0.0383 - "n02113023 Pembroke, Pembroke Welsh corgi"
0.0311 - "n02091244 Ibizan hound, Ibizan Podenco"
0.0298 - "n02389026 sorrel"
