loading weight: /home/nvidia/caffe-build/models/bvlc_alexnet/bvlc_alexnet.caffemodel
loading prototxt: /home/nvidia/caffe-build/models/bvlc_alexnet/deploy.prototxt
---------- Prediction for /home/nvidia/caffe-build/examples/images/cat.jpg ----------
Latency(us)/Energy(mJ): 1 0 0 0 0 
Latency(us)/Energy(mJ): 11190 29.1721 2.25515 11.8258 4.63669 
Latency(us)/Energy(mJ): 38 0 0 0 0 
Latency(us)/Energy(mJ): 632 1.77579 0.202398 0.658955 0.291984 
Latency(us)/Energy(mJ): 180 0.504961 0.0575535 0.187379 0.083028 
Latency(us)/Energy(mJ): 15652 43.3751 5.7458 15.2774 7.29003 
Latency(us)/Energy(mJ): 30 0.226381 0.0366629 0.0734058 0.036823 
Latency(us)/Energy(mJ): 476 1.41909 0.229824 0.460151 0.234529 
Latency(us)/Energy(mJ): 169 0.545238 0.0883024 0.176798 0.0923512 
Latency(us)/Energy(mJ): 11505 32.5578 5.27279 10.5571 5.26751 
Latency(us)/Energy(mJ): 32 0 0 0 0 
Latency(us)/Energy(mJ): 8632 24.2323 4.38585 7.92678 3.59932 
Latency(us)/Energy(mJ): 29 0 0 0 0 
Latency(us)/Energy(mJ): 6097 17.0078 3.26136 5.59003 2.45059 
Latency(us)/Energy(mJ): 28 0.315968 0.0605888 0.10385 0.0455265 
Latency(us)/Energy(mJ): 56 0 0 0 0 
Latency(us)/Energy(mJ): 7460 20.47 3.52254 6.83082 3.08876 
Latency(us)/Energy(mJ): 32 0.315828 0.0518456 0.103804 0.0542228 
Latency(us)/Energy(mJ): 7 0 0 0 0 
Latency(us)/Energy(mJ): 36184 109.654 16.5444 33.125 22.3138 
Latency(us)/Energy(mJ): 38 0.354455 0.0517998 0.103713 0.0801879 
Latency(us)/Energy(mJ): 2 0 0 0 0 
Latency(us)/Energy(mJ): 18642 59.5732 8.53749 17.0936 13.4034 
Latency(us)/Energy(mJ): 270 0.937481 0.133759 0.26781 0.212612 
0.3094 - "n02124075 Egyptian cat"
0.1761 - "n02123159 tiger cat"
0.1221 - "n02123045 tabby, tabby cat"
0.1132 - "n02119022 red fox, Vulpes vulpes"
0.0421 - "n02085620 Chihuahua"
