loading weight: /home/nvidia/caffe-build/models/bvlc_alexnet/bvlc_alexnet.caffemodel
loading prototxt: /home/nvidia/caffe-build/models/bvlc_alexnet/deploy.prototxt
---------- Prediction for /home/nvidia/caffe-build/examples/images/cat.jpg ----------
Latency(us)/Energy(mJ): 8 0 0 0 0 
Latency(us)/Energy(mJ): 9176 17.9489 2.0582 4.64001 3.11314 
Latency(us)/Energy(mJ): 76 0.247425 0.0433761 0.0520059 0.0434897 
Latency(us)/Energy(mJ): 784 1.72818 0.300347 0.360102 0.314478 
Latency(us)/Energy(mJ): 317 0.622534 0.107266 0.128606 0.112882 
Latency(us)/Energy(mJ): 9745 23.6912 5.26644 4.48032 4.44143 
Latency(us)/Energy(mJ): 77 0.2977 0.078776 0.052441 0.0548455 
Latency(us)/Energy(mJ): 599 1.534 0.403134 0.268365 0.290246 
Latency(us)/Energy(mJ): 251 0.727883 0.190645 0.126912 0.137996 
Latency(us)/Energy(mJ): 5796 15.5065 4.23959 2.64406 2.87498 
Latency(us)/Energy(mJ): 75 0.281232 0.084672 0.0461664 0.0501984 
Latency(us)/Energy(mJ): 4030 11.5248 3.54469 1.87542 2.03921 
Latency(us)/Energy(mJ): 66 0 0 0 0 
Latency(us)/Energy(mJ): 3987 11.4587 3.6663 1.83115 1.99108 
Latency(us)/Energy(mJ): 71 0.275709 0.0882154 0.0440596 0.0479076 
Latency(us)/Energy(mJ): 110 0.283304 0.0906455 0.0452733 0.0473491 
Latency(us)/Energy(mJ): 7780 21.505 6.41264 3.57654 3.76476 
Latency(us)/Energy(mJ): 77 0.262954 0.0730002 0.0437619 0.0512148 
Latency(us)/Energy(mJ): 14 0 0 0 0 
Latency(us)/Energy(mJ): 32866 99.2661 26.2761 15.0732 22.4582 
Latency(us)/Energy(mJ): 77 0.340039 0.082894 0.049693 0.083111 
Latency(us)/Energy(mJ): 9 0 0 0 0 
Latency(us)/Energy(mJ): 14260 45.0439 10.8464 6.50213 11.2112 
Latency(us)/Energy(mJ): 474 1.87318 0.448621 0.268938 0.472696 
0.3094 - "n02124075 Egyptian cat"
0.1761 - "n02123159 tiger cat"
0.1221 - "n02123045 tabby, tabby cat"
0.1132 - "n02119022 red fox, Vulpes vulpes"
0.0421 - "n02085620 Chihuahua"
