loading weight: /home/nvidia/caffe-build/models/bvlc_alexnet/bvlc_alexnet.caffemodel
loading prototxt: /home/nvidia/caffe-build/models/bvlc_alexnet/deploy.prototxt
---------- Prediction for /home/nvidia/caffe-build/examples/images/cat.jpg ----------
Latency(us)/Energy(mJ): 10 0 0 0 0 
Latency(us)/Energy(mJ): 10606 18.012 2.28322 4.04956 2.90091 
Latency(us)/Energy(mJ): 101 0.14547 0.0284972 0.0284972 0.025737 
Latency(us)/Energy(mJ): 1000 1.96724 0.378982 0.378982 0.342274 
Latency(us)/Energy(mJ): 374 1.29217 0.247727 0.247727 0.236054 
Latency(us)/Energy(mJ): 10240 22.8079 5.43286 3.9002 4.18154 
Latency(us)/Energy(mJ): 176 0.467499 0.131442 0.0729811 0.084062 
Latency(us)/Energy(mJ): 709 1.85177 0.520644 0.289079 0.33297 
Latency(us)/Energy(mJ): 281 0.664238 0.186758 0.103694 0.124867 
Latency(us)/Energy(mJ): 5763 14.5469 4.20392 2.2106 2.67428 
Latency(us)/Energy(mJ): 82 0.22763 0.073542 0.0334441 0.0419365 
Latency(us)/Energy(mJ): 4118 11.0673 3.59476 1.59485 1.9723 
Latency(us)/Energy(mJ): 92 0.317112 0.107106 0.0446176 0.0559472 
Latency(us)/Energy(mJ): 4886 13.1613 4.45758 1.85692 2.2831 
Latency(us)/Energy(mJ): 169 0.511384 0.175239 0.0730002 0.087906 
Latency(us)/Energy(mJ): 263 0.756639 0.259282 0.108011 0.130065 
Latency(us)/Energy(mJ): 8511 21.7039 6.59159 3.27735 3.82782 
Latency(us)/Energy(mJ): 107 0.291428 0.07826 0.0434525 0.0566475 
Latency(us)/Energy(mJ): 6 0 0 0 0 
Latency(us)/Energy(mJ): 33200 94.7427 25.3504 12.6932 22.1804 
Latency(us)/Energy(mJ): 166 0.587648 0.148713 0.0743563 0.149102 
Latency(us)/Energy(mJ): 12 0 0 0 0 
Latency(us)/Energy(mJ): 13780 42.219 10.5704 5.28522 10.9123 
Latency(us)/Energy(mJ): 689 2.12615 0.527809 0.263905 0.556134 
0.3094 - "n02124075 Egyptian cat"
0.1761 - "n02123159 tiger cat"
0.1221 - "n02123045 tabby, tabby cat"
0.1132 - "n02119022 red fox, Vulpes vulpes"
0.0421 - "n02085620 Chihuahua"
