loading weight: /home/nvidia/caffe-build/models/bvlc_alexnet/bvlc_alexnet.caffemodel
loading prototxt: /home/nvidia/caffe-build/models/bvlc_alexnet/deploy.prototxt
---------- Prediction for /home/nvidia/caffe-build/examples/images/cat.jpg ----------
Latency(us)/Energy(mJ): 0 0 0 0 0 
Latency(us)/Energy(mJ): 3629 13.3659 0.717268 1.63996 5.21358 
Latency(us)/Energy(mJ): 30 0 0 0 0 
Latency(us)/Energy(mJ): 176 0.744327 0.058255 0.087478 0.285545 
Latency(us)/Energy(mJ): 83 0.446032 0.0345717 0.0519143 0.169458 
Latency(us)/Energy(mJ): 3629 14.9575 1.5913 1.66971 5.59667 
Latency(us)/Energy(mJ): 28 0 0 0 0 
Latency(us)/Energy(mJ): 135 0.816219 0.107732 0.0873635 0.296044 
Latency(us)/Energy(mJ): 66 0 0 0 0 
Latency(us)/Energy(mJ): 2960 13.0879 1.9379 1.37382 4.71237 
Latency(us)/Energy(mJ): 28 0 0 0 0 
Latency(us)/Energy(mJ): 2389 10.9561 1.87868 1.11573 3.82711 
Latency(us)/Energy(mJ): 28 0 0 0 0 
Latency(us)/Energy(mJ): 1523 6.8255 1.25412 0.683794 2.3455 
Latency(us)/Energy(mJ): 28 0.523786 0.095172 0.0518914 0.177994 
Latency(us)/Energy(mJ): 43 0 0 0 0 
Latency(us)/Energy(mJ): 1565 7.28738 1.32628 0.723136 2.50596 
Latency(us)/Energy(mJ): 29 0 0 0 0 
Latency(us)/Energy(mJ): 0 0 0 0 0 
Latency(us)/Energy(mJ): 6623 35.2398 6.5798 3.05099 12.7711 
Latency(us)/Energy(mJ): 29 0 0 0 0 
Latency(us)/Energy(mJ): 0 0 0 0 0 
Latency(us)/Energy(mJ): 2884 17.2974 3.26729 1.32195 6.50141 
Latency(us)/Energy(mJ): 185 1.15239 0.213184 0.0853483 0.436468 
0.3094 - "n02124075 Egyptian cat"
0.1761 - "n02123159 tiger cat"
0.1221 - "n02123045 tabby, tabby cat"
0.1132 - "n02119022 red fox, Vulpes vulpes"
0.0421 - "n02085620 Chihuahua"
