loading weight: /home/nvidia/caffe-build/models/bvlc_alexnet/bvlc_alexnet.caffemodel
loading prototxt: /home/nvidia/caffe-build/models/bvlc_alexnet/deploy.prototxt
---------- Prediction for /home/nvidia/caffe-build/examples/images/cat.jpg ----------
Latency(us)/Energy(mJ): 1 0 0 0 0 
Latency(us)/Energy(mJ): 5325 10.2203 0.969297 1.6163 2.38602 
Latency(us)/Energy(mJ): 94 0.220481 0.0303322 0.0303322 0.0514157 
Latency(us)/Energy(mJ): 492 0.956857 0.164871 0.131638 0.225031 
Latency(us)/Energy(mJ): 245 0.740542 0.12543 0.100147 0.178126 
Latency(us)/Energy(mJ): 3224 7.97458 1.6234 0.97661 1.90344 
Latency(us)/Energy(mJ): 88 0.269599 0.0683184 0.0302865 0.0627576 
Latency(us)/Energy(mJ): 401 1.1842 0.298076 0.132141 0.282046 
Latency(us)/Energy(mJ): 218 0.579369 0.14479 0.0641873 0.137003 
Latency(us)/Energy(mJ): 2324 6.73793 1.77001 0.716628 1.57829 
Latency(us)/Energy(mJ): 86 0.338493 0.095382 0.0346328 0.0783495 
Latency(us)/Energy(mJ): 1941 5.87974 1.73901 0.586866 1.3254 
Latency(us)/Energy(mJ): 89 0.313235 0.0980588 0.0301187 0.0681375 
Latency(us)/Energy(mJ): 1692 5.43471 1.72624 0.520284 1.18295 
Latency(us)/Energy(mJ): 88 0 0 0 0 
Latency(us)/Energy(mJ): 128 0.693662 0.229514 0.0654835 0.150323 
Latency(us)/Energy(mJ): 2857 8.8681 2.81315 0.851087 1.98156 
Latency(us)/Energy(mJ): 92 0.378498 0.114344 0.0351207 0.0903927 
Latency(us)/Energy(mJ): 4 0 0 0 0 
Latency(us)/Energy(mJ): 8616 33.9764 10.0502 2.65318 9.59442 
Latency(us)/Energy(mJ): 94 0.4432 0.1298 0.0305 0.138 
Latency(us)/Energy(mJ): 1 0 0 0 0 
Latency(us)/Energy(mJ): 3652 16.8165 4.80894 1.11086 5.36123 
Latency(us)/Energy(mJ): 577 2.60353 0.744639 0.165295 0.848155 
0.3094 - "n02124075 Egyptian cat"
0.1761 - "n02123159 tiger cat"
0.1221 - "n02123045 tabby, tabby cat"
0.1132 - "n02119022 red fox, Vulpes vulpes"
0.0421 - "n02085620 Chihuahua"
