loading weight: /home/nvidia/caffe-build/models/bvlc_alexnet/bvlc_alexnet.caffemodel
loading prototxt: /home/nvidia/caffe-build/models/bvlc_alexnet/deploy.prototxt
---------- Prediction for /home/nvidia/caffe-build/examples/images/cat.jpg ----------
Latency(us)/Energy(mJ): 0 0 0 0 0 
Latency(us)/Energy(mJ): 4117 9.49193 0.784241 1.56607 2.60435 
Latency(us)/Energy(mJ): 36 0 0 0 0 
Latency(us)/Energy(mJ): 260 0.697097 0.104381 0.104381 0.188543 
Latency(us)/Energy(mJ): 110 0.293477 0.0437581 0.0437581 0.081216 
Latency(us)/Energy(mJ): 3270 9.28963 1.67057 1.26818 2.50409 
Latency(us)/Energy(mJ): 34 0 0 0 0 
Latency(us)/Energy(mJ): 208 0.580701 0.131339 0.0729238 0.153674 
Latency(us)/Energy(mJ): 94 0.230039 0.051772 0.0287455 0.0605762 
Latency(us)/Energy(mJ): 2357 7.6956 1.85114 0.932978 1.99465 
Latency(us)/Energy(mJ): 33 0 0 0 0 
Latency(us)/Energy(mJ): 1674 5.64183 1.57291 0.645083 1.40715 
Latency(us)/Energy(mJ): 32 0 0 0 0 
Latency(us)/Energy(mJ): 1441 5.21324 1.5674 0.573363 1.25818 
Latency(us)/Energy(mJ): 33 0 0 0 0 
Latency(us)/Energy(mJ): 51 0 0 0 0 
Latency(us)/Energy(mJ): 2083 7.27957 2.22331 0.794484 1.77528 
Latency(us)/Energy(mJ): 36 0.41086 0.12224 0.0436817 0.105202 
Latency(us)/Energy(mJ): 1 0 0 0 0 
Latency(us)/Energy(mJ): 8697 36.1074 10.3359 3.30753 10.4774 
Latency(us)/Energy(mJ): 35 0.352372 0.0981288 0.0288036 0.110074 
Latency(us)/Energy(mJ): 0 0 0 0 0 
Latency(us)/Energy(mJ): 3750 18.1274 5.0361 1.43054 5.81511 
Latency(us)/Energy(mJ): 230 0.953322 0.261816 0.0725995 0.310406 
0.3094 - "n02124075 Egyptian cat"
0.1761 - "n02123159 tiger cat"
0.1221 - "n02123045 tabby, tabby cat"
0.1132 - "n02119022 red fox, Vulpes vulpes"
0.0421 - "n02085620 Chihuahua"
