loading weight: /home/nvidia/caffe-build/models/bvlc_alexnet/bvlc_alexnet.caffemodel
loading prototxt: /home/nvidia/caffe-build/models/bvlc_alexnet/deploy.prototxt
---------- Prediction for /home/nvidia/Downloads/ILSVRC2012_img_train_t3/n02085620/n02085620_1152.JPEG ----------
Latency(us)/Energy(mJ): 0 0 0 0 0 
Latency(us)/Energy(mJ): 292 1.10258 0.0489148 0.108289 0.407361 
Latency(us)/Energy(mJ): 33 0.12062 0.00695244 0.0115975 0.0436273 
Latency(us)/Energy(mJ): 69 0.304302 0.0174727 0.0291466 0.109643 
Latency(us)/Energy(mJ): 64 0.182741 0.0138958 0.0174039 0.0654697 
Latency(us)/Energy(mJ): 1359 5.89046 0.685404 0.52022 2.02762 
Latency(us)/Energy(mJ): 34 0.139507 0.0209123 0.0115976 0.0466645 
Latency(us)/Energy(mJ): 56 0.349928 0.0546048 0.0289941 0.116661 
Latency(us)/Energy(mJ): 57 0.209886 0.0346555 0.017305 0.0696289 
Latency(us)/Energy(mJ): 1538 7.5702 1.49449 0.588249 2.40317 
Latency(us)/Energy(mJ): 36 0.234449 0.0520746 0.0173279 0.0730864 
Latency(us)/Energy(mJ): 1271 7.08279 1.67379 0.489951 2.20559 
Latency(us)/Energy(mJ): 44 0.176497 0.044109 0.01159 0.0552731 
Latency(us)/Energy(mJ): 880 5.27886 1.36011 0.334419 1.64453 
Latency(us)/Energy(mJ): 43 0.188117 0.0510752 0.01159 0.0587714 
Latency(us)/Energy(mJ): 50 0.470881 0.127067 0.0288341 0.146214 
Latency(us)/Energy(mJ): 728 4.63725 1.23177 0.279532 1.45426 
Latency(us)/Energy(mJ): 38 0.195761 0.0512461 0.0116357 0.0625154 
Latency(us)/Energy(mJ): 0 0 0 0 0 
Latency(us)/Energy(mJ): 5109 38.2739 9.65256 1.93505 13.155 
Latency(us)/Energy(mJ): 39 0.653015 0.159495 0.0295275 0.234282 
Latency(us)/Energy(mJ): 0 0.37394 0.0909224 0.0168326 0.133556 
Latency(us)/Energy(mJ): 2226 19.3935 4.68318 0.84582 7.03217 
Latency(us)/Energy(mJ): 47 0.407142 0.0969235 0.0173126 0.149543 
0.5948 - "n02085620 Chihuahua"
0.0656 - "n02110806 basenji"
0.0383 - "n02113023 Pembroke, Pembroke Welsh corgi"
0.0311 - "n02091244 Ibizan hound, Ibizan Podenco"
0.0298 - "n02389026 sorrel"
