loading weight: /home/nvidia/caffe-build/models/bvlc_alexnet/bvlc_alexnet.caffemodel
loading prototxt: /home/nvidia/caffe-build/models/bvlc_alexnet/deploy.prototxt
---------- Prediction for /home/nvidia/Downloads/ILSVRC2012_img_train_t3/n02085620/n02085620_1152.JPEG ----------
Latency(us)/Energy(mJ): 0 0 0 0 0 
Latency(us)/Energy(mJ): 318 1.26194 0.0478222 0.144096 0.458087 
Latency(us)/Energy(mJ): 29 0 0 0 0 
Latency(us)/Energy(mJ): 59 0.308043 0.0115611 0.0348355 0.110743 
Latency(us)/Energy(mJ): 56 0.305613 0.0172803 0.0345607 0.10987 
Latency(us)/Energy(mJ): 3013 12.8536 1.20007 1.37631 4.38017 
Latency(us)/Energy(mJ): 28 0 0 0 0 
Latency(us)/Energy(mJ): 48 0.341256 0.0404238 0.0346706 0.113171 
Latency(us)/Energy(mJ): 51 0.204753 0.0242543 0.0208024 0.0679029 
Latency(us)/Energy(mJ): 3840 18.0299 2.83116 1.7672 5.71385 
Latency(us)/Energy(mJ): 30 0 0 0 0 
Latency(us)/Energy(mJ): 2820 14.2447 2.62039 1.29336 4.49763 
Latency(us)/Energy(mJ): 37 0.156646 0.0297005 0.0137125 0.04991 
Latency(us)/Energy(mJ): 2090 11.2531 2.20577 0.963046 3.59375 
Latency(us)/Energy(mJ): 36 0.243561 0.0476328 0.0204268 0.0776486 
Latency(us)/Energy(mJ): 43 0.158041 0.0309079 0.0132545 0.0503845 
Latency(us)/Energy(mJ): 1800 9.98345 2.005 0.826956 3.21951 
Latency(us)/Energy(mJ): 32 0.253617 0.0482736 0.0207016 0.0838912 
Latency(us)/Energy(mJ): 0 0 0 0 0 
Latency(us)/Energy(mJ): 9555 62.2033 11.2262 4.37032 22.5638 
Latency(us)/Energy(mJ): 32 0.318502 0.0550464 0.0206198 0.121734 
Latency(us)/Energy(mJ): 0 0 0 0 0 
Latency(us)/Energy(mJ): 4204 30.4083 5.12161 1.9185 11.7277 
Latency(us)/Energy(mJ): 39 0.218474 0.0362096 0.0135638 0.0851816 
0.5948 - "n02085620 Chihuahua"
0.0656 - "n02110806 basenji"
0.0383 - "n02113023 Pembroke, Pembroke Welsh corgi"
0.0311 - "n02091244 Ibizan hound, Ibizan Podenco"
0.0298 - "n02389026 sorrel"
