loading weight: /home/nvidia/caffe-build/models/bvlc_alexnet/bvlc_alexnet.caffemodel
loading prototxt: /home/nvidia/caffe-build/models/bvlc_alexnet/deploy.prototxt
---------- Prediction for /home/nvidia/Downloads/ILSVRC2012_img_train_t3/n02085620/n02085620_1152.JPEG ----------
Latency(us)/Energy(mJ): 0 0 0 0 0 
Latency(us)/Energy(mJ): 250 0.968495 0.0466522 0.12392 0.342861 
Latency(us)/Energy(mJ): 28 0.196406 0.0139995 0.0245106 0.0686205 
Latency(us)/Energy(mJ): 55 0.124947 0.008906 0.0155928 0.043654 
Latency(us)/Energy(mJ): 51 0.320753 0.0283083 0.0396762 0.111078 
Latency(us)/Energy(mJ): 1084 5.14388 0.774145 0.582669 1.68016 
Latency(us)/Energy(mJ): 25 0 0 0 0 
Latency(us)/Energy(mJ): 46 0.379708 0.0743802 0.0400393 0.119068 
Latency(us)/Energy(mJ): 45 0.151761 0.029641 0.0159559 0.0474494 
Latency(us)/Energy(mJ): 1195 6.53327 1.59197 0.637479 1.91472 
Latency(us)/Energy(mJ): 31 0.26666 0.070135 0.0245426 0.0764774 
Latency(us)/Energy(mJ): 1033 6.19449 1.78509 0.532216 1.76607 
Latency(us)/Energy(mJ): 35 0.492831 0.148051 0.0398684 0.139987 
Latency(us)/Energy(mJ): 710 4.90761 1.55477 0.382216 1.39305 
Latency(us)/Energy(mJ): 35 0.207393 0.0672214 0.0156889 0.0590244 
Latency(us)/Energy(mJ): 42 0.320359 0.10328 0.0241048 0.0906863 
Latency(us)/Energy(mJ): 627 4.55546 1.49154 0.337541 1.30093 
Latency(us)/Energy(mJ): 32 0 0 0 0 
Latency(us)/Energy(mJ): 0 0 0 0 0 
Latency(us)/Energy(mJ): 4677 40.0202 12.5161 2.50634 12.5249 
Latency(us)/Energy(mJ): 32 0.43175 0.131722 0.0242515 0.141914 
Latency(us)/Energy(mJ): 0 0 0 0 0 
Latency(us)/Energy(mJ): 2097 20.498 6.18688 1.11262 6.79572 
Latency(us)/Energy(mJ): 42 0.304667 0.0919283 0.0160859 0.10222 
0.5948 - "n02085620 Chihuahua"
0.0656 - "n02110806 basenji"
0.0383 - "n02113023 Pembroke, Pembroke Welsh corgi"
0.0311 - "n02091244 Ibizan hound, Ibizan Podenco"
0.0298 - "n02389026 sorrel"
