loading weight: /home/nvidia/caffe-build/models/bvlc_alexnet/bvlc_alexnet.caffemodel
loading prototxt: /home/nvidia/caffe-build/models/bvlc_alexnet/deploy.prototxt
---------- Prediction for /home/nvidia/Downloads/ILSVRC2012_img_train_t3/n02085620/n02085620_1152.JPEG ----------
Latency(us)/Energy(mJ): 0 0 0 0 0 
Latency(us)/Energy(mJ): 64554 307.457 15.0273 98.5116 78.5376 
Latency(us)/Energy(mJ): 819 3.94845 0.19399 1.29355 0.990283 
Latency(us)/Energy(mJ): 72741 339.414 16.6524 111.04 84.8452 
Latency(us)/Energy(mJ): 6065 28.5567 1.39357 9.2925 7.10752 
Latency(us)/Energy(mJ): 130121 604.98 29.7869 189.474 152.089 
Latency(us)/Energy(mJ): 535 2.47876 0.122836 0.778316 0.627052 
Latency(us)/Energy(mJ): 324146 1536.86 74.2114 543.165 362.734 
Latency(us)/Energy(mJ): 3122 14.8882 0.718117 5.26828 3.54354 
Latency(us)/Energy(mJ): 82975 381.279 18.991 121.816 95.236 
Latency(us)/Energy(mJ): 187 0.796057 0.0397681 0.251981 0.199709 
Latency(us)/Energy(mJ): 63529 292.718 14.5485 92.1831 74.1283 
Latency(us)/Energy(mJ): 186 0.880959 0.0436382 0.276503 0.222765 
Latency(us)/Energy(mJ): 44522 206.289 10.1913 64.5743 52.0263 
Latency(us)/Energy(mJ): 127 0.674588 0.0334157 0.21173 0.17058 
Latency(us)/Energy(mJ): 735 3.37239 0.167051 1.06059 0.852762 
Latency(us)/Energy(mJ): 130000 690.842 29.7606 244.97 170.447 
Latency(us)/Energy(mJ): 12 0 0 0 0 
Latency(us)/Energy(mJ): 1 0.24351 0.0103554 0.0862798 0.0597808 
Latency(us)/Energy(mJ): 57833 308.965 13.2319 110.247 76.3871 
Latency(us)/Energy(mJ): 12 0.241318 0.0103371 0.0861271 0.0596751 
Latency(us)/Energy(mJ): 4 0 0 0 0 
Latency(us)/Energy(mJ): 14201 75.9704 3.25425 27.114 18.7865 
Latency(us)/Energy(mJ): 129 0.63179 0.0270632 0.225487 0.156234 
0.5948 - "n02085620 Chihuahua"
0.0656 - "n02110806 basenji"
0.0383 - "n02113023 Pembroke, Pembroke Welsh corgi"
0.0311 - "n02091244 Ibizan hound, Ibizan Podenco"
0.0298 - "n02389026 sorrel"
