loading weight: /home/nvidia/caffe-build/models/bvlc_alexnet/bvlc_alexnet.caffemodel
loading prototxt: /home/nvidia/caffe-build/models/bvlc_alexnet/deploy.prototxt
---------- Prediction for /home/nvidia/Downloads/ILSVRC2012_img_train_t3/n02085620/n02085620_1152.JPEG ----------
Latency(us)/Energy(mJ): 0 0 0 0 0 
Latency(us)/Energy(mJ): 406 1.86462 0.0708958 0.249068 0.652522 
Latency(us)/Energy(mJ): 58 0.311283 0.0176009 0.0410432 0.107527 
Latency(us)/Energy(mJ): 116 0.487503 0.0274021 0.0638984 0.168845 
Latency(us)/Energy(mJ): 106 0.435866 0.0243519 0.0567856 0.15079 
Latency(us)/Energy(mJ): 2463 10.718 1.10171 1.31364 3.546 
Latency(us)/Energy(mJ): 68 0.346459 0.0461794 0.0403597 0.11148 
Latency(us)/Energy(mJ): 99 0.344258 0.0458861 0.0401034 0.110772 
Latency(us)/Energy(mJ): 106 0.563307 0.0747131 0.0652975 0.180363 
Latency(us)/Energy(mJ): 2710 12.9301 2.1917 1.44286 4.00907 
Latency(us)/Energy(mJ): 68 0.37647 0.0694694 0.0347347 0.116263 
Latency(us)/Energy(mJ): 2326 12.0423 2.36535 1.06382 3.76466 
Latency(us)/Energy(mJ): 79 0.660738 0.139507 0.0558027 0.207585 
Latency(us)/Energy(mJ): 1601 8.90863 1.90032 0.732763 2.80398 
Latency(us)/Energy(mJ): 79 0.427738 0.0918192 0.0344416 0.13521 
Latency(us)/Energy(mJ): 90 0.430809 0.0924785 0.0346889 0.136181 
Latency(us)/Energy(mJ): 1163 6.6878 1.4428 0.533561 2.1318 
Latency(us)/Energy(mJ): 72 0.441626 0.0925762 0.0347256 0.144462 
Latency(us)/Energy(mJ): 1 0 0 0 0 
Latency(us)/Energy(mJ): 7587 51.6786 10.1575 3.4774 18.5593 
Latency(us)/Energy(mJ): 74 0.562759 0.103806 0.0345766 0.212756 
Latency(us)/Energy(mJ): 0 0 0 0 0 
Latency(us)/Energy(mJ): 3334 25.326 4.71237 1.5106 9.68398 
Latency(us)/Energy(mJ): 88 0.90763 0.168084 0.0530486 0.35091 
0.5948 - "n02085620 Chihuahua"
0.0656 - "n02110806 basenji"
0.0383 - "n02113023 Pembroke, Pembroke Welsh corgi"
0.0311 - "n02091244 Ibizan hound, Ibizan Podenco"
0.0298 - "n02389026 sorrel"
