loading weight: /home/nvidia/caffe-build/models/bvlc_alexnet/bvlc_alexnet.caffemodel
loading prototxt: /home/nvidia/caffe-build/models/bvlc_alexnet/deploy.prototxt
---------- Prediction for /home/nvidia/Downloads/ILSVRC2012_img_train_t3/n02085620/n02085620_1152.JPEG ----------
Latency(us)/Energy(mJ): 0 0 0 0 0 
Latency(us)/Energy(mJ): 548 2.00704 0.0803046 0.201818 0.722308 
Latency(us)/Energy(mJ): 48 0.126366 0.00502816 0.0126366 0.0449888 
Latency(us)/Energy(mJ): 98 0.473222 0.0188298 0.0473222 0.168477 
Latency(us)/Energy(mJ): 88 0.300634 0.0119624 0.0300634 0.107032 
Latency(us)/Energy(mJ): 6813 27.4333 2.4584 2.60487 9.32408 
Latency(us)/Energy(mJ): 47 0.138498 0.0150957 0.0125907 0.046111 
Latency(us)/Energy(mJ): 75 0.331034 0.0360812 0.030094 0.110213 
Latency(us)/Energy(mJ): 81 0.33221 0.0362095 0.0302009 0.110605 
Latency(us)/Energy(mJ): 8757 37.234 4.99624 3.34997 11.9593 
Latency(us)/Energy(mJ): 52 0.196424 0.0278005 0.017381 0.06279 
Latency(us)/Energy(mJ): 6256 27.9835 4.03318 2.5515 9.11158 
Latency(us)/Energy(mJ): 56 0.150997 0.0226298 0.0150865 0.0498712 
Latency(us)/Energy(mJ): 4730 21.9749 3.25983 1.98942 7.29645 
Latency(us)/Energy(mJ): 57 0.365079 0.0538333 0.0298552 0.121615 
Latency(us)/Energy(mJ): 70 0.364893 0.0538058 0.0298399 0.121553 
Latency(us)/Energy(mJ): 4213 19.6792 2.87819 1.65308 6.59694 
Latency(us)/Energy(mJ): 52 0.369519 0.0536135 0.0357423 0.126893 
Latency(us)/Energy(mJ): 1 0 0 0 0 
Latency(us)/Energy(mJ): 21540 116.003 14.7388 8.95436 43.3031 
Latency(us)/Energy(mJ): 51 0.438219 0.047641 0.0297561 0.168852 
Latency(us)/Energy(mJ): 0 0 0 0 0 
Latency(us)/Energy(mJ): 9530 54.2078 5.85648 3.70192 20.9652 
Latency(us)/Energy(mJ): 61 0.260877 0.0277916 0.0173584 0.101098 
0.5948 - "n02085620 Chihuahua"
0.0656 - "n02110806 basenji"
0.0383 - "n02113023 Pembroke, Pembroke Welsh corgi"
0.0311 - "n02091244 Ibizan hound, Ibizan Podenco"
0.0298 - "n02389026 sorrel"
