loading weight: /home/nvidia/caffe-build/models/bvlc_alexnet/bvlc_alexnet.caffemodel
loading prototxt: /home/nvidia/caffe-build/models/bvlc_alexnet/deploy.prototxt
---------- Prediction for /home/nvidia/caffe-build/examples/images/cat.jpg ----------
Latency(us)/Energy(mJ): 0 0 0 0 0 
Latency(us)/Energy(mJ): 4271 9.33269 0.808181 1.61477 2.56845 
Latency(us)/Energy(mJ): 50 0 0 0 0 
Latency(us)/Energy(mJ): 259 0.766156 0.119604 0.119604 0.207587 
Latency(us)/Energy(mJ): 122 0.197682 0.0303881 0.0303881 0.0532985 
Latency(us)/Energy(mJ): 3215 8.81282 1.64376 1.24375 2.35836 
Latency(us)/Energy(mJ): 39 0 0 0 0 
Latency(us)/Energy(mJ): 197 0.580212 0.135639 0.0753113 0.151017 
Latency(us)/Energy(mJ): 100 0.567558 0.132681 0.0736687 0.149246 
Latency(us)/Energy(mJ): 2355 7.00082 1.73034 0.872755 1.82157 
Latency(us)/Energy(mJ): 36 0.359863 0.095298 0.0433379 0.0913272 
Latency(us)/Energy(mJ): 1684 5.17526 1.46049 0.608889 1.28313 
Latency(us)/Energy(mJ): 36 0.37772 0.112805 0.0433952 0.091448 
Latency(us)/Energy(mJ): 1458 4.74099 1.44241 0.5382 1.13561 
Latency(us)/Energy(mJ): 36 0.384823 0.120957 0.0432233 0.0932356 
Latency(us)/Energy(mJ): 53 0 0 0 0 
Latency(us)/Energy(mJ): 2000 6.77595 2.06526 0.758595 1.64979 
Latency(us)/Energy(mJ): 39 0.401703 0.122133 0.0436435 0.102825 
Latency(us)/Energy(mJ): 1 0 0 0 0 
Latency(us)/Energy(mJ): 8735 35.782 10.3669 3.34235 10.4044 
Latency(us)/Energy(mJ): 40 0 0 0 0 
Latency(us)/Energy(mJ): 0 0 0 0 0 
Latency(us)/Energy(mJ): 3754 17.981 5.04781 1.44532 5.80342 
Latency(us)/Energy(mJ): 250 0.939142 0.261953 0.0726376 0.308532 
0.3094 - "n02124075 Egyptian cat"
0.1761 - "n02123159 tiger cat"
0.1221 - "n02123045 tabby, tabby cat"
0.1132 - "n02119022 red fox, Vulpes vulpes"
0.0421 - "n02085620 Chihuahua"
