loading weight: /home/nvidia/caffe-build/models/bvlc_alexnet/bvlc_alexnet.caffemodel
loading prototxt: /home/nvidia/caffe-build/models/bvlc_alexnet/deploy.prototxt
---------- Prediction for /home/nvidia/Downloads/ILSVRC2012_img_train_t3/n02085620/n02085620_1152.JPEG ----------
Latency(us)/Energy(mJ): 0 0 0 0 0 
Latency(us)/Energy(mJ): 223 0.876186 0.035966 0.137235 0.301837 
Latency(us)/Energy(mJ): 23 0.122235 0.00631582 0.0189475 0.0416734 
Latency(us)/Energy(mJ): 52 0.328545 0.0168315 0.0504945 0.112455 
Latency(us)/Energy(mJ): 47 0.203581 0.0137738 0.0310249 0.0690948 
Latency(us)/Energy(mJ): 1249 5.99947 0.672491 0.855947 1.947 
Latency(us)/Energy(mJ): 22 0.143634 0.0215776 0.0194284 0.045446 
Latency(us)/Energy(mJ): 42 0 0 0 0 
Latency(us)/Energy(mJ): 40 0.378453 0.0564315 0.0508105 0.118854 
Latency(us)/Energy(mJ): 1464 7.95036 1.55986 1.00739 2.36728 
Latency(us)/Energy(mJ): 24 0 0 0 0 
Latency(us)/Energy(mJ): 1158 7.05813 1.66535 0.806198 2.06418 
Latency(us)/Energy(mJ): 32 0.284957 0.0725065 0.0310484 0.0831426 
Latency(us)/Energy(mJ): 819 5.26984 1.39433 0.553547 1.5384 
Latency(us)/Energy(mJ): 31 0.18872 0.051423 0.0192766 0.0548231 
Latency(us)/Energy(mJ): 37 0.306226 0.0829722 0.0311032 0.0893651 
Latency(us)/Energy(mJ): 638 4.26429 1.17448 0.425389 1.24846 
Latency(us)/Energy(mJ): 26 0.318332 0.0864634 0.0311032 0.0945339 
Latency(us)/Energy(mJ): 0 0 0 0 0 
Latency(us)/Energy(mJ): 4949 40.2917 10.5147 3.39169 12.993 
Latency(us)/Energy(mJ): 27 0.410871 0.103465 0.0310621 0.139462 
Latency(us)/Energy(mJ): 0 0 0 0 0 
Latency(us)/Energy(mJ): 2183 20.1499 5.04787 1.47837 6.93148 
Latency(us)/Energy(mJ): 34 0.708583 0.174195 0.0505393 0.247015 
0.5948 - "n02085620 Chihuahua"
0.0656 - "n02110806 basenji"
0.0383 - "n02113023 Pembroke, Pembroke Welsh corgi"
0.0311 - "n02091244 Ibizan hound, Ibizan Podenco"
0.0298 - "n02389026 sorrel"
