loading weight: /home/nvidia/caffe-build/models/bvlc_alexnet/bvlc_alexnet.caffemodel
loading prototxt: /home/nvidia/caffe-build/models/bvlc_alexnet/deploy.prototxt
---------- Prediction for /home/nvidia/Downloads/ILSVRC2012_img_train_t3/n02085620/n02085620_1152.JPEG ----------
Latency(us)/Energy(mJ): 0 0 0 0 0 
Latency(us)/Energy(mJ): 225 0.975007 0.0344006 0.155482 0.342212 
Latency(us)/Energy(mJ): 22 0 0 0 0 
Latency(us)/Energy(mJ): 47 0.199895 0.0105111 0.0315333 0.0693549 
Latency(us)/Energy(mJ): 44 0.121243 0.00637536 0.0191261 0.0420662 
Latency(us)/Energy(mJ): 1516 7.16532 0.673025 1.06082 2.39604 
Latency(us)/Energy(mJ): 22 0 0 0 0 
Latency(us)/Energy(mJ): 40 0.363488 0.0452254 0.0509342 0.117734 
Latency(us)/Energy(mJ): 39 0.22098 0.0273646 0.0308188 0.0712377 
Latency(us)/Energy(mJ): 1828 9.24867 1.53152 1.2304 2.8837 
Latency(us)/Energy(mJ): 24 0.24351 0.0448582 0.0275842 0.0743869 
Latency(us)/Energy(mJ): 1384 7.922 1.60469 0.92331 2.43132 
Latency(us)/Energy(mJ): 30 0.167693 0.0365235 0.0171776 0.0517299 
Latency(us)/Energy(mJ): 1010 6.14148 1.37363 0.609195 1.8915 
Latency(us)/Energy(mJ): 30 0.177506 0.040861 0.0171898 0.0549792 
Latency(us)/Energy(mJ): 37 0.287066 0.065685 0.027633 0.0883803 
Latency(us)/Energy(mJ): 803 5.24588 1.22653 0.495979 1.62604 
Latency(us)/Energy(mJ): 27 0.187702 0.043615 0.017446 0.0590876 
Latency(us)/Energy(mJ): 0 0 0 0 0 
Latency(us)/Energy(mJ): 5457 41.4692 9.22554 3.3142 14.1435 
Latency(us)/Energy(mJ): 26 0.384943 0.0831829 0.0277428 0.137486 
Latency(us)/Energy(mJ): 0 0 0 0 0 
Latency(us)/Energy(mJ): 2425 21.1108 4.49854 1.4772 7.65267 
Latency(us)/Energy(mJ): 33 0.256033 0.0546735 0.0174783 0.0939064 
0.5948 - "n02085620 Chihuahua"
0.0656 - "n02110806 basenji"
0.0383 - "n02113023 Pembroke, Pembroke Welsh corgi"
0.0311 - "n02091244 Ibizan hound, Ibizan Podenco"
0.0298 - "n02389026 sorrel"
