loading weight: /home/nvidia/caffe-build/models/bvlc_alexnet/bvlc_alexnet.caffemodel
loading prototxt: /home/nvidia/caffe-build/models/bvlc_alexnet/deploy.prototxt
---------- Prediction for /home/nvidia/Downloads/ILSVRC2012_img_train_t3/n02085620/n02085620_1152.JPEG ----------
Latency(us)/Energy(mJ): 0 0 0 0 0 
Latency(us)/Energy(mJ): 259 1.2221 0.0337805 0.407144 0.327804 
Latency(us)/Energy(mJ): 21 0.248335 0.00686432 0.0827331 0.066611 
Latency(us)/Energy(mJ): 51 0.149463 0.00413136 0.0497938 0.0400905 
Latency(us)/Energy(mJ): 46 0.398221 0.0164697 0.131757 0.106082 
Latency(us)/Energy(mJ): 2378 13.5947 0.957582 4.26597 3.56075 
Latency(us)/Energy(mJ): 18 0.163664 0.0147704 0.048571 0.0424028 
Latency(us)/Energy(mJ): 35 0.267448 0.027572 0.0793712 0.0692916 
Latency(us)/Energy(mJ): 37 0.163546 0.0168604 0.0485358 0.0423721 
Latency(us)/Energy(mJ): 3030 18.4203 2.34942 5.18223 4.65082 
Latency(us)/Energy(mJ): 23 0.172101 0.0253089 0.0464411 0.0429283 
Latency(us)/Energy(mJ): 2238 14.3633 2.24405 3.67594 3.68057 
Latency(us)/Energy(mJ): 29 0.181776 0.0292418 0.0438628 0.0476686 
Latency(us)/Energy(mJ): 1642 11.1278 1.91336 2.63596 2.92439 
Latency(us)/Energy(mJ): 29 0.188595 0.0335012 0.0439909 0.0498948 
Latency(us)/Energy(mJ): 38 0.313593 0.0557052 0.0731473 0.0829642 
Latency(us)/Energy(mJ): 1387 9.62193 1.68824 2.21685 2.56748 
Latency(us)/Energy(mJ): 23 0.191112 0.0332084 0.0436064 0.0520719 
Latency(us)/Energy(mJ): 1 0 0 0 0 
Latency(us)/Energy(mJ): 7642 60.757 10.2708 11.6889 18.7091 
Latency(us)/Energy(mJ): 24 0.387726 0.0620144 0.06893 0.128006 
Latency(us)/Energy(mJ): 0 0 0 0 0 
Latency(us)/Energy(mJ): 3370 29.4229 4.83544 5.10428 9.83995 
Latency(us)/Energy(mJ): 31 0.247834 0.0400517 0.0421538 0.0836162 
0.5948 - "n02085620 Chihuahua"
0.0656 - "n02110806 basenji"
0.0383 - "n02113023 Pembroke, Pembroke Welsh corgi"
0.0311 - "n02091244 Ibizan hound, Ibizan Podenco"
0.0298 - "n02389026 sorrel"
