loading weight: /home/nvidia/caffe-build/models/bvlc_alexnet/bvlc_alexnet.caffemodel
loading prototxt: /home/nvidia/caffe-build/models/bvlc_alexnet/deploy.prototxt
---------- Prediction for /home/nvidia/caffe-build/examples/images/cat.jpg ----------
Latency(us)/Energy(mJ): 0 0 0 0 0 
Latency(us)/Energy(mJ): 4890 10.8519 0.892747 1.83511 2.97937 
Latency(us)/Energy(mJ): 49 0.222408 0.034189 0.034189 0.059965 
Latency(us)/Energy(mJ): 1113 2.59123 0.398331 0.398331 0.698642 
Latency(us)/Energy(mJ): 376 0.496104 0.0757888 0.0757888 0.132928 
Latency(us)/Energy(mJ): 3595 10.4367 1.90749 1.47284 2.79061 
Latency(us)/Energy(mJ): 63 0 0 0 0 
Latency(us)/Energy(mJ): 731 2.37441 0.555078 0.308198 0.618009 
Latency(us)/Energy(mJ): 231 0 0 0 0 
Latency(us)/Energy(mJ): 2407 7.82 1.92085 0.985598 2.02538 
Latency(us)/Energy(mJ): 49 0.32513 0.0861 0.039155 0.0804625 
Latency(us)/Energy(mJ): 2047 6.52137 1.81432 0.773722 1.60847 
Latency(us)/Energy(mJ): 58 0.378551 0.113053 0.0434907 0.0916493 
Latency(us)/Energy(mJ): 1735 5.63495 1.72104 0.643364 1.35578 
Latency(us)/Energy(mJ): 47 0.329897 0.103693 0.037054 0.078085 
Latency(us)/Energy(mJ): 89 0.329217 0.103479 0.0369776 0.077924 
Latency(us)/Energy(mJ): 7642 24.3199 7.02225 2.9061 5.91515 
Latency(us)/Energy(mJ): 38 0.232349 0.06153 0.0279815 0.060358 
Latency(us)/Energy(mJ): 1 0 0 0 0 
Latency(us)/Energy(mJ): 8864 33.9917 9.0219 3.39237 10.1263 
Latency(us)/Energy(mJ): 63 0 0 0 0 
Latency(us)/Energy(mJ): 0 0.408717 0.107458 0.0358507 0.131296 
Latency(us)/Energy(mJ): 3754 16.9203 4.4719 1.41329 5.53744 
Latency(us)/Energy(mJ): 346 1.77577 0.484803 0.142303 0.593118 
0.3094 - "n02124075 Egyptian cat"
0.1761 - "n02123159 tiger cat"
0.1221 - "n02123045 tabby, tabby cat"
0.1132 - "n02119022 red fox, Vulpes vulpes"
0.0421 - "n02085620 Chihuahua"
