loading weight: /home/nvidia/caffe-build/models/bvlc_alexnet/bvlc_alexnet.caffemodel
loading prototxt: /home/nvidia/caffe-build/models/bvlc_alexnet/deploy.prototxt
---------- Prediction for /home/nvidia/Downloads/ILSVRC2012_img_train_t3/n02085620/n02085620_1152.JPEG ----------
Latency(us)/Energy(mJ): 0 0 0 0 0 
Latency(us)/Energy(mJ): 368 0.661674 0.0228942 0.115046 0.2309 
Latency(us)/Energy(mJ): 30 0.320601 0.011093 0.0556837 0.111878 
Latency(us)/Energy(mJ): 149 0.641222 0.0331317 0.0993952 0.221794 
Latency(us)/Energy(mJ): 108 0.522267 0.0269854 0.0809561 0.180649 
Latency(us)/Energy(mJ): 2937 13.6899 1.20965 2.0179 4.4607 
Latency(us)/Energy(mJ): 29 0.132211 0.0145568 0.0187276 0.0417896 
Latency(us)/Energy(mJ): 109 0.44038 0.0484872 0.0623796 0.139196 
Latency(us)/Energy(mJ): 88 0.485776 0.0534854 0.0688099 0.153545 
Latency(us)/Energy(mJ): 3773 18.7826 2.79222 2.58726 5.73116 
Latency(us)/Energy(mJ): 30 0.197167 0.03257 0.0266693 0.0595111 
Latency(us)/Energy(mJ): 2837 15.0086 2.62964 1.94167 4.57815 
Latency(us)/Energy(mJ): 38 0.217101 0.0391642 0.0271228 0.0664448 
Latency(us)/Energy(mJ): 2104 11.8003 2.20875 1.4488 3.6499 
Latency(us)/Energy(mJ): 38 0.235369 0.0441938 0.0284281 0.0728288 
Latency(us)/Energy(mJ): 44 0.175759 0.0330012 0.0212283 0.054384 
Latency(us)/Energy(mJ): 2083 12.0151 2.2956 1.4344 3.78009 
Latency(us)/Energy(mJ): 35 0.262947 0.0484018 0.0311348 0.0841139 
Latency(us)/Energy(mJ): 1 0 0 0 0 
Latency(us)/Energy(mJ): 9557 63.3951 10.9724 5.92898 22.4054 
Latency(us)/Energy(mJ): 35 0.325413 0.0553392 0.0276696 0.120612 
Latency(us)/Energy(mJ): 0 0 0 0 0 
Latency(us)/Energy(mJ): 4202 31.0696 5.15208 2.57604 11.6846 
Latency(us)/Energy(mJ): 38 0.205282 0.0333304 0.0166652 0.0778893 
0.5948 - "n02085620 Chihuahua"
0.0656 - "n02110806 basenji"
0.0383 - "n02113023 Pembroke, Pembroke Welsh corgi"
0.0311 - "n02091244 Ibizan hound, Ibizan Podenco"
0.0298 - "n02389026 sorrel"
