loading weight: /home/nvidia/caffe-build/models/bvlc_alexnet/bvlc_alexnet.caffemodel
loading prototxt: /home/nvidia/caffe-build/models/bvlc_alexnet/deploy.prototxt
---------- Prediction for /home/nvidia/Downloads/ILSVRC2012_img_train_t3/n02085620/n02085620_1152.JPEG ----------
Latency(us)/Energy(mJ): 0 0 0 0 0 
Latency(us)/Energy(mJ): 673 2.48797 0.237681 0.203051 0.860518 
Latency(us)/Energy(mJ): 89 0.352937 0.0587248 0.0260714 0.113005 
Latency(us)/Energy(mJ): 174 0.72982 0.140114 0.0520086 0.227912 
Latency(us)/Energy(mJ): 169 0.757788 0.15972 0.052033 0.23217 
Latency(us)/Energy(mJ): 881 4.39272 1.17199 0.272359 1.26548 
Latency(us)/Energy(mJ): 86 0.464955 0.152566 0.025986 0.124051 
Latency(us)/Energy(mJ): 146 0.73205 0.247081 0.0400648 0.19126 
Latency(us)/Energy(mJ): 153 0.971725 0.338867 0.052094 0.25193 
Latency(us)/Energy(mJ): 524 3.00137 1.05072 0.155946 0.775747 
Latency(us)/Energy(mJ): 92 0.774139 0.284793 0.0379481 0.198613 
Latency(us)/Energy(mJ): 1038 6.97357 2.70762 0.312076 1.76469 
Latency(us)/Energy(mJ): 87 0.625123 0.253181 0.0259738 0.156439 
Latency(us)/Energy(mJ): 701 5.4346 2.22241 0.221924 1.35381 
Latency(us)/Energy(mJ): 87 0.653608 0.272362 0.0259433 0.161104 
Latency(us)/Energy(mJ): 105 0.650336 0.268895 0.0259433 0.161104 
Latency(us)/Energy(mJ): 1353 10.0895 4.03802 0.417826 2.53585 
Latency(us)/Energy(mJ): 97 0.631856 0.246709 0.0259738 0.165385 
Latency(us)/Energy(mJ): 2 0 0 0 0 
Latency(us)/Energy(mJ): 4486 40.3133 15.3393 1.37358 11.4067 
Latency(us)/Energy(mJ): 95 0.862926 0.324289 0.0258886 0.256689 
Latency(us)/Energy(mJ): 1 0 0 0 0 
Latency(us)/Energy(mJ): 1965 20.6277 7.69343 0.594502 6.20887 
Latency(us)/Energy(mJ): 116 1.36036 0.503363 0.0379331 0.413775 
0.5948 - "n02085620 Chihuahua"
0.0656 - "n02110806 basenji"
0.0383 - "n02113023 Pembroke, Pembroke Welsh corgi"
0.0311 - "n02091244 Ibizan hound, Ibizan Podenco"
0.0298 - "n02389026 sorrel"
