loading weight: /home/nvidia/caffe-build/models/bvlc_alexnet/bvlc_alexnet.caffemodel
loading prototxt: /home/nvidia/caffe-build/models/bvlc_alexnet/deploy.prototxt
---------- Prediction for /home/nvidia/caffe-build/examples/images/cat.jpg ----------
Latency(us)/Energy(mJ): 0 0 0 0 0 
Latency(us)/Energy(mJ): 2851 9.74267 0.604586 4.11958 1.86384 
Latency(us)/Energy(mJ): 24 0 0 0 0 
Latency(us)/Energy(mJ): 296 1.09293 0.114982 0.428193 0.213409 
Latency(us)/Energy(mJ): 116 0.281766 0.0296432 0.1067 0.0550184 
Latency(us)/Energy(mJ): 3265 12.7282 1.70197 4.55586 2.5421 
Latency(us)/Energy(mJ): 23 0.30375 0.051525 0.103125 0.060375 
Latency(us)/Energy(mJ): 213 0.76302 0.129431 0.25905 0.151662 
Latency(us)/Energy(mJ): 86 0.46008 0.0780432 0.1562 0.091448 
Latency(us)/Energy(mJ): 2367 9.69824 1.78088 3.20794 1.92744 
Latency(us)/Energy(mJ): 31 0 0 0 0 
Latency(us)/Energy(mJ): 1682 7.34099 1.56754 2.239 1.42215 
Latency(us)/Energy(mJ): 20 0 0 0 0 
Latency(us)/Energy(mJ): 1457 6.72604 1.57899 1.96303 1.27491 
Latency(us)/Energy(mJ): 21 0 0 0 0 
Latency(us)/Energy(mJ): 37 0.47334 0.112245 0.13629 0.088515 
Latency(us)/Energy(mJ): 2199 9.61963 2.30418 2.79777 1.85461 
Latency(us)/Energy(mJ): 24 0 0 0 0 
Latency(us)/Energy(mJ): 1 0 0 0 0 
Latency(us)/Energy(mJ): 8694 44.4354 10.4521 11.073 10.6452 
Latency(us)/Energy(mJ): 39 0 0 0 0 
Latency(us)/Energy(mJ): 3 0 0 0 0 
Latency(us)/Energy(mJ): 3714 21.3169 5.04955 4.59884 5.84756 
Latency(us)/Energy(mJ): 172 1.10557 0.261625 0.232662 0.311915 
0.3094 - "n02124075 Egyptian cat"
0.1761 - "n02123159 tiger cat"
0.1221 - "n02123045 tabby, tabby cat"
0.1132 - "n02119022 red fox, Vulpes vulpes"
0.0421 - "n02085620 Chihuahua"
