loading weight: /home/nvidia/caffe-build/models/bvlc_alexnet/bvlc_alexnet.caffemodel
loading prototxt: /home/nvidia/caffe-build/models/bvlc_alexnet/deploy.prototxt
---------- Prediction for /home/nvidia/caffe-build/examples/images/cat.jpg ----------
Latency(us)/Energy(mJ): 0 0 0 0 0 
Latency(us)/Energy(mJ): 3068 9.0024 0.616073 3.23878 1.8718 
Latency(us)/Energy(mJ): 27 0 0 0 0 
Latency(us)/Energy(mJ): 323 1.02138 0.115073 0.34454 0.21574 
Latency(us)/Energy(mJ): 161 0.690365 0.0826648 0.231548 0.149316 
Latency(us)/Energy(mJ): 3224 11.1241 1.67654 3.30986 2.40095 
Latency(us)/Energy(mJ): 28 0 0 0 0 
Latency(us)/Energy(mJ): 220 0.788653 0.149216 0.21568 0.170502 
Latency(us)/Energy(mJ): 116 0.375082 0.0709671 0.102577 0.0810905 
Latency(us)/Energy(mJ): 2328 8.93453 1.8205 2.36855 1.89612 
Latency(us)/Energy(mJ): 24 0 0 0 0 
Latency(us)/Energy(mJ): 1727 6.719 1.58771 1.70513 1.38823 
Latency(us)/Energy(mJ): 34 0 0 0 0 
Latency(us)/Energy(mJ): 1455 6.05172 1.53394 1.48607 1.23316 
Latency(us)/Energy(mJ): 26 0 0 0 0 
Latency(us)/Energy(mJ): 39 0.466441 0.121973 0.113301 0.0940184 
Latency(us)/Energy(mJ): 2269 9.10222 2.2886 2.17541 1.87206 
Latency(us)/Energy(mJ): 26 0 0 0 0 
Latency(us)/Energy(mJ): 5 0 0 0 0 
Latency(us)/Energy(mJ): 8694 41.1002 10.2876 8.02869 10.4062 
Latency(us)/Energy(mJ): 28 0 0 0 0 
Latency(us)/Energy(mJ): 1 0 0 0 0 
Latency(us)/Energy(mJ): 3729 19.9581 4.97464 3.43193 5.70441 
Latency(us)/Energy(mJ): 175 0.553199 0.138224 0.0921496 0.161664 
0.3094 - "n02124075 Egyptian cat"
0.1761 - "n02123159 tiger cat"
0.1221 - "n02123045 tabby, tabby cat"
0.1132 - "n02119022 red fox, Vulpes vulpes"
0.0421 - "n02085620 Chihuahua"
