loading weight: /home/nvidia/caffe-build/models/bvlc_alexnet/bvlc_alexnet.caffemodel
loading prototxt: /home/nvidia/caffe-build/models/bvlc_alexnet/deploy.prototxt
---------- Prediction for /home/nvidia/Downloads/ILSVRC2012_img_train_t3/n02085620/n02085620_1152.JPEG ----------
Latency(us)/Energy(mJ): 0 0 0 0 0 
Latency(us)/Energy(mJ): 228 1.21568 0.0540914 0.405092 0.327756 
Latency(us)/Energy(mJ): 16 0 0 0 0 
Latency(us)/Energy(mJ): 61 0.454066 0.0246562 0.148099 0.120856 
Latency(us)/Energy(mJ): 43 0.196281 0.0132359 0.0636437 0.0519363 
Latency(us)/Energy(mJ): 1013 6.20523 0.730593 1.84817 1.58387 
Latency(us)/Energy(mJ): 17 0 0 0 0 
Latency(us)/Energy(mJ): 47 0.232535 0.0359337 0.0636363 0.0575809 
Latency(us)/Energy(mJ): 37 0.292398 0.0484231 0.0795717 0.0719999 
Latency(us)/Energy(mJ): 1143 8.00233 1.65145 2.05209 1.88412 
Latency(us)/Energy(mJ): 21 0 0 0 0 
Latency(us)/Energy(mJ): 1005 7.72138 1.97564 1.72788 1.80095 
Latency(us)/Energy(mJ): 34 0.286035 0.0793307 0.0601708 0.067275 
Latency(us)/Energy(mJ): 683 5.72496 1.64869 1.1634 1.34543 
Latency(us)/Energy(mJ): 32 0.302503 0.0898861 0.059936 0.0718017 
Latency(us)/Energy(mJ): 38 0.38446 0.117165 0.0758339 0.090847 
Latency(us)/Energy(mJ): 629 5.19953 1.5711 1.01053 1.2371 
Latency(us)/Energy(mJ): 23 0.386143 0.115092 0.0744479 0.0934597 
Latency(us)/Energy(mJ): 1 0 0 0 0 
Latency(us)/Energy(mJ): 4639 45.7314 13.5497 7.26236 12.2699 
Latency(us)/Energy(mJ): 23 0.411046 0.121038 0.0576608 0.117366 
Latency(us)/Energy(mJ): 0 0 0 0 0 
Latency(us)/Energy(mJ): 2079 23.0784 6.74425 3.10003 6.71991 
Latency(us)/Energy(mJ): 30 0.465871 0.136531 0.0589679 0.138122 
0.5948 - "n02085620 Chihuahua"
0.0656 - "n02110806 basenji"
0.0383 - "n02113023 Pembroke, Pembroke Welsh corgi"
0.0311 - "n02091244 Ibizan hound, Ibizan Podenco"
0.0298 - "n02389026 sorrel"
