loading weight: /home/nvidia/caffe-build/models/bvlc_alexnet/bvlc_alexnet.caffemodel
loading prototxt: /home/nvidia/caffe-build/models/bvlc_alexnet/deploy.prototxt
---------- Prediction for /home/nvidia/caffe-build/examples/images/cat.jpg ----------
Latency(us)/Energy(mJ): 0 0 0 0 0 
Latency(us)/Energy(mJ): 4115 10.1394 0.819257 2.83422 2.23178 
Latency(us)/Energy(mJ): 41 0 0 0 0 
Latency(us)/Energy(mJ): 324 0.98859 0.114299 0.257828 0.227575 
Latency(us)/Energy(mJ): 133 0.302656 0.0344955 0.0778128 0.0693303 
Latency(us)/Energy(mJ): 4254 12.0029 1.83782 2.70913 2.79474 
Latency(us)/Energy(mJ): 44 0.346358 0.0606155 0.0692263 0.0803297 
Latency(us)/Energy(mJ): 236 0.800017 0.139935 0.159899 0.185545 
Latency(us)/Energy(mJ): 119 0.346205 0.0604755 0.0691958 0.0802942 
Latency(us)/Energy(mJ): 3122 9.65236 1.92231 1.87962 2.23814 
Latency(us)/Energy(mJ): 41 0.363212 0.077734 0.0691346 0.0845231 
Latency(us)/Energy(mJ): 2558 8.17857 1.84609 1.53413 1.8742 
Latency(us)/Energy(mJ): 39 0 0 0 0 
Latency(us)/Energy(mJ): 1850 6.26084 1.51745 1.14526 1.40018 
Latency(us)/Energy(mJ): 40 0.38086 0.09513 0.0691958 0.0845977 
Latency(us)/Energy(mJ): 63 0.248526 0.062076 0.0451529 0.0552033 
Latency(us)/Energy(mJ): 2523 8.1743 1.93348 1.48928 1.85029 
Latency(us)/Energy(mJ): 43 0.388204 0.0862174 0.0689513 0.0929884 
Latency(us)/Energy(mJ): 2 0 0 0 0 
Latency(us)/Energy(mJ): 9233 37.0134 8.37764 5.65832 10.5148 
Latency(us)/Energy(mJ): 38 0 0 0 0 
Latency(us)/Energy(mJ): 1 0 0 0 0 
Latency(us)/Energy(mJ): 3944 18.1959 3.96153 2.4045 5.84848 
Latency(us)/Energy(mJ): 271 1.43626 0.321496 0.183819 0.472034 
0.3094 - "n02124075 Egyptian cat"
0.1761 - "n02123159 tiger cat"
0.1221 - "n02123045 tabby, tabby cat"
0.1132 - "n02119022 red fox, Vulpes vulpes"
0.0421 - "n02085620 Chihuahua"
