loading weight: /home/nvidia/caffe-build/models/bvlc_alexnet/bvlc_alexnet.caffemodel
loading prototxt: /home/nvidia/caffe-build/models/bvlc_alexnet/deploy.prototxt
---------- Prediction for /home/nvidia/Downloads/ILSVRC2012_img_train_t3/n02085620/n02085620_1152.JPEG ----------
Latency(us)/Energy(mJ): 0 0 0 0 0 
Latency(us)/Energy(mJ): 385 1.48134 0.111415 0.144159 0.517328 
Latency(us)/Energy(mJ): 48 0.139294 0.0154621 0.0128963 0.0465888 
Latency(us)/Energy(mJ): 95 0.332994 0.0425384 0.0304301 0.111444 
Latency(us)/Energy(mJ): 90 0.537639 0.0795337 0.047529 0.174231 
Latency(us)/Energy(mJ): 919 4.34522 0.926176 0.34335 1.31508 
Latency(us)/Energy(mJ): 48 0.421674 0.111382 0.0301752 0.118404 
Latency(us)/Energy(mJ): 78 0.42312 0.119625 0.0298475 0.118607 
Latency(us)/Energy(mJ): 80 0.430645 0.126027 0.0299618 0.119061 
Latency(us)/Energy(mJ): 813 4.61502 1.51595 0.299199 1.2111 
Latency(us)/Energy(mJ): 54 0.492694 0.175369 0.0301981 0.127609 
Latency(us)/Energy(mJ): 974 6.42813 2.41174 0.360258 1.63799 
Latency(us)/Energy(mJ): 56 0.579542 0.231827 0.0301523 0.14602 
Latency(us)/Energy(mJ): 597 4.56544 1.8702 0.228265 1.14373 
Latency(us)/Energy(mJ): 52 0.264781 0.110435 0.0128397 0.0664227 
Latency(us)/Energy(mJ): 58 0.60409 0.252688 0.0290932 0.15112 
Latency(us)/Energy(mJ): 844 6.57181 2.70492 0.320657 1.65396 
Latency(us)/Energy(mJ): 54 0.625581 0.254193 0.0302514 0.161891 
Latency(us)/Energy(mJ): 1 0 0 0 0 
Latency(us)/Energy(mJ): 4519 41.7942 16.327 1.71237 11.7105 
Latency(us)/Energy(mJ): 54 0.823932 0.312919 0.0300428 0.243505 
Latency(us)/Energy(mJ): 0 0 0 0 0 
Latency(us)/Energy(mJ): 1979 21.2891 8.07073 0.748068 6.36884 
Latency(us)/Energy(mJ): 66 0.875672 0.329098 0.029868 0.265551 
0.5948 - "n02085620 Chihuahua"
0.0656 - "n02110806 basenji"
0.0383 - "n02113023 Pembroke, Pembroke Welsh corgi"
0.0311 - "n02091244 Ibizan hound, Ibizan Podenco"
0.0298 - "n02389026 sorrel"
