loading weight: /home/nvidia/caffe-build/models/bvlc_alexnet/bvlc_alexnet.caffemodel
loading prototxt: /home/nvidia/caffe-build/models/bvlc_alexnet/deploy.prototxt
---------- Prediction for /home/nvidia/Downloads/ILSVRC2012_img_train_t3/n02085620/n02085620_1152.JPEG ----------
Latency(us)/Energy(mJ): 0 0 0 0 0 
Latency(us)/Energy(mJ): 275 0.958785 0.0362246 0.109151 0.346994 
Latency(us)/Energy(mJ): 30 0.181521 0.0102638 0.0205276 0.0652579 
Latency(us)/Energy(mJ): 63 0.30987 0.0173582 0.0347164 0.110365 
Latency(us)/Energy(mJ): 57 0.123703 0.00692954 0.0138591 0.0440586 
Latency(us)/Energy(mJ): 1508 6.77144 0.694242 0.706612 2.31019 
Latency(us)/Energy(mJ): 29 0.136695 0.0179267 0.0134377 0.0449782 
Latency(us)/Energy(mJ): 50 0.21478 0.0281671 0.0211138 0.0706713 
Latency(us)/Energy(mJ): 51 0.137534 0.0180367 0.0135202 0.0452542 
Latency(us)/Energy(mJ): 1782 8.79529 1.54361 0.819234 2.78202 
Latency(us)/Energy(mJ): 31 0.233522 0.0449376 0.0207474 0.072933 
Latency(us)/Energy(mJ): 1408 7.73217 1.64792 0.648372 2.42041 
Latency(us)/Energy(mJ): 37 0.167543 0.0379502 0.0134011 0.0526095 
Latency(us)/Energy(mJ): 994 5.71969 1.34718 0.443591 1.79992 
Latency(us)/Energy(mJ): 38 0.453597 0.108373 0.0342309 0.142978 
Latency(us)/Energy(mJ): 45 0.276692 0.065685 0.0207474 0.0875196 
Latency(us)/Energy(mJ): 753 4.66103 1.13895 0.342976 1.48247 
Latency(us)/Energy(mJ): 33 0.186308 0.0448644 0.0134358 0.0601818 
Latency(us)/Energy(mJ): 0 0 0 0 0 
Latency(us)/Energy(mJ): 5428 40.2924 9.24031 2.48797 14.0771 
Latency(us)/Energy(mJ): 33 0 0 0 0 
Latency(us)/Energy(mJ): 0 0 0 0 0 
Latency(us)/Energy(mJ): 2421 20.7053 4.52052 1.1139 7.652 
Latency(us)/Energy(mJ): 42 0.258263 0.0563499 0.0135181 0.0962237 
0.5948 - "n02085620 Chihuahua"
0.0656 - "n02110806 basenji"
0.0383 - "n02113023 Pembroke, Pembroke Welsh corgi"
0.0311 - "n02091244 Ibizan hound, Ibizan Podenco"
0.0298 - "n02389026 sorrel"
