loading weight: /home/nvidia/caffe-build/models/bvlc_alexnet/bvlc_alexnet.caffemodel
loading prototxt: /home/nvidia/caffe-build/models/bvlc_alexnet/deploy.prototxt
---------- Prediction for /home/nvidia/Downloads/ILSVRC2012_img_train_t3/n02085620/n02085620_1152.JPEG ----------
Latency(us)/Energy(mJ): 0 0 0 0 0 
Latency(us)/Energy(mJ): 313 1.29738 0.0490843 0.188225 0.448535 
Latency(us)/Energy(mJ): 35 0 0 0 0 
Latency(us)/Energy(mJ): 66 0.3157 0.0170468 0.0454828 0.108385 
Latency(us)/Energy(mJ): 63 0.328285 0.0175689 0.0468759 0.111704 
Latency(us)/Energy(mJ): 1973 9.02183 0.866454 1.214 2.97402 
Latency(us)/Energy(mJ): 32 0.143411 0.0183244 0.0183544 0.0460513 
Latency(us)/Energy(mJ): 57 0.21588 0.0275842 0.0276294 0.0693223 
Latency(us)/Energy(mJ): 59 0.362921 0.0460062 0.0460816 0.115619 
Latency(us)/Energy(mJ): 2399 11.9804 1.94707 1.45923 3.68427 
Latency(us)/Energy(mJ): 34 0.156859 0.0276632 0.0184522 0.048018 
Latency(us)/Energy(mJ): 1863 10.2466 2.00099 1.13973 3.14066 
Latency(us)/Energy(mJ): 43 0.259273 0.0518003 0.0276208 0.0796928 
Latency(us)/Energy(mJ): 1349 7.9263 1.68625 0.820792 2.44471 
Latency(us)/Energy(mJ): 42 0.181171 0.0389619 0.0183244 0.0557542 
Latency(us)/Energy(mJ): 48 0.453049 0.0974306 0.0458232 0.14085 
Latency(us)/Energy(mJ): 1048 6.43716 1.42541 0.639951 2.00722 
Latency(us)/Energy(mJ): 38 0.28508 0.0625264 0.0277794 0.0906246 
Latency(us)/Energy(mJ): 1 0 0 0 0 
Latency(us)/Energy(mJ): 6516 47.1595 9.63457 3.97186 16.3753 
Latency(us)/Energy(mJ): 39 0.362885 0.0728775 0.0277672 0.132372 
Latency(us)/Energy(mJ): 0 0 0 0 0 
Latency(us)/Energy(mJ): 2876 23.4049 4.56714 1.74077 8.65866 
Latency(us)/Energy(mJ): 46 0.630945 0.120352 0.0458842 0.23604 
0.5948 - "n02085620 Chihuahua"
0.0656 - "n02110806 basenji"
0.0383 - "n02113023 Pembroke, Pembroke Welsh corgi"
0.0311 - "n02091244 Ibizan hound, Ibizan Podenco"
0.0298 - "n02389026 sorrel"
