loading weight: /home/nvidia/caffe-build/models/bvlc_alexnet/bvlc_alexnet.caffemodel
loading prototxt: /home/nvidia/caffe-build/models/bvlc_alexnet/deploy.prototxt
---------- Prediction for /home/nvidia/caffe-build/examples/images/cat.jpg ----------
Latency(us)/Energy(mJ): 2 0 0 0 0 
Latency(us)/Energy(mJ): 3584 13.2179 0.739195 6.05056 2.40023 
Latency(us)/Energy(mJ): 21 0 0 0 0 
Latency(us)/Energy(mJ): 274 1.0292 0.0813435 0.448323 0.1927 
Latency(us)/Energy(mJ): 94 0.440312 0.0348005 0.191802 0.0830648 
Latency(us)/Energy(mJ): 4360 17.4855 1.93117 7.08915 3.34584 
Latency(us)/Energy(mJ): 19 0.316048 0.0405306 0.121744 0.0610995 
Latency(us)/Energy(mJ): 186 0.790327 0.107244 0.304439 0.152789 
Latency(us)/Energy(mJ): 66 0 0 0 0 
Latency(us)/Energy(mJ): 3204 13.6602 2.0576 5.15955 2.64716 
Latency(us)/Energy(mJ): 30 0 0 0 0 
Latency(us)/Energy(mJ): 2523 11.1835 1.91228 3.94514 2.11305 
Latency(us)/Energy(mJ): 19 0 0 0 0 
Latency(us)/Energy(mJ): 1763 7.834 1.50129 2.73008 1.44235 
Latency(us)/Energy(mJ): 18 0 0 0 0 
Latency(us)/Energy(mJ): 86 0.497068 0.095046 0.17278 0.0910857 
Latency(us)/Energy(mJ): 2289 9.98072 1.91449 3.48159 1.88448 
Latency(us)/Energy(mJ): 20 0.339713 0.064386 0.117045 0.0675286 
Latency(us)/Energy(mJ): 1 0 0 0 0 
Latency(us)/Energy(mJ): 9256 45.6773 8.50748 13.4655 10.9523 
Latency(us)/Energy(mJ): 22 0.413513 0.0767312 0.112157 0.111152 
Latency(us)/Energy(mJ): 1 0 0 0 0 
Latency(us)/Energy(mJ): 3843 21.5793 4.00976 5.51834 5.95149 
Latency(us)/Energy(mJ): 147 0.433073 0.0818622 0.105317 0.123177 
0.3094 - "n02124075 Egyptian cat"
0.1761 - "n02123159 tiger cat"
0.1221 - "n02123045 tabby, tabby cat"
0.1132 - "n02119022 red fox, Vulpes vulpes"
0.0421 - "n02085620 Chihuahua"
