loading weight: /home/nvidia/caffe-build/models/bvlc_alexnet/bvlc_alexnet.caffemodel
loading prototxt: /home/nvidia/caffe-build/models/bvlc_alexnet/deploy.prototxt
---------- Prediction for /home/nvidia/caffe-build/examples/images/cat.jpg ----------
Latency(us)/Energy(mJ): 1 0 0 0 0 
Latency(us)/Energy(mJ): 3968 13.9955 0.706021 2.07886 5.10708 
Latency(us)/Energy(mJ): 59 0.376652 0.030073 0.0526524 0.134096 
Latency(us)/Energy(mJ): 353 1.2582 0.10857 0.174725 0.444992 
Latency(us)/Energy(mJ): 176 0.82216 0.0813851 0.113769 0.294009 
Latency(us)/Energy(mJ): 2390 10.0048 1.24184 1.3059 3.47184 
Latency(us)/Energy(mJ): 60 0 0 0 0 
Latency(us)/Energy(mJ): 293 1.40562 0.223687 0.17387 0.474074 
Latency(us)/Energy(mJ): 150 0.924349 0.145816 0.113342 0.311175 
Latency(us)/Energy(mJ): 1794 8.05703 1.3972 0.960132 2.6625 
Latency(us)/Energy(mJ): 61 0 0 0 0 
Latency(us)/Energy(mJ): 1693 7.93038 1.57308 0.908281 2.54285 
Latency(us)/Energy(mJ): 61 0.535165 0.111203 0.0598614 0.16759 
Latency(us)/Energy(mJ): 1321 6.12207 1.32488 0.682078 1.92572 
Latency(us)/Energy(mJ): 55 0.475785 0.104771 0.0523854 0.148523 
Latency(us)/Energy(mJ): 106 0.555567 0.122339 0.0611697 0.173429 
Latency(us)/Energy(mJ): 2026 9.64871 2.11579 1.07345 3.06333 
Latency(us)/Energy(mJ): 60 0.55984 0.121378 0.0606891 0.182977 
Latency(us)/Energy(mJ): 7 0 0 0 0 
Latency(us)/Energy(mJ): 4936 27.381 6.10786 2.44042 9.24335 
Latency(us)/Energy(mJ): 74 0.606032 0.1421 0.044884 0.210014 
Latency(us)/Energy(mJ): 5 0 0 0 0 
Latency(us)/Energy(mJ): 2119 13.6343 3.15413 0.971917 4.7766 
Latency(us)/Energy(mJ): 459 2.82786 0.648659 0.194385 1.00271 
0.3094 - "n02124075 Egyptian cat"
0.1761 - "n02123159 tiger cat"
0.1221 - "n02123045 tabby, tabby cat"
0.1132 - "n02119022 red fox, Vulpes vulpes"
0.0421 - "n02085620 Chihuahua"
