loading weight: /home/nvidia/caffe-build/models/bvlc_alexnet/bvlc_alexnet.caffemodel
loading prototxt: /home/nvidia/caffe-build/models/bvlc_alexnet/deploy.prototxt
---------- Prediction for /home/nvidia/Downloads/ILSVRC2012_img_train_t3/n02085620/n02085620_1152.JPEG ----------
Latency(us)/Energy(mJ): 0 0 0 0 0 
Latency(us)/Energy(mJ): 221 0.865723 0.0339048 0.137496 0.303012 
Latency(us)/Energy(mJ): 22 0.123856 0.00651276 0.0195383 0.0430582 
Latency(us)/Energy(mJ): 47 0.200848 0.0104699 0.0314096 0.0700888 
Latency(us)/Energy(mJ): 43 0.125376 0.00653566 0.019607 0.0437518 
Latency(us)/Energy(mJ): 1374 6.54166 0.660767 0.957664 2.174 
Latency(us)/Energy(mJ): 22 0 0 0 0 
Latency(us)/Energy(mJ): 39 0.36954 0.0509891 0.0509891 0.119272 
Latency(us)/Energy(mJ): 41 0.226236 0.0310661 0.0310661 0.0726685 
Latency(us)/Energy(mJ): 1620 8.50604 1.51528 1.10823 2.60154 
Latency(us)/Energy(mJ): 24 0.155675 0.0302458 0.0194558 0.0465864 
Latency(us)/Energy(mJ): 1246 7.28982 1.59178 0.857458 2.18949 
Latency(us)/Energy(mJ): 30 0 0 0 0 
Latency(us)/Energy(mJ): 893 5.87647 1.41751 0.635716 1.76701 
Latency(us)/Energy(mJ): 29 0.184136 0.0452084 0.0193589 0.0556216 
Latency(us)/Energy(mJ): 36 0 0 0 0 
Latency(us)/Energy(mJ): 706 4.93597 1.23532 0.507352 1.49244 
Latency(us)/Energy(mJ): 26 0 0 0 0 
Latency(us)/Energy(mJ): 0 0 0 0 0 
Latency(us)/Energy(mJ): 5075 40.3289 9.74404 3.11819 13.4247 
Latency(us)/Energy(mJ): 26 0.248513 0.0583237 0.0172591 0.0867487 
Latency(us)/Energy(mJ): 0 0 0 0 0 
Latency(us)/Energy(mJ): 2279 20.5861 4.82044 1.38727 7.2809 
Latency(us)/Energy(mJ): 33 0 0 0 0 
0.5948 - "n02085620 Chihuahua"
0.0656 - "n02110806 basenji"
0.0383 - "n02113023 Pembroke, Pembroke Welsh corgi"
0.0311 - "n02091244 Ibizan hound, Ibizan Podenco"
0.0298 - "n02389026 sorrel"
