loading weight: /home/nvidia/caffe-build/models/bvlc_alexnet/bvlc_alexnet.caffemodel
loading prototxt: /home/nvidia/caffe-build/models/bvlc_alexnet/deploy.prototxt
---------- Prediction for /home/nvidia/caffe-build/examples/images/cat.jpg ----------
Latency(us)/Energy(mJ): 1 0 0 0 0 
Latency(us)/Energy(mJ): 8316 17.9013 1.97 5.09501 3.23547 
Latency(us)/Energy(mJ): 53 0 0 0 0 
Latency(us)/Energy(mJ): 907 2.29522 0.371915 0.59487 0.424228 
Latency(us)/Energy(mJ): 386 0.785062 0.126537 0.202394 0.14575 
Latency(us)/Energy(mJ): 9817 25.0472 5.31806 5.60215 4.71958 
Latency(us)/Energy(mJ): 65 0.282632 0.0716208 0.0556935 0.0518418 
Latency(us)/Energy(mJ): 548 1.50112 0.380395 0.295801 0.283672 
Latency(us)/Energy(mJ): 267 0.888484 0.225148 0.175079 0.169188 
Latency(us)/Energy(mJ): 5783 15.8503 4.20139 3.04696 2.94444 
Latency(us)/Energy(mJ): 66 0.333029 0.097608 0.062167 0.0600754 
Latency(us)/Energy(mJ): 3931 11.4696 3.43379 2.11175 2.0407 
Latency(us)/Energy(mJ): 59 0.309279 0.0951388 0.0555063 0.0536387 
Latency(us)/Energy(mJ): 3885 11.3064 3.50601 2.04549 1.94135 
Latency(us)/Energy(mJ): 56 0.313303 0.0963767 0.0562285 0.0523398 
Latency(us)/Energy(mJ): 65 0.335213 0.103117 0.0601607 0.0560001 
Latency(us)/Energy(mJ): 7438 21.1519 6.17641 3.97462 3.7101 
Latency(us)/Energy(mJ): 43 0.293688 0.0793414 0.0555597 0.0556636 
Latency(us)/Energy(mJ): 43 0 0 0 0 
Latency(us)/Energy(mJ): 32927 101.009 26.6591 17.588 22.6691 
Latency(us)/Energy(mJ): 99 0.704977 0.169799 0.118904 0.174466 
Latency(us)/Energy(mJ): 7 0 0 0 0 
Latency(us)/Energy(mJ): 14165 45.569 10.8193 7.41775 11.2797 
Latency(us)/Energy(mJ): 306 1.08777 0.255787 0.179118 0.269514 
0.3094 - "n02124075 Egyptian cat"
0.1761 - "n02123159 tiger cat"
0.1221 - "n02123045 tabby, tabby cat"
0.1132 - "n02119022 red fox, Vulpes vulpes"
0.0421 - "n02085620 Chihuahua"
