loading weight: /home/nvidia/caffe-build/models/bvlc_alexnet/bvlc_alexnet.caffemodel
loading prototxt: /home/nvidia/caffe-build/models/bvlc_alexnet/deploy.prototxt
---------- Prediction for /home/nvidia/caffe-build/examples/images/cat.jpg ----------
Latency(us)/Energy(mJ): 0 0 0 0 0 
Latency(us)/Energy(mJ): 4808 10.4111 0.899177 1.81133 2.89761 
Latency(us)/Energy(mJ): 39 0.185097 0.0238205 0.0298342 0.0508431 
Latency(us)/Energy(mJ): 244 0.471119 0.0602222 0.0754259 0.130081 
Latency(us)/Energy(mJ): 108 0.458312 0.0580263 0.0726755 0.127468 
Latency(us)/Energy(mJ): 4230 10.9225 1.87582 1.60295 3.0218 
Latency(us)/Energy(mJ): 38 0 0 0 0 
Latency(us)/Energy(mJ): 200 0.540841 0.10371 0.0740507 0.148489 
Latency(us)/Energy(mJ): 93 0.530798 0.107662 0.0726755 0.145731 
Latency(us)/Energy(mJ): 3131 8.80306 1.95019 1.16422 2.38162 
Latency(us)/Energy(mJ): 37 0.34043 0.0785696 0.0436244 0.089647 
Latency(us)/Energy(mJ): 2511 7.50733 1.87153 0.946042 1.94409 
Latency(us)/Energy(mJ): 37 0.239321 0.064932 0.0295286 0.0606805 
Latency(us)/Energy(mJ): 1786 5.35306 1.44178 0.655665 1.34737 
Latency(us)/Energy(mJ): 36 0.356336 0.095508 0.0434334 0.0892545 
Latency(us)/Energy(mJ): 59 0 0 0 0 
Latency(us)/Energy(mJ): 2110 6.88478 1.83674 0.835281 1.76242 
Latency(us)/Energy(mJ): 39 0 0 0 0 
Latency(us)/Energy(mJ): 2 0 0 0 0 
Latency(us)/Energy(mJ): 9252 34.8336 8.60804 3.52983 10.7539 
Latency(us)/Energy(mJ): 39 0.325655 0.07688 0.029605 0.109895 
Latency(us)/Energy(mJ): 0 0 0 0 0 
Latency(us)/Energy(mJ): 3963 17.554 4.13662 1.52523 5.99483 
Latency(us)/Energy(mJ): 250 0.869422 0.204446 0.0730575 0.303705 
0.3094 - "n02124075 Egyptian cat"
0.1761 - "n02123159 tiger cat"
0.1221 - "n02123045 tabby, tabby cat"
0.1132 - "n02119022 red fox, Vulpes vulpes"
0.0421 - "n02085620 Chihuahua"
