loading weight: /home/nvidia/caffe-build/models/bvlc_alexnet/bvlc_alexnet.caffemodel
loading prototxt: /home/nvidia/caffe-build/models/bvlc_alexnet/deploy.prototxt
---------- Prediction for /home/nvidia/caffe-build/examples/images/cat.jpg ----------
Latency(us)/Energy(mJ): 0 0 0 0 0 
Latency(us)/Energy(mJ): 2605 10.1299 0.513667 2.12255 3.47477 
Latency(us)/Energy(mJ): 33 0.472305 0.0428244 0.094416 0.159383 
Latency(us)/Energy(mJ): 225 0.794809 0.0716661 0.158004 0.266726 
Latency(us)/Energy(mJ): 123 0.318711 0.0286322 0.063126 0.106563 
Latency(us)/Energy(mJ): 2377 10.9101 1.24592 1.919 3.58298 
Latency(us)/Energy(mJ): 30 0 0 0 0 
Latency(us)/Energy(mJ): 193 0.874112 0.127851 0.141994 0.281755 
Latency(us)/Energy(mJ): 99 0.874579 0.127507 0.141613 0.280998 
Latency(us)/Energy(mJ): 1821 8.74113 1.39079 1.37653 2.7621 
Latency(us)/Energy(mJ): 29 0 0 0 0 
Latency(us)/Energy(mJ): 1531 7.91526 1.4606 1.19814 2.42286 
Latency(us)/Energy(mJ): 32 0 0 0 0 
Latency(us)/Energy(mJ): 1113 5.81185 1.17354 0.858947 1.74716 
Latency(us)/Energy(mJ): 29 0 0 0 0 
Latency(us)/Energy(mJ): 45 0.591739 0.120791 0.0862953 0.175531 
Latency(us)/Energy(mJ): 1516 7.77208 1.59084 1.13653 2.3376 
Latency(us)/Energy(mJ): 33 0.387749 0.0780174 0.0557371 0.118998 
Latency(us)/Energy(mJ): 1 0 0 0 0 
Latency(us)/Energy(mJ): 5008 29.9972 6.39716 3.83812 9.63675 
Latency(us)/Energy(mJ): 29 0 0 0 0 
Latency(us)/Energy(mJ): 1 0 0 0 0 
Latency(us)/Energy(mJ): 2164 14.6302 3.22684 1.64987 4.90731 
Latency(us)/Energy(mJ): 196 1.30128 0.292885 0.142185 0.442022 
0.3094 - "n02124075 Egyptian cat"
0.1761 - "n02123159 tiger cat"
0.1221 - "n02123045 tabby, tabby cat"
0.1132 - "n02119022 red fox, Vulpes vulpes"
0.0421 - "n02085620 Chihuahua"
