loading weight: /home/nvidia/caffe-build/models/bvlc_alexnet/bvlc_alexnet.caffemodel
loading prototxt: /home/nvidia/caffe-build/models/bvlc_alexnet/deploy.prototxt
---------- Prediction for /home/nvidia/caffe-build/examples/images/cat.jpg ----------
Latency(us)/Energy(mJ): 6 0 0 0 0 
Latency(us)/Energy(mJ): 7971 17.1777 1.8725 4.84602 3.14485 
Latency(us)/Energy(mJ): 45 0.238778 0.0384865 0.0615583 0.04433 
Latency(us)/Energy(mJ): 643 1.43255 0.2309 0.369319 0.265958 
Latency(us)/Energy(mJ): 299 0.719883 0.115402 0.184583 0.138966 
Latency(us)/Energy(mJ): 9635 24.8962 5.26526 5.90266 4.74018 
Latency(us)/Energy(mJ): 44 0.287446 0.0718616 0.0638189 0.0540006 
Latency(us)/Energy(mJ): 506 1.37751 0.344378 0.305836 0.258784 
Latency(us)/Energy(mJ): 238 0.556867 0.139217 0.123636 0.104615 
Latency(us)/Energy(mJ): 5743 16.3968 4.35252 3.23002 3.05031 
Latency(us)/Energy(mJ): 38 0 0 0 0 
Latency(us)/Energy(mJ): 3876 11.5137 3.44423 2.09511 2.02462 
Latency(us)/Energy(mJ): 39 0 0 0 0 
Latency(us)/Energy(mJ): 3775 11.4525 3.5111 2.04846 1.97954 
Latency(us)/Energy(mJ): 43 0 0 0 0 
Latency(us)/Energy(mJ): 61 0.305976 0.100641 0.0542223 0.052398 
Latency(us)/Energy(mJ): 7031 20.376 6.0979 3.77028 3.60125 
Latency(us)/Energy(mJ): 48 0.304299 0.08799 0.0560413 0.0581363 
Latency(us)/Energy(mJ): 6 0 0 0 0 
Latency(us)/Energy(mJ): 32929 101.967 27.4883 17.5758 22.6117 
Latency(us)/Energy(mJ): 40 0.337371 0.0802964 0.0562285 0.0805066 
Latency(us)/Energy(mJ): 6 0 0 0 0 
Latency(us)/Energy(mJ): 14340 46.39 10.9841 7.6654 11.2534 
Latency(us)/Energy(mJ): 283 0.941398 0.221369 0.155016 0.233249 
0.3094 - "n02124075 Egyptian cat"
0.1761 - "n02123159 tiger cat"
0.1221 - "n02123045 tabby, tabby cat"
0.1132 - "n02119022 red fox, Vulpes vulpes"
0.0421 - "n02085620 Chihuahua"
