loading weight: /home/nvidia/caffe-build/models/bvlc_alexnet/bvlc_alexnet.caffemodel
loading prototxt: /home/nvidia/caffe-build/models/bvlc_alexnet/deploy.prototxt
---------- Prediction for /home/nvidia/Downloads/ILSVRC2012_img_train_t3/n02085620/n02085620_1152.JPEG ----------
Latency(us)/Energy(mJ): 0 0 0 0 0 
Latency(us)/Energy(mJ): 193 0.700977 0.0285979 0.138902 0.235345 
Latency(us)/Energy(mJ): 19 0.210121 0.0103279 0.0413116 0.069905 
Latency(us)/Energy(mJ): 45 0.127004 0.00624254 0.0249702 0.042253 
Latency(us)/Energy(mJ): 40 0.342411 0.018775 0.0667764 0.112995 
Latency(us)/Energy(mJ): 1248 6.19209 0.650893 1.12848 1.95738 
Latency(us)/Energy(mJ): 19 0 0 0 0 
Latency(us)/Energy(mJ): 37 0.387897 0.0556074 0.0667581 0.118503 
Latency(us)/Energy(mJ): 35 0 0 0 0 
Latency(us)/Energy(mJ): 1490 8.57245 1.55172 1.39357 2.49955 
Latency(us)/Energy(mJ): 21 0 0 0 0 
Latency(us)/Energy(mJ): 1143 7.28028 1.63366 1.0663 2.07858 
Latency(us)/Energy(mJ): 27 0 0 0 0 
Latency(us)/Energy(mJ): 819 5.74598 1.4102 0.77387 1.64287 
Latency(us)/Energy(mJ): 27 0.193289 0.0485507 0.0253272 0.0550832 
Latency(us)/Energy(mJ): 31 0.31619 0.0794211 0.0414312 0.0909675 
Latency(us)/Energy(mJ): 667 4.70307 1.19778 0.557029 1.35107 
Latency(us)/Energy(mJ): 24 0.200825 0.050691 0.0232403 0.0588348 
Latency(us)/Energy(mJ): 0 0 0 0 0 
Latency(us)/Energy(mJ): 4898 40.9263 10.1476 4.29996 12.9375 
Latency(us)/Energy(mJ): 23 0.422175 0.103739 0.0414956 0.14074 
Latency(us)/Energy(mJ): 0 0 0 0 0 
Latency(us)/Energy(mJ): 2161 20.4893 4.96832 1.8969 6.91327 
Latency(us)/Energy(mJ): 30 0.72078 0.172327 0.0667403 0.245858 
0.5948 - "n02085620 Chihuahua"
0.0656 - "n02110806 basenji"
0.0383 - "n02113023 Pembroke, Pembroke Welsh corgi"
0.0311 - "n02091244 Ibizan hound, Ibizan Podenco"
0.0298 - "n02389026 sorrel"
