loading weight: /home/nvidia/caffe-build/models/bvlc_alexnet/bvlc_alexnet.caffemodel
loading prototxt: /home/nvidia/caffe-build/models/bvlc_alexnet/deploy.prototxt
---------- Prediction for /home/nvidia/Downloads/ILSVRC2012_img_train_t3/n02085620/n02085620_1152.JPEG ----------
Latency(us)/Energy(mJ): 0 0 0 0 0 
Latency(us)/Energy(mJ): 360 0.848529 0.0300808 0.120917 0.299621 
Latency(us)/Energy(mJ): 30 0.119149 0.0041952 0.0168636 0.0417864 
Latency(us)/Energy(mJ): 167 0.625801 0.0331409 0.0884239 0.219106 
Latency(us)/Energy(mJ): 117 0.634088 0.0333424 0.0889616 0.220438 
Latency(us)/Energy(mJ): 2281 10.4269 0.985193 1.39056 3.48875 
Latency(us)/Energy(mJ): 27 0.13224 0.0169247 0.0169247 0.0434613 
Latency(us)/Energy(mJ): 123 0.563714 0.0721469 0.0721469 0.185268 
Latency(us)/Energy(mJ): 95 0.485151 0.0616344 0.0617354 0.158532 
Latency(us)/Energy(mJ): 2878 14.2783 2.25981 1.75484 4.46339 
Latency(us)/Energy(mJ): 37 0.23354 0.0418062 0.027886 0.0724763 
Latency(us)/Energy(mJ): 2223 11.9488 2.23743 1.361 3.7209 
Latency(us)/Energy(mJ): 35 0.15177 0.0292846 0.0167262 0.0477382 
Latency(us)/Energy(mJ): 1656 9.42796 1.92796 1.00899 2.97326 
Latency(us)/Energy(mJ): 36 0.159787 0.0336263 0.0167994 0.050591 
Latency(us)/Energy(mJ): 52 0.42728 0.0896947 0.0448106 0.134946 
Latency(us)/Energy(mJ): 2085 12.1543 2.51128 1.19293 3.88253 
Latency(us)/Energy(mJ): 30 0.160483 0.0314371 0.0146743 0.0525692 
Latency(us)/Energy(mJ): 1 0 0 0 0 
Latency(us)/Energy(mJ): 7624 51.8269 9.83429 4.06503 18.5046 
Latency(us)/Energy(mJ): 36 0.543505 0.0997444 0.0388218 0.202189 
Latency(us)/Energy(mJ): 0 0 0 0 0 
Latency(us)/Energy(mJ): 3376 26.0258 4.68977 1.80403 9.83384 
Latency(us)/Energy(mJ): 45 0.357801 0.0656234 0.0242009 0.136141 
0.5948 - "n02085620 Chihuahua"
0.0656 - "n02110806 basenji"
0.0383 - "n02113023 Pembroke, Pembroke Welsh corgi"
0.0311 - "n02091244 Ibizan hound, Ibizan Podenco"
0.0298 - "n02389026 sorrel"
