loading weight: /home/nvidia/caffe-build/models/bvlc_alexnet/bvlc_alexnet.caffemodel
loading prototxt: /home/nvidia/caffe-build/models/bvlc_alexnet/deploy.prototxt
---------- Prediction for /home/nvidia/Downloads/ILSVRC2012_img_train_t3/n02085620/n02085620_1152.JPEG ----------
Latency(us)/Energy(mJ): 0 0 0 0 0 
Latency(us)/Energy(mJ): 141412 523.362 32.7535 75.4944 167.086 
Latency(us)/Energy(mJ): 907 3.2654 0.203879 0.47542 1.02385 
Latency(us)/Energy(mJ): 130147 468.845 29.7991 66.968 149.662 
Latency(us)/Energy(mJ): 9429 34.1118 2.15136 4.453 10.8038 
Latency(us)/Energy(mJ): 273359 1012.07 62.587 145.93 319.491 
Latency(us)/Energy(mJ): 523 1.9243 0.119227 0.278022 0.608628 
Latency(us)/Energy(mJ): 492272 1745.96 112.701 262.806 547.445 
Latency(us)/Energy(mJ): 4654 16.516 1.06438 2.48201 5.16388 
Latency(us)/Energy(mJ): 180791 662.316 41.3939 96.5255 210.911 
Latency(us)/Energy(mJ): 180 0.713841 0.0445542 0.103895 0.227441 
Latency(us)/Energy(mJ): 138174 506.753 31.6302 73.7577 161.466 
Latency(us)/Energy(mJ): 180 0.712373 0.0444626 0.103681 0.226973 
Latency(us)/Energy(mJ): 92599 340.509 21.1959 49.4263 108.201 
Latency(us)/Energy(mJ): 125 0.376513 0.0235 0.0547991 0.119963 
Latency(us)/Energy(mJ): 1132 4.26543 0.266226 0.620807 1.35903 
Latency(us)/Energy(mJ): 207599 806.779 47.5294 110.833 267.807 
Latency(us)/Energy(mJ): 12 0 0 0 0 
Latency(us)/Energy(mJ): 1 0 0 0 0 
Latency(us)/Energy(mJ): 93845 363.965 21.4891 50.11 120.493 
Latency(us)/Energy(mJ): 12 0 0 0 0 
Latency(us)/Energy(mJ): 2 0 0 0 0 
Latency(us)/Energy(mJ): 22941 88.9838 5.25515 12.2544 29.4656 
Latency(us)/Energy(mJ): 126 0.463852 0.0275258 0.0641868 0.154337 
0.5948 - "n02085620 Chihuahua"
0.0656 - "n02110806 basenji"
0.0383 - "n02113023 Pembroke, Pembroke Welsh corgi"
0.0311 - "n02091244 Ibizan hound, Ibizan Podenco"
0.0298 - "n02389026 sorrel"
