loading weight: /home/nvidia/caffe-build/models/bvlc_alexnet/bvlc_alexnet.caffemodel
loading prototxt: /home/nvidia/caffe-build/models/bvlc_alexnet/deploy.prototxt
---------- Prediction for /home/nvidia/Downloads/ILSVRC2012_img_train_t3/n02085620/n02085620_1152.JPEG ----------
Latency(us)/Energy(mJ): 0 0 0 0 0 
Latency(us)/Energy(mJ): 574 2.02817 0.0837003 0.167951 0.73505 
Latency(us)/Energy(mJ): 61 0.300779 0.0158414 0.0247538 0.108836 
Latency(us)/Energy(mJ): 119 0.438797 0.0268388 0.035746 0.157165 
Latency(us)/Energy(mJ): 112 0.309779 0.0189475 0.0252357 0.110954 
Latency(us)/Energy(mJ): 4154 16.6865 1.66911 1.48757 5.69653 
Latency(us)/Energy(mJ): 59 0.149339 0.0189784 0.0135763 0.0497205 
Latency(us)/Energy(mJ): 100 0.535335 0.0680316 0.038857 0.178233 
Latency(us)/Energy(mJ): 104 0.491718 0.0624887 0.0356911 0.163711 
Latency(us)/Energy(mJ): 5137 22.2322 3.50836 1.94396 7.16246 
Latency(us)/Energy(mJ): 64 0.363322 0.0620166 0.0309677 0.116799 
Latency(us)/Energy(mJ): 3942 18.4563 3.21275 1.50053 5.99164 
Latency(us)/Energy(mJ): 71 0.39285 0.067959 0.030861 0.12879 
Latency(us)/Energy(mJ): 2875 14.2072 2.62537 1.09459 4.68417 
Latency(us)/Energy(mJ): 70 0.408245 0.0747456 0.0310896 0.135889 
Latency(us)/Energy(mJ): 85 0.40659 0.074196 0.030861 0.134784 
Latency(us)/Energy(mJ): 2343 11.9486 2.15806 0.897621 3.98525 
Latency(us)/Energy(mJ): 63 0.235274 0.0418062 0.0173888 0.0803264 
Latency(us)/Energy(mJ): 1 0 0 0 0 
Latency(us)/Energy(mJ): 13150 78.0505 12.1703 5.00681 29.2066 
Latency(us)/Energy(mJ): 65 0.515992 0.0740601 0.0308381 0.201298 
Latency(us)/Energy(mJ): 1 0 0 0 0 
Latency(us)/Energy(mJ): 5789 37.5586 5.29415 2.20445 14.7859 
Latency(us)/Energy(mJ): 77 0.531734 0.0741333 0.0308686 0.210814 
0.5948 - "n02085620 Chihuahua"
0.0656 - "n02110806 basenji"
0.0383 - "n02113023 Pembroke, Pembroke Welsh corgi"
0.0311 - "n02091244 Ibizan hound, Ibizan Podenco"
0.0298 - "n02389026 sorrel"
