loading weight: /home/nvidia/caffe-build/models/bvlc_alexnet/bvlc_alexnet.caffemodel
loading prototxt: /home/nvidia/caffe-build/models/bvlc_alexnet/deploy.prototxt
---------- Prediction for /home/nvidia/Downloads/ILSVRC2012_img_train_t3/n02085620/n02085620_1152.JPEG ----------
Latency(us)/Energy(mJ): 0 0 0 0 0 
Latency(us)/Energy(mJ): 520 1.81941 0.0791742 0.153403 0.674469 
Latency(us)/Energy(mJ): 64 0.300345 0.0187505 0.0249734 0.109801 
Latency(us)/Energy(mJ): 119 0.296851 0.0183429 0.0244305 0.107414 
Latency(us)/Energy(mJ): 113 0.47139 0.0290235 0.0386557 0.169958 
Latency(us)/Energy(mJ): 2359 9.56372 1.06251 0.728431 3.31163 
Latency(us)/Energy(mJ): 60 0.19551 0.0281671 0.0140605 0.0662457 
Latency(us)/Energy(mJ): 98 0.498434 0.0713648 0.035624 0.167842 
Latency(us)/Energy(mJ): 108 0.349252 0.0498698 0.0248941 0.117288 
Latency(us)/Energy(mJ): 2732 12.3153 2.17951 0.839073 3.97929 
Latency(us)/Energy(mJ): 65 0.380327 0.0745074 0.0248087 0.122285 
Latency(us)/Energy(mJ): 2307 11.2022 2.31217 0.691087 3.62914 
Latency(us)/Energy(mJ): 70 0.420818 0.0927679 0.0247111 0.1366 
Latency(us)/Energy(mJ): 1608 8.62682 1.90072 0.49482 2.82152 
Latency(us)/Energy(mJ): 72 0.429827 0.0967765 0.0241743 0.141004 
Latency(us)/Energy(mJ): 85 0.445727 0.099658 0.0248941 0.145202 
Latency(us)/Energy(mJ): 1215 6.69148 1.48413 0.370727 2.2131 
Latency(us)/Energy(mJ): 66 0.453481 0.0986812 0.0246501 0.153073 
Latency(us)/Energy(mJ): 1 0 0 0 0 
Latency(us)/Energy(mJ): 7587 49.881 10.025 2.30944 18.4125 
Latency(us)/Energy(mJ): 67 0.586525 0.110995 0.0246745 0.227491 
Latency(us)/Energy(mJ): 1 0 0 0 0 
Latency(us)/Energy(mJ): 3321 24.7879 4.68338 1.01239 9.71606 
Latency(us)/Energy(mJ): 79 0.621377 0.117954 0.0248453 0.246254 
0.5948 - "n02085620 Chihuahua"
0.0656 - "n02110806 basenji"
0.0383 - "n02113023 Pembroke, Pembroke Welsh corgi"
0.0311 - "n02091244 Ibizan hound, Ibizan Podenco"
0.0298 - "n02389026 sorrel"
