loading weight: /home/nvidia/caffe-build/models/bvlc_alexnet/bvlc_alexnet.caffemodel
loading prototxt: /home/nvidia/caffe-build/models/bvlc_alexnet/deploy.prototxt
---------- Prediction for /home/nvidia/Downloads/ILSVRC2012_img_train_t3/n02085620/n02085620_1152.JPEG ----------
Latency(us)/Energy(mJ): 0 0 0 0 0 
Latency(us)/Energy(mJ): 291 1.34103 0.0444273 0.391161 0.378524 
Latency(us)/Energy(mJ): 25 0.137182 0.00627918 0.0397864 0.0388816 
Latency(us)/Energy(mJ): 66 0.36638 0.0166437 0.105459 0.10306 
Latency(us)/Energy(mJ): 56 0.369446 0.0187444 0.105546 0.103145 
Latency(us)/Energy(mJ): 1339 7.01107 0.643099 1.8959 1.91316 
Latency(us)/Energy(mJ): 20 0.253281 0.030966 0.065453 0.068342 
Latency(us)/Energy(mJ): 49 0.153966 0.0188238 0.039788 0.0415442 
Latency(us)/Energy(mJ): 45 0.41132 0.0499408 0.10556 0.110219 
Latency(us)/Energy(mJ): 1588 9.48331 1.52597 2.28415 2.4584 
Latency(us)/Energy(mJ): 30 0 0 0 0 
Latency(us)/Energy(mJ): 1289 8.48427 1.68108 1.78982 2.20726 
Latency(us)/Energy(mJ): 38 0.308716 0.0654948 0.0620596 0.0812696 
Latency(us)/Energy(mJ): 898 6.29937 1.38899 1.23337 1.67022 
Latency(us)/Energy(mJ): 37 0.320965 0.075029 0.061428 0.0855876 
Latency(us)/Energy(mJ): 46 0.193426 0.0449771 0.0368239 0.0513067 
Latency(us)/Energy(mJ): 747 5.63185 1.29407 1.05949 1.51389 
Latency(us)/Energy(mJ): 27 0.203177 0.0460504 0.0377026 0.0556889 
Latency(us)/Energy(mJ): 1 0 0 0 0 
Latency(us)/Energy(mJ): 5056 43.0153 9.63119 6.66362 13.057 
Latency(us)/Energy(mJ): 28 0.258188 0.0566498 0.0356643 0.0832534 
Latency(us)/Energy(mJ): 0 0 0 0 0 
Latency(us)/Energy(mJ): 2293 22.1238 4.85046 2.97547 7.29088 
Latency(us)/Energy(mJ): 36 0.271058 0.0585447 0.0355607 0.0903709 
0.5948 - "n02085620 Chihuahua"
0.0656 - "n02110806 basenji"
0.0383 - "n02113023 Pembroke, Pembroke Welsh corgi"
0.0311 - "n02091244 Ibizan hound, Ibizan Podenco"
0.0298 - "n02389026 sorrel"
