loading weight: /home/nvidia/caffe-build/models/bvlc_alexnet/bvlc_alexnet.caffemodel
loading prototxt: /home/nvidia/caffe-build/models/bvlc_alexnet/deploy.prototxt
---------- Prediction for /home/nvidia/Downloads/ILSVRC2012_img_train_t3/n02085620/n02085620_1152.JPEG ----------
Latency(us)/Energy(mJ): 0 0 0 0 0 
Latency(us)/Energy(mJ): 237 1.26092 0.0560505 0.439757 0.326771 
Latency(us)/Energy(mJ): 19 0 0 0 0 
Latency(us)/Energy(mJ): 63 0.420043 0.0240715 0.143357 0.107969 
Latency(us)/Energy(mJ): 42 0.422776 0.0293667 0.142404 0.107251 
Latency(us)/Energy(mJ): 962 5.95828 0.740301 1.8644 1.44753 
Latency(us)/Energy(mJ): 16 0 0 0 0 
Latency(us)/Energy(mJ): 54 0.489028 0.0796878 0.138635 0.115384 
Latency(us)/Energy(mJ): 38 0.31053 0.0523037 0.0872338 0.0726034 
Latency(us)/Energy(mJ): 1066 7.50924 1.62555 1.98785 1.67721 
Latency(us)/Energy(mJ): 24 0.341048 0.0826428 0.0861201 0.0751462 
Latency(us)/Energy(mJ): 970 7.79269 2.0704 1.82483 1.72714 
Latency(us)/Energy(mJ): 32 0.38327 0.10995 0.0824964 0.084525 
Latency(us)/Energy(mJ): 642 5.72539 1.70703 1.19407 1.27373 
Latency(us)/Energy(mJ): 32 0.247767 0.0751856 0.0501512 0.0550868 
Latency(us)/Energy(mJ): 35 0.410326 0.127475 0.0827074 0.0917062 
Latency(us)/Energy(mJ): 627 5.56122 1.73063 1.11211 1.24704 
Latency(us)/Energy(mJ): 23 0.415404 0.126968 0.0823782 0.0947642 
Latency(us)/Energy(mJ): 1 0 0 0 0 
Latency(us)/Energy(mJ): 4590 47.7421 14.8178 7.86673 12.1701 
Latency(us)/Energy(mJ): 24 0.313018 0.0979824 0.0458676 0.0854606 
Latency(us)/Energy(mJ): 1 0 0 0 0 
Latency(us)/Energy(mJ): 2032 23.9137 7.39615 3.401 6.64079 
Latency(us)/Energy(mJ): 30 0.545142 0.168431 0.0756313 0.153883 
0.5948 - "n02085620 Chihuahua"
0.0656 - "n02110806 basenji"
0.0383 - "n02113023 Pembroke, Pembroke Welsh corgi"
0.0311 - "n02091244 Ibizan hound, Ibizan Podenco"
0.0298 - "n02389026 sorrel"
