loading weight: /home/nvidia/caffe-build/models/bvlc_alexnet/bvlc_alexnet.caffemodel
loading prototxt: /home/nvidia/caffe-build/models/bvlc_alexnet/deploy.prototxt
---------- Prediction for /home/nvidia/Downloads/ILSVRC2012_img_train_t3/n02085620/n02085620_1152.JPEG ----------
Latency(us)/Energy(mJ): 0 0 0 0 0 
Latency(us)/Energy(mJ): 573 2.15473 0.18152 0.212377 0.745422 
Latency(us)/Energy(mJ): 77 0.342936 0.0498087 0.0311406 0.110867 
Latency(us)/Energy(mJ): 147 0.70987 0.118373 0.0622151 0.225216 
Latency(us)/Energy(mJ): 136 0.530238 0.101535 0.0448132 0.162999 
Latency(us)/Energy(mJ): 910 4.42099 1.06015 0.341384 1.30073 
Latency(us)/Energy(mJ): 76 0.445778 0.131346 0.0312268 0.120891 
Latency(us)/Energy(mJ): 126 0.912441 0.283034 0.0621868 0.244014 
Latency(us)/Energy(mJ): 128 0.7247 0.238015 0.0482194 0.189207 
Latency(us)/Energy(mJ): 604 3.60283 1.21971 0.230581 0.9355 
Latency(us)/Energy(mJ): 82 0.509715 0.178995 0.0308305 0.130965 
Latency(us)/Energy(mJ): 1012 7.032 2.68153 0.389999 1.78711 
Latency(us)/Energy(mJ): 79 0.611579 0.244321 0.0313106 0.152526 
Latency(us)/Energy(mJ): 605 4.38275 1.77921 0.219403 1.08685 
Latency(us)/Energy(mJ): 74 0.634152 0.262244 0.0312039 0.156675 
Latency(us)/Energy(mJ): 90 0.913691 0.378412 0.0450266 0.226078 
Latency(us)/Energy(mJ): 1140 8.52888 3.44626 0.433982 2.1481 
Latency(us)/Energy(mJ): 83 0.620043 0.243548 0.0312115 0.161464 
Latency(us)/Energy(mJ): 3 0 0 0 0 
Latency(us)/Energy(mJ): 4498 40.3735 15.6295 1.7055 11.4069 
Latency(us)/Energy(mJ): 84 0.830196 0.315847 0.0309016 0.244976 
Latency(us)/Energy(mJ): 1 0 0 0 0 
Latency(us)/Energy(mJ): 1954 21.0582 7.94638 0.753662 6.30176 
Latency(us)/Energy(mJ): 101 0.896774 0.336609 0.031122 0.271952 
0.5948 - "n02085620 Chihuahua"
0.0656 - "n02110806 basenji"
0.0383 - "n02113023 Pembroke, Pembroke Welsh corgi"
0.0311 - "n02091244 Ibizan hound, Ibizan Podenco"
0.0298 - "n02389026 sorrel"
