loading weight: /home/nvidia/caffe-build/models/bvlc_alexnet/bvlc_alexnet.caffemodel
loading prototxt: /home/nvidia/caffe-build/models/bvlc_alexnet/deploy.prototxt
---------- Prediction for /home/nvidia/caffe-build/examples/images/cat.jpg ----------
Latency(us)/Energy(mJ): 0 0 0 0 0 
Latency(us)/Energy(mJ): 2925 10.593 0.557903 1.29543 4.11588 
Latency(us)/Energy(mJ): 29 0.445639 0.0432615 0.0518685 0.169309 
Latency(us)/Energy(mJ): 214 0.745931 0.0717205 0.0859895 0.280686 
Latency(us)/Energy(mJ): 89 0.29281 0.0280797 0.0337546 0.110182 
Latency(us)/Energy(mJ): 2411 10.2386 1.25762 1.11296 3.74324 
Latency(us)/Energy(mJ): 31 0 0 0 0 
Latency(us)/Energy(mJ): 158 0.859143 0.133175 0.0887833 0.304304 
Latency(us)/Energy(mJ): 77 0.501038 0.0776653 0.0517769 0.179523 
Latency(us)/Energy(mJ): 1796 8.0647 1.37214 0.809561 2.81909 
Latency(us)/Energy(mJ): 28 0 0 0 0 
Latency(us)/Energy(mJ): 1506 7.13086 1.42363 0.687687 2.41291 
Latency(us)/Energy(mJ): 28 0.555567 0.113634 0.0524639 0.184082 
Latency(us)/Energy(mJ): 1063 4.95201 1.06925 0.464664 1.63038 
Latency(us)/Energy(mJ): 27 0 0 0 0 
Latency(us)/Energy(mJ): 42 0.558116 0.121004 0.0518914 0.182073 
Latency(us)/Energy(mJ): 1308 6.51451 1.40928 0.604354 2.1504 
Latency(us)/Energy(mJ): 31 0 0 0 0 
Latency(us)/Energy(mJ): 1 0 0 0 0 
Latency(us)/Energy(mJ): 4975 28.1439 6.33113 2.26741 9.7067 
Latency(us)/Energy(mJ): 30 0 0 0 0 
Latency(us)/Energy(mJ): 0 0 0 0 0 
Latency(us)/Energy(mJ): 2189 14.4861 3.3507 1.02331 5.16781 
Latency(us)/Energy(mJ): 191 1.25258 0.299814 0.0855275 0.451219 
0.3094 - "n02124075 Egyptian cat"
0.1761 - "n02123159 tiger cat"
0.1221 - "n02123045 tabby, tabby cat"
0.1132 - "n02119022 red fox, Vulpes vulpes"
0.0421 - "n02085620 Chihuahua"
