loading weight: /home/nvidia/caffe-build/models/bvlc_alexnet/bvlc_alexnet.caffemodel
loading prototxt: /home/nvidia/caffe-build/models/bvlc_alexnet/deploy.prototxt
---------- Prediction for /home/nvidia/caffe-build/examples/images/cat.jpg ----------
Latency(us)/Energy(mJ): 0 0 0 0 0 
Latency(us)/Energy(mJ): 6328 12.8367 1.02275 2.19933 3.49793 
Latency(us)/Energy(mJ): 59 0.260238 0.0324368 0.0406257 0.0692338 
Latency(us)/Energy(mJ): 1212 2.92943 0.365131 0.457311 0.786353 
Latency(us)/Energy(mJ): 442 1.18644 0.155415 0.184105 0.320851 
Latency(us)/Energy(mJ): 3969 10.4059 1.75397 1.50894 2.7949 
Latency(us)/Energy(mJ): 58 0.302596 0.065377 0.040874 0.079929 
Latency(us)/Energy(mJ): 861 2.34385 0.506397 0.316602 0.619114 
Latency(us)/Energy(mJ): 328 1.04975 0.226803 0.141798 0.277286 
Latency(us)/Energy(mJ): 2697 7.82306 1.73495 1.0228 2.03195 
Latency(us)/Energy(mJ): 46 0.238501 0.060356 0.030178 0.060514 
Latency(us)/Energy(mJ): 2404 7.30485 1.82227 0.915425 1.81118 
Latency(us)/Energy(mJ): 52 0 0 0 0 
Latency(us)/Energy(mJ): 1942 6.16745 1.6519 0.751222 1.48882 
Latency(us)/Energy(mJ): 34 0.22315 0.059094 0.0268737 0.0538881 
Latency(us)/Energy(mJ): 77 0 0 0 0 
Latency(us)/Energy(mJ): 7456 22.7115 5.72967 2.87709 5.52884 
Latency(us)/Energy(mJ): 51 0.223255 0.0508776 0.0282489 0.0580507 
Latency(us)/Energy(mJ): 1 0 0 0 0 
Latency(us)/Energy(mJ): 9044 32.4276 7.62564 3.42513 9.86452 
Latency(us)/Energy(mJ): 69 0.443339 0.10659 0.0410459 0.147959 
Latency(us)/Energy(mJ): 2 0 0 0 0 
Latency(us)/Energy(mJ): 3728 16.3955 3.85329 1.44581 5.55079 
Latency(us)/Energy(mJ): 364 1.68736 0.399432 0.142734 0.586257 
0.3094 - "n02124075 Egyptian cat"
0.1761 - "n02123159 tiger cat"
0.1221 - "n02123045 tabby, tabby cat"
0.1132 - "n02119022 red fox, Vulpes vulpes"
0.0421 - "n02085620 Chihuahua"
