loading weight: /home/nvidia/caffe-build/models/bvlc_alexnet/bvlc_alexnet.caffemodel
loading prototxt: /home/nvidia/caffe-build/models/bvlc_alexnet/deploy.prototxt
---------- Prediction for /home/nvidia/Downloads/ILSVRC2012_img_train_t3/n02085620/n02085620_1152.JPEG ----------
Latency(us)/Energy(mJ): 0 0 0 0 0 
Latency(us)/Energy(mJ): 402 0.934879 0.0468548 0.098941 0.339481 
Latency(us)/Energy(mJ): 47 0.185922 0.0138714 0.0173734 0.0662189 
Latency(us)/Energy(mJ): 218 0.917063 0.0730457 0.084422 0.325433 
Latency(us)/Energy(mJ): 165 0.755294 0.0734973 0.0678738 0.262656 
Latency(us)/Energy(mJ): 1110 4.99021 0.671599 0.419585 1.68812 
Latency(us)/Energy(mJ): 49 0.213454 0.034396 0.0171755 0.0708207 
Latency(us)/Energy(mJ): 160 0.84739 0.146031 0.0673151 0.277564 
Latency(us)/Energy(mJ): 137 0.584532 0.106565 0.045781 0.188771 
Latency(us)/Energy(mJ): 1209 6.11476 1.30475 0.45672 1.90339 
Latency(us)/Energy(mJ): 49 0.394517 0.0905005 0.0282397 0.12215 
Latency(us)/Energy(mJ): 1249 7.11803 1.77553 0.475069 2.19375 
Latency(us)/Energy(mJ): 64 0.444696 0.11858 0.0282016 0.136522 
Latency(us)/Energy(mJ): 805 5.05141 1.37332 0.308671 1.55022 
Latency(us)/Energy(mJ): 52 0.292527 0.0830088 0.0172822 0.0894046 
Latency(us)/Energy(mJ): 60 0.185086 0.052521 0.0109347 0.0565677 
Latency(us)/Energy(mJ): 2355 14.8871 3.97397 0.912487 4.61133 
Latency(us)/Energy(mJ): 47 0.174909 0.0439793 0.0109804 0.0562278 
Latency(us)/Energy(mJ): 1 0 0 0 0 
Latency(us)/Energy(mJ): 5003 36.4764 9.14242 1.90787 12.4681 
Latency(us)/Energy(mJ): 48 0.241075 0.0599701 0.0111023 0.0858464 
Latency(us)/Energy(mJ): 1 0.371623 0.0924454 0.0171145 0.132334 
Latency(us)/Energy(mJ): 2157 18.482 4.62216 0.817336 6.66194 
Latency(us)/Energy(mJ): 67 0.658013 0.162936 0.0281026 0.239941 
0.5948 - "n02085620 Chihuahua"
0.0656 - "n02110806 basenji"
0.0383 - "n02113023 Pembroke, Pembroke Welsh corgi"
0.0311 - "n02091244 Ibizan hound, Ibizan Podenco"
0.0298 - "n02389026 sorrel"
