loading weight: /home/nvidia/caffe-build/models/bvlc_alexnet/bvlc_alexnet.caffemodel
loading prototxt: /home/nvidia/caffe-build/models/bvlc_alexnet/deploy.prototxt
---------- Prediction for /home/nvidia/Downloads/ILSVRC2012_img_train_t3/n02085620/n02085620_1152.JPEG ----------
Latency(us)/Energy(mJ): 0 0 0 0 0 
Latency(us)/Energy(mJ): 341 0.650112 0.0291164 0.082738 0.23356 
Latency(us)/Energy(mJ): 39 0.310732 0.0167216 0.0389927 0.110552 
Latency(us)/Energy(mJ): 178 0.626215 0.0442921 0.0775475 0.219863 
Latency(us)/Energy(mJ): 124 0.647463 0.0526696 0.0787864 0.225293 
Latency(us)/Energy(mJ): 1149 5.42554 0.690213 0.618863 1.81669 
Latency(us)/Energy(mJ): 33 0 0 0 0 
Latency(us)/Energy(mJ): 123 0.718993 0.116446 0.0776436 0.232635 
Latency(us)/Energy(mJ): 113 0.597158 0.100143 0.0637382 0.19217 
Latency(us)/Energy(mJ): 1302 6.89186 1.41181 0.69891 2.12305 
Latency(us)/Energy(mJ): 39 0.232083 0.0515506 0.0225455 0.0702541 
Latency(us)/Energy(mJ): 1217 6.95326 1.69801 0.634307 2.11749 
Latency(us)/Energy(mJ): 46 0.449304 0.116818 0.0389393 0.136725 
Latency(us)/Energy(mJ): 815 5.09494 1.38626 0.426239 1.54705 
Latency(us)/Energy(mJ): 45 0.478705 0.13348 0.03895 0.145151 
Latency(us)/Energy(mJ): 54 0.283051 0.0784704 0.0228979 0.0853312 
Latency(us)/Energy(mJ): 1975 12.8595 3.4774 1.0626 3.92338 
Latency(us)/Energy(mJ): 40 0 0 0 0 
Latency(us)/Energy(mJ): 1 0.293877 0.0738842 0.0246281 0.0926551 
Latency(us)/Energy(mJ): 4924 37.0701 9.45405 2.55274 12.4568 
Latency(us)/Energy(mJ): 34 0.237376 0.0595813 0.0127594 0.0833412 
Latency(us)/Energy(mJ): 0 0 0 0 0 
Latency(us)/Energy(mJ): 2164 19.1681 4.82877 0.990484 6.8025 
Latency(us)/Energy(mJ): 54 0.672231 0.167947 0.0335895 0.241888 
0.5948 - "n02085620 Chihuahua"
0.0656 - "n02110806 basenji"
0.0383 - "n02113023 Pembroke, Pembroke Welsh corgi"
0.0311 - "n02091244 Ibizan hound, Ibizan Podenco"
0.0298 - "n02389026 sorrel"
