loading weight: /home/nvidia/caffe-build/models/bvlc_alexnet/bvlc_alexnet.caffemodel
loading prototxt: /home/nvidia/caffe-build/models/bvlc_alexnet/deploy.prototxt
---------- Prediction for /home/nvidia/Downloads/ILSVRC2012_img_train_t3/n02085620/n02085620_1152.JPEG ----------
Latency(us)/Energy(mJ): 0 0 0 0 0 
Latency(us)/Energy(mJ): 225 0.892664 0.0399978 0.139324 0.308694 
Latency(us)/Energy(mJ): 22 0.12773 0.00659978 0.0197993 0.0440946 
Latency(us)/Energy(mJ): 52 0.198736 0.0135603 0.030544 0.0680238 
Latency(us)/Energy(mJ): 45 0.124691 0.0084363 0.0190024 0.0423198 
Latency(us)/Energy(mJ): 1163 5.70346 0.683624 0.805398 1.83743 
Latency(us)/Energy(mJ): 22 0.234457 0.0378725 0.0310112 0.07254 
Latency(us)/Energy(mJ): 41 0.146886 0.0237269 0.0194284 0.045446 
Latency(us)/Energy(mJ): 40 0.236905 0.0379899 0.0311074 0.072765 
Latency(us)/Energy(mJ): 1325 7.51927 1.5705 0.923768 2.18918 
Latency(us)/Energy(mJ): 24 0 0 0 0 
Latency(us)/Energy(mJ): 1082 6.8775 1.74191 0.75244 1.94439 
Latency(us)/Energy(mJ): 33 0.300879 0.0794913 0.0310895 0.084975 
Latency(us)/Energy(mJ): 761 5.21715 1.45826 0.521113 1.47398 
Latency(us)/Energy(mJ): 32 0 0 0 0 
Latency(us)/Energy(mJ): 34 0.519358 0.150678 0.0502015 0.145628 
Latency(us)/Energy(mJ): 650 4.59135 1.34625 0.435473 1.30018 
Latency(us)/Energy(mJ): 27 0.205568 0.0599081 0.0192492 0.0590382 
Latency(us)/Energy(mJ): 0 0 0 0 0 
Latency(us)/Energy(mJ): 4761 40.4481 11.3689 3.2592 12.6223 
Latency(us)/Energy(mJ): 26 0.428319 0.117379 0.0310895 0.140492 
Latency(us)/Energy(mJ): 0 0 0 0 0 
Latency(us)/Energy(mJ): 2110 20.686 5.65117 1.45184 6.88935 
Latency(us)/Energy(mJ): 34 0.282736 0.077351 0.0193307 0.0955811 
0.5948 - "n02085620 Chihuahua"
0.0656 - "n02110806 basenji"
0.0383 - "n02113023 Pembroke, Pembroke Welsh corgi"
0.0311 - "n02091244 Ibizan hound, Ibizan Podenco"
0.0298 - "n02389026 sorrel"
