loading weight: /home/nvidia/caffe-build/models/bvlc_alexnet/bvlc_alexnet.caffemodel
loading prototxt: /home/nvidia/caffe-build/models/bvlc_alexnet/deploy.prototxt
---------- Prediction for /home/nvidia/Downloads/ILSVRC2012_img_train_t3/n02085620/n02085620_1152.JPEG ----------
Latency(us)/Energy(mJ): 0 0 0 0 0 
Latency(us)/Energy(mJ): 1040 3.43763 0.317314 0.208482 1.21545 
Latency(us)/Energy(mJ): 133 0.663385 0.111582 0.0363423 0.219006 
Latency(us)/Energy(mJ): 538 2.37598 0.420688 0.126261 0.77049 
Latency(us)/Energy(mJ): 392 1.70502 0.30634 0.0901298 0.553584 
Latency(us)/Energy(mJ): 1433 6.63124 1.50812 0.327662 2.04565 
Latency(us)/Energy(mJ): 76 0.800778 0.231762 0.0355729 0.226175 
Latency(us)/Energy(mJ): 225 1.40618 0.395531 0.0624666 0.397806 
Latency(us)/Energy(mJ): 334 1.63383 0.459563 0.0725793 0.465355 
Latency(us)/Energy(mJ): 943 5.00011 1.44977 0.21793 1.42975 
Latency(us)/Energy(mJ): 139 0.909242 0.283642 0.0366766 0.258906 
Latency(us)/Energy(mJ): 1272 7.73505 2.57534 0.290296 2.17555 
Latency(us)/Energy(mJ): 135 0.803357 0.277827 0.0286368 0.224959 
Latency(us)/Energy(mJ): 1116 7.1435 2.50814 0.254776 2.01511 
Latency(us)/Energy(mJ): 140 1.0342 0.3637 0.0362429 0.29201 
Latency(us)/Energy(mJ): 155 1.0243 0.359785 0.0361061 0.28774 
Latency(us)/Energy(mJ): 5158 29.3864 8.87933 1.1785 8.64189 
Latency(us)/Energy(mJ): 146 0.879952 0.233849 0.0363881 0.276865 
Latency(us)/Energy(mJ): 3 0 0 0 0 
Latency(us)/Energy(mJ): 4581 32.5979 9.44965 1.04563 10.7263 
Latency(us)/Energy(mJ): 153 1.35194 0.403658 0.036594 0.457371 
Latency(us)/Energy(mJ): 1 0 0 0 0 
Latency(us)/Energy(mJ): 1940 17.2479 5.2372 0.442767 5.87391 
Latency(us)/Energy(mJ): 166 1.50535 0.456904 0.0369542 0.515412 
0.5948 - "n02085620 Chihuahua"
0.0656 - "n02110806 basenji"
0.0383 - "n02113023 Pembroke, Pembroke Welsh corgi"
0.0311 - "n02091244 Ibizan hound, Ibizan Podenco"
0.0298 - "n02389026 sorrel"
