loading weight: /home/nvidia/caffe-build/models/bvlc_alexnet/bvlc_alexnet.caffemodel
loading prototxt: /home/nvidia/caffe-build/models/bvlc_alexnet/deploy.prototxt
---------- Prediction for /home/nvidia/Downloads/ILSVRC2012_img_train_t3/n02085620/n02085620_1152.JPEG ----------
Latency(us)/Energy(mJ): 0 0 0 0 0 
Latency(us)/Energy(mJ): 300 1.35527 0.0821341 0.27654 0.419007 
Latency(us)/Energy(mJ): 27 0 0 0 0 
Latency(us)/Energy(mJ): 70 0.37585 0.034104 0.0735548 0.11234 
Latency(us)/Energy(mJ): 62 0.391241 0.0409204 0.0747273 0.11568 
Latency(us)/Energy(mJ): 919 4.90135 0.860402 0.848766 1.35871 
Latency(us)/Energy(mJ): 29 0 0 0 0 
Latency(us)/Energy(mJ): 50 0.466379 0.107718 0.0741777 0.122604 
Latency(us)/Energy(mJ): 47 0.260581 0.0612633 0.0408719 0.0675547 
Latency(us)/Energy(mJ): 950 5.82167 1.6537 0.845779 1.42668 
Latency(us)/Energy(mJ): 29 0.307253 0.0952905 0.0423462 0.0745108 
Latency(us)/Energy(mJ): 988 7.29805 2.50317 0.919996 1.73566 
Latency(us)/Energy(mJ): 39 0.355765 0.127735 0.0414312 0.0831794 
Latency(us)/Energy(mJ): 599 4.57982 1.7026 0.511775 1.07566 
Latency(us)/Energy(mJ): 38 0.29893 0.114596 0.0300004 0.0705618 
Latency(us)/Energy(mJ): 44 0.677423 0.258001 0.0675428 0.158863 
Latency(us)/Energy(mJ): 697 5.84195 2.23572 0.579578 1.37719 
Latency(us)/Energy(mJ): 32 0.299287 0.113187 0.0296317 0.0723819 
Latency(us)/Energy(mJ): 1 0 0 0 0 
Latency(us)/Energy(mJ): 4563 44.5702 16.4842 3.79839 11.8347 
Latency(us)/Energy(mJ): 31 0.487826 0.176685 0.0373637 0.137491 
Latency(us)/Energy(mJ): 2 0 0 0 0 
Latency(us)/Energy(mJ): 2009 22.815 8.26631 1.64396 6.52121 
Latency(us)/Energy(mJ): 38 0.411782 0.147898 0.0268937 0.11899 
0.5948 - "n02085620 Chihuahua"
0.0656 - "n02110806 basenji"
0.0383 - "n02113023 Pembroke, Pembroke Welsh corgi"
0.0311 - "n02091244 Ibizan hound, Ibizan Podenco"
0.0298 - "n02389026 sorrel"
