loading weight: /home/nvidia/caffe-build/models/bvlc_alexnet/bvlc_alexnet.caffemodel
loading prototxt: /home/nvidia/caffe-build/models/bvlc_alexnet/deploy.prototxt
---------- Prediction for /home/nvidia/caffe-build/examples/images/cat.jpg ----------
Latency(us)/Energy(mJ): 0 0 0 0 0 
Latency(us)/Energy(mJ): 2291 11.857 0.495485 4.20491 3.32171 
Latency(us)/Energy(mJ): 20 0 0 0 0 
Latency(us)/Energy(mJ): 236 1.07 0.0760286 0.365576 0.295981 
Latency(us)/Energy(mJ): 83 0.588042 0.0416052 0.200054 0.163254 
Latency(us)/Energy(mJ): 2398 13.2266 1.23177 4.18708 3.62998 
Latency(us)/Energy(mJ): 20 0 0 0 0 
Latency(us)/Energy(mJ): 146 1.10528 0.130683 0.334518 0.299275 
Latency(us)/Energy(mJ): 64 0.655626 0.077518 0.198428 0.177523 
Latency(us)/Energy(mJ): 1824 10.5723 1.41994 3.13551 2.8355 
Latency(us)/Energy(mJ): 17 0 0 0 0 
Latency(us)/Energy(mJ): 1476 9.24883 1.46798 2.65987 2.44032 
Latency(us)/Energy(mJ): 18 0 0 0 0 
Latency(us)/Energy(mJ): 1040 6.61945 1.15977 1.78704 1.7136 
Latency(us)/Energy(mJ): 16 0 0 0 0 
Latency(us)/Energy(mJ): 29 0.481707 0.0880308 0.129199 0.12389 
Latency(us)/Energy(mJ): 1350 8.30007 1.47289 2.22526 2.15416 
Latency(us)/Energy(mJ): 18 0 0 0 0 
Latency(us)/Energy(mJ): 1 0 0 0 0 
Latency(us)/Energy(mJ): 5015 35.2306 6.60967 8.404 9.85976 
Latency(us)/Energy(mJ): 20 0 0 0 0 
Latency(us)/Energy(mJ): 0 0 0 0 0 
Latency(us)/Energy(mJ): 2199 16.7333 3.32188 3.46609 4.95876 
Latency(us)/Energy(mJ): 124 1.53248 0.308673 0.308866 0.461178 
0.3094 - "n02124075 Egyptian cat"
0.1761 - "n02123159 tiger cat"
0.1221 - "n02123045 tabby, tabby cat"
0.1132 - "n02119022 red fox, Vulpes vulpes"
0.0421 - "n02085620 Chihuahua"
