loading weight: /home/nvidia/caffe-build/models/bvlc_alexnet/bvlc_alexnet.caffemodel
loading prototxt: /home/nvidia/caffe-build/models/bvlc_alexnet/deploy.prototxt
---------- Prediction for /home/nvidia/caffe-build/examples/images/cat.jpg ----------
Latency(us)/Energy(mJ): 1 0 0 0 0 
Latency(us)/Energy(mJ): 12824 22.8257 2.61955 4.90226 4.4318 
Latency(us)/Energy(mJ): 62 0 0 0 0 
Latency(us)/Energy(mJ): 608 1.26051 0.234147 0.234147 0.246406 
Latency(us)/Energy(mJ): 252 0.63241 0.117045 0.117045 0.123173 
Latency(us)/Energy(mJ): 9776 22.5797 5.30882 3.75046 4.4641 
Latency(us)/Energy(mJ): 64 0 0 0 0 
Latency(us)/Energy(mJ): 478 1.27334 0.348334 0.193407 0.246305 
Latency(us)/Energy(mJ): 197 0.503969 0.137428 0.0763045 0.0994755 
Latency(us)/Energy(mJ): 5714 14.815 4.26594 2.18842 2.85297 
Latency(us)/Energy(mJ): 57 0 0 0 0 
Latency(us)/Energy(mJ): 3829 10.6554 3.41825 1.49033 1.9429 
Latency(us)/Energy(mJ): 56 0 0 0 0 
Latency(us)/Energy(mJ): 3760 10.696 3.50092 1.4584 1.90126 
Latency(us)/Energy(mJ): 53 0.234017 0.0821708 0.0316105 0.0412095 
Latency(us)/Energy(mJ): 82 0 0 0 0 
Latency(us)/Energy(mJ): 6743 18.6203 5.89919 2.60174 3.42932 
Latency(us)/Energy(mJ): 66 0.243552 0.07434 0.033807 0.047436 
Latency(us)/Energy(mJ): 5 0 0 0 0 
Latency(us)/Energy(mJ): 32977 97.9354 27.6364 12.6124 22.8229 
Latency(us)/Energy(mJ): 63 0.260915 0.0652074 0.0326037 0.0653781 
Latency(us)/Energy(mJ): 2 0 0 0 0 
Latency(us)/Energy(mJ): 14284 44.2259 11.013 5.44006 11.307 
Latency(us)/Energy(mJ): 407 1.51874 0.370234 0.185117 0.390103 
0.3094 - "n02124075 Egyptian cat"
0.1761 - "n02123159 tiger cat"
0.1221 - "n02123045 tabby, tabby cat"
0.1132 - "n02119022 red fox, Vulpes vulpes"
0.0421 - "n02085620 Chihuahua"
