loading weight: /home/nvidia/caffe-build/models/bvlc_alexnet/bvlc_alexnet.caffemodel
loading prototxt: /home/nvidia/caffe-build/models/bvlc_alexnet/deploy.prototxt
---------- Prediction for /home/nvidia/Downloads/ILSVRC2012_img_train_t3/n02085620/n02085620_1152.JPEG ----------
Latency(us)/Energy(mJ): 0 0 0 0 0 
Latency(us)/Energy(mJ): 481 1.7486 0.0996142 0.143057 0.624022 
Latency(us)/Energy(mJ): 63 0.1363 0.0134569 0.0107726 0.0473641 
Latency(us)/Energy(mJ): 117 0.636179 0.0641532 0.0492087 0.218558 
Latency(us)/Energy(mJ): 116 0.327054 0.0371896 0.024766 0.110432 
Latency(us)/Energy(mJ): 1130 4.98653 0.821209 0.347096 1.61265 
Latency(us)/Energy(mJ): 61 0.379834 0.0799354 0.0245769 0.117324 
Latency(us)/Energy(mJ): 100 0.389006 0.0812051 0.0249673 0.119188 
Latency(us)/Energy(mJ): 104 0.606895 0.135081 0.0385764 0.184155 
Latency(us)/Energy(mJ): 1030 5.09504 1.28099 0.306952 1.50032 
Latency(us)/Energy(mJ): 67 0.433756 0.118117 0.0248453 0.127974 
Latency(us)/Energy(mJ): 1165 6.81393 1.96829 0.359851 1.99348 
Latency(us)/Energy(mJ): 72 0.499799 0.154624 0.0247172 0.14571 
Latency(us)/Energy(mJ): 706 4.3743 1.36641 0.209181 1.27817 
Latency(us)/Energy(mJ): 65 0.536498 0.174169 0.0248697 0.156662 
Latency(us)/Energy(mJ): 75 0.536265 0.173529 0.0247782 0.156277 
Latency(us)/Energy(mJ): 988 6.33038 1.97802 0.298442 1.86321 
Latency(us)/Energy(mJ): 67 0.543056 0.164629 0.0253211 0.164308 
Latency(us)/Energy(mJ): 1 0 0 0 0 
Latency(us)/Energy(mJ): 4763 37.135 10.8456 1.44725 12.0488 
Latency(us)/Energy(mJ): 68 0.722283 0.205375 0.0248246 0.245307 
Latency(us)/Energy(mJ): 1 0 0 0 0 
Latency(us)/Energy(mJ): 2078 18.9323 5.32597 0.626982 6.52089 
Latency(us)/Energy(mJ): 82 0.772371 0.217492 0.0248003 0.26848 
0.5948 - "n02085620 Chihuahua"
0.0656 - "n02110806 basenji"
0.0383 - "n02113023 Pembroke, Pembroke Welsh corgi"
0.0311 - "n02091244 Ibizan hound, Ibizan Podenco"
0.0298 - "n02389026 sorrel"
