loading weight: /home/nvidia/caffe-build/models/bvlc_alexnet/bvlc_alexnet.caffemodel
loading prototxt: /home/nvidia/caffe-build/models/bvlc_alexnet/deploy.prototxt
---------- Prediction for /home/nvidia/caffe-build/examples/images/cat.jpg ----------
Latency(us)/Energy(mJ): 0 0 0 0 0 
Latency(us)/Energy(mJ): 3099 11.3046 0.623763 5.20092 2.00131 
Latency(us)/Energy(mJ): 25 0.443089 0.0434334 0.19113 0.0806133 
Latency(us)/Energy(mJ): 278 1.03156 0.0999534 0.440674 0.185864 
Latency(us)/Energy(mJ): 179 0.741234 0.0714947 0.31544 0.134459 
Latency(us)/Energy(mJ): 3247 13.2189 1.67237 5.31118 2.44589 
Latency(us)/Energy(mJ): 29 0.492986 0.0777684 0.181573 0.091126 
Latency(us)/Energy(mJ): 202 0.819176 0.129225 0.301712 0.151421 
Latency(us)/Energy(mJ): 83 0.328149 0.0517655 0.120861 0.0606568 
Latency(us)/Energy(mJ): 2353 10.5394 1.82412 3.80276 1.96285 
Latency(us)/Energy(mJ): 28 0 0 0 0 
Latency(us)/Energy(mJ): 1656 7.79718 1.58166 2.71453 1.42665 
Latency(us)/Energy(mJ): 19 0 0 0 0 
Latency(us)/Energy(mJ): 1440 6.57249 1.45374 2.21926 1.17396 
Latency(us)/Energy(mJ): 24 0.542804 0.121432 0.17362 0.0958491 
Latency(us)/Energy(mJ): 29 0 0 0 0 
Latency(us)/Energy(mJ): 2248 10.6714 2.39798 3.44674 1.94285 
Latency(us)/Energy(mJ): 21 0 0 0 0 
Latency(us)/Energy(mJ): 2 0 0 0 0 
Latency(us)/Energy(mJ): 8766 46.3519 10.3921 12.988 10.5518 
Latency(us)/Energy(mJ): 19 0.714032 0.161736 0.180815 0.181563 
Latency(us)/Energy(mJ): 3 0 0 0 0 
Latency(us)/Energy(mJ): 3797 22.2304 5.04293 5.45258 5.83884 
Latency(us)/Energy(mJ): 138 1.14037 0.257987 0.272455 0.305525 
0.3094 - "n02124075 Egyptian cat"
0.1761 - "n02123159 tiger cat"
0.1221 - "n02123045 tabby, tabby cat"
0.1132 - "n02119022 red fox, Vulpes vulpes"
0.0421 - "n02085620 Chihuahua"
