loading weight: /home/nvidia/caffe-build/models/bvlc_alexnet/bvlc_alexnet.caffemodel
loading prototxt: /home/nvidia/caffe-build/models/bvlc_alexnet/deploy.prototxt
---------- Prediction for /home/nvidia/Downloads/ILSVRC2012_img_train_t3/n02085620/n02085620_1152.JPEG ----------
Latency(us)/Energy(mJ): 1 0 0 0 0 
Latency(us)/Energy(mJ): 243 1.24746 0.0393878 0.429746 0.328304 
Latency(us)/Energy(mJ): 18 0 0 0 0 
Latency(us)/Energy(mJ): 53 0.405555 0.0163248 0.136613 0.10561 
Latency(us)/Energy(mJ): 44 0.412487 0.0220637 0.138025 0.106701 
Latency(us)/Energy(mJ): 1153 6.84591 0.667051 2.16039 1.71583 
Latency(us)/Energy(mJ): 18 0.173887 0.0230222 0.0523555 0.0431082 
Latency(us)/Energy(mJ): 42 0.285545 0.0378053 0.0859745 0.0707893 
Latency(us)/Energy(mJ): 40 0.174165 0.0229215 0.0521266 0.0429197 
Latency(us)/Energy(mJ): 1330 8.98158 1.56283 2.51789 2.13668 
Latency(us)/Energy(mJ): 20 0.190293 0.0376202 0.0501694 0.0446346 
Latency(us)/Energy(mJ): 1108 7.92951 1.73504 1.98709 1.89577 
Latency(us)/Energy(mJ): 34 0.346503 0.082716 0.082716 0.0838912 
Latency(us)/Energy(mJ): 749 5.91875 1.4486 1.35276 1.44165 
Latency(us)/Energy(mJ): 36 0.365002 0.0928981 0.0791304 0.0889709 
Latency(us)/Energy(mJ): 39 0.219939 0.0559776 0.0476816 0.054128 
Latency(us)/Energy(mJ): 689 5.72431 1.47324 1.22209 1.41138 
Latency(us)/Energy(mJ): 25 0.225191 0.0580875 0.0477167 0.0567537 
Latency(us)/Energy(mJ): 2 0 0 0 0 
Latency(us)/Energy(mJ): 4816 45.7461 11.5165 8.23993 12.5868 
Latency(us)/Energy(mJ): 23 0 0 0 0 
Latency(us)/Energy(mJ): 0 0 0 0 0 
Latency(us)/Energy(mJ): 2148 23.1083 5.7279 3.52313 6.91443 
Latency(us)/Energy(mJ): 32 0.493508 0.123738 0.0722108 0.150338 
0.5948 - "n02085620 Chihuahua"
0.0656 - "n02110806 basenji"
0.0383 - "n02113023 Pembroke, Pembroke Welsh corgi"
0.0311 - "n02091244 Ibizan hound, Ibizan Podenco"
0.0298 - "n02389026 sorrel"
