loading weight: /home/nvidia/caffe-build/models/bvlc_alexnet/bvlc_alexnet.caffemodel
loading prototxt: /home/nvidia/caffe-build/models/bvlc_alexnet/deploy.prototxt
---------- Prediction for /home/nvidia/Downloads/ILSVRC2012_img_train_t3/n02085620/n02085620_1152.JPEG ----------
Latency(us)/Energy(mJ): 0 0 0 0 0 
Latency(us)/Energy(mJ): 339 1.36554 0.0454054 0.342034 0.408274 
Latency(us)/Energy(mJ): 34 0.337241 0.0167124 0.0835621 0.100712 
Latency(us)/Energy(mJ): 72 0.339362 0.0166804 0.0834018 0.100519 
Latency(us)/Energy(mJ): 68 0.340881 0.0167033 0.0835163 0.100657 
Latency(us)/Energy(mJ): 1718 8.33685 0.753563 1.92184 2.4104 
Latency(us)/Energy(mJ): 28 0.383401 0.0447008 0.0839056 0.109554 
Latency(us)/Energy(mJ): 56 0.237114 0.0276452 0.0518914 0.0677534 
Latency(us)/Energy(mJ): 55 0.383761 0.0480272 0.0836079 0.109165 
Latency(us)/Energy(mJ): 1982 10.7842 1.65806 2.15453 2.97391 
Latency(us)/Energy(mJ): 31 0.158581 0.027657 0.0297758 0.043214 
Latency(us)/Energy(mJ): 1675 10.0418 1.87989 1.79202 2.80599 
Latency(us)/Energy(mJ): 69 0.456604 0.0890597 0.0778999 0.128902 
Latency(us)/Energy(mJ): 1074 7.03425 1.44904 1.16884 2.00046 
Latency(us)/Energy(mJ): 48 0.298629 0.0621145 0.0483163 0.084825 
Latency(us)/Energy(mJ): 52 0.183244 0.0381145 0.0296477 0.05205 
Latency(us)/Energy(mJ): 850 5.84665 1.24092 0.935077 1.68859 
Latency(us)/Energy(mJ): 34 0.305551 0.0655528 0.0483163 0.0900276 
Latency(us)/Energy(mJ): 1 0 0 0 0 
Latency(us)/Energy(mJ): 5870 45.7947 9.20346 6.20476 14.8972 
Latency(us)/Energy(mJ): 34 0.387726 0.0757552 0.0447932 0.134063 
Latency(us)/Energy(mJ): 1 0 0 0 0 
Latency(us)/Energy(mJ): 2546 22.6023 4.37219 2.52871 7.92089 
Latency(us)/Energy(mJ): 47 0.251713 0.0486005 0.0274626 0.0891564 
0.5948 - "n02085620 Chihuahua"
0.0656 - "n02110806 basenji"
0.0383 - "n02113023 Pembroke, Pembroke Welsh corgi"
0.0311 - "n02091244 Ibizan hound, Ibizan Podenco"
0.0298 - "n02389026 sorrel"
