loading weight: /home/nvidia/caffe-build/models/bvlc_alexnet/bvlc_alexnet.caffemodel
loading prototxt: /home/nvidia/caffe-build/models/bvlc_alexnet/deploy.prototxt
---------- Prediction for /home/nvidia/caffe-build/examples/images/cat.jpg ----------
Latency(us)/Energy(mJ): 0 0 0 0 0 
Latency(us)/Energy(mJ): 8677 37.363 1.81047 9.21809 12.0637 
Latency(us)/Energy(mJ): 26 0 0 0 0 
Latency(us)/Energy(mJ): 185 0.821711 0.0570503 0.199956 0.261683 
Latency(us)/Energy(mJ): 84 0.499045 0.034648 0.121438 0.158926 
Latency(us)/Energy(mJ): 12546 56.6064 4.82864 12.7876 17.8156 
Latency(us)/Energy(mJ): 24 0 0 0 0 
Latency(us)/Energy(mJ): 149 0.855604 0.0854857 0.185157 0.26467 
Latency(us)/Energy(mJ): 71 0.51868 0.0518227 0.112245 0.160447 
Latency(us)/Energy(mJ): 10403 47.5705 5.0902 10.297 14.6654 
Latency(us)/Energy(mJ): 23 0 0 0 0 
Latency(us)/Energy(mJ): 8118 37.0067 4.34703 8.07538 11.2425 
Latency(us)/Energy(mJ): 26 0 0 0 0 
Latency(us)/Energy(mJ): 4955 22.667 2.6626 4.94626 6.78116 
Latency(us)/Energy(mJ): 24 0 0 0 0 
Latency(us)/Energy(mJ): 35 0.339132 0.0398364 0.0740032 0.101456 
Latency(us)/Energy(mJ): 3965 17.9088 2.09795 3.89732 5.45518 
Latency(us)/Energy(mJ): 22 0 0 0 0 
Latency(us)/Energy(mJ): 1 0 0 0 0 
Latency(us)/Energy(mJ): 21759 111.701 12.6158 20.4329 37.4173 
Latency(us)/Energy(mJ): 22 0.397506 0.044713 0.0671428 0.13883 
Latency(us)/Energy(mJ): 1 0 0 0 0 
Latency(us)/Energy(mJ): 9461 52.5073 5.77679 8.67466 18.5704 
Latency(us)/Energy(mJ): 153 0.418581 0.045506 0.0683336 0.149871 
0.3094 - "n02124075 Egyptian cat"
0.1761 - "n02123159 tiger cat"
0.1221 - "n02123045 tabby, tabby cat"
0.1132 - "n02119022 red fox, Vulpes vulpes"
0.0421 - "n02085620 Chihuahua"
