loading weight: /home/nvidia/caffe-build/models/bvlc_alexnet/bvlc_alexnet.caffemodel
loading prototxt: /home/nvidia/caffe-build/models/bvlc_alexnet/deploy.prototxt
---------- Prediction for /home/nvidia/Downloads/ILSVRC2012_img_train_t3/n02085620/n02085620_1152.JPEG ----------
Latency(us)/Energy(mJ): 0 0 0 0 0 
Latency(us)/Energy(mJ): 173379 612.095 39.6894 66.2068 201.787 
Latency(us)/Energy(mJ): 1116 3.90798 0.254643 0.424776 1.27878 
Latency(us)/Energy(mJ): 169872 588.315 38.8899 64.8731 195.298 
Latency(us)/Energy(mJ): 12375 43.0069 2.83252 4.725 14.2245 
Latency(us)/Energy(mJ): 358516 1260.06 82.0871 136.931 414.628 
Latency(us)/Energy(mJ): 699 2.41057 0.157002 0.261899 0.78844 
Latency(us)/Energy(mJ): 661650 2250.39 151.481 252.689 735.327 
Latency(us)/Energy(mJ): 6252 21.229 1.42941 2.38444 6.93484 
Latency(us)/Energy(mJ): 239510 840.459 54.829 91.4615 275.28 
Latency(us)/Energy(mJ): 239 0.963103 0.0627277 0.104637 0.315008 
Latency(us)/Energy(mJ): 182872 642.754 41.8631 69.8328 213.117 
Latency(us)/Energy(mJ): 246 0.913316 0.059485 0.0992283 0.30076 
Latency(us)/Energy(mJ): 122216 429.526 27.9754 46.6664 142.805 
Latency(us)/Energy(mJ): 163 0.533026 0.0347164 0.0579112 0.17722 
Latency(us)/Energy(mJ): 1517 5.35085 0.348694 0.581664 1.75541 
Latency(us)/Energy(mJ): 254848 943.349 58.3497 97.3345 321.564 
Latency(us)/Energy(mJ): 16 0.117364 0.00725014 0.0120941 0.0400499 
Latency(us)/Energy(mJ): 1 0 0 0 0 
Latency(us)/Energy(mJ): 115324 427.293 26.3974 44.0341 145.82 
Latency(us)/Energy(mJ): 18 0.122331 0.007557 0.012606 0.041745 
Latency(us)/Energy(mJ): 2 0 0 0 0 
Latency(us)/Energy(mJ): 27968 103.633 6.40212 10.6795 35.3654 
Latency(us)/Energy(mJ): 176 0.731095 0.0451634 0.075338 0.249483 
0.5948 - "n02085620 Chihuahua"
0.0656 - "n02110806 basenji"
0.0383 - "n02113023 Pembroke, Pembroke Welsh corgi"
0.0311 - "n02091244 Ibizan hound, Ibizan Podenco"
0.0298 - "n02389026 sorrel"
