loading weight: /home/nvidia/caffe-build/models/bvlc_alexnet/bvlc_alexnet.caffemodel
loading prototxt: /home/nvidia/caffe-build/models/bvlc_alexnet/deploy.prototxt
---------- Prediction for /home/nvidia/Downloads/ILSVRC2012_img_train_t3/n02085620/n02085620_1152.JPEG ----------
Latency(us)/Energy(mJ): 0 0 0 0 0 
Latency(us)/Energy(mJ): 493 1.74128 0.0902988 0.142301 0.624112 
Latency(us)/Energy(mJ): 61 0.314672 0.0247355 0.0247355 0.109609 
Latency(us)/Energy(mJ): 122 0.463508 0.0422662 0.0360327 0.16067 
Latency(us)/Energy(mJ): 116 0.505908 0.0517721 0.0386008 0.172122 
Latency(us)/Energy(mJ): 1220 5.28189 0.787526 0.372478 1.73528 
Latency(us)/Energy(mJ): 60 0.164016 0.0300552 0.0109129 0.0520957 
Latency(us)/Energy(mJ): 100 0.591994 0.113238 0.0388692 0.185553 
Latency(us)/Energy(mJ): 106 0.549549 0.107172 0.035685 0.171893 
Latency(us)/Energy(mJ): 1171 5.62824 1.27046 0.34698 1.70019 
Latency(us)/Energy(mJ): 64 0.423733 0.105472 0.0248026 0.127754 
Latency(us)/Energy(mJ): 1240 7.08345 1.85194 0.384947 2.14065 
Latency(us)/Energy(mJ): 71 0.215149 0.0602761 0.0109495 0.0645482 
Latency(us)/Energy(mJ): 767 4.78654 1.36506 0.236753 1.43905 
Latency(us)/Energy(mJ): 64 0.514691 0.152185 0.0247721 0.155374 
Latency(us)/Energy(mJ): 75 0.517905 0.155006 0.0247782 0.155412 
Latency(us)/Energy(mJ): 1055 6.67124 1.91933 0.352633 2.02178 
Latency(us)/Energy(mJ): 66 0.227245 0.0629343 0.0136627 0.0706801 
Latency(us)/Energy(mJ): 1 0 0 0 0 
Latency(us)/Energy(mJ): 4877 36.7931 9.88899 1.80294 12.3867 
Latency(us)/Energy(mJ): 68 0.691377 0.179364 0.030922 0.243805 
Latency(us)/Energy(mJ): 1 0 0 0 0 
Latency(us)/Energy(mJ): 2116 18.6858 4.82952 0.804603 6.66523 
Latency(us)/Energy(mJ): 83 0.746492 0.193508 0.0312268 0.26973 
0.5948 - "n02085620 Chihuahua"
0.0656 - "n02110806 basenji"
0.0383 - "n02113023 Pembroke, Pembroke Welsh corgi"
0.0311 - "n02091244 Ibizan hound, Ibizan Podenco"
0.0298 - "n02389026 sorrel"
