loading weight: /home/nvidia/caffe-build/models/bvlc_alexnet/bvlc_alexnet.caffemodel
loading prototxt: /home/nvidia/caffe-build/models/bvlc_alexnet/deploy.prototxt
---------- Prediction for /home/nvidia/caffe-build/examples/images/cat.jpg ----------
Latency(us)/Energy(mJ): 0 0 0 0 0 
Latency(us)/Energy(mJ): 2933 10.5895 0.560334 1.29964 4.12953 
Latency(us)/Energy(mJ): 30 0.432456 0.0419818 0.0503342 0.164301 
Latency(us)/Energy(mJ): 235 0.75189 0.0722935 0.0866765 0.282929 
Latency(us)/Energy(mJ): 92 0.30612 0.0294331 0.0352889 0.11519 
Latency(us)/Energy(mJ): 2378 10.2262 1.23261 1.11344 3.75407 
Latency(us)/Energy(mJ): 29 0 0 0 0 
Latency(us)/Energy(mJ): 157 0.836983 0.12974 0.0864933 0.296306 
Latency(us)/Energy(mJ): 81 0.502146 0.0778371 0.0518914 0.177768 
Latency(us)/Energy(mJ): 1859 8.51497 1.42876 0.855521 2.96845 
Latency(us)/Energy(mJ): 27 0 0 0 0 
Latency(us)/Energy(mJ): 1501 7.08156 1.40348 0.68329 2.39608 
Latency(us)/Energy(mJ): 27 0.355747 0.0727632 0.0335943 0.117873 
Latency(us)/Energy(mJ): 1061 5.11228 1.0948 0.479274 1.68165 
Latency(us)/Energy(mJ): 27 0 0 0 0 
Latency(us)/Energy(mJ): 42 0.361568 0.0783912 0.0336172 0.117954 
Latency(us)/Energy(mJ): 1346 6.49361 1.40538 0.602682 2.13734 
Latency(us)/Energy(mJ): 30 0 0 0 0 
Latency(us)/Energy(mJ): 1 0 0 0 0 
Latency(us)/Energy(mJ): 4996 28.6498 6.44207 2.31624 9.91185 
Latency(us)/Energy(mJ): 30 0 0 0 0 
Latency(us)/Energy(mJ): 0 0 0 0 0 
Latency(us)/Energy(mJ): 2209 14.5178 3.34545 1.02345 5.15887 
Latency(us)/Energy(mJ): 193 1.2663 0.293221 0.0861674 0.454594 
0.3094 - "n02124075 Egyptian cat"
0.1761 - "n02123159 tiger cat"
0.1221 - "n02123045 tabby, tabby cat"
0.1132 - "n02119022 red fox, Vulpes vulpes"
0.0421 - "n02085620 Chihuahua"
