loading weight: /home/nvidia/caffe-build/models/bvlc_alexnet/bvlc_alexnet.caffemodel
loading prototxt: /home/nvidia/caffe-build/models/bvlc_alexnet/deploy.prototxt
---------- Prediction for /home/nvidia/Downloads/ILSVRC2012_img_train_t3/n02085620/n02085620_1152.JPEG ----------
Latency(us)/Energy(mJ): 0 0 0 0 0 
Latency(us)/Energy(mJ): 868 2.9705 0.147152 0.254767 1.07506 
Latency(us)/Energy(mJ): 118 0.466511 0.0294219 0.0391864 0.167409 
Latency(us)/Energy(mJ): 205 0.801583 0.0565341 0.0665083 0.284132 
Latency(us)/Energy(mJ): 219 0.795174 0.0653127 0.0653127 0.279024 
Latency(us)/Energy(mJ): 2921 11.6001 1.377 0.892223 3.92122 
Latency(us)/Energy(mJ): 112 0.553812 0.081263 0.040565 0.18354 
Latency(us)/Energy(mJ): 175 0.727198 0.10574 0.0527833 0.238823 
Latency(us)/Energy(mJ): 190 0.72811 0.109033 0.0527223 0.238547 
Latency(us)/Energy(mJ): 3213 14.1045 2.51559 0.98138 4.49518 
Latency(us)/Energy(mJ): 119 0.581258 0.106798 0.0387777 0.185116 
Latency(us)/Energy(mJ): 3023 14.72 2.91086 0.930964 4.76204 
Latency(us)/Energy(mJ): 129 0.645349 0.136725 0.0390461 0.210977 
Latency(us)/Energy(mJ): 2001 10.2104 2.12241 0.605187 3.34933 
Latency(us)/Energy(mJ): 133 0.684346 0.149766 0.039894 0.225238 
Latency(us)/Energy(mJ): 154 0.910656 0.197856 0.052704 0.297562 
Latency(us)/Energy(mJ): 1787 9.17039 1.88673 0.536788 3.04331 
Latency(us)/Energy(mJ): 119 0.70091 0.142044 0.040565 0.238249 
Latency(us)/Energy(mJ): 3 0 0 0 0 
Latency(us)/Energy(mJ): 9481 58.9731 10.6586 2.8912 22.008 
Latency(us)/Energy(mJ): 120 0.869561 0.145906 0.0388997 0.339129 
Latency(us)/Energy(mJ): 2 0 0 0 0 
Latency(us)/Energy(mJ): 4115 28.9776 4.92727 1.26183 11.4479 
Latency(us)/Energy(mJ): 152 1.08324 0.18522 0.0463051 0.432839 
0.5948 - "n02085620 Chihuahua"
0.0656 - "n02110806 basenji"
0.0383 - "n02113023 Pembroke, Pembroke Welsh corgi"
0.0311 - "n02091244 Ibizan hound, Ibizan Podenco"
0.0298 - "n02389026 sorrel"
