loading weight: /home/nvidia/caffe-build/models/bvlc_alexnet/bvlc_alexnet.caffemodel
loading prototxt: /home/nvidia/caffe-build/models/bvlc_alexnet/deploy.prototxt
---------- Prediction for /home/nvidia/Downloads/ILSVRC2012_img_train_t3/n02085620/n02085620_1152.JPEG ----------
Latency(us)/Energy(mJ): 0 0 0 0 0 
Latency(us)/Energy(mJ): 196 0.702317 0.0376229 0.118219 0.238911 
Latency(us)/Energy(mJ): 20 0.209331 0.0138165 0.0345639 0.0703056 
Latency(us)/Energy(mJ): 48 0.131757 0.0107747 0.0215776 0.0438906 
Latency(us)/Energy(mJ): 43 0.348377 0.030361 0.0564162 0.114755 
Latency(us)/Energy(mJ): 941 5.01411 0.841932 0.726025 1.51486 
Latency(us)/Energy(mJ): 20 0 0 0 0 
Latency(us)/Energy(mJ): 39 0.26122 0.0591691 0.0348081 0.0741781 
Latency(us)/Energy(mJ): 38 0.165196 0.037172 0.0218676 0.0471457 
Latency(us)/Energy(mJ): 1017 6.44107 1.82087 0.780305 1.70013 
Latency(us)/Energy(mJ): 23 0.3041 0.0967181 0.0345486 0.0779722 
Latency(us)/Energy(mJ): 914 6.53134 2.21827 0.688766 1.64841 
Latency(us)/Energy(mJ): 29 0 0 0 0 
Latency(us)/Energy(mJ): 631 5.29607 1.98603 0.502265 1.30667 
Latency(us)/Energy(mJ): 28 0 0 0 0 
Latency(us)/Energy(mJ): 35 0.61262 0.234441 0.0558089 0.149922 
Latency(us)/Energy(mJ): 624 5.03191 1.94944 0.449428 1.23674 
Latency(us)/Energy(mJ): 25 0.390994 0.14871 0.0345796 0.0981116 
Latency(us)/Energy(mJ): 0 0 0 0 0 
Latency(us)/Energy(mJ): 4567 45.3137 17.0165 3.46938 12.2751 
Latency(us)/Energy(mJ): 26 0.504223 0.184192 0.0347473 0.143281 
Latency(us)/Energy(mJ): 0 0 0 0 0 
Latency(us)/Energy(mJ): 2008 22.7827 8.33914 1.52227 6.57797 
Latency(us)/Energy(mJ): 32 0.531982 0.193279 0.034519 0.155358 
0.5948 - "n02085620 Chihuahua"
0.0656 - "n02110806 basenji"
0.0383 - "n02113023 Pembroke, Pembroke Welsh corgi"
0.0311 - "n02091244 Ibizan hound, Ibizan Podenco"
0.0298 - "n02389026 sorrel"
