loading weight: /home/nvidia/caffe-build/models/bvlc_alexnet/bvlc_alexnet.caffemodel
loading prototxt: /home/nvidia/caffe-build/models/bvlc_alexnet/deploy.prototxt
---------- Prediction for /home/nvidia/caffe-build/examples/images/cat.jpg ----------
Latency(us)/Energy(mJ): 1 0 0 0 0 
Latency(us)/Energy(mJ): 8594 18.0712 1.75925 5.22432 3.3005 
Latency(us)/Energy(mJ): 43 0.258086 0.034892 0.0698984 0.0481624 
Latency(us)/Energy(mJ): 894 1.95995 0.261568 0.523994 0.372117 
Latency(us)/Energy(mJ): 229 0.710337 0.0944433 0.189196 0.136246 
Latency(us)/Energy(mJ): 10275 25.2183 4.42494 6.27094 4.89786 
Latency(us)/Energy(mJ): 48 0.21008 0.043228 0.0493688 0.0402384 
Latency(us)/Energy(mJ): 478 1.30338 0.268195 0.306294 0.249647 
Latency(us)/Energy(mJ): 158 0.50037 0.102961 0.117587 0.0958401 
Latency(us)/Energy(mJ): 6250 16.3634 3.55099 3.79315 3.20447 
Latency(us)/Energy(mJ): 62 0.219372 0.0493688 0.0493688 0.0417736 
Latency(us)/Energy(mJ): 4174 11.4572 2.80846 2.56061 2.08704 
Latency(us)/Energy(mJ): 38 0 0 0 0 
Latency(us)/Energy(mJ): 4047 11.2288 2.79858 2.43256 2.02571 
Latency(us)/Energy(mJ): 50 0.223339 0.0611582 0.0428268 0.0398649 
Latency(us)/Energy(mJ): 63 0 0 0 0 
Latency(us)/Energy(mJ): 7121 19.4108 4.64338 4.37428 3.54714 
Latency(us)/Energy(mJ): 50 0 0 0 0 
Latency(us)/Energy(mJ): 9 0.306659 0.0690125 0.0690125 0.0605412 
Latency(us)/Energy(mJ): 33145 96.7514 20.2151 18.2967 22.6655 
Latency(us)/Energy(mJ): 45 0.272012 0.0550511 0.0482035 0.0690166 
Latency(us)/Energy(mJ): 2 0 0 0 0 
Latency(us)/Energy(mJ): 14406 43.954 8.81878 7.72184 11.4178 
Latency(us)/Energy(mJ): 281 0.865131 0.172913 0.151405 0.227815 
0.3094 - "n02124075 Egyptian cat"
0.1761 - "n02123159 tiger cat"
0.1221 - "n02123045 tabby, tabby cat"
0.1132 - "n02119022 red fox, Vulpes vulpes"
0.0421 - "n02085620 Chihuahua"
