loading weight: /home/nvidia/caffe-build/models/bvlc_alexnet/bvlc_alexnet.caffemodel
loading prototxt: /home/nvidia/caffe-build/models/bvlc_alexnet/deploy.prototxt
---------- Prediction for /home/nvidia/Downloads/ILSVRC2012_img_train_t3/n02085620/n02085620_1152.JPEG ----------
Latency(us)/Energy(mJ): 0 0 0 0 0 
Latency(us)/Energy(mJ): 262 1.20834 0.0563694 0.390043 0.322898 
Latency(us)/Energy(mJ): 28 0.396105 0.0271958 0.125343 0.103929 
Latency(us)/Energy(mJ): 59 0.254815 0.0206107 0.0791956 0.0656656 
Latency(us)/Energy(mJ): 41 0.152552 0.0122567 0.0470959 0.0390499 
Latency(us)/Energy(mJ): 930 5.81621 0.848828 1.6554 1.42665 
Latency(us)/Energy(mJ): 21 0 0 0 0 
Latency(us)/Energy(mJ): 46 0.483461 0.0941674 0.127518 0.112768 
Latency(us)/Energy(mJ): 41 0.303429 0.0620321 0.0792909 0.0701194 
Latency(us)/Energy(mJ): 980 6.97729 1.74548 1.67327 1.53996 
Latency(us)/Energy(mJ): 31 0.343068 0.0930216 0.0758456 0.0744896 
Latency(us)/Energy(mJ): 972 7.88533 2.39802 1.62648 1.71193 
Latency(us)/Energy(mJ): 42 0.389994 0.127069 0.0755206 0.0844875 
Latency(us)/Energy(mJ): 583 5.20804 1.74256 0.973991 1.13109 
Latency(us)/Energy(mJ): 36 0.253937 0.087744 0.0459559 0.0545658 
Latency(us)/Energy(mJ): 43 0.675107 0.23232 0.121678 0.145853 
Latency(us)/Energy(mJ): 672 6.11584 2.11695 1.06664 1.33249 
Latency(us)/Energy(mJ): 27 0.425656 0.144704 0.072352 0.0951429 
Latency(us)/Energy(mJ): 1 0 0 0 0 
Latency(us)/Energy(mJ): 4565 49.0834 16.8602 7.17103 12.143 
Latency(us)/Energy(mJ): 30 0.322624 0.110585 0.0417332 0.085523 
Latency(us)/Energy(mJ): 1 0 0 0 0 
Latency(us)/Energy(mJ): 2017 24.3142 8.26985 3.05026 6.54529 
Latency(us)/Energy(mJ): 36 0.340476 0.114782 0.0417362 0.0934606 
0.5948 - "n02085620 Chihuahua"
0.0656 - "n02110806 basenji"
0.0383 - "n02113023 Pembroke, Pembroke Welsh corgi"
0.0311 - "n02091244 Ibizan hound, Ibizan Podenco"
0.0298 - "n02389026 sorrel"
