loading weight: /home/nvidia/caffe-build/models/bvlc_alexnet/bvlc_alexnet.caffemodel
loading prototxt: /home/nvidia/caffe-build/models/bvlc_alexnet/deploy.prototxt
---------- Prediction for /home/nvidia/Downloads/ILSVRC2012_img_train_t3/n02085620/n02085620_1152.JPEG ----------
Latency(us)/Energy(mJ): 0 0 0 0 0 
Latency(us)/Energy(mJ): 203 0.934182 0.0299318 0.195345 0.305226 
Latency(us)/Energy(mJ): 18 0 0 0 0 
Latency(us)/Energy(mJ): 42 0.132144 0.00420736 0.0274586 0.0434299 
Latency(us)/Energy(mJ): 37 0.351175 0.0168452 0.0729715 0.115416 
Latency(us)/Energy(mJ): 1979 9.86729 0.809114 1.94412 3.09475 
Latency(us)/Energy(mJ): 18 0.238626 0.0276208 0.0449178 0.072765 
Latency(us)/Energy(mJ): 33 0.146928 0.0170068 0.027657 0.0448032 
Latency(us)/Energy(mJ): 33 0 0 0 0 
Latency(us)/Energy(mJ): 2509 13.8986 2.0193 2.51337 4.07622 
Latency(us)/Energy(mJ): 19 0 0 0 0 
Latency(us)/Energy(mJ): 1824 11.0441 1.97816 1.84452 3.20689 
Latency(us)/Energy(mJ): 24 0 0 0 0 
Latency(us)/Energy(mJ): 1353 8.72334 1.72252 1.36844 2.55986 
Latency(us)/Energy(mJ): 24 0 0 0 0 
Latency(us)/Energy(mJ): 30 0.177734 0.0357178 0.0273395 0.0521986 
Latency(us)/Energy(mJ): 1174 7.63058 1.57497 1.15266 2.26133 
Latency(us)/Energy(mJ): 21 0.30465 0.0626363 0.045255 0.0916506 
Latency(us)/Energy(mJ): 0 0 0 0 0 
Latency(us)/Energy(mJ): 6555 50.2889 9.7733 6.50112 16.6446 
Latency(us)/Energy(mJ): 20 0 0 0 0 
Latency(us)/Energy(mJ): 0 0 0 0 0 
Latency(us)/Energy(mJ): 2875 24.9894 4.64086 2.87397 8.84269 
Latency(us)/Energy(mJ): 27 0 0 0 0 
0.5948 - "n02085620 Chihuahua"
0.0656 - "n02110806 basenji"
0.0383 - "n02113023 Pembroke, Pembroke Welsh corgi"
0.0311 - "n02091244 Ibizan hound, Ibizan Podenco"
0.0298 - "n02389026 sorrel"
