loading weight: /home/nvidia/caffe-build/models/bvlc_alexnet/bvlc_alexnet.caffemodel
loading prototxt: /home/nvidia/caffe-build/models/bvlc_alexnet/deploy.prototxt
---------- Prediction for /home/nvidia/Downloads/ILSVRC2012_img_train_t3/n02085620/n02085620_1152.JPEG ----------
Latency(us)/Energy(mJ): 0 0 0 0 0 
Latency(us)/Energy(mJ): 485 1.68564 0.0861967 0.140934 0.617244 
Latency(us)/Energy(mJ): 62 0.305367 0.0247355 0.0247355 0.109619 
Latency(us)/Energy(mJ): 115 0.447177 0.0358131 0.0358131 0.159691 
Latency(us)/Energy(mJ): 115 0.314508 0.031133 0.0248575 0.11084 
Latency(us)/Energy(mJ): 1335 5.75925 0.786091 0.421357 1.95797 
Latency(us)/Energy(mJ): 61 0.202454 0.0348538 0.0139324 0.0665101 
Latency(us)/Energy(mJ): 100 0.525053 0.0956624 0.0357338 0.170585 
Latency(us)/Energy(mJ): 104 0.366681 0.0683256 0.0248087 0.118431 
Latency(us)/Energy(mJ): 1331 6.38621 1.37713 0.40989 2.01017 
Latency(us)/Energy(mJ): 65 0.407168 0.0927908 0.0247172 0.127314 
Latency(us)/Energy(mJ): 1331 7.16519 1.78899 0.406803 2.25444 
Latency(us)/Energy(mJ): 72 0.25414 0.0681817 0.0136274 0.0803346 
Latency(us)/Energy(mJ): 848 4.95679 1.34922 0.257475 1.55909 
Latency(us)/Energy(mJ): 67 0.490586 0.1362 0.0247416 0.154317 
Latency(us)/Energy(mJ): 81 0.492803 0.136335 0.024766 0.155336 
Latency(us)/Energy(mJ): 1001 6.16203 1.67885 0.312442 1.95238 
Latency(us)/Energy(mJ): 67 0.217756 0.0574798 0.0109434 0.0707195 
Latency(us)/Energy(mJ): 1 0 0 0 0 
Latency(us)/Energy(mJ): 5064 36.8534 9.38961 1.54691 12.8854 
Latency(us)/Energy(mJ): 67 0.670515 0.168344 0.024949 0.245727 
Latency(us)/Energy(mJ): 1 0 0 0 0 
Latency(us)/Energy(mJ): 2198 18.6739 4.57247 0.668692 6.89519 
Latency(us)/Energy(mJ): 80 0.712017 0.172854 0.024624 0.265032 
0.5948 - "n02085620 Chihuahua"
0.0656 - "n02110806 basenji"
0.0383 - "n02113023 Pembroke, Pembroke Welsh corgi"
0.0311 - "n02091244 Ibizan hound, Ibizan Podenco"
0.0298 - "n02389026 sorrel"
