loading weight: /home/nvidia/caffe-build/models/bvlc_alexnet/bvlc_alexnet.caffemodel
loading prototxt: /home/nvidia/caffe-build/models/bvlc_alexnet/deploy.prototxt
---------- Prediction for /home/nvidia/Downloads/ILSVRC2012_img_train_t3/n02085620/n02085620_1152.JPEG ----------
Latency(us)/Energy(mJ): 0 0 0 0 0 
Latency(us)/Energy(mJ): 331 1.37372 0.0474822 0.341554 0.407706 
Latency(us)/Energy(mJ): 27 0.211146 0.0103783 0.0518914 0.0625416 
Latency(us)/Energy(mJ): 68 0.341729 0.0167124 0.0835621 0.100712 
Latency(us)/Energy(mJ): 57 0.344411 0.0167078 0.0835392 0.100685 
Latency(us)/Energy(mJ): 1513 7.43505 0.686512 1.70374 2.11828 
Latency(us)/Energy(mJ): 25 0.236382 0.0275598 0.0517311 0.0666405 
Latency(us)/Energy(mJ): 54 0.14619 0.0169214 0.0317623 0.0409165 
Latency(us)/Energy(mJ): 53 0.384605 0.0466538 0.0835621 0.107646 
Latency(us)/Energy(mJ): 1789 9.93439 1.57585 2.05862 2.68903 
Latency(us)/Energy(mJ): 31 0.159412 0.0276173 0.0318768 0.0432077 
Latency(us)/Energy(mJ): 1481 8.86908 1.72656 1.60221 2.4301 
Latency(us)/Energy(mJ): 48 0.465375 0.094681 0.077964 0.12848 
Latency(us)/Energy(mJ): 973 6.51457 1.40088 1.06219 1.81646 
Latency(us)/Energy(mJ): 47 0.186839 0.0403112 0.0297118 0.0521625 
Latency(us)/Energy(mJ): 52 0.490402 0.111355 0.0779854 0.1383 
Latency(us)/Energy(mJ): 793 5.27921 1.18261 0.828213 1.4959 
Latency(us)/Energy(mJ): 33 0.19093 0.042395 0.0296904 0.055322 
Latency(us)/Energy(mJ): 1 0 0 0 0 
Latency(us)/Energy(mJ): 5411 43.2549 9.18912 5.79515 13.8521 
Latency(us)/Energy(mJ): 34 0.242545 0.0503707 0.0293852 0.0822069 
Latency(us)/Energy(mJ): 1 0 0 0 0 
Latency(us)/Energy(mJ): 2402 21.791 4.46843 2.56153 7.52238 
Latency(us)/Energy(mJ): 42 0.420687 0.086137 0.0482711 0.147166 
0.5948 - "n02085620 Chihuahua"
0.0656 - "n02110806 basenji"
0.0383 - "n02113023 Pembroke, Pembroke Welsh corgi"
0.0311 - "n02091244 Ibizan hound, Ibizan Podenco"
0.0298 - "n02389026 sorrel"
