loading weight: /home/nvidia/caffe-build/models/bvlc_alexnet/bvlc_alexnet.caffemodel
loading prototxt: /home/nvidia/caffe-build/models/bvlc_alexnet/deploy.prototxt
---------- Prediction for /home/nvidia/Downloads/ILSVRC2012_img_train_t3/n02085620/n02085620_1152.JPEG ----------
Latency(us)/Energy(mJ): 0 0 0 0 0 
Latency(us)/Energy(mJ): 386 1.28786 0.0444995 0.223596 0.448801 
Latency(us)/Energy(mJ): 28 0.122944 0.00421648 0.0211656 0.0425254 
Latency(us)/Energy(mJ): 151 0.638799 0.0328661 0.109506 0.220016 
Latency(us)/Energy(mJ): 112 0.527818 0.0270403 0.090095 0.181017 
Latency(us)/Energy(mJ): 2288 10.7624 0.971343 1.58265 3.56321 
Latency(us)/Energy(mJ): 26 0.133247 0.0145568 0.0187276 0.0432889 
Latency(us)/Energy(mJ): 110 0.580694 0.072468 0.0816156 0.188654 
Latency(us)/Energy(mJ): 92 0.357877 0.0444446 0.0500548 0.115702 
Latency(us)/Energy(mJ): 2907 14.6772 2.27082 1.98527 4.54684 
Latency(us)/Energy(mJ): 32 0.379739 0.0664833 0.0498625 0.115257 
Latency(us)/Energy(mJ): 2253 12.1394 2.23491 1.52498 3.73131 
Latency(us)/Energy(mJ): 41 0.414258 0.0783058 0.0503708 0.12765 
Latency(us)/Energy(mJ): 1651 9.55385 1.93526 1.13215 2.96925 
Latency(us)/Energy(mJ): 37 0.266857 0.0550671 0.0309837 0.0828487 
Latency(us)/Energy(mJ): 40 0.160587 0.0331379 0.0186452 0.0498562 
Latency(us)/Energy(mJ): 1949 11.6621 2.38145 1.34127 3.67594 
Latency(us)/Energy(mJ): 33 0.272202 0.0519605 0.0312035 0.0877514 
Latency(us)/Energy(mJ): 0 0 0 0 0 
Latency(us)/Energy(mJ): 7633 52.6438 9.92218 5.1201 18.561 
Latency(us)/Energy(mJ): 35 0.344069 0.0625083 0.0277916 0.127249 
Latency(us)/Energy(mJ): 0 0 0 0 0 
Latency(us)/Energy(mJ): 3360 26.182 4.69879 2.05143 9.80065 
Latency(us)/Energy(mJ): 39 0.24187 0.0439323 0.0185074 0.0917178 
0.5948 - "n02085620 Chihuahua"
0.0656 - "n02110806 basenji"
0.0383 - "n02113023 Pembroke, Pembroke Welsh corgi"
0.0311 - "n02091244 Ibizan hound, Ibizan Podenco"
0.0298 - "n02389026 sorrel"
