loading weight: /home/nvidia/caffe-build/models/bvlc_alexnet/bvlc_alexnet.caffemodel
loading prototxt: /home/nvidia/caffe-build/models/bvlc_alexnet/deploy.prototxt
---------- Prediction for /home/nvidia/Downloads/ILSVRC2012_img_train_t3/n02085620/n02085620_1152.JPEG ----------
Latency(us)/Energy(mJ): 0 0 0 0 0 
Latency(us)/Energy(mJ): 408 1.13572 0.0788288 0.123944 0.402123 
Latency(us)/Energy(mJ): 38 0.197334 0.0205734 0.0205734 0.0671554 
Latency(us)/Energy(mJ): 195 0.784653 0.0965754 0.0798294 0.261969 
Latency(us)/Energy(mJ): 142 0.687456 0.106413 0.0671978 0.222134 
Latency(us)/Energy(mJ): 829 4.34036 0.906304 0.389483 1.33383 
Latency(us)/Energy(mJ): 36 0.154765 0.0389392 0.0129797 0.0450606 
Latency(us)/Energy(mJ): 143 0.816306 0.217698 0.0669962 0.232585 
Latency(us)/Energy(mJ): 120 0.681978 0.190798 0.0545478 0.190842 
Latency(us)/Energy(mJ): 812 4.89177 1.55148 0.366723 1.30546 
Latency(us)/Energy(mJ): 37 0.18054 0.0604915 0.0129422 0.0477475 
Latency(us)/Energy(mJ): 999 7.10973 2.55897 0.46731 1.84168 
Latency(us)/Energy(mJ): 58 0.342401 0.129202 0.0209306 0.0876154 
Latency(us)/Energy(mJ): 620 4.78465 1.87581 0.281046 1.21288 
Latency(us)/Energy(mJ): 49 0.594321 0.237409 0.0335895 0.149058 
Latency(us)/Energy(mJ): 55 0.36948 0.149038 0.0207844 0.0922334 
Latency(us)/Energy(mJ): 2115 16.3641 6.28625 0.966674 4.18952 
Latency(us)/Energy(mJ): 40 0.210973 0.0774639 0.0128965 0.056694 
Latency(us)/Energy(mJ): 1 0 0 0 0 
Latency(us)/Energy(mJ): 4727 42.0039 15.3859 2.15816 11.9456 
Latency(us)/Energy(mJ): 43 0.738872 0.269154 0.0336535 0.219815 
Latency(us)/Energy(mJ): 0 0 0 0 0 
Latency(us)/Energy(mJ): 1974 20.5704 7.53493 0.89627 6.18843 
Latency(us)/Energy(mJ): 59 0.801078 0.291784 0.0336163 0.244013 
0.5948 - "n02085620 Chihuahua"
0.0656 - "n02110806 basenji"
0.0383 - "n02113023 Pembroke, Pembroke Welsh corgi"
0.0311 - "n02091244 Ibizan hound, Ibizan Podenco"
0.0298 - "n02389026 sorrel"
