loading weight: /home/nvidia/caffe-build/models/bvlc_alexnet/bvlc_alexnet.caffemodel
loading prototxt: /home/nvidia/caffe-build/models/bvlc_alexnet/deploy.prototxt
---------- Prediction for /home/nvidia/Downloads/ILSVRC2012_img_train_t3/n02085620/n02085620_1152.JPEG ----------
Latency(us)/Energy(mJ): 0 0 0 0 0 
Latency(us)/Energy(mJ): 320 1.22556 0.042405 0.255546 0.387425 
Latency(us)/Energy(mJ): 34 0.199351 0.00683696 0.0412017 0.062927 
Latency(us)/Energy(mJ): 61 0.382748 0.0165655 0.0791058 0.120818 
Latency(us)/Energy(mJ): 57 0.18056 0.00932946 0.0373178 0.0569953 
Latency(us)/Energy(mJ): 2379 11.146 0.959994 2.17953 3.39769 
Latency(us)/Energy(mJ): 24 0.201966 0.021894 0.037556 0.060475 
Latency(us)/Energy(mJ): 53 0.225808 0.0279624 0.0419894 0.067614 
Latency(us)/Energy(mJ): 49 0.199602 0.0247172 0.0371163 0.059767 
Latency(us)/Energy(mJ): 2987 15.384 2.31567 2.60034 4.44951 
Latency(us)/Energy(mJ): 34 0.240559 0.0415131 0.0380235 0.0686145 
Latency(us)/Energy(mJ): 2201 12.4004 2.24453 1.87723 3.61582 
Latency(us)/Energy(mJ): 40 0.247391 0.0458386 0.0360099 0.0723631 
Latency(us)/Energy(mJ): 1612 9.61045 1.89229 1.36807 2.85826 
Latency(us)/Energy(mJ): 41 0.276397 0.0563125 0.0386947 0.0829238 
Latency(us)/Energy(mJ): 48 0.238225 0.0482295 0.0331405 0.071021 
Latency(us)/Energy(mJ): 1333 8.12217 1.65342 1.1182 2.45687 
Latency(us)/Energy(mJ): 31 0.247113 0.0487912 0.0335264 0.0764435 
Latency(us)/Energy(mJ): 1 0 0 0 0 
Latency(us)/Energy(mJ): 7602 54.2264 10.2284 5.99177 18.5235 
Latency(us)/Energy(mJ): 30 0.355747 0.0627278 0.0348386 0.128565 
Latency(us)/Energy(mJ): 1 0 0 0 0 
Latency(us)/Energy(mJ): 3367 26.7514 4.81244 2.54775 9.78955 
Latency(us)/Energy(mJ): 38 0.343457 0.0609318 0.032065 0.127208 
0.5948 - "n02085620 Chihuahua"
0.0656 - "n02110806 basenji"
0.0383 - "n02113023 Pembroke, Pembroke Welsh corgi"
0.0311 - "n02091244 Ibizan hound, Ibizan Podenco"
0.0298 - "n02389026 sorrel"
