loading weight: /home/nvidia/caffe-build/models/bvlc_alexnet/bvlc_alexnet.caffemodel
loading prototxt: /home/nvidia/caffe-build/models/bvlc_alexnet/deploy.prototxt
---------- Prediction for /home/nvidia/Downloads/ILSVRC2012_img_train_t3/n02085620/n02085620_1152.JPEG ----------
Latency(us)/Energy(mJ): 0 0 0 0 0 
Latency(us)/Energy(mJ): 283 1.17713 0.0698354 0.171214 0.409417 
Latency(us)/Energy(mJ): 33 0.126056 0.008906 0.0178412 0.04307 
Latency(us)/Energy(mJ): 68 0.327042 0.028514 0.0457272 0.110389 
Latency(us)/Energy(mJ): 63 0.202542 0.0209306 0.0279227 0.0674075 
Latency(us)/Energy(mJ): 1027 5.07553 0.794765 0.640242 1.60025 
Latency(us)/Energy(mJ): 32 0.156646 0.0319759 0.0182933 0.0470357 
Latency(us)/Energy(mJ): 54 0.23989 0.0486154 0.0277672 0.0715119 
Latency(us)/Energy(mJ): 57 0.398869 0.0862872 0.0459696 0.118391 
Latency(us)/Energy(mJ): 1063 5.94038 1.54275 0.638365 1.67184 
Latency(us)/Energy(mJ): 36 0.180509 0.0505715 0.0183732 0.0496378 
Latency(us)/Energy(mJ): 1014 6.57892 2.01571 0.620834 1.80052 
Latency(us)/Energy(mJ): 45 0.20718 0.06636 0.0183 0.05625 
Latency(us)/Energy(mJ): 664 4.82041 1.60458 0.41136 1.30426 
Latency(us)/Energy(mJ): 44 0.556683 0.188901 0.0457988 0.149409 
Latency(us)/Energy(mJ): 50 0.33709 0.114025 0.0276452 0.0910479 
Latency(us)/Energy(mJ): 691 5.07021 1.72865 0.412994 1.37592 
Latency(us)/Energy(mJ): 37 0.227315 0.0757316 0.018361 0.0627585 
Latency(us)/Energy(mJ): 1 0 0 0 0 
Latency(us)/Energy(mJ): 4586 40.6147 13.2655 2.46744 12.1663 
Latency(us)/Energy(mJ): 36 0.297512 0.0940971 0.0160646 0.093434 
Latency(us)/Energy(mJ): 0 0 0 0 0 
Latency(us)/Energy(mJ): 2056 21.0017 6.65254 1.09706 6.6955 
Latency(us)/Energy(mJ): 49 0.794228 0.247318 0.0402628 0.255854 
0.5948 - "n02085620 Chihuahua"
0.0656 - "n02110806 basenji"
0.0383 - "n02113023 Pembroke, Pembroke Welsh corgi"
0.0311 - "n02091244 Ibizan hound, Ibizan Podenco"
0.0298 - "n02389026 sorrel"
