loading weight: /home/nvidia/caffe-build/models/bvlc_alexnet/bvlc_alexnet.caffemodel
loading prototxt: /home/nvidia/caffe-build/models/bvlc_alexnet/deploy.prototxt
---------- Prediction for /home/nvidia/Downloads/ILSVRC2012_img_train_t3/n02085620/n02085620_1152.JPEG ----------
Latency(us)/Energy(mJ): 0 0 0 0 0 
Latency(us)/Energy(mJ): 235 0.958528 0.058201 0.105221 0.339434 
Latency(us)/Energy(mJ): 26 0 0 0 0 
Latency(us)/Energy(mJ): 56 0.321413 0.0282702 0.0339836 0.110929 
Latency(us)/Energy(mJ): 51 0.201375 0.0209947 0.0209947 0.0685308 
Latency(us)/Energy(mJ): 941 4.76903 0.853736 0.442694 1.48642 
Latency(us)/Energy(mJ): 25 0 0 0 0 
Latency(us)/Energy(mJ): 44 0.153257 0.0369126 0.0130347 0.0451945 
Latency(us)/Energy(mJ): 46 0.410991 0.100299 0.0346156 0.120021 
Latency(us)/Energy(mJ): 981 5.77451 1.73157 0.44253 1.55825 
Latency(us)/Energy(mJ): 28 0.287446 0.0933962 0.0207295 0.075479 
Latency(us)/Energy(mJ): 928 6.3666 2.25863 0.421528 1.64167 
Latency(us)/Energy(mJ): 41 0.336802 0.128412 0.0208026 0.0862149 
Latency(us)/Energy(mJ): 618 4.82727 1.8717 0.285296 1.21677 
Latency(us)/Energy(mJ): 35 0.364135 0.145517 0.0207752 0.0913291 
Latency(us)/Energy(mJ): 42 0.234841 0.0934052 0.0133353 0.0586226 
Latency(us)/Energy(mJ): 609 4.90654 1.95912 0.274008 1.233 
Latency(us)/Energy(mJ): 31 0.376422 0.149103 0.0207935 0.096642 
Latency(us)/Energy(mJ): 0 0 0 0 0 
Latency(us)/Energy(mJ): 4541 43.6506 16.7722 2.07203 12.0785 
Latency(us)/Energy(mJ): 31 0.310202 0.116905 0.0132149 0.0903886 
Latency(us)/Energy(mJ): 0 0 0 0 0 
Latency(us)/Energy(mJ): 1981 21.933 8.20916 0.902251 6.48242 
Latency(us)/Energy(mJ): 40 0.341349 0.127319 0.0136253 0.102339 
0.5948 - "n02085620 Chihuahua"
0.0656 - "n02110806 basenji"
0.0383 - "n02113023 Pembroke, Pembroke Welsh corgi"
0.0311 - "n02091244 Ibizan hound, Ibizan Podenco"
0.0298 - "n02389026 sorrel"
