loading weight: /home/nvidia/caffe-build/models/bvlc_alexnet/bvlc_alexnet.caffemodel
loading prototxt: /home/nvidia/caffe-build/models/bvlc_alexnet/deploy.prototxt
---------- Prediction for /home/nvidia/Downloads/ILSVRC2012_img_train_t3/n02085620/n02085620_1152.JPEG ----------
Latency(us)/Energy(mJ): 0 0 0 0 0 
Latency(us)/Energy(mJ): 287 1.13836 0.038079 0.267806 0.349363 
Latency(us)/Energy(mJ): 22 0.208252 0.0104058 0.0485754 0.0635706 
Latency(us)/Energy(mJ): 60 0.355641 0.0177704 0.0829544 0.108562 
Latency(us)/Energy(mJ): 51 0.15351 0.00760738 0.0355122 0.0464748 
Latency(us)/Energy(mJ): 1987 9.55698 0.82727 2.10544 2.83088 
Latency(us)/Energy(mJ): 25 0.230587 0.027694 0.0485326 0.067873 
Latency(us)/Energy(mJ): 44 0.170147 0.020435 0.0358115 0.0500825 
Latency(us)/Energy(mJ): 40 0.226581 0.0270108 0.0473353 0.0661986 
Latency(us)/Energy(mJ): 2449 13.1528 1.97246 2.45936 3.7084 
Latency(us)/Energy(mJ): 24 0 0 0 0 
Latency(us)/Energy(mJ): 1878 10.8971 2.00003 1.86968 3.09636 
Latency(us)/Energy(mJ): 42 0.285146 0.0540883 0.0469018 0.0823145 
Latency(us)/Energy(mJ): 1358 8.47969 1.71345 1.361 2.46485 
Latency(us)/Energy(mJ): 42 0.287827 0.0589097 0.0450566 0.0842995 
Latency(us)/Energy(mJ): 43 0.208614 0.0426972 0.0326566 0.0610995 
Latency(us)/Energy(mJ): 1052 6.85032 1.4427 1.00341 2.02071 
Latency(us)/Energy(mJ): 29 0.220023 0.0462976 0.0308538 0.0664621 
Latency(us)/Energy(mJ): 1 0 0 0 0 
Latency(us)/Energy(mJ): 6551 48.9767 9.61507 5.97182 16.2839 
Latency(us)/Energy(mJ): 29 0.374528 0.0693115 0.0416142 0.131392 
Latency(us)/Energy(mJ): 0 0 0 0 0 
Latency(us)/Energy(mJ): 2899 24.5637 4.62696 2.66111 8.77397 
Latency(us)/Energy(mJ): 36 0.283983 0.052736 0.0301584 0.102802 
0.5948 - "n02085620 Chihuahua"
0.0656 - "n02110806 basenji"
0.0383 - "n02113023 Pembroke, Pembroke Welsh corgi"
0.0311 - "n02091244 Ibizan hound, Ibizan Podenco"
0.0298 - "n02389026 sorrel"
