loading weight: /home/nvidia/caffe-build/models/bvlc_alexnet/bvlc_alexnet.caffemodel
loading prototxt: /home/nvidia/caffe-build/models/bvlc_alexnet/deploy.prototxt
---------- Prediction for /home/nvidia/caffe-build/examples/images/cat.jpg ----------
Latency(us)/Energy(mJ): 0 0 0 0 0 
Latency(us)/Energy(mJ): 2886 10.5751 0.558463 1.29429 4.10387 
Latency(us)/Energy(mJ): 30 0 0 0 0 
Latency(us)/Energy(mJ): 192 0.753113 0.0728283 0.0873177 0.285022 
Latency(us)/Energy(mJ): 99 0.740965 0.0711683 0.085417 0.278817 
Latency(us)/Energy(mJ): 2356 9.89175 1.19773 1.07573 3.62401 
Latency(us)/Energy(mJ): 29 0 0 0 0 
Latency(us)/Energy(mJ): 164 0.835654 0.129534 0.0863559 0.296212 
Latency(us)/Energy(mJ): 79 0.331292 0.0513532 0.0342355 0.117432 
Latency(us)/Energy(mJ): 1819 8.50199 1.42784 0.853368 2.96043 
Latency(us)/Energy(mJ): 27 0 0 0 0 
Latency(us)/Energy(mJ): 1500 7.10572 1.39739 0.68455 2.3946 
Latency(us)/Energy(mJ): 28 0 0 0 0 
Latency(us)/Energy(mJ): 1072 5.46979 1.1677 0.512914 1.80148 
Latency(us)/Energy(mJ): 27 0 0 0 0 
Latency(us)/Energy(mJ): 43 0 0 0 0 
Latency(us)/Energy(mJ): 1325 6.47466 1.40159 0.601056 2.12592 
Latency(us)/Energy(mJ): 30 0.571901 0.121165 0.0519601 0.190936 
Latency(us)/Energy(mJ): 0 0 0 0 0 
Latency(us)/Energy(mJ): 4980 28.007 6.26026 2.25603 9.60945 
Latency(us)/Energy(mJ): 30 0.710823 0.164648 0.0518923 0.24981 
Latency(us)/Energy(mJ): 0 0 0 0 0 
Latency(us)/Energy(mJ): 2166 13.786 3.18054 0.971399 4.89568 
Latency(us)/Energy(mJ): 189 1.25388 0.290358 0.0853219 0.447978 
0.3094 - "n02124075 Egyptian cat"
0.1761 - "n02123159 tiger cat"
0.1221 - "n02123045 tabby, tabby cat"
0.1132 - "n02119022 red fox, Vulpes vulpes"
0.0421 - "n02085620 Chihuahua"
