loading weight: /home/nvidia/caffe-build/models/bvlc_alexnet/bvlc_alexnet.caffemodel
loading prototxt: /home/nvidia/caffe-build/models/bvlc_alexnet/deploy.prototxt
---------- Prediction for /home/nvidia/caffe-build/examples/images/cat.jpg ----------
Latency(us)/Energy(mJ): 0 0 0 0 0 
Latency(us)/Energy(mJ): 4067 9.26865 0.771682 1.54045 2.54279 
Latency(us)/Energy(mJ): 38 0 0 0 0 
Latency(us)/Energy(mJ): 260 0.752122 0.113263 0.113263 0.202488 
Latency(us)/Energy(mJ): 108 0.239163 0.0356597 0.0356597 0.0644115 
Latency(us)/Energy(mJ): 3233 9.24777 1.67296 1.26261 2.4383 
Latency(us)/Energy(mJ): 35 0 0 0 0 
Latency(us)/Energy(mJ): 198 0.586638 0.132027 0.0733058 0.150642 
Latency(us)/Energy(mJ): 100 0.282161 0.0635024 0.0352586 0.0724555 
Latency(us)/Energy(mJ): 2338 7.45981 1.79579 0.901864 1.89285 
Latency(us)/Energy(mJ): 31 0 0 0 0 
Latency(us)/Energy(mJ): 1671 5.70819 1.56857 0.647968 1.39235 
Latency(us)/Energy(mJ): 31 0 0 0 0 
Latency(us)/Energy(mJ): 1439 5.28382 1.56063 0.578329 1.24749 
Latency(us)/Energy(mJ): 31 0 0 0 0 
Latency(us)/Energy(mJ): 48 0.321282 0.0966376 0.0345328 0.0744896 
Latency(us)/Energy(mJ): 1993 6.68795 1.97925 0.725093 1.61036 
Latency(us)/Energy(mJ): 36 0.390739 0.116254 0.0415425 0.097875 
Latency(us)/Energy(mJ): 1 0 0 0 0 
Latency(us)/Energy(mJ): 8732 36.6632 10.3859 3.34711 10.5453 
Latency(us)/Energy(mJ): 36 0 0 0 0 
Latency(us)/Energy(mJ): 0 0 0 0 0 
Latency(us)/Energy(mJ): 3745 18.2877 5.0468 1.44359 5.84483 
Latency(us)/Energy(mJ): 230 0.952571 0.26161 0.0725424 0.310162 
0.3094 - "n02124075 Egyptian cat"
0.1761 - "n02123159 tiger cat"
0.1221 - "n02123045 tabby, tabby cat"
0.1132 - "n02119022 red fox, Vulpes vulpes"
0.0421 - "n02085620 Chihuahua"
