loading weight: /home/nvidia/caffe-build/models/bvlc_alexnet/bvlc_alexnet.caffemodel
loading prototxt: /home/nvidia/caffe-build/models/bvlc_alexnet/deploy.prototxt
---------- Prediction for /home/nvidia/Downloads/ILSVRC2012_img_train_t3/n02085620/n02085620_1152.JPEG ----------
Latency(us)/Energy(mJ): 0 0 0 0 0 
Latency(us)/Energy(mJ): 295 0.714322 0.0229307 0.149653 0.234135 
Latency(us)/Energy(mJ): 26 0.214495 0.0068856 0.0449376 0.0703056 
Latency(us)/Energy(mJ): 56 0.342909 0.0110078 0.0718406 0.112396 
Latency(us)/Energy(mJ): 84 0.344519 0.0110595 0.0721779 0.112924 
Latency(us)/Energy(mJ): 4175 20.3051 1.57894 4.09475 6.37859 
Latency(us)/Energy(mJ): 25 0.228256 0.0241795 0.0414765 0.0702746 
Latency(us)/Energy(mJ): 96 0.49553 0.0524922 0.0900428 0.152562 
Latency(us)/Energy(mJ): 83 0.363456 0.0385014 0.0660436 0.111899 
Latency(us)/Energy(mJ): 5335 27.2492 3.59476 4.88933 8.02373 
Latency(us)/Energy(mJ): 28 0.232903 0.0344723 0.0413849 0.0675441 
Latency(us)/Energy(mJ): 3869 20.7012 3.14577 3.54662 6.08471 
Latency(us)/Energy(mJ): 35 0 0 0 0 
Latency(us)/Energy(mJ): 2899 16.2517 2.63681 2.67496 4.86392 
Latency(us)/Energy(mJ): 35 0.255267 0.0413397 0.0413849 0.0760379 
Latency(us)/Energy(mJ): 35 0.150855 0.0244305 0.0244572 0.0449361 
Latency(us)/Energy(mJ): 2629 15.1282 2.42343 2.42608 4.61137 
Latency(us)/Energy(mJ): 23 0 0 0 0 
Latency(us)/Energy(mJ): 0 0 0 0 0 
Latency(us)/Energy(mJ): 13193 86.3177 12.1882 12.0896 29.7387 
Latency(us)/Energy(mJ): 25 0.184943 0.0245037 0.0245037 0.0666019 
Latency(us)/Energy(mJ): 0 0 0 0 0 
Latency(us)/Energy(mJ): 5828 40.8416 5.29997 5.24045 14.8716 
Latency(us)/Energy(mJ): 36 0.518572 0.0665022 0.0644608 0.190494 
0.5948 - "n02085620 Chihuahua"
0.0656 - "n02110806 basenji"
0.0383 - "n02113023 Pembroke, Pembroke Welsh corgi"
0.0311 - "n02091244 Ibizan hound, Ibizan Podenco"
0.0298 - "n02389026 sorrel"
