loading weight: /home/nvidia/caffe-build/models/bvlc_alexnet/bvlc_alexnet.caffemodel
loading prototxt: /home/nvidia/caffe-build/models/bvlc_alexnet/deploy.prototxt
---------- Prediction for /home/nvidia/Downloads/ILSVRC2012_img_train_t3/n02085620/n02085620_1152.JPEG ----------
Latency(us)/Energy(mJ): 0 0 0 0 0 
Latency(us)/Energy(mJ): 509 1.8283 0.0893463 0.154037 0.673848 
Latency(us)/Energy(mJ): 62 0.167585 0.0103554 0.0137921 0.06064 
Latency(us)/Energy(mJ): 122 0.435845 0.026848 0.0357582 0.157896 
Latency(us)/Energy(mJ): 115 0.478461 0.0353609 0.0388326 0.173155 
Latency(us)/Energy(mJ): 1944 7.8659 0.913831 0.593634 2.72564 
Latency(us)/Energy(mJ): 62 0.342748 0.0489411 0.0244305 0.115954 
Latency(us)/Energy(mJ): 98 0.351835 0.0532879 0.0248575 0.118664 
Latency(us)/Energy(mJ): 104 0.49965 0.0795134 0.0353007 0.168517 
Latency(us)/Energy(mJ): 2196 9.91697 1.83 0.666004 3.20947 
Latency(us)/Energy(mJ): 65 0.38807 0.0810067 0.0249063 0.125185 
Latency(us)/Energy(mJ): 1925 9.66171 2.07142 0.583245 3.12989 
Latency(us)/Energy(mJ): 73 0.432496 0.0994871 0.0248514 0.140309 
Latency(us)/Energy(mJ): 1319 7.29366 1.68403 0.406809 2.37214 
Latency(us)/Energy(mJ): 72 0.471773 0.109052 0.0256444 0.153485 
Latency(us)/Energy(mJ): 85 0.472001 0.108351 0.0254797 0.153463 
Latency(us)/Energy(mJ): 1169 6.67333 1.56253 0.360168 2.18876 
Latency(us)/Energy(mJ): 67 0.464035 0.105109 0.0247172 0.15503 
Latency(us)/Energy(mJ): 1 0 0 0 0 
Latency(us)/Energy(mJ): 6452 43.567 9.29204 1.96174 15.8843 
Latency(us)/Energy(mJ): 66 0.608033 0.123403 0.0246806 0.233778 
Latency(us)/Energy(mJ): 1 0 0 0 0 
Latency(us)/Energy(mJ): 2838 22.0562 4.43347 0.865212 8.55723 
Latency(us)/Energy(mJ): 82 0.647167 0.129969 0.0247599 0.254743 
0.5948 - "n02085620 Chihuahua"
0.0656 - "n02110806 basenji"
0.0383 - "n02113023 Pembroke, Pembroke Welsh corgi"
0.0311 - "n02091244 Ibizan hound, Ibizan Podenco"
0.0298 - "n02389026 sorrel"
