loading weight: /home/nvidia/caffe-build/models/bvlc_alexnet/bvlc_alexnet.caffemodel
loading prototxt: /home/nvidia/caffe-build/models/bvlc_alexnet/deploy.prototxt
---------- Prediction for /home/nvidia/Downloads/ILSVRC2012_img_train_t3/n02085620/n02085620_1152.JPEG ----------
Latency(us)/Energy(mJ): 0 0 0 0 0 
Latency(us)/Energy(mJ): 227 0.85793 0.0362233 0.122958 0.300854 
Latency(us)/Energy(mJ): 24 0.122689 0.00650818 0.0173646 0.0424879 
Latency(us)/Energy(mJ): 51 0.319918 0.018964 0.0448841 0.110358 
Latency(us)/Energy(mJ): 47 0.199706 0.0138653 0.0277761 0.0688264 
Latency(us)/Energy(mJ): 1161 5.39854 0.674285 0.695856 1.76198 
Latency(us)/Energy(mJ): 23 0.224224 0.0373187 0.0271773 0.0707232 
Latency(us)/Energy(mJ): 43 0.144244 0.0238276 0.0173524 0.045156 
Latency(us)/Energy(mJ): 42 0.235587 0.0386276 0.0281304 0.0732036 
Latency(us)/Energy(mJ): 1314 7.26823 1.55049 0.812649 2.12697 
Latency(us)/Energy(mJ): 26 0.166464 0.0396522 0.0176168 0.0475076 
Latency(us)/Energy(mJ): 1085 6.64161 1.72364 0.658422 1.89732 
Latency(us)/Energy(mJ): 32 0.187474 0.0506906 0.017629 0.0536384 
Latency(us)/Energy(mJ): 758 4.9764 1.4119 0.45101 1.42089 
Latency(us)/Energy(mJ): 34 0.313914 0.0930668 0.027572 0.089948 
Latency(us)/Energy(mJ): 37 0.200155 0.0593404 0.0175802 0.0573518 
Latency(us)/Energy(mJ): 624 4.55291 1.35413 0.391693 1.30888 
Latency(us)/Energy(mJ): 29 0.20886 0.0618586 0.0176656 0.0609318 
Latency(us)/Energy(mJ): 0 0 0 0 0 
Latency(us)/Energy(mJ): 4797 40.18 11.456 2.93233 12.7594 
Latency(us)/Energy(mJ): 29 0 0 0 0 
Latency(us)/Energy(mJ): 0 0 0 0 0 
Latency(us)/Energy(mJ): 2113 20.5913 5.66661 1.30482 6.91945 
Latency(us)/Energy(mJ): 36 0.399729 0.107506 0.0245671 0.135058 
0.5948 - "n02085620 Chihuahua"
0.0656 - "n02110806 basenji"
0.0383 - "n02113023 Pembroke, Pembroke Welsh corgi"
0.0311 - "n02091244 Ibizan hound, Ibizan Podenco"
0.0298 - "n02389026 sorrel"
