loading weight: /home/nvidia/caffe-build/models/bvlc_alexnet/bvlc_alexnet.caffemodel
loading prototxt: /home/nvidia/caffe-build/models/bvlc_alexnet/deploy.prototxt
---------- Prediction for /home/nvidia/Downloads/ILSVRC2012_img_train_t3/n02085620/n02085620_1152.JPEG ----------
Latency(us)/Energy(mJ): 0 0 0 0 0 
Latency(us)/Energy(mJ): 362 1.29063 0.0493301 0.173304 0.456118 
Latency(us)/Energy(mJ): 39 0.307403 0.0140871 0.0409258 0.108676 
Latency(us)/Energy(mJ): 80 0.30969 0.0176101 0.0410646 0.109044 
Latency(us)/Energy(mJ): 73 0.316953 0.0179215 0.0417908 0.110973 
Latency(us)/Energy(mJ): 2370 10.123 0.987832 1.25575 3.40102 
Latency(us)/Energy(mJ): 38 0.142563 0.019161 0.0167462 0.0468832 
Latency(us)/Energy(mJ): 64 0.350315 0.0470837 0.04115 0.115205 
Latency(us)/Energy(mJ): 66 0.351776 0.0468881 0.0409792 0.114726 
Latency(us)/Energy(mJ): 2906 13.9038 2.29202 1.55708 4.37297 
Latency(us)/Energy(mJ): 41 0 0 0 0 
Latency(us)/Energy(mJ): 2251 11.8219 2.28664 1.21208 3.69634 
Latency(us)/Energy(mJ): 48 0.170282 0.0335352 0.0167676 0.0540708 
Latency(us)/Energy(mJ): 1630 9.2445 1.94719 0.884827 2.93172 
Latency(us)/Energy(mJ): 47 0.178603 0.0383394 0.0167676 0.0570538 
Latency(us)/Energy(mJ): 56 0.438035 0.0937728 0.0410112 0.139546 
Latency(us)/Energy(mJ): 1288 7.39311 1.59327 0.681523 2.37324 
Latency(us)/Energy(mJ): 42 0.184483 0.038315 0.0167569 0.0606262 
Latency(us)/Energy(mJ): 1 0.269224 0.0555555 0.024297 0.087906 
Latency(us)/Energy(mJ): 7617 52.0445 10.2731 3.99203 18.5901 
Latency(us)/Energy(mJ): 42 0.234136 0.0427515 0.0166394 0.0876219 
Latency(us)/Energy(mJ): 0 0.340534 0.062179 0.0242009 0.128346 
Latency(us)/Energy(mJ): 3357 25.6458 4.79905 1.77196 9.75442 
Latency(us)/Energy(mJ): 52 0.608547 0.111612 0.0411607 0.233013 
0.5948 - "n02085620 Chihuahua"
0.0656 - "n02110806 basenji"
0.0383 - "n02113023 Pembroke, Pembroke Welsh corgi"
0.0311 - "n02091244 Ibizan hound, Ibizan Podenco"
0.0298 - "n02389026 sorrel"
