loading weight: /home/nvidia/caffe-build/models/bvlc_alexnet/bvlc_alexnet.caffemodel
loading prototxt: /home/nvidia/caffe-build/models/bvlc_alexnet/deploy.prototxt
---------- Prediction for /home/nvidia/Downloads/ILSVRC2012_img_train_t3/n02085620/n02085620_1152.JPEG ----------
Latency(us)/Energy(mJ): 0 0 0 0 0 
Latency(us)/Energy(mJ): 942 3.09274 0.163115 0.194375 1.13053 
Latency(us)/Energy(mJ): 131 0.423896 0.0345321 0.0259274 0.151828 
Latency(us)/Energy(mJ): 536 2.09519 0.185747 0.125707 0.743617 
Latency(us)/Energy(mJ): 150 0.497647 0.0487012 0.0292433 0.173672 
Latency(us)/Energy(mJ): 2199 9.60859 1.25683 0.532952 3.30685 
Latency(us)/Energy(mJ): 135 0.684244 0.10889 0.0362965 0.227765 
Latency(us)/Energy(mJ): 413 1.69596 0.277282 0.0894108 0.561062 
Latency(us)/Energy(mJ): 323 1.5763 0.27294 0.0819179 0.514044 
Latency(us)/Energy(mJ): 2028 9.21585 1.72962 0.464673 2.97779 
Latency(us)/Energy(mJ): 136 0.533767 0.104094 0.0260236 0.17421 
Latency(us)/Energy(mJ): 2532 12.6839 2.65641 0.583803 4.16828 
Latency(us)/Energy(mJ): 152 0.826831 0.181231 0.0362461 0.272558 
Latency(us)/Energy(mJ): 1573 8.36713 1.88114 0.36051 2.78408 
Latency(us)/Energy(mJ): 137 0.612365 0.137875 0.0258587 0.205176 
Latency(us)/Energy(mJ): 154 0.859871 0.193602 0.0363102 0.287465 
Latency(us)/Energy(mJ): 5361 26.4894 5.12601 1.23657 9.00452 
Latency(us)/Energy(mJ): 147 0.58873 0.0940932 0.0282403 0.208458 
Latency(us)/Energy(mJ): 3 0.162164 0.0257131 0.0077173 0.0573911 
Latency(us)/Energy(mJ): 7530 44.9762 7.92299 1.71509 17.0546 
Latency(us)/Energy(mJ): 137 1.08119 0.193126 0.0360924 0.424086 
Latency(us)/Energy(mJ): 3 0 0 0 0 
Latency(us)/Energy(mJ): 3258 23.2648 4.16592 0.74556 9.22073 
Latency(us)/Energy(mJ): 167 1.16816 0.206738 0.0363706 0.466915 
0.5948 - "n02085620 Chihuahua"
0.0656 - "n02110806 basenji"
0.0383 - "n02113023 Pembroke, Pembroke Welsh corgi"
0.0311 - "n02091244 Ibizan hound, Ibizan Podenco"
0.0298 - "n02389026 sorrel"
