loading weight: /home/nvidia/caffe-build/models/bvlc_alexnet/bvlc_alexnet.caffemodel
loading prototxt: /home/nvidia/caffe-build/models/bvlc_alexnet/deploy.prototxt
---------- Prediction for /home/nvidia/caffe-build/examples/images/cat.jpg ----------
Latency(us)/Energy(mJ): 1 0 0 0 0 
Latency(us)/Energy(mJ): 8206 20.0026 1.91513 6.90813 3.361 
Latency(us)/Energy(mJ): 45 0 0 0 0 
Latency(us)/Energy(mJ): 677 1.78316 0.258213 0.567798 0.309026 
Latency(us)/Energy(mJ): 238 0.767771 0.110646 0.243306 0.133239 
Latency(us)/Energy(mJ): 9831 27.8699 5.31724 8.14706 4.89305 
Latency(us)/Energy(mJ): 37 0.287517 0.0663576 0.0736878 0.0498646 
Latency(us)/Energy(mJ): 472 1.43789 0.331857 0.368515 0.249375 
Latency(us)/Energy(mJ): 181 0.575929 0.132922 0.147605 0.0998844 
Latency(us)/Energy(mJ): 5806 17.6715 4.30037 4.42524 3.10462 
Latency(us)/Energy(mJ): 36 0 0 0 0 
Latency(us)/Energy(mJ): 3988 12.6685 3.48536 3.06326 2.07291 
Latency(us)/Energy(mJ): 35 0.255997 0.073051 0.060929 0.0412307 
Latency(us)/Energy(mJ): 3821 12.1479 3.46651 2.89128 1.95653 
Latency(us)/Energy(mJ): 36 0.25664 0.0732342 0.0610818 0.0413342 
Latency(us)/Energy(mJ): 54 0 0 0 0 
Latency(us)/Energy(mJ): 7217 22.7147 6.09811 5.5463 3.6929 
Latency(us)/Energy(mJ): 42 0.250093 0.0609672 0.0609672 0.044289 
Latency(us)/Energy(mJ): 5 0 0 0 0 
Latency(us)/Energy(mJ): 32999 109.897 27.2965 24.9689 22.8273 
Latency(us)/Energy(mJ): 81 0.309661 0.0695622 0.0626424 0.0697443 
Latency(us)/Energy(mJ): 2 0 0 0 0 
Latency(us)/Energy(mJ): 14263 49.2339 10.9043 9.81958 11.3361 
Latency(us)/Energy(mJ): 272 0.993665 0.218275 0.196562 0.229989 
0.3094 - "n02124075 Egyptian cat"
0.1761 - "n02123159 tiger cat"
0.1221 - "n02123045 tabby, tabby cat"
0.1132 - "n02119022 red fox, Vulpes vulpes"
0.0421 - "n02085620 Chihuahua"
