loading weight: /home/nvidia/caffe-build/models/bvlc_alexnet/bvlc_alexnet.caffemodel
loading prototxt: /home/nvidia/caffe-build/models/bvlc_alexnet/deploy.prototxt
---------- Prediction for /home/nvidia/Downloads/ILSVRC2012_img_train_t3/n02085620/n02085620_1152.JPEG ----------
Latency(us)/Energy(mJ): 0 0 0 0 0 
Latency(us)/Energy(mJ): 264 1.10016 0.0400719 0.29814 0.317041 
Latency(us)/Energy(mJ): 22 0.22236 0.0103371 0.0585917 0.0640085 
Latency(us)/Energy(mJ): 61 0.361018 0.0222467 0.0946761 0.103429 
Latency(us)/Energy(mJ): 51 0.139684 0.0085156 0.0362402 0.0395906 
Latency(us)/Energy(mJ): 1153 6.24202 0.69416 1.51449 1.71328 
Latency(us)/Energy(mJ): 23 0.255606 0.0379564 0.0586763 0.0684934 
Latency(us)/Energy(mJ): 46 0.157558 0.0232403 0.0359269 0.0419378 
Latency(us)/Energy(mJ): 43 0.257325 0.0379564 0.0586763 0.0684934 
Latency(us)/Energy(mJ): 1307 7.91503 1.52384 1.70428 2.02199 
Latency(us)/Energy(mJ): 26 0.174734 0.038087 0.0359788 0.0441066 
Latency(us)/Energy(mJ): 1122 7.32115 1.74105 1.41979 1.86959 
Latency(us)/Energy(mJ): 35 0.513588 0.130152 0.0924982 0.132641 
Latency(us)/Energy(mJ): 745 5.31142 1.39887 0.890502 1.37239 
Latency(us)/Energy(mJ): 38 0.337915 0.0930216 0.055144 0.0873264 
Latency(us)/Energy(mJ): 44 0.207534 0.0571301 0.0338672 0.0541598 
Latency(us)/Energy(mJ): 715 5.53913 1.52244 0.890454 1.44545 
Latency(us)/Energy(mJ): 29 0.346503 0.0930216 0.055144 0.0925244 
Latency(us)/Energy(mJ): 1 0 0 0 0 
Latency(us)/Energy(mJ): 4757 42.0748 11.2093 5.73074 12.3561 
Latency(us)/Energy(mJ): 27 0.27333 0.0719742 0.0317476 0.0850958 
Latency(us)/Energy(mJ): 0 0 0 0 0 
Latency(us)/Energy(mJ): 2119 21.4568 5.59154 2.41656 6.80615 
Latency(us)/Energy(mJ): 35 0.472006 0.123948 0.0516412 0.151397 
0.5948 - "n02085620 Chihuahua"
0.0656 - "n02110806 basenji"
0.0383 - "n02113023 Pembroke, Pembroke Welsh corgi"
0.0311 - "n02091244 Ibizan hound, Ibizan Podenco"
0.0298 - "n02389026 sorrel"
