loading weight: /home/nvidia/caffe-build/models/bvlc_alexnet/bvlc_alexnet.caffemodel
loading prototxt: /home/nvidia/caffe-build/models/bvlc_alexnet/deploy.prototxt
---------- Prediction for /home/nvidia/Downloads/ILSVRC2012_img_train_t3/n02085620/n02085620_1152.JPEG ----------
Latency(us)/Energy(mJ): 0 0 0 0 0 
Latency(us)/Energy(mJ): 215 0.89248 0.0338195 0.152341 0.306079 
Latency(us)/Energy(mJ): 20 0.127216 0.00646238 0.0215319 0.0432613 
Latency(us)/Energy(mJ): 49 0.205835 0.0104561 0.0348386 0.0699968 
Latency(us)/Energy(mJ): 42 0.128561 0.00647612 0.0215776 0.0433532 
Latency(us)/Energy(mJ): 1371 6.70696 0.655149 1.05987 2.18015 
Latency(us)/Energy(mJ): 20 0 0 0 0 
Latency(us)/Energy(mJ): 38 0.232619 0.031231 0.034686 0.0730542 
Latency(us)/Energy(mJ): 37 0.142969 0.0191948 0.0213182 0.0448996 
Latency(us)/Energy(mJ): 1637 8.92615 1.53425 1.26159 2.69687 
Latency(us)/Energy(mJ): 21 0.158652 0.0321235 0.021425 0.0467251 
Latency(us)/Energy(mJ): 1247 7.42583 1.58798 0.948272 2.20027 
Latency(us)/Energy(mJ): 28 0.283453 0.065656 0.0345486 0.0840397 
Latency(us)/Energy(mJ): 896 5.67668 1.34116 0.669014 1.68529 
Latency(us)/Energy(mJ): 28 0.185892 0.044856 0.021364 0.055188 
Latency(us)/Energy(mJ): 34 0.302246 0.0725065 0.0345334 0.0900674 
Latency(us)/Energy(mJ): 721 4.69985 1.15865 0.527828 1.40447 
Latency(us)/Energy(mJ): 24 0.310632 0.0754764 0.0343197 0.0946379 
Latency(us)/Energy(mJ): 0 0 0 0 0 
Latency(us)/Energy(mJ): 5164 41.2728 9.84853 3.92455 13.5522 
Latency(us)/Energy(mJ): 24 0.398847 0.0924042 0.0342138 0.137439 
Latency(us)/Energy(mJ): 0 0 0 0 0 
Latency(us)/Energy(mJ): 2262 20.8171 4.77789 1.72748 7.26845 
Latency(us)/Energy(mJ): 31 0.314718 0.0710289 0.0253746 0.110856 
0.5948 - "n02085620 Chihuahua"
0.0656 - "n02110806 basenji"
0.0383 - "n02113023 Pembroke, Pembroke Welsh corgi"
0.0311 - "n02091244 Ibizan hound, Ibizan Podenco"
0.0298 - "n02389026 sorrel"
