loading weight: /home/nvidia/caffe-build/models/bvlc_alexnet/bvlc_alexnet.caffemodel
loading prototxt: /home/nvidia/caffe-build/models/bvlc_alexnet/deploy.prototxt
---------- Prediction for /home/nvidia/caffe-build/examples/images/cat.jpg ----------
Latency(us)/Energy(mJ): 1 0 0 0 0 
Latency(us)/Energy(mJ): 8159 22.9778 1.88668 9.96889 3.39458 
Latency(us)/Energy(mJ): 34 0.284686 0.036481 0.116796 0.04393 
Latency(us)/Energy(mJ): 729 2.1056 0.266903 0.815664 0.321402 
Latency(us)/Energy(mJ): 232 0.822677 0.104095 0.312285 0.126888 
Latency(us)/Energy(mJ): 9879 31.2215 5.31178 11.2868 4.9647 
Latency(us)/Energy(mJ): 56 0.376889 0.0778714 0.129899 0.0586019 
Latency(us)/Energy(mJ): 485 1.55128 0.32052 0.499209 0.246404 
Latency(us)/Energy(mJ): 216 1.01994 0.210737 0.328222 0.164418 
Latency(us)/Energy(mJ): 5765 19.1423 4.15301 6.07467 3.04325 
Latency(us)/Energy(mJ): 45 0.39597 0.095634 0.121706 0.0610236 
Latency(us)/Energy(mJ): 3905 13.7512 3.42789 4.21328 2.11246 
Latency(us)/Energy(mJ): 34 0 0 0 0 
Latency(us)/Energy(mJ): 3812 13.7282 3.54016 4.13147 2.00177 
Latency(us)/Energy(mJ): 30 0 0 0 0 
Latency(us)/Energy(mJ): 46 0 0 0 0 
Latency(us)/Energy(mJ): 7384 25.4367 6.25333 7.97101 3.79938 
Latency(us)/Energy(mJ): 62 0.27106 0.0608908 0.085279 0.0442335 
Latency(us)/Energy(mJ): 5 0 0 0 0 
Latency(us)/Energy(mJ): 33040 119.256 27.1236 32.8335 22.8677 
Latency(us)/Energy(mJ): 33 0 0 0 0 
Latency(us)/Energy(mJ): 2 0 0 0 0 
Latency(us)/Energy(mJ): 14240 53.4647 11.2574 14.1885 11.3363 
Latency(us)/Energy(mJ): 211 0.727653 0.148445 0.19294 0.156411 
0.3094 - "n02124075 Egyptian cat"
0.1761 - "n02123159 tiger cat"
0.1221 - "n02123045 tabby, tabby cat"
0.1132 - "n02119022 red fox, Vulpes vulpes"
0.0421 - "n02085620 Chihuahua"
