loading weight: /home/nvidia/caffe-build/models/bvlc_alexnet/bvlc_alexnet.caffemodel
loading prototxt: /home/nvidia/caffe-build/models/bvlc_alexnet/deploy.prototxt
---------- Prediction for /home/nvidia/caffe-build/examples/images/cat.jpg ----------
Latency(us)/Energy(mJ): 1 0 0 0 0 
Latency(us)/Energy(mJ): 5079 16.0041 0.873921 1.1415 6.33626 
Latency(us)/Energy(mJ): 87 0.393708 0.0349073 0.0262091 0.151303 
Latency(us)/Energy(mJ): 439 1.49241 0.163916 0.0982639 0.56727 
Latency(us)/Energy(mJ): 228 1.15089 0.12457 0.0746769 0.439459 
Latency(us)/Energy(mJ): 2421 8.74974 1.19583 0.536925 3.24532 
Latency(us)/Energy(mJ): 84 0.387991 0.0677382 0.0225794 0.139815 
Latency(us)/Energy(mJ): 374 1.69743 0.294276 0.0980922 0.6074 
Latency(us)/Energy(mJ): 202 0.847838 0.146606 0.0488686 0.306656 
Latency(us)/Energy(mJ): 1860 7.43347 1.38245 0.417146 2.64188 
Latency(us)/Energy(mJ): 88 0.413477 0.082656 0.0225336 0.14327 
Latency(us)/Energy(mJ): 1798 7.76478 1.6668 0.4167 2.67589 
Latency(us)/Energy(mJ): 86 0.465114 0.105946 0.0244572 0.15753 
Latency(us)/Energy(mJ): 1366 6.05508 1.42183 0.316902 2.05392 
Latency(us)/Energy(mJ): 88 0.470678 0.113528 0.0243198 0.158769 
Latency(us)/Energy(mJ): 127 0.470678 0.113528 0.0243198 0.158769 
Latency(us)/Energy(mJ): 2066 8.94965 2.09702 0.464996 3.0422 
Latency(us)/Energy(mJ): 87 0.483934 0.114757 0.0245832 0.168432 
Latency(us)/Energy(mJ): 2 0 0 0 0 
Latency(us)/Energy(mJ): 4977 26.0093 6.19159 1.14461 9.28562 
Latency(us)/Energy(mJ): 90 0.66665 0.157758 0.0263121 0.244048 
Latency(us)/Energy(mJ): 1 0 0 0 0 
Latency(us)/Energy(mJ): 2092 12.8929 3.14835 0.486711 4.73458 
Latency(us)/Energy(mJ): 554 3.29539 0.797335 0.11913 1.22355 
0.3094 - "n02124075 Egyptian cat"
0.1761 - "n02123159 tiger cat"
0.1221 - "n02123045 tabby, tabby cat"
0.1132 - "n02119022 red fox, Vulpes vulpes"
0.0421 - "n02085620 Chihuahua"
