loading weight: /home/nvidia/caffe-build/models/bvlc_alexnet/bvlc_alexnet.caffemodel
loading prototxt: /home/nvidia/caffe-build/models/bvlc_alexnet/deploy.prototxt
---------- Prediction for /home/nvidia/Downloads/ILSVRC2012_img_train_t3/n02085620/n02085620_1152.JPEG ----------
Latency(us)/Energy(mJ): 0 0 0 0 0 
Latency(us)/Energy(mJ): 346 1.23584 0.0472811 0.142465 0.452903 
Latency(us)/Energy(mJ): 34 0.181779 0.00688864 0.0207566 0.0659859 
Latency(us)/Energy(mJ): 68 0.302269 0.0172574 0.0345149 0.109724 
Latency(us)/Energy(mJ): 62 0.30251 0.0172712 0.0345424 0.109812 
Latency(us)/Energy(mJ): 3020 12.7971 1.22915 1.38242 4.44993 
Latency(us)/Energy(mJ): 32 0 0 0 0 
Latency(us)/Energy(mJ): 55 0.333464 0.0401782 0.0344599 0.113913 
Latency(us)/Energy(mJ): 57 0.336055 0.0401461 0.0344324 0.112963 
Latency(us)/Energy(mJ): 3821 17.6141 2.82691 1.7451 5.69707 
Latency(us)/Energy(mJ): 35 0.215976 0.0379564 0.0207199 0.0684934 
Latency(us)/Energy(mJ): 2830 14.2176 2.6591 1.30073 4.55366 
Latency(us)/Energy(mJ): 41 0.156028 0.0297997 0.0137583 0.0499866 
Latency(us)/Energy(mJ): 2082 11.1315 2.2073 0.958731 3.59922 
Latency(us)/Energy(mJ): 40 0.245445 0.0483377 0.0207291 0.0796576 
Latency(us)/Energy(mJ): 50 0.16269 0.03204 0.01374 0.0528 
Latency(us)/Energy(mJ): 1769 9.69013 1.98165 0.808855 3.16872 
Latency(us)/Energy(mJ): 35 0.166967 0.0319973 0.0137217 0.0556058 
Latency(us)/Energy(mJ): 1 0 0 0 0 
Latency(us)/Energy(mJ): 9554 61.744 11.2586 4.1705 22.5931 
Latency(us)/Energy(mJ): 37 0.318473 0.0553392 0.0207295 0.122381 
Latency(us)/Energy(mJ): 0 0.208805 0.0362828 0.0135912 0.0802385 
Latency(us)/Energy(mJ): 4201 30.0995 5.09794 1.77802 11.6681 
Latency(us)/Energy(mJ): 46 0.332318 0.0553636 0.0207387 0.130241 
0.5948 - "n02085620 Chihuahua"
0.0656 - "n02110806 basenji"
0.0383 - "n02113023 Pembroke, Pembroke Welsh corgi"
0.0311 - "n02091244 Ibizan hound, Ibizan Podenco"
0.0298 - "n02389026 sorrel"
