loading weight: /home/nvidia/caffe-build/models/bvlc_alexnet/bvlc_alexnet.caffemodel
loading prototxt: /home/nvidia/caffe-build/models/bvlc_alexnet/deploy.prototxt
---------- Prediction for /home/nvidia/Downloads/ILSVRC2012_img_train_t3/n02085620/n02085620_1152.JPEG ----------
Latency(us)/Energy(mJ): 0 0 0 0 0 
Latency(us)/Energy(mJ): 304 1.57217 0.0446211 0.515491 0.426451 
Latency(us)/Energy(mJ): 23 0 0 0 0 
Latency(us)/Energy(mJ): 53 0.387182 0.0164651 0.126256 0.104686 
Latency(us)/Energy(mJ): 45 0.243187 0.0103416 0.079301 0.065753 
Latency(us)/Energy(mJ): 2374 13.1821 0.954528 4.05487 3.47126 
Latency(us)/Energy(mJ): 19 0.262134 0.0241261 0.0758572 0.0684025 
Latency(us)/Energy(mJ): 48 0.159207 0.0167384 0.0460718 0.0415442 
Latency(us)/Energy(mJ): 41 0.417093 0.0435662 0.119914 0.108637 
Latency(us)/Energy(mJ): 3007 17.826 2.32129 4.92221 4.51884 
Latency(us)/Energy(mJ): 26 0.277676 0.0413397 0.0723784 0.0701194 
Latency(us)/Energy(mJ): 2268 14.514 2.30665 3.64884 3.74504 
Latency(us)/Energy(mJ): 37 0.291791 0.0508622 0.0712249 0.0765601 
Latency(us)/Energy(mJ): 1603 10.7098 1.8799 2.50309 2.83141 
Latency(us)/Energy(mJ): 34 0.187415 0.0334768 0.0418734 0.0498585 
Latency(us)/Energy(mJ): 41 0.308716 0.055144 0.0689752 0.0821284 
Latency(us)/Energy(mJ): 1369 9.50632 1.72172 2.10512 2.55528 
Latency(us)/Energy(mJ): 29 0.191614 0.0334768 0.0418734 0.0524927 
Latency(us)/Energy(mJ): 1 0 0 0 0 
Latency(us)/Energy(mJ): 7634 60.3208 10.3591 11.5185 18.6853 
Latency(us)/Energy(mJ): 26 0.351848 0.0596576 0.0596576 0.116678 
Latency(us)/Energy(mJ): 0 0 0 0 0 
Latency(us)/Energy(mJ): 3365 29.4617 4.87849 4.87849 9.90277 
Latency(us)/Energy(mJ): 36 0.379678 0.0616269 0.0616269 0.128659 
0.5948 - "n02085620 Chihuahua"
0.0656 - "n02110806 basenji"
0.0383 - "n02113023 Pembroke, Pembroke Welsh corgi"
0.0311 - "n02091244 Ibizan hound, Ibizan Podenco"
0.0298 - "n02389026 sorrel"
