loading weight: /home/nvidia/caffe-build/models/bvlc_alexnet/bvlc_alexnet.caffemodel
loading prototxt: /home/nvidia/caffe-build/models/bvlc_alexnet/deploy.prototxt
---------- Prediction for /home/nvidia/Downloads/ILSVRC2012_img_train_t3/n02085620/n02085620_1152.JPEG ----------
Latency(us)/Energy(mJ): 0 0 0 0 0 
Latency(us)/Energy(mJ): 422 2.12536 0.0636059 0.638988 0.607358 
Latency(us)/Energy(mJ): 20 0.142923 0.00427728 0.0429698 0.0404372 
Latency(us)/Energy(mJ): 65 0.228047 0.0068248 0.0685623 0.0645213 
Latency(us)/Energy(mJ): 53 0.371884 0.0111294 0.111807 0.105217 
Latency(us)/Energy(mJ): 6829 35.111 2.43386 9.72867 9.69307 
Latency(us)/Energy(mJ): 17 0 0 0 0 
Latency(us)/Energy(mJ): 49 0.386749 0.0338554 0.101566 0.106223 
Latency(us)/Energy(mJ): 53 0.2368 0.0207291 0.0621872 0.0650386 
Latency(us)/Energy(mJ): 8896 46.502 5.07167 11.6678 12.3584 
Latency(us)/Energy(mJ): 27 0.238161 0.0277672 0.059085 0.0628176 
Latency(us)/Energy(mJ): 6214 33.4393 4.04882 8.02507 9.08355 
Latency(us)/Energy(mJ): 38 0.157491 0.0196757 0.0349694 0.043275 
Latency(us)/Energy(mJ): 4739 26.1788 3.24477 5.77142 7.30515 
Latency(us)/Energy(mJ): 36 0.41151 0.0506542 0.0901586 0.115855 
Latency(us)/Energy(mJ): 43 0.252011 0.0310209 0.0552136 0.0709502 
Latency(us)/Energy(mJ): 4373 24.3568 2.98922 5.32002 6.89192 
Latency(us)/Energy(mJ): 23 0.162155 0.0196882 0.0350427 0.0466662 
Latency(us)/Energy(mJ): 1 0 0 0 0 
Latency(us)/Energy(mJ): 21562 135.522 14.7854 26.3362 43.5637 
Latency(us)/Energy(mJ): 25 0 0 0 0 
Latency(us)/Energy(mJ): 0 0 0 0 0 
Latency(us)/Energy(mJ): 9552 63.2121 6.56855 11.6912 21.1133 
Latency(us)/Energy(mJ): 31 0.189185 0.0196608 0.0349939 0.0641411 
0.5948 - "n02085620 Chihuahua"
0.0656 - "n02110806 basenji"
0.0383 - "n02113023 Pembroke, Pembroke Welsh corgi"
0.0311 - "n02091244 Ibizan hound, Ibizan Podenco"
0.0298 - "n02389026 sorrel"
