loading weight: /home/nvidia/caffe-build/models/bvlc_alexnet/bvlc_alexnet.caffemodel
loading prototxt: /home/nvidia/caffe-build/models/bvlc_alexnet/deploy.prototxt
---------- Prediction for /home/nvidia/Downloads/ILSVRC2012_img_train_t3/n02085620/n02085620_1152.JPEG ----------
Latency(us)/Energy(mJ): 0 0 0 0 0 
Latency(us)/Energy(mJ): 105172 446.156 25.3463 105.621 126.604 
Latency(us)/Energy(mJ): 687 2.97185 0.163437 0.714112 0.834315 
Latency(us)/Energy(mJ): 102636 416.369 23.4948 94.711 118.312 
Latency(us)/Energy(mJ): 7702 31.2336 1.76605 7.06419 9.00216 
Latency(us)/Energy(mJ): 221536 929.52 50.7246 219.604 260.623 
Latency(us)/Energy(mJ): 413 1.68534 0.0918473 0.398272 0.468863 
Latency(us)/Energy(mJ): 393556 1565.05 90.1022 361.453 437.924 
Latency(us)/Energy(mJ): 3662 14.545 0.83836 3.35344 4.13366 
Latency(us)/Energy(mJ): 144154 598.497 32.9955 142.823 168.225 
Latency(us)/Energy(mJ): 142 0.594786 0.0327104 0.14184 0.16698 
Latency(us)/Energy(mJ): 110805 461.345 25.3717 110.018 129.889 
Latency(us)/Energy(mJ): 145 0.704466 0.0387422 0.167996 0.197771 
Latency(us)/Energy(mJ): 74802 314.11 17.1258 74.2616 88.6729 
Latency(us)/Energy(mJ): 92 0.300275 0.0163643 0.0709598 0.0848945 
Latency(us)/Energy(mJ): 892 3.75501 0.205912 0.892886 1.0579 
Latency(us)/Energy(mJ): 181429 782.164 41.5387 180.108 232.645 
Latency(us)/Energy(mJ): 10 0 0 0 0 
Latency(us)/Energy(mJ): 0 0 0 0 0 
Latency(us)/Energy(mJ): 80231 346.223 18.3658 79.6336 102.978 
Latency(us)/Energy(mJ): 11 0 0 0 0 
Latency(us)/Energy(mJ): 1 0 0 0 0 
Latency(us)/Energy(mJ): 19938 86.236 4.57448 19.8342 25.6491 
Latency(us)/Energy(mJ): 99 0.431786 0.0229046 0.0993199 0.128426 
0.5948 - "n02085620 Chihuahua"
0.0656 - "n02110806 basenji"
0.0383 - "n02113023 Pembroke, Pembroke Welsh corgi"
0.0311 - "n02091244 Ibizan hound, Ibizan Podenco"
0.0298 - "n02389026 sorrel"
