loading weight: /home/nvidia/caffe-build/models/bvlc_alexnet/bvlc_alexnet.caffemodel
loading prototxt: /home/nvidia/caffe-build/models/bvlc_alexnet/deploy.prototxt
---------- Prediction for /home/nvidia/caffe-build/examples/images/cat.jpg ----------
Latency(us)/Energy(mJ): 0 0 0 0 0 
Latency(us)/Energy(mJ): 8879 32.3996 1.8473 14.6439 5.78003 
Latency(us)/Energy(mJ): 22 0 0 0 0 
Latency(us)/Energy(mJ): 246 0.688855 0.0572638 0.301151 0.122225 
Latency(us)/Energy(mJ): 92 0.688121 0.0572028 0.30083 0.122095 
Latency(us)/Energy(mJ): 12642 47.1645 4.7855 19.3638 8.49544 
Latency(us)/Energy(mJ): 19 0 0 0 0 
Latency(us)/Energy(mJ): 166 0.709677 0.086791 0.274965 0.126965 
Latency(us)/Energy(mJ): 90 0.421874 0.0515937 0.163455 0.0754755 
Latency(us)/Energy(mJ): 10708 39.5635 5.07541 15.4254 6.86921 
Latency(us)/Energy(mJ): 26 0 0 0 0 
Latency(us)/Energy(mJ): 8158 30.061 4.38833 11.5657 4.85478 
Latency(us)/Energy(mJ): 22 0.274867 0.0404238 0.104087 0.0435275 
Latency(us)/Energy(mJ): 4999 17.805 2.61852 6.74245 2.78563 
Latency(us)/Energy(mJ): 19 0.412845 0.0607158 0.156337 0.0631035 
Latency(us)/Energy(mJ): 39 0 0 0 0 
Latency(us)/Energy(mJ): 4188 15.353 2.25644 5.81013 2.50664 
Latency(us)/Energy(mJ): 19 0 0 0 0 
Latency(us)/Energy(mJ): 1 0 0 0 0 
Latency(us)/Energy(mJ): 21843 92.1479 12.4336 30.0668 21.5747 
Latency(us)/Energy(mJ): 23 0 0 0 0 
Latency(us)/Energy(mJ): 1 0 0 0 0 
Latency(us)/Energy(mJ): 9452 43.811 5.76026 12.9535 11.8421 
Latency(us)/Energy(mJ): 145 0.883077 0.113952 0.256251 0.24301 
0.3094 - "n02124075 Egyptian cat"
0.1761 - "n02123159 tiger cat"
0.1221 - "n02123045 tabby, tabby cat"
0.1132 - "n02119022 red fox, Vulpes vulpes"
0.0421 - "n02085620 Chihuahua"
