loading weight: /home/nvidia/caffe-build/models/bvlc_alexnet/bvlc_alexnet.caffemodel
loading prototxt: /home/nvidia/caffe-build/models/bvlc_alexnet/deploy.prototxt
---------- Prediction for /home/nvidia/Downloads/ILSVRC2012_img_train_t3/n02085620/n02085620_1152.JPEG ----------
Latency(us)/Energy(mJ): 0 0 0 0 0 
Latency(us)/Energy(mJ): 863 3.19594 0.256442 0.253723 1.11644 
Latency(us)/Energy(mJ): 129 0.680347 0.104127 0.0489342 0.221407 
Latency(us)/Energy(mJ): 233 1.04217 0.17789 0.0724619 0.336062 
Latency(us)/Energy(mJ): 233 1.08125 0.186629 0.073566 0.346604 
Latency(us)/Energy(mJ): 1154 5.40941 1.24711 0.340423 1.62276 
Latency(us)/Energy(mJ): 128 0.850822 0.243892 0.0487146 0.235587 
Latency(us)/Energy(mJ): 212 1.09199 0.312424 0.062403 0.301785 
Latency(us)/Energy(mJ): 220 1.28807 0.367915 0.0734867 0.357969 
Latency(us)/Energy(mJ): 727 3.95068 1.16199 0.218557 1.09806 
Latency(us)/Energy(mJ): 124 0.669225 0.208441 0.0347212 0.185344 
Latency(us)/Energy(mJ): 1219 7.79128 2.5498 0.377425 2.14871 
Latency(us)/Energy(mJ): 123 0.75419 0.251283 0.034648 0.206411 
Latency(us)/Energy(mJ): 1038 6.94189 2.33254 0.31659 1.88544 
Latency(us)/Energy(mJ): 128 1.0913 0.365577 0.0487329 0.295908 
Latency(us)/Energy(mJ): 155 1.08016 0.36489 0.0486414 0.292965 
Latency(us)/Energy(mJ): 1448 9.49742 3.07343 0.441982 2.6193 
Latency(us)/Energy(mJ): 139 0.758616 0.241283 0.0344528 0.216734 
Latency(us)/Energy(mJ): 2 0.307442 0.0972307 0.0138836 0.0888095 
Latency(us)/Energy(mJ): 4529 36.7374 11.5815 1.37696 11.3569 
Latency(us)/Energy(mJ): 154 2.27416 0.710143 0.0745712 0.736818 
Latency(us)/Energy(mJ): 1 0 0 0 0 
Latency(us)/Energy(mJ): 1828 17.6832 5.54721 0.556685 5.7941 
Latency(us)/Energy(mJ): 165 1.59269 0.499395 0.0486278 0.527947 
0.5948 - "n02085620 Chihuahua"
0.0656 - "n02110806 basenji"
0.0383 - "n02113023 Pembroke, Pembroke Welsh corgi"
0.0311 - "n02091244 Ibizan hound, Ibizan Podenco"
0.0298 - "n02389026 sorrel"
