loading weight: /home/nvidia/caffe-build/models/bvlc_alexnet/bvlc_alexnet.caffemodel
loading prototxt: /home/nvidia/caffe-build/models/bvlc_alexnet/deploy.prototxt
---------- Prediction for /home/nvidia/caffe-build/examples/images/cat.jpg ----------
Latency(us)/Energy(mJ): 5 0 0 0 0 
Latency(us)/Energy(mJ): 11501 29.5248 2.29956 11.9537 4.70047 
Latency(us)/Energy(mJ): 31 0.309078 0.0352275 0.114691 0.0486255 
Latency(us)/Energy(mJ): 825 2.0359 0.232044 0.755474 0.334752 
Latency(us)/Energy(mJ): 287 0.891777 0.101641 0.330917 0.14663 
Latency(us)/Energy(mJ): 15352 42.3452 5.70542 14.6192 7.13869 
Latency(us)/Energy(mJ): 40 0 0 0 0 
Latency(us)/Energy(mJ): 473 1.54385 0.253434 0.507422 0.260893 
Latency(us)/Energy(mJ): 198 0.606685 0.0995921 0.199402 0.104159 
Latency(us)/Energy(mJ): 11313 31.6173 5.19022 10.3918 5.20275 
Latency(us)/Energy(mJ): 34 0 0 0 0 
Latency(us)/Energy(mJ): 8702 23.9493 4.42834 7.97891 3.62164 
Latency(us)/Energy(mJ): 33 0 0 0 0 
Latency(us)/Energy(mJ): 6190 17.0708 3.31802 5.68714 2.49316 
Latency(us)/Energy(mJ): 32 0.319073 0.0620065 0.10628 0.0465918 
Latency(us)/Energy(mJ): 46 0 0 0 0 
Latency(us)/Energy(mJ): 7697 20.7856 3.66812 6.51449 3.17523 
Latency(us)/Energy(mJ): 31 0 0 0 0 
Latency(us)/Energy(mJ): 5 0.314806 0.0523723 0.096054 0.0547736 
Latency(us)/Energy(mJ): 36202 107.409 16.5384 30.3324 22.3193 
Latency(us)/Energy(mJ): 36 0.350003 0.0517769 0.094962 0.0801525 
Latency(us)/Energy(mJ): 2 0 0 0 0 
Latency(us)/Energy(mJ): 15581 48.6501 7.11759 13.0541 11.1638 
Latency(us)/Energy(mJ): 217 0.692289 0.0999585 0.18333 0.158886 
0.3094 - "n02124075 Egyptian cat"
0.1761 - "n02123159 tiger cat"
0.1221 - "n02123045 tabby, tabby cat"
0.1132 - "n02119022 red fox, Vulpes vulpes"
0.0421 - "n02085620 Chihuahua"
