loading weight: /home/nvidia/caffe-build/models/bvlc_alexnet/bvlc_alexnet.caffemodel
loading prototxt: /home/nvidia/caffe-build/models/bvlc_alexnet/deploy.prototxt
---------- Prediction for /home/nvidia/Downloads/ILSVRC2012_img_train_t3/n02085620/n02085620_1152.JPEG ----------
Latency(us)/Energy(mJ): 0 0 0 0 0 
Latency(us)/Energy(mJ): 479 1.73711 0.109478 0.142886 0.626394 
Latency(us)/Energy(mJ): 63 0.138733 0.0135636 0.010858 0.048416 
Latency(us)/Energy(mJ): 116 0.504535 0.058166 0.038735 0.17272 
Latency(us)/Energy(mJ): 115 0.479563 0.0655486 0.0358802 0.160699 
Latency(us)/Energy(mJ): 1006 4.58466 0.881235 0.311173 1.46297 
Latency(us)/Energy(mJ): 62 0.397362 0.0961313 0.0246867 0.119387 
Latency(us)/Energy(mJ): 100 0.403831 0.102306 0.024705 0.119475 
Latency(us)/Energy(mJ): 106 0.590414 0.15467 0.0357216 0.172752 
Latency(us)/Energy(mJ): 838 4.57059 1.32373 0.260592 1.29985 
Latency(us)/Energy(mJ): 67 0.207694 0.0645138 0.0112118 0.0584484 
Latency(us)/Energy(mJ): 1062 6.74055 2.21399 0.334695 1.87983 
Latency(us)/Energy(mJ): 69 0.234336 0.081224 0.0108275 0.0645035 
Latency(us)/Energy(mJ): 640 4.4204 1.56877 0.197353 1.21917 
Latency(us)/Energy(mJ): 63 0.572985 0.209981 0.0246989 0.157992 
Latency(us)/Energy(mJ): 73 0.573721 0.209618 0.0246562 0.157047 
Latency(us)/Energy(mJ): 975 6.77784 2.406 0.298741 1.88392 
Latency(us)/Energy(mJ): 68 0.323387 0.112432 0.0140483 0.0925345 
Latency(us)/Energy(mJ): 1 0 0 0 0 
Latency(us)/Energy(mJ): 4547 38.1114 12.8088 1.39156 11.7401 
Latency(us)/Energy(mJ): 69 0.768342 0.254462 0.0247699 0.248547 
Latency(us)/Energy(mJ): 1 0 0 0 0 
Latency(us)/Energy(mJ): 1986 19.0553 6.21365 0.591499 6.23806 
Latency(us)/Energy(mJ): 83 1.29054 0.418548 0.0388634 0.427126 
0.5948 - "n02085620 Chihuahua"
0.0656 - "n02110806 basenji"
0.0383 - "n02113023 Pembroke, Pembroke Welsh corgi"
0.0311 - "n02091244 Ibizan hound, Ibizan Podenco"
0.0298 - "n02389026 sorrel"
