loading weight: /home/nvidia/caffe-build/models/bvlc_alexnet/bvlc_alexnet.caffemodel
loading prototxt: /home/nvidia/caffe-build/models/bvlc_alexnet/deploy.prototxt
---------- Prediction for /home/nvidia/Downloads/ILSVRC2012_img_train_t3/n02085620/n02085620_1152.JPEG ----------
Latency(us)/Energy(mJ): 0 0 0 0 0 
Latency(us)/Energy(mJ): 465975 1535 106.684 106.684 527.653 
Latency(us)/Energy(mJ): 3000 9.85455 0.680707 0.680707 3.35895 
Latency(us)/Energy(mJ): 463047 1521.76 106.01 106.01 523.108 
Latency(us)/Energy(mJ): 32902 108.287 7.54418 7.54418 37.2267 
Latency(us)/Energy(mJ): 955658 3156.14 218.793 218.793 1080.36 
Latency(us)/Energy(mJ): 1899 6.24044 0.434761 0.434761 2.14533 
Latency(us)/Energy(mJ): 1809584 5878.26 414.301 414.301 2010.11 
Latency(us)/Energy(mJ): 16880 54.7553 3.85933 3.85933 18.7236 
Latency(us)/Energy(mJ): 644106 2118.31 147.468 147.468 727.662 
Latency(us)/Energy(mJ): 662 2.27861 0.158747 0.158747 0.783339 
Latency(us)/Energy(mJ): 491220 1616.87 112.464 112.464 554.954 
Latency(us)/Energy(mJ): 663 2.1378 0.148937 0.148937 0.734929 
Latency(us)/Energy(mJ): 325458 1072.22 74.5171 74.5171 367.712 
Latency(us)/Energy(mJ): 442 1.41052 0.0982685 0.0982685 0.484906 
Latency(us)/Energy(mJ): 4152 13.5837 0.946356 0.946356 4.66979 
Latency(us)/Energy(mJ): 558134 1939.13 127.784 128.563 673.094 
Latency(us)/Energy(mJ): 45 0.300708 0.0197993 0.0197993 0.104357 
Latency(us)/Energy(mJ): 3 0 0 0 0 
Latency(us)/Energy(mJ): 252668 878.579 57.8478 58.0702 304.901 
Latency(us)/Energy(mJ): 44 0.150041 0.00987906 0.00987906 0.05207 
Latency(us)/Energy(mJ): 6 0 0 0 0 
Latency(us)/Energy(mJ): 60719 211.058 13.8966 13.8966 73.2453 
Latency(us)/Energy(mJ): 448 1.65421 0.108917 0.108917 0.574073 
0.5948 - "n02085620 Chihuahua"
0.0656 - "n02110806 basenji"
0.0383 - "n02113023 Pembroke, Pembroke Welsh corgi"
0.0311 - "n02091244 Ibizan hound, Ibizan Podenco"
0.0298 - "n02389026 sorrel"
