loading weight: /home/nvidia/caffe-build/models/bvlc_alexnet/bvlc_alexnet.caffemodel
loading prototxt: /home/nvidia/caffe-build/models/bvlc_alexnet/deploy.prototxt
---------- Prediction for /home/nvidia/caffe-build/examples/images/cat.jpg ----------
Latency(us)/Energy(mJ): 0 0 0 0 0 
Latency(us)/Energy(mJ): 3131 14.9679 0.646211 4.58277 4.47872 
Latency(us)/Energy(mJ): 22 0 0 0 0 
Latency(us)/Energy(mJ): 165 0.917468 0.0568063 0.270249 0.273331 
Latency(us)/Energy(mJ): 77 0.364854 0.0224175 0.106648 0.108412 
Latency(us)/Energy(mJ): 3688 18.7033 1.6024 5.30616 5.52928 
Latency(us)/Energy(mJ): 21 0.386291 0.0391422 0.106358 0.112369 
Latency(us)/Energy(mJ): 138 0.596828 0.0604755 0.164326 0.173612 
Latency(us)/Energy(mJ): 78 0.386028 0.0391155 0.106286 0.112292 
Latency(us)/Energy(mJ): 2947 15.9952 1.91226 4.14362 4.63171 
Latency(us)/Energy(mJ): 22 0 0 0 0 
Latency(us)/Energy(mJ): 2378 12.8758 1.7716 3.23137 3.64999 
Latency(us)/Energy(mJ): 21 0.408631 0.0619182 0.101401 0.114538 
Latency(us)/Energy(mJ): 1523 8.28834 1.25368 2.0531 2.31908 
Latency(us)/Energy(mJ): 19 0 0 0 0 
Latency(us)/Energy(mJ): 29 0 0 0 0 
Latency(us)/Energy(mJ): 1630 9.39345 1.41413 2.31588 2.64742 
Latency(us)/Energy(mJ): 21 0 0 0 0 
Latency(us)/Energy(mJ): 1 0 0 0 0 
Latency(us)/Energy(mJ): 6629 41.3141 6.48447 8.81918 12.6477 
Latency(us)/Energy(mJ): 19 0.501349 0.0797262 0.096821 0.159975 
Latency(us)/Energy(mJ): 0 0 0 0 0 
Latency(us)/Energy(mJ): 2914 19.4079 3.14909 3.65118 6.31424 
Latency(us)/Energy(mJ): 129 1.32603 0.2149 0.243641 0.438442 
0.3094 - "n02124075 Egyptian cat"
0.1761 - "n02123159 tiger cat"
0.1221 - "n02123045 tabby, tabby cat"
0.1132 - "n02119022 red fox, Vulpes vulpes"
0.0421 - "n02085620 Chihuahua"
