loading weight: /home/nvidia/caffe-build/models/bvlc_alexnet/bvlc_alexnet.caffemodel
loading prototxt: /home/nvidia/caffe-build/models/bvlc_alexnet/deploy.prototxt
---------- Prediction for /home/nvidia/Downloads/ILSVRC2012_img_train_t3/n02085620/n02085620_1152.JPEG ----------
Latency(us)/Energy(mJ): 0 0 0 0 0 
Latency(us)/Energy(mJ): 307 1.15523 0.057818 0.132893 0.41696 
Latency(us)/Energy(mJ): 37 0.164338 0.0092058 0.0184116 0.0577674 
Latency(us)/Energy(mJ): 76 0.357594 0.0263215 0.0395254 0.124013 
Latency(us)/Energy(mJ): 65 0.19741 0.0143289 0.0215168 0.0675103 
Latency(us)/Energy(mJ): 1220 5.59217 0.855393 0.555545 1.82277 
Latency(us)/Energy(mJ): 49 0.374525 0.0770974 0.0342859 0.115469 
Latency(us)/Energy(mJ): 86 0.378788 0.0799505 0.0342859 0.116183 
Latency(us)/Energy(mJ): 90 0.574949 0.128973 0.0515891 0.174817 
Latency(us)/Energy(mJ): 992 5.39169 1.38088 0.393796 1.57083 
Latency(us)/Energy(mJ): 56 0.220012 0.0619654 0.0147371 0.0637446 
Latency(us)/Energy(mJ): 1093 6.80399 2.00103 0.42259 1.95636 
Latency(us)/Energy(mJ): 70 0.488369 0.153684 0.0284378 0.13995 
Latency(us)/Energy(mJ): 664 4.29366 1.3745 0.242095 1.22574 
Latency(us)/Energy(mJ): 56 0.520872 0.171097 0.0284912 0.148812 
Latency(us)/Energy(mJ): 64 0.523572 0.171051 0.0284836 0.148772 
Latency(us)/Energy(mJ): 790 5.34872 1.73075 0.294757 1.53515 
Latency(us)/Energy(mJ): 60 0.522922 0.165236 0.0284607 0.153557 
Latency(us)/Energy(mJ): 1 0 0 0 0 
Latency(us)/Energy(mJ): 4617 38.1563 11.8035 1.76002 12.0741 
Latency(us)/Energy(mJ): 64 0.694945 0.211538 0.0285902 0.231123 
Latency(us)/Energy(mJ): 0 0 0 0 0 
Latency(us)/Energy(mJ): 1992 19.0708 5.7374 0.753889 6.40636 
Latency(us)/Energy(mJ): 75 0.746821 0.222988 0.0285304 0.252794 
0.5948 - "n02085620 Chihuahua"
0.0656 - "n02110806 basenji"
0.0383 - "n02113023 Pembroke, Pembroke Welsh corgi"
0.0311 - "n02091244 Ibizan hound, Ibizan Podenco"
0.0298 - "n02389026 sorrel"
