loading weight: /home/nvidia/caffe-build/models/bvlc_alexnet/bvlc_alexnet.caffemodel
loading prototxt: /home/nvidia/caffe-build/models/bvlc_alexnet/deploy.prototxt
---------- Prediction for /home/nvidia/Downloads/ILSVRC2012_img_train_t3/n02085620/n02085620_1152.JPEG ----------
Latency(us)/Energy(mJ): 0 0 0 0 0 
Latency(us)/Energy(mJ): 219 0.861849 0.0358144 0.136438 0.30293 
Latency(us)/Energy(mJ): 23 0.122301 0.00637536 0.0191261 0.0426787 
Latency(us)/Energy(mJ): 51 0.203695 0.0140178 0.0315745 0.0704567 
Latency(us)/Energy(mJ): 51 0.328711 0.0225029 0.0506869 0.113105 
Latency(us)/Energy(mJ): 1154 5.42321 0.671378 0.774785 1.77198 
Latency(us)/Energy(mJ): 26 0.231391 0.0379396 0.0276294 0.0735277 
Latency(us)/Energy(mJ): 40 0.149186 0.0242807 0.0176823 0.0470564 
Latency(us)/Energy(mJ): 46 0.234561 0.0378892 0.0275928 0.0734302 
Latency(us)/Energy(mJ): 1304 7.28423 1.53464 0.804618 2.1692 
Latency(us)/Energy(mJ): 25 0.165589 0.0391854 0.0174094 0.0486036 
Latency(us)/Energy(mJ): 1089 6.82933 1.7495 0.670756 1.98848 
Latency(us)/Energy(mJ): 32 0 0 0 0 
Latency(us)/Energy(mJ): 754 5.28212 1.49693 0.474873 1.5331 
Latency(us)/Energy(mJ): 33 0.198876 0.0586403 0.0173728 0.0577574 
Latency(us)/Energy(mJ): 40 0.316928 0.0929433 0.0275354 0.0915439 
Latency(us)/Energy(mJ): 627 4.43237 1.31129 0.377785 1.28459 
Latency(us)/Energy(mJ): 30 0.32915 0.096929 0.027694 0.0972922 
Latency(us)/Energy(mJ): 0 0 0 0 0 
Latency(us)/Energy(mJ): 4760 40.1037 11.3706 2.89988 12.7432 
Latency(us)/Energy(mJ): 29 0.267937 0.0740222 0.0174052 0.089141 
Latency(us)/Energy(mJ): 0 0 0 0 0 
Latency(us)/Energy(mJ): 2106 20.5322 5.6511 1.2926 6.91517 
Latency(us)/Energy(mJ): 36 0 0 0 0 
0.5948 - "n02085620 Chihuahua"
0.0656 - "n02110806 basenji"
0.0383 - "n02113023 Pembroke, Pembroke Welsh corgi"
0.0311 - "n02091244 Ibizan hound, Ibizan Podenco"
0.0298 - "n02389026 sorrel"
