loading weight: /home/nvidia/caffe-build/models/bvlc_alexnet/bvlc_alexnet.caffemodel
loading prototxt: /home/nvidia/caffe-build/models/bvlc_alexnet/deploy.prototxt
---------- Prediction for /home/nvidia/Downloads/ILSVRC2012_img_train_t3/n02085620/n02085620_1152.JPEG ----------
Latency(us)/Energy(mJ): 0 0 0 0 0 
Latency(us)/Energy(mJ): 240 0.966457 0.0590373 0.113145 0.344974 
Latency(us)/Energy(mJ): 27 0 0 0 0 
Latency(us)/Energy(mJ): 56 0.321096 0.0285902 0.0365951 0.11196 
Latency(us)/Energy(mJ): 53 0.196759 0.0172136 0.0206924 0.0675441 
Latency(us)/Energy(mJ): 994 4.77538 0.773932 0.497027 1.5302 
Latency(us)/Energy(mJ): 27 0.237219 0.0519143 0.0207657 0.0719999 
Latency(us)/Energy(mJ): 45 0.154727 0.0336172 0.0134469 0.0466237 
Latency(us)/Energy(mJ): 46 0.394597 0.0873294 0.0340477 0.118052 
Latency(us)/Energy(mJ): 1035 5.82164 1.61749 0.465029 1.62784 
Latency(us)/Energy(mJ): 30 0.178109 0.053392 0.0133261 0.0485222 
Latency(us)/Energy(mJ): 958 6.36699 2.07559 0.441023 1.71351 
Latency(us)/Energy(mJ): 37 0.319632 0.110528 0.020693 0.0849 
Latency(us)/Energy(mJ): 653 4.91117 1.76573 0.305459 1.30215 
Latency(us)/Energy(mJ): 36 0.221173 0.0822039 0.013317 0.0585423 
Latency(us)/Energy(mJ): 40 0.344175 0.127284 0.0206198 0.0915034 
Latency(us)/Energy(mJ): 640 4.85235 1.80646 0.286566 1.28662 
Latency(us)/Energy(mJ): 32 0.357022 0.13164 0.0207661 0.0956058 
Latency(us)/Energy(mJ): 0 0 0 0 0 
Latency(us)/Energy(mJ): 4589 41.6373 14.8302 2.12342 12.1121 
Latency(us)/Energy(mJ): 31 0.466755 0.163632 0.0243688 0.142601 
Latency(us)/Energy(mJ): 0 0 0 0 0 
Latency(us)/Energy(mJ): 2001 21.1719 7.31377 0.952918 6.53937 
Latency(us)/Energy(mJ): 41 0.31659 0.108767 0.013297 0.099319 
0.5948 - "n02085620 Chihuahua"
0.0656 - "n02110806 basenji"
0.0383 - "n02113023 Pembroke, Pembroke Welsh corgi"
0.0311 - "n02091244 Ibizan hound, Ibizan Podenco"
0.0298 - "n02389026 sorrel"
