loading weight: /home/nvidia/caffe-build/models/bvlc_alexnet/bvlc_alexnet.caffemodel
loading prototxt: /home/nvidia/caffe-build/models/bvlc_alexnet/deploy.prototxt
---------- Prediction for /home/nvidia/Downloads/ILSVRC2012_img_train_t3/n02085620/n02085620_1152.JPEG ----------
Latency(us)/Energy(mJ): 0 0 0 0 0 
Latency(us)/Energy(mJ): 276 1.18113 0.0417574 0.188733 0.415926 
Latency(us)/Energy(mJ): 23 0 0 0 0 
Latency(us)/Energy(mJ): 49 0.320321 0.0112784 0.0509754 0.112339 
Latency(us)/Energy(mJ): 45 0.12433 0.0043776 0.0197856 0.0436032 
Latency(us)/Energy(mJ): 3018 13.6381 1.16582 2.0658 4.53865 
Latency(us)/Energy(mJ): 22 0.213549 0.0240834 0.0309837 0.0691383 
Latency(us)/Energy(mJ): 41 0.134474 0.0151656 0.0195108 0.0435372 
Latency(us)/Energy(mJ): 41 0.214401 0.0241795 0.0311074 0.0694142 
Latency(us)/Energy(mJ): 3887 19.0813 2.8347 2.67233 5.90543 
Latency(us)/Energy(mJ): 23 0.143164 0.0238276 0.0195108 0.0435372 
Latency(us)/Energy(mJ): 2802 14.7122 2.59587 1.91793 4.51078 
Latency(us)/Energy(mJ): 30 0.244762 0.0444614 0.0307913 0.0754321 
Latency(us)/Energy(mJ): 2098 11.6007 2.18924 1.42977 3.60406 
Latency(us)/Energy(mJ): 29 0.257325 0.0483163 0.0310799 0.080482 
Latency(us)/Energy(mJ): 35 0.160629 0.0301603 0.0194009 0.050239 
Latency(us)/Energy(mJ): 1855 10.5301 2.05969 1.25827 3.30745 
Latency(us)/Energy(mJ): 25 0.264902 0.0484445 0.0311623 0.0841882 
Latency(us)/Energy(mJ): 0 0 0 0 0 
Latency(us)/Energy(mJ): 9566 64.1421 11.2535 6.55399 22.6183 
Latency(us)/Energy(mJ): 24 0.32857 0.0552904 0.0310895 0.122273 
Latency(us)/Energy(mJ): 0 0 0 0 0 
Latency(us)/Energy(mJ): 4215 31.3125 5.13056 2.88489 11.7586 
Latency(us)/Energy(mJ): 31 0.343523 0.0552172 0.0310484 0.129896 
0.5948 - "n02085620 Chihuahua"
0.0656 - "n02110806 basenji"
0.0383 - "n02113023 Pembroke, Pembroke Welsh corgi"
0.0311 - "n02091244 Ibizan hound, Ibizan Podenco"
0.0298 - "n02389026 sorrel"
