loading weight: /home/nvidia/caffe-build/models/bvlc_alexnet/bvlc_alexnet.caffemodel
loading prototxt: /home/nvidia/caffe-build/models/bvlc_alexnet/deploy.prototxt
---------- Prediction for /home/nvidia/caffe-build/examples/images/cat.jpg ----------
Latency(us)/Energy(mJ): 6 0 0 0 0 
Latency(us)/Energy(mJ): 7632 21.4192 1.80969 9.17191 3.22068 
Latency(us)/Energy(mJ): 41 0 0 0 0 
Latency(us)/Energy(mJ): 688 2.35077 0.300691 0.902074 0.364225 
Latency(us)/Energy(mJ): 223 0.671275 0.0849377 0.254813 0.106506 
Latency(us)/Energy(mJ): 9722 30.5071 5.22034 10.8808 4.8917 
Latency(us)/Energy(mJ): 28 0.379484 0.0793141 0.123531 0.0618812 
Latency(us)/Energy(mJ): 421 1.46148 0.302795 0.471603 0.236242 
Latency(us)/Energy(mJ): 149 0.357437 0.0738525 0.115025 0.05762 
Latency(us)/Energy(mJ): 5825 19.8143 4.35002 6.29743 3.15465 
Latency(us)/Energy(mJ): 27 0 0 0 0 
Latency(us)/Energy(mJ): 3851 13.5003 3.40672 4.15222 2.08182 
Latency(us)/Energy(mJ): 27 0 0 0 0 
Latency(us)/Energy(mJ): 3715 13.2669 3.45634 4.03366 1.97601 
Latency(us)/Energy(mJ): 29 0 0 0 0 
Latency(us)/Energy(mJ): 47 0 0 0 0 
Latency(us)/Energy(mJ): 7170 24.9683 6.25545 7.74929 3.74139 
Latency(us)/Energy(mJ): 34 0 0 0 0 
Latency(us)/Energy(mJ): 7 0 0 0 0 
Latency(us)/Energy(mJ): 33013 118.91 27.6195 33.4625 22.8962 
Latency(us)/Energy(mJ): 31 0.403041 0.084804 0.110223 0.085026 
Latency(us)/Energy(mJ): 2 0 0 0 0 
Latency(us)/Energy(mJ): 14234 52.6536 11.2038 13.7311 11.3026 
Latency(us)/Energy(mJ): 209 0.821101 0.169226 0.202894 0.178308 
0.3094 - "n02124075 Egyptian cat"
0.1761 - "n02123159 tiger cat"
0.1221 - "n02123045 tabby, tabby cat"
0.1132 - "n02119022 red fox, Vulpes vulpes"
0.0421 - "n02085620 Chihuahua"
