loading weight: /home/nvidia/caffe-build/models/bvlc_alexnet/bvlc_alexnet.caffemodel
loading prototxt: /home/nvidia/caffe-build/models/bvlc_alexnet/deploy.prototxt
---------- Prediction for /home/nvidia/Downloads/ILSVRC2012_img_train_t3/n02085620/n02085620_1152.JPEG ----------
Latency(us)/Energy(mJ): 0 0 0 0 0 
Latency(us)/Energy(mJ): 288 1.23038 0.0457834 0.276133 0.384137 
Latency(us)/Energy(mJ): 28 0.13267 0.00679672 0.0294426 0.0409584 
Latency(us)/Energy(mJ): 65 0.335756 0.0170559 0.0716452 0.102782 
Latency(us)/Energy(mJ): 52 0.205843 0.0103691 0.0414765 0.0633467 
Latency(us)/Energy(mJ): 1365 6.66403 0.680923 1.26012 1.98047 
Latency(us)/Energy(mJ): 23 0 0 0 0 
Latency(us)/Energy(mJ): 47 0.382752 0.0513876 0.0685168 0.111826 
Latency(us)/Energy(mJ): 45 0.233934 0.0311761 0.0415681 0.0678431 
Latency(us)/Energy(mJ): 1583 8.51188 1.49929 1.43836 2.37909 
Latency(us)/Energy(mJ): 27 0.167466 0.0339082 0.0271502 0.0465644 
Latency(us)/Energy(mJ): 1309 7.91039 1.71272 1.20502 2.21488 
Latency(us)/Energy(mJ): 43 0.186815 0.042746 0.0269742 0.0524449 
Latency(us)/Energy(mJ): 866 5.84734 1.39922 0.820846 1.65878 
Latency(us)/Energy(mJ): 37 0 0 0 0 
Latency(us)/Energy(mJ): 52 0.498229 0.12491 0.0681126 0.142404 
Latency(us)/Energy(mJ): 740 5.08077 1.25978 0.683853 1.4615 
Latency(us)/Energy(mJ): 31 0.314085 0.0763154 0.0381577 0.0922334 
Latency(us)/Energy(mJ): 1 0 0 0 0 
Latency(us)/Energy(mJ): 5138 40.8848 9.71477 4.28194 13.1397 
Latency(us)/Energy(mJ): 31 0.402222 0.0931862 0.0379446 0.136021 
Latency(us)/Energy(mJ): 1 0 0 0 0 
Latency(us)/Energy(mJ): 2288 21.1676 4.85093 1.93467 7.28075 
Latency(us)/Energy(mJ): 39 0.282578 0.0640327 0.0251568 0.0987958 
0.5948 - "n02085620 Chihuahua"
0.0656 - "n02110806 basenji"
0.0383 - "n02113023 Pembroke, Pembroke Welsh corgi"
0.0311 - "n02091244 Ibizan hound, Ibizan Podenco"
0.0298 - "n02389026 sorrel"
