loading weight: /home/nvidia/caffe-build/models/bvlc_alexnet/bvlc_alexnet.caffemodel
loading prototxt: /home/nvidia/caffe-build/models/bvlc_alexnet/deploy.prototxt
---------- Prediction for /home/nvidia/caffe-build/examples/images/cat.jpg ----------
Latency(us)/Energy(mJ): 0 0 0 0 0 
Latency(us)/Energy(mJ): 8605 40.965 1.81552 12.7722 12.1408 
Latency(us)/Energy(mJ): 23 0 0 0 0 
Latency(us)/Energy(mJ): 191 0.909468 0.057645 0.274239 0.268002 
Latency(us)/Energy(mJ): 70 0.54999 0.034587 0.164543 0.160801 
Latency(us)/Energy(mJ): 12641 62.193 4.86898 17.745 18.2348 
Latency(us)/Energy(mJ): 19 0 0 0 0 
Latency(us)/Energy(mJ): 120 0.376519 0.0347393 0.104218 0.108996 
Latency(us)/Energy(mJ): 58 0.561677 0.0518227 0.155468 0.162597 
Latency(us)/Energy(mJ): 10432 51.3801 5.08698 13.9425 14.8145 
Latency(us)/Energy(mJ): 22 0.366002 0.0396762 0.0964414 0.103946 
Latency(us)/Energy(mJ): 8110 39.5502 4.3101 10.4766 11.2088 
Latency(us)/Energy(mJ): 21 0.373932 0.040851 0.099297 0.10557 
Latency(us)/Energy(mJ): 4953 24.1127 2.63425 6.4031 6.80227 
Latency(us)/Energy(mJ): 19 0 0 0 0 
Latency(us)/Energy(mJ): 30 0.56432 0.0616503 0.149854 0.157012 
Latency(us)/Energy(mJ): 3882 18.9555 2.06426 5.01761 5.39415 
Latency(us)/Energy(mJ): 20 0 0 0 0 
Latency(us)/Energy(mJ): 1 0 0 0 0 
Latency(us)/Energy(mJ): 21771 118.941 12.6602 28.2048 37.4564 
Latency(us)/Energy(mJ): 20 0.652197 0.0690215 0.146756 0.214306 
Latency(us)/Energy(mJ): 0 0 0 0 0 
Latency(us)/Energy(mJ): 9464 55.394 5.74532 12.2159 18.5032 
Latency(us)/Energy(mJ): 130 0.447518 0.0458415 0.0974696 0.150976 
0.3094 - "n02124075 Egyptian cat"
0.1761 - "n02123159 tiger cat"
0.1221 - "n02123045 tabby, tabby cat"
0.1132 - "n02119022 red fox, Vulpes vulpes"
0.0421 - "n02085620 Chihuahua"
