loading weight: /home/nvidia/caffe-build/models/bvlc_alexnet/bvlc_alexnet.caffemodel
loading prototxt: /home/nvidia/caffe-build/models/bvlc_alexnet/deploy.prototxt
---------- Prediction for /home/nvidia/Downloads/ILSVRC2012_img_train_t3/n02085620/n02085620_1152.JPEG ----------
Latency(us)/Energy(mJ): 0 0 0 0 0 
Latency(us)/Energy(mJ): 320 1.30469 0.0838375 0.170634 0.44994 
Latency(us)/Energy(mJ): 38 0 0 0 0 
Latency(us)/Energy(mJ): 81 0.527954 0.0557867 0.0650946 0.17371 
Latency(us)/Energy(mJ): 73 0.341746 0.044603 0.041118 0.110649 
Latency(us)/Energy(mJ): 933 4.56032 0.882351 0.492124 1.37034 
Latency(us)/Energy(mJ): 38 0.170282 0.0431436 0.0167676 0.0481362 
Latency(us)/Energy(mJ): 65 0.424143 0.10643 0.0413636 0.118746 
Latency(us)/Energy(mJ): 69 0.429492 0.114589 0.0413209 0.118624 
Latency(us)/Energy(mJ): 879 5.06058 1.54921 0.451059 1.32095 
Latency(us)/Energy(mJ): 41 0.48521 0.16413 0.0410326 0.125172 
Latency(us)/Energy(mJ): 959 6.38114 2.26305 0.492316 1.6098 
Latency(us)/Energy(mJ): 47 0.573179 0.213484 0.0410646 0.142726 
Latency(us)/Energy(mJ): 610 4.78546 1.83424 0.328308 1.18396 
Latency(us)/Energy(mJ): 46 0.365164 0.144557 0.0240703 0.0898684 
Latency(us)/Energy(mJ): 53 0.256068 0.100896 0.0168002 0.0627248 
Latency(us)/Energy(mJ): 760 6.24582 2.456 0.401587 1.54341 
Latency(us)/Energy(mJ): 44 0.371697 0.142312 0.0208118 0.0932204 
Latency(us)/Energy(mJ): 0 0 0 0 0 
Latency(us)/Energy(mJ): 4463 42.8395 16.2401 2.26498 11.757 
Latency(us)/Energy(mJ): 43 0.489173 0.180881 0.0243581 0.14167 
Latency(us)/Energy(mJ): 0 0 0 0 0 
Latency(us)/Energy(mJ): 1998 22.0951 8.20332 0.921433 6.48894 
Latency(us)/Energy(mJ): 54 0.357034 0.131242 0.0143002 0.106216 
0.5948 - "n02085620 Chihuahua"
0.0656 - "n02110806 basenji"
0.0383 - "n02113023 Pembroke, Pembroke Welsh corgi"
0.0311 - "n02091244 Ibizan hound, Ibizan Podenco"
0.0298 - "n02389026 sorrel"
