loading weight: /home/nvidia/caffe-build/models/bvlc_alexnet/bvlc_alexnet.caffemodel
loading prototxt: /home/nvidia/caffe-build/models/bvlc_alexnet/deploy.prototxt
---------- Prediction for /home/nvidia/caffe-build/examples/images/cat.jpg ----------
Latency(us)/Energy(mJ): 0 0 0 0 0 
Latency(us)/Energy(mJ): 2811 10.1056 0.552879 1.06276 3.9757 
Latency(us)/Energy(mJ): 43 0 0 0 0 
Latency(us)/Energy(mJ): 218 1.05907 0.0986235 0.105165 0.406067 
Latency(us)/Energy(mJ): 110 0.42642 0.042211 0.042211 0.162988 
Latency(us)/Energy(mJ): 2358 9.60234 1.21121 0.894988 3.55403 
Latency(us)/Energy(mJ): 40 0 0 0 0 
Latency(us)/Energy(mJ): 181 0.831023 0.132248 0.073535 0.29876 
Latency(us)/Energy(mJ): 100 0.489332 0.0778714 0.0432997 0.175919 
Latency(us)/Energy(mJ): 1808 7.92605 1.36669 0.678938 2.79106 
Latency(us)/Energy(mJ): 42 0.517763 0.094878 0.043034 0.177444 
Latency(us)/Energy(mJ): 1535 7.04146 1.40259 0.576415 2.38969 
Latency(us)/Energy(mJ): 34 0.354415 0.0742512 0.0285179 0.119012 
Latency(us)/Energy(mJ): 1100 5.09437 1.10771 0.405346 1.691 
Latency(us)/Energy(mJ): 35 0.364962 0.080367 0.0286703 0.119497 
Latency(us)/Energy(mJ): 53 0 0 0 0 
Latency(us)/Energy(mJ): 1313 6.44747 1.42094 0.506597 2.13559 
Latency(us)/Energy(mJ): 41 0.551749 0.118708 0.0423482 0.184954 
Latency(us)/Energy(mJ): 1 0 0 0 0 
Latency(us)/Energy(mJ): 4989 27.8547 6.37262 1.89746 9.69192 
Latency(us)/Energy(mJ): 37 0 0 0 0 
Latency(us)/Energy(mJ): 0 0 0 0 0 
Latency(us)/Energy(mJ): 2148 14.041 3.28476 0.836619 5.04184 
Latency(us)/Energy(mJ): 246 1.25842 0.297749 0.0722186 0.455547 
0.3094 - "n02124075 Egyptian cat"
0.1761 - "n02123159 tiger cat"
0.1221 - "n02123045 tabby, tabby cat"
0.1132 - "n02119022 red fox, Vulpes vulpes"
0.0421 - "n02085620 Chihuahua"
