loading weight: /home/nvidia/caffe-build/models/bvlc_alexnet/bvlc_alexnet.caffemodel
loading prototxt: /home/nvidia/caffe-build/models/bvlc_alexnet/deploy.prototxt
---------- Prediction for /home/nvidia/Downloads/ILSVRC2012_img_train_t3/n02085620/n02085620_1152.JPEG ----------
Latency(us)/Energy(mJ): 0 0 0 0 0 
Latency(us)/Energy(mJ): 683 2.31179 0.126743 0.150458 0.846888 
Latency(us)/Energy(mJ): 87 0.313716 0.0262178 0.0196848 0.112006 
Latency(us)/Energy(mJ): 163 0.638416 0.056345 0.0396582 0.226523 
Latency(us)/Energy(mJ): 165 0.654171 0.0664069 0.0398094 0.229816 
Latency(us)/Energy(mJ): 1457 5.93866 0.83829 0.334949 2.01252 
Latency(us)/Energy(mJ): 85 0.371694 0.0656943 0.0197169 0.121307 
Latency(us)/Energy(mJ): 146 0.551346 0.0968705 0.0290738 0.180029 
Latency(us)/Energy(mJ): 147 0.756152 0.141415 0.0395071 0.244633 
Latency(us)/Energy(mJ): 1349 6.14555 1.28623 0.306631 1.9451 
Latency(us)/Energy(mJ): 88 0.41847 0.0924888 0.0198314 0.132758 
Latency(us)/Energy(mJ): 1537 8.00916 1.88679 0.354955 2.55933 
Latency(us)/Energy(mJ): 99 0.470845 0.118054 0.0196757 0.151219 
Latency(us)/Energy(mJ): 938 5.34866 1.35613 0.217252 1.7235 
Latency(us)/Energy(mJ): 87 0.499204 0.131297 0.0197032 0.161325 
Latency(us)/Energy(mJ): 105 0.735345 0.193405 0.0290235 0.236865 
Latency(us)/Energy(mJ): 1316 7.3192 1.82706 0.296404 2.37455 
Latency(us)/Energy(mJ): 93 0.760878 0.182032 0.0303608 0.252736 
Latency(us)/Energy(mJ): 2 0 0 0 0 
Latency(us)/Energy(mJ): 5400 37.3489 8.57094 1.23321 13.4476 
Latency(us)/Energy(mJ): 93 0.663422 0.149075 0.0193891 0.249775 
Latency(us)/Energy(mJ): 1 0 0 0 0 
Latency(us)/Energy(mJ): 2338 18.7947 4.15792 0.529311 7.16368 
Latency(us)/Energy(mJ): 111 1.07565 0.235612 0.029371 0.414027 
0.5948 - "n02085620 Chihuahua"
0.0656 - "n02110806 basenji"
0.0383 - "n02113023 Pembroke, Pembroke Welsh corgi"
0.0311 - "n02091244 Ibizan hound, Ibizan Podenco"
0.0298 - "n02389026 sorrel"
