loading weight: /home/nvidia/caffe-build/models/bvlc_alexnet/bvlc_alexnet.caffemodel
loading prototxt: /home/nvidia/caffe-build/models/bvlc_alexnet/deploy.prototxt
---------- Prediction for /home/nvidia/Downloads/ILSVRC2012_img_train_t3/n02085620/n02085620_1152.JPEG ----------
Latency(us)/Energy(mJ): 0 0 0 0 0 
Latency(us)/Energy(mJ): 190 0.716651 0.0351607 0.140643 0.238189 
Latency(us)/Energy(mJ): 19 0.215498 0.0105065 0.0420261 0.0720775 
Latency(us)/Energy(mJ): 46 0.132106 0.0063891 0.0255564 0.0438309 
Latency(us)/Energy(mJ): 41 0.343516 0.0218807 0.0657138 0.11256 
Latency(us)/Energy(mJ): 1099 5.63569 0.707839 0.999356 1.74249 
Latency(us)/Energy(mJ): 18 0 0 0 0 
Latency(us)/Energy(mJ): 37 0.251601 0.041623 0.041623 0.0747488 
Latency(us)/Energy(mJ): 35 0.155257 0.0256846 0.0256846 0.0461258 
Latency(us)/Energy(mJ): 1247 7.32387 1.58262 1.13256 2.0579 
Latency(us)/Energy(mJ): 20 0.281608 0.0690668 0.0414129 0.0770778 
Latency(us)/Energy(mJ): 1023 6.76888 1.79066 0.932586 1.84591 
Latency(us)/Energy(mJ): 29 0.196222 0.0557223 0.0257115 0.0532214 
Latency(us)/Energy(mJ): 722 5.29355 1.53964 0.665992 1.43367 
Latency(us)/Energy(mJ): 29 0.337915 0.103372 0.041358 0.0916656 
Latency(us)/Energy(mJ): 33 0.213999 0.0651338 0.0260592 0.0577574 
Latency(us)/Energy(mJ): 613 4.50303 1.37838 0.538148 1.22964 
Latency(us)/Energy(mJ): 23 0.354036 0.107517 0.0416325 0.098371 
Latency(us)/Energy(mJ): 0 0 0 0 0 
Latency(us)/Energy(mJ): 4699 41.9885 12.4652 4.27426 12.5585 
Latency(us)/Energy(mJ): 22 0.453918 0.131561 0.0415504 0.14179 
Latency(us)/Energy(mJ): 0 0 0 0 0 
Latency(us)/Energy(mJ): 2078 21.2686 6.12574 1.88882 6.76447 
Latency(us)/Energy(mJ): 30 0.479727 0.137984 0.0413589 0.154292 
0.5948 - "n02085620 Chihuahua"
0.0656 - "n02110806 basenji"
0.0383 - "n02113023 Pembroke, Pembroke Welsh corgi"
0.0311 - "n02091244 Ibizan hound, Ibizan Podenco"
0.0298 - "n02389026 sorrel"
