loading weight: /home/nvidia/caffe-build/models/bvlc_alexnet/bvlc_alexnet.caffemodel
loading prototxt: /home/nvidia/caffe-build/models/bvlc_alexnet/deploy.prototxt
---------- Prediction for /home/nvidia/Downloads/ILSVRC2012_img_train_t3/n02085620/n02085620_1152.JPEG ----------
Latency(us)/Energy(mJ): 0 0 0 0 0 
Latency(us)/Energy(mJ): 574 1.9911 0.0994752 0.167146 0.728474 
Latency(us)/Energy(mJ): 78 0.307308 0.0187963 0.0250344 0.110069 
Latency(us)/Energy(mJ): 138 0.616668 0.0498431 0.0498431 0.219146 
Latency(us)/Energy(mJ): 136 0.452059 0.0360937 0.0360937 0.158694 
Latency(us)/Energy(mJ): 1665 6.829 0.856345 0.507892 2.32072 
Latency(us)/Energy(mJ): 75 0.355194 0.0560317 0.0248758 0.117202 
Latency(us)/Energy(mJ): 109 0.516771 0.0812996 0.0360937 0.170055 
Latency(us)/Energy(mJ): 123 0.553957 0.0928277 0.0384605 0.181206 
Latency(us)/Energy(mJ): 1723 7.97824 1.53679 0.52801 2.53583 
Latency(us)/Energy(mJ): 78 0.396245 0.0810464 0.0249185 0.125932 
Latency(us)/Energy(mJ): 1696 8.77784 1.95322 0.472452 2.81439 
Latency(us)/Energy(mJ): 86 0.444425 0.105965 0.0187093 0.142923 
Latency(us)/Energy(mJ): 1089 5.91262 1.4224 0.242337 1.91847 
Latency(us)/Energy(mJ): 83 0.725029 0.174261 0.0290647 0.237117 
Latency(us)/Energy(mJ): 99 0.47138 0.118581 0.0187276 0.153338 
Latency(us)/Energy(mJ): 1097 6.22519 1.50765 0.280761 2.02976 
Latency(us)/Energy(mJ): 83 0.474488 0.112284 0.0187276 0.157999 
Latency(us)/Energy(mJ): 2 0 0 0 0 
Latency(us)/Energy(mJ): 5798 40.038 8.84019 1.5875 14.475 
Latency(us)/Energy(mJ): 80 0.635391 0.137615 0.0250283 0.24019 
Latency(us)/Energy(mJ): 1 0 0 0 0 
Latency(us)/Energy(mJ): 2567 20.6471 4.33368 0.766167 7.8947 
Latency(us)/Energy(mJ): 98 0.671334 0.137264 0.021476 0.25925 
0.5948 - "n02085620 Chihuahua"
0.0656 - "n02110806 basenji"
0.0383 - "n02113023 Pembroke, Pembroke Welsh corgi"
0.0311 - "n02091244 Ibizan hound, Ibizan Podenco"
0.0298 - "n02389026 sorrel"
