loading weight: /home/nvidia/caffe-build/models/bvlc_alexnet/bvlc_alexnet.caffemodel
loading prototxt: /home/nvidia/caffe-build/models/bvlc_alexnet/deploy.prototxt
---------- Prediction for /home/nvidia/Downloads/ILSVRC2012_img_train_t3/n02085620/n02085620_1152.JPEG ----------
Latency(us)/Energy(mJ): 0 0 0 0 0 
Latency(us)/Energy(mJ): 595 2.26528 0.118021 0.26619 0.802056 
Latency(us)/Energy(mJ): 94 0.310692 0.0236253 0.0354767 0.108367 
Latency(us)/Energy(mJ): 163 0.811476 0.0667574 0.0914351 0.279296 
Latency(us)/Energy(mJ): 154 0.634554 0.0584378 0.070248 0.214579 
Latency(us)/Energy(mJ): 1454 6.39397 0.828322 0.665163 2.1283 
Latency(us)/Energy(mJ): 88 0.356556 0.0588731 0.0353393 0.115354 
Latency(us)/Energy(mJ): 131 0.719138 0.117487 0.0705228 0.2302 
Latency(us)/Energy(mJ): 138 0.512161 0.0914846 0.0415442 0.163015 
Latency(us)/Energy(mJ): 1358 6.68932 1.31402 0.521398 2.08847 
Latency(us)/Energy(mJ): 101 0.632466 0.131642 0.0469621 0.196902 
Latency(us)/Energy(mJ): 1537 8.31625 1.86785 0.581055 2.61389 
Latency(us)/Energy(mJ): 91 0.625226 0.149218 0.0414071 0.197472 
Latency(us)/Energy(mJ): 935 5.44381 1.32565 0.351335 1.72278 
Latency(us)/Energy(mJ): 88 0.468284 0.117746 0.029398 0.147607 
Latency(us)/Energy(mJ): 105 0.744788 0.187271 0.0467563 0.234763 
Latency(us)/Energy(mJ): 1265 7.36317 1.75985 0.474756 2.34305 
Latency(us)/Energy(mJ): 98 0.735041 0.168797 0.0468401 0.240764 
Latency(us)/Energy(mJ): 3 0 0 0 0 
Latency(us)/Energy(mJ): 5377 38.4005 8.59532 2.052 13.5941 
Latency(us)/Energy(mJ): 102 0.983788 0.215303 0.0467944 0.364284 
Latency(us)/Energy(mJ): 2 0 0 0 0 
Latency(us)/Energy(mJ): 2322 19.0516 4.1288 0.874875 7.13285 
Latency(us)/Energy(mJ): 120 1.32148 0.283019 0.0589559 0.500274 
0.5948 - "n02085620 Chihuahua"
0.0656 - "n02110806 basenji"
0.0383 - "n02113023 Pembroke, Pembroke Welsh corgi"
0.0311 - "n02091244 Ibizan hound, Ibizan Podenco"
0.0298 - "n02389026 sorrel"
