loading weight: /home/nvidia/caffe-build/models/bvlc_alexnet/bvlc_alexnet.caffemodel
loading prototxt: /home/nvidia/caffe-build/models/bvlc_alexnet/deploy.prototxt
---------- Prediction for /home/nvidia/Downloads/ILSVRC2012_img_train_t3/n02085620/n02085620_1152.JPEG ----------
Latency(us)/Energy(mJ): 0 0 0 0 0 
Latency(us)/Energy(mJ): 287 1.18368 0.0544576 0.172155 0.411112 
Latency(us)/Energy(mJ): 32 0.125118 0.0089182 0.0178656 0.043129 
Latency(us)/Energy(mJ): 68 0.330615 0.0232776 0.0466315 0.112572 
Latency(us)/Energy(mJ): 65 0.201551 0.0174803 0.0280327 0.067673 
Latency(us)/Energy(mJ): 1079 5.12996 0.760842 0.658145 1.64165 
Latency(us)/Energy(mJ): 33 0.231698 0.0449178 0.0276661 0.0711349 
Latency(us)/Energy(mJ): 57 0.388472 0.0749754 0.0461794 0.118736 
Latency(us)/Energy(mJ): 56 0.155578 0.0322322 0.01844 0.0474128 
Latency(us)/Energy(mJ): 1145 6.44435 1.56278 0.711528 1.86257 
Latency(us)/Energy(mJ): 34 0.175317 0.048092 0.0183122 0.0499533 
Latency(us)/Energy(mJ): 1057 6.55279 1.8914 0.638731 1.85256 
Latency(us)/Energy(mJ): 46 0.30234 0.0937669 0.0277794 0.0853875 
Latency(us)/Energy(mJ): 703 4.84592 1.52483 0.429281 1.3636 
Latency(us)/Energy(mJ): 44 0.327925 0.105156 0.0280356 0.0914604 
Latency(us)/Energy(mJ): 52 0.538035 0.175412 0.0458476 0.150996 
Latency(us)/Energy(mJ): 717 5.10148 1.64257 0.431331 1.43572 
Latency(us)/Energy(mJ): 39 0.329865 0.103555 0.0276208 0.0944088 
Latency(us)/Energy(mJ): 0 0 0 0 0 
Latency(us)/Energy(mJ): 4648 39.7596 12.2578 2.83176 12.2964 
Latency(us)/Energy(mJ): 37 0 0 0 0 
Latency(us)/Energy(mJ): 0 0.433722 0.131259 0.0241662 0.140554 
Latency(us)/Energy(mJ): 2061 20.2059 6.03339 1.14541 6.63578 
Latency(us)/Energy(mJ): 49 0.461763 0.138288 0.0241982 0.15377 
0.5948 - "n02085620 Chihuahua"
0.0656 - "n02110806 basenji"
0.0383 - "n02113023 Pembroke, Pembroke Welsh corgi"
0.0311 - "n02091244 Ibizan hound, Ibizan Podenco"
0.0298 - "n02389026 sorrel"
