loading weight: /home/nvidia/caffe-build/models/bvlc_alexnet/bvlc_alexnet.caffemodel
loading prototxt: /home/nvidia/caffe-build/models/bvlc_alexnet/deploy.prototxt
---------- Prediction for /home/nvidia/caffe-build/examples/images/cat.jpg ----------
Latency(us)/Energy(mJ): 1 0 0 0 0 
Latency(us)/Energy(mJ): 9020 17.6612 2.02492 4.80591 3.0983 
Latency(us)/Energy(mJ): 76 0.427436 0.0743945 0.104191 0.0782895 
Latency(us)/Energy(mJ): 864 1.72638 0.297463 0.416605 0.313037 
Latency(us)/Energy(mJ): 379 1.12184 0.191993 0.268891 0.207897 
Latency(us)/Energy(mJ): 9594 23.254 5.1896 4.55979 4.37897 
Latency(us)/Energy(mJ): 77 0.29458 0.0779504 0.0518914 0.0564234 
Latency(us)/Energy(mJ): 649 1.72445 0.456316 0.303768 0.330298 
Latency(us)/Energy(mJ): 266 0.80067 0.21187 0.141041 0.153359 
Latency(us)/Energy(mJ): 5768 15.2602 4.18185 2.60801 2.83579 
Latency(us)/Energy(mJ): 74 0.311802 0.095172 0.0518914 0.0564234 
Latency(us)/Energy(mJ): 4075 11.5976 3.58335 1.89372 2.05911 
Latency(us)/Energy(mJ): 73 0 0 0 0 
Latency(us)/Energy(mJ): 3968 11.6344 3.72252 1.85923 2.02161 
Latency(us)/Energy(mJ): 68 0 0 0 0 
Latency(us)/Energy(mJ): 113 0.553281 0.177027 0.0884169 0.0961389 
Latency(us)/Energy(mJ): 7753 21.236 6.33665 3.53743 3.73411 
Latency(us)/Energy(mJ): 66 0.535264 0.148598 0.089081 0.104252 
Latency(us)/Energy(mJ): 11 0 0 0 0 
Latency(us)/Energy(mJ): 32803 98.7766 26.017 15.0402 22.3344 
Latency(us)/Energy(mJ): 73 0.25025 0.0610054 0.0365713 0.0611651 
Latency(us)/Energy(mJ): 9 0 0 0 0 
Latency(us)/Energy(mJ): 14141 44.6317 10.7721 6.45762 11.1247 
Latency(us)/Energy(mJ): 483 1.83643 0.442318 0.265159 0.466055 
0.3094 - "n02124075 Egyptian cat"
0.1761 - "n02123159 tiger cat"
0.1221 - "n02123045 tabby, tabby cat"
0.1132 - "n02119022 red fox, Vulpes vulpes"
0.0421 - "n02085620 Chihuahua"
