loading weight: /home/nvidia/caffe-build/models/bvlc_alexnet/bvlc_alexnet.caffemodel
loading prototxt: /home/nvidia/caffe-build/models/bvlc_alexnet/deploy.prototxt
---------- Prediction for /home/nvidia/caffe-build/examples/images/cat.jpg ----------
Latency(us)/Energy(mJ): 2 0 0 0 0 
Latency(us)/Energy(mJ): 2775 9.20937 0.572507 3.74695 1.78268 
Latency(us)/Energy(mJ): 23 0.28894 0.0310566 0.111787 0.0576417 
Latency(us)/Energy(mJ): 253 0.728481 0.0774505 0.278781 0.14375 
Latency(us)/Energy(mJ): 103 0.408344 0.0434143 0.156269 0.0805778 
Latency(us)/Energy(mJ): 3295 12.7957 1.72577 4.57594 2.58426 
Latency(us)/Energy(mJ): 36 0 0 0 0 
Latency(us)/Energy(mJ): 207 0.796183 0.13637 0.257852 0.159793 
Latency(us)/Energy(mJ): 77 0.339331 0.0581202 0.109895 0.068103 
Latency(us)/Energy(mJ): 2386 9.81522 1.83366 3.09786 1.9613 
Latency(us)/Energy(mJ): 19 0 0 0 0 
Latency(us)/Energy(mJ): 1655 7.31687 1.6128 2.21072 1.425 
Latency(us)/Energy(mJ): 19 0 0 0 0 
Latency(us)/Energy(mJ): 1464 6.56975 1.5659 1.92779 1.25202 
Latency(us)/Energy(mJ): 21 0 0 0 0 
Latency(us)/Energy(mJ): 36 0.570372 0.136404 0.165625 0.107567 
Latency(us)/Energy(mJ): 2112 9.24447 2.22534 2.60445 1.79448 
Latency(us)/Energy(mJ): 22 0.513912 0.121866 0.139308 0.10488 
Latency(us)/Energy(mJ): 1 0 0 0 0 
Latency(us)/Energy(mJ): 8681 43.5507 10.3426 10.5498 10.4883 
Latency(us)/Energy(mJ): 21 0 0 0 0 
Latency(us)/Energy(mJ): 3 0.470192 0.111672 0.105128 0.125362 
Latency(us)/Energy(mJ): 3703 20.7335 4.93821 4.21462 5.68426 
Latency(us)/Energy(mJ): 162 1.16098 0.274737 0.229115 0.327301 
0.3094 - "n02124075 Egyptian cat"
0.1761 - "n02123159 tiger cat"
0.1221 - "n02123045 tabby, tabby cat"
0.1132 - "n02119022 red fox, Vulpes vulpes"
0.0421 - "n02085620 Chihuahua"
