loading weight: /home/nvidia/caffe-build/models/bvlc_alexnet/bvlc_alexnet.caffemodel
loading prototxt: /home/nvidia/caffe-build/models/bvlc_alexnet/deploy.prototxt
---------- Prediction for /home/nvidia/Downloads/ILSVRC2012_img_train_t3/n02085620/n02085620_1152.JPEG ----------
Latency(us)/Energy(mJ): 0 0 0 0 0 
Latency(us)/Energy(mJ): 270 1.17157 0.0634967 0.26834 0.35268 
Latency(us)/Energy(mJ): 22 0.218561 0.017305 0.048554 0.0644056 
Latency(us)/Energy(mJ): 64 0.162475 0.0127635 0.0358115 0.047503 
Latency(us)/Energy(mJ): 54 0.394072 0.0365209 0.0852421 0.113071 
Latency(us)/Energy(mJ): 924 4.94673 0.814136 0.971139 1.3415 
Latency(us)/Energy(mJ): 22 0.197182 0.0409523 0.0358207 0.0507796 
Latency(us)/Energy(mJ): 51 0.269105 0.0589876 0.0485726 0.0697208 
Latency(us)/Energy(mJ): 45 0.200445 0.0462152 0.0359489 0.0516008 
Latency(us)/Energy(mJ): 980 6.42333 1.77349 1.05745 1.54075 
Latency(us)/Energy(mJ): 27 0.231726 0.0720686 0.0360343 0.0543214 
Latency(us)/Energy(mJ): 947 6.9794 2.32722 1.00665 1.62991 
Latency(us)/Energy(mJ): 45 0.358749 0.128186 0.0484845 0.0834733 
Latency(us)/Energy(mJ): 610 5.17071 1.88387 0.634843 1.19814 
Latency(us)/Energy(mJ): 43 0.286347 0.10781 0.0333769 0.0663833 
Latency(us)/Energy(mJ): 43 0.38208 0.143213 0.0443373 0.0881825 
Latency(us)/Energy(mJ): 693 6.09018 2.28175 0.702636 1.41445 
Latency(us)/Energy(mJ): 29 0.285096 0.105441 0.0326106 0.068054 
Latency(us)/Energy(mJ): 1 0 0 0 0 
Latency(us)/Energy(mJ): 4554 45.8154 16.662 4.52222 11.9784 
Latency(us)/Energy(mJ): 37 0 0 0 0 
Latency(us)/Energy(mJ): 0 0 0 0 0 
Latency(us)/Energy(mJ): 1980 23.0807 8.26921 1.87128 6.51424 
Latency(us)/Energy(mJ): 35 0.388187 0.137686 0.0300377 0.111432 
0.5948 - "n02085620 Chihuahua"
0.0656 - "n02110806 basenji"
0.0383 - "n02113023 Pembroke, Pembroke Welsh corgi"
0.0311 - "n02091244 Ibizan hound, Ibizan Podenco"
0.0298 - "n02389026 sorrel"
