loading weight: /home/nvidia/caffe-build/models/bvlc_alexnet/bvlc_alexnet.caffemodel
loading prototxt: /home/nvidia/caffe-build/models/bvlc_alexnet/deploy.prototxt
---------- Prediction for /home/nvidia/Downloads/ILSVRC2012_img_train_t3/n02085620/n02085620_1152.JPEG ----------
Latency(us)/Energy(mJ): 0 0 0 0 0 
Latency(us)/Energy(mJ): 225 0.859969 0.0494797 0.123007 0.301818 
Latency(us)/Energy(mJ): 24 0.121853 0.0085339 0.0170958 0.0423617 
Latency(us)/Energy(mJ): 51 0.206443 0.017747 0.0284604 0.0705221 
Latency(us)/Energy(mJ): 48 0.333755 0.0317934 0.0453851 0.11246 
Latency(us)/Energy(mJ): 947 4.59381 0.79519 0.547949 1.42376 
Latency(us)/Energy(mJ): 23 0.253614 0.0563125 0.0246281 0.0742532 
Latency(us)/Energy(mJ): 43 0.160847 0.0354823 0.015518 0.0467866 
Latency(us)/Energy(mJ): 44 0.414631 0.0964968 0.0397296 0.119784 
Latency(us)/Energy(mJ): 994 5.85026 1.70377 0.513302 1.56696 
Latency(us)/Energy(mJ): 26 0.293342 0.093108 0.0241475 0.0762409 
Latency(us)/Energy(mJ): 921 6.41303 2.20256 0.488193 1.6383 
Latency(us)/Energy(mJ): 33 0.344494 0.12649 0.0246067 0.0872755 
Latency(us)/Energy(mJ): 634 4.85188 1.85318 0.33145 1.21414 
Latency(us)/Energy(mJ): 33 0.365164 0.144557 0.0240703 0.0907264 
Latency(us)/Energy(mJ): 40 0.23356 0.0920608 0.0153291 0.0577788 
Latency(us)/Energy(mJ): 632 5.29574 2.10324 0.341749 1.31645 
Latency(us)/Energy(mJ): 28 0.24215 0.095033 0.015457 0.061016 
Latency(us)/Energy(mJ): 0 0 0 0 0 
Latency(us)/Energy(mJ): 4537 44.1227 16.8085 2.42122 12.0881 
Latency(us)/Energy(mJ): 28 0.313751 0.116986 0.015457 0.090451 
Latency(us)/Energy(mJ): 0 0 0 0 0 
Latency(us)/Energy(mJ): 2027 22.8064 8.47587 1.08745 6.67595 
Latency(us)/Energy(mJ): 35 0.33442 0.12391 0.0154706 0.0990465 
0.5948 - "n02085620 Chihuahua"
0.0656 - "n02110806 basenji"
0.0383 - "n02113023 Pembroke, Pembroke Welsh corgi"
0.0311 - "n02091244 Ibizan hound, Ibizan Podenco"
0.0298 - "n02389026 sorrel"
