loading weight: /home/nvidia/caffe-build/models/bvlc_alexnet/bvlc_alexnet.caffemodel
loading prototxt: /home/nvidia/caffe-build/models/bvlc_alexnet/deploy.prototxt
---------- Prediction for /home/nvidia/caffe-build/examples/images/cat.jpg ----------
Latency(us)/Energy(mJ): 0 0 0 0 0 
Latency(us)/Energy(mJ): 2578 10.1904 0.518872 1.95695 3.52251 
Latency(us)/Energy(mJ): 32 0 0 0 0 
Latency(us)/Energy(mJ): 235 1.09873 0.0998791 0.200283 0.371729 
Latency(us)/Energy(mJ): 106 0.481566 0.0432625 0.0867522 0.163171 
Latency(us)/Energy(mJ): 2384 10.4783 1.22583 1.80177 3.46261 
Latency(us)/Energy(mJ): 43 0.346079 0.0510097 0.0566527 0.112415 
Latency(us)/Energy(mJ): 187 0.87184 0.128503 0.142719 0.283194 
Latency(us)/Energy(mJ): 91 0.534746 0.0781806 0.0868294 0.172293 
Latency(us)/Energy(mJ): 1836 8.99482 1.4662 1.42914 2.86426 
Latency(us)/Energy(mJ): 44 0 0 0 0 
Latency(us)/Energy(mJ): 1536 7.87413 1.49878 1.20096 2.43075 
Latency(us)/Energy(mJ): 29 0 0 0 0 
Latency(us)/Energy(mJ): 1121 5.7321 1.17856 0.852233 1.73351 
Latency(us)/Energy(mJ): 34 0 0 0 0 
Latency(us)/Energy(mJ): 42 0.593414 0.122019 0.0871727 0.177316 
Latency(us)/Energy(mJ): 1510 7.76753 1.60232 1.14473 2.3566 
Latency(us)/Energy(mJ): 30 0 0 0 0 
Latency(us)/Energy(mJ): 3 0.390244 0.0790854 0.0565002 0.120627 
Latency(us)/Energy(mJ): 4972 28.8194 6.21278 3.71539 9.28574 
Latency(us)/Energy(mJ): 29 0.748182 0.167185 0.0879739 0.249279 
Latency(us)/Energy(mJ): 3 0 0 0 0 
Latency(us)/Energy(mJ): 2200 14.3684 3.18657 1.48 4.82333 
Latency(us)/Energy(mJ): 224 2.08524 0.457881 0.205972 0.708653 
0.3094 - "n02124075 Egyptian cat"
0.1761 - "n02123159 tiger cat"
0.1221 - "n02123045 tabby, tabby cat"
0.1132 - "n02119022 red fox, Vulpes vulpes"
0.0421 - "n02085620 Chihuahua"
