loading weight: /home/nvidia/caffe-build/models/bvlc_alexnet/bvlc_alexnet.caffemodel
loading prototxt: /home/nvidia/caffe-build/models/bvlc_alexnet/deploy.prototxt
---------- Prediction for /home/nvidia/caffe-build/examples/images/cat.jpg ----------
Latency(us)/Energy(mJ): 2 0 0 0 0 
Latency(us)/Energy(mJ): 2974 9.86315 0.576417 1.12505 3.65619 
Latency(us)/Energy(mJ): 30 0.262107 0.0281725 0.0281725 0.094695 
Latency(us)/Energy(mJ): 449 1.36229 0.144835 0.144835 0.494032 
Latency(us)/Energy(mJ): 93 0.409782 0.0435671 0.0435671 0.148607 
Latency(us)/Energy(mJ): 2627 10.3902 1.40519 1.02733 3.65128 
Latency(us)/Energy(mJ): 183 0.763025 0.128229 0.0713003 0.261123 
Latency(us)/Energy(mJ): 595 2.28989 0.384823 0.213977 0.78365 
Latency(us)/Energy(mJ): 119 0.773419 0.128778 0.0716059 0.262243 
Latency(us)/Energy(mJ): 1602 6.8362 1.25563 0.61416 2.28688 
Latency(us)/Energy(mJ): 28 0 0 0 0 
Latency(us)/Energy(mJ): 1650 7.4972 1.59015 0.640698 2.42856 
Latency(us)/Energy(mJ): 138 0.334131 0.0785715 0.0280035 0.107016 
Latency(us)/Energy(mJ): 1647 7.67114 1.72867 0.639699 2.44462 
Latency(us)/Energy(mJ): 141 0.863576 0.199689 0.0711708 0.271981 
Latency(us)/Energy(mJ): 220 0.862421 0.199422 0.0710756 0.271617 
Latency(us)/Energy(mJ): 2175 9.90667 2.21708 0.826084 3.14543 
Latency(us)/Energy(mJ): 30 0.418558 0.0890816 0.0342138 0.137394 
Latency(us)/Energy(mJ): 1 0 0 0 0 
Latency(us)/Energy(mJ): 5153 27.7024 6.32483 2.04463 9.42254 
Latency(us)/Energy(mJ): 141 1.12021 0.25579 0.0709803 0.395701 
Latency(us)/Energy(mJ): 5 0 0 0 0 
Latency(us)/Energy(mJ): 1771 11.1033 2.62015 0.734167 3.93422 
Latency(us)/Energy(mJ): 193 1.20892 0.285972 0.0856418 0.432037 
0.3094 - "n02124075 Egyptian cat"
0.1761 - "n02123159 tiger cat"
0.1221 - "n02123045 tabby, tabby cat"
0.1132 - "n02119022 red fox, Vulpes vulpes"
0.0421 - "n02085620 Chihuahua"
