loading weight: /home/nvidia/caffe-build/models/bvlc_alexnet/bvlc_alexnet.caffemodel
loading prototxt: /home/nvidia/caffe-build/models/bvlc_alexnet/deploy.prototxt
---------- Prediction for /home/nvidia/Downloads/ILSVRC2012_img_train_t3/n02085620/n02085620_1152.JPEG ----------
Latency(us)/Energy(mJ): 0 0 0 0 0 
Latency(us)/Energy(mJ): 481 1.83867 0.136606 0.215297 0.632793 
Latency(us)/Energy(mJ): 62 0.157448 0.0174773 0.0174773 0.0518976 
Latency(us)/Energy(mJ): 119 0.52521 0.0698181 0.0570668 0.170308 
Latency(us)/Energy(mJ): 112 0.52077 0.076188 0.0549234 0.16549 
Latency(us)/Energy(mJ): 960 4.68923 0.963257 0.447695 1.40768 
Latency(us)/Energy(mJ): 62 0.211582 0.0555646 0.0185215 0.059649 
Latency(us)/Energy(mJ): 99 0.650966 0.174688 0.0561691 0.180894 
Latency(us)/Energy(mJ): 107 0.659544 0.182615 0.055702 0.181822 
Latency(us)/Energy(mJ): 767 4.43486 1.36359 0.354226 1.18179 
Latency(us)/Energy(mJ): 66 0.236656 0.0778522 0.0179719 0.0631764 
Latency(us)/Energy(mJ): 1027 6.94939 2.3946 0.483223 1.82628 
Latency(us)/Energy(mJ): 71 0.283772 0.104239 0.0183714 0.0738474 
Latency(us)/Energy(mJ): 609 4.46255 1.67038 0.279108 1.1591 
Latency(us)/Energy(mJ): 63 0.614828 0.235236 0.0371084 0.158421 
Latency(us)/Energy(mJ): 73 0.614854 0.235294 0.0371175 0.15846 
Latency(us)/Energy(mJ): 984 7.22937 2.69257 0.447248 1.88394 
Latency(us)/Energy(mJ): 68 0.60521 0.222784 0.0370901 0.162279 
Latency(us)/Energy(mJ): 1 0 0 0 0 
Latency(us)/Energy(mJ): 4491 39.461 14.0138 2.03806 11.5123 
Latency(us)/Energy(mJ): 69 0.813087 0.285915 0.0373003 0.249839 
Latency(us)/Energy(mJ): 1 0 0 0 0 
Latency(us)/Energy(mJ): 1976 20.658 7.15169 0.911295 6.42733 
Latency(us)/Energy(mJ): 84 0.871306 0.297436 0.0371184 0.272527 
0.5948 - "n02085620 Chihuahua"
0.0656 - "n02110806 basenji"
0.0383 - "n02113023 Pembroke, Pembroke Welsh corgi"
0.0311 - "n02091244 Ibizan hound, Ibizan Podenco"
0.0298 - "n02389026 sorrel"
