loading weight: /home/nvidia/caffe-build/models/bvlc_alexnet/bvlc_alexnet.caffemodel
loading prototxt: /home/nvidia/caffe-build/models/bvlc_alexnet/deploy.prototxt
---------- Prediction for /home/nvidia/caffe-build/examples/images/cat.jpg ----------
Latency(us)/Energy(mJ): 7 0 0 0 0 
Latency(us)/Energy(mJ): 2956 10.0259 0.604204 1.12955 3.69809 
Latency(us)/Energy(mJ): 30 0 0 0 0 
Latency(us)/Energy(mJ): 219 0.959047 0.1006 0.1006 0.344557 
Latency(us)/Energy(mJ): 94 0 0 0 0 
Latency(us)/Energy(mJ): 2719 10.9544 1.46449 1.07357 3.83176 
Latency(us)/Energy(mJ): 115 0.471365 0.0777684 0.0432424 0.158367 
Latency(us)/Energy(mJ): 238 1.09909 0.181334 0.100829 0.369266 
Latency(us)/Energy(mJ): 92 0.472406 0.0779401 0.0433379 0.160872 
Latency(us)/Energy(mJ): 1826 7.54025 1.35731 0.706204 2.51653 
Latency(us)/Energy(mJ): 32 0.501702 0.103691 0.0518456 0.164819 
Latency(us)/Energy(mJ): 1550 6.75468 1.42206 0.685374 2.17739 
Latency(us)/Energy(mJ): 122 0.86427 0.19985 0.0856231 0.272199 
Latency(us)/Energy(mJ): 1539 6.90869 1.56952 0.684779 2.18619 
Latency(us)/Energy(mJ): 104 0.346079 0.0793732 0.0340065 0.109519 
Latency(us)/Energy(mJ): 171 0.867412 0.198941 0.0852338 0.274498 
Latency(us)/Energy(mJ): 2064 10.0605 2.26974 0.994547 3.19184 
Latency(us)/Energy(mJ): 31 0 0 0 0 
Latency(us)/Energy(mJ): 0 0 0 0 0 
Latency(us)/Energy(mJ): 5120 27.8214 6.35736 2.34059 9.37758 
Latency(us)/Energy(mJ): 117 0.689438 0.16472 0.0520288 0.239014 
Latency(us)/Energy(mJ): 10 0.443947 0.106068 0.0335027 0.155371 
Latency(us)/Energy(mJ): 1893 11.7031 2.75896 0.850718 4.11207 
Latency(us)/Energy(mJ): 216 1.22901 0.288263 0.0863502 0.433829 
0.3094 - "n02124075 Egyptian cat"
0.1761 - "n02123159 tiger cat"
0.1221 - "n02123045 tabby, tabby cat"
0.1132 - "n02119022 red fox, Vulpes vulpes"
0.0421 - "n02085620 Chihuahua"
