loading weight: /home/nvidia/caffe-build/models/bvlc_alexnet/bvlc_alexnet.caffemodel
loading prototxt: /home/nvidia/caffe-build/models/bvlc_alexnet/deploy.prototxt
---------- Prediction for /home/nvidia/caffe-build/examples/images/cat.jpg ----------
Latency(us)/Energy(mJ): 6 0 0 0 0 
Latency(us)/Energy(mJ): 8025 17.0567 1.88199 4.88568 3.14719 
Latency(us)/Energy(mJ): 81 0.264449 0.0433188 0.0692874 0.049896 
Latency(us)/Energy(mJ): 775 1.86921 0.306192 0.481474 0.352682 
Latency(us)/Energy(mJ): 295 0.769029 0.124647 0.174571 0.147834 
Latency(us)/Energy(mJ): 9625 24.3339 5.17803 5.12268 4.66849 
Latency(us)/Energy(mJ): 60 0.313175 0.0793608 0.0617123 0.059636 
Latency(us)/Energy(mJ): 569 1.50669 0.381806 0.296898 0.286909 
Latency(us)/Energy(mJ): 195 0.599879 0.152014 0.118208 0.114231 
Latency(us)/Energy(mJ): 5728 15.7663 4.17327 3.04129 2.93896 
Latency(us)/Energy(mJ): 49 0.345066 0.101136 0.064414 0.0622468 
Latency(us)/Energy(mJ): 3987 11.6013 3.46667 2.14227 2.0702 
Latency(us)/Energy(mJ): 41 0 0 0 0 
Latency(us)/Energy(mJ): 3842 11.4934 3.58121 2.08936 2.00631 
Latency(us)/Energy(mJ): 44 0 0 0 0 
Latency(us)/Energy(mJ): 62 0.337709 0.105226 0.0613912 0.0571455 
Latency(us)/Energy(mJ): 7172 20.3901 5.98475 3.83138 3.60659 
Latency(us)/Energy(mJ): 45 0 0 0 0 
Latency(us)/Energy(mJ): 3 0 0 0 0 
Latency(us)/Energy(mJ): 32942 100.917 26.8838 16.1966 22.7648 
Latency(us)/Energy(mJ): 81 0.365256 0.0879746 0.0527387 0.0903927 
Latency(us)/Energy(mJ): 2 0 0 0 0 
Latency(us)/Energy(mJ): 14058 44.9173 10.8547 6.436 11.1871 
Latency(us)/Energy(mJ): 347 1.46954 0.349759 0.209672 0.368529 
0.3094 - "n02124075 Egyptian cat"
0.1761 - "n02123159 tiger cat"
0.1221 - "n02123045 tabby, tabby cat"
0.1132 - "n02119022 red fox, Vulpes vulpes"
0.0421 - "n02085620 Chihuahua"
