loading weight: /home/nvidia/caffe-build/models/bvlc_alexnet/bvlc_alexnet.caffemodel
loading prototxt: /home/nvidia/caffe-build/models/bvlc_alexnet/deploy.prototxt
---------- Prediction for /home/nvidia/caffe-build/examples/images/cat.jpg ----------
Latency(us)/Energy(mJ): 3 0 0 0 0 
Latency(us)/Energy(mJ): 2915 10.6644 0.592771 4.90522 1.89679 
Latency(us)/Energy(mJ): 26 0.444261 0.0430149 0.189785 0.0800461 
Latency(us)/Energy(mJ): 273 1.03993 0.0997268 0.440002 0.190554 
Latency(us)/Energy(mJ): 97 0.450141 0.0431673 0.190457 0.0824824 
Latency(us)/Energy(mJ): 3283 13.6765 1.70479 5.49874 2.53752 
Latency(us)/Energy(mJ): 20 0 0 0 0 
Latency(us)/Energy(mJ): 193 0.826982 0.129328 0.31626 0.155118 
Latency(us)/Energy(mJ): 77 0.497288 0.0777684 0.190176 0.0932768 
Latency(us)/Energy(mJ): 2354 10.4595 1.78087 3.75635 1.9438 
Latency(us)/Energy(mJ): 20 0 0 0 0 
Latency(us)/Energy(mJ): 1660 7.87502 1.59144 2.71686 1.43501 
Latency(us)/Energy(mJ): 20 0 0 0 0 
Latency(us)/Energy(mJ): 1460 7.16077 1.5715 2.41578 1.29826 
Latency(us)/Energy(mJ): 19 0 0 0 0 
Latency(us)/Energy(mJ): 35 0 0 0 0 
Latency(us)/Energy(mJ): 2212 10.7262 2.41238 3.55742 1.96341 
Latency(us)/Energy(mJ): 21 0 0 0 0 
Latency(us)/Energy(mJ): 1 0 0 0 0 
Latency(us)/Energy(mJ): 8716 46.5685 10.4381 13.0578 10.66 
Latency(us)/Energy(mJ): 21 0 0 0 0 
Latency(us)/Energy(mJ): 1 0 0 0 0 
Latency(us)/Energy(mJ): 3729 22.1856 5.04484 5.4317 5.84451 
Latency(us)/Energy(mJ): 140 0.451119 0.1027 0.102775 0.12327 
0.3094 - "n02124075 Egyptian cat"
0.1761 - "n02123159 tiger cat"
0.1221 - "n02123045 tabby, tabby cat"
0.1132 - "n02119022 red fox, Vulpes vulpes"
0.0421 - "n02085620 Chihuahua"
