loading weight: /home/nvidia/caffe-build/models/bvlc_alexnet/bvlc_alexnet.caffemodel
loading prototxt: /home/nvidia/caffe-build/models/bvlc_alexnet/deploy.prototxt
---------- Prediction for /home/nvidia/Downloads/ILSVRC2012_img_train_t3/n02085620/n02085620_1152.JPEG ----------
Latency(us)/Energy(mJ): 0 0 0 0 0 
Latency(us)/Energy(mJ): 240 1.13527 0.0452455 0.324879 0.325484 
Latency(us)/Energy(mJ): 20 0 0 0 0 
Latency(us)/Energy(mJ): 58 0.375951 0.0166529 0.105517 0.10588 
Latency(us)/Energy(mJ): 45 0.379111 0.0186803 0.105139 0.105502 
Latency(us)/Energy(mJ): 1085 5.96008 0.66796 1.5383 1.61046 
Latency(us)/Energy(mJ): 19 0.165439 0.0255834 0.038417 0.0433939 
Latency(us)/Energy(mJ): 44 0.269523 0.0414129 0.0621872 0.0702435 
Latency(us)/Energy(mJ): 48 0.167216 0.0256932 0.0385819 0.0435802 
Latency(us)/Energy(mJ): 1206 7.8615 1.597 1.70463 1.96849 
Latency(us)/Energy(mJ): 23 0 0 0 0 
Latency(us)/Energy(mJ): 1067 7.69467 1.93017 1.49907 1.91281 
Latency(us)/Energy(mJ): 37 0 0 0 0 
Latency(us)/Energy(mJ): 697 5.57123 1.56053 0.993092 1.39644 
Latency(us)/Energy(mJ): 35 0.357012 0.103418 0.0586051 0.0899878 
Latency(us)/Energy(mJ): 39 0.216955 0.0628468 0.0356141 0.0546852 
Latency(us)/Energy(mJ): 662 5.23463 1.54139 0.848413 1.32589 
Latency(us)/Energy(mJ): 27 0.365811 0.106857 0.058631 0.0943254 
Latency(us)/Energy(mJ): 1 0 0 0 0 
Latency(us)/Energy(mJ): 4659 43.3953 12.3906 5.95737 12.3683 
Latency(us)/Energy(mJ): 25 0.285072 0.0805111 0.0339126 0.086242 
Latency(us)/Energy(mJ): 0 0 0 0 0 
Latency(us)/Energy(mJ): 2106 22.0982 6.17566 2.54747 6.80148 
Latency(us)/Energy(mJ): 35 0.300335 0.0845292 0.0338117 0.0940231 
0.5948 - "n02085620 Chihuahua"
0.0656 - "n02110806 basenji"
0.0383 - "n02113023 Pembroke, Pembroke Welsh corgi"
0.0311 - "n02091244 Ibizan hound, Ibizan Podenco"
0.0298 - "n02389026 sorrel"
