loading weight: /home/nvidia/caffe-build/models/bvlc_alexnet/bvlc_alexnet.caffemodel
loading prototxt: /home/nvidia/caffe-build/models/bvlc_alexnet/deploy.prototxt
---------- Prediction for /home/nvidia/Downloads/ILSVRC2012_img_train_t3/n02085620/n02085620_1152.JPEG ----------
Latency(us)/Energy(mJ): 0 0 0 0 0 
Latency(us)/Energy(mJ): 201 0.909463 0.0485604 0.16553 0.305837 
Latency(us)/Energy(mJ): 21 0.127284 0.0083326 0.0229488 0.0424006 
Latency(us)/Energy(mJ): 45 0.213338 0.0138531 0.0381528 0.0704918 
Latency(us)/Energy(mJ): 41 0.129739 0.008357 0.023016 0.0425248 
Latency(us)/Energy(mJ): 1088 5.56628 0.741972 0.91221 1.7404 
Latency(us)/Energy(mJ): 21 0 0 0 0 
Latency(us)/Energy(mJ): 39 0.401026 0.0726541 0.0614484 0.1207 
Latency(us)/Energy(mJ): 37 0.249124 0.0449574 0.0380235 0.0746874 
Latency(us)/Energy(mJ): 1236 7.26209 1.63431 1.03593 2.05589 
Latency(us)/Energy(mJ): 23 0.172534 0.0425754 0.0234081 0.0475695 
Latency(us)/Energy(mJ): 1032 6.78674 1.84753 0.862626 1.8712 
Latency(us)/Energy(mJ): 29 0 0 0 0 
Latency(us)/Energy(mJ): 715 5.2473 1.56646 0.610372 1.43332 
Latency(us)/Energy(mJ): 33 0.336644 0.10351 0.0379731 0.0917873 
Latency(us)/Energy(mJ): 36 0.207833 0.0635786 0.0233242 0.0563784 
Latency(us)/Energy(mJ): 572 4.45497 1.37777 0.491201 1.22265 
Latency(us)/Energy(mJ): 26 0 0 0 0 
Latency(us)/Energy(mJ): 0 0 0 0 0 
Latency(us)/Energy(mJ): 4761 42.6701 12.8094 4.01458 12.8569 
Latency(us)/Energy(mJ): 24 0 0 0 0 
Latency(us)/Energy(mJ): 0 0 0 0 0 
Latency(us)/Energy(mJ): 2098 21.3878 6.20649 1.76341 6.85415 
Latency(us)/Energy(mJ): 35 0.470163 0.133294 0.0375646 0.152861 
0.5948 - "n02085620 Chihuahua"
0.0656 - "n02110806 basenji"
0.0383 - "n02113023 Pembroke, Pembroke Welsh corgi"
0.0311 - "n02091244 Ibizan hound, Ibizan Podenco"
0.0298 - "n02389026 sorrel"
