loading weight: /home/nvidia/caffe-build/models/bvlc_alexnet/bvlc_alexnet.caffemodel
loading prototxt: /home/nvidia/caffe-build/models/bvlc_alexnet/deploy.prototxt
---------- Prediction for /home/nvidia/Downloads/ILSVRC2012_img_train_t3/n02085620/n02085620_1152.JPEG ----------
Latency(us)/Energy(mJ): 0 0 0 0 0 
Latency(us)/Energy(mJ): 295 1.12101 0.051837 0.128231 0.407651 
Latency(us)/Energy(mJ): 34 0.122722 0.00687458 0.0137492 0.0437091 
Latency(us)/Energy(mJ): 67 0.308303 0.0229177 0.0344141 0.109404 
Latency(us)/Energy(mJ): 66 0.31488 0.0231922 0.0348263 0.111283 
Latency(us)/Energy(mJ): 1246 5.56089 0.69979 0.567297 1.87278 
Latency(us)/Energy(mJ): 31 0.142074 0.0227069 0.0136301 0.0461875 
Latency(us)/Energy(mJ): 60 0.359567 0.057286 0.0343866 0.116524 
Latency(us)/Energy(mJ): 57 0.219523 0.0382752 0.020894 0.0708022 
Latency(us)/Energy(mJ): 1374 6.99776 1.45168 0.628 2.16058 
Latency(us)/Energy(mJ): 36 0.24254 0.0549938 0.0206283 0.0733702 
Latency(us)/Energy(mJ): 1186 6.80384 1.70537 0.54622 2.06911 
Latency(us)/Energy(mJ): 41 0.178879 0.0475153 0.0135843 0.055049 
Latency(us)/Energy(mJ): 801 5.13409 1.3862 0.375937 1.56187 
Latency(us)/Energy(mJ): 42 0.289988 0.079351 0.0206747 0.0882632 
Latency(us)/Energy(mJ): 50 0.191535 0.054351 0.0135729 0.0585387 
Latency(us)/Energy(mJ): 724 4.69513 1.31793 0.329122 1.442 
Latency(us)/Energy(mJ): 37 0.197766 0.0548268 0.0136917 0.0618974 
Latency(us)/Energy(mJ): 1 0 0 0 0 
Latency(us)/Energy(mJ): 4934 38.5594 10.273 2.11314 12.9789 
Latency(us)/Energy(mJ): 38 0.261312 0.0687172 0.0114529 0.0920137 
Latency(us)/Energy(mJ): 0 0 0 0 0 
Latency(us)/Energy(mJ): 2166 19.4324 5.00161 0.822168 6.91008 
Latency(us)/Energy(mJ): 49 0.695501 0.177311 0.0286131 0.251435 
0.5948 - "n02085620 Chihuahua"
0.0656 - "n02110806 basenji"
0.0383 - "n02113023 Pembroke, Pembroke Welsh corgi"
0.0311 - "n02091244 Ibizan hound, Ibizan Podenco"
0.0298 - "n02389026 sorrel"
