loading weight: /home/nvidia/caffe-build/models/bvlc_alexnet/bvlc_alexnet.caffemodel
loading prototxt: /home/nvidia/caffe-build/models/bvlc_alexnet/deploy.prototxt
---------- Prediction for /home/nvidia/Downloads/ILSVRC2012_img_train_t3/n02085620/n02085620_1152.JPEG ----------
Latency(us)/Energy(mJ): 0 0 0 0 0 
Latency(us)/Energy(mJ): 293 1.31246 0.0445265 0.371035 0.372655 
Latency(us)/Energy(mJ): 23 0.135859 0.00631582 0.0378949 0.0385844 
Latency(us)/Energy(mJ): 63 0.359167 0.0166483 0.0998898 0.101707 
Latency(us)/Energy(mJ): 60 0.361758 0.0187322 0.0998348 0.101651 
Latency(us)/Energy(mJ): 1341 6.89717 0.648467 1.79736 1.88365 
Latency(us)/Energy(mJ): 23 0.250736 0.0311211 0.0622422 0.0677235 
Latency(us)/Energy(mJ): 52 0.152434 0.01892 0.03784 0.0411723 
Latency(us)/Energy(mJ): 49 0.406049 0.049982 0.10011 0.108926 
Latency(us)/Energy(mJ): 1583 9.35621 1.51262 2.17491 2.42516 
Latency(us)/Energy(mJ): 27 0 0 0 0 
Latency(us)/Energy(mJ): 1304 8.40808 1.68091 1.69728 2.19499 
Latency(us)/Energy(mJ): 44 0.491016 0.105342 0.0942919 0.129333 
Latency(us)/Energy(mJ): 881 6.06578 1.34743 1.13112 1.61174 
Latency(us)/Energy(mJ): 42 0.323358 0.076047 0.0587347 0.0866972 
Latency(us)/Energy(mJ): 48 0.196213 0.046145 0.03564 0.0526075 
Latency(us)/Energy(mJ): 756 5.58548 1.29516 1.00082 1.50217 
Latency(us)/Energy(mJ): 30 0.201382 0.0461175 0.03564 0.0552475 
Latency(us)/Energy(mJ): 1 0 0 0 0 
Latency(us)/Energy(mJ): 5113 43.3105 9.74602 6.45902 13.1903 
Latency(us)/Energy(mJ): 30 0.255908 0.0566086 0.0335469 0.083193 
Latency(us)/Energy(mJ): 0 0 0 0 0 
Latency(us)/Energy(mJ): 2265 21.606 4.74431 2.74824 7.1414 
Latency(us)/Energy(mJ): 40 0.444013 0.0962811 0.05505 0.148622 
0.5948 - "n02085620 Chihuahua"
0.0656 - "n02110806 basenji"
0.0383 - "n02113023 Pembroke, Pembroke Welsh corgi"
0.0311 - "n02091244 Ibizan hound, Ibizan Podenco"
0.0298 - "n02389026 sorrel"
