loading weight: /home/nvidia/caffe-build/models/bvlc_alexnet/bvlc_alexnet.caffemodel
loading prototxt: /home/nvidia/caffe-build/models/bvlc_alexnet/deploy.prototxt
---------- Prediction for /home/nvidia/caffe-build/examples/images/cat.jpg ----------
Latency(us)/Energy(mJ): 1 0 0 0 0 
Latency(us)/Energy(mJ): 4449 8.85962 0.852877 1.70949 1.87168 
Latency(us)/Energy(mJ): 138 0.167827 0.0289174 0.0289174 0.0362603 
Latency(us)/Energy(mJ): 765 1.69764 0.287455 0.287455 0.37118 
Latency(us)/Energy(mJ): 444 1.1323 0.186645 0.186645 0.250453 
Latency(us)/Energy(mJ): 2932 7.37818 1.49424 1.11393 1.64381 
Latency(us)/Energy(mJ): 170 0.506093 0.126523 0.0702498 0.112731 
Latency(us)/Energy(mJ): 591 1.8715 0.467874 0.259779 0.416871 
Latency(us)/Energy(mJ): 304 0.734049 0.181013 0.100504 0.166279 
Latency(us)/Energy(mJ): 2143 6.32013 1.63736 0.832913 1.39941 
Latency(us)/Energy(mJ): 34 0.224915 0.06258 0.028459 0.0484995 
Latency(us)/Energy(mJ): 2003 6.21892 1.81281 0.761975 1.33645 
Latency(us)/Energy(mJ): 112 0.238182 0.0736806 0.0283444 0.049714 
Latency(us)/Energy(mJ): 1623 5.4605 1.68046 0.6443 1.14278 
Latency(us)/Energy(mJ): 34 0 0 0 0 
Latency(us)/Energy(mJ): 57 0.378662 0.123149 0.0440064 0.079488 
Latency(us)/Energy(mJ): 2347 7.74706 2.34567 0.89663 1.6961 
Latency(us)/Energy(mJ): 148 0.364468 0.105208 0.0404729 0.0852897 
Latency(us)/Energy(mJ): 8 0.284144 0.0820218 0.0315532 0.066493 
Latency(us)/Energy(mJ): 8564 34.3543 9.9586 3.24414 9.42139 
Latency(us)/Energy(mJ): 116 0.848511 0.242272 0.0711137 0.255711 
Latency(us)/Energy(mJ): 11 0 0 0 0 
Latency(us)/Energy(mJ): 3438 16.4704 4.6222 1.33445 5.10602 
Latency(us)/Energy(mJ): 229 0.919188 0.258381 0.0861269 0.291854 
0.3094 - "n02124075 Egyptian cat"
0.1761 - "n02123159 tiger cat"
0.1221 - "n02123045 tabby, tabby cat"
0.1132 - "n02119022 red fox, Vulpes vulpes"
0.0421 - "n02085620 Chihuahua"
