loading weight: /home/nvidia/caffe-build/models/bvlc_alexnet/bvlc_alexnet.caffemodel
loading prototxt: /home/nvidia/caffe-build/models/bvlc_alexnet/deploy.prototxt
---------- Prediction for /home/nvidia/caffe-build/examples/images/cat.jpg ----------
Latency(us)/Energy(mJ): 0 0 0 0 0 
Latency(us)/Energy(mJ): 3253 12.499 0.602757 2.41294 4.33945 
Latency(us)/Energy(mJ): 29 0.413425 0.030561 0.0765528 0.142084 
Latency(us)/Energy(mJ): 217 0.878188 0.0643245 0.161128 0.299056 
Latency(us)/Energy(mJ): 94 0.468866 0.034343 0.0860264 0.161806 
Latency(us)/Energy(mJ): 2835 12.5235 1.31763 2.18417 4.22299 
Latency(us)/Energy(mJ): 28 0 0 0 0 
Latency(us)/Energy(mJ): 178 0.971579 0.129501 0.161718 0.320892 
Latency(us)/Energy(mJ): 88 0 0 0 0 
Latency(us)/Energy(mJ): 2131 10.4535 1.48748 1.70565 3.42075 
Latency(us)/Energy(mJ): 30 0 0 0 0 
Latency(us)/Energy(mJ): 1850 8.66398 1.43175 1.36741 2.77552 
Latency(us)/Energy(mJ): 28 0.55821 0.0958138 0.0871346 0.177238 
Latency(us)/Energy(mJ): 1277 6.28913 1.14252 0.971642 1.97639 
Latency(us)/Energy(mJ): 29 0 0 0 0 
Latency(us)/Energy(mJ): 41 0.483742 0.0892642 0.0743543 0.151242 
Latency(us)/Energy(mJ): 1517 7.38092 1.36044 1.13321 2.33479 
Latency(us)/Energy(mJ): 28 0 0 0 0 
Latency(us)/Energy(mJ): 2 0 0 0 0 
Latency(us)/Energy(mJ): 5495 31.1857 5.89246 4.02605 10.5037 
Latency(us)/Energy(mJ): 28 0 0 0 0 
Latency(us)/Energy(mJ): 1 0 0 0 0 
Latency(us)/Energy(mJ): 2384 15.7448 3.07611 1.68772 5.54442 
Latency(us)/Energy(mJ): 193 1.40639 0.27527 0.145706 0.499777 
0.3094 - "n02124075 Egyptian cat"
0.1761 - "n02123159 tiger cat"
0.1221 - "n02123045 tabby, tabby cat"
0.1132 - "n02119022 red fox, Vulpes vulpes"
0.0421 - "n02085620 Chihuahua"
