loading weight: /home/nvidia/caffe-build/models/bvlc_alexnet/bvlc_alexnet.caffemodel
loading prototxt: /home/nvidia/caffe-build/models/bvlc_alexnet/deploy.prototxt
---------- Prediction for /home/nvidia/Downloads/ILSVRC2012_img_train_t3/n02085620/n02085620_1152.JPEG ----------
Latency(us)/Energy(mJ): 0 0 0 0 0 
Latency(us)/Energy(mJ): 297 1.1029 0.0421952 0.127141 0.404186 
Latency(us)/Energy(mJ): 29 0.116479 0.00441408 0.0133003 0.0422822 
Latency(us)/Energy(mJ): 60 0.303633 0.0173353 0.0346706 0.110219 
Latency(us)/Energy(mJ): 59 0.183303 0.0104653 0.0209306 0.0665392 
Latency(us)/Energy(mJ): 2372 10.0726 0.962859 1.08082 3.48573 
Latency(us)/Energy(mJ): 29 0.203581 0.0241154 0.0206833 0.0683722 
Latency(us)/Energy(mJ): 50 0.13551 0.0183667 0.0137675 0.0455108 
Latency(us)/Energy(mJ): 53 0.341616 0.0463016 0.0347072 0.114731 
Latency(us)/Energy(mJ): 2980 14.044 2.31835 1.36309 4.51879 
Latency(us)/Energy(mJ): 30 0.146738 0.0274983 0.0137492 0.046591 
Latency(us)/Energy(mJ): 2225 11.4377 2.23182 1.01825 3.65263 
Latency(us)/Energy(mJ): 37 0.160796 0.0318905 0.0136759 0.0515085 
Latency(us)/Energy(mJ): 1636 9.08262 1.90678 0.756442 2.92164 
Latency(us)/Energy(mJ): 37 0.255188 0.0555311 0.0208298 0.0826372 
Latency(us)/Energy(mJ): 45 0.169452 0.0368742 0.0138316 0.0548734 
Latency(us)/Energy(mJ): 1363 7.74231 1.67521 0.620617 2.51451 
Latency(us)/Energy(mJ): 33 0.263179 0.0553846 0.0207749 0.0867737 
Latency(us)/Energy(mJ): 0 0.174733 0.0365323 0.0137034 0.0578054 
Latency(us)/Energy(mJ): 7625 51.4236 10.1874 3.46491 18.5544 
Latency(us)/Energy(mJ): 32 0.562015 0.103668 0.0345309 0.213986 
Latency(us)/Energy(mJ): 0 0 0 0 0 
Latency(us)/Energy(mJ): 3369 25.6457 4.81084 1.531 9.84803 
Latency(us)/Energy(mJ): 40 0.230035 0.0426002 0.0134449 0.0889367 
0.5948 - "n02085620 Chihuahua"
0.0656 - "n02110806 basenji"
0.0383 - "n02113023 Pembroke, Pembroke Welsh corgi"
0.0311 - "n02091244 Ibizan hound, Ibizan Podenco"
0.0298 - "n02389026 sorrel"
