loading weight: /home/nvidia/caffe-build/models/bvlc_alexnet/bvlc_alexnet.caffemodel
loading prototxt: /home/nvidia/caffe-build/models/bvlc_alexnet/deploy.prototxt
---------- Prediction for /home/nvidia/caffe-build/examples/images/cat.jpg ----------
Latency(us)/Energy(mJ): 1 0 0 0 0 
Latency(us)/Energy(mJ): 6231 20.0739 1.10521 1.86466 7.86235 
Latency(us)/Energy(mJ): 244 1.13105 0.099186 0.099186 0.429914 
Latency(us)/Energy(mJ): 1001 3.25856 0.317021 0.283757 1.23389 
Latency(us)/Energy(mJ): 549 2.2419 0.240584 0.192089 0.844562 
Latency(us)/Energy(mJ): 3159 11.9138 1.60558 0.841557 4.37539 
Latency(us)/Energy(mJ): 250 0.816119 0.142484 0.0474946 0.290153 
Latency(us)/Energy(mJ): 870 3.25995 0.569145 0.189715 1.159 
Latency(us)/Energy(mJ): 515 2.47707 0.431092 0.143697 0.881789 
Latency(us)/Energy(mJ): 2702 10.7886 1.96315 0.615231 3.78993 
Latency(us)/Energy(mJ): 254 0.862953 0.175686 0.0478953 0.296575 
Latency(us)/Energy(mJ): 2588 10.783 2.22548 0.594037 3.6563 
Latency(us)/Energy(mJ): 240 1.36878 0.295639 0.0739097 0.457659 
Latency(us)/Energy(mJ): 2153 9.29153 2.03108 0.501521 3.10169 
Latency(us)/Energy(mJ): 241 0.885111 0.205195 0.0473686 0.293313 
Latency(us)/Energy(mJ): 317 1.27685 0.289063 0.0683336 0.419207 
Latency(us)/Energy(mJ): 3467 15.178 3.24849 0.823885 5.09618 
Latency(us)/Energy(mJ): 244 0.930939 0.19149 0.0478724 0.324446 
Latency(us)/Energy(mJ): 9 0 0 0 0 
Latency(us)/Energy(mJ): 4768 24.6434 5.51595 1.0967 8.788 
Latency(us)/Energy(mJ): 232 1.72682 0.389359 0.0687458 0.629854 
Latency(us)/Energy(mJ): 1 0 0 0 0 
Latency(us)/Energy(mJ): 1992 11.866 2.76674 0.45326 4.3569 
Latency(us)/Energy(mJ): 1541 9.51057 2.19415 0.356771 3.49707 
0.3094 - "n02124075 Egyptian cat"
0.1761 - "n02123159 tiger cat"
0.1221 - "n02123045 tabby, tabby cat"
0.1132 - "n02119022 red fox, Vulpes vulpes"
0.0421 - "n02085620 Chihuahua"
