loading weight: /home/nvidia/caffe-build/models/bvlc_alexnet/bvlc_alexnet.caffemodel
loading prototxt: /home/nvidia/caffe-build/models/bvlc_alexnet/deploy.prototxt
---------- Prediction for /home/nvidia/Downloads/ILSVRC2012_img_train_t3/n02085620/n02085620_1152.JPEG ----------
Latency(us)/Energy(mJ): 0 0 0 0 0 
Latency(us)/Energy(mJ): 105883 423.95 25.088 87.6944 127.106 
Latency(us)/Energy(mJ): 678 2.73271 0.158157 0.580138 0.807358 
Latency(us)/Energy(mJ): 102572 396.666 23.4807 78.5161 118.016 
Latency(us)/Energy(mJ): 7856 30.5977 1.80266 6.01412 9.18036 
Latency(us)/Energy(mJ): 221087 877.493 50.6082 184.277 259.565 
Latency(us)/Energy(mJ): 424 1.75154 0.100957 0.370322 0.515365 
Latency(us)/Energy(mJ): 398635 1519.57 91.2651 304.689 443.534 
Latency(us)/Energy(mJ): 3859 14.6943 0.880958 2.93909 4.33677 
Latency(us)/Energy(mJ): 145707 575.178 33.3638 111.31 170.045 
Latency(us)/Energy(mJ): 146 0.576163 0.0335302 0.111865 0.171165 
Latency(us)/Energy(mJ): 111355 442.064 25.4868 85.0302 130.786 
Latency(us)/Energy(mJ): 151 0.587925 0.0338874 0.113057 0.172989 
Latency(us)/Energy(mJ): 74914 297.635 17.1554 57.2345 88.9679 
Latency(us)/Energy(mJ): 97 0.406041 0.0234038 0.0780808 0.121414 
Latency(us)/Energy(mJ): 912 3.67339 0.21215 0.707785 1.08996 
Latency(us)/Energy(mJ): 184056 764.259 42.1335 140.568 238.852 
Latency(us)/Energy(mJ): 9 0 0 0 0 
Latency(us)/Energy(mJ): 0 0 0 0 0 
Latency(us)/Energy(mJ): 82993 343.405 19.0067 63.411 108.147 
Latency(us)/Energy(mJ): 9 0 0 0 0 
Latency(us)/Energy(mJ): 1 0 0 0 0 
Latency(us)/Energy(mJ): 20340 84.577 4.65669 15.5359 26.4964 
Latency(us)/Energy(mJ): 102 0.497348 0.0273518 0.0912522 0.15563 
0.5948 - "n02085620 Chihuahua"
0.0656 - "n02110806 basenji"
0.0383 - "n02113023 Pembroke, Pembroke Welsh corgi"
0.0311 - "n02091244 Ibizan hound, Ibizan Podenco"
0.0298 - "n02389026 sorrel"
