loading weight: /home/nvidia/caffe-build/models/bvlc_alexnet/bvlc_alexnet.caffemodel
loading prototxt: /home/nvidia/caffe-build/models/bvlc_alexnet/deploy.prototxt
---------- Prediction for /home/nvidia/caffe-build/examples/images/cat.jpg ----------
Latency(us)/Energy(mJ): 3 0 0 0 0 
Latency(us)/Energy(mJ): 3203 8.36137 0.649772 2.44083 1.77587 
Latency(us)/Energy(mJ): 32 0 0 0 0 
Latency(us)/Energy(mJ): 339 1.08826 0.146019 0.292039 0.234319 
Latency(us)/Energy(mJ): 150 0.225984 0.0301207 0.0602414 0.0483351 
Latency(us)/Energy(mJ): 3284 10.2938 1.71883 2.55642 2.26896 
Latency(us)/Energy(mJ): 43 0.254742 0.0532425 0.05921 0.05642 
Latency(us)/Energy(mJ): 252 0.635075 0.131217 0.145924 0.139048 
Latency(us)/Energy(mJ): 170 0.636405 0.131492 0.14623 0.139339 
Latency(us)/Energy(mJ): 2316 7.80713 1.74794 1.59819 1.7182 
Latency(us)/Energy(mJ): 38 0.411198 0.097188 0.0794859 0.0886262 
Latency(us)/Energy(mJ): 1721 6.18722 1.6067 1.18068 1.31645 
Latency(us)/Energy(mJ): 31 0 0 0 0 
Latency(us)/Energy(mJ): 1491 5.67897 1.58002 1.04713 1.18561 
Latency(us)/Energy(mJ): 31 0.293105 0.0828475 0.0532425 0.0608375 
Latency(us)/Energy(mJ): 47 0 0 0 0 
Latency(us)/Energy(mJ): 2366 8.98646 2.52539 1.65083 1.91177 
Latency(us)/Energy(mJ): 32 0 0 0 0 
Latency(us)/Energy(mJ): 3 0 0 0 0 
Latency(us)/Energy(mJ): 8692 37.9999 10.2547 5.94746 10.0568 
Latency(us)/Energy(mJ): 31 0.557965 0.148053 0.0784211 0.161865 
Latency(us)/Energy(mJ): 1 0 0 0 0 
Latency(us)/Energy(mJ): 3722 18.6836 4.93344 2.54001 5.60139 
Latency(us)/Energy(mJ): 247 1.59053 0.417696 0.208848 0.488528 
0.3094 - "n02124075 Egyptian cat"
0.1761 - "n02123159 tiger cat"
0.1221 - "n02123045 tabby, tabby cat"
0.1132 - "n02119022 red fox, Vulpes vulpes"
0.0421 - "n02085620 Chihuahua"
