loading weight: /home/nvidia/caffe-build/models/bvlc_alexnet/bvlc_alexnet.caffemodel
loading prototxt: /home/nvidia/caffe-build/models/bvlc_alexnet/deploy.prototxt
---------- Prediction for /home/nvidia/Downloads/ILSVRC2012_img_train_t3/n02085620/n02085620_1152.JPEG ----------
Latency(us)/Energy(mJ): 0 0 0 0 0 
Latency(us)/Energy(mJ): 174273 614.37 39.8979 66.5545 202.805 
Latency(us)/Energy(mJ): 1115 3.84447 0.251149 0.418947 1.26123 
Latency(us)/Energy(mJ): 169865 585.622 38.8939 64.8798 195.319 
Latency(us)/Energy(mJ): 12392 42.8947 2.83724 4.73287 14.2482 
Latency(us)/Energy(mJ): 360321 1266.14 82.4832 137.592 417.51 
Latency(us)/Energy(mJ): 703 2.56844 0.167284 0.279051 0.840075 
Latency(us)/Energy(mJ): 662347 2250.29 151.636 252.947 736.071 
Latency(us)/Energy(mJ): 6267 21.3528 1.43775 2.39835 6.9753 
Latency(us)/Energy(mJ): 239659 840.84 54.8657 91.5226 275.453 
Latency(us)/Energy(mJ): 247 0.913316 0.059485 0.0992283 0.298724 
Latency(us)/Energy(mJ): 182979 643.131 41.8883 69.8749 212.216 
Latency(us)/Energy(mJ): 239 0.910292 0.0592881 0.0988998 0.297735 
Latency(us)/Energy(mJ): 122257 429.709 27.9873 46.6862 142.289 
Latency(us)/Energy(mJ): 161 0.532252 0.034666 0.0578272 0.176963 
Latency(us)/Energy(mJ): 1526 5.3045 0.347737 0.580067 1.74918 
Latency(us)/Energy(mJ): 247247 914.752 56.6107 94.4336 312.598 
Latency(us)/Energy(mJ): 15 0.116443 0.00719518 0.0120024 0.0403433 
Latency(us)/Energy(mJ): 1 0 0 0 0 
Latency(us)/Energy(mJ): 112008 414.991 25.6389 42.7689 141.687 
Latency(us)/Energy(mJ): 16 0 0 0 0 
Latency(us)/Energy(mJ): 2 0.172403 0.0106531 0.0177706 0.0588478 
Latency(us)/Energy(mJ): 27207 100.763 6.22587 10.3855 34.7556 
Latency(us)/Energy(mJ): 160 0.67675 0.0418062 0.0697379 0.232965 
0.5948 - "n02085620 Chihuahua"
0.0656 - "n02110806 basenji"
0.0383 - "n02113023 Pembroke, Pembroke Welsh corgi"
0.0311 - "n02091244 Ibizan hound, Ibizan Podenco"
0.0298 - "n02389026 sorrel"
