loading weight: /home/nvidia/caffe-build/models/bvlc_alexnet/bvlc_alexnet.caffemodel
loading prototxt: /home/nvidia/caffe-build/models/bvlc_alexnet/deploy.prototxt
---------- Prediction for /home/nvidia/Downloads/ILSVRC2012_img_train_t3/n02085620/n02085620_1152.JPEG ----------
Latency(us)/Energy(mJ): 0 0 0 0 0 
Latency(us)/Energy(mJ): 455 1.61778 0.0772822 0.158767 0.584351 
Latency(us)/Energy(mJ): 64 0.302946 0.0231678 0.0290167 0.107711 
Latency(us)/Energy(mJ): 122 0.614308 0.0463966 0.0581098 0.215706 
Latency(us)/Energy(mJ): 115 0.310361 0.0289255 0.0290014 0.107655 
Latency(us)/Energy(mJ): 1323 5.91956 0.77782 0.514531 1.99358 
Latency(us)/Energy(mJ): 66 0.358557 0.0587205 0.0293218 0.116517 
Latency(us)/Energy(mJ): 94 0.356438 0.0640416 0.0290474 0.115427 
Latency(us)/Energy(mJ): 110 0.561822 0.09996 0.045339 0.180166 
Latency(us)/Energy(mJ): 1309 6.44705 1.33561 0.496192 2.0087 
Latency(us)/Energy(mJ): 70 0.394673 0.0867223 0.0288569 0.121941 
Latency(us)/Energy(mJ): 1339 7.49414 1.79988 0.513055 2.3173 
Latency(us)/Energy(mJ): 78 0.445746 0.115701 0.0288874 0.138371 
Latency(us)/Energy(mJ): 827 5.03239 1.3227 0.315826 1.56508 
Latency(us)/Energy(mJ): 68 0.474132 0.127167 0.0288569 0.147769 
Latency(us)/Energy(mJ): 81 0.47431 0.126899 0.028796 0.147457 
Latency(us)/Energy(mJ): 881 5.65188 1.48565 0.346459 1.77042 
Latency(us)/Energy(mJ): 73 0.478472 0.121688 0.0289408 0.154047 
Latency(us)/Energy(mJ): 1 0 0 0 0 
Latency(us)/Energy(mJ): 5061 37.683 9.35964 1.92948 13.0404 
Latency(us)/Energy(mJ): 74 0.631636 0.150556 0.028956 0.229748 
Latency(us)/Energy(mJ): 0 0 0 0 0 
Latency(us)/Energy(mJ): 2223 19.0389 4.58002 0.840974 6.9738 
Latency(us)/Energy(mJ): 86 0.951547 0.228594 0.0408127 0.351951 
0.5948 - "n02085620 Chihuahua"
0.0656 - "n02110806 basenji"
0.0383 - "n02113023 Pembroke, Pembroke Welsh corgi"
0.0311 - "n02091244 Ibizan hound, Ibizan Podenco"
0.0298 - "n02389026 sorrel"
