loading weight: /home/nvidia/caffe-build/models/bvlc_alexnet/bvlc_alexnet.caffemodel
loading prototxt: /home/nvidia/caffe-build/models/bvlc_alexnet/deploy.prototxt
---------- Prediction for /home/nvidia/Downloads/ILSVRC2012_img_train_t3/n02085620/n02085620_1152.JPEG ----------
Latency(us)/Energy(mJ): 0 0 0 0 0 
Latency(us)/Energy(mJ): 274 1.38227 0.049552 0.44809 0.374 
Latency(us)/Energy(mJ): 22 0.14092 0.00612346 0.0449232 0.0379173 
Latency(us)/Energy(mJ): 64 0.380141 0.0164743 0.120787 0.102011 
Latency(us)/Energy(mJ): 54 0.243637 0.0139995 0.0770661 0.0650862 
Latency(us)/Energy(mJ): 1234 6.9303 0.654607 2.00744 1.80332 
Latency(us)/Energy(mJ): 21 0.16179 0.0209978 0.0441146 0.0416653 
Latency(us)/Energy(mJ): 46 0.266857 0.0344113 0.0722953 0.0682814 
Latency(us)/Energy(mJ): 44 0.162481 0.020952 0.0440184 0.0415744 
Latency(us)/Energy(mJ): 1435 9.02291 1.48662 2.32384 2.23131 
Latency(us)/Energy(mJ): 27 0 0 0 0 
Latency(us)/Energy(mJ): 1229 8.42296 1.73456 1.95409 2.11854 
Latency(us)/Energy(mJ): 40 0.520976 0.116337 0.110745 0.1325 
Latency(us)/Energy(mJ): 772 5.68311 1.31282 1.17382 1.46061 
Latency(us)/Energy(mJ): 39 0.207378 0.0502518 0.0418765 0.0535745 
Latency(us)/Energy(mJ): 41 0.343979 0.0829356 0.069113 0.0884193 
Latency(us)/Energy(mJ): 720 5.57907 1.33355 1.10843 1.44843 
Latency(us)/Energy(mJ): 29 0.207203 0.0489708 0.040809 0.0547777 
Latency(us)/Energy(mJ): 2 0 0 0 0 
Latency(us)/Energy(mJ): 4983 44.4799 10.3832 7.4598 13.0449 
Latency(us)/Energy(mJ): 29 0 0 0 0 
Latency(us)/Energy(mJ): 0 0 0 0 0 
Latency(us)/Energy(mJ): 2190 22.3726 5.14746 3.2157 7.08937 
Latency(us)/Energy(mJ): 38 0.284323 0.0649944 0.0398504 0.0916807 
0.5948 - "n02085620 Chihuahua"
0.0656 - "n02110806 basenji"
0.0383 - "n02113023 Pembroke, Pembroke Welsh corgi"
0.0311 - "n02091244 Ibizan hound, Ibizan Podenco"
0.0298 - "n02389026 sorrel"
