loading weight: /home/nvidia/caffe-build/models/bvlc_alexnet/bvlc_alexnet.caffemodel
loading prototxt: /home/nvidia/caffe-build/models/bvlc_alexnet/deploy.prototxt
---------- Prediction for /home/nvidia/Downloads/ILSVRC2012_img_train_t3/n02085620/n02085620_1152.JPEG ----------
Latency(us)/Energy(mJ): 0 0 0 0 0 
Latency(us)/Energy(mJ): 251 1.00967 0.0587825 0.141789 0.34693 
Latency(us)/Energy(mJ): 29 0.202133 0.0172288 0.0276294 0.0684631 
Latency(us)/Energy(mJ): 61 0.130822 0.0132912 0.0177312 0.0439363 
Latency(us)/Energy(mJ): 53 0.339325 0.0362807 0.0454584 0.112642 
Latency(us)/Energy(mJ): 941 4.88899 0.878739 0.58439 1.49319 
Latency(us)/Energy(mJ): 26 0 0 0 0 
Latency(us)/Energy(mJ): 50 0.415836 0.0987085 0.0453962 0.119816 
Latency(us)/Energy(mJ): 50 0.257188 0.062499 0.0277672 0.0732872 
Latency(us)/Energy(mJ): 970 5.879 1.74094 0.583428 1.56018 
Latency(us)/Energy(mJ): 28 0.189939 0.0602875 0.0178608 0.0492782 
Latency(us)/Energy(mJ): 934 6.77088 2.35399 0.583672 1.72399 
Latency(us)/Energy(mJ): 36 0 0 0 0 
Latency(us)/Energy(mJ): 628 5.23507 1.96695 0.404503 1.30616 
Latency(us)/Energy(mJ): 42 0.371488 0.145069 0.0276452 0.091909 
Latency(us)/Energy(mJ): 41 0.235582 0.0919967 0.0175314 0.0582847 
Latency(us)/Energy(mJ): 693 5.90774 2.30214 0.434418 1.4677 
Latency(us)/Energy(mJ): 32 0.239979 0.0919967 0.0175314 0.0610438 
Latency(us)/Energy(mJ): 0 0 0 0 0 
Latency(us)/Energy(mJ): 4544 44.082 16.6593 2.75983 12.1007 
Latency(us)/Energy(mJ): 31 0.313116 0.116341 0.0175636 0.089952 
Latency(us)/Energy(mJ): 0 0 0 0 0 
Latency(us)/Energy(mJ): 2036 23.0492 8.48337 1.25313 6.72984 
Latency(us)/Energy(mJ): 40 0.526825 0.191087 0.0278069 0.155518 
0.5948 - "n02085620 Chihuahua"
0.0656 - "n02110806 basenji"
0.0383 - "n02113023 Pembroke, Pembroke Welsh corgi"
0.0311 - "n02091244 Ibizan hound, Ibizan Podenco"
0.0298 - "n02389026 sorrel"
