loading weight: /home/nvidia/caffe-build/models/bvlc_alexnet/bvlc_alexnet.caffemodel
loading prototxt: /home/nvidia/caffe-build/models/bvlc_alexnet/deploy.prototxt
---------- Prediction for /home/nvidia/Downloads/ILSVRC2012_img_train_t3/n02085620/n02085620_1152.JPEG ----------
Latency(us)/Energy(mJ): 0 0 0 0 0 
Latency(us)/Energy(mJ): 349 1.47463 0.0523822 0.210563 0.521755 
Latency(us)/Energy(mJ): 23 0.122037 0.00433504 0.0174257 0.0431793 
Latency(us)/Energy(mJ): 46 0.191357 0.00679744 0.0273239 0.0677061 
Latency(us)/Energy(mJ): 45 0.121267 0.00430768 0.0173157 0.0429068 
Latency(us)/Energy(mJ): 6802 30.069 2.42053 4.22753 9.96411 
Latency(us)/Energy(mJ): 22 0.129379 0.0130347 0.0173891 0.0419785 
Latency(us)/Energy(mJ): 40 0.207207 0.0208756 0.0278494 0.0672305 
Latency(us)/Energy(mJ): 42 0.13047 0.0131446 0.0175357 0.0423325 
Latency(us)/Energy(mJ): 8904 40.5435 5.0827 5.44027 12.5344 
Latency(us)/Energy(mJ): 24 0.207747 0.0276905 0.0276905 0.0634027 
Latency(us)/Energy(mJ): 6199 29.4098 4.03891 3.78764 9.12679 
Latency(us)/Energy(mJ): 29 0.22019 0.0311898 0.0277394 0.0695982 
Latency(us)/Energy(mJ): 4747 23.2158 3.24842 2.89898 7.34741 
Latency(us)/Energy(mJ): 29 0.224373 0.0310524 0.0276172 0.0710092 
Latency(us)/Energy(mJ): 33 0.141275 0.019552 0.0173891 0.0447107 
Latency(us)/Energy(mJ): 4427 21.9169 3.02911 2.74524 7.0066 
Latency(us)/Energy(mJ): 24 0.226436 0.0310936 0.0276539 0.0744527 
Latency(us)/Energy(mJ): 0 0 0 0 0 
Latency(us)/Energy(mJ): 21560 121.923 14.7793 14.0389 43.5871 
Latency(us)/Energy(mJ): 27 0 0 0 0 
Latency(us)/Energy(mJ): 0 0.44163 0.0479193 0.0458232 0.162409 
Latency(us)/Energy(mJ): 9503 56.5808 6.4652 5.78484 20.9542 
Latency(us)/Energy(mJ): 34 0.443842 0.0451766 0.0451766 0.165746 
0.5948 - "n02085620 Chihuahua"
0.0656 - "n02110806 basenji"
0.0383 - "n02113023 Pembroke, Pembroke Welsh corgi"
0.0311 - "n02091244 Ibizan hound, Ibizan Podenco"
0.0298 - "n02389026 sorrel"
