loading weight: /home/nvidia/caffe-build/models/bvlc_alexnet/bvlc_alexnet.caffemodel
loading prototxt: /home/nvidia/caffe-build/models/bvlc_alexnet/deploy.prototxt
---------- Prediction for /home/nvidia/caffe-build/examples/images/cat.jpg ----------
Latency(us)/Energy(mJ): 2 0 0 0 0 
Latency(us)/Energy(mJ): 9402 18.6255 2.16466 5.03807 3.23134 
Latency(us)/Energy(mJ): 116 0.177582 0.0305982 0.0428535 0.0322002 
Latency(us)/Energy(mJ): 852 1.95905 0.337554 0.472753 0.355227 
Latency(us)/Energy(mJ): 328 0.859257 0.147299 0.206296 0.158673 
Latency(us)/Energy(mJ): 9866 24.1938 5.43063 4.93282 4.52606 
Latency(us)/Energy(mJ): 73 0 0 0 0 
Latency(us)/Energy(mJ): 618 1.82734 0.476578 0.317257 0.339805 
Latency(us)/Energy(mJ): 329 0.720965 0.18803 0.125171 0.136103 
Latency(us)/Energy(mJ): 5733 15.5754 4.26424 2.64939 2.88078 
Latency(us)/Energy(mJ): 74 0.316386 0.095256 0.0519372 0.0564732 
Latency(us)/Energy(mJ): 4081 11.4233 3.52375 1.85643 2.01857 
Latency(us)/Energy(mJ): 74 0.228707 0.0731766 0.0365484 0.0397404 
Latency(us)/Energy(mJ): 3949 11.4005 3.64003 1.81803 1.97681 
Latency(us)/Energy(mJ): 78 0.230657 0.0728098 0.0363652 0.0395412 
Latency(us)/Energy(mJ): 105 0.328701 0.103759 0.0518227 0.0541988 
Latency(us)/Energy(mJ): 8126 22.5356 6.71885 3.74562 3.90126 
Latency(us)/Energy(mJ): 68 0.311526 0.0864848 0.0518456 0.0585244 
Latency(us)/Energy(mJ): 5 0 0 0 0 
Latency(us)/Energy(mJ): 32789 98.7689 25.8475 14.9881 22.2323 
Latency(us)/Energy(mJ): 69 0.25213 0.0614638 0.0368461 0.0616247 
Latency(us)/Energy(mJ): 9 0.355709 0.086714 0.051983 0.086941 
Latency(us)/Energy(mJ): 14153 44.9429 10.8061 6.47797 11.1614 
Latency(us)/Energy(mJ): 451 1.58574 0.377416 0.226252 0.39767 
0.3094 - "n02124075 Egyptian cat"
0.1761 - "n02123159 tiger cat"
0.1221 - "n02123045 tabby, tabby cat"
0.1132 - "n02119022 red fox, Vulpes vulpes"
0.0421 - "n02085620 Chihuahua"
