loading weight: /home/nvidia/caffe-build/models/bvlc_alexnet/bvlc_alexnet.caffemodel
loading prototxt: /home/nvidia/caffe-build/models/bvlc_alexnet/deploy.prototxt
---------- Prediction for /home/nvidia/Downloads/ILSVRC2012_img_train_t3/n02085620/n02085620_1152.JPEG ----------
Latency(us)/Energy(mJ): 0 0 0 0 0 
Latency(us)/Energy(mJ): 224 0.86622 0.0338783 0.137579 0.302753 
Latency(us)/Energy(mJ): 22 0.120982 0.00636162 0.0190849 0.0419756 
Latency(us)/Energy(mJ): 48 0.202166 0.0105386 0.0316157 0.0695362 
Latency(us)/Energy(mJ): 47 0.1252 0.0065265 0.0195795 0.043605 
Latency(us)/Energy(mJ): 1365 6.57305 0.668808 0.960412 2.17754 
Latency(us)/Energy(mJ): 22 0 0 0 0 
Latency(us)/Energy(mJ): 39 0.367049 0.0506456 0.0506456 0.118468 
Latency(us)/Energy(mJ): 40 0 0 0 0 
Latency(us)/Energy(mJ): 1628 8.7511 1.56417 1.1391 2.67516 
Latency(us)/Energy(mJ): 24 0.157637 0.0326096 0.0195658 0.0473907 
Latency(us)/Energy(mJ): 1246 7.31731 1.61161 0.856039 2.19057 
Latency(us)/Energy(mJ): 29 0 0 0 0 
Latency(us)/Energy(mJ): 897 5.90056 1.43075 0.633722 1.77176 
Latency(us)/Energy(mJ): 30 0.186746 0.0480244 0.0196333 0.05641 
Latency(us)/Energy(mJ): 35 0.295729 0.0756107 0.0309112 0.0888133 
Latency(us)/Energy(mJ): 707 4.63844 1.17009 0.423352 1.39908 
Latency(us)/Energy(mJ): 26 0.30727 0.0759127 0.0275964 0.0943254 
Latency(us)/Energy(mJ): 0 0 0 0 0 
Latency(us)/Energy(mJ): 5097 40.3472 9.7891 3.11177 13.3901 
Latency(us)/Energy(mJ): 26 0 0 0 0 
Latency(us)/Energy(mJ): 0 0 0 0 0 
Latency(us)/Energy(mJ): 2266 20.5923 4.81674 1.43976 7.2807 
Latency(us)/Energy(mJ): 34 0.422733 0.0969662 0.0276851 0.151336 
0.5948 - "n02085620 Chihuahua"
0.0656 - "n02110806 basenji"
0.0383 - "n02113023 Pembroke, Pembroke Welsh corgi"
0.0311 - "n02091244 Ibizan hound, Ibizan Podenco"
0.0298 - "n02389026 sorrel"
