loading weight: /home/nvidia/caffe-build/models/bvlc_alexnet/bvlc_alexnet.caffemodel
loading prototxt: /home/nvidia/caffe-build/models/bvlc_alexnet/deploy.prototxt
---------- Prediction for /home/nvidia/Downloads/ILSVRC2012_img_train_t3/n02085620/n02085620_1152.JPEG ----------
Latency(us)/Energy(mJ): 1 0 0 0 0 
Latency(us)/Energy(mJ): 468 1.90493 0.0787988 0.407638 0.596772 
Latency(us)/Energy(mJ): 51 0.317304 0.01663 0.0665199 0.0973834 
Latency(us)/Energy(mJ): 95 0.323501 0.0224602 0.0674542 0.10015 
Latency(us)/Energy(mJ): 95 0.526826 0.0361364 0.108528 0.161133 
Latency(us)/Energy(mJ): 1477 7.03877 0.75642 1.28726 2.09964 
Latency(us)/Energy(mJ): 44 0.224274 0.0310387 0.0379512 0.0657821 
Latency(us)/Energy(mJ): 76 0.364136 0.050151 0.06132 0.106288 
Latency(us)/Energy(mJ): 79 0.365119 0.0501373 0.0613032 0.106259 
Latency(us)/Energy(mJ): 1631 8.56313 1.48258 1.37128 2.42515 
Latency(us)/Energy(mJ): 50 0.399764 0.0779854 0.0612638 0.113856 
Latency(us)/Energy(mJ): 1498 8.48044 1.74174 1.22486 2.43996 
Latency(us)/Energy(mJ): 65 0.443878 0.0967404 0.0612134 0.128937 
Latency(us)/Energy(mJ): 951 5.95835 1.34265 0.796547 1.73303 
Latency(us)/Energy(mJ): 74 0.763691 0.18059 0.0993544 0.222899 
Latency(us)/Energy(mJ): 80 0.473551 0.111325 0.061247 0.138262 
Latency(us)/Energy(mJ): 982 6.29797 1.44288 0.819401 1.85478 
Latency(us)/Energy(mJ): 61 0.475672 0.105632 0.0611631 0.143686 
Latency(us)/Energy(mJ): 3 0 0 0 0 
Latency(us)/Energy(mJ): 5308 40.5266 8.77496 4.44416 13.4512 
Latency(us)/Energy(mJ): 52 0.623045 0.133663 0.061241 0.218144 
Latency(us)/Energy(mJ): 11 0 0 0 0 
Latency(us)/Energy(mJ): 2366 20.8216 4.32446 1.98147 7.3879 
Latency(us)/Energy(mJ): 71 0.658724 0.133261 0.0610902 0.237144 
0.5948 - "n02085620 Chihuahua"
0.0656 - "n02110806 basenji"
0.0383 - "n02113023 Pembroke, Pembroke Welsh corgi"
0.0311 - "n02091244 Ibizan hound, Ibizan Podenco"
0.0298 - "n02389026 sorrel"
