loading weight: /home/nvidia/caffe-build/models/bvlc_alexnet/bvlc_alexnet.caffemodel
loading prototxt: /home/nvidia/caffe-build/models/bvlc_alexnet/deploy.prototxt
---------- Prediction for /home/nvidia/Downloads/ILSVRC2012_img_train_t3/n02085620/n02085620_1152.JPEG ----------
Latency(us)/Energy(mJ): 0 0 0 0 0 
Latency(us)/Energy(mJ): 670 2.56309 0.238307 0.254488 0.863639 
Latency(us)/Energy(mJ): 91 0.366567 0.0593568 0.0330048 0.114221 
Latency(us)/Energy(mJ): 174 0.761293 0.142258 0.0660121 0.232342 
Latency(us)/Energy(mJ): 165 0.777415 0.159425 0.0648691 0.231714 
Latency(us)/Energy(mJ): 890 4.46339 1.17062 0.338968 1.26317 
Latency(us)/Energy(mJ): 90 0.472286 0.152238 0.0324079 0.123847 
Latency(us)/Energy(mJ): 139 0.741993 0.247021 0.0500405 0.191231 
Latency(us)/Energy(mJ): 149 0.983334 0.337359 0.0647852 0.250066 
Latency(us)/Energy(mJ): 522 3.03578 1.05991 0.194097 0.775286 
Latency(us)/Energy(mJ): 93 0.782267 0.29064 0.0473278 0.199201 
Latency(us)/Energy(mJ): 1036 7.05604 2.71987 0.388727 1.76078 
Latency(us)/Energy(mJ): 90 0.629723 0.2511 0.0321793 0.155153 
Latency(us)/Energy(mJ): 702 5.48994 2.20942 0.276469 1.35016 
Latency(us)/Energy(mJ): 87 0.659518 0.26496 0.0322936 0.160535 
Latency(us)/Energy(mJ): 103 0.657536 0.26546 0.0323545 0.160838 
Latency(us)/Energy(mJ): 1331 10.1831 3.99011 0.520057 2.53334 
Latency(us)/Energy(mJ): 99 0.640102 0.243098 0.0323698 0.164999 
Latency(us)/Energy(mJ): 2 0 0 0 0 
Latency(us)/Energy(mJ): 4480 40.6809 15.2504 1.71373 11.3878 
Latency(us)/Energy(mJ): 95 0.87038 0.323452 0.0322772 0.256024 
Latency(us)/Energy(mJ): 1 0 0 0 0 
Latency(us)/Energy(mJ): 1943 20.8752 7.70115 0.743607 6.2178 
Latency(us)/Energy(mJ): 118 1.37122 0.502636 0.047348 0.414042 
0.5948 - "n02085620 Chihuahua"
0.0656 - "n02110806 basenji"
0.0383 - "n02113023 Pembroke, Pembroke Welsh corgi"
0.0311 - "n02091244 Ibizan hound, Ibizan Podenco"
0.0298 - "n02389026 sorrel"
