loading weight: /home/nvidia/caffe-build/models/bvlc_alexnet/bvlc_alexnet.caffemodel
loading prototxt: /home/nvidia/caffe-build/models/bvlc_alexnet/deploy.prototxt
---------- Prediction for /home/nvidia/caffe-build/examples/images/cat.jpg ----------
Latency(us)/Energy(mJ): 3 0 0 0 0 
Latency(us)/Energy(mJ): 3464 8.43196 0.666882 2.34102 1.84883 
Latency(us)/Energy(mJ): 43 0.30386 0.0433761 0.0781224 0.0674487 
Latency(us)/Energy(mJ): 361 1.02702 0.144587 0.260408 0.230592 
Latency(us)/Energy(mJ): 158 0.208051 0.0288792 0.0520128 0.0463428 
Latency(us)/Energy(mJ): 3263 9.8209 1.69534 2.05557 2.20537 
Latency(us)/Energy(mJ): 39 0.238376 0.0516281 0.0459166 0.0532814 
Latency(us)/Energy(mJ): 254 0.605406 0.129568 0.115235 0.133717 
Latency(us)/Energy(mJ): 130 0.609739 0.130496 0.116059 0.13614 
Latency(us)/Energy(mJ): 2351 7.87756 1.80743 1.45036 1.75536 
Latency(us)/Energy(mJ): 45 0 0 0 0 
Latency(us)/Energy(mJ): 1743 6.25067 1.60813 1.08184 1.34342 
Latency(us)/Energy(mJ): 39 0 0 0 0 
Latency(us)/Energy(mJ): 1515 5.54393 1.51159 0.921083 1.17267 
Latency(us)/Energy(mJ): 43 0.419149 0.120904 0.0691041 0.0887835 
Latency(us)/Energy(mJ): 59 0.278321 0.0802819 0.0458861 0.0589535 
Latency(us)/Energy(mJ): 2469 9.01726 2.45736 1.49438 1.93555 
Latency(us)/Energy(mJ): 41 0 0 0 0 
Latency(us)/Energy(mJ): 3 0 0 0 0 
Latency(us)/Energy(mJ): 8703 38.0897 10.1647 5.36605 10.1893 
Latency(us)/Energy(mJ): 38 0.362344 0.0976641 0.0460083 0.106775 
Latency(us)/Energy(mJ): 1 0 0 0 0 
Latency(us)/Energy(mJ): 3694 18.5462 4.88532 2.26272 5.59105 
Latency(us)/Energy(mJ): 279 1.38684 0.367682 0.163504 0.428537 
0.3094 - "n02124075 Egyptian cat"
0.1761 - "n02123159 tiger cat"
0.1221 - "n02123045 tabby, tabby cat"
0.1132 - "n02119022 red fox, Vulpes vulpes"
0.0421 - "n02085620 Chihuahua"
