loading weight: /home/nvidia/caffe-build/models/bvlc_alexnet/bvlc_alexnet.caffemodel
loading prototxt: /home/nvidia/caffe-build/models/bvlc_alexnet/deploy.prototxt
---------- Prediction for /home/nvidia/Downloads/ILSVRC2012_img_train_t3/n02085620/n02085620_1152.JPEG ----------
Latency(us)/Energy(mJ): 0 0 0 0 0 
Latency(us)/Energy(mJ): 302 1.22569 0.0422469 0.266552 0.383557 
Latency(us)/Energy(mJ): 27 0.129183 0.0066181 0.0264724 0.039882 
Latency(us)/Energy(mJ): 57 0.336055 0.0172162 0.0688649 0.105177 
Latency(us)/Energy(mJ): 61 0.3381 0.017175 0.0687 0.104925 
Latency(us)/Energy(mJ): 1682 7.88148 0.721708 1.51334 2.39226 
Latency(us)/Energy(mJ): 23 0.226536 0.0276208 0.0414765 0.0676936 
Latency(us)/Energy(mJ): 52 0.14929 0.0182024 0.0273334 0.0446108 
Latency(us)/Energy(mJ): 47 0.369404 0.0447008 0.0671245 0.110103 
Latency(us)/Energy(mJ): 2061 10.8961 1.70326 1.89632 3.14738 
Latency(us)/Energy(mJ): 28 0.159083 0.0287085 0.026509 0.0449149 
Latency(us)/Energy(mJ): 1618 9.36514 1.80086 1.48451 2.69746 
Latency(us)/Energy(mJ): 42 0.179724 0.0363858 0.0272968 0.052448 
Latency(us)/Energy(mJ): 1134 6.98164 1.47388 1.01651 2.03865 
Latency(us)/Energy(mJ): 41 0.28732 0.0622518 0.0380403 0.084151 
Latency(us)/Energy(mJ): 46 0.477367 0.103085 0.0629921 0.139348 
Latency(us)/Energy(mJ): 865 5.53241 1.21566 0.716439 1.63649 
Latency(us)/Energy(mJ): 31 0.299421 0.0657266 0.038057 0.0902664 
Latency(us)/Energy(mJ): 1 0 0 0 0 
Latency(us)/Energy(mJ): 5813 44.2316 9.13035 4.86675 14.702 
Latency(us)/Energy(mJ): 30 0.382661 0.0764591 0.0382296 0.134397 
Latency(us)/Energy(mJ): 0 0 0 0 0 
Latency(us)/Energy(mJ): 2607 22.2996 4.40642 2.16165 7.9481 
Latency(us)/Energy(mJ): 40 0.400678 0.0794109 0.0379614 0.144733 
0.5948 - "n02085620 Chihuahua"
0.0656 - "n02110806 basenji"
0.0383 - "n02113023 Pembroke, Pembroke Welsh corgi"
0.0311 - "n02091244 Ibizan hound, Ibizan Podenco"
0.0298 - "n02389026 sorrel"
