loading weight: /home/nvidia/caffe-build/models/bvlc_alexnet/bvlc_alexnet.caffemodel
loading prototxt: /home/nvidia/caffe-build/models/bvlc_alexnet/deploy.prototxt
---------- Prediction for /home/nvidia/Downloads/ILSVRC2012_img_train_t3/n02085620/n02085620_1152.JPEG ----------
Latency(us)/Energy(mJ): 0 0 0 0 0 
Latency(us)/Energy(mJ): 279 1.3701 0.0674986 0.413145 0.378513 
Latency(us)/Energy(mJ): 25 0.142794 0.0084485 0.0422979 0.0392786 
Latency(us)/Energy(mJ): 59 0.236486 0.0172212 0.0690204 0.0640936 
Latency(us)/Energy(mJ): 56 0.383236 0.0312645 0.111349 0.103401 
Latency(us)/Energy(mJ): 975 5.56954 0.774931 1.41762 1.42304 
Latency(us)/Energy(mJ): 21 0 0 0 0 
Latency(us)/Energy(mJ): 47 0.44792 0.0833747 0.105676 0.11034 
Latency(us)/Energy(mJ): 44 0.279269 0.0551404 0.065482 0.0683722 
Latency(us)/Energy(mJ): 1035 6.92688 1.66079 1.51402 1.61046 
Latency(us)/Energy(mJ): 26 0 0 0 0 
Latency(us)/Energy(mJ): 989 7.61225 2.20893 1.47514 1.74939 
Latency(us)/Energy(mJ): 45 0.358572 0.110243 0.0654496 0.0830324 
Latency(us)/Energy(mJ): 634 5.00805 1.61078 0.873988 1.15038 
Latency(us)/Energy(mJ): 40 0.616038 0.204901 0.0996895 0.14176 
Latency(us)/Energy(mJ): 45 0.386179 0.12752 0.0620418 0.0891286 
Latency(us)/Energy(mJ): 714 5.85883 1.94702 0.934853 1.35733 
Latency(us)/Energy(mJ): 29 0.628872 0.204901 0.0996895 0.148735 
Latency(us)/Energy(mJ): 1 0 0 0 0 
Latency(us)/Energy(mJ): 4605 45.6028 14.7584 6.23745 11.9427 
Latency(us)/Energy(mJ): 28 0.496986 0.158105 0.058437 0.139093 
Latency(us)/Energy(mJ): 0 0 0 0 0 
Latency(us)/Energy(mJ): 2017 23.1075 7.38995 2.63301 6.57134 
Latency(us)/Energy(mJ): 37 0.32043 0.10252 0.035585 0.0925925 
0.5948 - "n02085620 Chihuahua"
0.0656 - "n02110806 basenji"
0.0383 - "n02113023 Pembroke, Pembroke Welsh corgi"
0.0311 - "n02091244 Ibizan hound, Ibizan Podenco"
0.0298 - "n02389026 sorrel"
