loading weight: /home/nvidia/caffe-build/models/bvlc_alexnet/bvlc_alexnet.caffemodel
loading prototxt: /home/nvidia/caffe-build/models/bvlc_alexnet/deploy.prototxt
---------- Prediction for /home/nvidia/Downloads/ILSVRC2012_img_train_t3/n02085620/n02085620_1152.JPEG ----------
Latency(us)/Energy(mJ): 0 0 0 0 0 
Latency(us)/Energy(mJ): 335 1.58807 0.0445117 0.536483 0.420811 
Latency(us)/Energy(mJ): 19 0.245228 0.00687344 0.082843 0.0649811 
Latency(us)/Energy(mJ): 55 0.391324 0.0109683 0.132197 0.103694 
Latency(us)/Energy(mJ): 51 0.147723 0.00414048 0.0499037 0.0391439 
Latency(us)/Energy(mJ): 4149 23.2892 1.5788 7.3384 6.03688 
Latency(us)/Energy(mJ): 18 0 0 0 0 
Latency(us)/Energy(mJ): 40 0.15632 0.0145782 0.0458367 0.0402675 
Latency(us)/Energy(mJ): 39 0.414562 0.0386616 0.12156 0.10679 
Latency(us)/Energy(mJ): 5425 31.3299 3.65211 8.90307 7.86196 
Latency(us)/Energy(mJ): 23 0.159082 0.0207841 0.0436657 0.0396614 
Latency(us)/Energy(mJ): 3909 23.571 3.19627 6.27059 6.05358 
Latency(us)/Energy(mJ): 35 0.277553 0.0378892 0.0723463 0.0727076 
Latency(us)/Energy(mJ): 2887 18.0864 2.64912 4.47869 4.76879 
Latency(us)/Energy(mJ): 34 0.171585 0.0249246 0.0415682 0.0458449 
Latency(us)/Energy(mJ): 44 0.284589 0.0413397 0.0689447 0.0760379 
Latency(us)/Energy(mJ): 2588 16.2652 2.37244 3.91016 4.36297 
Latency(us)/Energy(mJ): 25 0.289739 0.0413397 0.0689447 0.0795168 
Latency(us)/Energy(mJ): 1 0 0 0 0 
Latency(us)/Energy(mJ): 13189 94.7753 12.4838 20.131 29.3931 
Latency(us)/Energy(mJ): 23 0 0 0 0 
Latency(us)/Energy(mJ): 0 0 0 0 0 
Latency(us)/Energy(mJ): 5827 45.1234 5.35215 8.92024 14.9842 
Latency(us)/Energy(mJ): 30 0.352635 0.0414678 0.069113 0.118784 
0.5948 - "n02085620 Chihuahua"
0.0656 - "n02110806 basenji"
0.0383 - "n02113023 Pembroke, Pembroke Welsh corgi"
0.0311 - "n02091244 Ibizan hound, Ibizan Podenco"
0.0298 - "n02389026 sorrel"
