loading weight: /home/nvidia/caffe-build/models/bvlc_alexnet/bvlc_alexnet.caffemodel
loading prototxt: /home/nvidia/caffe-build/models/bvlc_alexnet/deploy.prototxt
---------- Prediction for /home/nvidia/Downloads/ILSVRC2012_img_train_t3/n02085620/n02085620_1152.JPEG ----------
Latency(us)/Energy(mJ): 0 0 0 0 0 
Latency(us)/Energy(mJ): 352 1.6231 0.0525251 0.422274 0.483438 
Latency(us)/Energy(mJ): 25 0.13161 0.00425904 0.0342404 0.0392 
Latency(us)/Energy(mJ): 54 0.21268 0.00688256 0.0553322 0.0633467 
Latency(us)/Energy(mJ): 50 0.132675 0.00425904 0.0342404 0.0392 
Latency(us)/Energy(mJ): 4154 20.5068 1.56417 4.89961 5.89173 
Latency(us)/Energy(mJ): 20 0 0 0 0 
Latency(us)/Energy(mJ): 43 0.371884 0.0390995 0.0838369 0.105217 
Latency(us)/Energy(mJ): 43 0.229672 0.0241475 0.0517769 0.0649811 
Latency(us)/Energy(mJ): 5414 28.1141 3.63091 6.05994 7.74308 
Latency(us)/Energy(mJ): 24 0.146506 0.0212114 0.0297182 0.0399486 
Latency(us)/Energy(mJ): 3914 21.4255 3.18523 4.18175 5.98867 
Latency(us)/Energy(mJ): 38 0.155986 0.0233242 0.0296904 0.044202 
Latency(us)/Energy(mJ): 2883 16.5169 2.63609 3.08983 4.73451 
Latency(us)/Energy(mJ): 35 0.160239 0.025437 0.0296904 0.0462592 
Latency(us)/Energy(mJ): 42 0.260418 0.0413397 0.0482522 0.0751795 
Latency(us)/Energy(mJ): 2569 15.0717 2.39761 2.76163 4.37522 
Latency(us)/Energy(mJ): 26 0 0 0 0 
Latency(us)/Energy(mJ): 1 0 0 0 0 
Latency(us)/Energy(mJ): 13193 87.9181 12.36 14.0872 29.2741 
Latency(us)/Energy(mJ): 28 0.32121 0.0414129 0.0483377 0.111702 
Latency(us)/Energy(mJ): 0 0 0 0 0 
Latency(us)/Energy(mJ): 5823 41.9408 5.31959 6.2091 14.8636 
Latency(us)/Energy(mJ): 35 0.329709 0.0413946 0.0483163 0.117714 
0.5948 - "n02085620 Chihuahua"
0.0656 - "n02110806 basenji"
0.0383 - "n02113023 Pembroke, Pembroke Welsh corgi"
0.0311 - "n02091244 Ibizan hound, Ibizan Podenco"
0.0298 - "n02389026 sorrel"
