loading weight: /home/nvidia/caffe-build/models/bvlc_alexnet/bvlc_alexnet.caffemodel
loading prototxt: /home/nvidia/caffe-build/models/bvlc_alexnet/deploy.prototxt
---------- Prediction for /home/nvidia/Downloads/ILSVRC2012_img_train_t3/n02085620/n02085620_1152.JPEG ----------
Latency(us)/Energy(mJ): 0 0 0 0 0 
Latency(us)/Energy(mJ): 384 1.43985 0.0554405 0.167051 0.524131 
Latency(us)/Energy(mJ): 34 0.121018 0.00462992 0.0139507 0.043771 
Latency(us)/Energy(mJ): 69 0.303934 0.011628 0.035037 0.109931 
Latency(us)/Energy(mJ): 64 0.303617 0.0139674 0.0350004 0.109816 
Latency(us)/Energy(mJ): 4161 17.4787 1.58924 1.90552 6.01031 
Latency(us)/Energy(mJ): 34 0.199706 0.0242756 0.0208207 0.0670535 
Latency(us)/Energy(mJ): 59 0.136007 0.0165326 0.0141797 0.045666 
Latency(us)/Energy(mJ): 58 0.331584 0.0403063 0.0345698 0.111333 
Latency(us)/Energy(mJ): 5333 24.1605 3.61228 2.44537 7.74232 
Latency(us)/Energy(mJ): 35 0.140663 0.0232257 0.0139415 0.0443206 
Latency(us)/Energy(mJ): 3876 18.6176 3.1363 1.7654 5.94314 
Latency(us)/Energy(mJ): 43 0.376152 0.0633781 0.0345973 0.121619 
Latency(us)/Energy(mJ): 2893 14.5487 2.61291 1.31111 4.70125 
Latency(us)/Energy(mJ): 42 0.388687 0.0690664 0.0345332 0.126036 
Latency(us)/Energy(mJ): 51 0.233831 0.0415498 0.0207749 0.0763409 
Latency(us)/Energy(mJ): 2544 13.1193 2.3267 1.15476 4.29296 
Latency(us)/Energy(mJ): 37 0.240523 0.0418062 0.0209031 0.0803264 
Latency(us)/Energy(mJ): 0 0 0 0 0 
Latency(us)/Energy(mJ): 13178 79.9249 12.3121 6.03421 29.3792 
Latency(us)/Energy(mJ): 36 0.196686 0.0277428 0.0138562 0.0754058 
Latency(us)/Energy(mJ): 0 0 0 0 0 
Latency(us)/Energy(mJ): 5816 38.4167 5.3225 2.65834 14.88 
Latency(us)/Energy(mJ): 46 0.304784 0.0417606 0.0208575 0.119622 
0.5948 - "n02085620 Chihuahua"
0.0656 - "n02110806 basenji"
0.0383 - "n02113023 Pembroke, Pembroke Welsh corgi"
0.0311 - "n02091244 Ibizan hound, Ibizan Podenco"
0.0298 - "n02389026 sorrel"
