loading weight: /home/nvidia/caffe-build/models/bvlc_alexnet/bvlc_alexnet.caffemodel
loading prototxt: /home/nvidia/caffe-build/models/bvlc_alexnet/deploy.prototxt
---------- Prediction for /home/nvidia/Downloads/ILSVRC2012_img_train_t3/n02085620/n02085620_1152.JPEG ----------
Latency(us)/Energy(mJ): 0 0 0 0 0 
Latency(us)/Energy(mJ): 394 1.42909 0.0666241 0.143426 0.518135 
Latency(us)/Energy(mJ): 49 0.133901 0.00786844 0.0131255 0.0474168 
Latency(us)/Energy(mJ): 94 0.488988 0.0346196 0.0476354 0.17295 
Latency(us)/Energy(mJ): 90 0.309179 0.0237351 0.0297272 0.10887 
Latency(us)/Energy(mJ): 1350 5.75525 0.714003 0.513227 1.93635 
Latency(us)/Energy(mJ): 48 0.154109 0.0232893 0.0129159 0.0500025 
Latency(us)/Energy(mJ): 78 0.566722 0.0943373 0.0471068 0.184842 
Latency(us)/Energy(mJ): 82 0.365983 0.0604296 0.0301752 0.118404 
Latency(us)/Energy(mJ): 1429 6.93528 1.40553 0.542681 2.15372 
Latency(us)/Energy(mJ): 53 0.173057 0.0387239 0.0128854 0.0531312 
Latency(us)/Energy(mJ): 1305 7.15251 1.70917 0.498394 2.20192 
Latency(us)/Energy(mJ): 59 0.457648 0.114695 0.0301371 0.140719 
Latency(us)/Energy(mJ): 865 5.19497 1.35358 0.330495 1.60257 
Latency(us)/Energy(mJ): 55 0.209824 0.0573211 0.0130073 0.0653098 
Latency(us)/Energy(mJ): 68 0.487423 0.132339 0.0300304 0.150783 
Latency(us)/Energy(mJ): 889 5.40014 1.43573 0.331881 1.67839 
Latency(us)/Energy(mJ): 55 0.502742 0.12832 0.0305181 0.159399 
Latency(us)/Energy(mJ): 1 0 0 0 0 
Latency(us)/Energy(mJ): 5074 37.5989 9.42187 1.92644 12.8999 
Latency(us)/Energy(mJ): 52 0.660819 0.16287 0.0301523 0.237737 
Latency(us)/Energy(mJ): 0 0 0 0 0 
Latency(us)/Energy(mJ): 2221 19.1513 4.60737 0.841888 6.98055 
Latency(us)/Energy(mJ): 64 0.702618 0.168074 0.0300076 0.259199 
0.5948 - "n02085620 Chihuahua"
0.0656 - "n02110806 basenji"
0.0383 - "n02113023 Pembroke, Pembroke Welsh corgi"
0.0311 - "n02091244 Ibizan hound, Ibizan Podenco"
0.0298 - "n02389026 sorrel"
