loading weight: /home/nvidia/caffe-build/models/bvlc_alexnet/bvlc_alexnet.caffemodel
loading prototxt: /home/nvidia/caffe-build/models/bvlc_alexnet/deploy.prototxt
---------- Prediction for /home/nvidia/Downloads/ILSVRC2012_img_train_t3/n02085620/n02085620_1152.JPEG ----------
Latency(us)/Energy(mJ): 0 0 0 0 0 
Latency(us)/Energy(mJ): 283 1.16638 0.0417422 0.167793 0.410387 
Latency(us)/Energy(mJ): 28 0.12101 0.00429856 0.0172791 0.0422786 
Latency(us)/Energy(mJ): 58 0.195037 0.0104378 0.0278494 0.0681421 
Latency(us)/Energy(mJ): 54 0.320326 0.0171429 0.0457395 0.111916 
Latency(us)/Energy(mJ): 2374 10.7012 0.956899 1.44015 3.56539 
Latency(us)/Energy(mJ): 25 0.138541 0.0154967 0.0177312 0.044981 
Latency(us)/Energy(mJ): 48 0.216549 0.0276696 0.027715 0.070308 
Latency(us)/Energy(mJ): 45 0.138637 0.0177144 0.0177434 0.045012 
Latency(us)/Energy(mJ): 2998 14.9609 2.35057 1.84449 4.66952 
Latency(us)/Energy(mJ): 28 0.231698 0.0414765 0.0276661 0.0710443 
Latency(us)/Energy(mJ): 2226 11.8841 2.23099 1.34971 3.67784 
Latency(us)/Energy(mJ): 34 0.163617 0.033359 0.0177876 0.0507676 
Latency(us)/Energy(mJ): 1637 9.28315 1.90251 0.989017 2.89393 
Latency(us)/Energy(mJ): 35 0.434963 0.0909401 0.0454328 0.135909 
Latency(us)/Energy(mJ): 42 0.265253 0.0554578 0.0277062 0.0834365 
Latency(us)/Energy(mJ): 1376 8.06117 1.68206 0.829173 2.54189 
Latency(us)/Energy(mJ): 31 0.273566 0.0553846 0.0276696 0.0876355 
Latency(us)/Energy(mJ): 0 0 0 0 0 
Latency(us)/Energy(mJ): 7629 53.1626 10.2645 4.64201 18.7127 
Latency(us)/Energy(mJ): 30 0.346616 0.0623437 0.0277184 0.128686 
Latency(us)/Energy(mJ): 0 0 0 0 0 
Latency(us)/Energy(mJ): 3372 26.2146 4.8279 2.0395 9.84507 
Latency(us)/Energy(mJ): 38 0.593541 0.107297 0.045201 0.225412 
0.5948 - "n02085620 Chihuahua"
0.0656 - "n02110806 basenji"
0.0383 - "n02113023 Pembroke, Pembroke Welsh corgi"
0.0311 - "n02091244 Ibizan hound, Ibizan Podenco"
0.0298 - "n02389026 sorrel"
