loading weight: /home/nvidia/caffe-build/models/bvlc_alexnet/bvlc_alexnet.caffemodel
loading prototxt: /home/nvidia/caffe-build/models/bvlc_alexnet/deploy.prototxt
---------- Prediction for /home/nvidia/caffe-build/examples/images/cat.jpg ----------
Latency(us)/Energy(mJ): 0 0 0 0 0 
Latency(us)/Energy(mJ): 2895 10.6093 0.561667 1.30264 4.14762 
Latency(us)/Energy(mJ): 30 0 0 0 0 
Latency(us)/Energy(mJ): 197 0.757052 0.0732103 0.0877757 0.286517 
Latency(us)/Energy(mJ): 90 0.747123 0.0717594 0.0861269 0.284708 
Latency(us)/Energy(mJ): 2388 9.94497 1.20473 1.08232 3.66614 
Latency(us)/Energy(mJ): 29 0 0 0 0 
Latency(us)/Energy(mJ): 158 0.83233 0.129019 0.0860124 0.298602 
Latency(us)/Energy(mJ): 78 0.327525 0.0507693 0.0338462 0.117501 
Latency(us)/Energy(mJ): 1819 8.23657 1.37849 0.827171 2.904 
Latency(us)/Energy(mJ): 29 0.349342 0.062958 0.0343271 0.12067 
Latency(us)/Energy(mJ): 1503 7.14706 1.41093 0.688191 2.42848 
Latency(us)/Energy(mJ): 28 0 0 0 0 
Latency(us)/Energy(mJ): 1065 5.1183 1.11894 0.479847 1.70614 
Latency(us)/Energy(mJ): 28 0.360337 0.0837568 0.0335027 0.118942 
Latency(us)/Energy(mJ): 43 0 0 0 0 
Latency(us)/Energy(mJ): 1337 6.52347 1.42789 0.606003 2.17646 
Latency(us)/Energy(mJ): 31 0.576186 0.122072 0.0523494 0.194653 
Latency(us)/Energy(mJ): 1 0 0 0 0 
Latency(us)/Energy(mJ): 4943 27.7394 6.33758 2.23689 9.65148 
Latency(us)/Energy(mJ): 30 0.473569 0.109692 0.0346477 0.167867 
Latency(us)/Energy(mJ): 0 0 0 0 0 
Latency(us)/Energy(mJ): 2174 14.1167 3.29475 0.992947 5.04757 
Latency(us)/Energy(mJ): 202 1.25947 0.301096 0.0858932 0.455318 
0.3094 - "n02124075 Egyptian cat"
0.1761 - "n02123159 tiger cat"
0.1221 - "n02123045 tabby, tabby cat"
0.1132 - "n02119022 red fox, Vulpes vulpes"
0.0421 - "n02085620 Chihuahua"
