loading weight: /home/nvidia/caffe-build/models/bvlc_alexnet/bvlc_alexnet.caffemodel
loading prototxt: /home/nvidia/caffe-build/models/bvlc_alexnet/deploy.prototxt
---------- Prediction for /home/nvidia/caffe-build/examples/images/cat.jpg ----------
Latency(us)/Energy(mJ): 2 0 0 0 0 
Latency(us)/Energy(mJ): 8095 16.712 1.88978 4.30747 3.05527 
Latency(us)/Energy(mJ): 59 0.197062 0.0333677 0.0467322 0.0367743 
Latency(us)/Energy(mJ): 641 1.39234 0.231855 0.324718 0.259336 
Latency(us)/Energy(mJ): 269 0.730524 0.121648 0.170371 0.140118 
Latency(us)/Energy(mJ): 9688 24.4531 5.30955 5.22591 4.67408 
Latency(us)/Energy(mJ): 56 0 0 0 0 
Latency(us)/Energy(mJ): 496 1.38095 0.355042 0.276087 0.260799 
Latency(us)/Energy(mJ): 233 0.791293 0.203442 0.158199 0.152877 
Latency(us)/Energy(mJ): 5638 15.653 4.22722 3.04209 2.93974 
Latency(us)/Energy(mJ): 49 0.245753 0.072996 0.0464915 0.0449273 
Latency(us)/Energy(mJ): 3967 11.318 3.44886 2.11186 2.04081 
Latency(us)/Energy(mJ): 52 0.255452 0.0795956 0.046438 0.0448756 
Latency(us)/Energy(mJ): 3814 11.2131 3.51399 2.05015 1.94835 
Latency(us)/Energy(mJ): 47 0 0 0 0 
Latency(us)/Energy(mJ): 80 0.332412 0.103575 0.0604282 0.0562491 
Latency(us)/Energy(mJ): 6999 19.6952 5.87944 3.72165 3.50968 
Latency(us)/Energy(mJ): 54 0.336108 0.0908014 0.0635847 0.0659617 
Latency(us)/Energy(mJ): 4 0 0 0 0 
Latency(us)/Energy(mJ): 32714 100.197 27.3881 15.1512 22.6831 
Latency(us)/Energy(mJ): 55 0 0 0 0 
Latency(us)/Energy(mJ): 3 0.361132 0.0869814 0.0521433 0.0893723 
Latency(us)/Energy(mJ): 14221 45.2017 10.8149 6.48326 11.2584 
Latency(us)/Energy(mJ): 350 1.28673 0.306249 0.183589 0.322684 
0.3094 - "n02124075 Egyptian cat"
0.1761 - "n02123159 tiger cat"
0.1221 - "n02123045 tabby, tabby cat"
0.1132 - "n02119022 red fox, Vulpes vulpes"
0.0421 - "n02085620 Chihuahua"
