loading weight: /home/nvidia/caffe-build/models/bvlc_alexnet/bvlc_alexnet.caffemodel
loading prototxt: /home/nvidia/caffe-build/models/bvlc_alexnet/deploy.prototxt
---------- Prediction for /home/nvidia/caffe-build/examples/images/cat.jpg ----------
Latency(us)/Energy(mJ): 1 0 0 0 0 
Latency(us)/Energy(mJ): 11485 31.7712 2.28757 14.0026 4.74426 
Latency(us)/Energy(mJ): 33 0 0 0 0 
Latency(us)/Energy(mJ): 592 1.64943 0.177891 0.668405 0.25663 
Latency(us)/Energy(mJ): 226 0.87698 0.0937875 0.352395 0.1353 
Latency(us)/Energy(mJ): 15490 45.369 5.71762 17.5454 7.12553 
Latency(us)/Energy(mJ): 34 0 0 0 0 
Latency(us)/Energy(mJ): 443 1.39511 0.214344 0.50076 0.21528 
Latency(us)/Energy(mJ): 201 0.578314 0.088852 0.20758 0.092926 
Latency(us)/Energy(mJ): 11528 34.425 5.28905 12.3565 5.267 
Latency(us)/Energy(mJ): 54 0.239971 0.036869 0.086135 0.0338905 
Latency(us)/Energy(mJ): 8613 25.4576 4.47823 9.24234 3.57698 
Latency(us)/Energy(mJ): 32 0 0 0 0 
Latency(us)/Energy(mJ): 6150 18.2671 3.32072 6.64144 2.49519 
Latency(us)/Energy(mJ): 31 0 0 0 0 
Latency(us)/Energy(mJ): 60 0.236617 0.043014 0.086028 0.0323208 
Latency(us)/Energy(mJ): 7523 21.9293 3.58263 8.09048 3.09302 
Latency(us)/Energy(mJ): 46 0 0 0 0 
Latency(us)/Energy(mJ): 6 0 0 0 0 
Latency(us)/Energy(mJ): 36236 115.279 16.6035 38.3966 22.453 
Latency(us)/Energy(mJ): 33 0 0 0 0 
Latency(us)/Energy(mJ): 2 0.372581 0.0519143 0.112557 0.0803651 
Latency(us)/Energy(mJ): 15644 51.9832 7.13951 15.4793 11.1937 
Latency(us)/Energy(mJ): 232 0.65259 0.0888749 0.192692 0.141268 
0.3094 - "n02124075 Egyptian cat"
0.1761 - "n02123159 tiger cat"
0.1221 - "n02123045 tabby, tabby cat"
0.1132 - "n02119022 red fox, Vulpes vulpes"
0.0421 - "n02085620 Chihuahua"
