loading weight: /home/nvidia/caffe-build/models/bvlc_alexnet/bvlc_alexnet.caffemodel
loading prototxt: /home/nvidia/caffe-build/models/bvlc_alexnet/deploy.prototxt
---------- Prediction for /home/nvidia/Downloads/ILSVRC2012_img_train_t3/n02085620/n02085620_1152.JPEG ----------
Latency(us)/Energy(mJ): 0 0 0 0 0 
Latency(us)/Energy(mJ): 292 1.46494 0.0467532 0.426565 0.411278 
Latency(us)/Energy(mJ): 26 0 0 0 0 
Latency(us)/Energy(mJ): 61 0.368497 0.0167399 0.106068 0.102267 
Latency(us)/Energy(mJ): 59 0.367287 0.0166849 0.10572 0.101931 
Latency(us)/Energy(mJ): 1950 10.2289 0.825549 2.80513 2.78741 
Latency(us)/Energy(mJ): 24 0.151113 0.0167628 0.039846 0.0410826 
Latency(us)/Energy(mJ): 48 0.250182 0.027572 0.06554 0.067574 
Latency(us)/Energy(mJ): 46 0.402173 0.0443226 0.105357 0.108627 
Latency(us)/Energy(mJ): 2453 13.9372 1.95619 3.47597 3.6388 
Latency(us)/Energy(mJ): 27 0.269166 0.041358 0.0621048 0.0692916 
Latency(us)/Energy(mJ): 1870 11.445 1.9708 2.53239 3.03434 
Latency(us)/Energy(mJ): 39 0.468713 0.0831459 0.0997896 0.125678 
Latency(us)/Energy(mJ): 1338 8.63526 1.63697 1.79638 2.34345 
Latency(us)/Energy(mJ): 38 0.489299 0.0942192 0.0998171 0.13355 
Latency(us)/Energy(mJ): 46 0.305281 0.0585792 0.0620596 0.0830324 
Latency(us)/Energy(mJ): 1078 7.45797 1.48009 1.49687 2.06107 
Latency(us)/Energy(mJ): 28 0.191126 0.037785 0.037785 0.0536915 
Latency(us)/Energy(mJ): 0 0 0 0 0 
Latency(us)/Energy(mJ): 6513 51.7187 9.70059 8.57182 16.2828 
Latency(us)/Energy(mJ): 26 0.237493 0.043904 0.0355622 0.0797955 
Latency(us)/Energy(mJ): 0 0 0 0 0 
Latency(us)/Energy(mJ): 2905 25.8384 4.64925 3.76357 8.78472 
Latency(us)/Energy(mJ): 35 0 0 0 0 
0.5948 - "n02085620 Chihuahua"
0.0656 - "n02110806 basenji"
0.0383 - "n02113023 Pembroke, Pembroke Welsh corgi"
0.0311 - "n02091244 Ibizan hound, Ibizan Podenco"
0.0298 - "n02389026 sorrel"
