loading weight: /home/nvidia/caffe-build/models/bvlc_alexnet/bvlc_alexnet.caffemodel
loading prototxt: /home/nvidia/caffe-build/models/bvlc_alexnet/deploy.prototxt
---------- Prediction for /home/nvidia/caffe-build/examples/images/cat.jpg ----------
Latency(us)/Energy(mJ): 0 0 0 0 0 
Latency(us)/Energy(mJ): 4231 9.58732 0.803946 1.59397 2.63479 
Latency(us)/Energy(mJ): 38 0 0 0 0 
Latency(us)/Energy(mJ): 266 0.98253 0.147643 0.147643 0.266685 
Latency(us)/Energy(mJ): 112 0.293093 0.0437008 0.0437008 0.078936 
Latency(us)/Energy(mJ): 3292 9.11054 1.72229 1.24916 2.42329 
Latency(us)/Energy(mJ): 37 0 0 0 0 
Latency(us)/Energy(mJ): 201 0.925776 0.210975 0.11714 0.24072 
Latency(us)/Energy(mJ): 98 0.234274 0.0533888 0.0296432 0.060916 
Latency(us)/Energy(mJ): 2365 7.44217 1.83563 0.906849 1.91451 
Latency(us)/Energy(mJ): 32 0 0 0 0 
Latency(us)/Energy(mJ): 1674 5.64064 1.60864 0.649037 1.39427 
Latency(us)/Energy(mJ): 31 0 0 0 0 
Latency(us)/Energy(mJ): 1443 5.21749 1.5833 0.576056 1.24259 
Latency(us)/Energy(mJ): 31 0 0 0 0 
Latency(us)/Energy(mJ): 49 0.26581 0.0808164 0.0288792 0.0622944 
Latency(us)/Energy(mJ): 2082 7.30008 2.23084 0.797177 1.76539 
Latency(us)/Energy(mJ): 36 0 0 0 0 
Latency(us)/Energy(mJ): 2 0 0 0 0 
Latency(us)/Energy(mJ): 8729 36.4819 10.4839 3.35128 10.5451 
Latency(us)/Energy(mJ): 36 0 0 0 0 
Latency(us)/Energy(mJ): 0 0 0 0 0 
Latency(us)/Energy(mJ): 3739 18.0804 5.04155 1.43149 5.77626 
Latency(us)/Energy(mJ): 230 0.94216 0.259686 0.072009 0.307314 
0.3094 - "n02124075 Egyptian cat"
0.1761 - "n02123159 tiger cat"
0.1221 - "n02123045 tabby, tabby cat"
0.1132 - "n02119022 red fox, Vulpes vulpes"
0.0421 - "n02085620 Chihuahua"
