loading weight: /home/nvidia/caffe-build/models/bvlc_alexnet/bvlc_alexnet.caffemodel
loading prototxt: /home/nvidia/caffe-build/models/bvlc_alexnet/deploy.prototxt
---------- Prediction for /home/nvidia/Downloads/ILSVRC2012_img_train_t3/n02085620/n02085620_1152.JPEG ----------
Latency(us)/Energy(mJ): 0 0 0 0 0 
Latency(us)/Energy(mJ): 340 1.37566 0.0456152 0.274892 0.460053 
Latency(us)/Energy(mJ): 19 0.207197 0.0068704 0.0414032 0.0692916 
Latency(us)/Energy(mJ): 44 0.128535 0.00426208 0.0256846 0.0429853 
Latency(us)/Energy(mJ): 39 0.335824 0.0111355 0.0671062 0.112308 
Latency(us)/Energy(mJ): 6803 31.7469 2.38037 6.20031 10.0397 
Latency(us)/Energy(mJ): 18 0.215976 0.0207199 0.0414398 0.066729 
Latency(us)/Energy(mJ): 36 0.134054 0.0128606 0.0257213 0.041418 
Latency(us)/Energy(mJ): 35 0.216931 0.0208115 0.041623 0.067024 
Latency(us)/Energy(mJ): 8926 42.8626 5.09096 8.15764 12.6335 
Latency(us)/Energy(mJ): 20 0.219026 0.0275476 0.0413666 0.0631788 
Latency(us)/Energy(mJ): 6203 30.9189 4.056 5.66493 9.14977 
Latency(us)/Energy(mJ): 26 0.141025 0.0189337 0.025245 0.0421668 
Latency(us)/Energy(mJ): 4748 24.6315 3.27531 4.36708 7.4147 
Latency(us)/Energy(mJ): 26 0.142939 0.0189062 0.0252083 0.0431789 
Latency(us)/Energy(mJ): 30 0 0 0 0 
Latency(us)/Energy(mJ): 4448 23.2135 3.04653 4.06204 7.05806 
Latency(us)/Energy(mJ): 22 0.238836 0.0311348 0.0415131 0.0745514 
Latency(us)/Energy(mJ): 0 0 0 0 0 
Latency(us)/Energy(mJ): 21565 127.844 14.7976 19.7622 43.684 
Latency(us)/Energy(mJ): 21 0 0 0 0 
Latency(us)/Energy(mJ): 0 0 0 0 0 
Latency(us)/Energy(mJ): 9559 59.4609 6.50751 8.75587 21.2013 
Latency(us)/Energy(mJ): 27 0.1724 0.0188924 0.0252266 0.0616345 
0.5948 - "n02085620 Chihuahua"
0.0656 - "n02110806 basenji"
0.0383 - "n02113023 Pembroke, Pembroke Welsh corgi"
0.0311 - "n02091244 Ibizan hound, Ibizan Podenco"
0.0298 - "n02389026 sorrel"
