loading weight: /home/nvidia/caffe-build/models/bvlc_alexnet/bvlc_alexnet.caffemodel
loading prototxt: /home/nvidia/caffe-build/models/bvlc_alexnet/deploy.prototxt
---------- Prediction for /home/nvidia/Downloads/ILSVRC2012_img_train_t3/n02085620/n02085620_1152.JPEG ----------
Latency(us)/Energy(mJ): 0 0 0 0 0 
Latency(us)/Energy(mJ): 491 1.84952 0.0742125 0.186508 0.673771 
Latency(us)/Energy(mJ): 48 0.174116 0.00692816 0.0174116 0.0629004 
Latency(us)/Energy(mJ): 98 0.300787 0.0154119 0.0300787 0.108661 
Latency(us)/Energy(mJ): 91 0.429054 0.0256434 0.0427764 0.154532 
Latency(us)/Energy(mJ): 4141 16.775 1.59917 1.57583 5.76016 
Latency(us)/Energy(mJ): 47 0.141806 0.0176968 0.0126595 0.0476222 
Latency(us)/Energy(mJ): 80 0.529997 0.0661412 0.0473145 0.177987 
Latency(us)/Energy(mJ): 82 0.335902 0.041919 0.029987 0.112805 
Latency(us)/Energy(mJ): 5228 23.0059 3.53752 1.98772 7.40738 
Latency(us)/Energy(mJ): 48 0.207116 0.0347623 0.0173584 0.0654697 
Latency(us)/Energy(mJ): 3915 18.557 3.18946 1.49418 6.00379 
Latency(us)/Energy(mJ): 57 0.383219 0.0657776 0.0298704 0.126224 
Latency(us)/Energy(mJ): 2880 14.2414 2.59687 1.08873 4.69076 
Latency(us)/Energy(mJ): 59 0.396167 0.0717594 0.0298475 0.130593 
Latency(us)/Energy(mJ): 69 0.40053 0.0722358 0.0300457 0.13146 
Latency(us)/Energy(mJ): 2447 12.4496 2.23139 0.928124 4.1434 
Latency(us)/Energy(mJ): 52 0.237262 0.0418429 0.0174041 0.0803968 
Latency(us)/Energy(mJ): 1 0 0 0 0 
Latency(us)/Energy(mJ): 13169 78.7885 12.0802 5.02406 29.3096 
Latency(us)/Energy(mJ): 51 0.289807 0.0415959 0.0173203 0.113059 
Latency(us)/Energy(mJ): 0 0 0 0 0 
Latency(us)/Energy(mJ): 5804 37.8308 5.30872 2.21052 14.815 
Latency(us)/Energy(mJ): 63 0.520951 0.0722118 0.0300685 0.20535 
0.5948 - "n02085620 Chihuahua"
0.0656 - "n02110806 basenji"
0.0383 - "n02113023 Pembroke, Pembroke Welsh corgi"
0.0311 - "n02091244 Ibizan hound, Ibizan Podenco"
0.0298 - "n02389026 sorrel"
