loading weight: /home/nvidia/caffe-build/models/bvlc_alexnet/bvlc_alexnet.caffemodel
loading prototxt: /home/nvidia/caffe-build/models/bvlc_alexnet/deploy.prototxt
---------- Prediction for /home/nvidia/caffe-build/examples/images/cat.jpg ----------
Latency(us)/Energy(mJ): 0 0 0 0 0 
Latency(us)/Energy(mJ): 2782 10.5697 0.56451 1.69895 3.74962 
Latency(us)/Energy(mJ): 41 0 0 0 0 
Latency(us)/Energy(mJ): 275 1.24241 0.118015 0.189257 0.43334 
Latency(us)/Energy(mJ): 130 0.33534 0.0315468 0.0505908 0.115837 
Latency(us)/Energy(mJ): 2355 10.0438 1.21335 1.44156 3.41598 
Latency(us)/Energy(mJ): 41 0.504887 0.0775967 0.0690125 0.16886 
Latency(us)/Energy(mJ): 199 0.881089 0.134274 0.11942 0.292198 
Latency(us)/Energy(mJ): 111 0.375291 0.0571928 0.0508658 0.124459 
Latency(us)/Energy(mJ): 1772 8.16574 1.37039 1.08016 2.67276 
Latency(us)/Energy(mJ): 36 0.537896 0.104058 0.0694096 0.17199 
Latency(us)/Energy(mJ): 1570 7.54931 1.48945 0.957895 2.39219 
Latency(us)/Energy(mJ): 37 0 0 0 0 
Latency(us)/Energy(mJ): 1150 5.8088 1.24035 0.718108 1.80173 
Latency(us)/Energy(mJ): 38 0 0 0 0 
Latency(us)/Energy(mJ): 56 0.408745 0.0872556 0.0499187 0.125246 
Latency(us)/Energy(mJ): 1517 7.82464 1.67393 0.957651 2.43964 
Latency(us)/Energy(mJ): 38 0 0 0 0 
Latency(us)/Energy(mJ): 3 0 0 0 0 
Latency(us)/Energy(mJ): 4969 28.7613 6.3911 3.05542 9.51382 
Latency(us)/Energy(mJ): 37 0 0 0 0 
Latency(us)/Energy(mJ): 1 0 0 0 0 
Latency(us)/Energy(mJ): 2168 14.1406 3.21991 1.31739 4.86532 
Latency(us)/Energy(mJ): 255 1.91011 0.436064 0.171837 0.664437 
0.3094 - "n02124075 Egyptian cat"
0.1761 - "n02123159 tiger cat"
0.1221 - "n02123045 tabby, tabby cat"
0.1132 - "n02119022 red fox, Vulpes vulpes"
0.0421 - "n02085620 Chihuahua"
