loading weight: /home/nvidia/caffe-build/models/bvlc_alexnet/bvlc_alexnet.caffemodel
loading prototxt: /home/nvidia/caffe-build/models/bvlc_alexnet/deploy.prototxt
---------- Prediction for /home/nvidia/caffe-build/examples/images/cat.jpg ----------
Latency(us)/Energy(mJ): 0 0 0 0 0 
Latency(us)/Energy(mJ): 9054 34.3546 1.87464 5.66679 12.1369 
Latency(us)/Energy(mJ): 40 0 0 0 0 
Latency(us)/Energy(mJ): 280 1.20476 0.0942908 0.188891 0.420444 
Latency(us)/Energy(mJ): 130 0.319749 0.0250252 0.0501325 0.111588 
Latency(us)/Energy(mJ): 12475 50.5204 4.78155 7.6514 17.4239 
Latency(us)/Energy(mJ): 38 0 0 0 0 
Latency(us)/Energy(mJ): 200 1.27535 0.141568 0.18886 0.432431 
Latency(us)/Energy(mJ): 101 0.338332 0.037556 0.050102 0.114718 
Latency(us)/Energy(mJ): 10447 42.8737 5.05603 6.34676 14.45 
Latency(us)/Energy(mJ): 42 0.472221 0.0611163 0.069929 0.157941 
Latency(us)/Energy(mJ): 8147 33.5097 4.33693 4.9623 11.0862 
Latency(us)/Energy(mJ): 38 0 0 0 0 
Latency(us)/Energy(mJ): 4981 20.7183 2.68143 3.06808 6.80087 
Latency(us)/Energy(mJ): 35 0.341014 0.0441351 0.0504992 0.110834 
Latency(us)/Energy(mJ): 68 0 0 0 0 
Latency(us)/Energy(mJ): 4134 17.0342 2.19842 2.51543 5.65651 
Latency(us)/Energy(mJ): 38 0.480709 0.0610896 0.0698984 0.164393 
Latency(us)/Energy(mJ): 3 0 0 0 0 
Latency(us)/Energy(mJ): 21761 102.891 12.6004 13.3043 37.3113 
Latency(us)/Energy(mJ): 50 0 0 0 0 
Latency(us)/Energy(mJ): 4 0.41563 0.0502945 0.0503769 0.15616 
Latency(us)/Energy(mJ): 9424 48.6003 5.74446 5.75388 18.4912 
Latency(us)/Energy(mJ): 280 1.02756 0.119804 0.12 0.394568 
0.3094 - "n02124075 Egyptian cat"
0.1761 - "n02123159 tiger cat"
0.1221 - "n02123045 tabby, tabby cat"
0.1132 - "n02119022 red fox, Vulpes vulpes"
0.0421 - "n02085620 Chihuahua"
