loading weight: /home/nvidia/caffe-build/models/bvlc_alexnet/bvlc_alexnet.caffemodel
loading prototxt: /home/nvidia/caffe-build/models/bvlc_alexnet/deploy.prototxt
---------- Prediction for /home/nvidia/caffe-build/examples/images/cat.jpg ----------
Latency(us)/Energy(mJ): 0 0 0 0 0 
Latency(us)/Energy(mJ): 9548 34.0986 1.94531 3.63085 12.9966 
Latency(us)/Energy(mJ): 48 0 0 0 0 
Latency(us)/Energy(mJ): 246 1.16159 0.0955717 0.1197 0.432423 
Latency(us)/Energy(mJ): 121 0.31491 0.0259097 0.0324509 0.117231 
Latency(us)/Energy(mJ): 12521 48.2034 4.78438 4.797 17.5606 
Latency(us)/Energy(mJ): 46 0.331917 0.0386323 0.0322217 0.118006 
Latency(us)/Energy(mJ): 234 0.792509 0.0922412 0.0769348 0.28337 
Latency(us)/Energy(mJ): 109 0.449377 0.0523036 0.0436244 0.161936 
Latency(us)/Energy(mJ): 10602 41.5333 5.13406 4.03195 14.7776 
Latency(us)/Energy(mJ): 47 0.445442 0.0604488 0.0432424 0.156216 
Latency(us)/Energy(mJ): 8136 31.9693 4.3384 3.1035 11.0962 
Latency(us)/Energy(mJ): 47 0 0 0 0 
Latency(us)/Energy(mJ): 4978 19.8224 2.69 1.92431 6.82413 
Latency(us)/Energy(mJ): 47 0 0 0 0 
Latency(us)/Energy(mJ): 70 0.336836 0.0457104 0.0326992 0.11479 
Latency(us)/Energy(mJ): 4123 16.4397 2.22077 1.79048 5.71739 
Latency(us)/Energy(mJ): 48 0 0 0 0 
Latency(us)/Energy(mJ): 1 0 0 0 0 
Latency(us)/Energy(mJ): 21748 99.1154 12.592 8.87179 37.3714 
Latency(us)/Energy(mJ): 47 0 0 0 0 
Latency(us)/Energy(mJ): 1 0.412007 0.0518195 0.0323659 0.160895 
Latency(us)/Energy(mJ): 9442 46.9088 5.73186 3.70842 18.3535 
Latency(us)/Energy(mJ): 294 1.43228 0.17202 0.122673 0.566538 
0.3094 - "n02124075 Egyptian cat"
0.1761 - "n02123159 tiger cat"
0.1221 - "n02123045 tabby, tabby cat"
0.1132 - "n02119022 red fox, Vulpes vulpes"
0.0421 - "n02085620 Chihuahua"
