loading weight: /home/nvidia/caffe-build/models/bvlc_alexnet/bvlc_alexnet.caffemodel
loading prototxt: /home/nvidia/caffe-build/models/bvlc_alexnet/deploy.prototxt
---------- Prediction for /home/nvidia/Downloads/ILSVRC2012_img_train_t3/n02085620/n02085620_1152.JPEG ----------
Latency(us)/Energy(mJ): 0 0 0 0 0 
Latency(us)/Energy(mJ): 372 1.47013 0.0550666 0.193458 0.520596 
Latency(us)/Energy(mJ): 39 0.126564 0.00470592 0.0165326 0.0444895 
Latency(us)/Energy(mJ): 75 0.31077 0.0174086 0.0405947 0.109241 
Latency(us)/Energy(mJ): 70 0.315021 0.0176467 0.04115 0.110735 
Latency(us)/Energy(mJ): 3014 13.0727 1.24351 1.61271 4.35207 
Latency(us)/Energy(mJ): 38 0.205661 0.0241582 0.0241582 0.066729 
Latency(us)/Energy(mJ): 60 0.139744 0.0164152 0.0164152 0.0453415 
Latency(us)/Energy(mJ): 66 0.34785 0.0465949 0.0407228 0.112484 
Latency(us)/Energy(mJ): 3774 17.8462 2.80417 2.01358 5.55719 
Latency(us)/Energy(mJ): 41 0.221426 0.0380067 0.0241902 0.0677235 
Latency(us)/Energy(mJ): 2840 14.4293 2.64213 1.50695 4.47618 
Latency(us)/Energy(mJ): 46 0.403726 0.0754515 0.040616 0.126564 
Latency(us)/Energy(mJ): 2082 11.3044 2.1986 1.11246 3.5547 
Latency(us)/Energy(mJ): 50 0.170478 0.0328944 0.0164472 0.0536228 
Latency(us)/Energy(mJ): 55 0.421767 0.0813816 0.0406908 0.132664 
Latency(us)/Energy(mJ): 1727 9.7261 1.98877 0.928252 3.09803 
Latency(us)/Energy(mJ): 44 0.258235 0.0519376 0.0242436 0.0842624 
Latency(us)/Energy(mJ): 1 0 0 0 0 
Latency(us)/Energy(mJ): 9547 62.6696 11.2577 5.08546 22.4505 
Latency(us)/Energy(mJ): 43 0.323216 0.055266 0.0241902 0.121359 
Latency(us)/Energy(mJ): 0 0.219187 0.0374784 0.0164045 0.0822989 
Latency(us)/Energy(mJ): 4198 30.6256 5.11004 2.23669 11.663 
Latency(us)/Energy(mJ): 52 0.239355 0.0392596 0.0171841 0.0923566 
0.5948 - "n02085620 Chihuahua"
0.0656 - "n02110806 basenji"
0.0383 - "n02113023 Pembroke, Pembroke Welsh corgi"
0.0311 - "n02091244 Ibizan hound, Ibizan Podenco"
0.0298 - "n02389026 sorrel"
