loading weight: /home/nvidia/caffe-build/models/bvlc_alexnet/bvlc_alexnet.caffemodel
loading prototxt: /home/nvidia/caffe-build/models/bvlc_alexnet/deploy.prototxt
---------- Prediction for /home/nvidia/caffe-build/examples/images/cat.jpg ----------
Latency(us)/Energy(mJ): 0 0 0 0 0 
Latency(us)/Energy(mJ): 2899 10.6108 0.562141 1.30413 4.13001 
Latency(us)/Energy(mJ): 29 0 0 0 0 
Latency(us)/Energy(mJ): 187 0.750011 0.0728092 0.0872948 0.284604 
Latency(us)/Energy(mJ): 85 0.438619 0.0421728 0.0505632 0.164717 
Latency(us)/Energy(mJ): 2399 10.214 1.25364 1.11697 3.74451 
Latency(us)/Energy(mJ): 29 0 0 0 0 
Latency(us)/Energy(mJ): 160 0.830778 0.128778 0.0858521 0.294109 
Latency(us)/Energy(mJ): 78 0.325974 0.0505289 0.0336859 0.1154 
Latency(us)/Energy(mJ): 1860 8.61339 1.44656 0.864589 2.99413 
Latency(us)/Energy(mJ): 28 0 0 0 0 
Latency(us)/Energy(mJ): 1497 7.15418 1.42571 0.688557 2.40523 
Latency(us)/Energy(mJ): 28 0 0 0 0 
Latency(us)/Energy(mJ): 1059 5.52315 1.19177 0.517242 1.81487 
Latency(us)/Energy(mJ): 27 0 0 0 0 
Latency(us)/Energy(mJ): 41 0 0 0 0 
Latency(us)/Energy(mJ): 1280 6.58023 1.41905 0.608545 2.15672 
Latency(us)/Energy(mJ): 31 0 0 0 0 
Latency(us)/Energy(mJ): 1 0 0 0 0 
Latency(us)/Energy(mJ): 4984 28.4127 6.42822 1.91046 9.75209 
Latency(us)/Energy(mJ): 31 0.532726 0.123395 0.0324231 0.18722 
Latency(us)/Energy(mJ): 0 0 0 0 0 
Latency(us)/Energy(mJ): 2148 13.4311 3.10961 0.787603 4.77017 
Latency(us)/Energy(mJ): 190 1.26059 0.300695 0.0715137 0.452545 
0.3094 - "n02124075 Egyptian cat"
0.1761 - "n02123159 tiger cat"
0.1221 - "n02123045 tabby, tabby cat"
0.1132 - "n02119022 red fox, Vulpes vulpes"
0.0421 - "n02085620 Chihuahua"
