loading weight: /home/nvidia/caffe-build/models/bvlc_alexnet/bvlc_alexnet.caffemodel
loading prototxt: /home/nvidia/caffe-build/models/bvlc_alexnet/deploy.prototxt
---------- Prediction for /home/nvidia/caffe-build/examples/images/cat.jpg ----------
Latency(us)/Energy(mJ): 1 0 0 0 0 
Latency(us)/Energy(mJ): 12571 22.1306 2.41097 4.59214 4.4054 
Latency(us)/Energy(mJ): 68 0 0 0 0 
Latency(us)/Energy(mJ): 509 1.02014 0.156511 0.196023 0.206286 
Latency(us)/Energy(mJ): 228 0.62541 0.094794 0.118726 0.127075 
Latency(us)/Energy(mJ): 9953 21.9106 4.56238 3.79408 4.56388 
Latency(us)/Energy(mJ): 64 0.195525 0.0504075 0.031515 0.041085 
Latency(us)/Energy(mJ): 397 0.980114 0.252679 0.157976 0.205948 
Latency(us)/Energy(mJ): 162 0.273854 0.070601 0.0441401 0.0575439 
Latency(us)/Energy(mJ): 6031 14.8916 3.85215 2.31933 3.02363 
Latency(us)/Energy(mJ): 60 0.228962 0.062436 0.0346665 0.0451935 
Latency(us)/Energy(mJ): 3927 9.99442 2.84366 1.48552 1.93662 
Latency(us)/Energy(mJ): 57 0 0 0 0 
Latency(us)/Energy(mJ): 3852 10.267 2.97345 1.48672 1.93819 
Latency(us)/Energy(mJ): 55 0.303502 0.0878982 0.0439491 0.0572949 
Latency(us)/Energy(mJ): 83 0.223834 0.0648254 0.0324127 0.0422553 
Latency(us)/Energy(mJ): 6679 16.6727 4.61947 2.47887 3.29168 
Latency(us)/Energy(mJ): 69 0 0 0 0 
Latency(us)/Energy(mJ): 5 0 0 0 0 
Latency(us)/Energy(mJ): 35991 101.451 24.8726 13.8488 24.7699 
Latency(us)/Energy(mJ): 66 0.246199 0.0517822 0.0323745 0.0649185 
Latency(us)/Energy(mJ): 2 0 0 0 0 
Latency(us)/Energy(mJ): 14274 41.8823 9.52296 5.43565 11.2177 
Latency(us)/Energy(mJ): 417 1.50928 0.309349 0.193407 0.407571 
0.3094 - "n02124075 Egyptian cat"
0.1761 - "n02123159 tiger cat"
0.1221 - "n02123045 tabby, tabby cat"
0.1132 - "n02119022 red fox, Vulpes vulpes"
0.0421 - "n02085620 Chihuahua"
