loading weight: /home/nvidia/caffe-build/models/bvlc_alexnet/bvlc_alexnet.caffemodel
loading prototxt: /home/nvidia/caffe-build/models/bvlc_alexnet/deploy.prototxt
---------- Prediction for /home/nvidia/Downloads/ILSVRC2012_img_train_t3/n02085620/n02085620_1152.JPEG ----------
Latency(us)/Energy(mJ): 0 0 0 0 0 
Latency(us)/Energy(mJ): 365928 1247.41 83.7708 139.642 415.083 
Latency(us)/Energy(mJ): 2361 8.19245 0.547374 0.913087 2.71305 
Latency(us)/Energy(mJ): 365754 1243.5 83.7296 112.774 413.228 
Latency(us)/Energy(mJ): 25822 87.8883 5.9178 7.88178 29.6836 
Latency(us)/Energy(mJ): 751123 2564.43 171.961 286.29 853.302 
Latency(us)/Energy(mJ): 1482 5.05831 0.340592 0.568149 1.68065 
Latency(us)/Energy(mJ): 1406314 4687.36 321.97 465.147 1562.2 
Latency(us)/Energy(mJ): 13169 44.3149 3.01841 4.02016 14.6439 
Latency(us)/Energy(mJ): 503721 1714.18 115.321 191.456 572.57 
Latency(us)/Energy(mJ): 515 1.76702 0.118979 0.198472 0.587103 
Latency(us)/Energy(mJ): 384853 1314.81 88.1025 146.966 441.384 
Latency(us)/Energy(mJ): 518 1.92225 0.129431 0.215906 0.638676 
Latency(us)/Energy(mJ): 255296 874.314 58.4431 97.4903 293.484 
Latency(us)/Energy(mJ): 343 1.22232 0.0823026 0.137291 0.411687 
Latency(us)/Energy(mJ): 3230 10.9549 0.737627 1.23045 3.63982 
Latency(us)/Energy(mJ): 446083 1601 102.133 170.37 545.884 
Latency(us)/Energy(mJ): 33 0.12827 0.0081753 0.0136374 0.0437682 
Latency(us)/Energy(mJ): 2 0 0 0 0 
Latency(us)/Energy(mJ): 198445 713.195 45.4306 75.7838 243.222 
Latency(us)/Energy(mJ): 35 0.16305 0.010392 0.0173352 0.0556359 
Latency(us)/Energy(mJ): 5 0 0 0 0 
Latency(us)/Energy(mJ): 48126 172.911 11.0205 18.3835 59.0005 
Latency(us)/Energy(mJ): 346 1.28874 0.0821377 0.137016 0.436669 
0.5948 - "n02085620 Chihuahua"
0.0656 - "n02110806 basenji"
0.0383 - "n02113023 Pembroke, Pembroke Welsh corgi"
0.0311 - "n02091244 Ibizan hound, Ibizan Podenco"
0.0298 - "n02389026 sorrel"
