loading weight: /home/nvidia/caffe-build/models/bvlc_alexnet/bvlc_alexnet.caffemodel
loading prototxt: /home/nvidia/caffe-build/models/bvlc_alexnet/deploy.prototxt
---------- Prediction for /home/nvidia/Downloads/ILSVRC2012_img_train_t3/n02085620/n02085620_1152.JPEG ----------
Latency(us)/Energy(mJ): 0 0 0 0 0 
Latency(us)/Energy(mJ): 240 1.24879 0.0396887 0.428804 0.33051 
Latency(us)/Energy(mJ): 22 0 0 0 0 
Latency(us)/Energy(mJ): 57 0.405226 0.0164662 0.137796 0.106524 
Latency(us)/Energy(mJ): 53 0.405331 0.0218807 0.13688 0.105816 
Latency(us)/Energy(mJ): 1255 7.36305 0.664527 2.35413 1.87216 
Latency(us)/Energy(mJ): 19 0.280986 0.0344571 0.0861653 0.0709464 
Latency(us)/Energy(mJ): 43 0.172275 0.0209978 0.0525082 0.0432339 
Latency(us)/Energy(mJ): 40 0.282827 0.0344723 0.0862034 0.0709778 
Latency(us)/Energy(mJ): 1459 9.69393 1.54325 2.72982 2.34782 
Latency(us)/Energy(mJ): 22 0 0 0 0 
Latency(us)/Energy(mJ): 1211 8.83693 1.74572 2.24539 2.1508 
Latency(us)/Energy(mJ): 33 0 0 0 0 
Latency(us)/Energy(mJ): 799 6.45751 1.4277 1.47458 1.60408 
Latency(us)/Energy(mJ): 32 0.212296 0.0494466 0.0473661 0.0532564 
Latency(us)/Energy(mJ): 41 0.356854 0.082716 0.0792356 0.0890892 
Latency(us)/Energy(mJ): 694 5.40578 1.25306 1.18654 1.35982 
Latency(us)/Energy(mJ): 24 0.365164 0.0826428 0.0791655 0.0933006 
Latency(us)/Energy(mJ): 1 0 0 0 0 
Latency(us)/Energy(mJ): 4934 45.2425 10.3253 8.36823 12.9317 
Latency(us)/Energy(mJ): 25 0 0 0 0 
Latency(us)/Energy(mJ): 0 0 0 0 0 
Latency(us)/Energy(mJ): 2183 22.8003 5.14869 3.56446 7.09549 
Latency(us)/Energy(mJ): 33 0.285115 0.0637672 0.043205 0.0899496 
0.5948 - "n02085620 Chihuahua"
0.0656 - "n02110806 basenji"
0.0383 - "n02113023 Pembroke, Pembroke Welsh corgi"
0.0311 - "n02091244 Ibizan hound, Ibizan Podenco"
0.0298 - "n02389026 sorrel"
