loading weight: /home/nvidia/caffe-build/models/bvlc_alexnet/bvlc_alexnet.caffemodel
loading prototxt: /home/nvidia/caffe-build/models/bvlc_alexnet/deploy.prototxt
---------- Prediction for /home/nvidia/caffe-build/examples/images/cat.jpg ----------
Latency(us)/Energy(mJ): 0 0 0 0 0 
Latency(us)/Energy(mJ): 2900 9.58117 0.586187 3.96675 1.84615 
Latency(us)/Energy(mJ): 41 0.402057 0.0427458 0.153862 0.077211 
Latency(us)/Energy(mJ): 285 1.00936 0.106521 0.383419 0.197705 
Latency(us)/Energy(mJ): 119 0.410666 0.0432042 0.155512 0.0801879 
Latency(us)/Energy(mJ): 3241 12.4382 1.64882 4.47673 2.46218 
Latency(us)/Energy(mJ): 30 0 0 0 0 
Latency(us)/Energy(mJ): 194 0.81 0.1374 0.268411 0.161 
Latency(us)/Energy(mJ): 100 0.453195 0.0768753 0.145358 0.0900795 
Latency(us)/Energy(mJ): 2334 9.83534 1.80292 3.09032 1.95114 
Latency(us)/Energy(mJ): 32 0 0 0 0 
Latency(us)/Energy(mJ): 1687 7.18296 1.52255 2.16823 1.39577 
Latency(us)/Energy(mJ): 29 0.494432 0.11165 0.14609 0.0948797 
Latency(us)/Energy(mJ): 1425 6.16062 1.44091 1.80561 1.17249 
Latency(us)/Energy(mJ): 22 0 0 0 0 
Latency(us)/Energy(mJ): 40 0.379726 0.0908115 0.110265 0.0716128 
Latency(us)/Energy(mJ): 2145 9.30877 2.1776 2.68877 1.80943 
Latency(us)/Energy(mJ): 21 0.38318 0.090865 0.10387 0.0782 
Latency(us)/Energy(mJ): 2 0 0 0 0 
Latency(us)/Energy(mJ): 8662 43.5901 10.2486 10.549 10.4362 
Latency(us)/Energy(mJ): 22 0 0 0 0 
Latency(us)/Energy(mJ): 3 0.467965 0.110375 0.103907 0.123906 
Latency(us)/Energy(mJ): 3713 20.7856 4.92529 4.30585 5.6812 
Latency(us)/Energy(mJ): 171 1.15257 0.272746 0.227454 0.323005 
0.3094 - "n02124075 Egyptian cat"
0.1761 - "n02123159 tiger cat"
0.1221 - "n02123045 tabby, tabby cat"
0.1132 - "n02119022 red fox, Vulpes vulpes"
0.0421 - "n02085620 Chihuahua"
