loading weight: /home/nvidia/caffe-build/models/bvlc_alexnet/bvlc_alexnet.caffemodel
loading prototxt: /home/nvidia/caffe-build/models/bvlc_alexnet/deploy.prototxt
---------- Prediction for /home/nvidia/Downloads/ILSVRC2012_img_train_t3/n02085620/n02085620_1152.JPEG ----------
Latency(us)/Energy(mJ): 0 0 0 0 0 
Latency(us)/Energy(mJ): 313 1.26765 0.0498952 0.143354 0.455728 
Latency(us)/Energy(mJ): 33 0 0 0 0 
Latency(us)/Energy(mJ): 69 0.310034 0.0173674 0.0347347 0.110423 
Latency(us)/Energy(mJ): 64 0.310935 0.0172574 0.0345149 0.109724 
Latency(us)/Energy(mJ): 1972 8.70389 0.859335 0.910687 2.97693 
Latency(us)/Energy(mJ): 32 0.139185 0.0184033 0.013795 0.046686 
Latency(us)/Energy(mJ): 59 0.209331 0.0276783 0.0207474 0.070215 
Latency(us)/Energy(mJ): 58 0.350696 0.0461427 0.0345882 0.117056 
Latency(us)/Energy(mJ): 2406 11.6036 1.93376 1.09461 3.71104 
Latency(us)/Energy(mJ): 33 0.15365 0.0279197 0.0139598 0.0484022 
Latency(us)/Energy(mJ): 1865 9.96087 1.98947 0.855755 3.14231 
Latency(us)/Energy(mJ): 44 0.252791 0.0518918 0.0207749 0.0798336 
Latency(us)/Energy(mJ): 1344 7.71887 1.67884 0.616477 2.45276 
Latency(us)/Energy(mJ): 41 0.177899 0.0392472 0.0138591 0.0567375 
Latency(us)/Energy(mJ): 50 0.44069 0.0972231 0.0343317 0.14055 
Latency(us)/Energy(mJ): 1050 6.28266 1.40823 0.481193 2.01449 
Latency(us)/Energy(mJ): 38 0.27767 0.0624166 0.0208207 0.0904654 
Latency(us)/Energy(mJ): 0 0 0 0 0 
Latency(us)/Energy(mJ): 6501 46.0581 9.58451 2.96725 16.3577 
Latency(us)/Energy(mJ): 35 0.234883 0.048094 0.0137283 0.0873563 
Latency(us)/Energy(mJ): 0 0 0 0 0 
Latency(us)/Energy(mJ): 2896 23.4105 4.65932 1.33027 8.83562 
Latency(us)/Energy(mJ): 47 0.373783 0.07296 0.0208392 0.143093 
0.5948 - "n02085620 Chihuahua"
0.0656 - "n02110806 basenji"
0.0383 - "n02113023 Pembroke, Pembroke Welsh corgi"
0.0311 - "n02091244 Ibizan hound, Ibizan Podenco"
0.0298 - "n02389026 sorrel"
