loading weight: /home/nvidia/caffe-build/models/bvlc_alexnet/bvlc_alexnet.caffemodel
loading prototxt: /home/nvidia/caffe-build/models/bvlc_alexnet/deploy.prototxt
---------- Prediction for /home/nvidia/Downloads/ILSVRC2012_img_train_t3/n02085620/n02085620_1152.JPEG ----------
Latency(us)/Energy(mJ): 0 0 0 0 0 
Latency(us)/Energy(mJ): 275 1.11688 0.0417483 0.125794 0.405123 
Latency(us)/Energy(mJ): 27 0.116426 0.00432896 0.0130438 0.042008 
Latency(us)/Energy(mJ): 54 0.18723 0.0104882 0.0209764 0.067555 
Latency(us)/Energy(mJ): 53 0.118581 0.00658146 0.0131629 0.0423915 
Latency(us)/Energy(mJ): 2381 10.3726 0.964113 1.09086 3.57634 
Latency(us)/Energy(mJ): 26 0.208205 0.0242543 0.0208024 0.0694926 
Latency(us)/Energy(mJ): 43 0.134924 0.015721 0.0134835 0.0450432 
Latency(us)/Energy(mJ): 47 0.341892 0.0455806 0.0341668 0.114138 
Latency(us)/Energy(mJ): 3001 14.2913 2.31102 1.36507 4.56604 
Latency(us)/Energy(mJ): 27 0.223876 0.0413116 0.0206558 0.069905 
Latency(us)/Energy(mJ): 2217 11.4214 2.19593 1.0023 3.60712 
Latency(us)/Energy(mJ): 34 0.404122 0.0795874 0.0341302 0.128323 
Latency(us)/Energy(mJ): 1635 9.13951 1.91492 0.750351 2.92457 
Latency(us)/Energy(mJ): 34 0 0 0 0 
Latency(us)/Energy(mJ): 41 0.423984 0.0910133 0.0341393 0.13693 
Latency(us)/Energy(mJ): 1386 8.04318 1.70764 0.636272 2.60242 
Latency(us)/Energy(mJ): 29 0.176723 0.0367033 0.0137675 0.0580759 
Latency(us)/Energy(mJ): 0 0 0 0 0 
Latency(us)/Energy(mJ): 7626 51.9151 10.219 3.47305 18.6808 
Latency(us)/Energy(mJ): 31 0.340906 0.0625632 0.0208392 0.129139 
Latency(us)/Energy(mJ): 0 0 0 0 0 
Latency(us)/Energy(mJ): 3368 26.0491 4.8677 1.54453 9.92909 
Latency(us)/Energy(mJ): 39 0.359379 0.0662315 0.0209032 0.138272 
0.5948 - "n02085620 Chihuahua"
0.0656 - "n02110806 basenji"
0.0383 - "n02113023 Pembroke, Pembroke Welsh corgi"
0.0311 - "n02091244 Ibizan hound, Ibizan Podenco"
0.0298 - "n02389026 sorrel"
