loading weight: /home/nvidia/caffe-build/models/bvlc_alexnet/bvlc_alexnet.caffemodel
loading prototxt: /home/nvidia/caffe-build/models/bvlc_alexnet/deploy.prototxt
---------- Prediction for /home/nvidia/Downloads/ILSVRC2012_img_train_t3/n02085620/n02085620_1152.JPEG ----------
Latency(us)/Energy(mJ): 0 0 0 0 0 
Latency(us)/Energy(mJ): 679 2.42806 0.14444 0.203722 0.86252 
Latency(us)/Energy(mJ): 87 0.327953 0.0326228 0.026047 0.112117 
Latency(us)/Energy(mJ): 172 0.667922 0.075406 0.0522587 0.226511 
Latency(us)/Energy(mJ): 166 0.691211 0.0893772 0.0528077 0.229798 
Latency(us)/Energy(mJ): 1198 5.13616 0.853047 0.362578 1.65991 
Latency(us)/Energy(mJ): 85 0.390534 0.0777134 0.0258762 0.121159 
Latency(us)/Energy(mJ): 143 0.796549 0.169553 0.0521306 0.245612 
Latency(us)/Energy(mJ): 153 0.585932 0.129512 0.0378383 0.178274 
Latency(us)/Energy(mJ): 975 4.82014 1.14017 0.298619 1.44453 
Latency(us)/Energy(mJ): 90 0.642837 0.160906 0.0378383 0.194153 
Latency(us)/Energy(mJ): 1293 7.11875 1.92684 0.389058 2.15096 
Latency(us)/Energy(mJ): 90 0.50689 0.142916 0.0259616 0.153046 
Latency(us)/Energy(mJ): 751 4.6733 1.33734 0.233551 1.41038 
Latency(us)/Energy(mJ): 85 0.531224 0.155294 0.0258823 0.159113 
Latency(us)/Energy(mJ): 104 0.810201 0.23792 0.0396317 0.243638 
Latency(us)/Energy(mJ): 1354 7.9645 2.22202 0.401947 2.41852 
Latency(us)/Energy(mJ): 95 0.798815 0.219109 0.0398025 0.250507 
Latency(us)/Energy(mJ): 1 0 0 0 0 
Latency(us)/Energy(mJ): 4906 35.9836 9.42459 1.487 12.1973 
Latency(us)/Energy(mJ): 95 1.0939 0.278743 0.0398391 0.387419 
Latency(us)/Energy(mJ): 1 0 0 0 0 
Latency(us)/Energy(mJ): 2118 18.4777 4.7194 0.645375 6.61949 
Latency(us)/Energy(mJ): 111 1.11539 0.283249 0.0376838 0.404849 
0.5948 - "n02085620 Chihuahua"
0.0656 - "n02110806 basenji"
0.0383 - "n02113023 Pembroke, Pembroke Welsh corgi"
0.0311 - "n02091244 Ibizan hound, Ibizan Podenco"
0.0298 - "n02389026 sorrel"
