loading weight: /home/nvidia/caffe-build/models/bvlc_alexnet/bvlc_alexnet.caffemodel
loading prototxt: /home/nvidia/caffe-build/models/bvlc_alexnet/deploy.prototxt
---------- Prediction for /home/nvidia/Downloads/ILSVRC2012_img_train_t3/n02085620/n02085620_1152.JPEG ----------
Latency(us)/Energy(mJ): 0 0 0 0 0 
Latency(us)/Energy(mJ): 595 2.15809 0.101123 0.222507 0.77228 
Latency(us)/Energy(mJ): 76 0.307704 0.0186314 0.0310795 0.109104 
Latency(us)/Energy(mJ): 133 0.487772 0.0294265 0.049087 0.172319 
Latency(us)/Energy(mJ): 138 0.451906 0.0333257 0.0451906 0.15864 
Latency(us)/Energy(mJ): 2347 9.65877 1.08441 0.899465 3.26522 
Latency(us)/Energy(mJ): 73 0.354253 0.0501387 0.0313469 0.11792 
Latency(us)/Energy(mJ): 115 0.554827 0.0778414 0.0486668 0.183074 
Latency(us)/Energy(mJ): 122 0.516403 0.0784661 0.0451753 0.16994 
Latency(us)/Energy(mJ): 2642 12.1761 2.1667 1.01639 3.86121 
Latency(us)/Energy(mJ): 81 0.390609 0.0749471 0.0311734 0.123875 
Latency(us)/Energy(mJ): 2335 11.6655 2.39081 0.882106 3.72562 
Latency(us)/Energy(mJ): 88 0.430875 0.0936152 0.0311506 0.137602 
Latency(us)/Energy(mJ): 1588 8.79305 1.92592 0.61818 2.83136 
Latency(us)/Energy(mJ): 84 0.452099 0.0997313 0.0311201 0.146162 
Latency(us)/Energy(mJ): 106 0.455537 0.0998045 0.0311429 0.146969 
Latency(us)/Energy(mJ): 1261 7.23637 1.58506 0.49354 2.35267 
Latency(us)/Energy(mJ): 79 0.463438 0.0997801 0.0311353 0.154085 
Latency(us)/Energy(mJ): 2 0 0 0 0 
Latency(us)/Energy(mJ): 7586 50.468 10.0182 2.88982 18.3729 
Latency(us)/Energy(mJ): 79 0.598289 0.112092 0.0311277 0.22974 
Latency(us)/Energy(mJ): 1 0 0 0 0 
Latency(us)/Energy(mJ): 3322 24.9321 4.65473 1.25999 9.65797 
Latency(us)/Energy(mJ): 97 0.913197 0.171617 0.0451561 0.357599 
0.5948 - "n02085620 Chihuahua"
0.0656 - "n02110806 basenji"
0.0383 - "n02113023 Pembroke, Pembroke Welsh corgi"
0.0311 - "n02091244 Ibizan hound, Ibizan Podenco"
0.0298 - "n02389026 sorrel"
