loading weight: /home/nvidia/caffe-build/models/bvlc_alexnet/bvlc_alexnet.caffemodel
loading prototxt: /home/nvidia/caffe-build/models/bvlc_alexnet/deploy.prototxt
---------- Prediction for /home/nvidia/Downloads/ILSVRC2012_img_train_t3/n02085620/n02085620_1152.JPEG ----------
Latency(us)/Energy(mJ): 0 0 0 0 0 
Latency(us)/Energy(mJ): 285 1.17589 0.0714561 0.153055 0.410784 
Latency(us)/Energy(mJ): 34 0.131132 0.0117805 0.0165113 0.044432 
Latency(us)/Energy(mJ): 70 0.324133 0.0308056 0.0399539 0.108938 
Latency(us)/Energy(mJ): 65 0.204802 0.021352 0.0248951 0.0678787 
Latency(us)/Energy(mJ): 977 4.77545 0.823591 0.527774 1.48289 
Latency(us)/Energy(mJ): 34 0.161789 0.0351515 0.0163938 0.047585 
Latency(us)/Energy(mJ): 54 0.242209 0.0561172 0.0245426 0.071238 
Latency(us)/Energy(mJ): 61 0.401173 0.095279 0.0401888 0.116653 
Latency(us)/Energy(mJ): 982 5.70654 1.60006 0.527539 1.55979 
Latency(us)/Energy(mJ): 36 0.19028 0.0566878 0.0165326 0.0509292 
Latency(us)/Energy(mJ): 988 6.56056 2.15352 0.518706 1.74076 
Latency(us)/Energy(mJ): 44 0.32192 0.110724 0.0207295 0.08505 
Latency(us)/Energy(mJ): 633 4.72559 1.692 0.292754 1.24426 
Latency(us)/Energy(mJ): 41 0.346159 0.128017 0.0207387 0.0911684 
Latency(us)/Energy(mJ): 47 0.236419 0.0869996 0.0140939 0.0619576 
Latency(us)/Energy(mJ): 707 5.63107 2.06754 0.334003 1.48562 
Latency(us)/Energy(mJ): 39 0.237165 0.0859841 0.0139294 0.0635508 
Latency(us)/Energy(mJ): 1 0 0 0 0 
Latency(us)/Energy(mJ): 4545 41.2631 14.538 2.19152 11.9917 
Latency(us)/Energy(mJ): 39 0.461357 0.158896 0.0207295 0.140616 
Latency(us)/Energy(mJ): 0 0 0 0 0 
Latency(us)/Energy(mJ): 2029 21.499 7.37712 0.997075 6.64362 
Latency(us)/Energy(mJ): 49 0.332441 0.114213 0.0163205 0.10371 
0.5948 - "n02085620 Chihuahua"
0.0656 - "n02110806 basenji"
0.0383 - "n02113023 Pembroke, Pembroke Welsh corgi"
0.0311 - "n02091244 Ibizan hound, Ibizan Podenco"
0.0298 - "n02389026 sorrel"
