loading weight: /home/nvidia/caffe-build/models/bvlc_alexnet/bvlc_alexnet.caffemodel
loading prototxt: /home/nvidia/caffe-build/models/bvlc_alexnet/deploy.prototxt
---------- Prediction for /home/nvidia/Downloads/ILSVRC2012_img_train_t3/n02085620/n02085620_1152.JPEG ----------
Latency(us)/Energy(mJ): 0 0 0 0 0 
Latency(us)/Energy(mJ): 372 1.37712 0.0542427 0.136321 0.512808 
Latency(us)/Energy(mJ): 33 0.119014 0.00464208 0.0116663 0.043886 
Latency(us)/Energy(mJ): 67 0.299445 0.0116797 0.0293529 0.110419 
Latency(us)/Energy(mJ): 64 0.297731 0.0139906 0.0291848 0.109787 
Latency(us)/Energy(mJ): 4166 17.0487 1.58282 1.58515 5.93902 
Latency(us)/Energy(mJ): 32 0.139266 0.0172268 0.0123233 0.0469706 
Latency(us)/Energy(mJ): 50 0.190466 0.0235601 0.0168538 0.0642387 
Latency(us)/Energy(mJ): 57 0.324638 0.0401568 0.0287264 0.1094 
Latency(us)/Energy(mJ): 5350 23.7245 3.62101 2.04119 7.72359 
Latency(us)/Energy(mJ): 34 0.204297 0.0342892 0.0171221 0.0653428 
Latency(us)/Energy(mJ): 3875 18.1609 3.12268 1.46098 5.89466 
Latency(us)/Energy(mJ): 43 0.365231 0.0626901 0.0284683 0.120075 
Latency(us)/Energy(mJ): 2892 14.4044 2.62568 1.10088 4.73928 
Latency(us)/Energy(mJ): 41 0.232793 0.0423009 0.0175946 0.0768435 
Latency(us)/Energy(mJ): 50 0.155263 0.0282128 0.0117348 0.0512512 
Latency(us)/Energy(mJ): 2549 13.0491 2.34009 0.973333 4.34621 
Latency(us)/Energy(mJ): 37 0.159186 0.0282861 0.0117653 0.0543488 
Latency(us)/Energy(mJ): 1 0 0 0 0 
Latency(us)/Energy(mJ): 13179 78.7021 12.2716 5.02928 29.3688 
Latency(us)/Energy(mJ): 36 0.193928 0.0278343 0.01159 0.0756545 
Latency(us)/Energy(mJ): 0 0 0 0 0 
Latency(us)/Energy(mJ): 5817 37.8839 5.32848 2.21875 14.8942 
Latency(us)/Energy(mJ): 44 0.203971 0.0282735 0.0117729 0.0804018 
0.5948 - "n02085620 Chihuahua"
0.0656 - "n02110806 basenji"
0.0383 - "n02113023 Pembroke, Pembroke Welsh corgi"
0.0311 - "n02091244 Ibizan hound, Ibizan Podenco"
0.0298 - "n02389026 sorrel"
