loading weight: /home/nvidia/caffe-build/models/bvlc_alexnet/bvlc_alexnet.caffemodel
loading prototxt: /home/nvidia/caffe-build/models/bvlc_alexnet/deploy.prototxt
---------- Prediction for /home/nvidia/Downloads/ILSVRC2012_img_train_t3/n02085620/n02085620_1152.JPEG ----------
Latency(us)/Energy(mJ): 0 0 0 0 0 
Latency(us)/Energy(mJ): 1765 5.76873 0.368665 0.372652 2.10053 
Latency(us)/Energy(mJ): 244 0.937036 0.0955688 0.0572912 0.329167 
Latency(us)/Energy(mJ): 898 3.46265 0.400925 0.204909 1.19549 
Latency(us)/Energy(mJ): 679 2.71945 0.328607 0.158179 0.941018 
Latency(us)/Energy(mJ): 2541 10.2563 1.48776 0.57872 3.462 
Latency(us)/Energy(mJ): 239 1.06624 0.190689 0.0572317 0.34489 
Latency(us)/Energy(mJ): 653 2.8282 0.533416 0.149574 0.911564 
Latency(us)/Energy(mJ): 579 2.67832 0.512131 0.139617 0.864526 
Latency(us)/Energy(mJ): 1656 7.27991 1.38093 0.37731 2.36647 
Latency(us)/Energy(mJ): 252 1.15655 0.228963 0.0572408 0.37917 
Latency(us)/Energy(mJ): 2767 13.4584 2.7926 0.630982 4.4514 
Latency(us)/Energy(mJ): 232 1.27371 0.280421 0.0573645 0.423972 
Latency(us)/Energy(mJ): 2083 10.6092 2.26014 0.484619 3.53963 
Latency(us)/Energy(mJ): 239 1.25308 0.266509 0.0571447 0.419853 
Latency(us)/Energy(mJ): 280 1.42928 0.306815 0.0657871 0.478202 
Latency(us)/Energy(mJ): 8581 37.3664 5.98152 1.96143 12.8543 
Latency(us)/Energy(mJ): 257 1.08105 0.145301 0.056847 0.392124 
Latency(us)/Energy(mJ): 4 0.203606 0.0280693 0.0105203 0.0739634 
Latency(us)/Energy(mJ): 7396 42.0474 6.75068 1.68775 16.2473 
Latency(us)/Energy(mJ): 257 1.65728 0.286114 0.0570228 0.658696 
Latency(us)/Energy(mJ): 3 0.297162 0.0512054 0.0102053 0.118166 
Latency(us)/Energy(mJ): 3153 21.8112 3.75087 0.715656 8.74682 
Latency(us)/Energy(mJ): 295 2.05291 0.349115 0.0652445 0.828318 
0.5948 - "n02085620 Chihuahua"
0.0656 - "n02110806 basenji"
0.0383 - "n02113023 Pembroke, Pembroke Welsh corgi"
0.0311 - "n02091244 Ibizan hound, Ibizan Podenco"
0.0298 - "n02389026 sorrel"
