loading weight: /home/nvidia/caffe-build/models/bvlc_alexnet/bvlc_alexnet.caffemodel
loading prototxt: /home/nvidia/caffe-build/models/bvlc_alexnet/deploy.prototxt
---------- Prediction for /home/nvidia/Downloads/ILSVRC2012_img_train_t3/n02085620/n02085620_1152.JPEG ----------
Latency(us)/Energy(mJ): 0 0 0 0 0 
Latency(us)/Energy(mJ): 233 1.20122 0.0429716 0.352004 0.340017 
Latency(us)/Energy(mJ): 20 0 0 0 0 
Latency(us)/Energy(mJ): 61 0.393429 0.0226066 0.113181 0.109327 
Latency(us)/Energy(mJ): 44 0.241746 0.0137921 0.0690509 0.0666995 
Latency(us)/Energy(mJ): 1085 6.17178 0.601548 1.64843 1.64292 
Latency(us)/Energy(mJ): 17 0 0 0 0 
Latency(us)/Energy(mJ): 41 0.452928 0.0630089 0.114678 0.117982 
Latency(us)/Energy(mJ): 35 0 0 0 0 
Latency(us)/Energy(mJ): 1227 7.99069 1.48583 1.85521 1.98379 
Latency(us)/Energy(mJ): 24 0.199868 0.0431222 0.043152 0.0490445 
Latency(us)/Energy(mJ): 1045 7.51266 1.77167 1.52475 1.84744 
Latency(us)/Energy(mJ): 35 0.340685 0.086418 0.0656977 0.084151 
Latency(us)/Energy(mJ): 706 5.46704 1.47375 1.01856 1.35679 
Latency(us)/Energy(mJ): 32 0.361411 0.0997603 0.0653338 0.0897888 
Latency(us)/Energy(mJ): 40 0.237416 0.065534 0.0429187 0.0589836 
Latency(us)/Energy(mJ): 656 5.22744 1.48246 0.888556 1.31078 
Latency(us)/Energy(mJ): 24 0.244271 0.0681228 0.0408856 0.062133 
Latency(us)/Energy(mJ): 1 0 0 0 0 
Latency(us)/Energy(mJ): 4756 44.7144 12.4497 6.3874 12.5916 
Latency(us)/Energy(mJ): 23 0.307449 0.0838903 0.0385651 0.092318 
Latency(us)/Energy(mJ): 0 0 0 0 0 
Latency(us)/Energy(mJ): 2043 21.5399 5.93672 2.62011 6.57166 
Latency(us)/Energy(mJ): 31 0.494601 0.134332 0.0585664 0.153296 
0.5948 - "n02085620 Chihuahua"
0.0656 - "n02110806 basenji"
0.0383 - "n02113023 Pembroke, Pembroke Welsh corgi"
0.0311 - "n02091244 Ibizan hound, Ibizan Podenco"
0.0298 - "n02389026 sorrel"
