loading weight: /home/nvidia/caffe-build/models/bvlc_alexnet/bvlc_alexnet.caffemodel
loading prototxt: /home/nvidia/caffe-build/models/bvlc_alexnet/deploy.prototxt
---------- Prediction for /home/nvidia/Downloads/ILSVRC2012_img_train_t3/n02085620/n02085620_1152.JPEG ----------
Latency(us)/Energy(mJ): 0 0 0 0 0 
Latency(us)/Energy(mJ): 325 0.893198 0.029865 0.165043 0.301204 
Latency(us)/Energy(mJ): 27 0.12256 0.00409792 0.0226464 0.0413297 
Latency(us)/Energy(mJ): 147 0.659739 0.0239987 0.121212 0.221212 
Latency(us)/Energy(mJ): 108 0.542196 0.0270861 0.0993552 0.181323 
Latency(us)/Energy(mJ): 4067 19.0552 1.56263 3.38043 6.14338 
Latency(us)/Energy(mJ): 29 0.352914 0.0385548 0.060648 0.110466 
Latency(us)/Energy(mJ): 104 0.352229 0.03848 0.0605304 0.110331 
Latency(us)/Energy(mJ): 91 0.57913 0.0632683 0.0995232 0.18163 
Latency(us)/Energy(mJ): 5306 26.3487 3.57747 4.13957 7.97505 
Latency(us)/Energy(mJ): 25 0 0 0 0 
Latency(us)/Energy(mJ): 3853 20.1074 3.12736 2.94268 6.07047 
Latency(us)/Energy(mJ): 39 0.224746 0.0352716 0.0320765 0.068357 
Latency(us)/Energy(mJ): 2876 15.7716 2.63267 2.21314 4.84306 
Latency(us)/Energy(mJ): 33 0.147923 0.0246404 0.0205247 0.0458107 
Latency(us)/Energy(mJ): 43 0.248225 0.0413482 0.0344418 0.0768734 
Latency(us)/Energy(mJ): 2615 14.5637 2.39069 1.99318 4.56003 
Latency(us)/Energy(mJ): 31 0.255945 0.0414495 0.0345639 0.0814494 
Latency(us)/Energy(mJ): 1 0 0 0 0 
Latency(us)/Energy(mJ): 13187 84.2828 12.2213 10.0403 29.6548 
Latency(us)/Energy(mJ): 32 0.309036 0.0416325 0.0347165 0.113158 
Latency(us)/Energy(mJ): 0 0 0 0 0 
Latency(us)/Energy(mJ): 5822 40.1712 5.31201 4.42958 14.9113 
Latency(us)/Energy(mJ): 41 0.510286 0.0665022 0.0554548 0.190494 
0.5948 - "n02085620 Chihuahua"
0.0656 - "n02110806 basenji"
0.0383 - "n02113023 Pembroke, Pembroke Welsh corgi"
0.0311 - "n02091244 Ibizan hound, Ibizan Podenco"
0.0298 - "n02389026 sorrel"
