loading weight: /home/nvidia/caffe-build/models/bvlc_alexnet/bvlc_alexnet.caffemodel
loading prototxt: /home/nvidia/caffe-build/models/bvlc_alexnet/deploy.prototxt
---------- Prediction for /home/nvidia/Downloads/ILSVRC2012_img_train_t3/n02085620/n02085620_1152.JPEG ----------
Latency(us)/Energy(mJ): 0 0 0 0 0 
Latency(us)/Energy(mJ): 239 0.955207 0.0581918 0.105166 0.340166 
Latency(us)/Energy(mJ): 26 0 0 0 0 
Latency(us)/Energy(mJ): 54 0.320494 0.030503 0.0340019 0.110989 
Latency(us)/Energy(mJ): 58 0.336706 0.034982 0.034982 0.114188 
Latency(us)/Energy(mJ): 935 4.62383 0.847843 0.429613 1.44793 
Latency(us)/Energy(mJ): 25 0 0 0 0 
Latency(us)/Energy(mJ): 48 0.406047 0.0973788 0.0343866 0.119377 
Latency(us)/Energy(mJ): 49 0.162897 0.0410002 0.0136667 0.0474456 
Latency(us)/Energy(mJ): 975 5.76505 1.73055 0.442757 1.56751 
Latency(us)/Energy(mJ): 30 0.326527 0.109406 0.0234075 0.0862033 
Latency(us)/Energy(mJ): 902 6.41954 2.29139 0.42416 1.66333 
Latency(us)/Energy(mJ): 35 0.336063 0.12813 0.0207569 0.0860255 
Latency(us)/Energy(mJ): 624 4.84533 1.89658 0.285406 1.22388 
Latency(us)/Energy(mJ): 38 0.365862 0.145517 0.0207752 0.0921929 
Latency(us)/Energy(mJ): 44 0.238052 0.0942374 0.0134541 0.0597043 
Latency(us)/Energy(mJ): 648 5.29305 2.11792 0.294728 1.33242 
Latency(us)/Energy(mJ): 32 0.247709 0.0985722 0.0137466 0.0638899 
Latency(us)/Energy(mJ): 0 0 0 0 0 
Latency(us)/Energy(mJ): 4583 44.3739 17.0431 2.10722 12.332 
Latency(us)/Energy(mJ): 31 0 0 0 0 
Latency(us)/Energy(mJ): 0 0 0 0 0 
Latency(us)/Energy(mJ): 1997 22.2559 8.30265 0.916259 6.58342 
Latency(us)/Energy(mJ): 39 0.516879 0.193449 0.0207024 0.154632 
0.5948 - "n02085620 Chihuahua"
0.0656 - "n02110806 basenji"
0.0383 - "n02113023 Pembroke, Pembroke Welsh corgi"
0.0311 - "n02091244 Ibizan hound, Ibizan Podenco"
0.0298 - "n02389026 sorrel"
