loading weight: /home/nvidia/caffe-build/models/bvlc_alexnet/bvlc_alexnet.caffemodel
loading prototxt: /home/nvidia/caffe-build/models/bvlc_alexnet/deploy.prototxt
---------- Prediction for /home/nvidia/caffe-build/examples/images/cat.jpg ----------
Latency(us)/Energy(mJ): 0 0 0 0 0 
Latency(us)/Energy(mJ): 4076 9.01923 0.788084 1.55533 2.47952 
Latency(us)/Energy(mJ): 41 0 0 0 0 
Latency(us)/Energy(mJ): 265 0.709263 0.110723 0.110723 0.19236 
Latency(us)/Energy(mJ): 117 0.246885 0.0379517 0.0379517 0.0665645 
Latency(us)/Energy(mJ): 3267 8.86942 1.66037 1.24946 2.36874 
Latency(us)/Energy(mJ): 39 0.242945 0.0567944 0.0315341 0.0632333 
Latency(us)/Energy(mJ): 206 0.568146 0.132818 0.0737451 0.147876 
Latency(us)/Energy(mJ): 102 0.333295 0.077916 0.0432615 0.0867495 
Latency(us)/Energy(mJ): 2357 7.30675 1.81751 0.908644 1.88031 
Latency(us)/Energy(mJ): 38 0 0 0 0 
Latency(us)/Energy(mJ): 1694 5.58213 1.60793 0.655684 1.38174 
Latency(us)/Energy(mJ): 36 0 0 0 0 
Latency(us)/Energy(mJ): 1464 4.92602 1.52158 0.559554 1.17916 
Latency(us)/Energy(mJ): 36 0.264428 0.0831148 0.0297005 0.0625887 
Latency(us)/Energy(mJ): 54 0 0 0 0 
Latency(us)/Energy(mJ): 2001 6.96657 2.18135 0.77949 1.68062 
Latency(us)/Energy(mJ): 41 0.295168 0.0897426 0.0320689 0.0739599 
Latency(us)/Energy(mJ): 1 0 0 0 0 
Latency(us)/Energy(mJ): 8674 35.1353 10.2778 3.2801 10.1097 
Latency(us)/Energy(mJ): 39 0.522805 0.148037 0.0434531 0.16389 
Latency(us)/Energy(mJ): 0 0 0 0 0 
Latency(us)/Energy(mJ): 3733 17.7734 5.02356 1.42298 5.6896 
Latency(us)/Energy(mJ): 248 1.39825 0.39001 0.108147 0.456998 
0.3094 - "n02124075 Egyptian cat"
0.1761 - "n02123159 tiger cat"
0.1221 - "n02123045 tabby, tabby cat"
0.1132 - "n02119022 red fox, Vulpes vulpes"
0.0421 - "n02085620 Chihuahua"
