loading weight: /home/nvidia/caffe-build/models/bvlc_alexnet/bvlc_alexnet.caffemodel
loading prototxt: /home/nvidia/caffe-build/models/bvlc_alexnet/deploy.prototxt
---------- Prediction for /home/nvidia/Downloads/ILSVRC2012_img_train_t3/n02085620/n02085620_1152.JPEG ----------
Latency(us)/Energy(mJ): 0 0 0 0 0 
Latency(us)/Energy(mJ): 388 1.433 0.0621318 0.141096 0.519687 
Latency(us)/Energy(mJ): 45 0.126786 0.00737838 0.012308 0.045688 
Latency(us)/Energy(mJ): 91 0.486009 0.028112 0.0468943 0.174074 
Latency(us)/Energy(mJ): 88 0.309956 0.0177658 0.0296356 0.110008 
Latency(us)/Energy(mJ): 1690 7.17101 0.781754 0.644412 2.46219 
Latency(us)/Energy(mJ): 44 0.143576 0.0196253 0.0122377 0.047923 
Latency(us)/Energy(mJ): 74 0.347657 0.0471203 0.0293827 0.115063 
Latency(us)/Energy(mJ): 79 0.349396 0.0532562 0.0295351 0.11566 
Latency(us)/Energy(mJ): 1927 9.30476 1.65592 0.746577 2.96487 
Latency(us)/Energy(mJ): 47 0.159444 0.031863 0.0122377 0.0503963 
Latency(us)/Energy(mJ): 1638 8.74308 1.85887 0.631012 2.76332 
Latency(us)/Energy(mJ): 56 0.177341 0.0391208 0.0122072 0.0563904 
Latency(us)/Energy(mJ): 1127 6.58065 1.52287 0.439003 2.09639 
Latency(us)/Energy(mJ): 56 0.266907 0.0623342 0.0172974 0.085125 
Latency(us)/Energy(mJ): 64 0.456167 0.106133 0.0294513 0.144937 
Latency(us)/Energy(mJ): 933 5.49941 1.30165 0.351373 1.77131 
Latency(us)/Energy(mJ): 49 0.19251 0.0438262 0.0121615 0.0635208 
Latency(us)/Energy(mJ): 1 0 0 0 0 
Latency(us)/Energy(mJ): 5831 41.5152 9.1365 2.22568 14.7822 
Latency(us)/Energy(mJ): 49 0.615187 0.130303 0.0296037 0.228904 
Latency(us)/Energy(mJ): 0 0 0 0 0 
Latency(us)/Energy(mJ): 2576 20.8243 4.33338 0.970971 7.86222 
Latency(us)/Energy(mJ): 63 0.649734 0.135787 0.0295123 0.247485 
0.5948 - "n02085620 Chihuahua"
0.0656 - "n02110806 basenji"
0.0383 - "n02113023 Pembroke, Pembroke Welsh corgi"
0.0311 - "n02091244 Ibizan hound, Ibizan Podenco"
0.0298 - "n02389026 sorrel"
