loading weight: /home/nvidia/caffe-build/models/bvlc_alexnet/bvlc_alexnet.caffemodel
loading prototxt: /home/nvidia/caffe-build/models/bvlc_alexnet/deploy.prototxt
---------- Prediction for /home/nvidia/caffe-build/examples/images/cat.jpg ----------
Latency(us)/Energy(mJ): 0 0 0 0 0 
Latency(us)/Energy(mJ): 10550 22.1492 2.06966 3.93797 5.71712 
Latency(us)/Energy(mJ): 62 0.203299 0.0279685 0.0350294 0.0508935 
Latency(us)/Energy(mJ): 314 0.695395 0.0945958 0.118477 0.178336 
Latency(us)/Energy(mJ): 153 0.452554 0.061183 0.0766292 0.115345 
Latency(us)/Energy(mJ): 12550 29.9439 4.70641 4.03836 7.61724 
Latency(us)/Energy(mJ): 58 0.244027 0.0449756 0.0375124 0.0601966 
Latency(us)/Energy(mJ): 255 0.495509 0.0913252 0.060817 0.122232 
Latency(us)/Energy(mJ): 131 0.49526 0.0912794 0.0607865 0.122171 
Latency(us)/Energy(mJ): 10592 26.7019 4.98694 3.258 6.42043 
Latency(us)/Energy(mJ): 59 0 0 0 0 
Latency(us)/Energy(mJ): 8211 20.5709 4.41645 2.51779 4.6468 
Latency(us)/Energy(mJ): 63 0 0 0 0 
Latency(us)/Energy(mJ): 5058 12.7136 2.73714 1.56043 2.80585 
Latency(us)/Energy(mJ): 60 0.269126 0.0579405 0.0330315 0.0580488 
Latency(us)/Energy(mJ): 90 0.226508 0.0487652 0.0278008 0.0488564 
Latency(us)/Energy(mJ): 4206 10.4202 2.21996 1.26558 2.39196 
Latency(us)/Energy(mJ): 62 0.28847 0.0593583 0.0338398 0.0722284 
Latency(us)/Energy(mJ): 1 0 0 0 0 
Latency(us)/Energy(mJ): 21806 67.9058 12.3629 6.64522 21.166 
Latency(us)/Energy(mJ): 57 0.292744 0.0519961 0.0259555 0.101099 
Latency(us)/Energy(mJ): 1 0 0 0 0 
Latency(us)/Energy(mJ): 9417 33.5772 5.75486 3.37129 11.8287 
Latency(us)/Energy(mJ): 382 1.45439 0.2422 0.120902 0.524041 
0.3094 - "n02124075 Egyptian cat"
0.1761 - "n02123159 tiger cat"
0.1221 - "n02123045 tabby, tabby cat"
0.1132 - "n02119022 red fox, Vulpes vulpes"
0.0421 - "n02085620 Chihuahua"
