loading weight: /home/nvidia/caffe-build/models/bvlc_alexnet/bvlc_alexnet.caffemodel
loading prototxt: /home/nvidia/caffe-build/models/bvlc_alexnet/deploy.prototxt
---------- Prediction for /home/nvidia/caffe-build/examples/images/cat.jpg ----------
Latency(us)/Energy(mJ): 0 0 0 0 0 
Latency(us)/Energy(mJ): 3886 12.8333 0.657269 1.33251 5.04057 
Latency(us)/Energy(mJ): 55 0.426034 0.033672 0.0421728 0.16284 
Latency(us)/Energy(mJ): 956 3.8397 0.303475 0.38009 1.46762 
Latency(us)/Energy(mJ): 323 1.15996 0.0911187 0.114122 0.446631 
Latency(us)/Energy(mJ): 3177 12.9192 1.43141 1.21764 4.83888 
Latency(us)/Energy(mJ): 47 0 0 0 0 
Latency(us)/Energy(mJ): 678 3.14059 0.452079 0.282642 1.14809 
Latency(us)/Energy(mJ): 295 1.33876 0.192221 0.120177 0.48763 
Latency(us)/Energy(mJ): 2270 9.85028 1.50214 0.866471 3.531 
Latency(us)/Energy(mJ): 31 0 0 0 0 
Latency(us)/Energy(mJ): 2183 9.85098 1.73691 0.840265 3.45604 
Latency(us)/Energy(mJ): 43 0 0 0 0 
Latency(us)/Energy(mJ): 1532 7.22232 1.38239 0.604133 2.49046 
Latency(us)/Energy(mJ): 50 0.326152 0.0651734 0.0271081 0.111634 
Latency(us)/Energy(mJ): 48 0 0 0 0 
Latency(us)/Energy(mJ): 5795 25.9292 4.7831 2.21725 9.04398 
Latency(us)/Energy(mJ): 50 0.397606 0.0672966 0.0336042 0.141737 
Latency(us)/Energy(mJ): 1 0 0 0 0 
Latency(us)/Energy(mJ): 5536 28.1462 5.1925 2.09758 10.3774 
Latency(us)/Energy(mJ): 48 0.501437 0.094785 0.0338137 0.188505 
Latency(us)/Energy(mJ): 0 0 0 0 0 
Latency(us)/Energy(mJ): 2389 13.9986 2.67926 0.906266 5.30293 
Latency(us)/Energy(mJ): 312 1.74303 0.34768 0.10849 0.664606 
0.3094 - "n02124075 Egyptian cat"
0.1761 - "n02123159 tiger cat"
0.1221 - "n02123045 tabby, tabby cat"
0.1132 - "n02119022 red fox, Vulpes vulpes"
0.0421 - "n02085620 Chihuahua"
