loading weight: /home/nvidia/caffe-build/models/bvlc_alexnet/bvlc_alexnet.caffemodel
loading prototxt: /home/nvidia/caffe-build/models/bvlc_alexnet/deploy.prototxt
---------- Prediction for /home/nvidia/Downloads/ILSVRC2012_img_train_t3/n02085620/n02085620_1152.JPEG ----------
Latency(us)/Energy(mJ): 0 0 0 0 0 
Latency(us)/Energy(mJ): 303 1.18295 0.042791 0.193404 0.409893 
Latency(us)/Energy(mJ): 29 0.125788 0.00450832 0.0203764 0.043185 
Latency(us)/Energy(mJ): 62 0.319687 0.017262 0.0517861 0.109753 
Latency(us)/Energy(mJ): 58 0.19305 0.0104241 0.0312722 0.0662771 
Latency(us)/Energy(mJ): 2378 10.7971 0.982808 1.64466 3.56861 
Latency(us)/Energy(mJ): 28 0.140061 0.0157957 0.0203215 0.0453461 
Latency(us)/Energy(mJ): 51 0.217599 0.0278038 0.0313135 0.0698741 
Latency(us)/Energy(mJ): 52 0.142743 0.018239 0.0205413 0.0458367 
Latency(us)/Energy(mJ): 2975 14.8333 2.3167 2.05504 4.58088 
Latency(us)/Energy(mJ): 30 0.233934 0.0415681 0.0311761 0.0704298 
Latency(us)/Energy(mJ): 2227 11.8512 2.20371 1.51042 3.62831 
Latency(us)/Energy(mJ): 37 0.420264 0.0799932 0.0514563 0.128978 
Latency(us)/Energy(mJ): 1635 9.30284 1.87196 1.11027 2.87367 
Latency(us)/Energy(mJ): 36 0.173901 0.0361172 0.0203215 0.0537469 
Latency(us)/Energy(mJ): 45 0.440102 0.0914041 0.0514288 0.136612 
Latency(us)/Energy(mJ): 1367 8.06312 1.64862 0.927601 2.51933 
Latency(us)/Energy(mJ): 32 0.274804 0.0552869 0.0311074 0.087481 
Latency(us)/Energy(mJ): 0 0 0 0 0 
Latency(us)/Energy(mJ): 7629 53.5977 10.2035 5.2346 18.7708 
Latency(us)/Energy(mJ): 31 0.227987 0.0408033 0.0204016 0.0842237 
Latency(us)/Energy(mJ): 0 0 0 0 0 
Latency(us)/Energy(mJ): 3359 26.5782 4.82676 2.27071 9.90915 
Latency(us)/Energy(mJ): 40 0.36759 0.0658261 0.0277306 0.138289 
0.5948 - "n02085620 Chihuahua"
0.0656 - "n02110806 basenji"
0.0383 - "n02113023 Pembroke, Pembroke Welsh corgi"
0.0311 - "n02091244 Ibizan hound, Ibizan Podenco"
0.0298 - "n02389026 sorrel"
