loading weight: /home/nvidia/caffe-build/models/bvlc_alexnet/bvlc_alexnet.caffemodel
loading prototxt: /home/nvidia/caffe-build/models/bvlc_alexnet/deploy.prototxt
---------- Prediction for /home/nvidia/Downloads/ILSVRC2012_img_train_t3/n02085620/n02085620_1152.JPEG ----------
Latency(us)/Energy(mJ): 0 0 0 0 0 
Latency(us)/Energy(mJ): 670 2.47543 0.225414 0.201538 0.858931 
Latency(us)/Energy(mJ): 87 0.353945 0.0586835 0.0260531 0.112925 
Latency(us)/Energy(mJ): 168 0.7371 0.137809 0.0524539 0.230625 
Latency(us)/Energy(mJ): 166 0.760656 0.159241 0.0520208 0.233662 
Latency(us)/Energy(mJ): 894 4.42069 1.16415 0.274482 1.27937 
Latency(us)/Energy(mJ): 86 0.465196 0.150022 0.0260653 0.12443 
Latency(us)/Energy(mJ): 142 0.698798 0.236685 0.0383263 0.182961 
Latency(us)/Energy(mJ): 152 0.967863 0.338193 0.0519903 0.251428 
Latency(us)/Energy(mJ): 525 3.00995 1.07426 0.156197 0.779169 
Latency(us)/Energy(mJ): 91 0.528375 0.197979 0.025986 0.135468 
Latency(us)/Energy(mJ): 1042 7.27911 2.90694 0.326576 1.84498 
Latency(us)/Energy(mJ): 86 0.630362 0.265323 0.0261812 0.157688 
Latency(us)/Energy(mJ): 695 5.09936 2.15409 0.208571 1.26773 
Latency(us)/Energy(mJ): 85 0.651949 0.279502 0.0259982 0.161445 
Latency(us)/Energy(mJ): 105 0.950165 0.409088 0.0380518 0.233925 
Latency(us)/Energy(mJ): 1331 9.75626 4.0341 0.405998 2.45823 
Latency(us)/Energy(mJ): 94 0.630069 0.253775 0.0260348 0.165782 
Latency(us)/Energy(mJ): 1 0 0 0 0 
Latency(us)/Energy(mJ): 4478 39.7066 15.4864 1.35993 11.2828 
Latency(us)/Energy(mJ): 93 1.32649 0.509115 0.0398483 0.394619 
Latency(us)/Energy(mJ): 1 0 0 0 0 
Latency(us)/Energy(mJ): 1944 20.1676 7.63191 0.581595 6.07866 
Latency(us)/Energy(mJ): 112 1.43049 0.540547 0.0399821 0.43695 
0.5948 - "n02085620 Chihuahua"
0.0656 - "n02110806 basenji"
0.0383 - "n02113023 Pembroke, Pembroke Welsh corgi"
0.0311 - "n02091244 Ibizan hound, Ibizan Podenco"
0.0298 - "n02389026 sorrel"
