loading weight: /home/nvidia/caffe-build/models/bvlc_alexnet/bvlc_alexnet.caffemodel
loading prototxt: /home/nvidia/caffe-build/models/bvlc_alexnet/deploy.prototxt
---------- Prediction for /home/nvidia/caffe-build/examples/images/cat.jpg ----------
Latency(us)/Energy(mJ): 0 0 0 0 0 
Latency(us)/Energy(mJ): 2379 10.3763 0.517278 2.54577 3.3579 
Latency(us)/Energy(mJ): 28 0 0 0 0 
Latency(us)/Energy(mJ): 200 0.854421 0.071609 0.200919 0.273279 
Latency(us)/Energy(mJ): 100 0.339132 0.0284226 0.0797474 0.108468 
Latency(us)/Energy(mJ): 2396 11.691 1.24527 2.60783 3.65193 
Latency(us)/Energy(mJ): 22 0 0 0 0 
Latency(us)/Energy(mJ): 157 0.947672 0.12974 0.201881 0.28894 
Latency(us)/Energy(mJ): 79 0.569633 0.077631 0.120797 0.17289 
Latency(us)/Energy(mJ): 1840 9.05965 1.36794 1.88449 2.73592 
Latency(us)/Energy(mJ): 32 0.590693 0.0947231 0.12069 0.17714 
Latency(us)/Energy(mJ): 1518 7.97752 1.41674 1.60248 2.35381 
Latency(us)/Energy(mJ): 23 0 0 0 0 
Latency(us)/Energy(mJ): 1081 6.13168 1.18258 1.20251 1.78088 
Latency(us)/Energy(mJ): 25 0.402252 0.0781242 0.0781242 0.116162 
Latency(us)/Energy(mJ): 35 0 0 0 0 
Latency(us)/Energy(mJ): 1355 7.8754 1.52922 1.52922 2.28729 
Latency(us)/Energy(mJ): 26 0 0 0 0 
Latency(us)/Energy(mJ): 1 0 0 0 0 
Latency(us)/Energy(mJ): 4915 30.8795 6.33432 4.99503 9.55819 
Latency(us)/Energy(mJ): 25 0 0 0 0 
Latency(us)/Energy(mJ): 1 0 0 0 0 
Latency(us)/Energy(mJ): 2156 15.3411 3.2784 2.15941 4.97795 
Latency(us)/Energy(mJ): 188 1.36513 0.300695 0.186011 0.448978 
0.3094 - "n02124075 Egyptian cat"
0.1761 - "n02123159 tiger cat"
0.1221 - "n02123045 tabby, tabby cat"
0.1132 - "n02119022 red fox, Vulpes vulpes"
0.0421 - "n02085620 Chihuahua"
