loading weight: /home/nvidia/caffe-build/models/bvlc_alexnet/bvlc_alexnet.caffemodel
loading prototxt: /home/nvidia/caffe-build/models/bvlc_alexnet/deploy.prototxt
---------- Prediction for /home/nvidia/caffe-build/examples/images/cat.jpg ----------
Latency(us)/Energy(mJ): 0 0 0 0 0 
Latency(us)/Energy(mJ): 2592 10.2884 0.52944 1.97926 3.55739 
Latency(us)/Energy(mJ): 29 0 0 0 0 
Latency(us)/Energy(mJ): 277 1.29956 0.0946415 0.237069 0.440005 
Latency(us)/Energy(mJ): 103 0.349396 0.0316802 0.0635266 0.117907 
Latency(us)/Energy(mJ): 2527 11.301 1.24423 1.95023 3.75067 
Latency(us)/Energy(mJ): 108 0.528557 0.0779058 0.0865242 0.171688 
Latency(us)/Energy(mJ): 183 0.915887 0.134995 0.149929 0.297501 
Latency(us)/Energy(mJ): 98 0.38663 0.0569867 0.0632908 0.125586 
Latency(us)/Energy(mJ): 1850 8.42252 1.319 1.34898 2.70661 
Latency(us)/Energy(mJ): 36 0.555032 0.0952685 0.0866386 0.174072 
Latency(us)/Energy(mJ): 1530 7.21375 1.3198 1.11219 2.25696 
Latency(us)/Energy(mJ): 40 0.571649 0.112493 0.0865242 0.175997 
Latency(us)/Energy(mJ): 1115 5.41813 1.08665 0.812824 1.65335 
Latency(us)/Energy(mJ): 28 0.585608 0.121325 0.0866768 0.176307 
Latency(us)/Energy(mJ): 43 0 0 0 0 
Latency(us)/Energy(mJ): 1437 7.49896 1.55624 1.11181 2.28889 
Latency(us)/Energy(mJ): 28 0 0 0 0 
Latency(us)/Energy(mJ): 2 0 0 0 0 
Latency(us)/Energy(mJ): 4939 29.6604 6.28453 3.57922 9.59405 
Latency(us)/Energy(mJ): 33 0 0 0 0 
Latency(us)/Energy(mJ): 1 0 0 0 0 
Latency(us)/Energy(mJ): 2151 14.4877 3.1977 1.48149 4.89583 
Latency(us)/Energy(mJ): 233 1.36261 0.299205 0.134593 0.465386 
0.3094 - "n02124075 Egyptian cat"
0.1761 - "n02123159 tiger cat"
0.1221 - "n02123045 tabby, tabby cat"
0.1132 - "n02119022 red fox, Vulpes vulpes"
0.0421 - "n02085620 Chihuahua"
