loading weight: /home/nvidia/caffe-build/models/bvlc_alexnet/bvlc_alexnet.caffemodel
loading prototxt: /home/nvidia/caffe-build/models/bvlc_alexnet/deploy.prototxt
---------- Prediction for /home/nvidia/caffe-build/examples/images/cat.jpg ----------
Latency(us)/Energy(mJ): 0 0 0 0 0 
Latency(us)/Energy(mJ): 2587 10.1503 0.535315 1.95641 3.51848 
Latency(us)/Energy(mJ): 36 0.308344 0.028213 0.0565742 0.105003 
Latency(us)/Energy(mJ): 229 0.775337 0.0709422 0.142257 0.264032 
Latency(us)/Energy(mJ): 124 0.475877 0.0431482 0.086523 0.16274 
Latency(us)/Energy(mJ): 2399 10.7082 1.23559 1.85494 3.57535 
Latency(us)/Energy(mJ): 29 0 0 0 0 
Latency(us)/Energy(mJ): 179 0.872978 0.129087 0.143368 0.284481 
Latency(us)/Energy(mJ): 114 0.346079 0.0510097 0.0566527 0.112415 
Latency(us)/Energy(mJ): 1787 8.90528 1.4307 1.42502 2.85739 
Latency(us)/Energy(mJ): 38 0 0 0 0 
Latency(us)/Energy(mJ): 1528 7.4339 1.42431 1.1461 2.3291 
Latency(us)/Energy(mJ): 30 0.567365 0.11165 0.0858756 0.174678 
Latency(us)/Energy(mJ): 1118 5.73371 1.19561 0.860282 1.7556 
Latency(us)/Energy(mJ): 27 0 0 0 0 
Latency(us)/Energy(mJ): 51 0.384563 0.085417 0.0569198 0.117197 
Latency(us)/Energy(mJ): 1464 7.32256 1.53593 1.08697 2.24327 
Latency(us)/Energy(mJ): 28 0.390569 0.0797262 0.056958 0.121381 
Latency(us)/Energy(mJ): 1 0 0 0 0 
Latency(us)/Energy(mJ): 4958 29.4692 6.44596 3.80867 9.57125 
Latency(us)/Energy(mJ): 32 0 0 0 0 
Latency(us)/Energy(mJ): 1 0 0 0 0 
Latency(us)/Energy(mJ): 2138 14.3747 3.23767 1.62829 4.86267 
Latency(us)/Energy(mJ): 267 2.09335 0.481882 0.206349 0.715759 
0.3094 - "n02124075 Egyptian cat"
0.1761 - "n02123159 tiger cat"
0.1221 - "n02123045 tabby, tabby cat"
0.1132 - "n02119022 red fox, Vulpes vulpes"
0.0421 - "n02085620 Chihuahua"
