loading weight: /home/nvidia/caffe-build/models/bvlc_alexnet/bvlc_alexnet.caffemodel
loading prototxt: /home/nvidia/caffe-build/models/bvlc_alexnet/deploy.prototxt
---------- Prediction for /home/nvidia/Downloads/ILSVRC2012_img_train_t3/n02085620/n02085620_1152.JPEG ----------
Latency(us)/Energy(mJ): 0 0 0 0 0 
Latency(us)/Energy(mJ): 182 0.73335 0.0350462 0.151816 0.240426 
Latency(us)/Energy(mJ): 18 0.219608 0.0103691 0.0449178 0.0711349 
Latency(us)/Energy(mJ): 43 0.136962 0.00641658 0.0277958 0.0439634 
Latency(us)/Energy(mJ): 37 0.221231 0.0138043 0.0448979 0.0710129 
Latency(us)/Energy(mJ): 1159 6.10951 0.677752 1.15302 1.86693 
Latency(us)/Energy(mJ): 18 0.153815 0.0231564 0.0273792 0.045402 
Latency(us)/Energy(mJ): 34 0 0 0 0 
Latency(us)/Energy(mJ): 33 0.251036 0.0375369 0.0443821 0.0735973 
Latency(us)/Energy(mJ): 1352 8.23114 1.58658 1.36831 2.27993 
Latency(us)/Energy(mJ): 20 0 0 0 0 
Latency(us)/Energy(mJ): 1065 6.91253 1.66135 1.03577 1.87633 
Latency(us)/Energy(mJ): 28 0.314747 0.0794913 0.0449121 0.084975 
Latency(us)/Energy(mJ): 762 5.42102 1.4479 0.746976 1.46981 
Latency(us)/Energy(mJ): 26 0.334583 0.0930628 0.044813 0.090847 
Latency(us)/Energy(mJ): 30 0.204694 0.0566362 0.0272723 0.0552877 
Latency(us)/Energy(mJ): 623 4.79112 1.34184 0.625519 1.30452 
Latency(us)/Energy(mJ): 22 0.213274 0.0590968 0.0274309 0.0587923 
Latency(us)/Energy(mJ): 0 0 0 0 0 
Latency(us)/Energy(mJ): 4764 42.3417 11.5431 4.72609 12.7676 
Latency(us)/Energy(mJ): 22 0 0 0 0 
Latency(us)/Energy(mJ): 0 0 0 0 0 
Latency(us)/Energy(mJ): 2151 21.9086 5.80036 2.14792 7.05303 
Latency(us)/Energy(mJ): 30 0 0 0 0 
0.5948 - "n02085620 Chihuahua"
0.0656 - "n02110806 basenji"
0.0383 - "n02113023 Pembroke, Pembroke Welsh corgi"
0.0311 - "n02091244 Ibizan hound, Ibizan Podenco"
0.0298 - "n02389026 sorrel"
