loading weight: /home/nvidia/caffe-build/models/bvlc_alexnet/bvlc_alexnet.caffemodel
loading prototxt: /home/nvidia/caffe-build/models/bvlc_alexnet/deploy.prototxt
---------- Prediction for /home/nvidia/Downloads/ILSVRC2012_img_train_t3/n02085620/n02085620_1152.JPEG ----------
Latency(us)/Energy(mJ): 0 0 0 0 0 
Latency(us)/Energy(mJ): 361 1.63984 0.0547838 0.385289 0.504228 
Latency(us)/Energy(mJ): 27 0.140881 0.00467248 0.0328611 0.0430053 
Latency(us)/Energy(mJ): 59 0.207885 0.00689472 0.0484898 0.0634586 
Latency(us)/Energy(mJ): 50 0.141065 0.00467856 0.0329038 0.0430612 
Latency(us)/Energy(mJ): 4164 19.8854 1.5386 4.37713 5.88843 
Latency(us)/Energy(mJ): 23 0.226855 0.0244038 0.0453344 0.0665392 
Latency(us)/Energy(mJ): 46 0.158252 0.0170239 0.031625 0.0464173 
Latency(us)/Energy(mJ): 42 0.225266 0.0242329 0.045017 0.0660733 
Latency(us)/Energy(mJ): 5398 27.322 3.60835 5.35749 7.7365 
Latency(us)/Energy(mJ): 25 0.165682 0.0245228 0.0318829 0.0467958 
Latency(us)/Energy(mJ): 3902 20.8593 3.16835 3.75396 5.98514 
Latency(us)/Energy(mJ): 38 0.173548 0.0264788 0.028909 0.0501804 
Latency(us)/Energy(mJ): 2874 15.9631 2.59162 2.62106 4.68545 
Latency(us)/Energy(mJ): 37 0.271765 0.0440115 0.0440596 0.0800384 
Latency(us)/Energy(mJ): 42 0.454938 0.0736758 0.0737563 0.133985 
Latency(us)/Energy(mJ): 2546 14.5023 2.33093 2.33347 4.32218 
Latency(us)/Energy(mJ): 28 0.183756 0.0291702 0.0292021 0.0561088 
Latency(us)/Energy(mJ): 1 0 0 0 0 
Latency(us)/Energy(mJ): 13191 86.1824 12.162 12.0801 29.3158 
Latency(us)/Energy(mJ): 26 0 0 0 0 
Latency(us)/Energy(mJ): 0 0 0 0 0 
Latency(us)/Energy(mJ): 5829 41.452 5.3682 5.3682 14.9784 
Latency(us)/Energy(mJ): 33 0 0 0 0 
0.5948 - "n02085620 Chihuahua"
0.0656 - "n02110806 basenji"
0.0383 - "n02113023 Pembroke, Pembroke Welsh corgi"
0.0311 - "n02091244 Ibizan hound, Ibizan Podenco"
0.0298 - "n02389026 sorrel"
