loading weight: /home/nvidia/caffe-build/models/bvlc_alexnet/bvlc_alexnet.caffemodel
loading prototxt: /home/nvidia/caffe-build/models/bvlc_alexnet/deploy.prototxt
---------- Prediction for /home/nvidia/Downloads/ILSVRC2012_img_train_t3/n02085620/n02085620_1152.JPEG ----------
Latency(us)/Energy(mJ): 0 0 0 0 0 
Latency(us)/Energy(mJ): 227 0.991091 0.0404266 0.157103 0.345535 
Latency(us)/Energy(mJ): 22 0 0 0 0 
Latency(us)/Energy(mJ): 51 0.329211 0.0171613 0.0514838 0.113777 
Latency(us)/Energy(mJ): 45 0.201124 0.010392 0.0311761 0.0694314 
Latency(us)/Energy(mJ): 1367 6.36142 0.652282 0.9262 2.10455 
Latency(us)/Energy(mJ): 22 0 0 0 0 
Latency(us)/Energy(mJ): 40 0.36722 0.0504258 0.0504258 0.117954 
Latency(us)/Energy(mJ): 39 0.225935 0.0310249 0.0310249 0.0725721 
Latency(us)/Energy(mJ): 1647 8.65088 1.55679 1.12363 2.63808 
Latency(us)/Energy(mJ): 24 0 0 0 0 
Latency(us)/Energy(mJ): 1261 7.55398 1.66871 0.88667 2.26426 
Latency(us)/Energy(mJ): 32 0.17344 0.040919 0.0193589 0.0523763 
Latency(us)/Energy(mJ): 904 5.87906 1.42066 0.634619 1.77295 
Latency(us)/Energy(mJ): 30 0.183614 0.0450803 0.019304 0.0554639 
Latency(us)/Energy(mJ): 34 0 0 0 0 
Latency(us)/Energy(mJ): 717 4.91917 1.23545 0.506488 1.49322 
Latency(us)/Energy(mJ): 27 0.307949 0.0760805 0.0311032 0.0945339 
Latency(us)/Energy(mJ): 0 0 0 0 0 
Latency(us)/Energy(mJ): 5098 40.314 9.76717 3.49344 13.4142 
Latency(us)/Energy(mJ): 26 0 0 0 0 
Latency(us)/Energy(mJ): 0 0 0 0 0 
Latency(us)/Energy(mJ): 2278 20.6424 4.81823 1.56014 7.27834 
Latency(us)/Energy(mJ): 34 0.690378 0.157714 0.0507228 0.246146 
0.5948 - "n02085620 Chihuahua"
0.0656 - "n02110806 basenji"
0.0383 - "n02113023 Pembroke, Pembroke Welsh corgi"
0.0311 - "n02091244 Ibizan hound, Ibizan Podenco"
0.0298 - "n02389026 sorrel"
