loading weight: /home/nvidia/caffe-build/models/bvlc_alexnet/bvlc_alexnet.caffemodel
loading prototxt: /home/nvidia/caffe-build/models/bvlc_alexnet/deploy.prototxt
---------- Prediction for /home/nvidia/Downloads/ILSVRC2012_img_train_t3/n02085620/n02085620_1152.JPEG ----------
Latency(us)/Energy(mJ): 0 0 0 0 0 
Latency(us)/Energy(mJ): 281 1.15328 0.0763867 0.127672 0.406735 
Latency(us)/Energy(mJ): 33 0.125375 0.0111633 0.0134194 0.0432175 
Latency(us)/Energy(mJ): 69 0.323853 0.0342401 0.0342401 0.110271 
Latency(us)/Energy(mJ): 65 0.207684 0.0250232 0.0214619 0.0691185 
Latency(us)/Energy(mJ): 947 4.55864 0.865558 0.425171 1.41601 
Latency(us)/Energy(mJ): 33 0.406848 0.100031 0.0345057 0.118359 
Latency(us)/Energy(mJ): 59 0.247056 0.065598 0.0207199 0.071072 
Latency(us)/Energy(mJ): 56 0.412987 0.108489 0.0342676 0.117542 
Latency(us)/Energy(mJ): 923 5.36405 1.6753 0.410423 1.43942 
Latency(us)/Energy(mJ): 36 0.19087 0.0666254 0.0137648 0.0501197 
Latency(us)/Energy(mJ): 952 6.71889 2.45155 0.444853 1.72972 
Latency(us)/Energy(mJ): 46 0.337239 0.13135 0.0207204 0.085874 
Latency(us)/Energy(mJ): 615 4.8954 1.95487 0.287965 1.22996 
Latency(us)/Energy(mJ): 44 0.369207 0.149628 0.0208666 0.0917309 
Latency(us)/Energy(mJ): 50 0.24258 0.10059 0.01371 0.06084 
Latency(us)/Energy(mJ): 692 5.4961 2.2475 0.309261 1.37384 
Latency(us)/Energy(mJ): 40 0.618608 0.247217 0.0344761 0.157292 
Latency(us)/Energy(mJ): 1 0 0 0 0 
Latency(us)/Energy(mJ): 4549 43.5447 16.9356 2.07893 12.0547 
Latency(us)/Energy(mJ): 39 0.489569 0.185161 0.0209304 0.14229 
Latency(us)/Energy(mJ): 0 0 0 0 0 
Latency(us)/Energy(mJ): 1990 21.7527 8.18186 0.898211 6.42405 
Latency(us)/Energy(mJ): 51 0.855115 0.320683 0.0343186 0.254906 
0.5948 - "n02085620 Chihuahua"
0.0656 - "n02110806 basenji"
0.0383 - "n02113023 Pembroke, Pembroke Welsh corgi"
0.0311 - "n02091244 Ibizan hound, Ibizan Podenco"
0.0298 - "n02389026 sorrel"
