loading weight: /home/nvidia/caffe-build/models/bvlc_alexnet/bvlc_alexnet.caffemodel
loading prototxt: /home/nvidia/caffe-build/models/bvlc_alexnet/deploy.prototxt
---------- Prediction for /home/nvidia/Downloads/ILSVRC2012_img_train_t3/n02085620/n02085620_1152.JPEG ----------
Latency(us)/Energy(mJ): 0 0 0 0 0 
Latency(us)/Energy(mJ): 468614 1577.36 107.279 142.882 530.543 
Latency(us)/Energy(mJ): 3000 10.1637 0.692084 0.921771 3.41509 
Latency(us)/Energy(mJ): 464004 1559.93 106.232 141.488 524.22 
Latency(us)/Energy(mJ): 33158 111.467 7.5902 10.1092 37.5081 
Latency(us)/Energy(mJ): 959017 3230.99 219.571 292.442 1085.31 
Latency(us)/Energy(mJ): 1909 6.30347 0.429228 0.57168 2.11803 
Latency(us)/Energy(mJ): 1803426 5959.35 412.891 549.963 2003.28 
Latency(us)/Energy(mJ): 16877 56.2057 3.87125 5.15602 18.7815 
Latency(us)/Energy(mJ): 644320 2166.17 147.516 196.474 727.908 
Latency(us)/Energy(mJ): 662 2.18111 0.14852 0.197811 0.732873 
Latency(us)/Energy(mJ): 490997 1651.16 112.411 149.717 554.695 
Latency(us)/Energy(mJ): 662 2.29464 0.156251 0.208108 0.771022 
Latency(us)/Energy(mJ): 325458 1094.28 74.5131 99.2423 367.685 
Latency(us)/Energy(mJ): 442 1.45678 0.0991982 0.13212 0.489493 
Latency(us)/Energy(mJ): 4164 13.9496 0.95286 1.26909 4.70188 
Latency(us)/Energy(mJ): 558414 1982.27 127.851 170.282 673.341 
Latency(us)/Energy(mJ): 43 0.1632 0.0105157 0.0140056 0.0554254 
Latency(us)/Energy(mJ): 3 0 0 0 0 
Latency(us)/Energy(mJ): 251888 895.047 57.6719 76.8119 303.974 
Latency(us)/Energy(mJ): 44 0.164763 0.0106164 0.0141398 0.0559565 
Latency(us)/Energy(mJ): 6 0 0 0 0 
Latency(us)/Energy(mJ): 59847 212.718 13.7063 18.2552 72.2708 
Latency(us)/Energy(mJ): 443 1.51259 0.0978838 0.130369 0.51592 
0.5948 - "n02085620 Chihuahua"
0.0656 - "n02110806 basenji"
0.0383 - "n02113023 Pembroke, Pembroke Welsh corgi"
0.0311 - "n02091244 Ibizan hound, Ibizan Podenco"
0.0298 - "n02389026 sorrel"
