loading weight: /home/nvidia/caffe-build/models/bvlc_alexnet/bvlc_alexnet.caffemodel
loading prototxt: /home/nvidia/caffe-build/models/bvlc_alexnet/deploy.prototxt
---------- Prediction for /home/nvidia/caffe-build/examples/images/cat.jpg ----------
Latency(us)/Energy(mJ): 0 0 0 0 0 
Latency(us)/Energy(mJ): 3508 14.0673 0.699218 2.9434 4.81783 
Latency(us)/Energy(mJ): 32 0 0 0 0 
Latency(us)/Energy(mJ): 238 1.09371 0.0795898 0.219198 0.370027 
Latency(us)/Energy(mJ): 96 0.475456 0.0345107 0.095046 0.160447 
Latency(us)/Energy(mJ): 3731 16.4171 1.63838 3.09097 5.47397 
Latency(us)/Energy(mJ): 27 0 0 0 0 
Latency(us)/Energy(mJ): 191 0.857437 0.0998847 0.142719 0.27964 
Latency(us)/Energy(mJ): 90 0.338299 0.0394092 0.0563094 0.110331 
Latency(us)/Energy(mJ): 2904 13.6177 1.8686 2.22704 4.41551 
Latency(us)/Energy(mJ): 27 0.35039 0.050838 0.056462 0.112036 
Latency(us)/Energy(mJ): 2431 11.6617 1.82812 1.85661 3.69328 
Latency(us)/Energy(mJ): 27 0 0 0 0 
Latency(us)/Energy(mJ): 1555 7.83928 1.35045 1.22812 2.45115 
Latency(us)/Energy(mJ): 25 0 0 0 0 
Latency(us)/Energy(mJ): 46 0.360734 0.0619182 0.0563094 0.113135 
Latency(us)/Energy(mJ): 1813 8.77518 1.50403 1.36779 2.75717 
Latency(us)/Energy(mJ): 29 0 0 0 0 
Latency(us)/Energy(mJ): 2 0 0 0 0 
Latency(us)/Energy(mJ): 6625 36.8364 6.43425 5.04515 12.417 
Latency(us)/Energy(mJ): 31 0.683673 0.12031 0.0859519 0.239269 
Latency(us)/Energy(mJ): 1 0 0 0 0 
Latency(us)/Energy(mJ): 2878 18.0996 3.23039 2.19618 6.39882 
Latency(us)/Energy(mJ): 191 1.21117 0.213528 0.142414 0.432095 
0.3094 - "n02124075 Egyptian cat"
0.1761 - "n02123159 tiger cat"
0.1221 - "n02123045 tabby, tabby cat"
0.1132 - "n02119022 red fox, Vulpes vulpes"
0.0421 - "n02085620 Chihuahua"
