loading weight: /home/nvidia/caffe-build/models/bvlc_alexnet/bvlc_alexnet.caffemodel
loading prototxt: /home/nvidia/caffe-build/models/bvlc_alexnet/deploy.prototxt
---------- Prediction for /home/nvidia/Downloads/ILSVRC2012_img_train_t3/n02085620/n02085620_1152.JPEG ----------
Latency(us)/Energy(mJ): 0 0 0 0 0 
Latency(us)/Energy(mJ): 351 1.60405 0.0518533 0.416873 0.470773 
Latency(us)/Energy(mJ): 23 0.128887 0.00413744 0.0332628 0.0375636 
Latency(us)/Energy(mJ): 63 0.34253 0.0109957 0.0883995 0.0998292 
Latency(us)/Energy(mJ): 51 0.217242 0.0105065 0.0560654 0.0633144 
Latency(us)/Energy(mJ): 2986 14.6449 1.16831 3.61121 4.15458 
Latency(us)/Energy(mJ): 25 0.231769 0.0240086 0.0549411 0.0646075 
Latency(us)/Energy(mJ): 48 0.374978 0.0386616 0.0884728 0.104039 
Latency(us)/Energy(mJ): 45 0.142523 0.014653 0.0335317 0.0394313 
Latency(us)/Energy(mJ): 3853 20.7098 2.851 4.45578 5.5865 
Latency(us)/Energy(mJ): 27 0 0 0 0 
Latency(us)/Energy(mJ): 2861 16.2994 2.66397 3.26941 4.47652 
Latency(us)/Energy(mJ): 43 0.431468 0.0723366 0.0834934 0.119953 
Latency(us)/Energy(mJ): 2070 12.3222 2.15814 2.34345 3.46147 
Latency(us)/Energy(mJ): 38 0.447716 0.0782844 0.0839285 0.126223 
Latency(us)/Energy(mJ): 51 0.276326 0.0483163 0.0517546 0.0787628 
Latency(us)/Energy(mJ): 1770 10.8737 1.95992 1.93851 3.10132 
Latency(us)/Energy(mJ): 30 0.17503 0.0298613 0.0298613 0.0513625 
Latency(us)/Energy(mJ): 1 0 0 0 0 
Latency(us)/Energy(mJ): 9555 68.4444 11.2389 10.2342 22.4952 
Latency(us)/Energy(mJ): 30 0 0 0 0 
Latency(us)/Energy(mJ): 0 0 0 0 0 
Latency(us)/Energy(mJ): 4209 33.3672 5.17534 4.52922 11.7943 
Latency(us)/Energy(mJ): 36 0 0 0 0 
0.5948 - "n02085620 Chihuahua"
0.0656 - "n02110806 basenji"
0.0383 - "n02113023 Pembroke, Pembroke Welsh corgi"
0.0311 - "n02091244 Ibizan hound, Ibizan Podenco"
0.0298 - "n02389026 sorrel"
