loading weight: /home/nvidia/caffe-build/models/bvlc_alexnet/bvlc_alexnet.caffemodel
loading prototxt: /home/nvidia/caffe-build/models/bvlc_alexnet/deploy.prototxt
---------- Prediction for /home/nvidia/Downloads/ILSVRC2012_img_train_t3/n02085620/n02085620_1152.JPEG ----------
Latency(us)/Energy(mJ): 0 0 0 0 0 
Latency(us)/Energy(mJ): 190 0.725842 0.0345424 0.149633 0.236668 
Latency(us)/Energy(mJ): 20 0.219123 0.0137799 0.0448186 0.0708874 
Latency(us)/Energy(mJ): 41 0.132856 0.0082899 0.0269626 0.0426454 
Latency(us)/Energy(mJ): 39 0.226103 0.0139995 0.0455328 0.0720171 
Latency(us)/Energy(mJ): 1092 5.93228 0.615389 1.10552 1.79648 
Latency(us)/Energy(mJ): 18 0 0 0 0 
Latency(us)/Energy(mJ): 35 0.258121 0.0346249 0.045017 0.0755123 
Latency(us)/Energy(mJ): 35 0.159036 0.0213335 0.0277363 0.0465254 
Latency(us)/Energy(mJ): 1245 7.47004 1.39973 1.2207 2.05706 
Latency(us)/Energy(mJ): 22 0.28815 0.0620596 0.0448384 0.0778344 
Latency(us)/Energy(mJ): 1013 6.89112 1.67193 1.0061 1.84851 
Latency(us)/Energy(mJ): 30 0.198002 0.0526056 0.0273516 0.0527988 
Latency(us)/Energy(mJ): 710 5.38592 1.47389 0.719169 1.4359 
Latency(us)/Energy(mJ): 28 0 0 0 0 
Latency(us)/Energy(mJ): 34 0.346657 0.0999814 0.044813 0.0917062 
Latency(us)/Energy(mJ): 588 4.57214 1.32406 0.579576 1.2217 
Latency(us)/Energy(mJ): 23 0.219268 0.0632127 0.0273912 0.0597577 
Latency(us)/Energy(mJ): 0 0 0 0 0 
Latency(us)/Energy(mJ): 4725 42.9257 12.2202 4.66025 12.6383 
Latency(us)/Energy(mJ): 25 0.459404 0.128681 0.0452232 0.142476 
Latency(us)/Energy(mJ): 0 0 0 0 0 
Latency(us)/Energy(mJ): 2065 21.3517 6.00261 2.03386 6.73172 
Latency(us)/Energy(mJ): 33 0.487246 0.135103 0.0450648 0.155041 
0.5948 - "n02085620 Chihuahua"
0.0656 - "n02110806 basenji"
0.0383 - "n02113023 Pembroke, Pembroke Welsh corgi"
0.0311 - "n02091244 Ibizan hound, Ibizan Podenco"
0.0298 - "n02389026 sorrel"
