loading weight: /home/nvidia/caffe-build/models/bvlc_alexnet/bvlc_alexnet.caffemodel
loading prototxt: /home/nvidia/caffe-build/models/bvlc_alexnet/deploy.prototxt
---------- Prediction for /home/nvidia/Downloads/ILSVRC2012_img_train_t3/n02085620/n02085620_1152.JPEG ----------
Latency(us)/Energy(mJ): 0 0 0 0 0 
Latency(us)/Energy(mJ): 256 0.960325 0.0347381 0.139638 0.341667 
Latency(us)/Energy(mJ): 24 0.196019 0.0105844 0.0282404 0.0690989 
Latency(us)/Energy(mJ): 53 0.123668 0.00667764 0.0178168 0.0435942 
Latency(us)/Energy(mJ): 48 0.31553 0.0170376 0.0454584 0.111228 
Latency(us)/Energy(mJ): 1979 8.8592 0.826633 1.15008 2.99194 
Latency(us)/Energy(mJ): 23 0.136463 0.017609 0.017609 0.0447286 
Latency(us)/Energy(mJ): 43 0.215443 0.0278005 0.024297 0.070616 
Latency(us)/Energy(mJ): 43 0.137031 0.0176823 0.015454 0.0449149 
Latency(us)/Energy(mJ): 2469 12.3538 1.98712 1.39208 3.86577 
Latency(us)/Energy(mJ): 25 0.149186 0.026509 0.015454 0.0459567 
Latency(us)/Energy(mJ): 1837 10.0516 1.96843 0.985807 3.1098 
Latency(us)/Energy(mJ): 31 0 0 0 0 
Latency(us)/Energy(mJ): 1350 8.024 1.71286 0.73441 2.50925 
Latency(us)/Energy(mJ): 32 0.171504 0.0373536 0.0153792 0.054 
Latency(us)/Energy(mJ): 37 0.271603 0.05878 0.0242009 0.084975 
Latency(us)/Energy(mJ): 1129 6.92093 1.5435 0.607799 2.18406 
Latency(us)/Energy(mJ): 27 0 0 0 0 
Latency(us)/Energy(mJ): 0 0 0 0 0 
Latency(us)/Energy(mJ): 6507 46.6953 9.7032 3.47173 16.373 
Latency(us)/Energy(mJ): 27 0.358117 0.0726214 0.0242222 0.131907 
Latency(us)/Energy(mJ): 0 0 0 0 0 
Latency(us)/Energy(mJ): 2886 23.6687 4.65137 1.54917 8.84181 
Latency(us)/Energy(mJ): 35 0 0 0 0 
0.5948 - "n02085620 Chihuahua"
0.0656 - "n02110806 basenji"
0.0383 - "n02113023 Pembroke, Pembroke Welsh corgi"
0.0311 - "n02091244 Ibizan hound, Ibizan Podenco"
0.0298 - "n02389026 sorrel"
