loading weight: /home/nvidia/caffe-build/models/bvlc_alexnet/bvlc_alexnet.caffemodel
loading prototxt: /home/nvidia/caffe-build/models/bvlc_alexnet/deploy.prototxt
---------- Prediction for /home/nvidia/Downloads/ILSVRC2012_img_train_t3/n02085620/n02085620_1152.JPEG ----------
Latency(us)/Energy(mJ): 0 0 0 0 0 
Latency(us)/Energy(mJ): 248175 847.492 56.8106 75.6648 286.935 
Latency(us)/Energy(mJ): 1594 5.49683 0.370119 0.492953 1.85868 
Latency(us)/Energy(mJ): 244375 827.47 55.9436 74.51 277.836 
Latency(us)/Energy(mJ): 17628 59.9695 4.03803 5.37816 20.2744 
Latency(us)/Energy(mJ): 512315 1759.85 117.296 156.224 589.04 
Latency(us)/Energy(mJ): 1008 3.38903 0.226133 0.301181 1.1356 
Latency(us)/Energy(mJ): 953511 3170.44 218.193 290.755 1059.39 
Latency(us)/Energy(mJ): 8980 29.8197 2.05375 2.73534 9.9638 
Latency(us)/Energy(mJ): 343198 1170.34 78.5738 104.651 394.424 
Latency(us)/Energy(mJ): 350 1.17443 0.0790783 0.105323 0.397118 
Latency(us)/Energy(mJ): 262118 898.462 60.013 79.93 301.375 
Latency(us)/Energy(mJ): 350 1.07023 0.0720617 0.0959774 0.361882 
Latency(us)/Energy(mJ): 173837 596.151 39.8055 53.0161 199.897 
Latency(us)/Energy(mJ): 233 0.807533 0.0543738 0.0724192 0.273056 
Latency(us)/Energy(mJ): 2190 7.37922 0.496866 0.661765 2.49518 
Latency(us)/Energy(mJ): 325175 1178.42 74.4483 99.156 404.191 
Latency(us)/Energy(mJ): 23 0.124035 0.00782264 0.0104188 0.0425292 
Latency(us)/Energy(mJ): 1 0 0 0 0 
Latency(us)/Energy(mJ): 146931 533.378 33.6412 44.806 182.896 
Latency(us)/Energy(mJ): 23 0 0 0 0 
Latency(us)/Energy(mJ): 3 0 0 0 0 
Latency(us)/Energy(mJ): 35641 129.525 8.16887 10.8799 44.4116 
Latency(us)/Energy(mJ): 235 0.849581 0.0535814 0.0713639 0.291305 
0.5948 - "n02085620 Chihuahua"
0.0656 - "n02110806 basenji"
0.0383 - "n02113023 Pembroke, Pembroke Welsh corgi"
0.0311 - "n02091244 Ibizan hound, Ibizan Podenco"
0.0298 - "n02389026 sorrel"
