loading weight: /home/nvidia/caffe-build/models/bvlc_alexnet/bvlc_alexnet.caffemodel
loading prototxt: /home/nvidia/caffe-build/models/bvlc_alexnet/deploy.prototxt
---------- Prediction for /home/nvidia/Downloads/ILSVRC2012_img_train_t3/n02085620/n02085620_1152.JPEG ----------
Latency(us)/Energy(mJ): 0 0 0 0 0 
Latency(us)/Energy(mJ): 308 1.25743 0.0458614 0.161118 0.451071 
Latency(us)/Energy(mJ): 24 0 0 0 0 
Latency(us)/Energy(mJ): 48 0.311452 0.0112662 0.0395801 0.110809 
Latency(us)/Energy(mJ): 46 0.188838 0.00683088 0.023998 0.0671853 
Latency(us)/Energy(mJ): 4176 18.2817 1.56375 2.22444 6.19767 
Latency(us)/Energy(mJ): 23 0 0 0 0 
Latency(us)/Energy(mJ): 42 0.345084 0.0401995 0.0401995 0.113974 
Latency(us)/Energy(mJ): 43 0.206647 0.0240727 0.0240727 0.0673946 
Latency(us)/Energy(mJ): 5407 25.3676 3.65801 2.89377 7.98265 
Latency(us)/Energy(mJ): 24 0 0 0 0 
Latency(us)/Energy(mJ): 3840 19.0427 3.12915 2.05101 5.96779 
Latency(us)/Energy(mJ): 32 0.232414 0.0381074 0.0242543 0.0729899 
Latency(us)/Energy(mJ): 2901 15.1274 2.65661 1.55333 4.80785 
Latency(us)/Energy(mJ): 30 0 0 0 0 
Latency(us)/Energy(mJ): 37 0.387977 0.0674359 0.0393131 0.123902 
Latency(us)/Energy(mJ): 2622 13.7822 2.38301 1.38265 4.42819 
Latency(us)/Energy(mJ): 26 0.247064 0.0420261 0.0244999 0.0807488 
Latency(us)/Energy(mJ): 0 0 0 0 0 
Latency(us)/Energy(mJ): 13196 81.2738 12.3696 7.03727 29.3538 
Latency(us)/Energy(mJ): 26 0.321718 0.0448533 0.0261767 0.121913 
Latency(us)/Energy(mJ): 0 0.486187 0.0677832 0.0395587 0.184237 
Latency(us)/Energy(mJ): 5748 38.6766 5.27071 3.07602 14.7426 
Latency(us)/Energy(mJ): 34 0.196289 0.0264435 0.0154326 0.0751978 
0.5948 - "n02085620 Chihuahua"
0.0656 - "n02110806 basenji"
0.0383 - "n02113023 Pembroke, Pembroke Welsh corgi"
0.0311 - "n02091244 Ibizan hound, Ibizan Podenco"
0.0298 - "n02389026 sorrel"
