loading weight: /home/nvidia/caffe-build/models/bvlc_alexnet/bvlc_alexnet.caffemodel
loading prototxt: /home/nvidia/caffe-build/models/bvlc_alexnet/deploy.prototxt
---------- Prediction for /home/nvidia/caffe-build/examples/images/cat.jpg ----------
Latency(us)/Energy(mJ): 1 0 0 0 0 
Latency(us)/Energy(mJ): 22233 34.0427 4.03769 5.0597 6.05238 
Latency(us)/Energy(mJ): 153 0.366816 0.0763618 0.0457771 0.0672985 
Latency(us)/Energy(mJ): 3499 6.46689 1.33971 0.803126 1.20995 
Latency(us)/Energy(mJ): 1148 2.13315 0.438345 0.262777 0.40591 
Latency(us)/Energy(mJ): 11030 22.5072 5.34133 2.5326 4.34915 
Latency(us)/Energy(mJ): 148 0.448267 0.121406 0.0455023 0.087428 
Latency(us)/Energy(mJ): 2204 4.29878 1.17547 0.440562 0.842826 
Latency(us)/Energy(mJ): 861 1.54747 0.426478 0.159842 0.30712 
Latency(us)/Energy(mJ): 6006 14.7798 4.28756 1.48547 2.86825 
Latency(us)/Energy(mJ): 119 0.200739 0.0647108 0.0193963 0.038962 
Latency(us)/Energy(mJ): 5063 12.1931 3.97313 1.16401 2.23652 
Latency(us)/Energy(mJ): 138 0.486687 0.164514 0.0448497 0.086174 
Latency(us)/Energy(mJ): 5119 12.3861 4.25534 1.16183 2.23234 
Latency(us)/Energy(mJ): 132 0.497108 0.170646 0.0465214 0.089386 
Latency(us)/Energy(mJ): 198 0.488666 0.167748 0.0457313 0.087868 
Latency(us)/Energy(mJ): 24985 51.782 13.7205 5.7069 9.45257 
Latency(us)/Energy(mJ): 143 0.400648 0.0915542 0.0457771 0.0841579 
Latency(us)/Energy(mJ): 5 0 0 0 0 
Latency(us)/Energy(mJ): 33149 83.2841 20.7613 7.59054 20.8149 
Latency(us)/Energy(mJ): 149 0.555628 0.137015 0.0456054 0.148765 
Latency(us)/Energy(mJ): 5 0 0 0 0 
Latency(us)/Energy(mJ): 14350 40.78 10.7209 3.27808 10.9897 
Latency(us)/Energy(mJ): 1027 3.20785 0.843647 0.252873 0.866836 
0.3094 - "n02124075 Egyptian cat"
0.1761 - "n02123159 tiger cat"
0.1221 - "n02123045 tabby, tabby cat"
0.1132 - "n02119022 red fox, Vulpes vulpes"
0.0421 - "n02085620 Chihuahua"
