loading weight: /home/nvidia/caffe-build/models/bvlc_alexnet/bvlc_alexnet.caffemodel
loading prototxt: /home/nvidia/caffe-build/models/bvlc_alexnet/deploy.prototxt
---------- Prediction for /home/nvidia/Downloads/ILSVRC2012_img_train_t3/n02085620/n02085620_1152.JPEG ----------
Latency(us)/Energy(mJ): 0 0 0 0 0 
Latency(us)/Energy(mJ): 370 1.56716 0.0531362 0.373701 0.48242 
Latency(us)/Energy(mJ): 24 0.127667 0.00430464 0.0302741 0.0390816 
Latency(us)/Energy(mJ): 63 0.329986 0.0111264 0.0782508 0.101016 
Latency(us)/Energy(mJ): 54 0.201508 0.0067944 0.0477843 0.061686 
Latency(us)/Energy(mJ): 4151 19.6287 1.55376 4.14279 5.83022 
Latency(us)/Energy(mJ): 25 0.368262 0.0402316 0.0747373 0.108264 
Latency(us)/Energy(mJ): 52 0.369746 0.040082 0.0744595 0.107861 
Latency(us)/Energy(mJ): 50 0.223148 0.0241902 0.0449376 0.0650961 
Latency(us)/Energy(mJ): 5314 26.6852 3.57627 5.03211 7.58167 
Latency(us)/Energy(mJ): 28 0.144811 0.0215929 0.0259228 0.0406671 
Latency(us)/Energy(mJ): 3934 20.9565 3.20296 3.61289 6.0401 
Latency(us)/Energy(mJ): 44 0.155311 0.0238612 0.026051 0.0452196 
Latency(us)/Energy(mJ): 2854 15.9901 2.60618 2.63614 4.71917 
Latency(us)/Energy(mJ): 42 0.252719 0.0412116 0.0412566 0.0750817 
Latency(us)/Energy(mJ): 46 0.161148 0.0262788 0.0263075 0.0478762 
Latency(us)/Energy(mJ): 2545 14.5163 2.34044 2.343 4.34329 
Latency(us)/Energy(mJ): 29 0.162847 0.0260226 0.026051 0.0501397 
Latency(us)/Energy(mJ): 1 0 0 0 0 
Latency(us)/Energy(mJ): 13183 85.7969 12.1821 12.0692 29.3117 
Latency(us)/Energy(mJ): 29 0.197512 0.026169 0.026169 0.0705848 
Latency(us)/Energy(mJ): 0 0 0 0 0 
Latency(us)/Energy(mJ): 5823 41.0969 5.33225 5.33225 14.8941 
Latency(us)/Energy(mJ): 36 0.32293 0.0414129 0.0414129 0.117767 
0.5948 - "n02085620 Chihuahua"
0.0656 - "n02110806 basenji"
0.0383 - "n02113023 Pembroke, Pembroke Welsh corgi"
0.0311 - "n02091244 Ibizan hound, Ibizan Podenco"
0.0298 - "n02389026 sorrel"
