loading weight: /home/nvidia/caffe-build/models/bvlc_alexnet/bvlc_alexnet.caffemodel
loading prototxt: /home/nvidia/caffe-build/models/bvlc_alexnet/deploy.prototxt
---------- Prediction for /home/nvidia/caffe-build/examples/images/cat.jpg ----------
Latency(us)/Energy(mJ): 1 0 0 0 0 
Latency(us)/Energy(mJ): 9235 24.0489 1.88103 7.03613 5.20281 
Latency(us)/Energy(mJ): 48 0 0 0 0 
Latency(us)/Energy(mJ): 302 1.01758 0.114314 0.286347 0.219072 
Latency(us)/Energy(mJ): 133 0.306931 0.0344803 0.0863702 0.0671517 
Latency(us)/Energy(mJ): 12494 35.2237 4.69386 9.27646 7.61619 
Latency(us)/Energy(mJ): 43 0.328701 0.0518227 0.0778472 0.069361 
Latency(us)/Energy(mJ): 204 0.543816 0.0857376 0.128794 0.114754 
Latency(us)/Energy(mJ): 98 0.214825 0.0338691 0.0508776 0.0467364 
Latency(us)/Energy(mJ): 10778 31.3836 5.07011 7.42964 6.61619 
Latency(us)/Energy(mJ): 44 0.217149 0.0399912 0.051428 0.0429812 
Latency(us)/Energy(mJ): 8176 23.4641 4.37272 5.62323 4.61714 
Latency(us)/Energy(mJ): 40 0.212944 0.0397505 0.0511184 0.0412365 
Latency(us)/Energy(mJ): 5017 14.2965 2.66874 3.43195 2.71507 
Latency(us)/Energy(mJ): 37 0.212944 0.0397505 0.0511184 0.0398248 
Latency(us)/Energy(mJ): 46 0 0 0 0 
Latency(us)/Energy(mJ): 4354 12.4456 2.30914 2.96951 2.47044 
Latency(us)/Energy(mJ): 30 0.337002 0.0604818 0.0777784 0.0735955 
Latency(us)/Energy(mJ): 1 0 0 0 0 
Latency(us)/Energy(mJ): 21819 76.2244 12.3926 15.0033 21.2569 
Latency(us)/Energy(mJ): 29 0 0 0 0 
Latency(us)/Energy(mJ): 1 0 0 0 0 
Latency(us)/Energy(mJ): 9427 36.9174 5.73338 6.44653 11.8367 
Latency(us)/Energy(mJ): 233 1.20871 0.184125 0.207027 0.398385 
0.3094 - "n02124075 Egyptian cat"
0.1761 - "n02123159 tiger cat"
0.1221 - "n02123045 tabby, tabby cat"
0.1132 - "n02119022 red fox, Vulpes vulpes"
0.0421 - "n02085620 Chihuahua"
