loading weight: /home/nvidia/caffe-build/models/bvlc_alexnet/bvlc_alexnet.caffemodel
loading prototxt: /home/nvidia/caffe-build/models/bvlc_alexnet/deploy.prototxt
---------- Prediction for /home/nvidia/Downloads/ILSVRC2012_img_train_t3/n02085620/n02085620_1152.JPEG ----------
Latency(us)/Energy(mJ): 0 0 0 0 0 
Latency(us)/Energy(mJ): 106379 421.53 25.1498 80.8237 127.852 
Latency(us)/Energy(mJ): 684 2.5904 0.151891 0.506746 0.775374 
Latency(us)/Energy(mJ): 107308 410.443 24.5702 74.2827 123.621 
Latency(us)/Energy(mJ): 7672 29.1681 1.74856 5.24568 8.88687 
Latency(us)/Energy(mJ): 221714 871.473 50.7677 168.854 262.801 
Latency(us)/Energy(mJ): 423 1.61728 0.094119 0.314004 0.484634 
Latency(us)/Energy(mJ): 400243 1499.68 91.631 275.658 445.463 
Latency(us)/Energy(mJ): 3760 14.0957 0.862153 2.58646 4.22595 
Latency(us)/Energy(mJ): 145974 567.759 33.4143 111.039 170.326 
Latency(us)/Energy(mJ): 146 0.571924 0.033608 0.112125 0.171562 
Latency(us)/Energy(mJ): 111504 434.563 25.5361 85.1947 130.909 
Latency(us)/Energy(mJ): 147 0.571534 0.0335851 0.112048 0.171446 
Latency(us)/Energy(mJ): 75278 296.054 17.2312 57.4874 89.3852 
Latency(us)/Energy(mJ): 97 0.401606 0.0233717 0.0779738 0.121247 
Latency(us)/Energy(mJ): 914 3.63677 0.212233 0.70806 1.08759 
Latency(us)/Energy(mJ): 182861 748.288 41.862 126.208 237.326 
Latency(us)/Energy(mJ): 9 0 0 0 0 
Latency(us)/Energy(mJ): 0 0 0 0 0 
Latency(us)/Energy(mJ): 82693 338.008 18.9344 56.8032 107.736 
Latency(us)/Energy(mJ): 9 0 0 0 0 
Latency(us)/Energy(mJ): 1 0 0 0 0 
Latency(us)/Energy(mJ): 20151 82.3072 4.61065 13.832 26.2344 
Latency(us)/Energy(mJ): 99 0.484183 0.0271228 0.0813683 0.154327 
0.5948 - "n02085620 Chihuahua"
0.0656 - "n02110806 basenji"
0.0383 - "n02113023 Pembroke, Pembroke Welsh corgi"
0.0311 - "n02091244 Ibizan hound, Ibizan Podenco"
0.0298 - "n02389026 sorrel"
