loading weight: /home/nvidia/caffe-build/models/bvlc_alexnet/bvlc_alexnet.caffemodel
loading prototxt: /home/nvidia/caffe-build/models/bvlc_alexnet/deploy.prototxt
---------- Prediction for /home/nvidia/caffe-build/examples/images/cat.jpg ----------
Latency(us)/Energy(mJ): 1 0 0 0 0 
Latency(us)/Energy(mJ): 3123 9.31951 0.621632 3.34696 1.93469 
Latency(us)/Energy(mJ): 26 0 0 0 0 
Latency(us)/Energy(mJ): 284 0.901736 0.0870165 0.305271 0.191151 
Latency(us)/Energy(mJ): 96 0.359546 0.0345717 0.121284 0.0759445 
Latency(us)/Energy(mJ): 3575 12.0181 1.59117 3.60039 2.60824 
Latency(us)/Energy(mJ): 26 0 0 0 0 
Latency(us)/Energy(mJ): 216 1.00738 0.173188 0.281466 0.217123 
Latency(us)/Energy(mJ): 76 0 0 0 0 
Latency(us)/Energy(mJ): 2750 10.0938 1.8145 2.75294 2.18368 
Latency(us)/Energy(mJ): 26 0 0 0 0 
Latency(us)/Energy(mJ): 1954 7.49408 1.57349 1.96708 1.5788 
Latency(us)/Energy(mJ): 26 0.437804 0.095298 0.112656 0.0913272 
Latency(us)/Energy(mJ): 1560 5.71614 1.29033 1.46423 1.18701 
Latency(us)/Energy(mJ): 25 0.442699 0.104058 0.112805 0.091448 
Latency(us)/Energy(mJ): 39 0 0 0 0 
Latency(us)/Energy(mJ): 2139 8.48294 1.91202 2.16151 1.79266 
Latency(us)/Energy(mJ): 25 0 0 0 0 
Latency(us)/Energy(mJ): 5 0 0 0 0 
Latency(us)/Energy(mJ): 8798 39.7811 8.79004 8.26956 10.3856 
Latency(us)/Energy(mJ): 26 0 0 0 0 
Latency(us)/Energy(mJ): 1 0 0 0 0 
Latency(us)/Energy(mJ): 3778 19.2818 4.2169 3.45378 5.73438 
Latency(us)/Energy(mJ): 171 1.04083 0.226138 0.18091 0.317383 
0.3094 - "n02124075 Egyptian cat"
0.1761 - "n02123159 tiger cat"
0.1221 - "n02123045 tabby, tabby cat"
0.1132 - "n02119022 red fox, Vulpes vulpes"
0.0421 - "n02085620 Chihuahua"
