loading weight: /home/nvidia/caffe-build/models/bvlc_alexnet/bvlc_alexnet.caffemodel
loading prototxt: /home/nvidia/caffe-build/models/bvlc_alexnet/deploy.prototxt
---------- Prediction for /home/nvidia/Downloads/ILSVRC2012_img_train_t3/n02085620/n02085620_1152.JPEG ----------
Latency(us)/Energy(mJ): 0 0 0 0 0 
Latency(us)/Energy(mJ): 289 1.20265 0.0780423 0.174245 0.409804 
Latency(us)/Energy(mJ): 34 0.134308 0.01175 0.0188432 0.0443171 
Latency(us)/Energy(mJ): 73 0.340666 0.0350828 0.0468026 0.11153 
Latency(us)/Energy(mJ): 66 0.205384 0.024329 0.0278372 0.0663354 
Latency(us)/Energy(mJ): 939 4.71084 0.873334 0.574358 1.41598 
Latency(us)/Energy(mJ): 33 0.249215 0.05878 0.0276452 0.070246 
Latency(us)/Energy(mJ): 57 0.421497 0.107648 0.0462624 0.117552 
Latency(us)/Energy(mJ): 59 0.171809 0.044399 0.0186782 0.047461 
Latency(us)/Energy(mJ): 922 5.78999 1.75517 0.580903 1.50905 
Latency(us)/Energy(mJ): 36 0.195276 0.0646781 0.0184708 0.0498106 
Latency(us)/Energy(mJ): 954 6.66154 2.34445 0.579402 1.67612 
Latency(us)/Energy(mJ): 43 0.226322 0.0849685 0.0183732 0.056475 
Latency(us)/Energy(mJ): 622 5.08372 1.95106 0.395353 1.2578 
Latency(us)/Energy(mJ): 41 0.245676 0.0963501 0.018361 0.0604709 
Latency(us)/Energy(mJ): 49 0.371296 0.144941 0.0276208 0.0909675 
Latency(us)/Energy(mJ): 747 6.23818 2.44928 0.462331 1.54166 
Latency(us)/Energy(mJ): 38 0.252492 0.0976945 0.0186172 0.0642141 
Latency(us)/Energy(mJ): 1 0 0 0 0 
Latency(us)/Energy(mJ): 4544 43.7115 16.5368 2.76043 12.0052 
Latency(us)/Energy(mJ): 38 0.489889 0.183305 0.027673 0.140864 
Latency(us)/Energy(mJ): 0 0.327742 0.122634 0.0185136 0.0948176 
Latency(us)/Energy(mJ): 2013 22.4353 8.28552 1.22573 6.56926 
Latency(us)/Energy(mJ): 48 0.350966 0.128145 0.0186476 0.104292 
0.5948 - "n02085620 Chihuahua"
0.0656 - "n02110806 basenji"
0.0383 - "n02113023 Pembroke, Pembroke Welsh corgi"
0.0311 - "n02091244 Ibizan hound, Ibizan Podenco"
0.0298 - "n02389026 sorrel"
