loading weight: /home/nvidia/caffe-build/models/bvlc_alexnet/bvlc_alexnet.caffemodel
loading prototxt: /home/nvidia/caffe-build/models/bvlc_alexnet/deploy.prototxt
---------- Prediction for /home/nvidia/Downloads/ILSVRC2012_img_train_t3/n02085620/n02085620_1152.JPEG ----------
Latency(us)/Energy(mJ): 0 0 0 0 0 
Latency(us)/Energy(mJ): 211 0.896791 0.0360806 0.152783 0.306748 
Latency(us)/Energy(mJ): 20 0.126675 0.0064349 0.0214403 0.042993 
Latency(us)/Energy(mJ): 48 0.20757 0.0104561 0.0348386 0.0698598 
Latency(us)/Energy(mJ): 42 0.130197 0.00655856 0.0218523 0.0438192 
Latency(us)/Energy(mJ): 1257 6.06247 0.650683 0.947417 1.95009 
Latency(us)/Energy(mJ): 20 0.234561 0.0344571 0.0344571 0.0725721 
Latency(us)/Energy(mJ): 38 0.146782 0.0215624 0.0215624 0.0454138 
Latency(us)/Energy(mJ): 38 0.231964 0.0340756 0.0340756 0.0717686 
Latency(us)/Energy(mJ): 1480 8.2045 1.53908 1.13699 2.42298 
Latency(us)/Energy(mJ): 22 0 0 0 0 
Latency(us)/Energy(mJ): 1155 7.10827 1.64398 0.890574 2.06762 
Latency(us)/Energy(mJ): 29 0.292937 0.0732114 0.0348691 0.0848192 
Latency(us)/Energy(mJ): 819 5.33189 1.36909 0.613391 1.55033 
Latency(us)/Energy(mJ): 30 0.19124 0.05124 0.021364 0.05572 
Latency(us)/Energy(mJ): 34 0.308989 0.0827892 0.0345181 0.0900276 
Latency(us)/Energy(mJ): 659 4.64018 1.25183 0.505903 1.35379 
Latency(us)/Energy(mJ): 25 0.20135 0.0538155 0.0215036 0.0593749 
Latency(us)/Energy(mJ): 0 0 0 0 0 
Latency(us)/Energy(mJ): 4928 40.3444 10.3908 3.73022 12.9612 
Latency(us)/Energy(mJ): 24 0.414497 0.103556 0.0345338 0.140492 
Latency(us)/Energy(mJ): 0 0 0 0 0 
Latency(us)/Energy(mJ): 2190 20.6941 5.13819 1.67042 7.09555 
Latency(us)/Energy(mJ): 31 0.265232 0.0646914 0.0208514 0.0917352 
0.5948 - "n02085620 Chihuahua"
0.0656 - "n02110806 basenji"
0.0383 - "n02113023 Pembroke, Pembroke Welsh corgi"
0.0311 - "n02091244 Ibizan hound, Ibizan Podenco"
0.0298 - "n02389026 sorrel"
