loading weight: /home/nvidia/caffe-build/models/bvlc_alexnet/bvlc_alexnet.caffemodel
loading prototxt: /home/nvidia/caffe-build/models/bvlc_alexnet/deploy.prototxt
---------- Prediction for /home/nvidia/Downloads/ILSVRC2012_img_train_t3/n02085620/n02085620_1152.JPEG ----------
Latency(us)/Energy(mJ): 0 0 0 0 0 
Latency(us)/Energy(mJ): 840 2.96631 0.151368 0.193143 1.08867 
Latency(us)/Energy(mJ): 114 0.316115 0.0199367 0.0199367 0.113439 
Latency(us)/Energy(mJ): 206 0.797949 0.066612 0.0500136 0.284575 
Latency(us)/Energy(mJ): 205 0.798257 0.0655689 0.0492304 0.283413 
Latency(us)/Energy(mJ): 2306 9.22773 1.17761 0.530918 3.1752 
Latency(us)/Energy(mJ): 112 0.363137 0.0593705 0.0197902 0.120902 
Latency(us)/Energy(mJ): 177 0.730579 0.118892 0.0396307 0.242111 
Latency(us)/Energy(mJ): 185 0.925998 0.149725 0.0499083 0.308177 
Latency(us)/Energy(mJ): 2352 10.4085 1.95785 0.538136 3.36827 
Latency(us)/Energy(mJ): 118 0.609182 0.120417 0.0301043 0.196533 
Latency(us)/Energy(mJ): 2436 11.9996 2.55166 0.558714 3.91598 
Latency(us)/Energy(mJ): 132 0.678089 0.150613 0.0301227 0.224013 
Latency(us)/Energy(mJ): 1530 7.96169 1.79482 0.345085 2.61984 
Latency(us)/Energy(mJ): 123 0.715882 0.16232 0.0304433 0.2365 
Latency(us)/Energy(mJ): 142 0.937854 0.21116 0.0396033 0.310163 
Latency(us)/Energy(mJ): 1641 8.64074 1.91109 0.373742 2.88427 
Latency(us)/Energy(mJ): 122 0.683062 0.145575 0.0291151 0.234328 
Latency(us)/Energy(mJ): 2 0 0 0 0 
Latency(us)/Energy(mJ): 7523 48.1617 9.5738 1.71698 18.0341 
Latency(us)/Energy(mJ): 123 0.946672 0.18217 0.030251 0.370575 
Latency(us)/Energy(mJ): 1 0 0 0 0 
Latency(us)/Energy(mJ): 3274 24.213 4.51364 0.74996 9.56688 
Latency(us)/Energy(mJ): 142 0.995995 0.181543 0.030169 0.397489 
0.5948 - "n02085620 Chihuahua"
0.0656 - "n02110806 basenji"
0.0383 - "n02113023 Pembroke, Pembroke Welsh corgi"
0.0311 - "n02091244 Ibizan hound, Ibizan Podenco"
0.0298 - "n02389026 sorrel"
