loading weight: /home/nvidia/caffe-build/models/bvlc_alexnet/bvlc_alexnet.caffemodel
loading prototxt: /home/nvidia/caffe-build/models/bvlc_alexnet/deploy.prototxt
---------- Prediction for /home/nvidia/Downloads/ILSVRC2012_img_train_t3/n02085620/n02085620_1152.JPEG ----------
Latency(us)/Energy(mJ): 0 0 0 0 0 
Latency(us)/Energy(mJ): 543 1.96648 0.0789154 0.15835 0.726333 
Latency(us)/Energy(mJ): 44 0.122546 0.00487616 0.0097844 0.0448799 
Latency(us)/Energy(mJ): 92 0.472916 0.0188176 0.037759 0.173196 
Latency(us)/Energy(mJ): 87 0.296585 0.0118013 0.0236802 0.108618 
Latency(us)/Energy(mJ): 6796 27.0924 2.4562 2.07652 9.46618 
Latency(us)/Energy(mJ): 43 0.132445 0.0147018 0.0097905 0.0455178 
Latency(us)/Energy(mJ): 74 0.318032 0.0353026 0.0235094 0.109299 
Latency(us)/Energy(mJ): 78 0.31993 0.0355133 0.0236497 0.109952 
Latency(us)/Energy(mJ): 8743 36.5308 5.02529 2.67342 12.058 
Latency(us)/Energy(mJ): 45 0.136051 0.0196009 0.0097844 0.0442704 
Latency(us)/Energy(mJ): 6261 27.5103 4.0709 1.91304 9.161 
Latency(us)/Energy(mJ): 55 0.20304 0.0309425 0.0137372 0.0681906 
Latency(us)/Energy(mJ): 4730 21.6 3.25719 1.44606 7.30775 
Latency(us)/Energy(mJ): 54 0.145588 0.0218191 0.0096868 0.0492915 
Latency(us)/Energy(mJ): 65 0.352235 0.0527891 0.0234362 0.119256 
Latency(us)/Energy(mJ): 4234 19.5817 2.91196 1.29279 6.67828 
Latency(us)/Energy(mJ): 48 0.147597 0.0217642 0.0096624 0.0515117 
Latency(us)/Energy(mJ): 1 0 0 0 0 
Latency(us)/Energy(mJ): 21530 114.381 14.7789 6.56958 43.3803 
Latency(us)/Energy(mJ): 42 0.176788 0.0194834 0.0097417 0.0690543 
Latency(us)/Energy(mJ): 0 0 0 0 0 
Latency(us)/Energy(mJ): 9538 53.6796 6.34066 2.9129 21.016 
Latency(us)/Energy(mJ): 51 0.257188 0.0277672 0.0138836 0.101009 
0.5948 - "n02085620 Chihuahua"
0.0656 - "n02110806 basenji"
0.0383 - "n02113023 Pembroke, Pembroke Welsh corgi"
0.0311 - "n02091244 Ibizan hound, Ibizan Podenco"
0.0298 - "n02389026 sorrel"
