loading weight: /home/nvidia/caffe-build/models/bvlc_alexnet/bvlc_alexnet.caffemodel
loading prototxt: /home/nvidia/caffe-build/models/bvlc_alexnet/deploy.prototxt
---------- Prediction for /home/nvidia/Downloads/ILSVRC2012_img_train_t3/n02085620/n02085620_1152.JPEG ----------
Latency(us)/Energy(mJ): 0 0 0 0 0 
Latency(us)/Energy(mJ): 235 0.988413 0.0430127 0.141447 0.347472 
Latency(us)/Energy(mJ): 24 0 0 0 0 
Latency(us)/Energy(mJ): 55 0.329238 0.0195377 0.0461916 0.114458 
Latency(us)/Energy(mJ): 49 0.201199 0.013969 0.0279838 0.0693412 
Latency(us)/Energy(mJ): 1164 5.38978 0.65478 0.694047 1.76235 
Latency(us)/Energy(mJ): 24 0.229063 0.0381242 0.0277638 0.0722496 
Latency(us)/Energy(mJ): 44 0.14658 0.0242135 0.0176335 0.0464646 
Latency(us)/Energy(mJ): 44 0.376629 0.0620357 0.0451773 0.119043 
Latency(us)/Energy(mJ): 1315 7.21933 1.52218 0.808691 2.14667 
Latency(us)/Energy(mJ): 26 0 0 0 0 
Latency(us)/Energy(mJ): 1084 6.74645 1.73463 0.673757 1.95941 
Latency(us)/Energy(mJ): 32 0 0 0 0 
Latency(us)/Energy(mJ): 760 5.22514 1.48392 0.476556 1.50728 
Latency(us)/Energy(mJ): 33 0.197097 0.0587639 0.0174094 0.0567946 
Latency(us)/Energy(mJ): 37 0.31588 0.0941787 0.0279014 0.0910226 
Latency(us)/Energy(mJ): 666 4.6907 1.39445 0.407065 1.35156 
Latency(us)/Energy(mJ): 29 0.203347 0.0608475 0.017385 0.0594225 
Latency(us)/Energy(mJ): 0 0 0 0 0 
Latency(us)/Energy(mJ): 4695 39.2661 11.2185 2.8707 12.4395 
Latency(us)/Energy(mJ): 28 0 0 0 0 
Latency(us)/Energy(mJ): 0 0 0 0 0 
Latency(us)/Energy(mJ): 2120 20.4942 5.65562 1.29845 6.89617 
Latency(us)/Energy(mJ): 36 0.450859 0.124716 0.0277095 0.153199 
0.5948 - "n02085620 Chihuahua"
0.0656 - "n02110806 basenji"
0.0383 - "n02113023 Pembroke, Pembroke Welsh corgi"
0.0311 - "n02091244 Ibizan hound, Ibizan Podenco"
0.0298 - "n02389026 sorrel"
