loading weight: /home/nvidia/caffe-build/models/bvlc_alexnet/bvlc_alexnet.caffemodel
loading prototxt: /home/nvidia/caffe-build/models/bvlc_alexnet/deploy.prototxt
---------- Prediction for /home/nvidia/caffe-build/examples/images/cat.jpg ----------
Latency(us)/Energy(mJ): 0 0 0 0 0 
Latency(us)/Energy(mJ): 3929 13.8513 0.805473 1.50052 5.37456 
Latency(us)/Energy(mJ): 84 0.298476 0.0304454 0.0304454 0.113015 
Latency(us)/Energy(mJ): 458 1.49267 0.152284 0.152284 0.565286 
Latency(us)/Energy(mJ): 227 1.15837 0.125144 0.116567 0.436387 
Latency(us)/Energy(mJ): 2372 9.49531 1.30879 0.90534 3.47635 
Latency(us)/Energy(mJ): 88 0 0 0 0 
Latency(us)/Energy(mJ): 370 1.65874 0.271193 0.150794 0.591667 
Latency(us)/Energy(mJ): 195 0.847564 0.137297 0.0763427 0.302573 
Latency(us)/Energy(mJ): 1847 8.29844 1.4943 0.730272 2.89864 
Latency(us)/Energy(mJ): 102 0.525002 0.098658 0.0447485 0.177819 
Latency(us)/Energy(mJ): 1775 8.17529 1.68953 0.628606 2.7609 
Latency(us)/Energy(mJ): 67 0 0 0 0 
Latency(us)/Energy(mJ): 1329 6.3707 1.41491 0.414861 2.10586 
Latency(us)/Energy(mJ): 104 0.54855 0.123844 0.0353342 0.179799 
Latency(us)/Energy(mJ): 114 0.377379 0.0851993 0.0243085 0.123694 
Latency(us)/Energy(mJ): 1855 9.01788 2.04815 0.584365 2.9772 
Latency(us)/Energy(mJ): 99 0.507068 0.111764 0.0318877 0.170312 
Latency(us)/Energy(mJ): 6 0 0 0 0 
Latency(us)/Energy(mJ): 4900 27.1376 6.18609 1.50362 9.43905 
Latency(us)/Energy(mJ): 84 0.538017 0.128543 0.0270383 0.191661 
Latency(us)/Energy(mJ): 3 0 0 0 0 
Latency(us)/Energy(mJ): 2110 13.1594 3.10048 0.63559 4.73099 
Latency(us)/Energy(mJ): 573 3.81599 0.885767 0.177037 1.3807 
0.3094 - "n02124075 Egyptian cat"
0.1761 - "n02123159 tiger cat"
0.1221 - "n02123045 tabby, tabby cat"
0.1132 - "n02119022 red fox, Vulpes vulpes"
0.0421 - "n02085620 Chihuahua"
