loading weight: /home/nvidia/caffe-build/models/bvlc_alexnet/bvlc_alexnet.caffemodel
loading prototxt: /home/nvidia/caffe-build/models/bvlc_alexnet/deploy.prototxt
---------- Prediction for /home/nvidia/Downloads/ILSVRC2012_img_train_t3/n02085620/n02085620_1152.JPEG ----------
Latency(us)/Energy(mJ): 0 0 0 0 0 
Latency(us)/Energy(mJ): 326 1.34415 0.0455179 0.297064 0.413255 
Latency(us)/Energy(mJ): 27 0.206297 0.010392 0.045017 0.0626244 
Latency(us)/Energy(mJ): 68 0.334222 0.0168361 0.0729318 0.101458 
Latency(us)/Energy(mJ): 61 0.130561 0.00657688 0.0284902 0.0396336 
Latency(us)/Energy(mJ): 1945 9.45712 0.832652 1.94682 2.79483 
Latency(us)/Energy(mJ): 23 0.144778 0.0175192 0.0284902 0.042362 
Latency(us)/Energy(mJ): 53 0.375237 0.0450668 0.073289 0.108973 
Latency(us)/Energy(mJ): 48 0.230079 0.027633 0.0449376 0.0668175 
Latency(us)/Energy(mJ): 2434 12.9171 1.97315 2.41949 3.63949 
Latency(us)/Energy(mJ): 26 0.157874 0.0263075 0.0284902 0.0440278 
Latency(us)/Energy(mJ): 1909 10.9084 2.02608 1.81488 3.10604 
Latency(us)/Energy(mJ): 42 0.17164 0.0327642 0.0262342 0.0493181 
Latency(us)/Energy(mJ): 1332 8.19436 1.66547 1.21736 2.37608 
Latency(us)/Energy(mJ): 41 0.462725 0.0952776 0.0672159 0.134946 
Latency(us)/Energy(mJ): 53 0.281817 0.0580278 0.0409371 0.0821874 
Latency(us)/Energy(mJ): 1029 6.61781 1.39506 0.946128 1.95258 
Latency(us)/Energy(mJ): 31 0.181117 0.0383342 0.0255468 0.0544719 
Latency(us)/Energy(mJ): 1 0 0 0 0 
Latency(us)/Energy(mJ): 6545 49.0472 9.62738 5.98975 16.3385 
Latency(us)/Energy(mJ): 28 0.235582 0.0437998 0.0262971 0.0830299 
Latency(us)/Energy(mJ): 0 0 0 0 0 
Latency(us)/Energy(mJ): 2870 24.3328 4.59016 2.63661 8.72656 
Latency(us)/Energy(mJ): 38 0.390305 0.07248 0.0414495 0.142151 
0.5948 - "n02085620 Chihuahua"
0.0656 - "n02110806 basenji"
0.0383 - "n02113023 Pembroke, Pembroke Welsh corgi"
0.0311 - "n02091244 Ibizan hound, Ibizan Podenco"
0.0298 - "n02389026 sorrel"
