loading weight: /home/nvidia/caffe-build/models/bvlc_alexnet/bvlc_alexnet.caffemodel
loading prototxt: /home/nvidia/caffe-build/models/bvlc_alexnet/deploy.prototxt
---------- Prediction for /home/nvidia/Downloads/ILSVRC2012_img_train_t3/n02085620/n02085620_1152.JPEG ----------
Latency(us)/Energy(mJ): 0 0 0 0 0 
Latency(us)/Energy(mJ): 387 1.7889 0.05586 0.533242 0.4998 
Latency(us)/Energy(mJ): 30 0.22084 0.00686736 0.0655562 0.0614448 
Latency(us)/Energy(mJ): 64 0.353109 0.0109805 0.10482 0.0982464 
Latency(us)/Energy(mJ): 59 0.132563 0.00412224 0.0393511 0.0368832 
Latency(us)/Energy(mJ): 4185 21.4227 1.57774 5.92794 5.82774 
Latency(us)/Energy(mJ): 28 0.239922 0.0241368 0.0621048 0.0649524 
Latency(us)/Energy(mJ): 52 0.143634 0.01445 0.0371804 0.0388852 
Latency(us)/Energy(mJ): 51 0.383556 0.0385868 0.0992852 0.103324 
Latency(us)/Energy(mJ): 5362 29.0487 3.62281 7.36654 7.58782 
Latency(us)/Energy(mJ): 34 0.250514 0.0345334 0.0621872 0.0650386 
Latency(us)/Energy(mJ): 3899 22.0855 3.14943 5.02985 5.89564 
Latency(us)/Energy(mJ): 47 0.425878 0.0610289 0.0943438 0.115657 
Latency(us)/Energy(mJ): 2884 17.2791 2.63853 3.76356 4.74136 
Latency(us)/Energy(mJ): 45 0.272601 0.041358 0.0586244 0.0752128 
Latency(us)/Energy(mJ): 50 0.164526 0.0249612 0.0353822 0.0453939 
Latency(us)/Energy(mJ): 2537 15.4076 2.3224 3.29197 4.29244 
Latency(us)/Energy(mJ): 33 0.278537 0.0414678 0.05878 0.0797632 
Latency(us)/Energy(mJ): 1 0 0 0 0 
Latency(us)/Energy(mJ): 13179 91.2339 12.3401 17.1036 29.3397 
Latency(us)/Energy(mJ): 34 0.200064 0.0249978 0.0354067 0.0679448 
Latency(us)/Energy(mJ): 1 0 0 0 0 
Latency(us)/Energy(mJ): 5817 43.2467 5.30561 7.51483 14.8417 
Latency(us)/Energy(mJ): 40 0.54314 0.0658068 0.0932083 0.188502 
0.5948 - "n02085620 Chihuahua"
0.0656 - "n02110806 basenji"
0.0383 - "n02113023 Pembroke, Pembroke Welsh corgi"
0.0311 - "n02091244 Ibizan hound, Ibizan Podenco"
0.0298 - "n02389026 sorrel"
