loading weight: /home/nvidia/caffe-build/models/bvlc_alexnet/bvlc_alexnet.caffemodel
loading prototxt: /home/nvidia/caffe-build/models/bvlc_alexnet/deploy.prototxt
---------- Prediction for /home/nvidia/caffe-build/examples/images/cat.jpg ----------
Latency(us)/Energy(mJ): 6 0 0 0 0 
Latency(us)/Energy(mJ): 8175 21.6254 1.90874 8.77856 3.34441 
Latency(us)/Energy(mJ): 36 0.320837 0.0433379 0.121392 0.049918 
Latency(us)/Energy(mJ): 697 1.86422 0.251814 0.705344 0.303232 
Latency(us)/Energy(mJ): 216 0.548066 0.0740316 0.207366 0.089148 
Latency(us)/Energy(mJ): 9810 29.6528 5.34782 9.8248 4.91146 
Latency(us)/Energy(mJ): 30 0 0 0 0 
Latency(us)/Energy(mJ): 554 1.90828 0.413299 0.597389 0.311027 
Latency(us)/Energy(mJ): 191 0.613306 0.132831 0.191997 0.101479 
Latency(us)/Energy(mJ): 5774 18.6639 4.30433 5.72977 3.104 
Latency(us)/Energy(mJ): 28 0 0 0 0 
Latency(us)/Energy(mJ): 3946 13.3004 3.47178 3.64585 2.06285 
Latency(us)/Energy(mJ): 32 0.269869 0.0726846 0.0727639 0.0410239 
Latency(us)/Energy(mJ): 3748 12.4983 3.36621 3.36988 1.89992 
Latency(us)/Energy(mJ): 55 0.386694 0.104149 0.104263 0.0587829 
Latency(us)/Energy(mJ): 49 0.27378 0.073738 0.0738185 0.0416185 
Latency(us)/Energy(mJ): 7323 23.9207 6.13802 6.68479 3.72164 
Latency(us)/Energy(mJ): 36 0.264439 0.0614638 0.0737726 0.0446498 
Latency(us)/Energy(mJ): 5 0 0 0 0 
Latency(us)/Energy(mJ): 32981 114.95 27.2892 30.1899 22.8392 
Latency(us)/Energy(mJ): 35 0.406548 0.0864466 0.103645 0.0888227 
Latency(us)/Energy(mJ): 2 0 0 0 0 
Latency(us)/Energy(mJ): 14315 51.6715 10.9155 13.0871 11.3661 
Latency(us)/Energy(mJ): 223 0.989992 0.208305 0.249747 0.219483 
0.3094 - "n02124075 Egyptian cat"
0.1761 - "n02123159 tiger cat"
0.1221 - "n02123045 tabby, tabby cat"
0.1132 - "n02119022 red fox, Vulpes vulpes"
0.0421 - "n02085620 Chihuahua"
