loading weight: /home/nvidia/caffe-build/models/bvlc_alexnet/bvlc_alexnet.caffemodel
loading prototxt: /home/nvidia/caffe-build/models/bvlc_alexnet/deploy.prototxt
---------- Prediction for /home/nvidia/caffe-build/examples/images/cat.jpg ----------
Latency(us)/Energy(mJ): 1 0 0 0 0 
Latency(us)/Energy(mJ): 4866 17.0233 0.868292 2.55395 6.24913 
Latency(us)/Energy(mJ): 61 0.424308 0.0345565 0.0605022 0.151935 
Latency(us)/Energy(mJ): 341 1.46841 0.119591 0.209381 0.533256 
Latency(us)/Energy(mJ): 173 0.312582 0.0252082 0.0441351 0.112404 
Latency(us)/Energy(mJ): 3663 14.7534 1.59767 1.98736 5.25235 
Latency(us)/Energy(mJ): 62 0.473863 0.0607692 0.0607692 0.163531 
Latency(us)/Energy(mJ): 343 1.16051 0.148826 0.148826 0.402059 
Latency(us)/Energy(mJ): 141 0.819683 0.105118 0.105118 0.286614 
Latency(us)/Energy(mJ): 2928 12.5479 1.86714 1.57418 4.29214 
Latency(us)/Energy(mJ): 55 0 0 0 0 
Latency(us)/Energy(mJ): 2571 11.2476 1.89161 1.35942 3.74706 
Latency(us)/Energy(mJ): 57 0.49617 0.084693 0.050838 0.161616 
Latency(us)/Energy(mJ): 1709 7.92349 1.44012 0.809881 2.5955 
Latency(us)/Energy(mJ): 69 0.381151 0.071022 0.0387239 0.124711 
Latency(us)/Energy(mJ): 85 0 0 0 0 
Latency(us)/Energy(mJ): 2112 9.72376 1.78385 1.04008 3.1898 
Latency(us)/Energy(mJ): 76 0.524479 0.095298 0.0519601 0.175847 
Latency(us)/Energy(mJ): 8 0 0 0 0 
Latency(us)/Energy(mJ): 6534 33.8822 6.20698 2.98974 11.9323 
Latency(us)/Energy(mJ): 54 0.475258 0.088644 0.038014 0.173055 
Latency(us)/Energy(mJ): 2 0 0 0 0 
Latency(us)/Energy(mJ): 2897 17.0521 3.16614 1.31561 6.25693 
Latency(us)/Energy(mJ): 415 2.93593 0.546489 0.218787 1.08613 
0.3094 - "n02124075 Egyptian cat"
0.1761 - "n02123159 tiger cat"
0.1221 - "n02123045 tabby, tabby cat"
0.1132 - "n02119022 red fox, Vulpes vulpes"
0.0421 - "n02085620 Chihuahua"
