loading weight: /home/nvidia/caffe-build/models/bvlc_alexnet/bvlc_alexnet.caffemodel
loading prototxt: /home/nvidia/caffe-build/models/bvlc_alexnet/deploy.prototxt
---------- Prediction for /home/nvidia/Downloads/ILSVRC2012_img_train_t3/n02085620/n02085620_1152.JPEG ----------
Latency(us)/Energy(mJ): 0 0 0 0 0 
Latency(us)/Energy(mJ): 226 0.861308 0.0462626 0.107879 0.302881 
Latency(us)/Energy(mJ): 24 0.124761 0.0066181 0.0154326 0.0437546 
Latency(us)/Energy(mJ): 53 0.327728 0.022875 0.04005 0.11355 
Latency(us)/Energy(mJ): 50 0.201745 0.0173431 0.0243077 0.0689173 
Latency(us)/Energy(mJ): 1033 5.0173 0.73567 0.553074 1.60724 
Latency(us)/Energy(mJ): 24 0.149795 0.0286093 0.0154006 0.0458556 
Latency(us)/Energy(mJ): 42 0.239312 0.0453741 0.0244252 0.0727266 
Latency(us)/Energy(mJ): 43 0.153673 0.0311429 0.0155714 0.0463644 
Latency(us)/Energy(mJ): 1125 6.28254 1.56683 0.592121 1.79082 
Latency(us)/Energy(mJ): 27 0.270164 0.0756893 0.0240727 0.0750131 
Latency(us)/Energy(mJ): 990 6.38991 1.91977 0.529034 1.76243 
Latency(us)/Energy(mJ): 33 0.308648 0.0994073 0.023998 0.0842625 
Latency(us)/Energy(mJ): 686 4.95444 1.63601 0.37003 1.35173 
Latency(us)/Energy(mJ): 33 0 0 0 0 
Latency(us)/Energy(mJ): 41 0.550338 0.18714 0.0397189 0.14998 
Latency(us)/Energy(mJ): 629 4.49392 1.54078 0.318638 1.22927 
Latency(us)/Energy(mJ): 30 0.347074 0.117936 0.024297 0.096642 
Latency(us)/Energy(mJ): 0 0 0 0 0 
Latency(us)/Energy(mJ): 4630 41.0481 13.4613 2.46 12.3078 
Latency(us)/Energy(mJ): 29 0.458192 0.147876 0.0246459 0.144223 
Latency(us)/Energy(mJ): 0 0 0 0 0 
Latency(us)/Energy(mJ): 2042 20.7235 6.59304 1.07732 6.60212 
Latency(us)/Energy(mJ): 36 0.780848 0.247974 0.039442 0.252044 
0.5948 - "n02085620 Chihuahua"
0.0656 - "n02110806 basenji"
0.0383 - "n02113023 Pembroke, Pembroke Welsh corgi"
0.0311 - "n02091244 Ibizan hound, Ibizan Podenco"
0.0298 - "n02389026 sorrel"
