loading weight: /home/nvidia/caffe-build/models/bvlc_alexnet/bvlc_alexnet.caffemodel
loading prototxt: /home/nvidia/caffe-build/models/bvlc_alexnet/deploy.prototxt
---------- Prediction for /home/nvidia/caffe-build/examples/images/cat.jpg ----------
Latency(us)/Energy(mJ): 6 0 0 0 0 
Latency(us)/Energy(mJ): 8275 21.8641 1.71687 9.02859 3.44336 
Latency(us)/Energy(mJ): 36 0.225513 0.024644 0.086456 0.037168 
Latency(us)/Energy(mJ): 636 1.62082 0.177174 0.621563 0.267214 
Latency(us)/Energy(mJ): 195 0.540841 0.0591243 0.20742 0.089171 
Latency(us)/Energy(mJ): 10229 29.9204 4.39196 10.3772 5.1318 
Latency(us)/Energy(mJ): 33 0.346052 0.060562 0.112408 0.0585244 
Latency(us)/Energy(mJ): 505 1.42212 0.248882 0.461944 0.240508 
Latency(us)/Energy(mJ): 147 0.590765 0.103389 0.191897 0.0999103 
Latency(us)/Energy(mJ): 6301 19.3491 3.58239 6.2414 3.2847 
Latency(us)/Energy(mJ): 31 0.24931 0.048605 0.0789931 0.0411274 
Latency(us)/Energy(mJ): 4208 13.146 2.77422 4.13699 2.1539 
Latency(us)/Energy(mJ): 36 0.256961 0.0549944 0.0794896 0.0413859 
Latency(us)/Energy(mJ): 4084 12.8556 2.78338 4.02314 2.0463 
Latency(us)/Energy(mJ): 32 0 0 0 0 
Latency(us)/Energy(mJ): 52 0.359705 0.0779058 0.112606 0.0564732 
Latency(us)/Energy(mJ): 7440 22.8152 4.75517 6.81809 3.68349 
Latency(us)/Energy(mJ): 38 0.348455 0.068768 0.103208 0.0603268 
Latency(us)/Energy(mJ): 6 0 0 0 0 
Latency(us)/Energy(mJ): 33324 109.404 20.3478 30.5383 22.8701 
Latency(us)/Energy(mJ): 36 0.271226 0.0492771 0.073956 0.0617779 
Latency(us)/Energy(mJ): 2 0 0 0 0 
Latency(us)/Energy(mJ): 14528 49.3353 8.83677 13.2624 11.3718 
Latency(us)/Energy(mJ): 226 0.945828 0.167994 0.252129 0.221335 
0.3094 - "n02124075 Egyptian cat"
0.1761 - "n02123159 tiger cat"
0.1221 - "n02123045 tabby, tabby cat"
0.1132 - "n02119022 red fox, Vulpes vulpes"
0.0421 - "n02085620 Chihuahua"
