loading weight: /home/nvidia/caffe-build/models/bvlc_alexnet/bvlc_alexnet.caffemodel
loading prototxt: /home/nvidia/caffe-build/models/bvlc_alexnet/deploy.prototxt
---------- Prediction for /home/nvidia/caffe-build/examples/images/cat.jpg ----------
Latency(us)/Energy(mJ): 6 0 0 0 0 
Latency(us)/Energy(mJ): 10793 27.9859 2.18388 11.1873 4.45516 
Latency(us)/Energy(mJ): 41 0.214481 0.0244457 0.079589 0.035266 
Latency(us)/Energy(mJ): 732 1.86183 0.212204 0.69088 0.30613 
Latency(us)/Energy(mJ): 234 0.741252 0.084485 0.275061 0.12742 
Latency(us)/Energy(mJ): 15352 42.3452 5.67831 14.5924 7.25497 
Latency(us)/Energy(mJ): 30 0 0 0 0 
Latency(us)/Energy(mJ): 520 1.61234 0.264678 0.529934 0.271012 
Latency(us)/Energy(mJ): 219 0.532053 0.0873406 0.174872 0.0913453 
Latency(us)/Energy(mJ): 11590 32.4156 5.32127 10.6542 5.31409 
Latency(us)/Energy(mJ): 38 0.31541 0.0517769 0.103667 0.047594 
Latency(us)/Energy(mJ): 8759 24.314 4.34944 7.99138 3.6078 
Latency(us)/Energy(mJ): 48 0.225292 0.0432013 0.0740477 0.0324615 
Latency(us)/Energy(mJ): 6135 16.8463 3.27013 5.60507 2.45718 
Latency(us)/Energy(mJ): 49 0.220986 0.0429605 0.0736351 0.0322806 
Latency(us)/Energy(mJ): 50 0 0 0 0 
Latency(us)/Energy(mJ): 7339 20.0432 3.48339 6.3104 3.05569 
Latency(us)/Energy(mJ): 35 0.284282 0.0473114 0.086772 0.0494807 
Latency(us)/Energy(mJ): 33 0 0 0 0 
Latency(us)/Energy(mJ): 36139 108.496 16.5285 30.3143 22.3953 
Latency(us)/Energy(mJ): 31 0.373729 0.0546165 0.10017 0.0845483 
Latency(us)/Energy(mJ): 2 0 0 0 0 
Latency(us)/Energy(mJ): 15627 49.2816 7.13855 13.0925 11.3008 
Latency(us)/Energy(mJ): 229 0.973963 0.140629 0.257922 0.223532 
0.3094 - "n02124075 Egyptian cat"
0.1761 - "n02123159 tiger cat"
0.1221 - "n02123045 tabby, tabby cat"
0.1132 - "n02119022 red fox, Vulpes vulpes"
0.0421 - "n02085620 Chihuahua"
