loading weight: /home/nvidia/caffe-build/models/bvlc_alexnet/bvlc_alexnet.caffemodel
loading prototxt: /home/nvidia/caffe-build/models/bvlc_alexnet/deploy.prototxt
---------- Prediction for /home/nvidia/Downloads/ILSVRC2012_img_train_t3/n02085620/n02085620_1152.JPEG ----------
Latency(us)/Energy(mJ): 0 0 0 0 0 
Latency(us)/Energy(mJ): 192 0.708124 0.0255258 0.140936 0.238791 
Latency(us)/Energy(mJ): 19 0.211332 0.0103874 0.0415498 0.0703987 
Latency(us)/Energy(mJ): 46 0.130825 0.00643032 0.0257213 0.0435802 
Latency(us)/Energy(mJ): 40 0.344102 0.0189076 0.0671062 0.1137 
Latency(us)/Energy(mJ): 1243 6.20204 0.653688 1.11022 1.95633 
Latency(us)/Energy(mJ): 18 0 0 0 0 
Latency(us)/Energy(mJ): 36 0.241514 0.0347165 0.041678 0.073983 
Latency(us)/Energy(mJ): 35 0.146908 0.0209672 0.0230557 0.0446825 
Latency(us)/Energy(mJ): 1486 8.42606 1.53828 1.35029 2.45695 
Latency(us)/Energy(mJ): 20 0.160967 0.033431 0.0250801 0.0460805 
Latency(us)/Energy(mJ): 1145 7.26328 1.63476 1.02565 2.06398 
Latency(us)/Energy(mJ): 26 0 0 0 0 
Latency(us)/Energy(mJ): 814 5.42241 1.3612 0.672324 1.54374 
Latency(us)/Energy(mJ): 28 0.314933 0.082533 0.0378389 0.0888921 
Latency(us)/Energy(mJ): 30 0.193848 0.0508008 0.0232906 0.0552424 
Latency(us)/Energy(mJ): 671 4.70761 1.24825 0.55426 1.34119 
Latency(us)/Energy(mJ): 24 0.33002 0.0868066 0.0381913 0.0957741 
Latency(us)/Energy(mJ): 0 0 0 0 0 
Latency(us)/Energy(mJ): 4952 41.4481 10.5515 4.15117 13.0776 
Latency(us)/Energy(mJ): 22 0.258382 0.0637515 0.0233802 0.085932 
Latency(us)/Energy(mJ): 0 0 0 0 0 
Latency(us)/Energy(mJ): 2182 20.8497 5.1205 1.83121 7.04984 
Latency(us)/Energy(mJ): 30 0 0 0 0 
0.5948 - "n02085620 Chihuahua"
0.0656 - "n02110806 basenji"
0.0383 - "n02113023 Pembroke, Pembroke Welsh corgi"
0.0311 - "n02091244 Ibizan hound, Ibizan Podenco"
0.0298 - "n02389026 sorrel"
