loading weight: /home/nvidia/caffe-build/models/bvlc_alexnet/bvlc_alexnet.caffemodel
loading prototxt: /home/nvidia/caffe-build/models/bvlc_alexnet/deploy.prototxt
---------- Prediction for /home/nvidia/caffe-build/examples/images/cat.jpg ----------
Latency(us)/Energy(mJ): 0 0 0 0 0 
Latency(us)/Energy(mJ): 2773 10.3251 0.558318 1.26646 4.02124 
Latency(us)/Energy(mJ): 30 0 0 0 0 
Latency(us)/Energy(mJ): 186 0.776375 0.0753686 0.0903634 0.294963 
Latency(us)/Energy(mJ): 90 0.310689 0.0298724 0.0358156 0.116909 
Latency(us)/Energy(mJ): 2357 9.91369 1.21784 1.08354 3.64467 
Latency(us)/Energy(mJ): 29 0.341929 0.0530021 0.0353347 0.121203 
Latency(us)/Energy(mJ): 150 0.500594 0.0775967 0.0431469 0.177444 
Latency(us)/Energy(mJ): 78 0.334838 0.0519029 0.0288601 0.118689 
Latency(us)/Energy(mJ): 1796 8.19325 1.38578 0.748277 2.85122 
Latency(us)/Energy(mJ): 28 0 0 0 0 
Latency(us)/Energy(mJ): 1495 7.12945 1.42271 0.57291 2.39499 
Latency(us)/Energy(mJ): 28 0.375632 0.0768304 0.0295085 0.124462 
Latency(us)/Energy(mJ): 1061 5.12373 1.12012 0.399593 1.68542 
Latency(us)/Energy(mJ): 28 0 0 0 0 
Latency(us)/Energy(mJ): 43 0.366002 0.0850735 0.0283083 0.1194 
Latency(us)/Energy(mJ): 1256 6.19148 1.36147 0.477107 2.03286 
Latency(us)/Energy(mJ): 30 0 0 0 0 
Latency(us)/Energy(mJ): 0 0 0 0 0 
Latency(us)/Energy(mJ): 5003 28.8185 6.5798 1.93057 9.87702 
Latency(us)/Energy(mJ): 30 0 0 0 0 
Latency(us)/Energy(mJ): 0 0 0 0 0 
Latency(us)/Energy(mJ): 2180 13.9716 3.26895 0.819817 4.9348 
Latency(us)/Energy(mJ): 194 1.26362 0.301416 0.0716852 0.450055 
0.3094 - "n02124075 Egyptian cat"
0.1761 - "n02123159 tiger cat"
0.1221 - "n02123045 tabby, tabby cat"
0.1132 - "n02119022 red fox, Vulpes vulpes"
0.0421 - "n02085620 Chihuahua"
