loading weight: /home/nvidia/caffe-build/models/bvlc_alexnet/bvlc_alexnet.caffemodel
loading prototxt: /home/nvidia/caffe-build/models/bvlc_alexnet/deploy.prototxt
---------- Prediction for /home/nvidia/Downloads/ILSVRC2012_img_train_t3/n02085620/n02085620_1152.JPEG ----------
Latency(us)/Energy(mJ): 0 0 0 0 0 
Latency(us)/Energy(mJ): 328 1.22442 0.0481141 0.120918 0.454868 
Latency(us)/Energy(mJ): 35 0.177002 0.0104012 0.0173504 0.0652685 
Latency(us)/Energy(mJ): 69 0.122132 0.00717686 0.0119719 0.0450356 
Latency(us)/Energy(mJ): 65 0.299611 0.0174361 0.0290855 0.109413 
Latency(us)/Energy(mJ): 2370 10.037 0.999696 0.915425 3.51816 
Latency(us)/Energy(mJ): 33 0.135531 0.0186844 0.0116816 0.0462981 
Latency(us)/Energy(mJ): 58 0.202276 0.027886 0.0174345 0.069099 
Latency(us)/Energy(mJ): 60 0.336921 0.0464482 0.0289636 0.115094 
Latency(us)/Energy(mJ): 2941 13.5065 2.28984 1.10831 4.4105 
Latency(us)/Energy(mJ): 35 0.365906 0.0694328 0.0288798 0.11749 
Latency(us)/Energy(mJ): 2239 11.4271 2.27208 0.85488 3.67454 
Latency(us)/Energy(mJ): 41 0.163168 0.0351973 0.0117119 0.0529343 
Latency(us)/Energy(mJ): 1632 8.95544 1.917 0.625221 2.89759 
Latency(us)/Energy(mJ): 44 0.170311 0.0373138 0.0116434 0.0549469 
Latency(us)/Energy(mJ): 50 0.252234 0.0552625 0.0172441 0.0822374 
Latency(us)/Energy(mJ): 1325 7.54316 1.62449 0.506905 2.46105 
Latency(us)/Energy(mJ): 37 0.260302 0.0551404 0.017206 0.0863911 
Latency(us)/Energy(mJ): 1 0 0 0 0 
Latency(us)/Energy(mJ): 7632 51.1659 10.1555 2.90011 18.6022 
Latency(us)/Energy(mJ): 36 0.333453 0.0621516 0.0172593 0.127384 
Latency(us)/Energy(mJ): 0 0 0 0 0 
Latency(us)/Energy(mJ): 3361 25.5131 4.80473 1.28151 9.85959 
Latency(us)/Energy(mJ): 46 0.351842 0.0657971 0.0173126 0.137365 
0.5948 - "n02085620 Chihuahua"
0.0656 - "n02110806 basenji"
0.0383 - "n02113023 Pembroke, Pembroke Welsh corgi"
0.0311 - "n02091244 Ibizan hound, Ibizan Podenco"
0.0298 - "n02389026 sorrel"
