loading weight: /home/nvidia/caffe-build/models/bvlc_alexnet/bvlc_alexnet.caffemodel
loading prototxt: /home/nvidia/caffe-build/models/bvlc_alexnet/deploy.prototxt
---------- Prediction for /home/nvidia/Downloads/ILSVRC2012_img_train_t3/n02085620/n02085620_1152.JPEG ----------
Latency(us)/Energy(mJ): 0 0 0 0 0 
Latency(us)/Energy(mJ): 342 1.29353 0.082338 0.167826 0.442547 
Latency(us)/Energy(mJ): 45 0.325502 0.0345332 0.0402636 0.106917 
Latency(us)/Energy(mJ): 87 0.333382 0.0403811 0.0403811 0.107806 
Latency(us)/Energy(mJ): 106 0.355993 0.0447666 0.0422287 0.113638 
Latency(us)/Energy(mJ): 1093 5.72888 1.21556 0.600953 1.68239 
Latency(us)/Energy(mJ): 68 0.431605 0.12156 0.0405199 0.116324 
Latency(us)/Energy(mJ): 101 0.433096 0.125824 0.040018 0.114883 
Latency(us)/Energy(mJ): 113 0.897402 0.273017 0.0813068 0.236308 
Latency(us)/Energy(mJ): 685 4.19324 1.35827 0.361176 1.07564 
Latency(us)/Energy(mJ): 72 0.499313 0.162507 0.0406267 0.126825 
Latency(us)/Energy(mJ): 985 6.94799 2.52719 0.522092 1.75266 
Latency(us)/Energy(mJ): 70 0.582563 0.226602 0.0407015 0.144939 
Latency(us)/Energy(mJ): 594 4.81519 1.92969 0.323786 1.18872 
Latency(us)/Energy(mJ): 64 0.368269 0.151287 0.024049 0.0906461 
Latency(us)/Energy(mJ): 77 0.617771 0.254493 0.0404547 0.151041 
Latency(us)/Energy(mJ): 862 6.79441 2.76928 0.455289 1.68979 
Latency(us)/Energy(mJ): 73 0.610411 0.243513 0.04054 0.155695 
Latency(us)/Energy(mJ): 1 0 0 0 0 
Latency(us)/Energy(mJ): 4520 42.6417 16.4895 2.14686 11.8427 
Latency(us)/Energy(mJ): 75 0.799631 0.299937 0.0345557 0.233402 
Latency(us)/Energy(mJ): 1 0 0 0 0 
Latency(us)/Energy(mJ): 1969 21.9521 8.24392 0.915639 6.49582 
Latency(us)/Energy(mJ): 89 0.854793 0.317542 0.034583 0.256022 
0.5948 - "n02085620 Chihuahua"
0.0656 - "n02110806 basenji"
0.0383 - "n02113023 Pembroke, Pembroke Welsh corgi"
0.0311 - "n02091244 Ibizan hound, Ibizan Podenco"
0.0298 - "n02389026 sorrel"
