loading weight: /home/nvidia/caffe-build/models/bvlc_alexnet/bvlc_alexnet.caffemodel
loading prototxt: /home/nvidia/caffe-build/models/bvlc_alexnet/deploy.prototxt
---------- Prediction for /home/nvidia/Downloads/ILSVRC2012_img_train_t3/n02085620/n02085620_1152.JPEG ----------
Latency(us)/Energy(mJ): 0 0 0 0 0 
Latency(us)/Energy(mJ): 282 1.11588 0.0460518 0.128442 0.408321 
Latency(us)/Energy(mJ): 29 0.118004 0.00673718 0.0134744 0.0428355 
Latency(us)/Energy(mJ): 72 0.302053 0.0171796 0.0343592 0.109229 
Latency(us)/Energy(mJ): 59 0.184761 0.010447 0.020894 0.0664227 
Latency(us)/Energy(mJ): 1698 7.38369 0.762792 0.785736 2.55129 
Latency(us)/Energy(mJ): 29 0.134743 0.01811 0.0135751 0.0454381 
Latency(us)/Energy(mJ): 51 0.207025 0.0278372 0.0208665 0.0698435 
Latency(us)/Energy(mJ): 53 0.135866 0.0182689 0.0136942 0.0458367 
Latency(us)/Energy(mJ): 2048 9.92653 1.72088 0.946952 3.18328 
Latency(us)/Energy(mJ): 32 0.149189 0.0295814 0.0136576 0.0474138 
Latency(us)/Energy(mJ): 1595 8.37787 1.75498 0.721854 2.65929 
Latency(us)/Energy(mJ): 37 0.416415 0.0912331 0.0342218 0.132927 
Latency(us)/Energy(mJ): 1145 6.45888 1.47353 0.514307 2.0641 
Latency(us)/Energy(mJ): 37 0.265848 0.0620871 0.0207108 0.0847875 
Latency(us)/Energy(mJ): 43 0.174788 0.0405584 0.0135293 0.0553875 
Latency(us)/Energy(mJ): 890 5.46556 1.29508 0.414655 1.75311 
Latency(us)/Energy(mJ): 33 0.277922 0.065569 0.0206655 0.0917062 
Latency(us)/Energy(mJ): 0 0 0 0 0 
Latency(us)/Energy(mJ): 5861 42.0446 9.25308 2.67062 14.9398 
Latency(us)/Energy(mJ): 34 0.240276 0.0505448 0.013774 0.0893952 
Latency(us)/Energy(mJ): 0 0.592963 0.1245 0.0339277 0.221606 
Latency(us)/Energy(mJ): 2520 20.774 4.32728 1.15142 7.83051 
Latency(us)/Energy(mJ): 41 0.254597 0.0527302 0.0137466 0.0966771 
0.5948 - "n02085620 Chihuahua"
0.0656 - "n02110806 basenji"
0.0383 - "n02113023 Pembroke, Pembroke Welsh corgi"
0.0311 - "n02091244 Ibizan hound, Ibizan Podenco"
0.0298 - "n02389026 sorrel"
