loading weight: /home/nvidia/caffe-build/models/bvlc_alexnet/bvlc_alexnet.caffemodel
loading prototxt: /home/nvidia/caffe-build/models/bvlc_alexnet/deploy.prototxt
---------- Prediction for /home/nvidia/caffe-build/examples/images/cat.jpg ----------
Latency(us)/Energy(mJ): 0 0 0 0 0 
Latency(us)/Energy(mJ): 2650 10.3753 0.520027 1.99904 3.61062 
Latency(us)/Energy(mJ): 33 0 0 0 0 
Latency(us)/Energy(mJ): 247 1.36972 0.116239 0.250516 0.467135 
Latency(us)/Energy(mJ): 102 0.414947 0.0376237 0.075445 0.141904 
Latency(us)/Energy(mJ): 2386 10.3919 1.17983 1.79433 3.47914 
Latency(us)/Energy(mJ): 28 0 0 0 0 
Latency(us)/Energy(mJ): 194 0.993259 0.1464 0.162595 0.322633 
Latency(us)/Energy(mJ): 93 0.531587 0.0783524 0.0870201 0.172672 
Latency(us)/Energy(mJ): 1823 8.62619 1.37816 1.37802 2.77081 
Latency(us)/Energy(mJ): 30 0.558943 0.0959397 0.087249 0.177471 
Latency(us)/Energy(mJ): 1651 7.89757 1.45755 1.21439 2.47016 
Latency(us)/Energy(mJ): 28 0 0 0 0 
Latency(us)/Energy(mJ): 1226 6.49746 1.30105 0.975496 1.98423 
Latency(us)/Energy(mJ): 27 0 0 0 0 
Latency(us)/Energy(mJ): 53 0.594629 0.123194 0.088012 0.179023 
Latency(us)/Energy(mJ): 1483 7.59337 1.58379 1.13149 2.33037 
Latency(us)/Energy(mJ): 28 0 0 0 0 
Latency(us)/Energy(mJ): 3 0 0 0 0 
Latency(us)/Energy(mJ): 5037 29.8631 6.33623 3.56688 9.72597 
Latency(us)/Energy(mJ): 31 0 0 0 0 
Latency(us)/Energy(mJ): 1 0 0 0 0 
Latency(us)/Energy(mJ): 2159 14.1347 3.14418 1.45387 4.79891 
Latency(us)/Energy(mJ): 221 2.14644 0.473131 0.212832 0.734041 
0.3094 - "n02124075 Egyptian cat"
0.1761 - "n02123159 tiger cat"
0.1221 - "n02123045 tabby, tabby cat"
0.1132 - "n02119022 red fox, Vulpes vulpes"
0.0421 - "n02085620 Chihuahua"
