loading weight: /home/nvidia/caffe-build/models/bvlc_alexnet/bvlc_alexnet.caffemodel
loading prototxt: /home/nvidia/caffe-build/models/bvlc_alexnet/deploy.prototxt
---------- Prediction for /home/nvidia/caffe-build/examples/images/cat.jpg ----------
Latency(us)/Energy(mJ): 5 0 0 0 0 
Latency(us)/Energy(mJ): 8240 21.6867 1.90238 8.74789 3.37641 
Latency(us)/Energy(mJ): 55 0.320271 0.0432615 0.121178 0.04983 
Latency(us)/Energy(mJ): 832 2.43691 0.327183 0.916455 0.39399 
Latency(us)/Energy(mJ): 275 0.881725 0.117522 0.329186 0.141519 
Latency(us)/Energy(mJ): 9773 29.5845 5.34858 9.90086 4.8765 
Latency(us)/Energy(mJ): 56 0.359546 0.0778714 0.112557 0.0586019 
Latency(us)/Energy(mJ): 512 1.49604 0.321756 0.465072 0.242137 
Latency(us)/Energy(mJ): 193 0.622419 0.133209 0.192543 0.100246 
Latency(us)/Energy(mJ): 5777 18.9044 4.28305 5.77315 3.11101 
Latency(us)/Energy(mJ): 32 0 0 0 0 
Latency(us)/Energy(mJ): 3852 13.0782 3.39308 3.85408 2.07297 
Latency(us)/Energy(mJ): 31 0 0 0 0 
Latency(us)/Energy(mJ): 3803 13.1648 3.54368 3.84157 2.00221 
Latency(us)/Energy(mJ): 31 0 0 0 0 
Latency(us)/Energy(mJ): 48 0.394006 0.106119 0.115039 0.0598945 
Latency(us)/Energy(mJ): 7601 25.0977 6.30162 7.512 3.83977 
Latency(us)/Energy(mJ): 36 0.26559 0.0617312 0.0802344 0.044844 
Latency(us)/Energy(mJ): 3 0 0 0 0 
Latency(us)/Energy(mJ): 33020 116.152 26.7493 31.0082 22.8631 
Latency(us)/Energy(mJ): 37 0 0 0 0 
Latency(us)/Energy(mJ): 2 0 0 0 0 
Latency(us)/Energy(mJ): 14289 51.7409 10.9177 13.0898 11.363 
Latency(us)/Energy(mJ): 227 0.991445 0.20861 0.250114 0.219805 
0.3094 - "n02124075 Egyptian cat"
0.1761 - "n02123159 tiger cat"
0.1221 - "n02123045 tabby, tabby cat"
0.1132 - "n02119022 red fox, Vulpes vulpes"
0.0421 - "n02085620 Chihuahua"
