loading weight: /home/nvidia/caffe-build/models/bvlc_alexnet/bvlc_alexnet.caffemodel
loading prototxt: /home/nvidia/caffe-build/models/bvlc_alexnet/deploy.prototxt
---------- Prediction for /home/nvidia/caffe-build/examples/images/cat.jpg ----------
Latency(us)/Energy(mJ): 0 0 0 0 0 
Latency(us)/Energy(mJ): 3363 8.79988 0.670239 2.5539 1.91336 
Latency(us)/Energy(mJ): 35 0 0 0 0 
Latency(us)/Energy(mJ): 344 1.07245 0.137513 0.286653 0.237126 
Latency(us)/Energy(mJ): 145 0.545458 0.0721025 0.144205 0.122876 
Latency(us)/Energy(mJ): 3227 9.98118 1.66713 2.44988 2.23308 
Latency(us)/Energy(mJ): 41 0.25137 0.0519372 0.0577584 0.0564732 
Latency(us)/Energy(mJ): 253 0.633144 0.130221 0.144816 0.141594 
Latency(us)/Energy(mJ): 101 0.376057 0.0776997 0.0864084 0.0844857 
Latency(us)/Energy(mJ): 2357 8.06823 1.79278 1.78482 1.77155 
Latency(us)/Energy(mJ): 32 0.406189 0.103554 0.0863702 0.0865963 
Latency(us)/Energy(mJ): 1746 6.18391 1.59851 1.29697 1.32759 
Latency(us)/Energy(mJ): 30 0.270796 0.0725387 0.0558102 0.0573442 
Latency(us)/Energy(mJ): 1489 5.68653 1.57336 1.12049 1.19087 
Latency(us)/Energy(mJ): 32 0 0 0 0 
Latency(us)/Energy(mJ): 56 0.43166 0.120797 0.077631 0.088705 
Latency(us)/Energy(mJ): 2390 8.78185 2.37587 1.60009 1.875 
Latency(us)/Energy(mJ): 33 0 0 0 0 
Latency(us)/Energy(mJ): 5 0.436839 0.112408 0.0777684 0.0997292 
Latency(us)/Energy(mJ): 8684 38.2794 10.131 5.93699 10.146 
Latency(us)/Energy(mJ): 31 0.371913 0.0979235 0.0518685 0.108493 
Latency(us)/Energy(mJ): 4 0 0 0 0 
Latency(us)/Energy(mJ): 3787 19.1936 5.00871 2.59147 5.74007 
Latency(us)/Energy(mJ): 259 0.995503 0.259549 0.129774 0.303562 
0.3094 - "n02124075 Egyptian cat"
0.1761 - "n02123159 tiger cat"
0.1221 - "n02123045 tabby, tabby cat"
0.1132 - "n02119022 red fox, Vulpes vulpes"
0.0421 - "n02085620 Chihuahua"
