loading weight: /home/nvidia/caffe-build/models/bvlc_alexnet/bvlc_alexnet.caffemodel
loading prototxt: /home/nvidia/caffe-build/models/bvlc_alexnet/deploy.prototxt
---------- Prediction for /home/nvidia/caffe-build/examples/images/cat.jpg ----------
Latency(us)/Energy(mJ): 0 0 0 0 0 
Latency(us)/Energy(mJ): 2672 11.4761 0.527628 2.82093 3.73448 
Latency(us)/Energy(mJ): 25 0 0 0 0 
Latency(us)/Energy(mJ): 190 0.846944 0.0571113 0.20017 0.272636 
Latency(us)/Energy(mJ): 86 0.513698 0.034465 0.120797 0.164528 
Latency(us)/Energy(mJ): 2807 13.3361 1.26768 3.00763 4.23279 
Latency(us)/Energy(mJ): 24 0.355657 0.044042 0.0771818 0.110683 
Latency(us)/Energy(mJ): 147 0.567475 0.070272 0.123149 0.176602 
Latency(us)/Energy(mJ): 68 0.365263 0.0452315 0.0792663 0.115081 
Latency(us)/Energy(mJ): 2183 10.9503 1.44507 2.32524 3.38511 
Latency(us)/Energy(mJ): 21 0.378658 0.056462 0.079106 0.116254 
Latency(us)/Energy(mJ): 1825 9.31359 1.44112 1.91934 2.82065 
Latency(us)/Energy(mJ): 24 0 0 0 0 
Latency(us)/Energy(mJ): 1218 6.32303 1.07471 1.27772 1.87774 
Latency(us)/Energy(mJ): 24 0 0 0 0 
Latency(us)/Energy(mJ): 42 0.602761 0.103279 0.111848 0.17713 
Latency(us)/Energy(mJ): 1418 7.38839 1.26788 1.45089 2.19539 
Latency(us)/Energy(mJ): 26 0 0 0 0 
Latency(us)/Energy(mJ): 1 0 0 0 0 
Latency(us)/Energy(mJ): 5452 33.385 5.93795 5.50853 10.6054 
Latency(us)/Energy(mJ): 23 0 0 0 0 
Latency(us)/Energy(mJ): 1 0 0 0 0 
Latency(us)/Energy(mJ): 2378 16.4595 3.05029 2.41542 5.52405 
Latency(us)/Energy(mJ): 162 0.510805 0.0953208 0.0729616 0.174461 
0.3094 - "n02124075 Egyptian cat"
0.1761 - "n02123159 tiger cat"
0.1221 - "n02123045 tabby, tabby cat"
0.1132 - "n02119022 red fox, Vulpes vulpes"
0.0421 - "n02085620 Chihuahua"
