loading weight: /home/nvidia/caffe-build/models/bvlc_alexnet/bvlc_alexnet.caffemodel
loading prototxt: /home/nvidia/caffe-build/models/bvlc_alexnet/deploy.prototxt
---------- Prediction for /home/nvidia/Downloads/ILSVRC2012_img_train_t3/n02085620/n02085620_1152.JPEG ----------
Latency(us)/Energy(mJ): 0 0 0 0 0 
Latency(us)/Energy(mJ): 246 0.979322 0.0589213 0.124208 0.345155 
Latency(us)/Energy(mJ): 28 0 0 0 0 
Latency(us)/Energy(mJ): 59 0.325057 0.0284378 0.0398578 0.111587 
Latency(us)/Energy(mJ): 52 0.321809 0.0300244 0.038982 0.109135 
Latency(us)/Energy(mJ): 980 4.74378 0.783453 0.518418 1.49608 
Latency(us)/Energy(mJ): 26 0.242151 0.0522349 0.0243611 0.0724446 
Latency(us)/Energy(mJ): 46 0.159558 0.0344187 0.016052 0.0477353 
Latency(us)/Energy(mJ): 48 0.240998 0.0550427 0.0240727 0.071587 
Latency(us)/Energy(mJ): 1032 6.06037 1.65621 0.556802 1.68244 
Latency(us)/Energy(mJ): 29 0.180201 0.0536849 0.0156569 0.0487885 
Latency(us)/Energy(mJ): 971 6.47462 2.11424 0.51892 1.73327 
Latency(us)/Energy(mJ): 40 0.322359 0.110284 0.0241261 0.0847125 
Latency(us)/Energy(mJ): 640 4.6298 1.65516 0.334199 1.21929 
Latency(us)/Energy(mJ): 35 0.34727 0.127791 0.0241902 0.0910077 
Latency(us)/Energy(mJ): 40 0.230747 0.0849121 0.0160734 0.0604709 
Latency(us)/Energy(mJ): 635 5.04332 1.86392 0.344673 1.32742 
Latency(us)/Energy(mJ): 32 0.22706 0.0833177 0.0153291 0.060511 
Latency(us)/Energy(mJ): 0 0 0 0 0 
Latency(us)/Energy(mJ): 4549 41.8888 14.8426 2.42501 12.1099 
Latency(us)/Energy(mJ): 31 0.466939 0.162487 0.0241982 0.141603 
Latency(us)/Energy(mJ): 0 0 0 0 0 
Latency(us)/Energy(mJ): 2032 21.7057 7.47073 1.08881 6.67458 
Latency(us)/Energy(mJ): 39 0 0 0 0 
0.5948 - "n02085620 Chihuahua"
0.0656 - "n02110806 basenji"
0.0383 - "n02113023 Pembroke, Pembroke Welsh corgi"
0.0311 - "n02091244 Ibizan hound, Ibizan Podenco"
0.0298 - "n02389026 sorrel"
