loading weight: /home/nvidia/caffe-build/models/bvlc_alexnet/bvlc_alexnet.caffemodel
loading prototxt: /home/nvidia/caffe-build/models/bvlc_alexnet/deploy.prototxt
---------- Prediction for /home/nvidia/Downloads/ILSVRC2012_img_train_t3/n02085620/n02085620_1152.JPEG ----------
Latency(us)/Energy(mJ): 0 0 0 0 0 
Latency(us)/Energy(mJ): 193 0 0 0 0 
Latency(us)/Energy(mJ): 18 0 0 0 0 
Latency(us)/Energy(mJ): 140 1.19222 0.0781206 0.242941 0.384738 
Latency(us)/Energy(mJ): 92 0.493151 0.0399106 0.0985453 0.156063 
Latency(us)/Energy(mJ): 1055 5.74053 0.637299 1.06382 1.74225 
Latency(us)/Energy(mJ): 20 0 0 0 0 
Latency(us)/Energy(mJ): 109 0.689596 0.102123 0.120746 0.202542 
Latency(us)/Energy(mJ): 83 0.415143 0.0644563 0.0720986 0.12094 
Latency(us)/Energy(mJ): 1143 6.93672 1.37128 1.13239 1.91504 
Latency(us)/Energy(mJ): 22 0.168813 0.0367964 0.0265856 0.0461496 
Latency(us)/Energy(mJ): 1068 7.22634 1.77478 1.04156 1.96371 
Latency(us)/Energy(mJ): 38 0.322074 0.086082 0.0413031 0.0872105 
Latency(us)/Energy(mJ): 730 5.4833 1.50245 0.679223 1.47491 
Latency(us)/Energy(mJ): 33 0 0 0 0 
Latency(us)/Energy(mJ): 40 0.549216 0.15372 0.06588 0.147384 
Latency(us)/Energy(mJ): 1577 11.9893 3.34827 1.44841 3.24875 
Latency(us)/Energy(mJ): 25 0 0 0 0 
Latency(us)/Energy(mJ): 0 0 0 0 0 
Latency(us)/Energy(mJ): 4832 41.9733 11.5518 4.43348 12.6326 
Latency(us)/Energy(mJ): 32 0.436022 0.121036 0.0414956 0.138107 
Latency(us)/Energy(mJ): 0 0 0 0 0 
Latency(us)/Energy(mJ): 2053 20.1323 5.60882 1.84677 6.45992 
Latency(us)/Energy(mJ): 41 0.741137 0.208542 0.0658628 0.241257 
0.5948 - "n02085620 Chihuahua"
0.0656 - "n02110806 basenji"
0.0383 - "n02113023 Pembroke, Pembroke Welsh corgi"
0.0311 - "n02091244 Ibizan hound, Ibizan Podenco"
0.0298 - "n02389026 sorrel"
