loading weight: /home/nvidia/caffe-build/models/bvlc_alexnet/bvlc_alexnet.caffemodel
loading prototxt: /home/nvidia/caffe-build/models/bvlc_alexnet/deploy.prototxt
---------- Prediction for /home/nvidia/Downloads/ILSVRC2012_img_train_t3/n02085620/n02085620_1152.JPEG ----------
Latency(us)/Energy(mJ): 1 0 0 0 0 
Latency(us)/Energy(mJ): 446 2.019 0.11567 0.471792 0.588103 
Latency(us)/Energy(mJ): 43 0.217214 0.0206741 0.0482547 0.0613904 
Latency(us)/Energy(mJ): 104 0.483641 0.0511772 0.106601 0.135619 
Latency(us)/Energy(mJ): 96 0.35857 0.0442738 0.077588 0.0987088 
Latency(us)/Energy(mJ): 946 5.3271 0.922435 1.05509 1.40809 
Latency(us)/Energy(mJ): 42 0.158395 0.0354081 0.0291564 0.0402675 
Latency(us)/Energy(mJ): 93 0.424699 0.0961607 0.0774727 0.106996 
Latency(us)/Energy(mJ): 80 0.701862 0.165311 0.125874 0.173844 
Latency(us)/Energy(mJ): 858 5.48641 1.49397 0.925849 1.31016 
Latency(us)/Energy(mJ): 47 0.179917 0.0516797 0.0289428 0.0430348 
Latency(us)/Energy(mJ): 1041 7.59461 2.3818 1.12841 1.80471 
Latency(us)/Energy(mJ): 63 0.555555 0.187246 0.0771071 0.132164 
Latency(us)/Energy(mJ): 579 4.58486 1.5725 0.616513 1.0887 
Latency(us)/Energy(mJ): 50 0.220456 0.0761964 0.0288303 0.0522026 
Latency(us)/Energy(mJ): 55 0.591987 0.209149 0.0770587 0.140901 
Latency(us)/Energy(mJ): 928 7.58856 2.62368 1.00181 1.812 
Latency(us)/Energy(mJ): 52 0.36688 0.123919 0.0481857 0.0898684 
Latency(us)/Energy(mJ): 3 0 0 0 0 
Latency(us)/Energy(mJ): 4586 43.4225 14.4035 4.88129 11.7592 
Latency(us)/Energy(mJ): 52 0.764386 0.249272 0.0769439 0.219572 
Latency(us)/Energy(mJ): 2 0 0 0 0 
Latency(us)/Energy(mJ): 2006 22.1375 7.22503 2.12777 6.47026 
Latency(us)/Energy(mJ): 69 0.813766 0.263819 0.0714058 0.241726 
0.5948 - "n02085620 Chihuahua"
0.0656 - "n02110806 basenji"
0.0383 - "n02113023 Pembroke, Pembroke Welsh corgi"
0.0311 - "n02091244 Ibizan hound, Ibizan Podenco"
0.0298 - "n02389026 sorrel"
