loading weight: /home/nvidia/caffe-build/models/bvlc_alexnet/bvlc_alexnet.caffemodel
loading prototxt: /home/nvidia/caffe-build/models/bvlc_alexnet/deploy.prototxt
---------- Prediction for /home/nvidia/Downloads/ILSVRC2012_img_train_t3/n02085620/n02085620_1152.JPEG ----------
Latency(us)/Energy(mJ): 0 0 0 0 0 
Latency(us)/Energy(mJ): 313 1.49713 0.0473239 0.465794 0.410384 
Latency(us)/Energy(mJ): 24 0.229164 0.0103325 0.0688982 0.0622656 
Latency(us)/Energy(mJ): 69 0.369345 0.0166529 0.111043 0.101213 
Latency(us)/Energy(mJ): 56 0.140615 0.00629292 0.041962 0.0384445 
Latency(us)/Energy(mJ): 1688 9.15027 0.752504 2.61554 2.45117 
Latency(us)/Energy(mJ): 23 0.149245 0.0163358 0.0408931 0.0395005 
Latency(us)/Energy(mJ): 50 0.25346 0.0277428 0.069448 0.067083 
Latency(us)/Energy(mJ): 48 0.15348 0.0167994 0.0420536 0.0406215 
Latency(us)/Energy(mJ): 2051 12.0958 1.72633 3.17051 3.11373 
Latency(us)/Energy(mJ): 29 0.164646 0.0270816 0.0416871 0.0423696 
Latency(us)/Energy(mJ): 1618 10.4107 1.82942 2.40829 2.71642 
Latency(us)/Energy(mJ): 45 0.180075 0.0332816 0.039556 0.0474945 
Latency(us)/Energy(mJ): 1133 7.87093 1.52931 1.68122 2.09721 
Latency(us)/Energy(mJ): 49 0.313358 0.0619498 0.065424 0.0837427 
Latency(us)/Energy(mJ): 47 0.190776 0.0375104 0.039614 0.0507059 
Latency(us)/Energy(mJ): 846 6.139 1.24906 1.26015 1.66765 
Latency(us)/Energy(mJ): 30 0.323834 0.0654079 0.0654079 0.0898286 
Latency(us)/Energy(mJ): 2 0 0 0 0 
Latency(us)/Energy(mJ): 5887 48.3324 9.30912 8.37439 14.954 
Latency(us)/Energy(mJ): 29 0 0 0 0 
Latency(us)/Energy(mJ): 1 0 0 0 0 
Latency(us)/Energy(mJ): 2592 24.0409 4.44956 3.57768 8.05248 
Latency(us)/Energy(mJ): 40 0.684819 0.12695 0.0994151 0.23151 
0.5948 - "n02085620 Chihuahua"
0.0656 - "n02110806 basenji"
0.0383 - "n02113023 Pembroke, Pembroke Welsh corgi"
0.0311 - "n02091244 Ibizan hound, Ibizan Podenco"
0.0298 - "n02389026 sorrel"
