loading weight: /home/nvidia/caffe-build/models/bvlc_alexnet/bvlc_alexnet.caffemodel
loading prototxt: /home/nvidia/caffe-build/models/bvlc_alexnet/deploy.prototxt
---------- Prediction for /home/nvidia/caffe-build/examples/images/cat.jpg ----------
Latency(us)/Energy(mJ): 0 0 0 0 0 
Latency(us)/Energy(mJ): 4748 10.4914 0.876184 1.81162 2.90693 
Latency(us)/Energy(mJ): 40 0 0 0 0 
Latency(us)/Energy(mJ): 229 0.666469 0.0847747 0.106177 0.18471 
Latency(us)/Energy(mJ): 106 0.271615 0.0343888 0.0430705 0.0755425 
Latency(us)/Energy(mJ): 4236 10.9772 1.76271 1.60184 3.00942 
Latency(us)/Energy(mJ): 38 0.21483 0.041195 0.029414 0.057519 
Latency(us)/Energy(mJ): 193 0.547564 0.104432 0.0745664 0.145814 
Latency(us)/Energy(mJ): 90 0.321826 0.060883 0.0434716 0.0871708 
Latency(us)/Energy(mJ): 3185 9.06274 1.91726 1.19264 2.39153 
Latency(us)/Energy(mJ): 37 0 0 0 0 
Latency(us)/Energy(mJ): 2504 7.83598 1.90922 0.987852 1.98088 
Latency(us)/Energy(mJ): 37 0 0 0 0 
Latency(us)/Energy(mJ): 1787 5.54766 1.48366 0.684009 1.3716 
Latency(us)/Energy(mJ): 36 0 0 0 0 
Latency(us)/Energy(mJ): 55 0.355552 0.095298 0.0433379 0.0869027 
Latency(us)/Energy(mJ): 2015 6.23434 1.67177 0.760256 1.58251 
Latency(us)/Energy(mJ): 39 0.36578 0.095718 0.0435289 0.0982249 
Latency(us)/Energy(mJ): 1 0 0 0 0 
Latency(us)/Energy(mJ): 9186 34.5221 8.43516 3.49265 10.5731 
Latency(us)/Energy(mJ): 39 0.33637 0.0794096 0.0305791 0.113511 
Latency(us)/Energy(mJ): 0 0 0 0 0 
Latency(us)/Energy(mJ): 3962 17.2886 4.0315 1.50342 5.92072 
Latency(us)/Energy(mJ): 248 1.21174 0.284942 0.101556 0.423281 
0.3094 - "n02124075 Egyptian cat"
0.1761 - "n02123159 tiger cat"
0.1221 - "n02123045 tabby, tabby cat"
0.1132 - "n02119022 red fox, Vulpes vulpes"
0.0421 - "n02085620 Chihuahua"
