loading weight: /home/nvidia/caffe-build/models/bvlc_alexnet/bvlc_alexnet.caffemodel
loading prototxt: /home/nvidia/caffe-build/models/bvlc_alexnet/deploy.prototxt
---------- Prediction for /home/nvidia/Downloads/ILSVRC2012_img_train_t3/n02085620/n02085620_1152.JPEG ----------
Latency(us)/Energy(mJ): 0 0 0 0 0 
Latency(us)/Energy(mJ): 318 1.38956 0.0451197 0.362738 0.409639 
Latency(us)/Energy(mJ): 24 0.213643 0.0103325 0.0551366 0.0622656 
Latency(us)/Energy(mJ): 79 0.346283 0.016662 0.0889127 0.101791 
Latency(us)/Energy(mJ): 57 0.347261 0.0166575 0.0888883 0.101763 
Latency(us)/Energy(mJ): 1682 8.47145 0.737152 2.04409 2.41371 
Latency(us)/Energy(mJ): 23 0.14597 0.016775 0.0335775 0.0411125 
Latency(us)/Energy(mJ): 54 0.239922 0.027572 0.0551892 0.067574 
Latency(us)/Energy(mJ): 50 0.147657 0.0168482 0.033724 0.0412919 
Latency(us)/Energy(mJ): 2063 11.5616 1.71516 2.44394 3.13266 
Latency(us)/Energy(mJ): 28 0.158625 0.0272998 0.0315104 0.042711 
Latency(us)/Energy(mJ): 1648 10.1571 1.86646 1.91468 2.78656 
Latency(us)/Energy(mJ): 51 0.285799 0.0550671 0.0515944 0.079376 
Latency(us)/Energy(mJ): 1109 7.2856 1.46897 1.27972 2.03393 
Latency(us)/Energy(mJ): 43 0.301311 0.0619498 0.0516173 0.0846 
Latency(us)/Energy(mJ): 50 0.184713 0.0379772 0.031643 0.0518625 
Latency(us)/Energy(mJ): 824 5.71067 1.20973 0.96652 1.62858 
Latency(us)/Energy(mJ): 30 0.189145 0.0399055 0.0315058 0.0548046 
Latency(us)/Energy(mJ): 2 0 0 0 0 
Latency(us)/Energy(mJ): 5882 46.4702 9.31733 6.47365 14.9425 
Latency(us)/Energy(mJ): 34 0 0 0 0 
Latency(us)/Energy(mJ): 1 0 0 0 0 
Latency(us)/Energy(mJ): 2595 23.3935 4.49239 2.80211 8.10366 
Latency(us)/Energy(mJ): 44 0.411317 0.0791203 0.0481857 0.144286 
0.5948 - "n02085620 Chihuahua"
0.0656 - "n02110806 basenji"
0.0383 - "n02113023 Pembroke, Pembroke Welsh corgi"
0.0311 - "n02091244 Ibizan hound, Ibizan Podenco"
0.0298 - "n02389026 sorrel"
