loading weight: /home/nvidia/caffe-build/models/bvlc_alexnet/bvlc_alexnet.caffemodel
loading prototxt: /home/nvidia/caffe-build/models/bvlc_alexnet/deploy.prototxt
---------- Prediction for /home/nvidia/caffe-build/examples/images/cat.jpg ----------
Latency(us)/Energy(mJ): 2 0 0 0 0 
Latency(us)/Energy(mJ): 9170 17.9703 2.05678 4.91585 3.13193 
Latency(us)/Energy(mJ): 98 0.211254 0.0370349 0.0518683 0.0371319 
Latency(us)/Energy(mJ): 860 1.91889 0.332531 0.450756 0.349941 
Latency(us)/Energy(mJ): 366 0.857868 0.147815 0.184523 0.155554 
Latency(us)/Energy(mJ): 9685 23.6507 5.28724 4.46552 4.42556 
Latency(us)/Energy(mJ): 107 0.263932 0.0688344 0.0458229 0.0479239 
Latency(us)/Energy(mJ): 642 1.77327 0.4644 0.30915 0.323325 
Latency(us)/Energy(mJ): 277 0.774517 0.201997 0.134469 0.144321 
Latency(us)/Energy(mJ): 5720 15.3108 4.19583 2.60833 2.83613 
Latency(us)/Energy(mJ): 67 0.289463 0.08715 0.0475175 0.0516675 
Latency(us)/Energy(mJ): 4052 11.385 3.51067 1.85744 2.01966 
Latency(us)/Energy(mJ): 70 0.25794 0.08253 0.04122 0.04482 
Latency(us)/Energy(mJ): 3997 11.3742 3.63925 1.81764 1.97639 
Latency(us)/Energy(mJ): 104 0.243897 0.0780367 0.0389758 0.0423798 
Latency(us)/Energy(mJ): 108 0.553138 0.176981 0.088394 0.096114 
Latency(us)/Energy(mJ): 7623 20.704 6.19441 3.44748 3.65531 
Latency(us)/Energy(mJ): 75 0.531549 0.147567 0.0884627 0.103528 
Latency(us)/Energy(mJ): 11 0 0 0 0 
Latency(us)/Energy(mJ): 32736 98.6637 26.0344 14.9892 22.3246 
Latency(us)/Energy(mJ): 75 0.356336 0.0868668 0.0520746 0.0870942 
Latency(us)/Energy(mJ): 9 0 0 0 0 
Latency(us)/Energy(mJ): 14128 44.8486 10.8146 6.48308 11.2348 
Latency(us)/Energy(mJ): 477 1.49557 0.357705 0.214436 0.376901 
0.3094 - "n02124075 Egyptian cat"
0.1761 - "n02123159 tiger cat"
0.1221 - "n02123045 tabby, tabby cat"
0.1132 - "n02119022 red fox, Vulpes vulpes"
0.0421 - "n02085620 Chihuahua"
