loading weight: /home/nvidia/caffe-build/models/bvlc_alexnet/bvlc_alexnet.caffemodel
loading prototxt: /home/nvidia/caffe-build/models/bvlc_alexnet/deploy.prototxt
---------- Prediction for /home/nvidia/caffe-build/examples/images/cat.jpg ----------
Latency(us)/Energy(mJ): 0 0 0 0 0 
Latency(us)/Energy(mJ): 2204 10.5944 0.470765 3.32758 3.16289 
Latency(us)/Energy(mJ): 21 0 0 0 0 
Latency(us)/Energy(mJ): 174 0.992522 0.0753427 0.286935 0.291681 
Latency(us)/Energy(mJ): 93 0 0 0 0 
Latency(us)/Energy(mJ): 2389 12.9494 1.26847 3.59394 3.78819 
Latency(us)/Energy(mJ): 20 0 0 0 0 
Latency(us)/Energy(mJ): 139 0.619277 0.0779058 0.16443 0.178151 
Latency(us)/Energy(mJ): 61 0.453263 0.057021 0.12035 0.130393 
Latency(us)/Energy(mJ): 1825 9.90609 1.36607 2.58477 2.83047 
Latency(us)/Energy(mJ): 22 0.634496 0.102068 0.161747 0.177364 
Latency(us)/Energy(mJ): 1491 8.4505 1.39387 2.12007 2.34602 
Latency(us)/Energy(mJ): 19 0 0 0 0 
Latency(us)/Energy(mJ): 1063 6.42858 1.16732 1.50178 1.75973 
Latency(us)/Energy(mJ): 27 0 0 0 0 
Latency(us)/Energy(mJ): 30 0.522849 0.100443 0.120637 0.141358 
Latency(us)/Energy(mJ): 1407 8.19262 1.48227 1.89626 2.24044 
Latency(us)/Energy(mJ): 20 0 0 0 0 
Latency(us)/Energy(mJ): 2 0 0 0 0 
Latency(us)/Energy(mJ): 5004 33.5544 6.50898 6.94066 9.86157 
Latency(us)/Energy(mJ): 19 0 0 0 0 
Latency(us)/Energy(mJ): 0 0.6974 0.140118 0.132769 0.21274 
Latency(us)/Energy(mJ): 2112 15.3711 3.12525 2.77261 4.76468 
Latency(us)/Energy(mJ): 135 1.50195 0.315237 0.255182 0.470985 
0.3094 - "n02124075 Egyptian cat"
0.1761 - "n02123159 tiger cat"
0.1221 - "n02123045 tabby, tabby cat"
0.1132 - "n02119022 red fox, Vulpes vulpes"
0.0421 - "n02085620 Chihuahua"
