loading weight: /home/nvidia/caffe-build/models/bvlc_alexnet/bvlc_alexnet.caffemodel
loading prototxt: /home/nvidia/caffe-build/models/bvlc_alexnet/deploy.prototxt
---------- Prediction for /home/nvidia/Downloads/ILSVRC2012_img_train_t3/n02085620/n02085620_1152.JPEG ----------
Latency(us)/Energy(mJ): 0 0 0 0 0 
Latency(us)/Energy(mJ): 252 0.954765 0.0411997 0.106842 0.344088 
Latency(us)/Energy(mJ): 28 0.187155 0.0103874 0.0207749 0.066906 
Latency(us)/Energy(mJ): 58 0.125336 0.0068929 0.0137858 0.0443975 
Latency(us)/Energy(mJ): 53 0.309751 0.0169735 0.033947 0.109914 
Latency(us)/Energy(mJ): 1361 5.99373 0.650377 0.612071 2.03701 
Latency(us)/Energy(mJ): 26 0.213927 0.0310387 0.0206924 0.0708874 
Latency(us)/Energy(mJ): 44 0.138351 0.0199093 0.0132728 0.0454696 
Latency(us)/Energy(mJ): 46 0.35614 0.0512502 0.0341668 0.117047 
Latency(us)/Energy(mJ): 1594 8.12746 1.53071 0.733963 2.53975 
Latency(us)/Energy(mJ): 29 0.154887 0.0334111 0.0133644 0.0474467 
Latency(us)/Energy(mJ): 1254 6.9608 1.58808 0.563935 2.1392 
Latency(us)/Energy(mJ): 36 0.172219 0.041934 0.0132454 0.053126 
Latency(us)/Energy(mJ): 888 5.48111 1.36894 0.40732 1.68315 
Latency(us)/Energy(mJ): 34 0.287193 0.0726026 0.0207112 0.0884193 
Latency(us)/Energy(mJ): 40 0.183013 0.0462658 0.0131982 0.0563449 
Latency(us)/Energy(mJ): 673 4.34799 1.12668 0.306848 1.3422 
Latency(us)/Energy(mJ): 33 0.303514 0.0771544 0.0210129 0.0949947 
Latency(us)/Energy(mJ): 0 0 0 0 0 
Latency(us)/Energy(mJ): 5120 39.7259 9.85493 2.35294 13.4507 
Latency(us)/Energy(mJ): 30 0 0 0 0 
Latency(us)/Energy(mJ): 0 0 0 0 0 
Latency(us)/Energy(mJ): 2268 20.3915 4.84052 1.0508 7.32405 
Latency(us)/Energy(mJ): 38 0 0 0 0 
0.5948 - "n02085620 Chihuahua"
0.0656 - "n02110806 basenji"
0.0383 - "n02113023 Pembroke, Pembroke Welsh corgi"
0.0311 - "n02091244 Ibizan hound, Ibizan Podenco"
0.0298 - "n02389026 sorrel"
