loading weight: /home/nvidia/caffe-build/models/bvlc_alexnet/bvlc_alexnet.caffemodel
loading prototxt: /home/nvidia/caffe-build/models/bvlc_alexnet/deploy.prototxt
---------- Prediction for /home/nvidia/caffe-build/examples/images/cat.jpg ----------
Latency(us)/Energy(mJ): 1 0 0 0 0 
Latency(us)/Energy(mJ): 13622 24.0851 2.74284 5.20127 4.63044 
Latency(us)/Energy(mJ): 68 0.172413 0.0325082 0.0325082 0.0325933 
Latency(us)/Energy(mJ): 593 1.2389 0.230709 0.230709 0.240595 
Latency(us)/Energy(mJ): 241 0.411562 0.0761708 0.0761708 0.0801588 
Latency(us)/Energy(mJ): 9797 22.4348 5.29185 3.74125 4.43888 
Latency(us)/Energy(mJ): 70 0.201037 0.0556592 0.0309038 0.0387511 
Latency(us)/Energy(mJ): 520 1.29468 0.358448 0.199022 0.257182 
Latency(us)/Energy(mJ): 224 0.703379 0.194738 0.108125 0.140959 
Latency(us)/Energy(mJ): 5708 14.4975 4.17931 2.15005 2.80294 
Latency(us)/Energy(mJ): 69 0.303726 0.09534 0.043357 0.056523 
Latency(us)/Energy(mJ): 3929 10.8019 3.47395 1.51879 1.98 
Latency(us)/Energy(mJ): 67 0 0 0 0 
Latency(us)/Energy(mJ): 3830 10.8227 3.56195 1.48382 1.93441 
Latency(us)/Energy(mJ): 62 0.314154 0.103254 0.0430132 0.0560748 
Latency(us)/Energy(mJ): 97 0.236871 0.0778533 0.0324318 0.0422802 
Latency(us)/Energy(mJ): 6972 18.7866 5.96169 2.66137 3.49546 
Latency(us)/Energy(mJ): 71 0.229825 0.071106 0.0323363 0.0453724 
Latency(us)/Energy(mJ): 3 0 0 0 0 
Latency(us)/Energy(mJ): 33034 97.4324 27.4967 12.6214 22.8176 
Latency(us)/Energy(mJ): 71 0.30356 0.0758652 0.0379326 0.0760638 
Latency(us)/Energy(mJ): 2 0 0 0 0 
Latency(us)/Energy(mJ): 14250 43.8956 10.8312 5.41559 11.2224 
Latency(us)/Energy(mJ): 450 1.55311 0.383261 0.19163 0.403828 
0.3094 - "n02124075 Egyptian cat"
0.1761 - "n02123159 tiger cat"
0.1221 - "n02123045 tabby, tabby cat"
0.1132 - "n02119022 red fox, Vulpes vulpes"
0.0421 - "n02085620 Chihuahua"
