loading weight: /home/nvidia/caffe-build/models/bvlc_alexnet/bvlc_alexnet.caffemodel
loading prototxt: /home/nvidia/caffe-build/models/bvlc_alexnet/deploy.prototxt
---------- Prediction for /home/nvidia/caffe-build/examples/images/cat.jpg ----------
Latency(us)/Energy(mJ): 1 0 0 0 0 
Latency(us)/Energy(mJ): 8585 18.5314 1.75168 5.85918 3.3458 
Latency(us)/Energy(mJ): 57 0.262816 0.0343735 0.0688597 0.0474467 
Latency(us)/Energy(mJ): 805 1.80007 0.23543 0.471631 0.338111 
Latency(us)/Energy(mJ): 323 0.904689 0.117761 0.235907 0.169884 
Latency(us)/Energy(mJ): 10180 25.2079 4.34679 6.18552 4.84015 
Latency(us)/Energy(mJ): 48 0.29393 0.0604818 0.0690735 0.0562989 
Latency(us)/Energy(mJ): 436 1.22891 0.24923 0.284634 0.233506 
Latency(us)/Energy(mJ): 208 0.511508 0.103737 0.118473 0.100246 
Latency(us)/Energy(mJ): 6269 16.8122 3.58079 3.84493 3.2534 
Latency(us)/Energy(mJ): 39 0 0 0 0 
Latency(us)/Energy(mJ): 4213 11.7314 2.82086 2.59754 2.18324 
Latency(us)/Energy(mJ): 40 0 0 0 0 
Latency(us)/Energy(mJ): 4079 11.5337 2.84416 2.52584 2.05871 
Latency(us)/Energy(mJ): 44 0 0 0 0 
Latency(us)/Energy(mJ): 64 0.315828 0.0778816 0.0691652 0.0563736 
Latency(us)/Energy(mJ): 7360 19.8572 4.68353 4.4841 3.64017 
Latency(us)/Energy(mJ): 44 0.216928 0.0488189 0.0488189 0.0428264 
Latency(us)/Energy(mJ): 7 0 0 0 0 
Latency(us)/Energy(mJ): 33211 97.2365 20.2778 18.6508 22.827 
Latency(us)/Energy(mJ): 42 0.24303 0.0491855 0.0430675 0.061663 
Latency(us)/Energy(mJ): 5 0 0 0 0 
Latency(us)/Energy(mJ): 14452 44.3492 8.84316 7.74319 11.4802 
Latency(us)/Energy(mJ): 286 0.84397 0.166559 0.145841 0.219443 
0.3094 - "n02124075 Egyptian cat"
0.1761 - "n02123159 tiger cat"
0.1221 - "n02123045 tabby, tabby cat"
0.1132 - "n02119022 red fox, Vulpes vulpes"
0.0421 - "n02085620 Chihuahua"
