loading weight: /home/nvidia/caffe-build/models/bvlc_alexnet/bvlc_alexnet.caffemodel
loading prototxt: /home/nvidia/caffe-build/models/bvlc_alexnet/deploy.prototxt
---------- Prediction for /home/nvidia/Downloads/ILSVRC2012_img_train_t3/n02085620/n02085620_1152.JPEG ----------
Latency(us)/Energy(mJ): 0 0 0 0 0 
Latency(us)/Energy(mJ): 258 0.973091 0.03834 0.125778 0.347422 
Latency(us)/Energy(mJ): 26 0.169808 0.00933862 0.0217765 0.0601505 
Latency(us)/Energy(mJ): 58 0.141775 0.00772646 0.0180172 0.0497665 
Latency(us)/Energy(mJ): 54 0.317839 0.0173216 0.0403918 0.111569 
Latency(us)/Energy(mJ): 1517 6.86074 0.687777 0.815268 2.31977 
Latency(us)/Energy(mJ): 25 0.150952 0.0194468 0.0170239 0.0500197 
Latency(us)/Energy(mJ): 46 0.204136 0.0260836 0.0228338 0.0670904 
Latency(us)/Energy(mJ): 46 0.147803 0.0188856 0.0165326 0.0485762 
Latency(us)/Energy(mJ): 1806 9.14034 1.58066 0.973001 2.87039 
Latency(us)/Energy(mJ): 28 0.165373 0.031129 0.0167569 0.0510239 
Latency(us)/Energy(mJ): 1402 7.66917 1.61037 0.736546 2.37957 
Latency(us)/Energy(mJ): 34 0.179288 0.0398179 0.0163938 0.0557819 
Latency(us)/Energy(mJ): 1013 6.26233 1.43211 0.55504 1.95482 
Latency(us)/Energy(mJ): 35 0.271849 0.063742 0.0234746 0.085766 
Latency(us)/Energy(mJ): 40 0.188029 0.043819 0.0161375 0.0589592 
Latency(us)/Energy(mJ): 775 4.71988 1.12789 0.398781 1.4881 
Latency(us)/Energy(mJ): 31 0.291535 0.0693265 0.0242756 0.0939204 
Latency(us)/Energy(mJ): 0 0.188311 0.04453 0.0155928 0.0603272 
Latency(us)/Energy(mJ): 5434 40.7069 9.18404 2.89233 14.1087 
Latency(us)/Energy(mJ): 31 0.378589 0.0829269 0.0241662 0.137063 
Latency(us)/Energy(mJ): 0 0 0 0 0 
Latency(us)/Energy(mJ): 2376 20.4492 4.41175 1.26593 7.50948 
Latency(us)/Energy(mJ): 38 0.25646 0.0554736 0.015521 0.0958339 
0.5948 - "n02085620 Chihuahua"
0.0656 - "n02110806 basenji"
0.0383 - "n02113023 Pembroke, Pembroke Welsh corgi"
0.0311 - "n02091244 Ibizan hound, Ibizan Podenco"
0.0298 - "n02389026 sorrel"
