loading weight: /home/nvidia/caffe-build/models/bvlc_alexnet/bvlc_alexnet.caffemodel
loading prototxt: /home/nvidia/caffe-build/models/bvlc_alexnet/deploy.prototxt
---------- Prediction for /home/nvidia/Downloads/ILSVRC2012_img_train_t3/n02085620/n02085620_1152.JPEG ----------
Latency(us)/Energy(mJ): 0 0 0 0 0 
Latency(us)/Energy(mJ): 379 1.87988 0.0558418 0.560989 0.534905 
Latency(us)/Energy(mJ): 19 0 0 0 0 
Latency(us)/Energy(mJ): 51 0.231595 0.00687952 0.069112 0.0658986 
Latency(us)/Energy(mJ): 45 0.437811 0.0130051 0.13065 0.124575 
Latency(us)/Energy(mJ): 6790 34.9547 2.40055 9.63238 9.70569 
Latency(us)/Energy(mJ): 17 0 0 0 0 
Latency(us)/Energy(mJ): 38 0.238475 0.0208756 0.0626269 0.0663645 
Latency(us)/Energy(mJ): 38 0.205094 0.0179536 0.0538608 0.0570752 
Latency(us)/Energy(mJ): 8898 46.5119 5.1048 11.4913 12.4923 
Latency(us)/Energy(mJ): 20 0 0 0 0 
Latency(us)/Energy(mJ): 6254 33.5111 4.08428 7.64272 9.20535 
Latency(us)/Energy(mJ): 34 0.218986 0.0275487 0.0489621 0.0614733 
Latency(us)/Energy(mJ): 4732 25.9575 3.23794 5.75477 7.32127 
Latency(us)/Energy(mJ): 34 0.24044 0.0298433 0.0530402 0.0682442 
Latency(us)/Energy(mJ): 39 0.240219 0.0298158 0.0529914 0.0681814 
Latency(us)/Energy(mJ): 4372 24.3681 3.00528 5.34593 6.94239 
Latency(us)/Energy(mJ): 24 0.253168 0.0309523 0.0550915 0.0735005 
Latency(us)/Energy(mJ): 1 0 0 0 0 
Latency(us)/Energy(mJ): 21561 134.357 14.7682 26.2857 43.4885 
Latency(us)/Energy(mJ): 22 0.259637 0.0276184 0.0491575 0.0870421 
Latency(us)/Energy(mJ): 0 0 0 0 0 
Latency(us)/Energy(mJ): 9559 62.4305 6.54938 11.6571 21.1554 
Latency(us)/Energy(mJ): 29 0.257967 0.0268089 0.0477167 0.087461 
0.5948 - "n02085620 Chihuahua"
0.0656 - "n02110806 basenji"
0.0383 - "n02113023 Pembroke, Pembroke Welsh corgi"
0.0311 - "n02091244 Ibizan hound, Ibizan Podenco"
0.0298 - "n02389026 sorrel"
