loading weight: /home/nvidia/caffe-build/models/bvlc_alexnet/bvlc_alexnet.caffemodel
loading prototxt: /home/nvidia/caffe-build/models/bvlc_alexnet/deploy.prototxt
---------- Prediction for /home/nvidia/caffe-build/examples/images/cat.jpg ----------
Latency(us)/Energy(mJ): 0 0 0 0 0 
Latency(us)/Energy(mJ): 3871 13.5222 0.73668 1.4779 5.28329 
Latency(us)/Energy(mJ): 85 0.296745 0.0305791 0.0305791 0.11199 
Latency(us)/Energy(mJ): 432 1.43845 0.146726 0.146726 0.542517 
Latency(us)/Energy(mJ): 212 0.727368 0.0738788 0.0738788 0.275744 
Latency(us)/Energy(mJ): 2430 9.97284 1.30679 0.79129 3.67422 
Latency(us)/Energy(mJ): 96 0.494785 0.0808943 0.0359138 0.176036 
Latency(us)/Energy(mJ): 353 1.17586 0.192772 0.085583 0.419497 
Latency(us)/Energy(mJ): 191 0.814137 0.133106 0.0590938 0.293337 
Latency(us)/Energy(mJ): 1966 8.65244 1.56781 0.614956 3.0526 
Latency(us)/Energy(mJ): 88 0.378237 0.072324 0.0262605 0.130355 
Latency(us)/Energy(mJ): 1785 8.19999 1.65064 0.559233 2.78695 
Latency(us)/Energy(mJ): 82 0.385514 0.0770356 0.0256505 0.127327 
Latency(us)/Energy(mJ): 1349 6.22356 1.3133 0.410911 2.05068 
Latency(us)/Energy(mJ): 106 0.532524 0.122187 0.0348615 0.175222 
Latency(us)/Energy(mJ): 114 0.377075 0.0802528 0.0246745 0.12402 
Latency(us)/Energy(mJ): 1876 8.94313 1.91431 0.588574 2.96859 
Latency(us)/Energy(mJ): 86 0 0 0 0 
Latency(us)/Energy(mJ): 1 0 0 0 0 
Latency(us)/Energy(mJ): 4928 27.2931 6.12103 1.53566 9.56079 
Latency(us)/Energy(mJ): 93 0.552854 0.126659 0.0281363 0.199444 
Latency(us)/Energy(mJ): 1 0 0 0 0 
Latency(us)/Energy(mJ): 2108 13.0505 3.04795 0.638136 4.72771 
Latency(us)/Energy(mJ): 583 3.81622 0.898356 0.179554 1.39106 
0.3094 - "n02124075 Egyptian cat"
0.1761 - "n02123159 tiger cat"
0.1221 - "n02123045 tabby, tabby cat"
0.1132 - "n02119022 red fox, Vulpes vulpes"
0.0421 - "n02085620 Chihuahua"
