loading weight: /home/nvidia/caffe-build/models/bvlc_alexnet/bvlc_alexnet.caffemodel
loading prototxt: /home/nvidia/caffe-build/models/bvlc_alexnet/deploy.prototxt
---------- Prediction for /home/nvidia/Downloads/ILSVRC2012_img_train_t3/n02085620/n02085620_1152.JPEG ----------
Latency(us)/Energy(mJ): 0 0 0 0 0 
Latency(us)/Energy(mJ): 664 2.29354 0.117869 0.237833 0.803522 
Latency(us)/Energy(mJ): 87 0.506213 0.0402783 0.0504469 0.172074 
Latency(us)/Energy(mJ): 162 0.502931 0.0426378 0.0494537 0.171146 
Latency(us)/Energy(mJ): 160 0.670463 0.0649376 0.0651081 0.225322 
Latency(us)/Energy(mJ): 1465 6.24315 0.834853 0.561687 2.03791 
Latency(us)/Energy(mJ): 85 0.384532 0.0650839 0.0324993 0.120955 
Latency(us)/Energy(mJ): 134 0.568467 0.0956649 0.0477698 0.177789 
Latency(us)/Energy(mJ): 149 0.791301 0.141812 0.065913 0.246973 
Latency(us)/Energy(mJ): 1343 6.3836 1.27798 0.508475 1.95234 
Latency(us)/Energy(mJ): 90 0.427788 0.0909509 0.032446 0.131417 
Latency(us)/Energy(mJ): 1541 8.28345 1.88737 0.588851 2.5664 
Latency(us)/Energy(mJ): 96 0.707337 0.171103 0.0474802 0.220948 
Latency(us)/Energy(mJ): 931 5.27503 1.30249 0.344005 1.64659 
Latency(us)/Energy(mJ): 88 0.754135 0.191635 0.047846 0.235463 
Latency(us)/Energy(mJ): 104 0.510484 0.129985 0.0324536 0.159713 
Latency(us)/Energy(mJ): 1290 7.55724 1.82908 0.491772 2.38572 
Latency(us)/Energy(mJ): 93 0.522541 0.120824 0.033528 0.169267 
Latency(us)/Energy(mJ): 1 0 0 0 0 
Latency(us)/Energy(mJ): 5394 38.3882 8.65171 2.06397 13.5306 
Latency(us)/Energy(mJ): 92 0.678736 0.14925 0.0324383 0.250822 
Latency(us)/Energy(mJ): 1 0 0 0 0 
Latency(us)/Energy(mJ): 2366 19.4953 4.23224 0.897948 7.28306 
Latency(us)/Energy(mJ): 110 1.07435 0.230417 0.0479984 0.4049 
0.5948 - "n02085620 Chihuahua"
0.0656 - "n02110806 basenji"
0.0383 - "n02113023 Pembroke, Pembroke Welsh corgi"
0.0311 - "n02091244 Ibizan hound, Ibizan Podenco"
0.0298 - "n02389026 sorrel"
