loading weight: /home/nvidia/caffe-build/models/bvlc_alexnet/bvlc_alexnet.caffemodel
loading prototxt: /home/nvidia/caffe-build/models/bvlc_alexnet/deploy.prototxt
---------- Prediction for /home/nvidia/caffe-build/examples/images/cat.jpg ----------
Latency(us)/Energy(mJ): 3 0 0 0 0 
Latency(us)/Energy(mJ): 9346 24.323 1.88241 7.1579 5.21825 
Latency(us)/Energy(mJ): 36 0.313718 0.0352428 0.0882802 0.0664412 
Latency(us)/Energy(mJ): 272 0.717439 0.0805963 0.201887 0.153378 
Latency(us)/Energy(mJ): 113 0.307338 0.034526 0.0864848 0.0672408 
Latency(us)/Energy(mJ): 12631 35.8534 4.76448 9.58682 7.72902 
Latency(us)/Energy(mJ): 29 0.212356 0.0334798 0.0502928 0.0448103 
Latency(us)/Energy(mJ): 215 0.542218 0.0854857 0.128415 0.114416 
Latency(us)/Energy(mJ): 120 0.334801 0.0527845 0.079292 0.072838 
Latency(us)/Energy(mJ): 10140 29.7819 4.87547 6.99737 6.24834 
Latency(us)/Energy(mJ): 30 0 0 0 0 
Latency(us)/Energy(mJ): 8248 24.1519 4.44794 5.71996 4.71995 
Latency(us)/Energy(mJ): 32 0 0 0 0 
Latency(us)/Energy(mJ): 5025 14.761 2.71847 3.4959 2.81296 
Latency(us)/Energy(mJ): 32 0 0 0 0 
Latency(us)/Energy(mJ): 46 0.322455 0.059385 0.076368 0.059496 
Latency(us)/Energy(mJ): 4381 12.5535 2.31971 2.9831 2.4948 
Latency(us)/Energy(mJ): 30 0.224767 0.040339 0.0518752 0.0490854 
Latency(us)/Energy(mJ): 5 0 0 0 0 
Latency(us)/Energy(mJ): 21825 76.3786 12.3439 14.9911 21.2646 
Latency(us)/Energy(mJ): 32 0 0 0 0 
Latency(us)/Energy(mJ): 1 0 0 0 0 
Latency(us)/Energy(mJ): 9453 37.6041 5.82173 6.54587 11.962 
Latency(us)/Energy(mJ): 212 0.758362 0.11441 0.128641 0.243987 
0.3094 - "n02124075 Egyptian cat"
0.1761 - "n02123159 tiger cat"
0.1221 - "n02123045 tabby, tabby cat"
0.1132 - "n02119022 red fox, Vulpes vulpes"
0.0421 - "n02085620 Chihuahua"
