loading weight: /home/nvidia/caffe-build/models/bvlc_alexnet/bvlc_alexnet.caffemodel
loading prototxt: /home/nvidia/caffe-build/models/bvlc_alexnet/deploy.prototxt
---------- Prediction for /home/nvidia/Downloads/ILSVRC2012_img_train_t3/n02085620/n02085620_1152.JPEG ----------
Latency(us)/Energy(mJ): 0 0 0 0 0 
Latency(us)/Energy(mJ): 610 2.12692 0.0862266 0.216701 0.771501 
Latency(us)/Energy(mJ): 56 0.299081 0.0120202 0.0302086 0.107549 
Latency(us)/Energy(mJ): 107 0.472069 0.0189726 0.0476812 0.169755 
Latency(us)/Energy(mJ): 103 0.426685 0.0171486 0.0430972 0.153435 
Latency(us)/Energy(mJ): 6817 26.9333 2.46573 2.59121 9.26442 
Latency(us)/Energy(mJ): 55 0.327769 0.0363835 0.0303461 0.111137 
Latency(us)/Energy(mJ): 93 0.325871 0.0361728 0.0301704 0.110493 
Latency(us)/Energy(mJ): 97 0.513109 0.0569569 0.0475055 0.17398 
Latency(us)/Energy(mJ): 8658 36.2163 4.94691 3.30165 11.7764 
Latency(us)/Energy(mJ): 60 0.335039 0.048269 0.030178 0.10902 
Latency(us)/Energy(mJ): 6284 27.6966 4.07764 2.39646 9.15441 
Latency(us)/Energy(mJ): 70 0.206827 0.0315196 0.0174803 0.0694623 
Latency(us)/Energy(mJ): 4710 21.6193 3.24357 1.79884 7.26015 
Latency(us)/Energy(mJ): 70 0.366076 0.0544241 0.0301828 0.122791 
Latency(us)/Energy(mJ): 80 0.365336 0.0543142 0.0301219 0.122543 
Latency(us)/Energy(mJ): 4139 19.1979 2.84538 1.578 6.53298 
Latency(us)/Energy(mJ): 62 0.214747 0.0314096 0.0174193 0.0743407 
Latency(us)/Energy(mJ): 1 0 0 0 0 
Latency(us)/Energy(mJ): 21524 114.659 14.7569 8.20433 43.3501 
Latency(us)/Energy(mJ): 59 0.187304 0.0206424 0.012893 0.0731621 
Latency(us)/Energy(mJ): 1 0.250514 0.0276086 0.0172441 0.0978521 
Latency(us)/Energy(mJ): 9521 53.5385 5.80564 3.62614 20.9611 
Latency(us)/Energy(mJ): 72 0.194021 0.0209474 0.0130835 0.0768529 
0.5948 - "n02085620 Chihuahua"
0.0656 - "n02110806 basenji"
0.0383 - "n02113023 Pembroke, Pembroke Welsh corgi"
0.0311 - "n02091244 Ibizan hound, Ibizan Podenco"
0.0298 - "n02389026 sorrel"
