loading weight: /home/nvidia/caffe-build/models/bvlc_alexnet/bvlc_alexnet.caffemodel
loading prototxt: /home/nvidia/caffe-build/models/bvlc_alexnet/deploy.prototxt
---------- Prediction for /home/nvidia/Downloads/ILSVRC2012_img_train_t3/n02085620/n02085620_1152.JPEG ----------
Latency(us)/Energy(mJ): 0 0 0 0 0 
Latency(us)/Energy(mJ): 229 1.01072 0.0583444 0.158202 0.349825 
Latency(us)/Energy(mJ): 23 0 0 0 0 
Latency(us)/Energy(mJ): 54 0.335156 0.0247665 0.0509204 0.113404 
Latency(us)/Energy(mJ): 51 0.210176 0.0174727 0.0315058 0.0701658 
Latency(us)/Energy(mJ): 1032 5.10679 0.743445 0.705082 1.61066 
Latency(us)/Energy(mJ): 23 0.151384 0.0282918 0.0195932 0.0458316 
Latency(us)/Energy(mJ): 43 0.244526 0.0488503 0.0314234 0.0735042 
Latency(us)/Energy(mJ): 44 0.154119 0.0305662 0.0196619 0.0459923 
Latency(us)/Energy(mJ): 1124 6.64458 1.63991 0.786564 1.87067 
Latency(us)/Energy(mJ): 27 0.175776 0.0480194 0.0196196 0.0481338 
Latency(us)/Energy(mJ): 995 6.58297 1.94647 0.684779 1.79303 
Latency(us)/Energy(mJ): 35 0.200379 0.0631305 0.0195784 0.0540548 
Latency(us)/Energy(mJ): 687 4.79004 1.54644 0.453021 1.29657 
Latency(us)/Energy(mJ): 35 0.551912 0.185379 0.0505445 0.149423 
Latency(us)/Energy(mJ): 40 0 0 0 0 
Latency(us)/Energy(mJ): 629 5.09627 1.71032 0.45656 1.38338 
Latency(us)/Energy(mJ): 29 0 0 0 0 
Latency(us)/Energy(mJ): 0 0 0 0 0 
Latency(us)/Energy(mJ): 4598 41.474 13.3965 3.16175 12.3555 
Latency(us)/Energy(mJ): 31 0.455063 0.145253 0.0311127 0.141665 
Latency(us)/Energy(mJ): 0 0 0 0 0 
Latency(us)/Energy(mJ): 2017 20.6969 6.5262 1.36947 6.55326 
Latency(us)/Energy(mJ): 38 0.481661 0.151777 0.0310442 0.155221 
0.5948 - "n02085620 Chihuahua"
0.0656 - "n02110806 basenji"
0.0383 - "n02113023 Pembroke, Pembroke Welsh corgi"
0.0311 - "n02091244 Ibizan hound, Ibizan Podenco"
0.0298 - "n02389026 sorrel"
