loading weight: /home/nvidia/caffe-build/models/bvlc_alexnet/bvlc_alexnet.caffemodel
loading prototxt: /home/nvidia/caffe-build/models/bvlc_alexnet/deploy.prototxt
---------- Prediction for /home/nvidia/Downloads/ILSVRC2012_img_train_t3/n02085620/n02085620_1152.JPEG ----------
Latency(us)/Energy(mJ): 0 0 0 0 0 
Latency(us)/Energy(mJ): 320 1.24486 0.083967 0.0975512 0.449531 
Latency(us)/Energy(mJ): 39 0 0 0 0 
Latency(us)/Energy(mJ): 77 0.317302 0.0297332 0.0238022 0.110661 
Latency(us)/Energy(mJ): 76 0.510165 0.059319 0.0372405 0.174607 
Latency(us)/Energy(mJ): 977 4.4597 0.811403 0.292178 1.41646 
Latency(us)/Energy(mJ): 39 0.230485 0.0519601 0.0138409 0.0685692 
Latency(us)/Energy(mJ): 63 0.398187 0.0946031 0.0236314 0.117933 
Latency(us)/Energy(mJ): 67 0.167143 0.0417375 0.0098149 0.0492354 
Latency(us)/Energy(mJ): 943 5.40399 1.57973 0.295533 1.50591 
Latency(us)/Energy(mJ): 42 0.186385 0.060102 0.0096075 0.0506205 
Latency(us)/Energy(mJ): 990 6.46493 2.18641 0.305787 1.74065 
Latency(us)/Energy(mJ): 49 0.314223 0.111065 0.0138775 0.084448 
Latency(us)/Energy(mJ): 631 4.68514 1.72203 0.198152 1.24525 
Latency(us)/Energy(mJ): 47 0.331785 0.125196 0.0135359 0.0883162 
Latency(us)/Energy(mJ): 54 0.234437 0.0880152 0.009516 0.062088 
Latency(us)/Energy(mJ): 746 5.82502 2.17632 0.236814 1.55249 
Latency(us)/Energy(mJ): 45 0.343163 0.128186 0.0138592 0.093879 
Latency(us)/Energy(mJ): 1 0 0 0 0 
Latency(us)/Energy(mJ): 4537 40.3489 14.4684 1.38015 11.9039 
Latency(us)/Energy(mJ): 43 0.319592 0.112166 0.00973408 0.099262 
Latency(us)/Energy(mJ): 0 0 0 0 0 
Latency(us)/Energy(mJ): 2014 20.7495 7.2243 0.609994 6.51825 
Latency(us)/Energy(mJ): 55 0.825762 0.285314 0.0235357 0.262222 
0.5948 - "n02085620 Chihuahua"
0.0656 - "n02110806 basenji"
0.0383 - "n02113023 Pembroke, Pembroke Welsh corgi"
0.0311 - "n02091244 Ibizan hound, Ibizan Podenco"
0.0298 - "n02389026 sorrel"
