loading weight: /home/nvidia/caffe-build/models/bvlc_alexnet/bvlc_alexnet.caffemodel
loading prototxt: /home/nvidia/caffe-build/models/bvlc_alexnet/deploy.prototxt
---------- Prediction for /home/nvidia/caffe-build/examples/images/cat.jpg ----------
Latency(us)/Energy(mJ): 0 0 0 0 0 
Latency(us)/Energy(mJ): 8893 31.968 1.8307 14.5123 5.6165 
Latency(us)/Energy(mJ): 23 0 0 0 0 
Latency(us)/Energy(mJ): 247 1.09184 0.0917135 0.482323 0.195756 
Latency(us)/Energy(mJ): 75 0.266334 0.0223718 0.117653 0.0477508 
Latency(us)/Energy(mJ): 12617 46.6603 4.75075 19.0926 8.33302 
Latency(us)/Energy(mJ): 20 0 0 0 0 
Latency(us)/Energy(mJ): 163 0.713797 0.0872948 0.276561 0.124081 
Latency(us)/Energy(mJ): 62 0 0 0 0 
Latency(us)/Energy(mJ): 10407 38.9039 5.04171 15.2015 6.71287 
Latency(us)/Energy(mJ): 20 0 0 0 0 
Latency(us)/Energy(mJ): 8152 29.8942 4.36553 11.4469 4.80587 
Latency(us)/Energy(mJ): 19 0 0 0 0 
Latency(us)/Energy(mJ): 5023 18.1917 2.67539 6.88889 2.84465 
Latency(us)/Energy(mJ): 19 0.273414 0.0402102 0.103537 0.0417915 
Latency(us)/Energy(mJ): 41 0 0 0 0 
Latency(us)/Energy(mJ): 4142 15.0714 2.21234 5.69656 2.45162 
Latency(us)/Energy(mJ): 19 0 0 0 0 
Latency(us)/Energy(mJ): 1 0 0 0 0 
Latency(us)/Energy(mJ): 21845 92.3711 12.4134 30.1107 21.4909 
Latency(us)/Energy(mJ): 19 0 0 0 0 
Latency(us)/Energy(mJ): 1 0 0 0 0 
Latency(us)/Energy(mJ): 9456 43.671 5.75819 12.9489 11.8705 
Latency(us)/Energy(mJ): 141 0.884445 0.115051 0.258724 0.248933 
0.3094 - "n02124075 Egyptian cat"
0.1761 - "n02123159 tiger cat"
0.1221 - "n02123045 tabby, tabby cat"
0.1132 - "n02119022 red fox, Vulpes vulpes"
0.0421 - "n02085620 Chihuahua"
