loading weight: /home/nvidia/caffe-build/models/bvlc_alexnet/bvlc_alexnet.caffemodel
loading prototxt: /home/nvidia/caffe-build/models/bvlc_alexnet/deploy.prototxt
---------- Prediction for /home/nvidia/Downloads/ILSVRC2012_img_train_t3/n02085620/n02085620_1152.JPEG ----------
Latency(us)/Energy(mJ): 0 0 0 0 0 
Latency(us)/Energy(mJ): 275 1.09572 0.0385013 0.201247 0.371774 
Latency(us)/Energy(mJ): 23 0 0 0 0 
Latency(us)/Energy(mJ): 61 0.344146 0.0169964 0.0623448 0.115041 
Latency(us)/Energy(mJ): 59 0.339173 0.0166666 0.0611352 0.112809 
Latency(us)/Energy(mJ): 1503 7.37936 0.678283 1.26005 2.36962 
Latency(us)/Energy(mJ): 24 0 0 0 0 
Latency(us)/Energy(mJ): 48 0.372191 0.044042 0.060648 0.117397 
Latency(us)/Energy(mJ): 52 0.236535 0.031286 0.0382536 0.074048 
Latency(us)/Energy(mJ): 1821 9.79926 1.57618 1.52105 2.95436 
Latency(us)/Energy(mJ): 31 0.253505 0.0448186 0.037906 0.0751795 
Latency(us)/Energy(mJ): 1436 8.45943 1.66457 1.1938 2.5191 
Latency(us)/Energy(mJ): 31 0.166968 0.035019 0.020601 0.049599 
Latency(us)/Energy(mJ): 1029 6.65855 1.4528 0.799273 1.99909 
Latency(us)/Energy(mJ): 31 0.17748 0.0394128 0.0207536 0.0530672 
Latency(us)/Energy(mJ): 43 0.293756 0.065234 0.0343503 0.0887344 
Latency(us)/Energy(mJ): 1735 11.287 2.51651 1.31901 3.42583 
Latency(us)/Energy(mJ): 33 0.292564 0.0619223 0.0344113 0.0914628 
Latency(us)/Energy(mJ): 0 0 0 0 0 
Latency(us)/Energy(mJ): 5390 40.7329 8.58842 4.1038 13.7502 
Latency(us)/Energy(mJ): 34 0.381698 0.0794109 0.0345186 0.13522 
Latency(us)/Energy(mJ): 0 0 0 0 0 
Latency(us)/Energy(mJ): 2434 21.115 4.37604 1.85032 7.58071 
Latency(us)/Energy(mJ): 36 0.241402 0.0494927 0.0206197 0.0880262 
0.5948 - "n02085620 Chihuahua"
0.0656 - "n02110806 basenji"
0.0383 - "n02113023 Pembroke, Pembroke Welsh corgi"
0.0311 - "n02091244 Ibizan hound, Ibizan Podenco"
0.0298 - "n02389026 sorrel"
