loading weight: /home/nvidia/caffe-build/models/bvlc_alexnet/bvlc_alexnet.caffemodel
loading prototxt: /home/nvidia/caffe-build/models/bvlc_alexnet/deploy.prototxt
---------- Prediction for /home/nvidia/Downloads/ILSVRC2012_img_train_t3/n02085620/n02085620_1152.JPEG ----------
Latency(us)/Energy(mJ): 0 0 0 0 0 
Latency(us)/Energy(mJ): 327 1.41179 0.0473466 0.386233 0.406689 
Latency(us)/Energy(mJ): 30 0.215785 0.0103508 0.0586696 0.062376 
Latency(us)/Energy(mJ): 70 0.349736 0.0166437 0.0943386 0.100298 
Latency(us)/Energy(mJ): 60 0.351357 0.0166391 0.0943127 0.100271 
Latency(us)/Energy(mJ): 1692 8.70177 0.759207 2.20586 2.44008 
Latency(us)/Energy(mJ): 27 0 0 0 0 
Latency(us)/Energy(mJ): 52 0.391705 0.0443714 0.0943438 0.108746 
Latency(us)/Energy(mJ): 52 0.243294 0.0275598 0.0585985 0.0675441 
Latency(us)/Energy(mJ): 2044 11.5812 1.71278 2.59155 3.11434 
Latency(us)/Energy(mJ): 31 0 0 0 0 
Latency(us)/Energy(mJ): 1657 10.279 1.87443 2.04749 2.78969 
Latency(us)/Energy(mJ): 44 0.289476 0.0550952 0.0551404 0.0794816 
Latency(us)/Energy(mJ): 1116 7.35864 1.47845 1.36625 2.03126 
Latency(us)/Energy(mJ): 48 0.303429 0.0620321 0.0551648 0.0847125 
Latency(us)/Energy(mJ): 57 0.489731 0.100119 0.0890353 0.137584 
Latency(us)/Energy(mJ): 821 5.64602 1.18736 1.00982 1.58691 
Latency(us)/Energy(mJ): 33 0 0 0 0 
Latency(us)/Energy(mJ): 1 0 0 0 0 
Latency(us)/Energy(mJ): 5899 46.9081 9.32556 6.96748 14.8871 
Latency(us)/Energy(mJ): 34 0.635966 0.12208 0.0832561 0.214587 
Latency(us)/Energy(mJ): 1 0 0 0 0 
Latency(us)/Energy(mJ): 2600 23.3204 4.45482 2.96629 8.00812 
Latency(us)/Energy(mJ): 41 0.254213 0.0484954 0.0316382 0.0884376 
0.5948 - "n02085620 Chihuahua"
0.0656 - "n02110806 basenji"
0.0383 - "n02113023 Pembroke, Pembroke Welsh corgi"
0.0311 - "n02091244 Ibizan hound, Ibizan Podenco"
0.0298 - "n02389026 sorrel"
