loading weight: /home/nvidia/caffe-build/models/bvlc_alexnet/bvlc_alexnet.caffemodel
loading prototxt: /home/nvidia/caffe-build/models/bvlc_alexnet/deploy.prototxt
---------- Prediction for /home/nvidia/caffe-build/examples/images/cat.jpg ----------
Latency(us)/Energy(mJ): 0 0 0 0 0 
Latency(us)/Energy(mJ): 3089 10.7141 0.605561 0.943121 4.24049 
Latency(us)/Energy(mJ): 59 0 0 0 0 
Latency(us)/Energy(mJ): 238 1.06094 0.109328 0.087291 0.405832 
Latency(us)/Energy(mJ): 122 0.425749 0.0438727 0.0350292 0.16481 
Latency(us)/Energy(mJ): 2347 9.35344 1.21161 0.723658 3.48195 
Latency(us)/Energy(mJ): 47 0 0 0 0 
Latency(us)/Energy(mJ): 200 0.829469 0.13685 0.060756 0.300991 
Latency(us)/Energy(mJ): 111 0.351025 0.0579141 0.0257115 0.127377 
Latency(us)/Energy(mJ): 1866 8.16402 1.43912 0.577578 2.88766 
Latency(us)/Energy(mJ): 46 0.371845 0.070476 0.0255895 0.128367 
Latency(us)/Energy(mJ): 1577 7.14832 1.48835 0.483517 2.43342 
Latency(us)/Energy(mJ): 47 0 0 0 0 
Latency(us)/Energy(mJ): 1134 5.49739 1.24213 0.361242 1.83582 
Latency(us)/Energy(mJ): 45 0 0 0 0 
Latency(us)/Energy(mJ): 74 0.535693 0.121919 0.0347853 0.176778 
Latency(us)/Energy(mJ): 1295 6.00791 1.36549 0.389592 2.00935 
Latency(us)/Energy(mJ): 50 0.547606 0.121652 0.034709 0.187201 
Latency(us)/Energy(mJ): 1 0 0 0 0 
Latency(us)/Energy(mJ): 4953 26.9151 6.34835 1.5042 9.43472 
Latency(us)/Energy(mJ): 49 0.510223 0.12267 0.025803 0.182905 
Latency(us)/Energy(mJ): 1 0 0 0 0 
Latency(us)/Energy(mJ): 2129 13.0965 3.1398 0.636535 4.72594 
Latency(us)/Energy(mJ): 303 1.8309 0.451203 0.0859033 0.668074 
0.3094 - "n02124075 Egyptian cat"
0.1761 - "n02123159 tiger cat"
0.1221 - "n02123045 tabby, tabby cat"
0.1132 - "n02119022 red fox, Vulpes vulpes"
0.0421 - "n02085620 Chihuahua"
